2026-01-16 17:58:26,609 - MMSA [INFO] - ======================================== Program Start ========================================
2026-01-16 17:58:26,695 - MMSA [INFO] - Running with args:
2026-01-16 17:58:26,695 - MMSA [INFO] - {'model_name': 'msalm', 'dataset_name': 'mosei', 'featurePath': '/leonardo_work/EUHPC_A04_051/alexfil/MSA-Datasets/CMU-MOSEI/Processed/unaligned_50.pkl', 'seq_lens': [50, 500, 375], 'feature_dims': [768, 74, 35], 'train_samples': 16326, 'num_classes': 3, 'language': 'en', 'KeyEval': 'Loss', 'missing_rate': [0.0, 0.0, 0.0], 'missing_seed': [1111, 1111, 1111], 'need_data_aligned': False, 'need_model_aligned': False, 'early_stop': 10, 'use_bert': False, 'use_bert_finetune': False, 'attn_mask': True, 'excludeZero': True, 'update_epochs': 8, 'use_augmentation': False, 'use_m3xup': False, 'hfPath': False, 'use_ulgm': False, 'update_labels_patience': 1, 'H': 3.0, 'del_model': True, 'max_token_len': 50, 'pad_token': '<|endoftext|>', 'lm': '/leonardo_work/EUHPC_A04_051/alexfil/gpt2-large', 'use_bf16': False, 'task_out': 1, 'use_clm': True, 'gamma': 1.0, 'l_bn': 1.0, 'l_av': 1.0, 'l_t': 1.0, 'warmup_epochs': 1, 'max_epochs': 20, 'beta_1': 0.9, 'beta_2': 0.95, 'use_lnorm': True, 'rescale': False, 'rescaler': 'sqrt', 'use_seqaug': True, 'n_bn_fusion': 12, 'modded_loss': True, 'embedding_attr_name': 'transformer.wte', 'decoder_layers_attr_name': 'transformer.h', 'mmgpt': {'type': 'gpt2', 'd_out': 64, 'combine': True, 'dropout': 0.1, 'mm_layer': [7, 14, 21, 28, 35], 'top_k': 3, 'layer_dropout': 0.0, 'dense': True, 'tie_ffn': True, 'n_embd': 1280, 'bias': True, 'kv_dim': 30, 'n_head': 16, 'd_mm': 1280, 'gating': 'sigmoid', 'init_gate': [0.0, 0.0, 0.0, 0.0, 0.0, 0.0, 0.0, 0.0, 0.0, 0.0], 'use_softperm': True, 'p_perm': 0.3, 'p_apply': 0.25, 'use_lora': False, 'lora': {'lora_alpha': 128, 'r': 64, 'lora_dropout': 0.05}}, 'av_enc': {'finetune': True, 'from_pretrained': True, 'path_to_pretrained': '/leonardo_work/EUHPC_A04_051/alexfil/DeepMLF-Reprod/checkpoints/bienc-mosei-1990/bienc-mosei-1990.pth', 'feature_dims': [768, 74, 35], 'd_enc': 30, 'n_embd': 30, 'n_head': 6, 'nlevels': 3, 'd_enc_out': 30, 'maxlen': 50, 'p_mask': 0.15, 'enc_attn_dropout': 0.1, 'enc_res_dropout': 0.1, 'enc_dropout': 0.1, 'use_softperm': True, 'p_perm': 0.2, 'mask_perm_ratio': 0.5, 'tf_fusion': False, 'use_bn': False, 'use_ln': False}, 'gpt': {'vocab_size': 50257, 'block_size': 1024, 'bias': True, 'n_embd': 1024, 'n_layer': 24, 'n_head': 16, 'dropout': 0.0}, 'batch_size': 32, 'grad_clip': 5.0, 'patience': 10, 'weight_decay_mmgpt': 0.1, 'weight_decay_av': 0.1, 'learning_rate_av': 0.0002, 'learning_rate_mmgpt': 0.0002, 'device': device(type='cuda', index=0), 'train_mode': 'regression', 'custom_feature': None, 'feature_T': '', 'feature_A': '', 'feature_V': ''}
2026-01-16 17:58:26,695 - MMSA [INFO] - Seeds: [1990, 1991, 1992, 1993, 1994]
2026-01-16 17:58:26,696 - MMSA [INFO] - ------------------------------ Running with seed 1990 [1/5] ------------------------------
2026-01-16 18:10:04,467 - MMSA [INFO] - The model has 914780556 trainable parameters
2026-01-16 18:14:42,030 - MMSA [INFO] - TRAIN-(msalm) [1/1/1] >> loss: 0.7403  Has0_acc_2: 0.7123  Has0_F1_score: 0.7189  Non0_acc_2: 0.7295  Non0_F1_score: 0.7273  Mult_acc_5: 0.4367  Mult_acc_7: 0.4324  MAE: 0.7408  Corr: 0.4976  clm loss: 4.146 total loss: 7.3761 bn loss: 0.7999 av loss: 0.8499 text loss: 0.8399
2026-01-16 18:14:51,118 - MMSA [INFO] - VAL-(msalm) >>  Has0_acc_2: 0.8049  Has0_F1_score: 0.8091  Non0_acc_2: 0.8282  Non0_F1_score: 0.8266  Mult_acc_5: 0.5077  Mult_acc_7: 0.4971  MAE: 0.5733  Corr: 0.6972  Loss: 0.5733 
2026-01-16 18:19:31,801 - MMSA [INFO] - TRAIN-(msalm) [1/2/1] >> loss: 0.5704  Has0_acc_2: 0.7964  Has0_F1_score: 0.8024  Non0_acc_2: 0.8391  Non0_F1_score: 0.8390  Mult_acc_5: 0.5344  Mult_acc_7: 0.5169  MAE: 0.5703  Corr: 0.7422  clm loss: 3.6802 total loss: 6.235 bn loss: 0.5702 av loss: 0.7987 text loss: 0.6154
2026-01-16 18:19:40,550 - MMSA [INFO] - VAL-(msalm) >>  Has0_acc_2: 0.8327  Has0_F1_score: 0.8360  Non0_acc_2: 0.8554  Non0_F1_score: 0.8542  Mult_acc_5: 0.5708  Mult_acc_7: 0.5596  MAE: 0.5013  Corr: 0.7669  Loss: 0.5008 
2026-01-16 18:24:22,799 - MMSA [INFO] - TRAIN-(msalm) [1/3/1] >> loss: 0.506  Has0_acc_2: 0.8245  Has0_F1_score: 0.8292  Non0_acc_2: 0.8706  Non0_F1_score: 0.8703  Mult_acc_5: 0.5833  Mult_acc_7: 0.5617  MAE: 0.5063  Corr: 0.7960  clm loss: 3.5286 total loss: 5.8686 bn loss: 0.5064 av loss: 0.7941 text loss: 0.5335
2026-01-16 18:24:31,884 - MMSA [INFO] - VAL-(msalm) >>  Has0_acc_2: 0.8252  Has0_F1_score: 0.8316  Non0_acc_2: 0.8595  Non0_F1_score: 0.8605  Mult_acc_5: 0.5831  Mult_acc_7: 0.5681  MAE: 0.4904  Corr: 0.7741  Loss: 0.4920 
2026-01-16 18:29:13,329 - MMSA [INFO] - TRAIN-(msalm) [1/4/1] >> loss: 0.4648  Has0_acc_2: 0.8356  Has0_F1_score: 0.8402  Non0_acc_2: 0.8878  Non0_F1_score: 0.8875  Mult_acc_5: 0.6174  Mult_acc_7: 0.5941  MAE: 0.4647  Corr: 0.8287  clm loss: 3.453 total loss: 5.6526 bn loss: 0.4662 av loss: 0.7933 text loss: 0.4753
2026-01-16 18:29:22,416 - MMSA [INFO] - VAL-(msalm) >>  Has0_acc_2: 0.8247  Has0_F1_score: 0.8302  Non0_acc_2: 0.8581  Non0_F1_score: 0.8582  Mult_acc_5: 0.5933  Mult_acc_7: 0.5783  MAE: 0.4794  Corr: 0.7889  Loss: 0.4780 
2026-01-16 18:34:04,562 - MMSA [INFO] - TRAIN-(msalm) [1/5/1] >> loss: 0.4242  Has0_acc_2: 0.8463  Has0_F1_score: 0.8508  Non0_acc_2: 0.9062  Non0_F1_score: 0.9061  Mult_acc_5: 0.6476  Mult_acc_7: 0.6229  MAE: 0.4241  Corr: 0.8575  clm loss: 3.3728 total loss: 5.4425 bn loss: 0.4301 av loss: 0.7887 text loss: 0.4268
2026-01-16 18:34:13,448 - MMSA [INFO] - VAL-(msalm) >>  Has0_acc_2: 0.7942  Has0_F1_score: 0.8042  Non0_acc_2: 0.8498  Non0_F1_score: 0.8519  Mult_acc_5: 0.5778  Mult_acc_7: 0.5628  MAE: 0.4917  Corr: 0.7802  Loss: 0.4908 
2026-01-16 18:38:49,835 - MMSA [INFO] - TRAIN-(msalm) [2/6/1] >> loss: 0.3879  Has0_acc_2: 0.8529  Has0_F1_score: 0.8574  Non0_acc_2: 0.9193  Non0_F1_score: 0.9192  Mult_acc_5: 0.6811  Mult_acc_7: 0.6557  MAE: 0.3882  Corr: 0.8800  clm loss: 3.3235 total loss: 5.2744 bn loss: 0.3918 av loss: 0.788 text loss: 0.3832
2026-01-16 18:38:58,646 - MMSA [INFO] - VAL-(msalm) >>  Has0_acc_2: 0.8316  Has0_F1_score: 0.8360  Non0_acc_2: 0.8602  Non0_F1_score: 0.8597  Mult_acc_5: 0.5794  Mult_acc_7: 0.5649  MAE: 0.4930  Corr: 0.7754  Loss: 0.4928 
2026-01-16 18:43:35,194 - MMSA [INFO] - TRAIN-(msalm) [3/7/1] >> loss: 0.3572  Has0_acc_2: 0.8624  Has0_F1_score: 0.8668  Non0_acc_2: 0.9327  Non0_F1_score: 0.9327  Mult_acc_5: 0.7065  Mult_acc_7: 0.6798  MAE: 0.3570  Corr: 0.8998  clm loss: 3.2793 total loss: 5.1283 bn loss: 0.3617 av loss: 0.7863 text loss: 0.3438
2026-01-16 18:43:43,979 - MMSA [INFO] - VAL-(msalm) >>  Has0_acc_2: 0.8215  Has0_F1_score: 0.8272  Non0_acc_2: 0.8547  Non0_F1_score: 0.8548  Mult_acc_5: 0.5692  Mult_acc_7: 0.5553  MAE: 0.5010  Corr: 0.7745  Loss: 0.5014 
2026-01-16 18:48:20,406 - MMSA [INFO] - TRAIN-(msalm) [4/8/1] >> loss: 0.3334  Has0_acc_2: 0.8629  Has0_F1_score: 0.8674  Non0_acc_2: 0.9380  Non0_F1_score: 0.9380  Mult_acc_5: 0.7231  Mult_acc_7: 0.6981  MAE: 0.3334  Corr: 0.9132  clm loss: 3.2365 total loss: 5.0066 bn loss: 0.3354 av loss: 0.7861 text loss: 0.3152
2026-01-16 18:48:29,551 - MMSA [INFO] - VAL-(msalm) >>  Has0_acc_2: 0.8338  Has0_F1_score: 0.8381  Non0_acc_2: 0.8616  Non0_F1_score: 0.8612  Mult_acc_5: 0.5719  Mult_acc_7: 0.5575  MAE: 0.4935  Corr: 0.7747  Loss: 0.4942 
2026-01-16 18:53:05,870 - MMSA [INFO] - TRAIN-(msalm) [5/9/1] >> loss: 0.3159  Has0_acc_2: 0.8719  Has0_F1_score: 0.8759  Non0_acc_2: 0.9466  Non0_F1_score: 0.9465  Mult_acc_5: 0.7434  Mult_acc_7: 0.7178  MAE: 0.3154  Corr: 0.9229  clm loss: 3.197 total loss: 4.9018 bn loss: 0.3125 av loss: 0.7839 text loss: 0.2926
2026-01-16 18:53:14,713 - MMSA [INFO] - VAL-(msalm) >>  Has0_acc_2: 0.8407  Has0_F1_score: 0.8428  Non0_acc_2: 0.8567  Non0_F1_score: 0.8551  Mult_acc_5: 0.5559  Mult_acc_7: 0.5377  MAE: 0.5219  Corr: 0.7676  Loss: 0.5237 
2026-01-16 18:57:50,974 - MMSA [INFO] - TRAIN-(msalm) [6/10/1] >> loss: 0.2949  Has0_acc_2: 0.8720  Has0_F1_score: 0.8763  Non0_acc_2: 0.9514  Non0_F1_score: 0.9514  Mult_acc_5: 0.7663  Mult_acc_7: 0.7405  MAE: 0.2945  Corr: 0.9312  clm loss: 3.1616 total loss: 4.8 bn loss: 0.2895 av loss: 0.7826 text loss: 0.2714
2026-01-16 18:57:59,777 - MMSA [INFO] - VAL-(msalm) >>  Has0_acc_2: 0.8097  Has0_F1_score: 0.8172  Non0_acc_2: 0.8526  Non0_F1_score: 0.8534  Mult_acc_5: 0.5751  Mult_acc_7: 0.5601  MAE: 0.4955  Corr: 0.7735  Loss: 0.4961 
2026-01-16 19:02:35,953 - MMSA [INFO] - TRAIN-(msalm) [7/11/1] >> loss: 0.2811  Has0_acc_2: 0.8690  Has0_F1_score: 0.8735  Non0_acc_2: 0.9541  Non0_F1_score: 0.9541  Mult_acc_5: 0.7789  Mult_acc_7: 0.7538  MAE: 0.2808  Corr: 0.9362  clm loss: 3.1304 total loss: 4.7209 bn loss: 0.2726 av loss: 0.7822 text loss: 0.2546
2026-01-16 19:02:44,761 - MMSA [INFO] - VAL-(msalm) >>  Has0_acc_2: 0.8135  Has0_F1_score: 0.8209  Non0_acc_2: 0.8519  Non0_F1_score: 0.8531  Mult_acc_5: 0.5655  Mult_acc_7: 0.5516  MAE: 0.5014  Corr: 0.7728  Loss: 0.5010 
2026-01-16 19:07:21,363 - MMSA [INFO] - TRAIN-(msalm) [8/12/1] >> loss: 0.2735  Has0_acc_2: 0.8734  Has0_F1_score: 0.8777  Non0_acc_2: 0.9573  Non0_F1_score: 0.9573  Mult_acc_5: 0.7794  Mult_acc_7: 0.7536  MAE: 0.2735  Corr: 0.9418  clm loss: 3.0991 total loss: 4.6399 bn loss: 0.2523 av loss: 0.7809 text loss: 0.2341
2026-01-16 19:07:30,485 - MMSA [INFO] - VAL-(msalm) >>  Has0_acc_2: 0.8306  Has0_F1_score: 0.8358  Non0_acc_2: 0.8637  Non0_F1_score: 0.8638  Mult_acc_5: 0.5660  Mult_acc_7: 0.5500  MAE: 0.5074  Corr: 0.7669  Loss: 0.5072 
2026-01-16 19:12:06,752 - MMSA [INFO] - TRAIN-(msalm) [9/13/1] >> loss: 0.2567  Has0_acc_2: 0.8716  Has0_F1_score: 0.8762  Non0_acc_2: 0.9625  Non0_F1_score: 0.9625  Mult_acc_5: 0.7943  Mult_acc_7: 0.7693  MAE: 0.2567  Corr: 0.9489  clm loss: 3.0712 total loss: 4.5689 bn loss: 0.2385 av loss: 0.7804 text loss: 0.2222
2026-01-16 19:12:15,566 - MMSA [INFO] - VAL-(msalm) >>  Has0_acc_2: 0.8215  Has0_F1_score: 0.8282  Non0_acc_2: 0.8616  Non0_F1_score: 0.8624  Mult_acc_5: 0.5703  Mult_acc_7: 0.5569  MAE: 0.4979  Corr: 0.7723  Loss: 0.4981 
2026-01-16 19:16:52,063 - MMSA [INFO] - TRAIN-(msalm) [10/14/1] >> loss: 0.2518  Has0_acc_2: 0.8825  Has0_F1_score: 0.8865  Non0_acc_2: 0.9682  Non0_F1_score: 0.9682  Mult_acc_5: 0.8045  Mult_acc_7: 0.7794  MAE: 0.2504  Corr: 0.9510  clm loss: 3.0476 total loss: 4.5206 bn loss: 0.2272 av loss: 0.7802 text loss: 0.2137
2026-01-16 19:17:00,894 - MMSA [INFO] - VAL-(msalm) >>  Has0_acc_2: 0.8407  Has0_F1_score: 0.8441  Non0_acc_2: 0.8637  Non0_F1_score: 0.8629  Mult_acc_5: 0.5665  Mult_acc_7: 0.5505  MAE: 0.5146  Corr: 0.7715  Loss: 0.5139 
2026-01-16 19:17:22,478 - MMSA [INFO] - TEST-(msalm) >>  Has0_acc_2: 0.8225  Has0_F1_score: 0.8276  Non0_acc_2: 0.8649  Non0_F1_score: 0.8649  Mult_acc_5: 0.5735  Mult_acc_7: 0.5533  MAE: 0.5025  Corr: 0.8026  Loss: 0.5022 
2026-01-16 19:17:24,740 - MMSA [INFO] - Result for seed 1990: {'Has0_acc_2': 0.8225, 'Has0_F1_score': 0.8276, 'Non0_acc_2': 0.8649, 'Non0_F1_score': 0.8649, 'Mult_acc_5': 0.5735, 'Mult_acc_7': 0.5533, 'MAE': 0.5025, 'Corr': 0.8026, 'Loss': 0.5022, 'seed': 1990}
2026-01-16 19:17:24,742 - MMSA [INFO] - ------------------------------ Running with seed 1991 [2/5] ------------------------------
2026-01-16 19:29:11,991 - MMSA [INFO] - The model has 914780556 trainable parameters
2026-01-16 19:33:48,552 - MMSA [INFO] - TRAIN-(msalm) [1/1/2] >> loss: 0.7581  Has0_acc_2: 0.7222  Has0_F1_score: 0.7202  Non0_acc_2: 0.7209  Non0_F1_score: 0.7106  Mult_acc_5: 0.4248  Mult_acc_7: 0.4214  MAE: 0.7580  Corr: 0.4709  clm loss: 4.1548 total loss: 7.4466 bn loss: 0.8314 av loss: 0.8351 text loss: 0.8672
2026-01-16 19:33:57,413 - MMSA [INFO] - VAL-(msalm) >>  Has0_acc_2: 0.7969  Has0_F1_score: 0.8042  Non0_acc_2: 0.8317  Non0_F1_score: 0.8322  Mult_acc_5: 0.5152  Mult_acc_7: 0.4987  MAE: 0.5774  Corr: 0.6930  Loss: 0.5777 
2026-01-16 19:38:38,505 - MMSA [INFO] - TRAIN-(msalm) [1/2/2] >> loss: 0.5672  Has0_acc_2: 0.7979  Has0_F1_score: 0.8035  Non0_acc_2: 0.8385  Non0_F1_score: 0.8381  Mult_acc_5: 0.5387  Mult_acc_7: 0.5212  MAE: 0.5670  Corr: 0.7411  clm loss: 3.6595 total loss: 6.2123 bn loss: 0.5719 av loss: 0.8007 text loss: 0.613
2026-01-16 19:38:47,365 - MMSA [INFO] - VAL-(msalm) >>  Has0_acc_2: 0.8129  Has0_F1_score: 0.8196  Non0_acc_2: 0.8644  Non0_F1_score: 0.8643  Mult_acc_5: 0.5714  Mult_acc_7: 0.5585  MAE: 0.5003  Corr: 0.7614  Loss: 0.5003 
2026-01-16 19:43:28,972 - MMSA [INFO] - TRAIN-(msalm) [1/3/2] >> loss: 0.5024  Has0_acc_2: 0.8261  Has0_F1_score: 0.8310  Non0_acc_2: 0.8721  Non0_F1_score: 0.8720  Mult_acc_5: 0.5872  Mult_acc_7: 0.5658  MAE: 0.5024  Corr: 0.7983  clm loss: 3.5175 total loss: 5.854 bn loss: 0.5095 av loss: 0.7945 text loss: 0.5301
2026-01-16 19:43:37,882 - MMSA [INFO] - VAL-(msalm) >>  Has0_acc_2: 0.8306  Has0_F1_score: 0.8364  Non0_acc_2: 0.8686  Non0_F1_score: 0.8690  Mult_acc_5: 0.5869  Mult_acc_7: 0.5708  MAE: 0.4943  Corr: 0.7737  Loss: 0.4943 
2026-01-16 19:48:19,187 - MMSA [INFO] - TRAIN-(msalm) [1/4/2] >> loss: 0.4585  Has0_acc_2: 0.8411  Has0_F1_score: 0.8455  Non0_acc_2: 0.8943  Non0_F1_score: 0.8941  Mult_acc_5: 0.6182  Mult_acc_7: 0.5940  MAE: 0.4589  Corr: 0.8334  clm loss: 3.4306 total loss: 5.6126 bn loss: 0.4623 av loss: 0.791 text loss: 0.4703
2026-01-16 19:48:28,413 - MMSA [INFO] - VAL-(msalm) >>  Has0_acc_2: 0.8284  Has0_F1_score: 0.8332  Non0_acc_2: 0.8658  Non0_F1_score: 0.8652  Mult_acc_5: 0.5895  Mult_acc_7: 0.5762  MAE: 0.4857  Corr: 0.7754  Loss: 0.4849 
2026-01-16 19:53:10,688 - MMSA [INFO] - TRAIN-(msalm) [1/5/2] >> loss: 0.4209  Has0_acc_2: 0.8484  Has0_F1_score: 0.8529  Non0_acc_2: 0.9081  Non0_F1_score: 0.9080  Mult_acc_5: 0.6505  Mult_acc_7: 0.6247  MAE: 0.4210  Corr: 0.8604  clm loss: 3.3732 total loss: 5.4289 bn loss: 0.4269 av loss: 0.7896 text loss: 0.4183
2026-01-16 19:53:19,693 - MMSA [INFO] - VAL-(msalm) >>  Has0_acc_2: 0.8332  Has0_F1_score: 0.8376  Non0_acc_2: 0.8679  Non0_F1_score: 0.8672  Mult_acc_5: 0.5708  Mult_acc_7: 0.5564  MAE: 0.4956  Corr: 0.7680  Loss: 0.4947 
2026-01-16 19:57:56,604 - MMSA [INFO] - TRAIN-(msalm) [2/6/2] >> loss: 0.3871  Has0_acc_2: 0.8524  Has0_F1_score: 0.8571  Non0_acc_2: 0.9193  Non0_F1_score: 0.9193  Mult_acc_5: 0.6803  Mult_acc_7: 0.6552  MAE: 0.3869  Corr: 0.8810  clm loss: 3.307 total loss: 5.2513 bn loss: 0.3902 av loss: 0.7874 text loss: 0.3795
2026-01-16 19:58:05,825 - MMSA [INFO] - VAL-(msalm) >>  Has0_acc_2: 0.8242  Has0_F1_score: 0.8302  Non0_acc_2: 0.8581  Non0_F1_score: 0.8587  Mult_acc_5: 0.5799  Mult_acc_7: 0.5676  MAE: 0.4905  Corr: 0.7730  Loss: 0.4909 
2026-01-16 20:02:42,618 - MMSA [INFO] - TRAIN-(msalm) [3/7/2] >> loss: 0.3537  Has0_acc_2: 0.8652  Has0_F1_score: 0.8694  Non0_acc_2: 0.9352  Non0_F1_score: 0.9351  Mult_acc_5: 0.7078  Mult_acc_7: 0.6824  MAE: 0.3532  Corr: 0.9009  clm loss: 3.2675 total loss: 5.1063 bn loss: 0.3598 av loss: 0.7853 text loss: 0.34
2026-01-16 20:02:51,504 - MMSA [INFO] - VAL-(msalm) >>  Has0_acc_2: 0.8038  Has0_F1_score: 0.8125  Non0_acc_2: 0.8519  Non0_F1_score: 0.8534  Mult_acc_5: 0.5756  Mult_acc_7: 0.5601  MAE: 0.5063  Corr: 0.7713  Loss: 0.5062 
2026-01-16 20:07:28,102 - MMSA [INFO] - TRAIN-(msalm) [4/8/2] >> loss: 0.3331  Has0_acc_2: 0.8659  Has0_F1_score: 0.8702  Non0_acc_2: 0.9389  Non0_F1_score: 0.9389  Mult_acc_5: 0.7273  Mult_acc_7: 0.7020  MAE: 0.3331  Corr: 0.9119  clm loss: 3.2268 total loss: 4.9895 bn loss: 0.3338 av loss: 0.7839 text loss: 0.3119
2026-01-16 20:07:37,029 - MMSA [INFO] - VAL-(msalm) >>  Has0_acc_2: 0.8461  Has0_F1_score: 0.8495  Non0_acc_2: 0.8713  Non0_F1_score: 0.8708  Mult_acc_5: 0.5681  Mult_acc_7: 0.5532  MAE: 0.4976  Corr: 0.7723  Loss: 0.4966 
2026-01-16 20:12:13,923 - MMSA [INFO] - TRAIN-(msalm) [5/9/2] >> loss: 0.3131  Has0_acc_2: 0.8660  Has0_F1_score: 0.8706  Non0_acc_2: 0.9463  Non0_F1_score: 0.9463  Mult_acc_5: 0.7418  Mult_acc_7: 0.7157  MAE: 0.3129  Corr: 0.9238  clm loss: 3.1894 total loss: 4.8746 bn loss: 0.3052 av loss: 0.7828 text loss: 0.2843
2026-01-16 20:12:22,883 - MMSA [INFO] - VAL-(msalm) >>  Has0_acc_2: 0.8226  Has0_F1_score: 0.8285  Non0_acc_2: 0.8602  Non0_F1_score: 0.8604  Mult_acc_5: 0.5676  Mult_acc_7: 0.5532  MAE: 0.5000  Corr: 0.7683  Loss: 0.5004 
2026-01-16 20:16:59,313 - MMSA [INFO] - TRAIN-(msalm) [6/10/2] >> loss: 0.2842  Has0_acc_2: 0.8704  Has0_F1_score: 0.8748  Non0_acc_2: 0.9525  Non0_F1_score: 0.9525  Mult_acc_5: 0.7739  Mult_acc_7: 0.7491  MAE: 0.2843  Corr: 0.9356  clm loss: 3.1503 total loss: 4.7597 bn loss: 0.2819 av loss: 0.7819 text loss: 0.2614
2026-01-16 20:17:08,726 - MMSA [INFO] - VAL-(msalm) >>  Has0_acc_2: 0.8188  Has0_F1_score: 0.8259  Non0_acc_2: 0.8574  Non0_F1_score: 0.8586  Mult_acc_5: 0.5767  Mult_acc_7: 0.5623  MAE: 0.5041  Corr: 0.7686  Loss: 0.5036 
2026-01-16 20:21:45,350 - MMSA [INFO] - TRAIN-(msalm) [7/11/2] >> loss: 0.2753  Has0_acc_2: 0.8722  Has0_F1_score: 0.8765  Non0_acc_2: 0.9565  Non0_F1_score: 0.9565  Mult_acc_5: 0.7835  Mult_acc_7: 0.7562  MAE: 0.2754  Corr: 0.9410  clm loss: 3.1065 total loss: 4.6667 bn loss: 0.2617 av loss: 0.7814 text loss: 0.2419
2026-01-16 20:21:54,400 - MMSA [INFO] - VAL-(msalm) >>  Has0_acc_2: 0.8215  Has0_F1_score: 0.8285  Non0_acc_2: 0.8616  Non0_F1_score: 0.8627  Mult_acc_5: 0.5676  Mult_acc_7: 0.5521  MAE: 0.5107  Corr: 0.7656  Loss: 0.5106 
2026-01-16 20:26:30,787 - MMSA [INFO] - TRAIN-(msalm) [8/12/2] >> loss: 0.2668  Has0_acc_2: 0.8784  Has0_F1_score: 0.8824  Non0_acc_2: 0.9600  Non0_F1_score: 0.9599  Mult_acc_5: 0.7930  Mult_acc_7: 0.7671  MAE: 0.2668  Corr: 0.9453  clm loss: 3.0792 total loss: 4.6054 bn loss: 0.2465 av loss: 0.7808 text loss: 0.2321
2026-01-16 20:26:39,705 - MMSA [INFO] - VAL-(msalm) >>  Has0_acc_2: 0.7894  Has0_F1_score: 0.7997  Non0_acc_2: 0.8414  Non0_F1_score: 0.8438  Mult_acc_5: 0.5794  Mult_acc_7: 0.5633  MAE: 0.5012  Corr: 0.7739  Loss: 0.4993 
2026-01-16 20:31:16,352 - MMSA [INFO] - TRAIN-(msalm) [9/13/2] >> loss: 0.2582  Has0_acc_2: 0.8722  Has0_F1_score: 0.8767  Non0_acc_2: 0.9639  Non0_F1_score: 0.9639  Mult_acc_5: 0.8006  Mult_acc_7: 0.7748  MAE: 0.2577  Corr: 0.9471  clm loss: 3.067 total loss: 4.5634 bn loss: 0.2365 av loss: 0.7794 text loss: 0.2224
2026-01-16 20:31:25,277 - MMSA [INFO] - VAL-(msalm) >>  Has0_acc_2: 0.7910  Has0_F1_score: 0.8014  Non0_acc_2: 0.8463  Non0_F1_score: 0.8487  Mult_acc_5: 0.5623  Mult_acc_7: 0.5489  MAE: 0.5105  Corr: 0.7720  Loss: 0.5116 
2026-01-16 20:36:01,678 - MMSA [INFO] - TRAIN-(msalm) [10/14/2] >> loss: 0.2432  Has0_acc_2: 0.8795  Has0_F1_score: 0.8837  Non0_acc_2: 0.9707  Non0_F1_score: 0.9707  Mult_acc_5: 0.8094  Mult_acc_7: 0.7875  MAE: 0.2431  Corr: 0.9533  clm loss: 3.0439 total loss: 4.4953 bn loss: 0.2229 av loss: 0.7784 text loss: 0.2069
2026-01-16 20:36:10,615 - MMSA [INFO] - VAL-(msalm) >>  Has0_acc_2: 0.8092  Has0_F1_score: 0.8169  Non0_acc_2: 0.8498  Non0_F1_score: 0.8511  Mult_acc_5: 0.5762  Mult_acc_7: 0.5601  MAE: 0.5024  Corr: 0.7690  Loss: 0.5009 
2026-01-16 20:36:32,822 - MMSA [INFO] - TEST-(msalm) >>  Has0_acc_2: 0.8210  Has0_F1_score: 0.8256  Non0_acc_2: 0.8627  Non0_F1_score: 0.8622  Mult_acc_5: 0.5787  Mult_acc_7: 0.5600  MAE: 0.4971  Corr: 0.8037  Loss: 0.4970 
2026-01-16 20:36:35,166 - MMSA [INFO] - Result for seed 1991: {'Has0_acc_2': 0.821, 'Has0_F1_score': 0.8256, 'Non0_acc_2': 0.8627, 'Non0_F1_score': 0.8622, 'Mult_acc_5': 0.5787, 'Mult_acc_7': 0.56, 'MAE': 0.4971, 'Corr': 0.8037, 'Loss': 0.497, 'seed': 1991}
2026-01-16 20:36:35,167 - MMSA [INFO] - ------------------------------ Running with seed 1992 [3/5] ------------------------------
2026-01-16 20:48:23,158 - MMSA [INFO] - The model has 914780556 trainable parameters
2026-01-16 20:52:59,710 - MMSA [INFO] - TRAIN-(msalm) [1/1/3] >> loss: 0.7403  Has0_acc_2: 0.7000  Has0_F1_score: 0.7107  Non0_acc_2: 0.7265  Non0_F1_score: 0.7279  Mult_acc_5: 0.4318  Mult_acc_7: 0.4263  MAE: 0.7404  Corr: 0.5067  clm loss: 4.1529 total loss: 7.3889 bn loss: 0.8079 av loss: 0.8429 text loss: 0.845
2026-01-16 20:53:08,601 - MMSA [INFO] - VAL-(msalm) >>  Has0_acc_2: 0.7883  Has0_F1_score: 0.7973  Non0_acc_2: 0.8345  Non0_F1_score: 0.8357  Mult_acc_5: 0.5056  Mult_acc_7: 0.4944  MAE: 0.5791  Corr: 0.6947  Loss: 0.5784 
2026-01-16 20:57:49,737 - MMSA [INFO] - TRAIN-(msalm) [1/2/3] >> loss: 0.5636  Has0_acc_2: 0.8080  Has0_F1_score: 0.8133  Non0_acc_2: 0.8494  Non0_F1_score: 0.8490  Mult_acc_5: 0.5355  Mult_acc_7: 0.5168  MAE: 0.5636  Corr: 0.7451  clm loss: 3.6473 total loss: 6.1913 bn loss: 0.5675 av loss: 0.8036 text loss: 0.6093
2026-01-16 20:57:58,734 - MMSA [INFO] - VAL-(msalm) >>  Has0_acc_2: 0.8156  Has0_F1_score: 0.8215  Non0_acc_2: 0.8498  Non0_F1_score: 0.8499  Mult_acc_5: 0.5617  Mult_acc_7: 0.5516  MAE: 0.5230  Corr: 0.7379  Loss: 0.5233 
2026-01-16 21:02:40,383 - MMSA [INFO] - TRAIN-(msalm) [1/3/3] >> loss: 0.5063  Has0_acc_2: 0.8231  Has0_F1_score: 0.8283  Non0_acc_2: 0.8729  Non0_F1_score: 0.8728  Mult_acc_5: 0.5827  Mult_acc_7: 0.5597  MAE: 0.5064  Corr: 0.7971  clm loss: 3.5305 total loss: 5.8701 bn loss: 0.5099 av loss: 0.7961 text loss: 0.5273
2026-01-16 21:02:49,539 - MMSA [INFO] - VAL-(msalm) >>  Has0_acc_2: 0.8017  Has0_F1_score: 0.8111  Non0_acc_2: 0.8581  Non0_F1_score: 0.8599  Mult_acc_5: 0.5778  Mult_acc_7: 0.5612  MAE: 0.5008  Corr: 0.7788  Loss: 0.5005 
2026-01-16 21:07:31,982 - MMSA [INFO] - TRAIN-(msalm) [1/4/3] >> loss: 0.4606  Has0_acc_2: 0.8367  Has0_F1_score: 0.8415  Non0_acc_2: 0.8918  Non0_F1_score: 0.8917  Mult_acc_5: 0.6155  Mult_acc_7: 0.5922  MAE: 0.4603  Corr: 0.8335  clm loss: 3.4357 total loss: 5.6221 bn loss: 0.4638 av loss: 0.7944 text loss: 0.4676
2026-01-16 21:07:41,000 - MMSA [INFO] - VAL-(msalm) >>  Has0_acc_2: 0.7771  Has0_F1_score: 0.7883  Non0_acc_2: 0.8449  Non0_F1_score: 0.8470  Mult_acc_5: 0.5756  Mult_acc_7: 0.5612  MAE: 0.5104  Corr: 0.7747  Loss: 0.5110 
2026-01-16 21:12:18,070 - MMSA [INFO] - TRAIN-(msalm) [2/5/3] >> loss: 0.4232  Has0_acc_2: 0.8500  Has0_F1_score: 0.8544  Non0_acc_2: 0.9076  Non0_F1_score: 0.9075  Mult_acc_5: 0.6509  Mult_acc_7: 0.6259  MAE: 0.4231  Corr: 0.8585  clm loss: 3.3673 total loss: 5.4283 bn loss: 0.4281 av loss: 0.7914 text loss: 0.4184
2026-01-16 21:12:27,337 - MMSA [INFO] - VAL-(msalm) >>  Has0_acc_2: 0.8455  Has0_F1_score: 0.8496  Non0_acc_2: 0.8734  Non0_F1_score: 0.8733  Mult_acc_5: 0.5660  Mult_acc_7: 0.5500  MAE: 0.5040  Corr: 0.7710  Loss: 0.5026 
2026-01-16 21:17:04,290 - MMSA [INFO] - TRAIN-(msalm) [3/6/3] >> loss: 0.3849  Has0_acc_2: 0.8580  Has0_F1_score: 0.8623  Non0_acc_2: 0.9229  Non0_F1_score: 0.9228  Mult_acc_5: 0.6787  Mult_acc_7: 0.6531  MAE: 0.3846  Corr: 0.8841  clm loss: 3.3179 total loss: 5.2604 bn loss: 0.3885 av loss: 0.7907 text loss: 0.3784
2026-01-16 21:17:13,381 - MMSA [INFO] - VAL-(msalm) >>  Has0_acc_2: 0.8461  Has0_F1_score: 0.8492  Non0_acc_2: 0.8672  Non0_F1_score: 0.8665  Mult_acc_5: 0.5778  Mult_acc_7: 0.5628  MAE: 0.4953  Corr: 0.7773  Loss: 0.4953 
2026-01-16 21:21:55,040 - MMSA [INFO] - TRAIN-(msalm) [1/7/3] >> loss: 0.359  Has0_acc_2: 0.8600  Has0_F1_score: 0.8645  Non0_acc_2: 0.9315  Non0_F1_score: 0.9314  Mult_acc_5: 0.7060  Mult_acc_7: 0.6789  MAE: 0.3593  Corr: 0.8980  clm loss: 3.2763 total loss: 5.1232 bn loss: 0.3582 av loss: 0.7876 text loss: 0.3421
2026-01-16 21:22:04,011 - MMSA [INFO] - VAL-(msalm) >>  Has0_acc_2: 0.8370  Has0_F1_score: 0.8420  Non0_acc_2: 0.8693  Non0_F1_score: 0.8694  Mult_acc_5: 0.5762  Mult_acc_7: 0.5596  MAE: 0.5081  Corr: 0.7743  Loss: 0.5077 
2026-01-16 21:26:40,686 - MMSA [INFO] - TRAIN-(msalm) [2/8/3] >> loss: 0.3265  Has0_acc_2: 0.8656  Has0_F1_score: 0.8699  Non0_acc_2: 0.9395  Non0_F1_score: 0.9395  Mult_acc_5: 0.7331  Mult_acc_7: 0.7073  MAE: 0.3262  Corr: 0.9158  clm loss: 3.2311 total loss: 4.9847 bn loss: 0.3305 av loss: 0.7866 text loss: 0.3101
2026-01-16 21:26:49,633 - MMSA [INFO] - VAL-(msalm) >>  Has0_acc_2: 0.8108  Has0_F1_score: 0.8179  Non0_acc_2: 0.8533  Non0_F1_score: 0.8539  Mult_acc_5: 0.5740  Mult_acc_7: 0.5580  MAE: 0.5165  Corr: 0.7629  Loss: 0.5170 
2026-01-16 21:31:26,377 - MMSA [INFO] - TRAIN-(msalm) [3/9/3] >> loss: 0.3089  Has0_acc_2: 0.8690  Has0_F1_score: 0.8734  Non0_acc_2: 0.9468  Non0_F1_score: 0.9469  Mult_acc_5: 0.7532  Mult_acc_7: 0.7275  MAE: 0.3088  Corr: 0.9251  clm loss: 3.191 total loss: 4.879 bn loss: 0.3071 av loss: 0.7846 text loss: 0.2874
2026-01-16 21:31:35,557 - MMSA [INFO] - VAL-(msalm) >>  Has0_acc_2: 0.8220  Has0_F1_score: 0.8282  Non0_acc_2: 0.8512  Non0_F1_score: 0.8520  Mult_acc_5: 0.5756  Mult_acc_7: 0.5569  MAE: 0.5106  Corr: 0.7658  Loss: 0.5098 
2026-01-16 21:36:12,064 - MMSA [INFO] - TRAIN-(msalm) [4/10/3] >> loss: 0.2962  Has0_acc_2: 0.8695  Has0_F1_score: 0.8739  Non0_acc_2: 0.9518  Non0_F1_score: 0.9518  Mult_acc_5: 0.7639  Mult_acc_7: 0.7370  MAE: 0.2958  Corr: 0.9315  clm loss: 3.1652 total loss: 4.7977 bn loss: 0.2846 av loss: 0.7842 text loss: 0.2675
2026-01-16 21:36:21,034 - MMSA [INFO] - VAL-(msalm) >>  Has0_acc_2: 0.7990  Has0_F1_score: 0.8085  Non0_acc_2: 0.8519  Non0_F1_score: 0.8538  Mult_acc_5: 0.5714  Mult_acc_7: 0.5569  MAE: 0.5077  Corr: 0.7677  Loss: 0.5095 
2026-01-16 21:40:57,675 - MMSA [INFO] - TRAIN-(msalm) [5/11/3] >> loss: 0.2815  Has0_acc_2: 0.8732  Has0_F1_score: 0.8775  Non0_acc_2: 0.9591  Non0_F1_score: 0.9590  Mult_acc_5: 0.7741  Mult_acc_7: 0.7486  MAE: 0.2813  Corr: 0.9376  clm loss: 3.123 total loss: 4.6984 bn loss: 0.2636 av loss: 0.7832 text loss: 0.247
2026-01-16 21:41:06,625 - MMSA [INFO] - VAL-(msalm) >>  Has0_acc_2: 0.8129  Has0_F1_score: 0.8203  Non0_acc_2: 0.8554  Non0_F1_score: 0.8564  Mult_acc_5: 0.5762  Mult_acc_7: 0.5596  MAE: 0.5010  Corr: 0.7718  Loss: 0.5018 
2026-01-16 21:45:42,901 - MMSA [INFO] - TRAIN-(msalm) [6/12/3] >> loss: 0.2677  Has0_acc_2: 0.8762  Has0_F1_score: 0.8804  Non0_acc_2: 0.9600  Non0_F1_score: 0.9600  Mult_acc_5: 0.7913  Mult_acc_7: 0.7664  MAE: 0.2678  Corr: 0.9441  clm loss: 3.0998 total loss: 4.6334 bn loss: 0.2505 av loss: 0.7817 text loss: 0.2337
2026-01-16 21:45:52,185 - MMSA [INFO] - VAL-(msalm) >>  Has0_acc_2: 0.8252  Has0_F1_score: 0.8305  Non0_acc_2: 0.8616  Non0_F1_score: 0.8614  Mult_acc_5: 0.5719  Mult_acc_7: 0.5564  MAE: 0.5018  Corr: 0.7733  Loss: 0.5030 
2026-01-16 21:50:28,755 - MMSA [INFO] - TRAIN-(msalm) [7/13/3] >> loss: 0.2546  Has0_acc_2: 0.8757  Has0_F1_score: 0.8800  Non0_acc_2: 0.9636  Non0_F1_score: 0.9635  Mult_acc_5: 0.8014  Mult_acc_7: 0.7769  MAE: 0.2548  Corr: 0.9493  clm loss: 3.0684 total loss: 4.5616 bn loss: 0.2354 av loss: 0.7819 text loss: 0.2213
2026-01-16 21:50:37,781 - MMSA [INFO] - VAL-(msalm) >>  Has0_acc_2: 0.8375  Has0_F1_score: 0.8419  Non0_acc_2: 0.8713  Non0_F1_score: 0.8709  Mult_acc_5: 0.5794  Mult_acc_7: 0.5617  MAE: 0.5085  Corr: 0.7687  Loss: 0.5078 
2026-01-16 21:55:14,680 - MMSA [INFO] - TRAIN-(msalm) [8/14/3] >> loss: 0.243  Has0_acc_2: 0.8779  Has0_F1_score: 0.8821  Non0_acc_2: 0.9682  Non0_F1_score: 0.9682  Mult_acc_5: 0.8087  Mult_acc_7: 0.7835  MAE: 0.2430  Corr: 0.9534  clm loss: 3.0436 total loss: 4.4995 bn loss: 0.2242 av loss: 0.7805 text loss: 0.2082
2026-01-16 21:55:23,626 - MMSA [INFO] - VAL-(msalm) >>  Has0_acc_2: 0.8258  Has0_F1_score: 0.8319  Non0_acc_2: 0.8679  Non0_F1_score: 0.8682  Mult_acc_5: 0.5815  Mult_acc_7: 0.5644  MAE: 0.5042  Corr: 0.7717  Loss: 0.5025 
2026-01-16 22:00:00,314 - MMSA [INFO] - TRAIN-(msalm) [9/15/3] >> loss: 0.2412  Has0_acc_2: 0.8760  Has0_F1_score: 0.8804  Non0_acc_2: 0.9695  Non0_F1_score: 0.9695  Mult_acc_5: 0.8098  Mult_acc_7: 0.7844  MAE: 0.2404  Corr: 0.9540  clm loss: 3.042 total loss: 4.4825 bn loss: 0.2153 av loss: 0.7804 text loss: 0.2036
2026-01-16 22:00:09,351 - MMSA [INFO] - VAL-(msalm) >>  Has0_acc_2: 0.8177  Has0_F1_score: 0.8245  Non0_acc_2: 0.8616  Non0_F1_score: 0.8621  Mult_acc_5: 0.5697  Mult_acc_7: 0.5521  MAE: 0.4988  Corr: 0.7704  Loss: 0.4991 
2026-01-16 22:04:45,889 - MMSA [INFO] - TRAIN-(msalm) [10/16/3] >> loss: 0.2371  Has0_acc_2: 0.8758  Has0_F1_score: 0.8802  Non0_acc_2: 0.9686  Non0_F1_score: 0.9686  Mult_acc_5: 0.8165  Mult_acc_7: 0.7924  MAE: 0.2370  Corr: 0.9555  clm loss: 3.0225 total loss: 4.4449 bn loss: 0.2089 av loss: 0.7798 text loss: 0.1965
2026-01-16 22:04:54,842 - MMSA [INFO] - VAL-(msalm) >>  Has0_acc_2: 0.8247  Has0_F1_score: 0.8313  Non0_acc_2: 0.8693  Non0_F1_score: 0.8699  Mult_acc_5: 0.5703  Mult_acc_7: 0.5542  MAE: 0.4998  Corr: 0.7711  Loss: 0.5027 
2026-01-16 22:05:21,929 - MMSA [INFO] - TEST-(msalm) >>  Has0_acc_2: 0.8356  Has0_F1_score: 0.8389  Non0_acc_2: 0.8665  Non0_F1_score: 0.8658  Mult_acc_5: 0.5714  Mult_acc_7: 0.5531  MAE: 0.5097  Corr: 0.7950  Loss: 0.5092 
2026-01-16 22:05:24,417 - MMSA [INFO] - Result for seed 1992: {'Has0_acc_2': 0.8356, 'Has0_F1_score': 0.8389, 'Non0_acc_2': 0.8665, 'Non0_F1_score': 0.8658, 'Mult_acc_5': 0.5714, 'Mult_acc_7': 0.5531, 'MAE': 0.5097, 'Corr': 0.795, 'Loss': 0.5092, 'seed': 1992}
2026-01-16 22:05:24,419 - MMSA [INFO] - ------------------------------ Running with seed 1993 [4/5] ------------------------------
2026-01-16 22:17:09,212 - MMSA [INFO] - The model has 914780556 trainable parameters
2026-01-16 22:21:45,738 - MMSA [INFO] - TRAIN-(msalm) [1/1/4] >> loss: 0.8215  Has0_acc_2: 0.5755  Has0_F1_score: 0.5864  Non0_acc_2: 0.6363  Non0_F1_score: 0.6359  Mult_acc_5: 0.4016  Mult_acc_7: 0.3932  MAE: 0.8213  Corr: 0.4878  clm loss: 4.127 total loss: 7.5325 bn loss: 0.8033 av loss: 0.8954 text loss: 0.8853
2026-01-16 22:21:54,727 - MMSA [INFO] - VAL-(msalm) >>  Has0_acc_2: 0.7167  Has0_F1_score: 0.7324  Non0_acc_2: 0.8025  Non0_F1_score: 0.8069  Mult_acc_5: 0.4906  Mult_acc_7: 0.4698  MAE: 0.6478  Corr: 0.7068  Loss: 0.6476 
2026-01-16 22:26:36,678 - MMSA [INFO] - TRAIN-(msalm) [1/2/4] >> loss: 0.5697  Has0_acc_2: 0.7807  Has0_F1_score: 0.7894  Non0_acc_2: 0.8355  Non0_F1_score: 0.8370  Mult_acc_5: 0.5366  Mult_acc_7: 0.5177  MAE: 0.5699  Corr: 0.7481  clm loss: 3.644 total loss: 6.1876 bn loss: 0.5584 av loss: 0.8038 text loss: 0.6117
2026-01-16 22:26:45,581 - MMSA [INFO] - VAL-(msalm) >>  Has0_acc_2: 0.8012  Has0_F1_score: 0.8099  Non0_acc_2: 0.8595  Non0_F1_score: 0.8606  Mult_acc_5: 0.5724  Mult_acc_7: 0.5580  MAE: 0.5036  Corr: 0.7593  Loss: 0.5038 
2026-01-16 22:31:27,137 - MMSA [INFO] - TRAIN-(msalm) [1/3/4] >> loss: 0.5047  Has0_acc_2: 0.8237  Has0_F1_score: 0.8290  Non0_acc_2: 0.8714  Non0_F1_score: 0.8715  Mult_acc_5: 0.5850  Mult_acc_7: 0.5638  MAE: 0.5044  Corr: 0.7967  clm loss: 3.5081 total loss: 5.8381 bn loss: 0.501 av loss: 0.7955 text loss: 0.5288
2026-01-16 22:31:36,215 - MMSA [INFO] - VAL-(msalm) >>  Has0_acc_2: 0.8514  Has0_F1_score: 0.8531  Non0_acc_2: 0.8720  Non0_F1_score: 0.8702  Mult_acc_5: 0.5692  Mult_acc_7: 0.5532  MAE: 0.4942  Corr: 0.7835  Loss: 0.4936 
2026-01-16 22:36:17,626 - MMSA [INFO] - TRAIN-(msalm) [1/4/4] >> loss: 0.4593  Has0_acc_2: 0.8381  Has0_F1_score: 0.8429  Non0_acc_2: 0.8912  Non0_F1_score: 0.8912  Mult_acc_5: 0.6205  Mult_acc_7: 0.5965  MAE: 0.4589  Corr: 0.8348  clm loss: 3.4246 total loss: 5.6061 bn loss: 0.4604 av loss: 0.7922 text loss: 0.4697
2026-01-16 22:36:26,558 - MMSA [INFO] - VAL-(msalm) >>  Has0_acc_2: 0.8242  Has0_F1_score: 0.8303  Non0_acc_2: 0.8686  Non0_F1_score: 0.8688  Mult_acc_5: 0.5847  Mult_acc_7: 0.5692  MAE: 0.4964  Corr: 0.7776  Loss: 0.4974 
2026-01-16 22:41:03,125 - MMSA [INFO] - TRAIN-(msalm) [2/5/4] >> loss: 0.4218  Has0_acc_2: 0.8453  Has0_F1_score: 0.8500  Non0_acc_2: 0.9057  Non0_F1_score: 0.9056  Mult_acc_5: 0.6534  Mult_acc_7: 0.6301  MAE: 0.4216  Corr: 0.8578  clm loss: 3.377 total loss: 5.436 bn loss: 0.4273 av loss: 0.7903 text loss: 0.4196
2026-01-16 22:41:12,059 - MMSA [INFO] - VAL-(msalm) >>  Has0_acc_2: 0.8348  Has0_F1_score: 0.8394  Non0_acc_2: 0.8679  Non0_F1_score: 0.8675  Mult_acc_5: 0.5831  Mult_acc_7: 0.5649  MAE: 0.4957  Corr: 0.7804  Loss: 0.4973 
2026-01-16 22:45:48,556 - MMSA [INFO] - TRAIN-(msalm) [3/6/4] >> loss: 0.3854  Has0_acc_2: 0.8534  Has0_F1_score: 0.8580  Non0_acc_2: 0.9201  Non0_F1_score: 0.9200  Mult_acc_5: 0.6800  Mult_acc_7: 0.6541  MAE: 0.3854  Corr: 0.8831  clm loss: 3.3153 total loss: 5.2585 bn loss: 0.3899 av loss: 0.7885 text loss: 0.3794
2026-01-16 22:45:58,071 - MMSA [INFO] - VAL-(msalm) >>  Has0_acc_2: 0.8429  Has0_F1_score: 0.8469  Non0_acc_2: 0.8755  Non0_F1_score: 0.8751  Mult_acc_5: 0.5895  Mult_acc_7: 0.5751  MAE: 0.4926  Corr: 0.7748  Loss: 0.4921 
2026-01-16 22:50:39,538 - MMSA [INFO] - TRAIN-(msalm) [1/7/4] >> loss: 0.3549  Has0_acc_2: 0.8600  Has0_F1_score: 0.8646  Non0_acc_2: 0.9323  Non0_F1_score: 0.9322  Mult_acc_5: 0.7070  Mult_acc_7: 0.6795  MAE: 0.3548  Corr: 0.9021  clm loss: 3.2616 total loss: 5.0977 bn loss: 0.3552 av loss: 0.7885 text loss: 0.3375
2026-01-16 22:50:48,460 - MMSA [INFO] - VAL-(msalm) >>  Has0_acc_2: 0.8407  Has0_F1_score: 0.8442  Non0_acc_2: 0.8713  Non0_F1_score: 0.8703  Mult_acc_5: 0.5751  Mult_acc_7: 0.5633  MAE: 0.4938  Corr: 0.7734  Loss: 0.4931 
2026-01-16 22:55:25,092 - MMSA [INFO] - TRAIN-(msalm) [2/8/4] >> loss: 0.3268  Has0_acc_2: 0.8681  Has0_F1_score: 0.8724  Non0_acc_2: 0.9432  Non0_F1_score: 0.9432  Mult_acc_5: 0.7299  Mult_acc_7: 0.7029  MAE: 0.3269  Corr: 0.9148  clm loss: 3.2281 total loss: 4.9832 bn loss: 0.3323 av loss: 0.7851 text loss: 0.3109
2026-01-16 22:55:34,085 - MMSA [INFO] - VAL-(msalm) >>  Has0_acc_2: 0.8407  Has0_F1_score: 0.8447  Non0_acc_2: 0.8700  Non0_F1_score: 0.8695  Mult_acc_5: 0.5751  Mult_acc_7: 0.5580  MAE: 0.5068  Corr: 0.7723  Loss: 0.5046 
2026-01-16 23:00:10,438 - MMSA [INFO] - TRAIN-(msalm) [3/9/4] >> loss: 0.3063  Has0_acc_2: 0.8739  Has0_F1_score: 0.8779  Non0_acc_2: 0.9494  Non0_F1_score: 0.9493  Mult_acc_5: 0.7552  Mult_acc_7: 0.7288  MAE: 0.3060  Corr: 0.9261  clm loss: 3.187 total loss: 4.8765 bn loss: 0.3102 av loss: 0.7852 text loss: 0.2878
2026-01-16 23:00:19,661 - MMSA [INFO] - VAL-(msalm) >>  Has0_acc_2: 0.8124  Has0_F1_score: 0.8196  Non0_acc_2: 0.8547  Non0_F1_score: 0.8554  Mult_acc_5: 0.5778  Mult_acc_7: 0.5644  MAE: 0.4982  Corr: 0.7690  Loss: 0.4985 
2026-01-16 23:04:56,171 - MMSA [INFO] - TRAIN-(msalm) [4/10/4] >> loss: 0.2911  Has0_acc_2: 0.8703  Has0_F1_score: 0.8748  Non0_acc_2: 0.9547  Non0_F1_score: 0.9548  Mult_acc_5: 0.7658  Mult_acc_7: 0.7387  MAE: 0.2911  Corr: 0.9345  clm loss: 3.1379 total loss: 4.7559 bn loss: 0.2818 av loss: 0.784 text loss: 0.261
2026-01-16 23:05:05,152 - MMSA [INFO] - VAL-(msalm) >>  Has0_acc_2: 0.8423  Has0_F1_score: 0.8447  Non0_acc_2: 0.8623  Non0_F1_score: 0.8608  Mult_acc_5: 0.5740  Mult_acc_7: 0.5591  MAE: 0.5023  Corr: 0.7694  Loss: 0.5012 
2026-01-16 23:09:41,599 - MMSA [INFO] - TRAIN-(msalm) [5/11/4] >> loss: 0.2757  Has0_acc_2: 0.8764  Has0_F1_score: 0.8806  Non0_acc_2: 0.9603  Non0_F1_score: 0.9603  Mult_acc_5: 0.7764  Mult_acc_7: 0.7522  MAE: 0.2758  Corr: 0.9400  clm loss: 3.1163 total loss: 4.6877 bn loss: 0.2659 av loss: 0.7817 text loss: 0.2481
2026-01-16 23:09:50,508 - MMSA [INFO] - VAL-(msalm) >>  Has0_acc_2: 0.8295  Has0_F1_score: 0.8337  Non0_acc_2: 0.8567  Non0_F1_score: 0.8561  Mult_acc_5: 0.5714  Mult_acc_7: 0.5548  MAE: 0.5099  Corr: 0.7651  Loss: 0.5094 
2026-01-16 23:14:26,984 - MMSA [INFO] - TRAIN-(msalm) [6/12/4] >> loss: 0.2689  Has0_acc_2: 0.8756  Has0_F1_score: 0.8799  Non0_acc_2: 0.9607  Non0_F1_score: 0.9608  Mult_acc_5: 0.7899  Mult_acc_7: 0.7635  MAE: 0.2688  Corr: 0.9434  clm loss: 3.0922 total loss: 4.6288 bn loss: 0.2526 av loss: 0.7812 text loss: 0.2339
2026-01-16 23:14:36,547 - MMSA [INFO] - VAL-(msalm) >>  Has0_acc_2: 0.8434  Has0_F1_score: 0.8465  Non0_acc_2: 0.8679  Non0_F1_score: 0.8669  Mult_acc_5: 0.5681  Mult_acc_7: 0.5532  MAE: 0.5050  Corr: 0.7664  Loss: 0.5036 
2026-01-16 23:19:12,955 - MMSA [INFO] - TRAIN-(msalm) [7/13/4] >> loss: 0.2617  Has0_acc_2: 0.8725  Has0_F1_score: 0.8770  Non0_acc_2: 0.9625  Non0_F1_score: 0.9626  Mult_acc_5: 0.7932  Mult_acc_7: 0.7690  MAE: 0.2615  Corr: 0.9464  clm loss: 3.0624 total loss: 4.5586 bn loss: 0.2358 av loss: 0.7798 text loss: 0.2188
2026-01-16 23:19:21,905 - MMSA [INFO] - VAL-(msalm) >>  Has0_acc_2: 0.8220  Has0_F1_score: 0.8275  Non0_acc_2: 0.8533  Non0_F1_score: 0.8534  Mult_acc_5: 0.5714  Mult_acc_7: 0.5564  MAE: 0.5035  Corr: 0.7668  Loss: 0.5035 
2026-01-16 23:23:58,456 - MMSA [INFO] - TRAIN-(msalm) [8/14/4] >> loss: 0.247  Has0_acc_2: 0.8772  Has0_F1_score: 0.8815  Non0_acc_2: 0.9664  Non0_F1_score: 0.9665  Mult_acc_5: 0.8099  Mult_acc_7: 0.7857  MAE: 0.2470  Corr: 0.9520  clm loss: 3.0283 total loss: 4.4811 bn loss: 0.2211 av loss: 0.7795 text loss: 0.2052
2026-01-16 23:24:07,395 - MMSA [INFO] - VAL-(msalm) >>  Has0_acc_2: 0.8124  Has0_F1_score: 0.8199  Non0_acc_2: 0.8547  Non0_F1_score: 0.8558  Mult_acc_5: 0.5724  Mult_acc_7: 0.5575  MAE: 0.4980  Corr: 0.7675  Loss: 0.4980 
2026-01-16 23:28:43,895 - MMSA [INFO] - TRAIN-(msalm) [9/15/4] >> loss: 0.2472  Has0_acc_2: 0.8725  Has0_F1_score: 0.8771  Non0_acc_2: 0.9653  Non0_F1_score: 0.9653  Mult_acc_5: 0.8021  Mult_acc_7: 0.7777  MAE: 0.2470  Corr: 0.9512  clm loss: 3.029 total loss: 4.4766 bn loss: 0.2182 av loss: 0.7788 text loss: 0.2034
2026-01-16 23:28:52,794 - MMSA [INFO] - VAL-(msalm) >>  Has0_acc_2: 0.8060  Has0_F1_score: 0.8142  Non0_acc_2: 0.8484  Non0_F1_score: 0.8499  Mult_acc_5: 0.5740  Mult_acc_7: 0.5591  MAE: 0.5030  Corr: 0.7687  Loss: 0.5029 
2026-01-16 23:33:29,115 - MMSA [INFO] - TRAIN-(msalm) [10/16/4] >> loss: 0.2364  Has0_acc_2: 0.8803  Has0_F1_score: 0.8845  Non0_acc_2: 0.9708  Non0_F1_score: 0.9708  Mult_acc_5: 0.8148  Mult_acc_7: 0.7892  MAE: 0.2359  Corr: 0.9564  clm loss: 3.0108 total loss: 4.4283 bn loss: 0.2077 av loss: 0.7795 text loss: 0.194
2026-01-16 23:33:38,029 - MMSA [INFO] - VAL-(msalm) >>  Has0_acc_2: 0.8434  Has0_F1_score: 0.8464  Non0_acc_2: 0.8679  Non0_F1_score: 0.8668  Mult_acc_5: 0.5607  Mult_acc_7: 0.5446  MAE: 0.5122  Corr: 0.7666  Loss: 0.5140 
2026-01-16 23:34:00,089 - MMSA [INFO] - TEST-(msalm) >>  Has0_acc_2: 0.8223  Has0_F1_score: 0.8272  Non0_acc_2: 0.8649  Non0_F1_score: 0.8647  Mult_acc_5: 0.5673  Mult_acc_7: 0.5463  MAE: 0.5104  Corr: 0.7957  Loss: 0.5106 
2026-01-16 23:34:02,498 - MMSA [INFO] - Result for seed 1993: {'Has0_acc_2': 0.8223, 'Has0_F1_score': 0.8272, 'Non0_acc_2': 0.8649, 'Non0_F1_score': 0.8647, 'Mult_acc_5': 0.5673, 'Mult_acc_7': 0.5463, 'MAE': 0.5104, 'Corr': 0.7957, 'Loss': 0.5106, 'seed': 1993}
2026-01-16 23:34:02,499 - MMSA [INFO] - ------------------------------ Running with seed 1994 [5/5] ------------------------------
2026-01-16 23:45:52,676 - MMSA [INFO] - The model has 914780556 trainable parameters
2026-01-16 23:50:29,625 - MMSA [INFO] - TRAIN-(msalm) [1/1/5] >> loss: 0.7701  Has0_acc_2: 0.6528  Has0_F1_score: 0.6683  Non0_acc_2: 0.6815  Non0_F1_score: 0.6862  Mult_acc_5: 0.4254  Mult_acc_7: 0.4204  MAE: 0.7698  Corr: 0.4609  clm loss: 4.1304 total loss: 7.381 bn loss: 0.8269 av loss: 0.8283 text loss: 0.8253
2026-01-16 23:50:38,512 - MMSA [INFO] - VAL-(msalm) >>  Has0_acc_2: 0.7964  Has0_F1_score: 0.8044  Non0_acc_2: 0.8387  Non0_F1_score: 0.8395  Mult_acc_5: 0.5313  Mult_acc_7: 0.5190  MAE: 0.5641  Corr: 0.7028  Loss: 0.5639 
2026-01-16 23:55:19,632 - MMSA [INFO] - TRAIN-(msalm) [1/2/5] >> loss: 0.5628  Has0_acc_2: 0.7979  Has0_F1_score: 0.8040  Non0_acc_2: 0.8397  Non0_F1_score: 0.8398  Mult_acc_5: 0.5402  Mult_acc_7: 0.5222  MAE: 0.5629  Corr: 0.7473  clm loss: 3.6435 total loss: 6.1824 bn loss: 0.5616 av loss: 0.7987 text loss: 0.6157
2026-01-16 23:55:28,581 - MMSA [INFO] - VAL-(msalm) >>  Has0_acc_2: 0.8370  Has0_F1_score: 0.8415  Non0_acc_2: 0.8686  Non0_F1_score: 0.8683  Mult_acc_5: 0.5687  Mult_acc_7: 0.5537  MAE: 0.5008  Corr: 0.7673  Loss: 0.4990 
2026-01-17 00:00:10,571 - MMSA [INFO] - TRAIN-(msalm) [1/3/5] >> loss: 0.4995  Has0_acc_2: 0.8277  Has0_F1_score: 0.8325  Non0_acc_2: 0.8752  Non0_F1_score: 0.8750  Mult_acc_5: 0.5836  Mult_acc_7: 0.5618  MAE: 0.4986  Corr: 0.8037  clm loss: 3.5078 total loss: 5.8309 bn loss: 0.5027 av loss: 0.795 text loss: 0.5259
2026-01-17 00:00:19,631 - MMSA [INFO] - VAL-(msalm) >>  Has0_acc_2: 0.8332  Has0_F1_score: 0.8382  Non0_acc_2: 0.8679  Non0_F1_score: 0.8678  Mult_acc_5: 0.5676  Mult_acc_7: 0.5532  MAE: 0.4964  Corr: 0.7742  Loss: 0.4972 
2026-01-17 00:05:01,344 - MMSA [INFO] - TRAIN-(msalm) [1/4/5] >> loss: 0.4543  Has0_acc_2: 0.8399  Has0_F1_score: 0.8445  Non0_acc_2: 0.8936  Non0_F1_score: 0.8934  Mult_acc_5: 0.6269  Mult_acc_7: 0.6020  MAE: 0.4540  Corr: 0.8372  clm loss: 3.4352 total loss: 5.6071 bn loss: 0.4564 av loss: 0.7926 text loss: 0.4686
2026-01-17 00:05:10,271 - MMSA [INFO] - VAL-(msalm) >>  Has0_acc_2: 0.8300  Has0_F1_score: 0.8344  Non0_acc_2: 0.8623  Non0_F1_score: 0.8617  Mult_acc_5: 0.5719  Mult_acc_7: 0.5596  MAE: 0.4927  Corr: 0.7726  Loss: 0.4915 
2026-01-17 00:09:51,798 - MMSA [INFO] - TRAIN-(msalm) [1/5/5] >> loss: 0.4149  Has0_acc_2: 0.8461  Has0_F1_score: 0.8508  Non0_acc_2: 0.9069  Non0_F1_score: 0.9068  Mult_acc_5: 0.6567  Mult_acc_7: 0.6307  MAE: 0.4151  Corr: 0.8651  clm loss: 3.3637 total loss: 5.4005 bn loss: 0.4169 av loss: 0.7891 text loss: 0.4159
2026-01-17 00:10:00,701 - MMSA [INFO] - VAL-(msalm) >>  Has0_acc_2: 0.8370  Has0_F1_score: 0.8405  Non0_acc_2: 0.8672  Non0_F1_score: 0.8660  Mult_acc_5: 0.5751  Mult_acc_7: 0.5575  MAE: 0.5045  Corr: 0.7697  Loss: 0.5044 
2026-01-17 00:14:37,286 - MMSA [INFO] - TRAIN-(msalm) [2/6/5] >> loss: 0.3785  Has0_acc_2: 0.8611  Has0_F1_score: 0.8651  Non0_acc_2: 0.9230  Non0_F1_score: 0.9229  Mult_acc_5: 0.6863  Mult_acc_7: 0.6618  MAE: 0.3782  Corr: 0.8872  clm loss: 3.3138 total loss: 5.2421 bn loss: 0.3861 av loss: 0.7877 text loss: 0.376
2026-01-17 00:14:46,477 - MMSA [INFO] - VAL-(msalm) >>  Has0_acc_2: 0.8193  Has0_F1_score: 0.8250  Non0_acc_2: 0.8533  Non0_F1_score: 0.8533  Mult_acc_5: 0.5778  Mult_acc_7: 0.5628  MAE: 0.4989  Corr: 0.7722  Loss: 0.4994 
2026-01-17 00:19:22,998 - MMSA [INFO] - TRAIN-(msalm) [3/7/5] >> loss: 0.3527  Has0_acc_2: 0.8597  Has0_F1_score: 0.8642  Non0_acc_2: 0.9328  Non0_F1_score: 0.9328  Mult_acc_5: 0.7125  Mult_acc_7: 0.6865  MAE: 0.3527  Corr: 0.9016  clm loss: 3.2688 total loss: 5.1079 bn loss: 0.3596 av loss: 0.7867 text loss: 0.3401
2026-01-17 00:19:31,915 - MMSA [INFO] - VAL-(msalm) >>  Has0_acc_2: 0.8450  Has0_F1_score: 0.8475  Non0_acc_2: 0.8700  Non0_F1_score: 0.8685  Mult_acc_5: 0.5687  Mult_acc_7: 0.5559  MAE: 0.5086  Corr: 0.7722  Loss: 0.5082 
2026-01-17 00:24:08,541 - MMSA [INFO] - TRAIN-(msalm) [4/8/5] >> loss: 0.3261  Has0_acc_2: 0.8679  Has0_F1_score: 0.8720  Non0_acc_2: 0.9392  Non0_F1_score: 0.9392  Mult_acc_5: 0.7336  Mult_acc_7: 0.7067  MAE: 0.3257  Corr: 0.9176  clm loss: 3.2166 total loss: 4.9578 bn loss: 0.3243 av loss: 0.7855 text loss: 0.3053
2026-01-17 00:24:17,475 - MMSA [INFO] - VAL-(msalm) >>  Has0_acc_2: 0.8498  Has0_F1_score: 0.8505  Non0_acc_2: 0.8609  Non0_F1_score: 0.8584  Mult_acc_5: 0.5607  Mult_acc_7: 0.5452  MAE: 0.5154  Corr: 0.7696  Loss: 0.5159 
2026-01-17 00:28:54,391 - MMSA [INFO] - TRAIN-(msalm) [5/9/5] >> loss: 0.3065  Has0_acc_2: 0.8714  Has0_F1_score: 0.8756  Non0_acc_2: 0.9495  Non0_F1_score: 0.9495  Mult_acc_5: 0.7536  Mult_acc_7: 0.7263  MAE: 0.3063  Corr: 0.9272  clm loss: 3.1908 total loss: 4.8724 bn loss: 0.3045 av loss: 0.7846 text loss: 0.2861
2026-01-17 00:29:03,330 - MMSA [INFO] - VAL-(msalm) >>  Has0_acc_2: 0.8242  Has0_F1_score: 0.8298  Non0_acc_2: 0.8581  Non0_F1_score: 0.8583  Mult_acc_5: 0.5751  Mult_acc_7: 0.5596  MAE: 0.5055  Corr: 0.7691  Loss: 0.5052 
2026-01-17 00:33:39,733 - MMSA [INFO] - TRAIN-(msalm) [6/10/5] >> loss: 0.2901  Has0_acc_2: 0.8712  Has0_F1_score: 0.8755  Non0_acc_2: 0.9519  Non0_F1_score: 0.9518  Mult_acc_5: 0.7695  Mult_acc_7: 0.7443  MAE: 0.2898  Corr: 0.9334  clm loss: 3.1566 total loss: 4.7863 bn loss: 0.2886 av loss: 0.7823 text loss: 0.2689
2026-01-17 00:33:48,639 - MMSA [INFO] - VAL-(msalm) >>  Has0_acc_2: 0.7766  Has0_F1_score: 0.7882  Non0_acc_2: 0.8408  Non0_F1_score: 0.8434  Mult_acc_5: 0.5692  Mult_acc_7: 0.5537  MAE: 0.5163  Corr: 0.7728  Loss: 0.5161 
2026-01-17 00:38:25,356 - MMSA [INFO] - TRAIN-(msalm) [7/11/5] >> loss: 0.2708  Has0_acc_2: 0.8707  Has0_F1_score: 0.8752  Non0_acc_2: 0.9578  Non0_F1_score: 0.9578  Mult_acc_5: 0.7813  Mult_acc_7: 0.7554  MAE: 0.2709  Corr: 0.9418  clm loss: 3.1125 total loss: 4.6782 bn loss: 0.2654 av loss: 0.7813 text loss: 0.2483
2026-01-17 00:38:34,289 - MMSA [INFO] - VAL-(msalm) >>  Has0_acc_2: 0.8220  Has0_F1_score: 0.8277  Non0_acc_2: 0.8554  Non0_F1_score: 0.8555  Mult_acc_5: 0.5772  Mult_acc_7: 0.5612  MAE: 0.5034  Corr: 0.7699  Loss: 0.5040 
2026-01-17 00:43:10,878 - MMSA [INFO] - TRAIN-(msalm) [8/12/5] >> loss: 0.2609  Has0_acc_2: 0.8746  Has0_F1_score: 0.8789  Non0_acc_2: 0.9627  Non0_F1_score: 0.9627  Mult_acc_5: 0.7943  Mult_acc_7: 0.7701  MAE: 0.2607  Corr: 0.9463  clm loss: 3.0884 total loss: 4.6166 bn loss: 0.2518 av loss: 0.7817 text loss: 0.2338
2026-01-17 00:43:19,860 - MMSA [INFO] - VAL-(msalm) >>  Has0_acc_2: 0.8065  Has0_F1_score: 0.8150  Non0_acc_2: 0.8581  Non0_F1_score: 0.8595  Mult_acc_5: 0.5735  Mult_acc_7: 0.5591  MAE: 0.5027  Corr: 0.7715  Loss: 0.5028 
2026-01-17 00:47:56,421 - MMSA [INFO] - TRAIN-(msalm) [9/13/5] >> loss: 0.2536  Has0_acc_2: 0.8784  Has0_F1_score: 0.8825  Non0_acc_2: 0.9641  Non0_F1_score: 0.9641  Mult_acc_5: 0.8017  Mult_acc_7: 0.7742  MAE: 0.2533  Corr: 0.9505  clm loss: 3.0651 total loss: 4.5563 bn loss: 0.2356 av loss: 0.7809 text loss: 0.2211
2026-01-17 00:48:05,603 - MMSA [INFO] - VAL-(msalm) >>  Has0_acc_2: 0.8055  Has0_F1_score: 0.8140  Non0_acc_2: 0.8512  Non0_F1_score: 0.8528  Mult_acc_5: 0.5772  Mult_acc_7: 0.5633  MAE: 0.5028  Corr: 0.7707  Loss: 0.5038 
2026-01-17 00:52:42,288 - MMSA [INFO] - TRAIN-(msalm) [10/14/5] >> loss: 0.2455  Has0_acc_2: 0.8752  Has0_F1_score: 0.8796  Non0_acc_2: 0.9668  Non0_F1_score: 0.9668  Mult_acc_5: 0.8076  Mult_acc_7: 0.7849  MAE: 0.2455  Corr: 0.9535  clm loss: 3.0352 total loss: 4.4896 bn loss: 0.2229 av loss: 0.7798 text loss: 0.2063
2026-01-17 00:52:51,214 - MMSA [INFO] - VAL-(msalm) >>  Has0_acc_2: 0.7996  Has0_F1_score: 0.8084  Non0_acc_2: 0.8498  Non0_F1_score: 0.8512  Mult_acc_5: 0.5778  Mult_acc_7: 0.5633  MAE: 0.5053  Corr: 0.7707  Loss: 0.5077 
2026-01-17 00:53:12,956 - MMSA [INFO] - TEST-(msalm) >>  Has0_acc_2: 0.8268  Has0_F1_score: 0.8311  Non0_acc_2: 0.8660  Non0_F1_score: 0.8656  Mult_acc_5: 0.5724  Mult_acc_7: 0.5542  MAE: 0.5076  Corr: 0.7955  Loss: 0.5081 
2026-01-17 00:53:15,279 - MMSA [INFO] - Result for seed 1994: {'Has0_acc_2': 0.8268, 'Has0_F1_score': 0.8311, 'Non0_acc_2': 0.866, 'Non0_F1_score': 0.8656, 'Mult_acc_5': 0.5724, 'Mult_acc_7': 0.5542, 'MAE': 0.5076, 'Corr': 0.7955, 'Loss': 0.5081, 'seed': 1994}
2026-01-17 00:53:15,412 - MMSA [INFO] - Results saved to MMSA/results/mosei/nf12_k3_0002/thesis-mosei-nf12-k3-02/normal/mosei_avg.csv.
