2026-01-17 08:37:47,221 - MMSA [INFO] - ======================================== Program Start ========================================
2026-01-17 08:37:47,289 - MMSA [INFO] - Running with args:
2026-01-17 08:37:47,289 - MMSA [INFO] - {'model_name': 'msalm', 'dataset_name': 'mosei', 'featurePath': '/leonardo_work/EUHPC_A04_051/alexfil/MSA-Datasets/CMU-MOSEI/Processed/unaligned_50.pkl', 'seq_lens': [50, 500, 375], 'feature_dims': [768, 74, 35], 'train_samples': 16326, 'num_classes': 3, 'language': 'en', 'KeyEval': 'Loss', 'missing_rate': [0.0, 0.0, 0.0], 'missing_seed': [1111, 1111, 1111], 'need_data_aligned': False, 'need_model_aligned': False, 'early_stop': 10, 'use_bert': False, 'use_bert_finetune': False, 'attn_mask': True, 'excludeZero': True, 'update_epochs': 8, 'use_augmentation': False, 'use_m3xup': False, 'hfPath': False, 'use_ulgm': False, 'update_labels_patience': 1, 'H': 3.0, 'del_model': True, 'max_token_len': 50, 'pad_token': '<|endoftext|>', 'lm': '/leonardo_work/EUHPC_A04_051/alexfil/gpt2-large', 'use_bf16': False, 'task_out': 1, 'use_clm': True, 'gamma': 1.0, 'l_bn': 1.0, 'l_av': 1.0, 'l_t': 1.0, 'warmup_epochs': 1, 'max_epochs': 20, 'beta_1': 0.9, 'beta_2': 0.95, 'use_lnorm': True, 'rescale': False, 'rescaler': 'sqrt', 'use_seqaug': True, 'n_bn_fusion': 10, 'modded_loss': True, 'embedding_attr_name': 'transformer.wte', 'decoder_layers_attr_name': 'transformer.h', 'mmgpt': {'type': 'gpt2', 'd_out': 64, 'combine': True, 'dropout': 0.1, 'mm_layer': [7, 14, 21, 28, 35], 'top_k': 3, 'layer_dropout': 0.0, 'dense': True, 'tie_ffn': True, 'n_embd': 1280, 'bias': True, 'kv_dim': 30, 'n_head': 16, 'd_mm': 1280, 'gating': 'sigmoid', 'init_gate': [0.0, 0.0, 0.0, 0.0, 0.0, 0.0, 0.0, 0.0, 0.0, 0.0], 'use_softperm': True, 'p_perm': 0.3, 'p_apply': 0.25, 'use_lora': False, 'lora': {'lora_alpha': 128, 'r': 64, 'lora_dropout': 0.05}}, 'av_enc': {'finetune': True, 'from_pretrained': True, 'path_to_pretrained': '/leonardo_work/EUHPC_A04_051/alexfil/DeepMLF-Reprod/checkpoints/bienc-mosei-1990/bienc-mosei-1990.pth', 'feature_dims': [768, 74, 35], 'd_enc': 30, 'n_embd': 30, 'n_head': 6, 'nlevels': 3, 'd_enc_out': 30, 'maxlen': 50, 'p_mask': 0.15, 'enc_attn_dropout': 0.1, 'enc_res_dropout': 0.1, 'enc_dropout': 0.1, 'use_softperm': True, 'p_perm': 0.2, 'mask_perm_ratio': 0.5, 'tf_fusion': False, 'use_bn': False, 'use_ln': False}, 'gpt': {'vocab_size': 50257, 'block_size': 1024, 'bias': True, 'n_embd': 1024, 'n_layer': 24, 'n_head': 16, 'dropout': 0.0}, 'batch_size': 32, 'grad_clip': 5.0, 'patience': 10, 'weight_decay_mmgpt': 0.1, 'weight_decay_av': 0.1, 'learning_rate_av': 0.0001, 'learning_rate_mmgpt': 0.0001, 'device': device(type='cuda', index=0), 'train_mode': 'regression', 'custom_feature': None, 'feature_T': '', 'feature_A': '', 'feature_V': ''}
2026-01-17 08:37:47,289 - MMSA [INFO] - Seeds: [1990, 1991, 1992, 1993, 1994]
2026-01-17 08:37:47,289 - MMSA [INFO] - ------------------------------ Running with seed 1990 [1/5] ------------------------------
2026-01-17 08:50:09,334 - MMSA [INFO] - The model has 914777996 trainable parameters
2026-01-17 08:54:41,665 - MMSA [INFO] - TRAIN-(msalm) [1/1/1] >> loss: 0.7976  Has0_acc_2: 0.6754  Has0_F1_score: 0.6824  Non0_acc_2: 0.6838  Non0_F1_score: 0.6804  Mult_acc_5: 0.4082  Mult_acc_7: 0.4074  MAE: 0.7978  Corr: 0.3821  clm loss: 4.2736 total loss: 7.851 bn loss: 0.8534 av loss: 1.0827 text loss: 0.8437
2026-01-17 08:54:50,819 - MMSA [INFO] - VAL-(msalm) >>  Has0_acc_2: 0.7723  Has0_F1_score: 0.7817  Non0_acc_2: 0.8039  Non0_F1_score: 0.8056  Mult_acc_5: 0.4853  Mult_acc_7: 0.4805  MAE: 0.6326  Corr: 0.6077  Loss: 0.6324 
2026-01-17 08:59:26,582 - MMSA [INFO] - TRAIN-(msalm) [1/2/1] >> loss: 0.6152  Has0_acc_2: 0.7781  Has0_F1_score: 0.7852  Non0_acc_2: 0.8188  Non0_F1_score: 0.8191  Mult_acc_5: 0.4995  Mult_acc_7: 0.4855  MAE: 0.6154  Corr: 0.6946  clm loss: 3.7842 total loss: 6.5559 bn loss: 0.6415 av loss: 0.8398 text loss: 0.6752
2026-01-17 08:59:35,457 - MMSA [INFO] - VAL-(msalm) >>  Has0_acc_2: 0.8108  Has0_F1_score: 0.8174  Non0_acc_2: 0.8512  Non0_F1_score: 0.8514  Mult_acc_5: 0.5612  Mult_acc_7: 0.5526  MAE: 0.5227  Corr: 0.7398  Loss: 0.5220 
2026-01-17 09:04:11,587 - MMSA [INFO] - TRAIN-(msalm) [1/3/1] >> loss: 0.541  Has0_acc_2: 0.8080  Has0_F1_score: 0.8138  Non0_acc_2: 0.8544  Non0_F1_score: 0.8544  Mult_acc_5: 0.5557  Mult_acc_7: 0.5360  MAE: 0.5411  Corr: 0.7670  clm loss: 3.6233 total loss: 6.1051 bn loss: 0.5484 av loss: 0.8052 text loss: 0.5872
2026-01-17 09:04:20,412 - MMSA [INFO] - VAL-(msalm) >>  Has0_acc_2: 0.8306  Has0_F1_score: 0.8352  Non0_acc_2: 0.8679  Non0_F1_score: 0.8672  Mult_acc_5: 0.5762  Mult_acc_7: 0.5617  MAE: 0.5019  Corr: 0.7668  Loss: 0.5026 
2026-01-17 09:08:56,573 - MMSA [INFO] - TRAIN-(msalm) [1/4/1] >> loss: 0.507  Has0_acc_2: 0.8178  Has0_F1_score: 0.8231  Non0_acc_2: 0.8686  Non0_F1_score: 0.8684  Mult_acc_5: 0.5846  Mult_acc_7: 0.5643  MAE: 0.5070  Corr: 0.7963  clm loss: 3.5537 total loss: 5.9112 bn loss: 0.51 av loss: 0.7988 text loss: 0.5416
2026-01-17 09:09:05,381 - MMSA [INFO] - VAL-(msalm) >>  Has0_acc_2: 0.8348  Has0_F1_score: 0.8393  Non0_acc_2: 0.8707  Non0_F1_score: 0.8701  Mult_acc_5: 0.5836  Mult_acc_7: 0.5687  MAE: 0.4969  Corr: 0.7714  Loss: 0.4962 
2026-01-17 09:13:41,513 - MMSA [INFO] - TRAIN-(msalm) [1/5/1] >> loss: 0.4696  Has0_acc_2: 0.8360  Has0_F1_score: 0.8406  Non0_acc_2: 0.8867  Non0_F1_score: 0.8865  Mult_acc_5: 0.6112  Mult_acc_7: 0.5894  MAE: 0.4697  Corr: 0.8261  clm loss: 3.486 total loss: 5.7219 bn loss: 0.4737 av loss: 0.7957 text loss: 0.497
2026-01-17 09:13:50,386 - MMSA [INFO] - VAL-(msalm) >>  Has0_acc_2: 0.8471  Has0_F1_score: 0.8493  Non0_acc_2: 0.8679  Non0_F1_score: 0.8663  Mult_acc_5: 0.5767  Mult_acc_7: 0.5601  MAE: 0.4972  Corr: 0.7765  Loss: 0.4955 
2026-01-17 09:18:26,654 - MMSA [INFO] - TRAIN-(msalm) [1/6/1] >> loss: 0.4526  Has0_acc_2: 0.8339  Has0_F1_score: 0.8390  Non0_acc_2: 0.8896  Non0_F1_score: 0.8896  Mult_acc_5: 0.6244  Mult_acc_7: 0.6002  MAE: 0.4529  Corr: 0.8381  clm loss: 3.4526 total loss: 5.6185 bn loss: 0.4546 av loss: 0.7933 text loss: 0.4653
2026-01-17 09:18:35,552 - MMSA [INFO] - VAL-(msalm) >>  Has0_acc_2: 0.8156  Has0_F1_score: 0.8210  Non0_acc_2: 0.8581  Non0_F1_score: 0.8572  Mult_acc_5: 0.5895  Mult_acc_7: 0.5746  MAE: 0.4931  Corr: 0.7728  Loss: 0.4923 
2026-01-17 09:23:11,694 - MMSA [INFO] - TRAIN-(msalm) [1/7/1] >> loss: 0.424  Has0_acc_2: 0.8464  Has0_F1_score: 0.8507  Non0_acc_2: 0.9069  Non0_F1_score: 0.9065  Mult_acc_5: 0.6514  Mult_acc_7: 0.6256  MAE: 0.4235  Corr: 0.8575  clm loss: 3.4247 total loss: 5.5096 bn loss: 0.4313 av loss: 0.7925 text loss: 0.4371
2026-01-17 09:23:20,559 - MMSA [INFO] - VAL-(msalm) >>  Has0_acc_2: 0.8407  Has0_F1_score: 0.8425  Non0_acc_2: 0.8602  Non0_F1_score: 0.8580  Mult_acc_5: 0.5724  Mult_acc_7: 0.5575  MAE: 0.5078  Corr: 0.7721  Loss: 0.5072 
2026-01-17 09:27:51,454 - MMSA [INFO] - TRAIN-(msalm) [2/8/1] >> loss: 0.4062  Has0_acc_2: 0.8452  Has0_F1_score: 0.8501  Non0_acc_2: 0.9114  Non0_F1_score: 0.9113  Mult_acc_5: 0.6602  Mult_acc_7: 0.6348  MAE: 0.4065  Corr: 0.8709  clm loss: 3.3902 total loss: 5.4093 bn loss: 0.41 av loss: 0.7912 text loss: 0.4116
2026-01-17 09:28:00,558 - MMSA [INFO] - VAL-(msalm) >>  Has0_acc_2: 0.8081  Has0_F1_score: 0.8152  Non0_acc_2: 0.8512  Non0_F1_score: 0.8516  Mult_acc_5: 0.5746  Mult_acc_7: 0.5596  MAE: 0.5011  Corr: 0.7665  Loss: 0.5028 
2026-01-17 09:32:31,464 - MMSA [INFO] - TRAIN-(msalm) [3/9/1] >> loss: 0.38  Has0_acc_2: 0.8553  Has0_F1_score: 0.8597  Non0_acc_2: 0.9221  Non0_F1_score: 0.9219  Mult_acc_5: 0.6817  Mult_acc_7: 0.6570  MAE: 0.3799  Corr: 0.8855  clm loss: 3.366 total loss: 5.3119 bn loss: 0.3914 av loss: 0.7909 text loss: 0.3836
2026-01-17 09:32:40,280 - MMSA [INFO] - VAL-(msalm) >>  Has0_acc_2: 0.8418  Has0_F1_score: 0.8443  Non0_acc_2: 0.8651  Non0_F1_score: 0.8635  Mult_acc_5: 0.5874  Mult_acc_7: 0.5762  MAE: 0.4946  Corr: 0.7746  Loss: 0.4939 
2026-01-17 09:37:11,340 - MMSA [INFO] - TRAIN-(msalm) [4/10/1] >> loss: 0.369  Has0_acc_2: 0.8560  Has0_F1_score: 0.8605  Non0_acc_2: 0.9259  Non0_F1_score: 0.9257  Mult_acc_5: 0.6929  Mult_acc_7: 0.6679  MAE: 0.3688  Corr: 0.8925  clm loss: 3.346 total loss: 5.2475 bn loss: 0.3771 av loss: 0.7891 text loss: 0.3664
2026-01-17 09:37:20,180 - MMSA [INFO] - VAL-(msalm) >>  Has0_acc_2: 0.8065  Has0_F1_score: 0.8150  Non0_acc_2: 0.8616  Non0_F1_score: 0.8628  Mult_acc_5: 0.5612  Mult_acc_7: 0.5478  MAE: 0.5011  Corr: 0.7738  Loss: 0.5000 
2026-01-17 09:41:51,282 - MMSA [INFO] - TRAIN-(msalm) [5/11/1] >> loss: 0.3542  Has0_acc_2: 0.8621  Has0_F1_score: 0.8664  Non0_acc_2: 0.9306  Non0_F1_score: 0.9306  Mult_acc_5: 0.7124  Mult_acc_7: 0.6877  MAE: 0.3537  Corr: 0.9002  clm loss: 3.3294 total loss: 5.1817 bn loss: 0.3617 av loss: 0.7881 text loss: 0.3483
2026-01-17 09:42:00,440 - MMSA [INFO] - VAL-(msalm) >>  Has0_acc_2: 0.8156  Has0_F1_score: 0.8212  Non0_acc_2: 0.8505  Non0_F1_score: 0.8502  Mult_acc_5: 0.5692  Mult_acc_7: 0.5559  MAE: 0.5088  Corr: 0.7686  Loss: 0.5070 
2026-01-17 09:46:31,583 - MMSA [INFO] - TRAIN-(msalm) [6/12/1] >> loss: 0.3392  Has0_acc_2: 0.8607  Has0_F1_score: 0.8653  Non0_acc_2: 0.9370  Non0_F1_score: 0.9369  Mult_acc_5: 0.7250  Mult_acc_7: 0.7009  MAE: 0.3386  Corr: 0.9082  clm loss: 3.3137 total loss: 5.1204 bn loss: 0.3483 av loss: 0.7873 text loss: 0.3319
2026-01-17 09:46:40,448 - MMSA [INFO] - VAL-(msalm) >>  Has0_acc_2: 0.8033  Has0_F1_score: 0.8117  Non0_acc_2: 0.8554  Non0_F1_score: 0.8564  Mult_acc_5: 0.5644  Mult_acc_7: 0.5521  MAE: 0.5024  Corr: 0.7710  Loss: 0.5020 
2026-01-17 09:51:11,655 - MMSA [INFO] - TRAIN-(msalm) [7/13/1] >> loss: 0.3285  Has0_acc_2: 0.8664  Has0_F1_score: 0.8707  Non0_acc_2: 0.9424  Non0_F1_score: 0.9424  Mult_acc_5: 0.7287  Mult_acc_7: 0.7035  MAE: 0.3285  Corr: 0.9137  clm loss: 3.2984 total loss: 5.0682 bn loss: 0.3367 av loss: 0.7875 text loss: 0.317
2026-01-17 09:51:20,495 - MMSA [INFO] - VAL-(msalm) >>  Has0_acc_2: 0.8145  Has0_F1_score: 0.8211  Non0_acc_2: 0.8581  Non0_F1_score: 0.8584  Mult_acc_5: 0.5596  Mult_acc_7: 0.5473  MAE: 0.5046  Corr: 0.7697  Loss: 0.5035 
2026-01-17 09:55:51,764 - MMSA [INFO] - TRAIN-(msalm) [8/14/1] >> loss: 0.3177  Has0_acc_2: 0.8661  Has0_F1_score: 0.8705  Non0_acc_2: 0.9424  Non0_F1_score: 0.9424  Mult_acc_5: 0.7427  Mult_acc_7: 0.7173  MAE: 0.3173  Corr: 0.9208  clm loss: 3.2862 total loss: 5.0182 bn loss: 0.3233 av loss: 0.7872 text loss: 0.3038
2026-01-17 09:56:00,945 - MMSA [INFO] - VAL-(msalm) >>  Has0_acc_2: 0.8279  Has0_F1_score: 0.8324  Non0_acc_2: 0.8595  Non0_F1_score: 0.8589  Mult_acc_5: 0.5740  Mult_acc_7: 0.5607  MAE: 0.5068  Corr: 0.7703  Loss: 0.5061 
2026-01-17 10:00:32,989 - MMSA [INFO] - TRAIN-(msalm) [9/15/1] >> loss: 0.303  Has0_acc_2: 0.8702  Has0_F1_score: 0.8745  Non0_acc_2: 0.9485  Non0_F1_score: 0.9484  Mult_acc_5: 0.7535  Mult_acc_7: 0.7295  MAE: 0.3032  Corr: 0.9267  clm loss: 3.2714 total loss: 4.97 bn loss: 0.3147 av loss: 0.7868 text loss: 0.2942
2026-01-17 10:00:42,138 - MMSA [INFO] - VAL-(msalm) >>  Has0_acc_2: 0.8060  Has0_F1_score: 0.8138  Non0_acc_2: 0.8519  Non0_F1_score: 0.8528  Mult_acc_5: 0.5697  Mult_acc_7: 0.5580  MAE: 0.4997  Corr: 0.7720  Loss: 0.5011 
2026-01-17 10:05:13,470 - MMSA [INFO] - TRAIN-(msalm) [10/16/1] >> loss: 0.2993  Has0_acc_2: 0.8685  Has0_F1_score: 0.8729  Non0_acc_2: 0.9474  Non0_F1_score: 0.9474  Mult_acc_5: 0.7568  Mult_acc_7: 0.7326  MAE: 0.2993  Corr: 0.9274  clm loss: 3.2799 total loss: 4.9727 bn loss: 0.3132 av loss: 0.7865 text loss: 0.2939
2026-01-17 10:05:22,395 - MMSA [INFO] - VAL-(msalm) >>  Has0_acc_2: 0.8220  Has0_F1_score: 0.8280  Non0_acc_2: 0.8644  Non0_F1_score: 0.8644  Mult_acc_5: 0.5639  Mult_acc_7: 0.5510  MAE: 0.5034  Corr: 0.7699  Loss: 0.5034 
2026-01-17 10:05:44,917 - MMSA [INFO] - TEST-(msalm) >>  Has0_acc_2: 0.8283  Has0_F1_score: 0.8328  Non0_acc_2: 0.8696  Non0_F1_score: 0.8693  Mult_acc_5: 0.5742  Mult_acc_7: 0.5527  MAE: 0.5076  Corr: 0.8030  Loss: 0.5074 
2026-01-17 10:05:47,254 - MMSA [INFO] - Result for seed 1990: {'Has0_acc_2': 0.8283, 'Has0_F1_score': 0.8328, 'Non0_acc_2': 0.8696, 'Non0_F1_score': 0.8693, 'Mult_acc_5': 0.5742, 'Mult_acc_7': 0.5527, 'MAE': 0.5076, 'Corr': 0.803, 'Loss': 0.5074, 'seed': 1990}
2026-01-17 10:05:47,256 - MMSA [INFO] - ------------------------------ Running with seed 1991 [2/5] ------------------------------
2026-01-17 10:17:41,845 - MMSA [INFO] - The model has 914777996 trainable parameters
2026-01-17 10:22:13,282 - MMSA [INFO] - TRAIN-(msalm) [1/1/2] >> loss: 0.8239  Has0_acc_2: 0.5829  Has0_F1_score: 0.5978  Non0_acc_2: 0.6323  Non0_F1_score: 0.6352  Mult_acc_5: 0.4030  Mult_acc_7: 0.3996  MAE: 0.8234  Corr: 0.4156  clm loss: 4.2327 total loss: 7.6504 bn loss: 0.8495 av loss: 0.8519 text loss: 0.8924
2026-01-17 10:22:22,218 - MMSA [INFO] - VAL-(msalm) >>  Has0_acc_2: 0.7247  Has0_F1_score: 0.7399  Non0_acc_2: 0.7816  Non0_F1_score: 0.7863  Mult_acc_5: 0.4655  Mult_acc_7: 0.4548  MAE: 0.6422  Corr: 0.6153  Loss: 0.6417 
2026-01-17 10:26:58,136 - MMSA [INFO] - TRAIN-(msalm) [1/2/2] >> loss: 0.6215  Has0_acc_2: 0.7499  Has0_F1_score: 0.7609  Non0_acc_2: 0.8091  Non0_F1_score: 0.8117  Mult_acc_5: 0.4999  Mult_acc_7: 0.4846  MAE: 0.6214  Corr: 0.6990  clm loss: 3.7541 total loss: 6.4851 bn loss: 0.6247 av loss: 0.8068 text loss: 0.6781
2026-01-17 10:27:07,133 - MMSA [INFO] - VAL-(msalm) >>  Has0_acc_2: 0.8087  Has0_F1_score: 0.8169  Non0_acc_2: 0.8609  Non0_F1_score: 0.8621  Mult_acc_5: 0.5655  Mult_acc_7: 0.5537  MAE: 0.5140  Corr: 0.7514  Loss: 0.5130 
2026-01-17 10:31:43,635 - MMSA [INFO] - TRAIN-(msalm) [1/3/2] >> loss: 0.534  Has0_acc_2: 0.8072  Has0_F1_score: 0.8137  Non0_acc_2: 0.8593  Non0_F1_score: 0.8598  Mult_acc_5: 0.5617  Mult_acc_7: 0.5436  MAE: 0.5345  Corr: 0.7740  clm loss: 3.6027 total loss: 6.0506 bn loss: 0.5322 av loss: 0.7991 text loss: 0.5825
2026-01-17 10:31:52,832 - MMSA [INFO] - VAL-(msalm) >>  Has0_acc_2: 0.8434  Has0_F1_score: 0.8473  Non0_acc_2: 0.8713  Non0_F1_score: 0.8710  Mult_acc_5: 0.5762  Mult_acc_7: 0.5596  MAE: 0.4969  Corr: 0.7711  Loss: 0.4957 
2026-01-17 10:36:29,381 - MMSA [INFO] - TRAIN-(msalm) [1/4/2] >> loss: 0.4957  Has0_acc_2: 0.8265  Has0_F1_score: 0.8318  Non0_acc_2: 0.8759  Non0_F1_score: 0.8760  Mult_acc_5: 0.5884  Mult_acc_7: 0.5671  MAE: 0.4952  Corr: 0.8058  clm loss: 3.5289 total loss: 5.857 bn loss: 0.5015 av loss: 0.7953 text loss: 0.5356
2026-01-17 10:36:38,382 - MMSA [INFO] - VAL-(msalm) >>  Has0_acc_2: 0.7996  Has0_F1_score: 0.8090  Non0_acc_2: 0.8588  Non0_F1_score: 0.8605  Mult_acc_5: 0.5820  Mult_acc_7: 0.5676  MAE: 0.4954  Corr: 0.7738  Loss: 0.4943 
2026-01-17 10:41:14,896 - MMSA [INFO] - TRAIN-(msalm) [1/5/2] >> loss: 0.4739  Has0_acc_2: 0.8292  Has0_F1_score: 0.8343  Non0_acc_2: 0.8821  Non0_F1_score: 0.8821  Mult_acc_5: 0.6144  Mult_acc_7: 0.5921  MAE: 0.4739  Corr: 0.8216  clm loss: 3.4783 total loss: 5.7231 bn loss: 0.4766 av loss: 0.7935 text loss: 0.5006
2026-01-17 10:41:23,927 - MMSA [INFO] - VAL-(msalm) >>  Has0_acc_2: 0.8279  Has0_F1_score: 0.8335  Non0_acc_2: 0.8672  Non0_F1_score: 0.8672  Mult_acc_5: 0.5804  Mult_acc_7: 0.5655  MAE: 0.4910  Corr: 0.7822  Loss: 0.4911 
2026-01-17 10:46:00,427 - MMSA [INFO] - TRAIN-(msalm) [1/6/2] >> loss: 0.4396  Has0_acc_2: 0.8400  Has0_F1_score: 0.8446  Non0_acc_2: 0.8953  Non0_F1_score: 0.8951  Mult_acc_5: 0.6377  Mult_acc_7: 0.6141  MAE: 0.4393  Corr: 0.8476  clm loss: 3.4309 total loss: 5.5764 bn loss: 0.4511 av loss: 0.7909 text loss: 0.4639
2026-01-17 10:46:09,725 - MMSA [INFO] - VAL-(msalm) >>  Has0_acc_2: 0.8407  Has0_F1_score: 0.8442  Non0_acc_2: 0.8693  Non0_F1_score: 0.8683  Mult_acc_5: 0.5714  Mult_acc_7: 0.5553  MAE: 0.4935  Corr: 0.7804  Loss: 0.4935 
2026-01-17 10:50:41,016 - MMSA [INFO] - TRAIN-(msalm) [2/7/2] >> loss: 0.4193  Has0_acc_2: 0.8473  Has0_F1_score: 0.8519  Non0_acc_2: 0.9069  Non0_F1_score: 0.9068  Mult_acc_5: 0.6519  Mult_acc_7: 0.6273  MAE: 0.4196  Corr: 0.8618  clm loss: 3.4057 total loss: 5.473 bn loss: 0.4278 av loss: 0.7902 text loss: 0.4299
2026-01-17 10:50:50,042 - MMSA [INFO] - VAL-(msalm) >>  Has0_acc_2: 0.8252  Has0_F1_score: 0.8308  Non0_acc_2: 0.8651  Non0_F1_score: 0.8650  Mult_acc_5: 0.5810  Mult_acc_7: 0.5671  MAE: 0.4932  Corr: 0.7757  Loss: 0.4945 
2026-01-17 10:55:21,430 - MMSA [INFO] - TRAIN-(msalm) [3/8/2] >> loss: 0.3959  Has0_acc_2: 0.8522  Has0_F1_score: 0.8566  Non0_acc_2: 0.9148  Non0_F1_score: 0.9147  Mult_acc_5: 0.6759  Mult_acc_7: 0.6521  MAE: 0.3955  Corr: 0.8750  clm loss: 3.3772 total loss: 5.3761 bn loss: 0.4077 av loss: 0.7894 text loss: 0.406
2026-01-17 10:55:30,437 - MMSA [INFO] - VAL-(msalm) >>  Has0_acc_2: 0.8397  Has0_F1_score: 0.8430  Non0_acc_2: 0.8637  Non0_F1_score: 0.8628  Mult_acc_5: 0.5756  Mult_acc_7: 0.5601  MAE: 0.4997  Corr: 0.7794  Loss: 0.5003 
2026-01-17 11:00:01,826 - MMSA [INFO] - TRAIN-(msalm) [4/9/2] >> loss: 0.3768  Has0_acc_2: 0.8569  Has0_F1_score: 0.8614  Non0_acc_2: 0.9235  Non0_F1_score: 0.9235  Mult_acc_5: 0.6899  Mult_acc_7: 0.6647  MAE: 0.3768  Corr: 0.8861  clm loss: 3.3523 total loss: 5.2923 bn loss: 0.3925 av loss: 0.7886 text loss: 0.3822
2026-01-17 11:00:10,803 - MMSA [INFO] - VAL-(msalm) >>  Has0_acc_2: 0.8252  Has0_F1_score: 0.8311  Non0_acc_2: 0.8644  Non0_F1_score: 0.8646  Mult_acc_5: 0.5826  Mult_acc_7: 0.5681  MAE: 0.4972  Corr: 0.7780  Loss: 0.4959 
2026-01-17 11:04:42,109 - MMSA [INFO] - TRAIN-(msalm) [5/10/2] >> loss: 0.3603  Has0_acc_2: 0.8582  Has0_F1_score: 0.8629  Non0_acc_2: 0.9315  Non0_F1_score: 0.9315  Mult_acc_5: 0.7027  Mult_acc_7: 0.6776  MAE: 0.3599  Corr: 0.8976  clm loss: 3.3316 total loss: 5.2074 bn loss: 0.3714 av loss: 0.7867 text loss: 0.3574
2026-01-17 11:04:51,515 - MMSA [INFO] - VAL-(msalm) >>  Has0_acc_2: 0.8172  Has0_F1_score: 0.8238  Non0_acc_2: 0.8609  Non0_F1_score: 0.8612  Mult_acc_5: 0.5735  Mult_acc_7: 0.5591  MAE: 0.4984  Corr: 0.7766  Loss: 0.4972 
2026-01-17 11:09:22,794 - MMSA [INFO] - TRAIN-(msalm) [6/11/2] >> loss: 0.3465  Has0_acc_2: 0.8671  Has0_F1_score: 0.8713  Non0_acc_2: 0.9363  Non0_F1_score: 0.9363  Mult_acc_5: 0.7200  Mult_acc_7: 0.6952  MAE: 0.3455  Corr: 0.9062  clm loss: 3.3081 total loss: 5.1333 bn loss: 0.354 av loss: 0.7872 text loss: 0.3375
2026-01-17 11:09:31,788 - MMSA [INFO] - VAL-(msalm) >>  Has0_acc_2: 0.8204  Has0_F1_score: 0.8267  Non0_acc_2: 0.8630  Non0_F1_score: 0.8633  Mult_acc_5: 0.5730  Mult_acc_7: 0.5596  MAE: 0.4961  Corr: 0.7762  Loss: 0.4949 
2026-01-17 11:14:03,782 - MMSA [INFO] - TRAIN-(msalm) [7/12/2] >> loss: 0.3326  Has0_acc_2: 0.8673  Has0_F1_score: 0.8717  Non0_acc_2: 0.9424  Non0_F1_score: 0.9424  Mult_acc_5: 0.7301  Mult_acc_7: 0.7048  MAE: 0.3324  Corr: 0.9139  clm loss: 3.2889 total loss: 5.073 bn loss: 0.3419 av loss: 0.7862 text loss: 0.3235
2026-01-17 11:14:13,228 - MMSA [INFO] - VAL-(msalm) >>  Has0_acc_2: 0.8124  Has0_F1_score: 0.8193  Non0_acc_2: 0.8561  Non0_F1_score: 0.8565  Mult_acc_5: 0.5714  Mult_acc_7: 0.5580  MAE: 0.4993  Corr: 0.7737  Loss: 0.4997 
2026-01-17 11:18:44,997 - MMSA [INFO] - TRAIN-(msalm) [8/13/2] >> loss: 0.3264  Has0_acc_2: 0.8684  Has0_F1_score: 0.8727  Non0_acc_2: 0.9454  Non0_F1_score: 0.9454  Mult_acc_5: 0.7355  Mult_acc_7: 0.7110  MAE: 0.3264  Corr: 0.9154  clm loss: 3.2912 total loss: 5.0521 bn loss: 0.3348 av loss: 0.785 text loss: 0.3146
2026-01-17 11:18:54,380 - MMSA [INFO] - VAL-(msalm) >>  Has0_acc_2: 0.8183  Has0_F1_score: 0.8246  Non0_acc_2: 0.8616  Non0_F1_score: 0.8618  Mult_acc_5: 0.5820  Mult_acc_7: 0.5676  MAE: 0.4994  Corr: 0.7739  Loss: 0.4992 
2026-01-17 11:23:26,231 - MMSA [INFO] - TRAIN-(msalm) [9/14/2] >> loss: 0.3144  Has0_acc_2: 0.8671  Has0_F1_score: 0.8716  Non0_acc_2: 0.9473  Non0_F1_score: 0.9473  Mult_acc_5: 0.7429  Mult_acc_7: 0.7171  MAE: 0.3140  Corr: 0.9217  clm loss: 3.28 total loss: 5.0046 bn loss: 0.3234 av loss: 0.7852 text loss: 0.3016
2026-01-17 11:23:35,181 - MMSA [INFO] - VAL-(msalm) >>  Has0_acc_2: 0.8231  Has0_F1_score: 0.8287  Non0_acc_2: 0.8574  Non0_F1_score: 0.8575  Mult_acc_5: 0.5746  Mult_acc_7: 0.5607  MAE: 0.5034  Corr: 0.7749  Loss: 0.5053 
2026-01-17 11:28:06,803 - MMSA [INFO] - TRAIN-(msalm) [10/15/2] >> loss: 0.3091  Has0_acc_2: 0.8698  Has0_F1_score: 0.8741  Non0_acc_2: 0.9495  Non0_F1_score: 0.9494  Mult_acc_5: 0.7494  Mult_acc_7: 0.7233  MAE: 0.3093  Corr: 0.9244  clm loss: 3.2622 total loss: 4.965 bn loss: 0.3157 av loss: 0.7855 text loss: 0.2926
2026-01-17 11:28:15,828 - MMSA [INFO] - VAL-(msalm) >>  Has0_acc_2: 0.8199  Has0_F1_score: 0.8258  Non0_acc_2: 0.8616  Non0_F1_score: 0.8615  Mult_acc_5: 0.5762  Mult_acc_7: 0.5612  MAE: 0.5030  Corr: 0.7715  Loss: 0.5026 
2026-01-17 11:28:38,184 - MMSA [INFO] - TEST-(msalm) >>  Has0_acc_2: 0.8188  Has0_F1_score: 0.8243  Non0_acc_2: 0.8652  Non0_F1_score: 0.8652  Mult_acc_5: 0.5712  Mult_acc_7: 0.5525  MAE: 0.5066  Corr: 0.8039  Loss: 0.5069 
2026-01-17 11:28:40,786 - MMSA [INFO] - Result for seed 1991: {'Has0_acc_2': 0.8188, 'Has0_F1_score': 0.8243, 'Non0_acc_2': 0.8652, 'Non0_F1_score': 0.8652, 'Mult_acc_5': 0.5712, 'Mult_acc_7': 0.5525, 'MAE': 0.5066, 'Corr': 0.8039, 'Loss': 0.5069, 'seed': 1991}
2026-01-17 11:28:40,787 - MMSA [INFO] - ------------------------------ Running with seed 1992 [3/5] ------------------------------
2026-01-17 11:40:28,557 - MMSA [INFO] - The model has 914777996 trainable parameters
2026-01-17 11:44:59,840 - MMSA [INFO] - TRAIN-(msalm) [1/1/3] >> loss: 0.801  Has0_acc_2: 0.6483  Has0_F1_score: 0.6618  Non0_acc_2: 0.6631  Non0_F1_score: 0.6659  Mult_acc_5: 0.4153  Mult_acc_7: 0.4133  MAE: 0.8016  Corr: 0.3787  clm loss: 4.2476 total loss: 7.613 bn loss: 0.8314 av loss: 0.893 text loss: 0.8401
2026-01-17 11:45:08,799 - MMSA [INFO] - VAL-(msalm) >>  Has0_acc_2: 0.7616  Has0_F1_score: 0.7725  Non0_acc_2: 0.8025  Non0_F1_score: 0.8047  Mult_acc_5: 0.4880  Mult_acc_7: 0.4741  MAE: 0.6217  Corr: 0.6355  Loss: 0.6193 
2026-01-17 11:49:44,574 - MMSA [INFO] - TRAIN-(msalm) [1/2/3] >> loss: 0.6023  Has0_acc_2: 0.7834  Has0_F1_score: 0.7903  Non0_acc_2: 0.8236  Non0_F1_score: 0.8240  Mult_acc_5: 0.5132  Mult_acc_7: 0.4987  MAE: 0.6016  Corr: 0.7074  clm loss: 3.7576 total loss: 6.463 bn loss: 0.6207 av loss: 0.8106 text loss: 0.6717
2026-01-17 11:49:53,552 - MMSA [INFO] - VAL-(msalm) >>  Has0_acc_2: 0.8044  Has0_F1_score: 0.8125  Non0_acc_2: 0.8581  Non0_F1_score: 0.8589  Mult_acc_5: 0.5601  Mult_acc_7: 0.5452  MAE: 0.5302  Corr: 0.7444  Loss: 0.5296 
2026-01-17 11:54:30,286 - MMSA [INFO] - TRAIN-(msalm) [1/3/3] >> loss: 0.5313  Has0_acc_2: 0.8110  Has0_F1_score: 0.8163  Non0_acc_2: 0.8552  Non0_F1_score: 0.8550  Mult_acc_5: 0.5649  Mult_acc_7: 0.5447  MAE: 0.5317  Corr: 0.7746  clm loss: 3.6209 total loss: 6.0649 bn loss: 0.5314 av loss: 0.7986 text loss: 0.5827
2026-01-17 11:54:39,516 - MMSA [INFO] - VAL-(msalm) >>  Has0_acc_2: 0.8290  Has0_F1_score: 0.8344  Non0_acc_2: 0.8686  Non0_F1_score: 0.8685  Mult_acc_5: 0.5778  Mult_acc_7: 0.5676  MAE: 0.4967  Corr: 0.7617  Loss: 0.4979 
2026-01-17 11:59:15,660 - MMSA [INFO] - TRAIN-(msalm) [1/4/3] >> loss: 0.4973  Has0_acc_2: 0.8237  Has0_F1_score: 0.8286  Non0_acc_2: 0.8728  Non0_F1_score: 0.8725  Mult_acc_5: 0.5873  Mult_acc_7: 0.5643  MAE: 0.4972  Corr: 0.8043  clm loss: 3.535 total loss: 5.8608 bn loss: 0.4985 av loss: 0.7951 text loss: 0.5349
2026-01-17 11:59:24,971 - MMSA [INFO] - VAL-(msalm) >>  Has0_acc_2: 0.8536  Has0_F1_score: 0.8551  Non0_acc_2: 0.8693  Non0_F1_score: 0.8676  Mult_acc_5: 0.5746  Mult_acc_7: 0.5601  MAE: 0.5077  Corr: 0.7763  Loss: 0.5065 
2026-01-17 12:03:56,139 - MMSA [INFO] - TRAIN-(msalm) [2/5/3] >> loss: 0.4689  Has0_acc_2: 0.8366  Has0_F1_score: 0.8411  Non0_acc_2: 0.8875  Non0_F1_score: 0.8873  Mult_acc_5: 0.6112  Mult_acc_7: 0.5878  MAE: 0.4687  Corr: 0.8266  clm loss: 3.4815 total loss: 5.7141 bn loss: 0.4723 av loss: 0.794 text loss: 0.4974
2026-01-17 12:04:05,064 - MMSA [INFO] - VAL-(msalm) >>  Has0_acc_2: 0.8231  Has0_F1_score: 0.8288  Non0_acc_2: 0.8616  Non0_F1_score: 0.8616  Mult_acc_5: 0.5692  Mult_acc_7: 0.5564  MAE: 0.4905  Corr: 0.7806  Loss: 0.4903 
2026-01-17 12:08:41,407 - MMSA [INFO] - TRAIN-(msalm) [1/6/3] >> loss: 0.4471  Has0_acc_2: 0.8392  Has0_F1_score: 0.8440  Non0_acc_2: 0.8977  Non0_F1_score: 0.8976  Mult_acc_5: 0.6303  Mult_acc_7: 0.6057  MAE: 0.4472  Corr: 0.8426  clm loss: 3.4429 total loss: 5.5964 bn loss: 0.4488 av loss: 0.7914 text loss: 0.4662
2026-01-17 12:08:50,353 - MMSA [INFO] - VAL-(msalm) >>  Has0_acc_2: 0.7942  Has0_F1_score: 0.8034  Non0_acc_2: 0.8498  Non0_F1_score: 0.8511  Mult_acc_5: 0.5746  Mult_acc_7: 0.5623  MAE: 0.4901  Corr: 0.7787  Loss: 0.4895 
2026-01-17 12:13:26,630 - MMSA [INFO] - TRAIN-(msalm) [1/7/3] >> loss: 0.422  Has0_acc_2: 0.8471  Has0_F1_score: 0.8516  Non0_acc_2: 0.9040  Non0_F1_score: 0.9040  Mult_acc_5: 0.6514  Mult_acc_7: 0.6258  MAE: 0.4223  Corr: 0.8579  clm loss: 3.4085 total loss: 5.4831 bn loss: 0.4299 av loss: 0.7899 text loss: 0.4327
2026-01-17 12:13:35,767 - MMSA [INFO] - VAL-(msalm) >>  Has0_acc_2: 0.8274  Has0_F1_score: 0.8319  Non0_acc_2: 0.8609  Non0_F1_score: 0.8602  Mult_acc_5: 0.5815  Mult_acc_7: 0.5660  MAE: 0.4886  Corr: 0.7799  Loss: 0.4878 
2026-01-17 12:18:12,051 - MMSA [INFO] - TRAIN-(msalm) [1/8/3] >> loss: 0.3972  Has0_acc_2: 0.8517  Has0_F1_score: 0.8562  Non0_acc_2: 0.9131  Non0_F1_score: 0.9131  Mult_acc_5: 0.6717  Mult_acc_7: 0.6468  MAE: 0.3975  Corr: 0.8745  clm loss: 3.3802 total loss: 5.3789 bn loss: 0.4065 av loss: 0.7892 text loss: 0.4058
2026-01-17 12:18:20,993 - MMSA [INFO] - VAL-(msalm) >>  Has0_acc_2: 0.8311  Has0_F1_score: 0.8361  Non0_acc_2: 0.8637  Non0_F1_score: 0.8636  Mult_acc_5: 0.5724  Mult_acc_7: 0.5575  MAE: 0.4964  Corr: 0.7764  Loss: 0.4952 
2026-01-17 12:22:52,207 - MMSA [INFO] - TRAIN-(msalm) [2/9/3] >> loss: 0.3805  Has0_acc_2: 0.8545  Has0_F1_score: 0.8590  Non0_acc_2: 0.9215  Non0_F1_score: 0.9214  Mult_acc_5: 0.6847  Mult_acc_7: 0.6594  MAE: 0.3807  Corr: 0.8863  clm loss: 3.3554 total loss: 5.2937 bn loss: 0.389 av loss: 0.7883 text loss: 0.3804
2026-01-17 12:23:01,158 - MMSA [INFO] - VAL-(msalm) >>  Has0_acc_2: 0.8279  Has0_F1_score: 0.8335  Non0_acc_2: 0.8623  Non0_F1_score: 0.8626  Mult_acc_5: 0.5772  Mult_acc_7: 0.5612  MAE: 0.5130  Corr: 0.7750  Loss: 0.5132 
2026-01-17 12:27:32,415 - MMSA [INFO] - TRAIN-(msalm) [3/10/3] >> loss: 0.3687  Has0_acc_2: 0.8553  Has0_F1_score: 0.8599  Non0_acc_2: 0.9259  Non0_F1_score: 0.9259  Mult_acc_5: 0.6948  Mult_acc_7: 0.6698  MAE: 0.3684  Corr: 0.8918  clm loss: 3.3459 total loss: 5.2439 bn loss: 0.377 av loss: 0.787 text loss: 0.3653
2026-01-17 12:27:41,329 - MMSA [INFO] - VAL-(msalm) >>  Has0_acc_2: 0.8343  Has0_F1_score: 0.8385  Non0_acc_2: 0.8616  Non0_F1_score: 0.8612  Mult_acc_5: 0.5564  Mult_acc_7: 0.5409  MAE: 0.5052  Corr: 0.7713  Loss: 0.5048 
2026-01-17 12:32:12,667 - MMSA [INFO] - TRAIN-(msalm) [4/11/3] >> loss: 0.3441  Has0_acc_2: 0.8637  Has0_F1_score: 0.8681  Non0_acc_2: 0.9352  Non0_F1_score: 0.9352  Mult_acc_5: 0.7174  Mult_acc_7: 0.6918  MAE: 0.3444  Corr: 0.9065  clm loss: 3.313 total loss: 5.1386 bn loss: 0.3545 av loss: 0.7877 text loss: 0.3394
2026-01-17 12:32:21,615 - MMSA [INFO] - VAL-(msalm) >>  Has0_acc_2: 0.8210  Has0_F1_score: 0.8270  Non0_acc_2: 0.8547  Non0_F1_score: 0.8551  Mult_acc_5: 0.5746  Mult_acc_7: 0.5601  MAE: 0.4976  Corr: 0.7750  Loss: 0.4965 
2026-01-17 12:36:53,040 - MMSA [INFO] - TRAIN-(msalm) [5/12/3] >> loss: 0.3385  Has0_acc_2: 0.8666  Has0_F1_score: 0.8707  Non0_acc_2: 0.9392  Non0_F1_score: 0.9391  Mult_acc_5: 0.7252  Mult_acc_7: 0.7005  MAE: 0.3386  Corr: 0.9074  clm loss: 3.3023 total loss: 5.1071 bn loss: 0.3487 av loss: 0.7862 text loss: 0.3313
2026-01-17 12:37:01,963 - MMSA [INFO] - VAL-(msalm) >>  Has0_acc_2: 0.8087  Has0_F1_score: 0.8163  Non0_acc_2: 0.8484  Non0_F1_score: 0.8496  Mult_acc_5: 0.5735  Mult_acc_7: 0.5591  MAE: 0.5005  Corr: 0.7707  Loss: 0.5014 
2026-01-17 12:41:34,611 - MMSA [INFO] - TRAIN-(msalm) [6/13/3] >> loss: 0.3189  Has0_acc_2: 0.8670  Has0_F1_score: 0.8713  Non0_acc_2: 0.9449  Non0_F1_score: 0.9448  Mult_acc_5: 0.7393  Mult_acc_7: 0.7138  MAE: 0.3188  Corr: 0.9186  clm loss: 3.2882 total loss: 5.0382 bn loss: 0.3316 av loss: 0.7861 text loss: 0.3134
2026-01-17 12:41:43,597 - MMSA [INFO] - VAL-(msalm) >>  Has0_acc_2: 0.8038  Has0_F1_score: 0.8116  Non0_acc_2: 0.8435  Non0_F1_score: 0.8447  Mult_acc_5: 0.5655  Mult_acc_7: 0.5510  MAE: 0.5067  Corr: 0.7705  Loss: 0.5070 
2026-01-17 12:46:14,903 - MMSA [INFO] - TRAIN-(msalm) [7/14/3] >> loss: 0.317  Has0_acc_2: 0.8678  Has0_F1_score: 0.8721  Non0_acc_2: 0.9453  Non0_F1_score: 0.9453  Mult_acc_5: 0.7435  Mult_acc_7: 0.7170  MAE: 0.3164  Corr: 0.9215  clm loss: 3.2791 total loss: 5.0077 bn loss: 0.3216 av loss: 0.7863 text loss: 0.3037
2026-01-17 12:46:24,080 - MMSA [INFO] - VAL-(msalm) >>  Has0_acc_2: 0.8161  Has0_F1_score: 0.8224  Non0_acc_2: 0.8505  Non0_F1_score: 0.8509  Mult_acc_5: 0.5724  Mult_acc_7: 0.5575  MAE: 0.5031  Corr: 0.7702  Loss: 0.5021 
2026-01-17 12:50:55,894 - MMSA [INFO] - TRAIN-(msalm) [8/15/3] >> loss: 0.3109  Has0_acc_2: 0.8666  Has0_F1_score: 0.8710  Non0_acc_2: 0.9460  Non0_F1_score: 0.9460  Mult_acc_5: 0.7449  Mult_acc_7: 0.7210  MAE: 0.3109  Corr: 0.9226  clm loss: 3.2861 total loss: 4.998 bn loss: 0.3171 av loss: 0.7853 text loss: 0.2987
2026-01-17 12:51:04,909 - MMSA [INFO] - VAL-(msalm) >>  Has0_acc_2: 0.8268  Has0_F1_score: 0.8320  Non0_acc_2: 0.8574  Non0_F1_score: 0.8575  Mult_acc_5: 0.5687  Mult_acc_7: 0.5532  MAE: 0.5059  Corr: 0.7690  Loss: 0.5052 
2026-01-17 12:55:36,405 - MMSA [INFO] - TRAIN-(msalm) [9/16/3] >> loss: 0.3087  Has0_acc_2: 0.8687  Has0_F1_score: 0.8731  Non0_acc_2: 0.9502  Non0_F1_score: 0.9501  Mult_acc_5: 0.7498  Mult_acc_7: 0.7247  MAE: 0.3086  Corr: 0.9242  clm loss: 3.2736 total loss: 4.9703 bn loss: 0.3112 av loss: 0.785 text loss: 0.2918
2026-01-17 12:55:45,325 - MMSA [INFO] - VAL-(msalm) >>  Has0_acc_2: 0.8135  Has0_F1_score: 0.8207  Non0_acc_2: 0.8498  Non0_F1_score: 0.8509  Mult_acc_5: 0.5692  Mult_acc_7: 0.5537  MAE: 0.5025  Corr: 0.7710  Loss: 0.5034 
2026-01-17 13:00:16,634 - MMSA [INFO] - TRAIN-(msalm) [10/17/3] >> loss: 0.3042  Has0_acc_2: 0.8736  Has0_F1_score: 0.8777  Non0_acc_2: 0.9495  Non0_F1_score: 0.9495  Mult_acc_5: 0.7543  Mult_acc_7: 0.7300  MAE: 0.3042  Corr: 0.9259  clm loss: 3.2629 total loss: 4.9409 bn loss: 0.3052 av loss: 0.7846 text loss: 0.284
2026-01-17 13:00:25,600 - MMSA [INFO] - VAL-(msalm) >>  Has0_acc_2: 0.8322  Has0_F1_score: 0.8367  Non0_acc_2: 0.8588  Non0_F1_score: 0.8587  Mult_acc_5: 0.5655  Mult_acc_7: 0.5500  MAE: 0.5074  Corr: 0.7695  Loss: 0.5069 
2026-01-17 13:00:47,110 - MMSA [INFO] - TEST-(msalm) >>  Has0_acc_2: 0.8281  Has0_F1_score: 0.8324  Non0_acc_2: 0.8679  Non0_F1_score: 0.8675  Mult_acc_5: 0.5742  Mult_acc_7: 0.5555  MAE: 0.5026  Corr: 0.8028  Loss: 0.5025 
2026-01-17 13:00:49,528 - MMSA [INFO] - Result for seed 1992: {'Has0_acc_2': 0.8281, 'Has0_F1_score': 0.8324, 'Non0_acc_2': 0.8679, 'Non0_F1_score': 0.8675, 'Mult_acc_5': 0.5742, 'Mult_acc_7': 0.5555, 'MAE': 0.5026, 'Corr': 0.8028, 'Loss': 0.5025, 'seed': 1992}
2026-01-17 13:00:49,530 - MMSA [INFO] - ------------------------------ Running with seed 1993 [4/5] ------------------------------
2026-01-17 13:12:41,866 - MMSA [INFO] - The model has 914777996 trainable parameters
2026-01-17 13:17:13,364 - MMSA [INFO] - TRAIN-(msalm) [1/1/4] >> loss: 1.0761  Has0_acc_2: 0.4011  Has0_F1_score: 0.3426  Non0_acc_2: 0.4831  Non0_F1_score: 0.4185  Mult_acc_5: 0.2895  Mult_acc_7: 0.2762  MAE: 1.0767  Corr: 0.4063  clm loss: 4.2161 total loss: 7.8886 bn loss: 0.8358 av loss: 0.8885 text loss: 0.872
2026-01-17 13:17:22,360 - MMSA [INFO] - VAL-(msalm) >>  Has0_acc_2: 0.5489  Has0_F1_score: 0.5538  Non0_acc_2: 0.6314  Non0_F1_score: 0.6250  Mult_acc_5: 0.4009  Mult_acc_7: 0.3784  MAE: 0.8917  Corr: 0.6016  Loss: 0.8939 
2026-01-17 13:21:58,607 - MMSA [INFO] - TRAIN-(msalm) [1/2/4] >> loss: 0.8139  Has0_acc_2: 0.5892  Has0_F1_score: 0.5949  Non0_acc_2: 0.6806  Non0_F1_score: 0.6783  Mult_acc_5: 0.4126  Mult_acc_7: 0.3877  MAE: 0.8144  Corr: 0.6819  clm loss: 3.7388 total loss: 6.6541 bn loss: 0.6166 av loss: 0.8114 text loss: 0.6734
2026-01-17 13:22:07,599 - MMSA [INFO] - VAL-(msalm) >>  Has0_acc_2: 0.6756  Has0_F1_score: 0.6920  Non0_acc_2: 0.7705  Non0_F1_score: 0.7753  Mult_acc_5: 0.4810  Mult_acc_7: 0.4596  MAE: 0.6570  Corr: 0.7316  Loss: 0.6561 
2026-01-17 13:26:45,161 - MMSA [INFO] - TRAIN-(msalm) [1/3/4] >> loss: 0.6361  Has0_acc_2: 0.6995  Has0_F1_score: 0.7124  Non0_acc_2: 0.7897  Non0_F1_score: 0.7931  Mult_acc_5: 0.5080  Mult_acc_7: 0.4851  MAE: 0.6349  Corr: 0.7584  clm loss: 3.5955 total loss: 6.1448 bn loss: 0.5302 av loss: 0.8015 text loss: 0.5815
2026-01-17 13:26:54,184 - MMSA [INFO] - VAL-(msalm) >>  Has0_acc_2: 0.7392  Has0_F1_score: 0.7537  Non0_acc_2: 0.8171  Non0_F1_score: 0.8210  Mult_acc_5: 0.5446  Mult_acc_7: 0.5227  MAE: 0.5686  Corr: 0.7659  Loss: 0.5689 
2026-01-17 13:31:30,600 - MMSA [INFO] - TRAIN-(msalm) [1/4/4] >> loss: 0.537  Has0_acc_2: 0.7737  Has0_F1_score: 0.7838  Non0_acc_2: 0.8484  Non0_F1_score: 0.8505  Mult_acc_5: 0.5690  Mult_acc_7: 0.5440  MAE: 0.5375  Corr: 0.7936  clm loss: 3.5171 total loss: 5.875 bn loss: 0.494 av loss: 0.7963 text loss: 0.5306
2026-01-17 13:31:39,551 - MMSA [INFO] - VAL-(msalm) >>  Has0_acc_2: 0.8151  Has0_F1_score: 0.8222  Non0_acc_2: 0.8595  Non0_F1_score: 0.8602  Mult_acc_5: 0.5826  Mult_acc_7: 0.5660  MAE: 0.5024  Corr: 0.7718  Loss: 0.5018 
2026-01-17 13:36:16,017 - MMSA [INFO] - TRAIN-(msalm) [1/5/4] >> loss: 0.4886  Has0_acc_2: 0.8152  Has0_F1_score: 0.8220  Non0_acc_2: 0.8757  Non0_F1_score: 0.8765  Mult_acc_5: 0.5987  Mult_acc_7: 0.5753  MAE: 0.4887  Corr: 0.8188  clm loss: 3.4868 total loss: 5.7406 bn loss: 0.4755 av loss: 0.7948 text loss: 0.4949
2026-01-17 13:36:24,977 - MMSA [INFO] - VAL-(msalm) >>  Has0_acc_2: 0.8274  Has0_F1_score: 0.8320  Non0_acc_2: 0.8574  Non0_F1_score: 0.8569  Mult_acc_5: 0.5847  Mult_acc_7: 0.5697  MAE: 0.4886  Corr: 0.7777  Loss: 0.4890 
2026-01-17 13:41:01,307 - MMSA [INFO] - TRAIN-(msalm) [1/6/4] >> loss: 0.4552  Has0_acc_2: 0.8366  Has0_F1_score: 0.8418  Non0_acc_2: 0.8906  Non0_F1_score: 0.8908  Mult_acc_5: 0.6215  Mult_acc_7: 0.5976  MAE: 0.4552  Corr: 0.8387  clm loss: 3.4381 total loss: 5.6006 bn loss: 0.4515 av loss: 0.7941 text loss: 0.4618
2026-01-17 13:41:10,575 - MMSA [INFO] - VAL-(msalm) >>  Has0_acc_2: 0.8461  Has0_F1_score: 0.8489  Non0_acc_2: 0.8665  Non0_F1_score: 0.8655  Mult_acc_5: 0.5756  Mult_acc_7: 0.5596  MAE: 0.5009  Corr: 0.7762  Loss: 0.5019 
2026-01-17 13:45:41,812 - MMSA [INFO] - TRAIN-(msalm) [2/7/4] >> loss: 0.4312  Has0_acc_2: 0.8382  Has0_F1_score: 0.8433  Non0_acc_2: 0.8975  Non0_F1_score: 0.8976  Mult_acc_5: 0.6454  Mult_acc_7: 0.6228  MAE: 0.4307  Corr: 0.8552  clm loss: 3.3994 total loss: 5.4881 bn loss: 0.4326 av loss: 0.7914 text loss: 0.4335
2026-01-17 13:45:51,251 - MMSA [INFO] - VAL-(msalm) >>  Has0_acc_2: 0.8268  Has0_F1_score: 0.8322  Non0_acc_2: 0.8609  Non0_F1_score: 0.8610  Mult_acc_5: 0.5767  Mult_acc_7: 0.5628  MAE: 0.4920  Corr: 0.7799  Loss: 0.4907 
2026-01-17 13:50:22,528 - MMSA [INFO] - TRAIN-(msalm) [3/8/4] >> loss: 0.4105  Has0_acc_2: 0.8481  Has0_F1_score: 0.8531  Non0_acc_2: 0.9119  Non0_F1_score: 0.9120  Mult_acc_5: 0.6598  Mult_acc_7: 0.6349  MAE: 0.4101  Corr: 0.8685  clm loss: 3.3718 total loss: 5.3926 bn loss: 0.412 av loss: 0.7904 text loss: 0.4078
2026-01-17 13:50:31,533 - MMSA [INFO] - VAL-(msalm) >>  Has0_acc_2: 0.8156  Has0_F1_score: 0.8230  Non0_acc_2: 0.8595  Non0_F1_score: 0.8606  Mult_acc_5: 0.5767  Mult_acc_7: 0.5612  MAE: 0.4935  Corr: 0.7793  Loss: 0.4925 
2026-01-17 13:55:02,999 - MMSA [INFO] - TRAIN-(msalm) [4/9/4] >> loss: 0.3839  Has0_acc_2: 0.8539  Has0_F1_score: 0.8586  Non0_acc_2: 0.9209  Non0_F1_score: 0.9209  Mult_acc_5: 0.6847  Mult_acc_7: 0.6598  MAE: 0.3838  Corr: 0.8829  clm loss: 3.3515 total loss: 5.3021 bn loss: 0.3922 av loss: 0.7891 text loss: 0.3854
2026-01-17 13:55:12,024 - MMSA [INFO] - VAL-(msalm) >>  Has0_acc_2: 0.8226  Has0_F1_score: 0.8290  Non0_acc_2: 0.8623  Non0_F1_score: 0.8630  Mult_acc_5: 0.5708  Mult_acc_7: 0.5580  MAE: 0.4952  Corr: 0.7734  Loss: 0.4962 
2026-01-17 13:59:44,589 - MMSA [INFO] - TRAIN-(msalm) [5/10/4] >> loss: 0.368  Has0_acc_2: 0.8625  Has0_F1_score: 0.8668  Non0_acc_2: 0.9297  Non0_F1_score: 0.9297  Mult_acc_5: 0.6959  Mult_acc_7: 0.6714  MAE: 0.3672  Corr: 0.8943  clm loss: 3.3141 total loss: 5.2004 bn loss: 0.3724 av loss: 0.7882 text loss: 0.3578
2026-01-17 13:59:53,709 - MMSA [INFO] - VAL-(msalm) >>  Has0_acc_2: 0.8482  Has0_F1_score: 0.8503  Non0_acc_2: 0.8658  Non0_F1_score: 0.8643  Mult_acc_5: 0.5697  Mult_acc_7: 0.5521  MAE: 0.5054  Corr: 0.7736  Loss: 0.5049 
2026-01-17 14:04:25,353 - MMSA [INFO] - TRAIN-(msalm) [6/11/4] >> loss: 0.3567  Has0_acc_2: 0.8568  Has0_F1_score: 0.8616  Non0_acc_2: 0.9294  Non0_F1_score: 0.9295  Mult_acc_5: 0.7073  Mult_acc_7: 0.6846  MAE: 0.3565  Corr: 0.8995  clm loss: 3.3074 total loss: 5.162 bn loss: 0.3633 av loss: 0.7871 text loss: 0.3475
2026-01-17 14:04:34,414 - MMSA [INFO] - VAL-(msalm) >>  Has0_acc_2: 0.8060  Has0_F1_score: 0.8143  Non0_acc_2: 0.8540  Non0_F1_score: 0.8553  Mult_acc_5: 0.5788  Mult_acc_7: 0.5639  MAE: 0.4976  Corr: 0.7764  Loss: 0.4962 
2026-01-17 14:09:06,459 - MMSA [INFO] - TRAIN-(msalm) [7/12/4] >> loss: 0.3389  Has0_acc_2: 0.8619  Has0_F1_score: 0.8664  Non0_acc_2: 0.9339  Non0_F1_score: 0.9339  Mult_acc_5: 0.7223  Mult_acc_7: 0.6965  MAE: 0.3382  Corr: 0.9090  clm loss: 3.292 total loss: 5.0969 bn loss: 0.3468 av loss: 0.7878 text loss: 0.3313
2026-01-17 14:09:15,541 - MMSA [INFO] - VAL-(msalm) >>  Has0_acc_2: 0.8076  Has0_F1_score: 0.8156  Non0_acc_2: 0.8554  Non0_F1_score: 0.8565  Mult_acc_5: 0.5820  Mult_acc_7: 0.5692  MAE: 0.5002  Corr: 0.7789  Loss: 0.5034 
2026-01-17 14:13:46,967 - MMSA [INFO] - TRAIN-(msalm) [8/13/4] >> loss: 0.3317  Has0_acc_2: 0.8621  Has0_F1_score: 0.8668  Non0_acc_2: 0.9395  Non0_F1_score: 0.9395  Mult_acc_5: 0.7279  Mult_acc_7: 0.7043  MAE: 0.3312  Corr: 0.9127  clm loss: 3.2752 total loss: 5.0457 bn loss: 0.3357 av loss: 0.7872 text loss: 0.3159
2026-01-17 14:13:56,304 - MMSA [INFO] - VAL-(msalm) >>  Has0_acc_2: 0.8226  Has0_F1_score: 0.8283  Non0_acc_2: 0.8561  Non0_F1_score: 0.8563  Mult_acc_5: 0.5719  Mult_acc_7: 0.5569  MAE: 0.4972  Corr: 0.7765  Loss: 0.4953 
2026-01-17 14:18:27,592 - MMSA [INFO] - TRAIN-(msalm) [9/14/4] >> loss: 0.3195  Has0_acc_2: 0.8677  Has0_F1_score: 0.8721  Non0_acc_2: 0.9428  Non0_F1_score: 0.9429  Mult_acc_5: 0.7442  Mult_acc_7: 0.7199  MAE: 0.3195  Corr: 0.9194  clm loss: 3.2581 total loss: 4.9941 bn loss: 0.3243 av loss: 0.7864 text loss: 0.3058
2026-01-17 14:18:36,603 - MMSA [INFO] - VAL-(msalm) >>  Has0_acc_2: 0.8268  Has0_F1_score: 0.8317  Non0_acc_2: 0.8588  Non0_F1_score: 0.8585  Mult_acc_5: 0.5719  Mult_acc_7: 0.5575  MAE: 0.5030  Corr: 0.7771  Loss: 0.5025 
2026-01-17 14:23:08,135 - MMSA [INFO] - TRAIN-(msalm) [10/15/4] >> loss: 0.3143  Has0_acc_2: 0.8631  Has0_F1_score: 0.8678  Non0_acc_2: 0.9437  Non0_F1_score: 0.9437  Mult_acc_5: 0.7477  Mult_acc_7: 0.7231  MAE: 0.3144  Corr: 0.9217  clm loss: 3.2657 total loss: 4.9831 bn loss: 0.3196 av loss: 0.7855 text loss: 0.2979
2026-01-17 14:23:17,185 - MMSA [INFO] - VAL-(msalm) >>  Has0_acc_2: 0.8231  Has0_F1_score: 0.8288  Non0_acc_2: 0.8574  Non0_F1_score: 0.8576  Mult_acc_5: 0.5751  Mult_acc_7: 0.5623  MAE: 0.5016  Corr: 0.7749  Loss: 0.5013 
2026-01-17 14:23:39,129 - MMSA [INFO] - TEST-(msalm) >>  Has0_acc_2: 0.8227  Has0_F1_score: 0.8268  Non0_acc_2: 0.8602  Non0_F1_score: 0.8595  Mult_acc_5: 0.5737  Mult_acc_7: 0.5568  MAE: 0.5096  Corr: 0.7972  Loss: 0.5097 
2026-01-17 14:23:41,664 - MMSA [INFO] - Result for seed 1993: {'Has0_acc_2': 0.8227, 'Has0_F1_score': 0.8268, 'Non0_acc_2': 0.8602, 'Non0_F1_score': 0.8595, 'Mult_acc_5': 0.5737, 'Mult_acc_7': 0.5568, 'MAE': 0.5096, 'Corr': 0.7972, 'Loss': 0.5097, 'seed': 1993}
2026-01-17 14:23:41,666 - MMSA [INFO] - ------------------------------ Running with seed 1994 [5/5] ------------------------------
2026-01-17 14:35:34,549 - MMSA [INFO] - The model has 914777996 trainable parameters
2026-01-17 14:40:05,763 - MMSA [INFO] - TRAIN-(msalm) [1/1/5] >> loss: 0.8864  Has0_acc_2: 0.5014  Has0_F1_score: 0.5007  Non0_acc_2: 0.5661  Non0_F1_score: 0.5546  Mult_acc_5: 0.3750  Mult_acc_7: 0.3707  MAE: 0.8867  Corr: 0.3754  clm loss: 4.2398 total loss: 7.6605 bn loss: 0.853 av loss: 0.8229 text loss: 0.8583
2026-01-17 14:40:14,667 - MMSA [INFO] - VAL-(msalm) >>  Has0_acc_2: 0.7050  Has0_F1_score: 0.7214  Non0_acc_2: 0.7712  Non0_F1_score: 0.7763  Mult_acc_5: 0.4516  Mult_acc_7: 0.4399  MAE: 0.6817  Corr: 0.6018  Loss: 0.6815 
2026-01-17 14:44:50,710 - MMSA [INFO] - TRAIN-(msalm) [1/2/5] >> loss: 0.6489  Has0_acc_2: 0.7136  Has0_F1_score: 0.7268  Non0_acc_2: 0.7808  Non0_F1_score: 0.7845  Mult_acc_5: 0.4893  Mult_acc_7: 0.4719  MAE: 0.6495  Corr: 0.6898  clm loss: 3.7475 total loss: 6.502 bn loss: 0.6354 av loss: 0.8036 text loss: 0.6666
2026-01-17 14:44:59,644 - MMSA [INFO] - VAL-(msalm) >>  Has0_acc_2: 0.7873  Has0_F1_score: 0.7982  Non0_acc_2: 0.8491  Non0_F1_score: 0.8516  Mult_acc_5: 0.5580  Mult_acc_7: 0.5510  MAE: 0.5295  Corr: 0.7461  Loss: 0.5284 
2026-01-17 14:49:35,990 - MMSA [INFO] - TRAIN-(msalm) [1/3/5] >> loss: 0.5428  Has0_acc_2: 0.7890  Has0_F1_score: 0.7974  Non0_acc_2: 0.8479  Non0_F1_score: 0.8492  Mult_acc_5: 0.5570  Mult_acc_7: 0.5374  MAE: 0.5430  Corr: 0.7741  clm loss: 3.5987 total loss: 6.0442 bn loss: 0.5317 av loss: 0.7965 text loss: 0.5745
2026-01-17 14:49:45,302 - MMSA [INFO] - VAL-(msalm) >>  Has0_acc_2: 0.8284  Has0_F1_score: 0.8344  Non0_acc_2: 0.8637  Non0_F1_score: 0.8643  Mult_acc_5: 0.5778  Mult_acc_7: 0.5649  MAE: 0.4963  Corr: 0.7710  Loss: 0.4984 
2026-01-17 14:54:21,592 - MMSA [INFO] - TRAIN-(msalm) [1/4/5] >> loss: 0.5046  Has0_acc_2: 0.8166  Has0_F1_score: 0.8223  Non0_acc_2: 0.8653  Non0_F1_score: 0.8655  Mult_acc_5: 0.5856  Mult_acc_7: 0.5640  MAE: 0.5042  Corr: 0.7999  clm loss: 3.5334 total loss: 5.8663 bn loss: 0.5004 av loss: 0.7935 text loss: 0.5344
2026-01-17 14:54:30,533 - MMSA [INFO] - VAL-(msalm) >>  Has0_acc_2: 0.8423  Has0_F1_score: 0.8463  Non0_acc_2: 0.8727  Non0_F1_score: 0.8723  Mult_acc_5: 0.5863  Mult_acc_7: 0.5708  MAE: 0.4920  Corr: 0.7773  Loss: 0.4926 
2026-01-17 14:59:06,829 - MMSA [INFO] - TRAIN-(msalm) [1/5/5] >> loss: 0.4766  Has0_acc_2: 0.8281  Has0_F1_score: 0.8333  Non0_acc_2: 0.8789  Non0_F1_score: 0.8790  Mult_acc_5: 0.6044  Mult_acc_7: 0.5816  MAE: 0.4764  Corr: 0.8219  clm loss: 3.4783 total loss: 5.7141 bn loss: 0.4739 av loss: 0.7925 text loss: 0.4928
2026-01-17 14:59:15,751 - MMSA [INFO] - VAL-(msalm) >>  Has0_acc_2: 0.7867  Has0_F1_score: 0.7973  Non0_acc_2: 0.8470  Non0_F1_score: 0.8492  Mult_acc_5: 0.5788  Mult_acc_7: 0.5655  MAE: 0.5013  Corr: 0.7755  Loss: 0.5022 
2026-01-17 15:03:47,021 - MMSA [INFO] - TRAIN-(msalm) [2/6/5] >> loss: 0.4477  Has0_acc_2: 0.8379  Has0_F1_score: 0.8428  Non0_acc_2: 0.8937  Non0_F1_score: 0.8937  Mult_acc_5: 0.6305  Mult_acc_7: 0.6074  MAE: 0.4478  Corr: 0.8422  clm loss: 3.438 total loss: 5.5871 bn loss: 0.4508 av loss: 0.7898 text loss: 0.4609
2026-01-17 15:03:56,165 - MMSA [INFO] - VAL-(msalm) >>  Has0_acc_2: 0.8295  Has0_F1_score: 0.8353  Non0_acc_2: 0.8693  Non0_F1_score: 0.8695  Mult_acc_5: 0.5735  Mult_acc_7: 0.5585  MAE: 0.4922  Corr: 0.7781  Loss: 0.4939 
2026-01-17 15:08:27,361 - MMSA [INFO] - TRAIN-(msalm) [3/7/5] >> loss: 0.4238  Has0_acc_2: 0.8466  Has0_F1_score: 0.8513  Non0_acc_2: 0.9052  Non0_F1_score: 0.9052  Mult_acc_5: 0.6447  Mult_acc_7: 0.6217  MAE: 0.4238  Corr: 0.8564  clm loss: 3.4138 total loss: 5.4968 bn loss: 0.4334 av loss: 0.7901 text loss: 0.4357
2026-01-17 15:08:36,227 - MMSA [INFO] - VAL-(msalm) >>  Has0_acc_2: 0.8242  Has0_F1_score: 0.8301  Non0_acc_2: 0.8686  Non0_F1_score: 0.8686  Mult_acc_5: 0.5799  Mult_acc_7: 0.5665  MAE: 0.4890  Corr: 0.7789  Loss: 0.4889 
2026-01-17 15:13:12,108 - MMSA [INFO] - TRAIN-(msalm) [1/8/5] >> loss: 0.4003  Has0_acc_2: 0.8483  Has0_F1_score: 0.8532  Non0_acc_2: 0.9122  Non0_F1_score: 0.9123  Mult_acc_5: 0.6633  Mult_acc_7: 0.6395  MAE: 0.3998  Corr: 0.8739  clm loss: 3.3851 total loss: 5.3918 bn loss: 0.4113 av loss: 0.7884 text loss: 0.4066
2026-01-17 15:13:21,000 - MMSA [INFO] - VAL-(msalm) >>  Has0_acc_2: 0.8247  Has0_F1_score: 0.8305  Non0_acc_2: 0.8637  Non0_F1_score: 0.8638  Mult_acc_5: 0.5799  Mult_acc_7: 0.5644  MAE: 0.4952  Corr: 0.7745  Loss: 0.4951 
2026-01-17 15:17:51,571 - MMSA [INFO] - TRAIN-(msalm) [2/9/5] >> loss: 0.3829  Has0_acc_2: 0.8581  Has0_F1_score: 0.8625  Non0_acc_2: 0.9222  Non0_F1_score: 0.9222  Mult_acc_5: 0.6806  Mult_acc_7: 0.6559  MAE: 0.3823  Corr: 0.8838  clm loss: 3.363 total loss: 5.3145 bn loss: 0.3952 av loss: 0.787 text loss: 0.3864
2026-01-17 15:18:01,088 - MMSA [INFO] - VAL-(msalm) >>  Has0_acc_2: 0.8161  Has0_F1_score: 0.8235  Non0_acc_2: 0.8644  Non0_F1_score: 0.8652  Mult_acc_5: 0.5692  Mult_acc_7: 0.5580  MAE: 0.4927  Corr: 0.7768  Loss: 0.4920 
2026-01-17 15:22:31,816 - MMSA [INFO] - TRAIN-(msalm) [3/10/5] >> loss: 0.3703  Has0_acc_2: 0.8556  Has0_F1_score: 0.8602  Non0_acc_2: 0.9252  Non0_F1_score: 0.9251  Mult_acc_5: 0.6950  Mult_acc_7: 0.6686  MAE: 0.3704  Corr: 0.8918  clm loss: 3.3436 total loss: 5.2449 bn loss: 0.3779 av loss: 0.7861 text loss: 0.3669
2026-01-17 15:22:40,695 - MMSA [INFO] - VAL-(msalm) >>  Has0_acc_2: 0.8258  Has0_F1_score: 0.8318  Non0_acc_2: 0.8658  Non0_F1_score: 0.8662  Mult_acc_5: 0.5633  Mult_acc_7: 0.5500  MAE: 0.5041  Corr: 0.7722  Loss: 0.5053 
2026-01-17 15:27:11,578 - MMSA [INFO] - TRAIN-(msalm) [4/11/5] >> loss: 0.3551  Has0_acc_2: 0.8626  Has0_F1_score: 0.8668  Non0_acc_2: 0.9306  Non0_F1_score: 0.9305  Mult_acc_5: 0.7111  Mult_acc_7: 0.6861  MAE: 0.3548  Corr: 0.9009  clm loss: 3.3147 total loss: 5.164 bn loss: 0.3633 av loss: 0.7857 text loss: 0.3452
2026-01-17 15:27:20,461 - MMSA [INFO] - VAL-(msalm) >>  Has0_acc_2: 0.8204  Has0_F1_score: 0.8269  Non0_acc_2: 0.8679  Non0_F1_score: 0.8681  Mult_acc_5: 0.5644  Mult_acc_7: 0.5505  MAE: 0.4967  Corr: 0.7768  Loss: 0.4956 
2026-01-17 15:31:50,998 - MMSA [INFO] - TRAIN-(msalm) [5/12/5] >> loss: 0.3394  Has0_acc_2: 0.8649  Has0_F1_score: 0.8692  Non0_acc_2: 0.9355  Non0_F1_score: 0.9354  Mult_acc_5: 0.7185  Mult_acc_7: 0.6935  MAE: 0.3390  Corr: 0.9077  clm loss: 3.3074 total loss: 5.1138 bn loss: 0.3497 av loss: 0.7867 text loss: 0.3306
2026-01-17 15:32:00,485 - MMSA [INFO] - VAL-(msalm) >>  Has0_acc_2: 0.8177  Has0_F1_score: 0.8244  Non0_acc_2: 0.8595  Non0_F1_score: 0.8600  Mult_acc_5: 0.5596  Mult_acc_7: 0.5457  MAE: 0.4977  Corr: 0.7733  Loss: 0.4980 
2026-01-17 15:36:31,030 - MMSA [INFO] - TRAIN-(msalm) [6/13/5] >> loss: 0.3254  Has0_acc_2: 0.8677  Has0_F1_score: 0.8721  Non0_acc_2: 0.9441  Non0_F1_score: 0.9441  Mult_acc_5: 0.7339  Mult_acc_7: 0.7103  MAE: 0.3252  Corr: 0.9159  clm loss: 3.2932 total loss: 5.0633 bn loss: 0.3397 av loss: 0.7859 text loss: 0.3191
2026-01-17 15:36:39,905 - MMSA [INFO] - VAL-(msalm) >>  Has0_acc_2: 0.8231  Has0_F1_score: 0.8289  Non0_acc_2: 0.8616  Non0_F1_score: 0.8617  Mult_acc_5: 0.5649  Mult_acc_7: 0.5494  MAE: 0.5008  Corr: 0.7720  Loss: 0.5019 
2026-01-17 15:41:10,520 - MMSA [INFO] - TRAIN-(msalm) [7/14/5] >> loss: 0.3249  Has0_acc_2: 0.8598  Has0_F1_score: 0.8646  Non0_acc_2: 0.9393  Non0_F1_score: 0.9393  Mult_acc_5: 0.7350  Mult_acc_7: 0.7110  MAE: 0.3249  Corr: 0.9157  clm loss: 3.2783 total loss: 5.0298 bn loss: 0.3319 av loss: 0.7849 text loss: 0.3098
2026-01-17 15:41:19,374 - MMSA [INFO] - VAL-(msalm) >>  Has0_acc_2: 0.8103  Has0_F1_score: 0.8178  Non0_acc_2: 0.8574  Non0_F1_score: 0.8582  Mult_acc_5: 0.5607  Mult_acc_7: 0.5473  MAE: 0.5004  Corr: 0.7743  Loss: 0.5007 
2026-01-17 15:45:50,033 - MMSA [INFO] - TRAIN-(msalm) [8/15/5] >> loss: 0.3102  Has0_acc_2: 0.8659  Has0_F1_score: 0.8704  Non0_acc_2: 0.9435  Non0_F1_score: 0.9435  Mult_acc_5: 0.7503  Mult_acc_7: 0.7258  MAE: 0.3101  Corr: 0.9236  clm loss: 3.2707 total loss: 4.9797 bn loss: 0.3184 av loss: 0.7842 text loss: 0.2962
2026-01-17 15:45:58,913 - MMSA [INFO] - VAL-(msalm) >>  Has0_acc_2: 0.8295  Has0_F1_score: 0.8340  Non0_acc_2: 0.8637  Non0_F1_score: 0.8630  Mult_acc_5: 0.5660  Mult_acc_7: 0.5510  MAE: 0.5032  Corr: 0.7720  Loss: 0.5027 
2026-01-17 15:50:30,484 - MMSA [INFO] - TRAIN-(msalm) [9/16/5] >> loss: 0.3085  Has0_acc_2: 0.8681  Has0_F1_score: 0.8726  Non0_acc_2: 0.9488  Non0_F1_score: 0.9488  Mult_acc_5: 0.7522  Mult_acc_7: 0.7274  MAE: 0.3087  Corr: 0.9238  clm loss: 3.2734 total loss: 4.9775 bn loss: 0.3172 av loss: 0.7835 text loss: 0.2948
2026-01-17 15:50:39,312 - MMSA [INFO] - VAL-(msalm) >>  Has0_acc_2: 0.8279  Has0_F1_score: 0.8326  Non0_acc_2: 0.8637  Non0_F1_score: 0.8630  Mult_acc_5: 0.5740  Mult_acc_7: 0.5596  MAE: 0.5061  Corr: 0.7734  Loss: 0.5053 
2026-01-17 15:55:10,658 - MMSA [INFO] - TRAIN-(msalm) [10/17/5] >> loss: 0.3054  Has0_acc_2: 0.8687  Has0_F1_score: 0.8731  Non0_acc_2: 0.9460  Non0_F1_score: 0.9460  Mult_acc_5: 0.7576  Mult_acc_7: 0.7343  MAE: 0.3049  Corr: 0.9267  clm loss: 3.2607 total loss: 4.9478 bn loss: 0.3118 av loss: 0.7843 text loss: 0.2856
2026-01-17 15:55:19,547 - MMSA [INFO] - VAL-(msalm) >>  Has0_acc_2: 0.8300  Has0_F1_score: 0.8346  Non0_acc_2: 0.8658  Non0_F1_score: 0.8651  Mult_acc_5: 0.5660  Mult_acc_7: 0.5510  MAE: 0.5126  Corr: 0.7718  Loss: 0.5122 
2026-01-17 15:55:41,591 - MMSA [INFO] - TEST-(msalm) >>  Has0_acc_2: 0.8191  Has0_F1_score: 0.8247  Non0_acc_2: 0.8649  Non0_F1_score: 0.8652  Mult_acc_5: 0.5810  Mult_acc_7: 0.5608  MAE: 0.5042  Corr: 0.8043  Loss: 0.5042 
2026-01-17 15:55:43,930 - MMSA [INFO] - Result for seed 1994: {'Has0_acc_2': 0.8191, 'Has0_F1_score': 0.8247, 'Non0_acc_2': 0.8649, 'Non0_F1_score': 0.8652, 'Mult_acc_5': 0.581, 'Mult_acc_7': 0.5608, 'MAE': 0.5042, 'Corr': 0.8043, 'Loss': 0.5042, 'seed': 1994}
2026-01-17 15:55:43,956 - MMSA [INFO] - Results saved to MMSA/results/mosei/nf10_k3_0001/thesis-mosei-nf10-k3-01/normal/mosei_avg.csv.
