2026-01-19 09:39:54,012 - MMSA [INFO] - ======================================== Program Start ========================================
2026-01-19 09:39:54,091 - MMSA [INFO] - Running with args:
2026-01-19 09:39:54,091 - MMSA [INFO] - {'model_name': 'msalm', 'dataset_name': 'sims', 'featurePath': '/leonardo_work/EUHPC_A04_051/alexfil/MSA-Datasets/CH-SIMS/unaligned_39.pkl', 'seq_lens': [39, 400, 55], 'feature_dims': [768, 33, 709], 'train_samples': 1368, 'num_classes': 3, 'language': 'cn', 'KeyEval': 'Loss', 'missing_rate': [0.0, 0.0, 0.0], 'missing_seed': [1111, 1111, 1111], 'need_data_aligned': False, 'need_model_aligned': False, 'early_stop': 10, 'use_bert': False, 'use_bert_finetune': False, 'attn_mask': True, 'excludeZero': True, 'update_epochs': 8, 'use_augmentation': False, 'use_m3xup': False, 'hfPath': False, 'use_ulgm': False, 'update_labels_patience': 1, 'H': 3.0, 'del_model': True, 'max_token_len': 39, 'pad_token': '<|endoftext|>', 'lm': '/leonardo_work/EUHPC_A04_051/alexfil/gpt2-chinese-cluecorpussmall', 'use_bf16': False, 'task_out': 1, 'use_clm': True, 'gamma': 1.0, 'l_bn': 1.0, 'l_av': 1.0, 'l_t': 1.0, 'warmup_epochs': 1, 'max_epochs': 100, 'beta_1': 0.9, 'beta_2': 0.95, 'use_lnorm': True, 'rescale': False, 'rescaler': 'sqrt', 'use_seqaug': True, 'n_bn_fusion': 16, 'modded_loss': True, 'embedding_attr_name': 'transformer.wte', 'decoder_layers_attr_name': 'transformer.h', 'mmgpt': {'type': 'gpt2', 'd_out': 64, 'combine': True, 'dropout': 0.1, 'mm_layer': [5, 6, 7, 8, 9, 10, 11], 'top_k': 2, 'layer_dropout': 0.0, 'dense': True, 'tie_ffn': True, 'n_embd': 768, 'bias': True, 'kv_dim': 30, 'n_head': 16, 'd_mm': 768, 'gating': 'sigmoid', 'init_gate': [0.0, 0.0, 0.0, 0.0, 0.0, 0.0, 0.0, 0.0, 0.0, 0.0], 'use_softperm': True, 'p_perm': 0.3, 'p_apply': 0.25, 'use_lora': False, 'lora': {'lora_alpha': 128, 'r': 64, 'lora_dropout': 0.05}}, 'av_enc': {'finetune': True, 'from_pretrained': True, 'path_to_pretrained': '/leonardo_work/EUHPC_A04_051/alexfil/DeepMLF-Reprod/checkpoints/bienc-sims-1990/bienc-sims-1990.pth', 'feature_dims': [768, 33, 709], 'd_enc': 30, 'n_embd': 30, 'n_head': 6, 'nlevels': 3, 'd_enc_out': 30, 'maxlen': 55, 'p_mask': 0.15, 'enc_attn_dropout': 0.1, 'enc_res_dropout': 0.1, 'enc_dropout': 0.1, 'use_softperm': True, 'p_perm': 0.2, 'mask_perm_ratio': 0.5, 'tf_fusion': False, 'use_bn': True, 'use_ln': False}, 'gpt': {'vocab_size': 50257, 'block_size': 1024, 'bias': True, 'n_embd': 1024, 'n_layer': 24, 'n_head': 16, 'dropout': 0.0}, 'batch_size': 32, 'grad_clip': 5.0, 'patience': 10, 'weight_decay_mmgpt': 0.1, 'weight_decay_av': 0.1, 'learning_rate_av': 0.0002, 'learning_rate_mmgpt': 0.0002, 'device': device(type='cuda', index=0), 'train_mode': 'regression', 'custom_feature': None, 'feature_T': '', 'feature_A': '', 'feature_V': ''}
2026-01-19 09:39:54,091 - MMSA [INFO] - Seeds: [1993]
2026-01-19 09:39:54,092 - MMSA [INFO] - ------------------------------ Running with seed 1993 [1/1] ------------------------------
2026-01-19 09:41:13,524 - MMSA [INFO] - The model has 173499052 trainable parameters
2026-01-19 09:41:23,672 - MMSA [INFO] - TRAIN-(msalm) [1/1/1] >> loss: 0.7063  Mult_acc_2: 0.4313  Mult_acc_3: 0.3348  Mult_acc_5: 0.1659  F1_score: 0.4347  MAE: 0.7045  Corr: 0.0264  clm loss: 7.6415 total loss: 11.0686 bn loss: 0.9508 av loss: 0.6532 text loss: 1.1167
2026-01-19 09:41:25,637 - MMSA [INFO] - VAL-(msalm) >>  Mult_acc_2: 0.4671  Mult_acc_3: 0.3816  Mult_acc_5: 0.1886  F1_score: 0.4769  MAE: 0.6399  Corr: 0.1460  Loss: 0.6320 
2026-01-19 09:41:35,081 - MMSA [INFO] - TRAIN-(msalm) [1/2/1] >> loss: 0.6809  Mult_acc_2: 0.4773  Mult_acc_3: 0.3531  Mult_acc_5: 0.1637  F1_score: 0.4842  MAE: 0.6799  Corr: 0.1019  clm loss: 6.4662 total loss: 9.4666 bn loss: 0.7767 av loss: 0.6251 text loss: 0.9177
2026-01-19 09:41:36,709 - MMSA [INFO] - VAL-(msalm) >>  Mult_acc_2: 0.4912  Mult_acc_3: 0.3575  Mult_acc_5: 0.1842  F1_score: 0.5021  MAE: 0.6302  Corr: 0.2169  Loss: 0.6373 
2026-01-19 09:41:44,922 - MMSA [INFO] - TRAIN-(msalm) [2/3/1] >> loss: 0.6476  Mult_acc_2: 0.5241  Mult_acc_3: 0.4181  Mult_acc_5: 0.1923  F1_score: 0.5357  MAE: 0.6462  Corr: 0.2215  clm loss: 5.3876 total loss: 8.0583 bn loss: 0.6912 av loss: 0.6082 text loss: 0.7238
2026-01-19 09:41:46,832 - MMSA [INFO] - VAL-(msalm) >>  Mult_acc_2: 0.5088  Mult_acc_3: 0.3860  Mult_acc_5: 0.1842  F1_score: 0.5204  MAE: 0.6282  Corr: 0.2523  Loss: 0.6380 
2026-01-19 09:41:55,051 - MMSA [INFO] - TRAIN-(msalm) [3/4/1] >> loss: 0.6187  Mult_acc_2: 0.5468  Mult_acc_3: 0.4335  Mult_acc_5: 0.1981  F1_score: 0.5605  MAE: 0.6165  Corr: 0.2791  clm loss: 4.6034 total loss: 7.12 bn loss: 0.6215 av loss: 0.5957 text loss: 0.6808
2026-01-19 09:41:56,853 - MMSA [INFO] - VAL-(msalm) >>  Mult_acc_2: 0.5110  Mult_acc_3: 0.3816  Mult_acc_5: 0.1776  F1_score: 0.5187  MAE: 0.6268  Corr: 0.2932  Loss: 0.6245 
2026-01-19 09:42:06,311 - MMSA [INFO] - TRAIN-(msalm) [1/5/1] >> loss: 0.5953  Mult_acc_2: 0.5702  Mult_acc_3: 0.4635  Mult_acc_5: 0.2215  F1_score: 0.5863  MAE: 0.5935  Corr: 0.3215  clm loss: 4.0992 total loss: 6.5324 bn loss: 0.6095 av loss: 0.5929 text loss: 0.6354
2026-01-19 09:42:08,030 - MMSA [INFO] - VAL-(msalm) >>  Mult_acc_2: 0.5219  Mult_acc_3: 0.4189  Mult_acc_5: 0.1886  F1_score: 0.5272  MAE: 0.6307  Corr: 0.3479  Loss: 0.6428 
2026-01-19 09:42:16,465 - MMSA [INFO] - TRAIN-(msalm) [2/6/1] >> loss: 0.5908  Mult_acc_2: 0.5863  Mult_acc_3: 0.4664  Mult_acc_5: 0.2222  F1_score: 0.6021  MAE: 0.5888  Corr: 0.3362  clm loss: 3.8922 total loss: 6.3024 bn loss: 0.6062 av loss: 0.5885 text loss: 0.6248
2026-01-19 09:42:18,153 - MMSA [INFO] - VAL-(msalm) >>  Mult_acc_2: 0.4759  Mult_acc_3: 0.4232  Mult_acc_5: 0.2083  F1_score: 0.4619  MAE: 0.6531  Corr: 0.3886  Loss: 0.6519 
2026-01-19 09:42:26,387 - MMSA [INFO] - TRAIN-(msalm) [3/7/1] >> loss: 0.5619  Mult_acc_2: 0.6133  Mult_acc_3: 0.5007  Mult_acc_5: 0.2537  F1_score: 0.6284  MAE: 0.5592  Corr: 0.3919  clm loss: 3.7084 total loss: 6.0371 bn loss: 0.5968 av loss: 0.5829 text loss: 0.587
2026-01-19 09:42:28,056 - MMSA [INFO] - VAL-(msalm) >>  Mult_acc_2: 0.5768  Mult_acc_3: 0.5000  Mult_acc_5: 0.2303  F1_score: 0.5891  MAE: 0.5870  Corr: 0.4192  Loss: 0.6033 
2026-01-19 09:42:37,324 - MMSA [INFO] - TRAIN-(msalm) [1/8/1] >> loss: 0.5432  Mult_acc_2: 0.6360  Mult_acc_3: 0.5292  Mult_acc_5: 0.2639  F1_score: 0.6499  MAE: 0.5364  Corr: 0.4402  clm loss: 3.578 total loss: 5.8606 bn loss: 0.5894 av loss: 0.5806 text loss: 0.5695
2026-01-19 09:42:38,986 - MMSA [INFO] - VAL-(msalm) >>  Mult_acc_2: 0.5768  Mult_acc_3: 0.4934  Mult_acc_5: 0.2346  F1_score: 0.5891  MAE: 0.6085  Corr: 0.4264  Loss: 0.6234 
2026-01-19 09:42:47,188 - MMSA [INFO] - TRAIN-(msalm) [2/9/1] >> loss: 0.5342  Mult_acc_2: 0.6601  Mult_acc_3: 0.5439  Mult_acc_5: 0.2763  F1_score: 0.6727  MAE: 0.5247  Corr: 0.4585  clm loss: 3.4147 total loss: 5.6647 bn loss: 0.5949 av loss: 0.5792 text loss: 0.5415
2026-01-19 09:42:48,909 - MMSA [INFO] - VAL-(msalm) >>  Mult_acc_2: 0.5636  Mult_acc_3: 0.5022  Mult_acc_5: 0.2434  F1_score: 0.5767  MAE: 0.5983  Corr: 0.4393  Loss: 0.6127 
2026-01-19 09:42:57,158 - MMSA [INFO] - TRAIN-(msalm) [3/10/1] >> loss: 0.5315  Mult_acc_2: 0.6762  Mult_acc_3: 0.5592  Mult_acc_5: 0.2800  F1_score: 0.6875  MAE: 0.5221  Corr: 0.4424  clm loss: 3.357 total loss: 5.5858 bn loss: 0.5798 av loss: 0.574 text loss: 0.5435
2026-01-19 09:42:58,882 - MMSA [INFO] - VAL-(msalm) >>  Mult_acc_2: 0.6579  Mult_acc_3: 0.5636  Mult_acc_5: 0.3136  F1_score: 0.6698  MAE: 0.4970  Corr: 0.4956  Loss: 0.5110 
2026-01-19 09:43:08,220 - MMSA [INFO] - TRAIN-(msalm) [1/11/1] >> loss: 0.5134  Mult_acc_2: 0.6879  Mult_acc_3: 0.5826  Mult_acc_5: 0.3041  F1_score: 0.6983  MAE: 0.4987  Corr: 0.4986  clm loss: 3.2685 total loss: 5.4587 bn loss: 0.5698 av loss: 0.5753 text loss: 0.5317
2026-01-19 09:43:09,939 - MMSA [INFO] - VAL-(msalm) >>  Mult_acc_2: 0.7061  Mult_acc_3: 0.5987  Mult_acc_5: 0.3728  F1_score: 0.7124  MAE: 0.4758  Corr: 0.5206  Loss: 0.4841 
2026-01-19 09:43:19,275 - MMSA [INFO] - TRAIN-(msalm) [1/12/1] >> loss: 0.4958  Mult_acc_2: 0.6857  Mult_acc_3: 0.5819  Mult_acc_5: 0.2997  F1_score: 0.6948  MAE: 0.4852  Corr: 0.5150  clm loss: 3.2643 total loss: 5.4102 bn loss: 0.5594 av loss: 0.5739 text loss: 0.5168
2026-01-19 09:43:21,005 - MMSA [INFO] - VAL-(msalm) >>  Mult_acc_2: 0.6842  Mult_acc_3: 0.6053  Mult_acc_5: 0.3662  F1_score: 0.6937  MAE: 0.4804  Corr: 0.5231  Loss: 0.5065 
2026-01-19 09:43:29,240 - MMSA [INFO] - TRAIN-(msalm) [2/13/1] >> loss: 0.4793  Mult_acc_2: 0.7193  Mult_acc_3: 0.6184  Mult_acc_5: 0.3414  F1_score: 0.7279  MAE: 0.4655  Corr: 0.5388  clm loss: 3.2401 total loss: 5.3443 bn loss: 0.5443 av loss: 0.5693 text loss: 0.5113
2026-01-19 09:43:31,169 - MMSA [INFO] - VAL-(msalm) >>  Mult_acc_2: 0.6952  Mult_acc_3: 0.5987  Mult_acc_5: 0.3640  F1_score: 0.7057  MAE: 0.4736  Corr: 0.5575  Loss: 0.5112 
2026-01-19 09:43:39,431 - MMSA [INFO] - TRAIN-(msalm) [3/14/1] >> loss: 0.4527  Mult_acc_2: 0.7420  Mult_acc_3: 0.6447  Mult_acc_5: 0.3794  F1_score: 0.7475  MAE: 0.4333  Corr: 0.5990  clm loss: 3.1669 total loss: 5.2152 bn loss: 0.5337 av loss: 0.5704 text loss: 0.4915
2026-01-19 09:43:41,132 - MMSA [INFO] - VAL-(msalm) >>  Mult_acc_2: 0.6689  Mult_acc_3: 0.5943  Mult_acc_5: 0.3684  F1_score: 0.6818  MAE: 0.4769  Corr: 0.5618  Loss: 0.5005 
2026-01-19 09:43:49,389 - MMSA [INFO] - TRAIN-(msalm) [4/15/1] >> loss: 0.4542  Mult_acc_2: 0.7471  Mult_acc_3: 0.6440  Mult_acc_5: 0.3538  F1_score: 0.7520  MAE: 0.4408  Corr: 0.5840  clm loss: 3.1647 total loss: 5.1946 bn loss: 0.5212 av loss: 0.5691 text loss: 0.4855
2026-01-19 09:43:51,108 - MMSA [INFO] - VAL-(msalm) >>  Mult_acc_2: 0.7171  Mult_acc_3: 0.6228  Mult_acc_5: 0.3728  F1_score: 0.7247  MAE: 0.4602  Corr: 0.5518  Loss: 0.4852 
2026-01-19 09:43:59,391 - MMSA [INFO] - TRAIN-(msalm) [5/16/1] >> loss: 0.4464  Mult_acc_2: 0.7463  Mult_acc_3: 0.6411  Mult_acc_5: 0.3531  F1_score: 0.7495  MAE: 0.4356  Corr: 0.5898  clm loss: 3.1609 total loss: 5.1608 bn loss: 0.5057 av loss: 0.5649 text loss: 0.4831
2026-01-19 09:44:01,067 - MMSA [INFO] - VAL-(msalm) >>  Mult_acc_2: 0.7105  Mult_acc_3: 0.6382  Mult_acc_5: 0.3728  F1_score: 0.7187  MAE: 0.4551  Corr: 0.5573  Loss: 0.4742 
2026-01-19 09:44:10,521 - MMSA [INFO] - TRAIN-(msalm) [1/17/1] >> loss: 0.4129  Mult_acc_2: 0.7719  Mult_acc_3: 0.6718  Mult_acc_5: 0.3882  F1_score: 0.7754  MAE: 0.3995  Corr: 0.6572  clm loss: 3.146 total loss: 5.0871 bn loss: 0.4926 av loss: 0.5654 text loss: 0.4703
2026-01-19 09:44:12,245 - MMSA [INFO] - VAL-(msalm) >>  Mult_acc_2: 0.7500  Mult_acc_3: 0.6338  Mult_acc_5: 0.3925  F1_score: 0.7528  MAE: 0.4411  Corr: 0.5722  Loss: 0.4728 
2026-01-19 09:44:21,578 - MMSA [INFO] - TRAIN-(msalm) [1/18/1] >> loss: 0.4089  Mult_acc_2: 0.7946  Mult_acc_3: 0.6857  Mult_acc_5: 0.4145  F1_score: 0.7969  MAE: 0.3943  Corr: 0.6631  clm loss: 3.0837 total loss: 4.9924 bn loss: 0.4713 av loss: 0.5673 text loss: 0.4612
2026-01-19 09:44:23,289 - MMSA [INFO] - VAL-(msalm) >>  Mult_acc_2: 0.7500  Mult_acc_3: 0.6272  Mult_acc_5: 0.3947  F1_score: 0.7539  MAE: 0.4353  Corr: 0.5865  Loss: 0.4751 
2026-01-19 09:44:31,587 - MMSA [INFO] - TRAIN-(msalm) [2/19/1] >> loss: 0.3975  Mult_acc_2: 0.7887  Mult_acc_3: 0.6711  Mult_acc_5: 0.4079  F1_score: 0.7918  MAE: 0.3821  Corr: 0.6837  clm loss: 3.0947 total loss: 4.9537 bn loss: 0.4453 av loss: 0.5632 text loss: 0.4529
2026-01-19 09:44:33,265 - MMSA [INFO] - VAL-(msalm) >>  Mult_acc_2: 0.7412  Mult_acc_3: 0.6316  Mult_acc_5: 0.3706  F1_score: 0.7474  MAE: 0.4412  Corr: 0.5865  Loss: 0.4695 
2026-01-19 09:44:42,606 - MMSA [INFO] - TRAIN-(msalm) [1/20/1] >> loss: 0.3907  Mult_acc_2: 0.7807  Mult_acc_3: 0.6637  Mult_acc_5: 0.4101  F1_score: 0.7842  MAE: 0.3742  Corr: 0.6938  clm loss: 3.0731 total loss: 4.9066 bn loss: 0.4377 av loss: 0.5678 text loss: 0.4372
2026-01-19 09:44:44,424 - MMSA [INFO] - VAL-(msalm) >>  Mult_acc_2: 0.7412  Mult_acc_3: 0.6382  Mult_acc_5: 0.3706  F1_score: 0.7468  MAE: 0.4427  Corr: 0.5790  Loss: 0.4707 
2026-01-19 09:44:52,900 - MMSA [INFO] - TRAIN-(msalm) [2/21/1] >> loss: 0.3823  Mult_acc_2: 0.7895  Mult_acc_3: 0.6827  Mult_acc_5: 0.4232  F1_score: 0.7914  MAE: 0.3698  Corr: 0.7059  clm loss: 3.005 total loss: 4.8148 bn loss: 0.4246 av loss: 0.5636 text loss: 0.4394
2026-01-19 09:44:54,646 - MMSA [INFO] - VAL-(msalm) >>  Mult_acc_2: 0.7522  Mult_acc_3: 0.6447  Mult_acc_5: 0.3969  F1_score: 0.7559  MAE: 0.4339  Corr: 0.5838  Loss: 0.4624 
2026-01-19 09:45:04,015 - MMSA [INFO] - TRAIN-(msalm) [1/22/1] >> loss: 0.3799  Mult_acc_2: 0.7953  Mult_acc_3: 0.7047  Mult_acc_5: 0.4481  F1_score: 0.7985  MAE: 0.3593  Corr: 0.7216  clm loss: 3.0407 total loss: 4.8305 bn loss: 0.4185 av loss: 0.5652 text loss: 0.4262
2026-01-19 09:45:05,772 - MMSA [INFO] - VAL-(msalm) >>  Mult_acc_2: 0.7325  Mult_acc_3: 0.6272  Mult_acc_5: 0.3794  F1_score: 0.7382  MAE: 0.4338  Corr: 0.5872  Loss: 0.4519 
2026-01-19 09:45:15,196 - MMSA [INFO] - TRAIN-(msalm) [1/23/1] >> loss: 0.3703  Mult_acc_2: 0.7968  Mult_acc_3: 0.7039  Mult_acc_5: 0.4452  F1_score: 0.7989  MAE: 0.3539  Corr: 0.7239  clm loss: 3.0071 total loss: 4.7814 bn loss: 0.4022 av loss: 0.5698 text loss: 0.432
2026-01-19 09:45:16,977 - MMSA [INFO] - VAL-(msalm) >>  Mult_acc_2: 0.7325  Mult_acc_3: 0.6425  Mult_acc_5: 0.3969  F1_score: 0.7367  MAE: 0.4368  Corr: 0.5796  Loss: 0.4563 
2026-01-19 09:45:25,298 - MMSA [INFO] - TRAIN-(msalm) [2/24/1] >> loss: 0.3451  Mult_acc_2: 0.8048  Mult_acc_3: 0.7061  Mult_acc_5: 0.4605  F1_score: 0.8067  MAE: 0.3293  Corr: 0.7605  clm loss: 2.9617 total loss: 4.6977 bn loss: 0.4066 av loss: 0.564 text loss: 0.4203
2026-01-19 09:45:27,044 - MMSA [INFO] - VAL-(msalm) >>  Mult_acc_2: 0.7588  Mult_acc_3: 0.6316  Mult_acc_5: 0.3991  F1_score: 0.7578  MAE: 0.4279  Corr: 0.5868  Loss: 0.4490 
2026-01-19 09:45:36,433 - MMSA [INFO] - TRAIN-(msalm) [1/25/1] >> loss: 0.3455  Mult_acc_2: 0.8216  Mult_acc_3: 0.7164  Mult_acc_5: 0.4678  F1_score: 0.8239  MAE: 0.3265  Corr: 0.7709  clm loss: 2.9348 total loss: 4.6393 bn loss: 0.3863 av loss: 0.5644 text loss: 0.4084
2026-01-19 09:45:38,166 - MMSA [INFO] - VAL-(msalm) >>  Mult_acc_2: 0.7522  Mult_acc_3: 0.6272  Mult_acc_5: 0.3882  F1_score: 0.7534  MAE: 0.4361  Corr: 0.5767  Loss: 0.4706 
2026-01-19 09:45:46,474 - MMSA [INFO] - TRAIN-(msalm) [2/26/1] >> loss: 0.3359  Mult_acc_2: 0.8165  Mult_acc_3: 0.7259  Mult_acc_5: 0.5051  F1_score: 0.8192  MAE: 0.3188  Corr: 0.7732  clm loss: 2.931 total loss: 4.6003 bn loss: 0.3764 av loss: 0.5606 text loss: 0.3963
2026-01-19 09:45:48,200 - MMSA [INFO] - VAL-(msalm) >>  Mult_acc_2: 0.7325  Mult_acc_3: 0.6382  Mult_acc_5: 0.4013  F1_score: 0.7354  MAE: 0.4347  Corr: 0.5826  Loss: 0.4579 
2026-01-19 09:45:56,426 - MMSA [INFO] - TRAIN-(msalm) [3/27/1] >> loss: 0.3148  Mult_acc_2: 0.8436  Mult_acc_3: 0.7449  Mult_acc_5: 0.5205  F1_score: 0.8459  MAE: 0.2998  Corr: 0.7903  clm loss: 2.9069 total loss: 4.5346 bn loss: 0.3588 av loss: 0.5608 text loss: 0.3932
2026-01-19 09:45:58,107 - MMSA [INFO] - VAL-(msalm) >>  Mult_acc_2: 0.7456  Mult_acc_3: 0.6404  Mult_acc_5: 0.4101  F1_score: 0.7456  MAE: 0.4370  Corr: 0.5765  Loss: 0.4520 
2026-01-19 09:46:06,334 - MMSA [INFO] - TRAIN-(msalm) [4/28/1] >> loss: 0.3098  Mult_acc_2: 0.8297  Mult_acc_3: 0.7383  Mult_acc_5: 0.5168  F1_score: 0.8327  MAE: 0.2951  Corr: 0.8074  clm loss: 2.8703 total loss: 4.4782 bn loss: 0.3527 av loss: 0.5636 text loss: 0.3819
2026-01-19 09:46:08,071 - MMSA [INFO] - VAL-(msalm) >>  Mult_acc_2: 0.7237  Mult_acc_3: 0.6404  Mult_acc_5: 0.4167  F1_score: 0.7292  MAE: 0.4387  Corr: 0.5751  Loss: 0.4652 
2026-01-19 09:46:16,522 - MMSA [INFO] - TRAIN-(msalm) [5/29/1] >> loss: 0.3017  Mult_acc_2: 0.8311  Mult_acc_3: 0.7551  Mult_acc_5: 0.5270  F1_score: 0.8343  MAE: 0.2845  Corr: 0.8213  clm loss: 2.8652 total loss: 4.4508 bn loss: 0.3437 av loss: 0.5588 text loss: 0.3815
2026-01-19 09:46:18,255 - MMSA [INFO] - VAL-(msalm) >>  Mult_acc_2: 0.7368  Mult_acc_3: 0.6425  Mult_acc_5: 0.4035  F1_score: 0.7425  MAE: 0.4359  Corr: 0.5819  Loss: 0.4586 
2026-01-19 09:46:26,526 - MMSA [INFO] - TRAIN-(msalm) [6/30/1] >> loss: 0.291  Mult_acc_2: 0.8297  Mult_acc_3: 0.7485  Mult_acc_5: 0.5285  F1_score: 0.8325  MAE: 0.2742  Corr: 0.8266  clm loss: 2.843 total loss: 4.4308 bn loss: 0.3533 av loss: 0.5636 text loss: 0.3798
2026-01-19 09:46:28,199 - MMSA [INFO] - VAL-(msalm) >>  Mult_acc_2: 0.7039  Mult_acc_3: 0.6206  Mult_acc_5: 0.3640  F1_score: 0.7147  MAE: 0.4470  Corr: 0.5839  Loss: 0.4744 
2026-01-19 09:46:36,490 - MMSA [INFO] - TRAIN-(msalm) [7/31/1] >> loss: 0.2877  Mult_acc_2: 0.8421  Mult_acc_3: 0.7712  Mult_acc_5: 0.5548  F1_score: 0.8452  MAE: 0.2695  Corr: 0.8370  clm loss: 2.823 total loss: 4.3815 bn loss: 0.355 av loss: 0.5604 text loss: 0.3555
2026-01-19 09:46:38,249 - MMSA [INFO] - VAL-(msalm) >>  Mult_acc_2: 0.6996  Mult_acc_3: 0.6118  Mult_acc_5: 0.3443  F1_score: 0.7107  MAE: 0.4491  Corr: 0.5893  Loss: 0.4655 
2026-01-19 09:46:46,649 - MMSA [INFO] - TRAIN-(msalm) [8/32/1] >> loss: 0.2679  Mult_acc_2: 0.8487  Mult_acc_3: 0.7712  Mult_acc_5: 0.5709  F1_score: 0.8517  MAE: 0.2491  Corr: 0.8550  clm loss: 2.7835 total loss: 4.2815 bn loss: 0.3341 av loss: 0.5635 text loss: 0.3325
2026-01-19 09:46:48,441 - MMSA [INFO] - VAL-(msalm) >>  Mult_acc_2: 0.6996  Mult_acc_3: 0.6228  Mult_acc_5: 0.3553  F1_score: 0.7097  MAE: 0.4534  Corr: 0.5780  Loss: 0.4549 
2026-01-19 09:46:56,778 - MMSA [INFO] - TRAIN-(msalm) [9/33/1] >> loss: 0.2694  Mult_acc_2: 0.8531  Mult_acc_3: 0.7705  Mult_acc_5: 0.5585  F1_score: 0.8556  MAE: 0.2511  Corr: 0.8610  clm loss: 2.746 total loss: 4.2289 bn loss: 0.3278 av loss: 0.5603 text loss: 0.3254
2026-01-19 09:46:58,561 - MMSA [INFO] - VAL-(msalm) >>  Mult_acc_2: 0.7215  Mult_acc_3: 0.6228  Mult_acc_5: 0.3750  F1_score: 0.7273  MAE: 0.4430  Corr: 0.5726  Loss: 0.4733 
2026-01-19 09:47:06,896 - MMSA [INFO] - TRAIN-(msalm) [10/34/1] >> loss: 0.2685  Mult_acc_2: 0.8604  Mult_acc_3: 0.7792  Mult_acc_5: 0.5921  F1_score: 0.8625  MAE: 0.2458  Corr: 0.8624  clm loss: 2.7489 total loss: 4.2508 bn loss: 0.3297 av loss: 0.5629 text loss: 0.3409
2026-01-19 09:47:08,715 - MMSA [INFO] - VAL-(msalm) >>  Mult_acc_2: 0.7083  Mult_acc_3: 0.6316  Mult_acc_5: 0.3904  F1_score: 0.7158  MAE: 0.4468  Corr: 0.5738  Loss: 0.4816 
2026-01-19 09:47:10,933 - MMSA [INFO] - TEST-(msalm) >>  Mult_acc_2: 0.8118  Mult_acc_3: 0.6565  Mult_acc_5: 0.3917  F1_score: 0.8084  MAE: 0.4263  Corr: 0.6236  Loss: 0.4554 
2026-01-19 09:47:12,209 - MMSA [INFO] - Result for seed 1993: {'Mult_acc_2': 0.8118, 'Mult_acc_3': 0.6565, 'Mult_acc_5': 0.3917, 'F1_score': 0.8084, 'MAE': 0.4263, 'Corr': 0.6236, 'Loss': 0.4554, 'seed': 1993}
2026-01-19 09:47:12,229 - MMSA [INFO] - Results saved to MMSA/results/sims/lrs_0002/sparse-mm-token-lvl-router/k_2/nf_16-gca-vision-noise/lr_0002__k_2__nf_16-gca-vision-noise/normal/sims_avg.csv.
