Loading gcc/11.3.0
  Loading requirement: gmp/6.2.1 mpfr/4.1.0 mpc/1.2.1
$$$$$$$$$$$$$$$$$$$$$$$$$$$$$Running in normal mode.$$$$$$$$$$$$$$$$$$$$$$$$$$$$$
Loading HF datasets
---------------------- Ongoing with TRAIN data split -----------------------------
Using GPT LM
All the sequence lengths are L:50, A:500, V:375
Preprocessing custom M-SENA pickles
audio features are (16326, 500, 74)
vision features are (16326, 500, 35)
Starting processing --------------------->
(16326, 500, 74)
(16326, 500, 35)
---------------------- Ongoing with VALID data split -----------------------------
Using GPT LM
All the sequence lengths are L:50, A:500, V:375
Preprocessing custom M-SENA pickles
audio features are (16326, 500, 74)
vision features are (16326, 500, 35)
Starting processing --------------------->
(1871, 500, 74)
(1871, 500, 35)
---------------------- Ongoing with TEST data split -----------------------------
Using GPT LM
All the sequence lengths are L:50, A:500, V:375
Preprocessing custom M-SENA pickles
audio features are (16326, 500, 74)
vision features are (16326, 500, 35)
Starting processing --------------------->
(4659, 500, 74)
(4659, 500, 35)
Ongoing with num_workers=2
ca list is: [7, 14, 21, 28, 35]
initializing SoftPerm
Ongoing with ----- sigmoid ----- gating
idx is 0
[0.0, 0.0, 0.0, 0.0, 0.0, 0.0, 0.0, 0.0, 0.0, 0.0]
Ongoing with ----- sigmoid ----- gating
idx is 1
[0.0, 0.0, 0.0, 0.0, 0.0, 0.0, 0.0, 0.0, 0.0, 0.0]
Ongoing with ----- sigmoid ----- gating
idx is 2
[0.0, 0.0, 0.0, 0.0, 0.0, 0.0, 0.0, 0.0, 0.0, 0.0]
Ongoing with ----- sigmoid ----- gating
idx is 3
[0.0, 0.0, 0.0, 0.0, 0.0, 0.0, 0.0, 0.0, 0.0, 0.0]
Ongoing with ----- sigmoid ----- gating
idx is 4
[0.0, 0.0, 0.0, 0.0, 0.0, 0.0, 0.0, 0.0, 0.0, 0.0]
Parsing decoder block: 0
Parsing decoder block: 1
Parsing decoder block: 2
Parsing decoder block: 3
Parsing decoder block: 4
Parsing decoder block: 5
Parsing decoder block: 6
Parsing decoder block: 7
COpying---------------------------------
Parsing decoder block: 8
Parsing decoder block: 9
Parsing decoder block: 10
Parsing decoder block: 11
Parsing decoder block: 12
Parsing decoder block: 13
Parsing decoder block: 14
COpying---------------------------------
Parsing decoder block: 15
Parsing decoder block: 16
Parsing decoder block: 17
Parsing decoder block: 18
Parsing decoder block: 19
Parsing decoder block: 20
Parsing decoder block: 21
COpying---------------------------------
Parsing decoder block: 22
Parsing decoder block: 23
Parsing decoder block: 24
Parsing decoder block: 25
Parsing decoder block: 26
Parsing decoder block: 27
Parsing decoder block: 28
COpying---------------------------------
Parsing decoder block: 29
Parsing decoder block: 30
Parsing decoder block: 31
Parsing decoder block: 32
Parsing decoder block: 33
Parsing decoder block: 34
Parsing decoder block: 35
COpying---------------------------------
No normalization is used
----------------->>> Pretrained AudioVisual Encoder <<<<<----------------
No normalization is used
----------------------- Loading AV encoder from /leonardo_work/EUHPC_A04_051/alexfil/DeepMLF-Reprod/checkpoints/bienc-mosei-1990/bienc-mosei-1990.pth
Copied param embed_positions_a._float_tensor
Copied param embed_positions_v._float_tensor
Copied param proj_a.weight
Copied param proj_v.weight
Copied param enc_a.layers.0.self_attn.in_proj_weight
Copied param enc_a.layers.0.self_attn.in_proj_bias
Copied param enc_a.layers.0.self_attn.out_proj.weight
Copied param enc_a.layers.0.self_attn.out_proj.bias
Copied param enc_a.layers.0.linear1.weight
Copied param enc_a.layers.0.linear1.bias
Copied param enc_a.layers.0.linear2.weight
Copied param enc_a.layers.0.linear2.bias
Copied param enc_a.layers.0.norm1.weight
Copied param enc_a.layers.0.norm1.bias
Copied param enc_a.layers.0.norm2.weight
Copied param enc_a.layers.0.norm2.bias
Copied param enc_a.layers.1.self_attn.in_proj_weight
Copied param enc_a.layers.1.self_attn.in_proj_bias
Copied param enc_a.layers.1.self_attn.out_proj.weight
Copied param enc_a.layers.1.self_attn.out_proj.bias
Copied param enc_a.layers.1.linear1.weight
Copied param enc_a.layers.1.linear1.bias
Copied param enc_a.layers.1.linear2.weight
Copied param enc_a.layers.1.linear2.bias
Copied param enc_a.layers.1.norm1.weight
Copied param enc_a.layers.1.norm1.bias
Copied param enc_a.layers.1.norm2.weight
Copied param enc_a.layers.1.norm2.bias
Copied param enc_a.layers.2.self_attn.in_proj_weight
Copied param enc_a.layers.2.self_attn.in_proj_bias
Copied param enc_a.layers.2.self_attn.out_proj.weight
Copied param enc_a.layers.2.self_attn.out_proj.bias
Copied param enc_a.layers.2.linear1.weight
Copied param enc_a.layers.2.linear1.bias
Copied param enc_a.layers.2.linear2.weight
Copied param enc_a.layers.2.linear2.bias
Copied param enc_a.layers.2.norm1.weight
Copied param enc_a.layers.2.norm1.bias
Copied param enc_a.layers.2.norm2.weight
Copied param enc_a.layers.2.norm2.bias
Copied param enc_v.layers.0.self_attn.in_proj_weight
Copied param enc_v.layers.0.self_attn.in_proj_bias
Copied param enc_v.layers.0.self_attn.out_proj.weight
Copied param enc_v.layers.0.self_attn.out_proj.bias
Copied param enc_v.layers.0.linear1.weight
Copied param enc_v.layers.0.linear1.bias
Copied param enc_v.layers.0.linear2.weight
Copied param enc_v.layers.0.linear2.bias
Copied param enc_v.layers.0.norm1.weight
Copied param enc_v.layers.0.norm1.bias
Copied param enc_v.layers.0.norm2.weight
Copied param enc_v.layers.0.norm2.bias
Copied param enc_v.layers.1.self_attn.in_proj_weight
Copied param enc_v.layers.1.self_attn.in_proj_bias
Copied param enc_v.layers.1.self_attn.out_proj.weight
Copied param enc_v.layers.1.self_attn.out_proj.bias
Copied param enc_v.layers.1.linear1.weight
Copied param enc_v.layers.1.linear1.bias
Copied param enc_v.layers.1.linear2.weight
Copied param enc_v.layers.1.linear2.bias
Copied param enc_v.layers.1.norm1.weight
Copied param enc_v.layers.1.norm1.bias
Copied param enc_v.layers.1.norm2.weight
Copied param enc_v.layers.1.norm2.bias
Copied param enc_v.layers.2.self_attn.in_proj_weight
Copied param enc_v.layers.2.self_attn.in_proj_bias
Copied param enc_v.layers.2.self_attn.out_proj.weight
Copied param enc_v.layers.2.self_attn.out_proj.bias
Copied param enc_v.layers.2.linear1.weight
Copied param enc_v.layers.2.linear1.bias
Copied param enc_v.layers.2.linear2.weight
Copied param enc_v.layers.2.linear2.bias
Copied param enc_v.layers.2.norm1.weight
Copied param enc_v.layers.2.norm1.bias
Copied param enc_v.layers.2.norm2.weight
Copied param enc_v.layers.2.norm2.bias
Copied param fusion.weight
Copied param fusion.bias
Copied param clf.weight
Copied param clf.bias
------------------ Adding LNorm ------------------------
ongoing with msalm
7.ca_layer.alpha_1
7.ca_layer.alpha_2
7.ca_layer.audio_expert.attn.W_q.weight
7.ca_layer.audio_expert.attn.W_kv.weight
7.ca_layer.audio_expert.attn.W_o.weight
7.ca_layer.audio_expert.attn.gate_linear.weight
7.ca_layer.visual_expert.attn.W_q.weight
7.ca_layer.visual_expert.attn.W_kv.weight
7.ca_layer.visual_expert.attn.W_o.weight
7.ca_layer.visual_expert.attn.gate_linear.weight
7.ca_layer.av_expert.attn.W_q.weight
7.ca_layer.av_expert.attn.W_kv.weight
7.ca_layer.av_expert.attn.W_o.weight
7.ca_layer.av_expert.attn.gate_linear.weight
7.ca_layer.ln_1.weight
7.ca_layer.ln_1.bias
7.ca_layer.ln_2.weight
7.ca_layer.ln_2.bias
7.ca_layer.mlp.c_fc.weight
7.ca_layer.mlp.c_fc.bias
7.ca_layer.mlp.c_proj.weight
7.ca_layer.mlp.c_proj.bias
14.ca_layer.alpha_1
14.ca_layer.alpha_2
14.ca_layer.audio_expert.attn.W_q.weight
14.ca_layer.audio_expert.attn.W_kv.weight
14.ca_layer.audio_expert.attn.W_o.weight
14.ca_layer.audio_expert.attn.gate_linear.weight
14.ca_layer.visual_expert.attn.W_q.weight
14.ca_layer.visual_expert.attn.W_kv.weight
14.ca_layer.visual_expert.attn.W_o.weight
14.ca_layer.visual_expert.attn.gate_linear.weight
14.ca_layer.av_expert.attn.W_q.weight
14.ca_layer.av_expert.attn.W_kv.weight
14.ca_layer.av_expert.attn.W_o.weight
14.ca_layer.av_expert.attn.gate_linear.weight
14.ca_layer.ln_1.weight
14.ca_layer.ln_1.bias
14.ca_layer.ln_2.weight
14.ca_layer.ln_2.bias
14.ca_layer.mlp.c_fc.weight
14.ca_layer.mlp.c_fc.bias
14.ca_layer.mlp.c_proj.weight
14.ca_layer.mlp.c_proj.bias
21.ca_layer.alpha_1
21.ca_layer.alpha_2
21.ca_layer.audio_expert.attn.W_q.weight
21.ca_layer.audio_expert.attn.W_kv.weight
21.ca_layer.audio_expert.attn.W_o.weight
21.ca_layer.audio_expert.attn.gate_linear.weight
21.ca_layer.visual_expert.attn.W_q.weight
21.ca_layer.visual_expert.attn.W_kv.weight
21.ca_layer.visual_expert.attn.W_o.weight
21.ca_layer.visual_expert.attn.gate_linear.weight
21.ca_layer.av_expert.attn.W_q.weight
21.ca_layer.av_expert.attn.W_kv.weight
21.ca_layer.av_expert.attn.W_o.weight
21.ca_layer.av_expert.attn.gate_linear.weight
21.ca_layer.ln_1.weight
21.ca_layer.ln_1.bias
21.ca_layer.ln_2.weight
21.ca_layer.ln_2.bias
21.ca_layer.mlp.c_fc.weight
21.ca_layer.mlp.c_fc.bias
21.ca_layer.mlp.c_proj.weight
21.ca_layer.mlp.c_proj.bias
28.ca_layer.alpha_1
28.ca_layer.alpha_2
28.ca_layer.audio_expert.attn.W_q.weight
28.ca_layer.audio_expert.attn.W_kv.weight
28.ca_layer.audio_expert.attn.W_o.weight
28.ca_layer.audio_expert.attn.gate_linear.weight
28.ca_layer.visual_expert.attn.W_q.weight
28.ca_layer.visual_expert.attn.W_kv.weight
28.ca_layer.visual_expert.attn.W_o.weight
28.ca_layer.visual_expert.attn.gate_linear.weight
28.ca_layer.av_expert.attn.W_q.weight
28.ca_layer.av_expert.attn.W_kv.weight
28.ca_layer.av_expert.attn.W_o.weight
28.ca_layer.av_expert.attn.gate_linear.weight
28.ca_layer.ln_1.weight
28.ca_layer.ln_1.bias
28.ca_layer.ln_2.weight
28.ca_layer.ln_2.bias
28.ca_layer.mlp.c_fc.weight
28.ca_layer.mlp.c_fc.bias
28.ca_layer.mlp.c_proj.weight
28.ca_layer.mlp.c_proj.bias
35.ca_layer.alpha_1
35.ca_layer.alpha_2
35.ca_layer.audio_expert.attn.W_q.weight
35.ca_layer.audio_expert.attn.W_kv.weight
35.ca_layer.audio_expert.attn.W_o.weight
35.ca_layer.audio_expert.attn.gate_linear.weight
35.ca_layer.visual_expert.attn.W_q.weight
35.ca_layer.visual_expert.attn.W_kv.weight
35.ca_layer.visual_expert.attn.W_o.weight
35.ca_layer.visual_expert.attn.gate_linear.weight
35.ca_layer.av_expert.attn.W_q.weight
35.ca_layer.av_expert.attn.W_kv.weight
35.ca_layer.av_expert.attn.W_o.weight
35.ca_layer.av_expert.attn.gate_linear.weight
35.ca_layer.ln_1.weight
35.ca_layer.ln_1.bias
35.ca_layer.ln_2.weight
35.ca_layer.ln_2.bias
35.ca_layer.mlp.c_fc.weight
35.ca_layer.mlp.c_fc.bias
35.ca_layer.mlp.c_proj.weight
35.ca_layer.mlp.c_proj.bias
0.bn_embedding.bn_embedding
Model.lang_encoder.transformer.wte.0.bn_embedding.bn_embedding
Model.lang_encoder.transformer.h.7.ca_layer.alpha_1
Model.lang_encoder.transformer.h.7.ca_layer.alpha_2
Model.lang_encoder.transformer.h.7.ca_layer.audio_expert.attn.W_q.weight
Model.lang_encoder.transformer.h.7.ca_layer.audio_expert.attn.W_kv.weight
Model.lang_encoder.transformer.h.7.ca_layer.audio_expert.attn.W_o.weight
Model.lang_encoder.transformer.h.7.ca_layer.audio_expert.attn.gate_linear.weight
Model.lang_encoder.transformer.h.7.ca_layer.visual_expert.attn.W_q.weight
Model.lang_encoder.transformer.h.7.ca_layer.visual_expert.attn.W_kv.weight
Model.lang_encoder.transformer.h.7.ca_layer.visual_expert.attn.W_o.weight
Model.lang_encoder.transformer.h.7.ca_layer.visual_expert.attn.gate_linear.weight
Model.lang_encoder.transformer.h.7.ca_layer.av_expert.attn.W_q.weight
Model.lang_encoder.transformer.h.7.ca_layer.av_expert.attn.W_kv.weight
Model.lang_encoder.transformer.h.7.ca_layer.av_expert.attn.W_o.weight
Model.lang_encoder.transformer.h.7.ca_layer.av_expert.attn.gate_linear.weight
Model.lang_encoder.transformer.h.7.ca_layer.ln_1.weight
Model.lang_encoder.transformer.h.7.ca_layer.ln_1.bias
Model.lang_encoder.transformer.h.7.ca_layer.ln_2.weight
Model.lang_encoder.transformer.h.7.ca_layer.ln_2.bias
Model.lang_encoder.transformer.h.7.ca_layer.mlp.c_fc.weight
Model.lang_encoder.transformer.h.7.ca_layer.mlp.c_fc.bias
Model.lang_encoder.transformer.h.7.ca_layer.mlp.c_proj.weight
Model.lang_encoder.transformer.h.7.ca_layer.mlp.c_proj.bias
Model.lang_encoder.transformer.h.14.ca_layer.alpha_1
Model.lang_encoder.transformer.h.14.ca_layer.alpha_2
Model.lang_encoder.transformer.h.14.ca_layer.audio_expert.attn.W_q.weight
Model.lang_encoder.transformer.h.14.ca_layer.audio_expert.attn.W_kv.weight
Model.lang_encoder.transformer.h.14.ca_layer.audio_expert.attn.W_o.weight
Model.lang_encoder.transformer.h.14.ca_layer.audio_expert.attn.gate_linear.weight
Model.lang_encoder.transformer.h.14.ca_layer.visual_expert.attn.W_q.weight
Model.lang_encoder.transformer.h.14.ca_layer.visual_expert.attn.W_kv.weight
Model.lang_encoder.transformer.h.14.ca_layer.visual_expert.attn.W_o.weight
Model.lang_encoder.transformer.h.14.ca_layer.visual_expert.attn.gate_linear.weight
Model.lang_encoder.transformer.h.14.ca_layer.av_expert.attn.W_q.weight
Model.lang_encoder.transformer.h.14.ca_layer.av_expert.attn.W_kv.weight
Model.lang_encoder.transformer.h.14.ca_layer.av_expert.attn.W_o.weight
Model.lang_encoder.transformer.h.14.ca_layer.av_expert.attn.gate_linear.weight
Model.lang_encoder.transformer.h.14.ca_layer.ln_1.weight
Model.lang_encoder.transformer.h.14.ca_layer.ln_1.bias
Model.lang_encoder.transformer.h.14.ca_layer.ln_2.weight
Model.lang_encoder.transformer.h.14.ca_layer.ln_2.bias
Model.lang_encoder.transformer.h.14.ca_layer.mlp.c_fc.weight
Model.lang_encoder.transformer.h.14.ca_layer.mlp.c_fc.bias
Model.lang_encoder.transformer.h.14.ca_layer.mlp.c_proj.weight
Model.lang_encoder.transformer.h.14.ca_layer.mlp.c_proj.bias
Model.lang_encoder.transformer.h.21.ca_layer.alpha_1
Model.lang_encoder.transformer.h.21.ca_layer.alpha_2
Model.lang_encoder.transformer.h.21.ca_layer.audio_expert.attn.W_q.weight
Model.lang_encoder.transformer.h.21.ca_layer.audio_expert.attn.W_kv.weight
Model.lang_encoder.transformer.h.21.ca_layer.audio_expert.attn.W_o.weight
Model.lang_encoder.transformer.h.21.ca_layer.audio_expert.attn.gate_linear.weight
Model.lang_encoder.transformer.h.21.ca_layer.visual_expert.attn.W_q.weight
Model.lang_encoder.transformer.h.21.ca_layer.visual_expert.attn.W_kv.weight
Model.lang_encoder.transformer.h.21.ca_layer.visual_expert.attn.W_o.weight
Model.lang_encoder.transformer.h.21.ca_layer.visual_expert.attn.gate_linear.weight
Model.lang_encoder.transformer.h.21.ca_layer.av_expert.attn.W_q.weight
Model.lang_encoder.transformer.h.21.ca_layer.av_expert.attn.W_kv.weight
Model.lang_encoder.transformer.h.21.ca_layer.av_expert.attn.W_o.weight
Model.lang_encoder.transformer.h.21.ca_layer.av_expert.attn.gate_linear.weight
Model.lang_encoder.transformer.h.21.ca_layer.ln_1.weight
Model.lang_encoder.transformer.h.21.ca_layer.ln_1.bias
Model.lang_encoder.transformer.h.21.ca_layer.ln_2.weight
Model.lang_encoder.transformer.h.21.ca_layer.ln_2.bias
Model.lang_encoder.transformer.h.21.ca_layer.mlp.c_fc.weight
Model.lang_encoder.transformer.h.21.ca_layer.mlp.c_fc.bias
Model.lang_encoder.transformer.h.21.ca_layer.mlp.c_proj.weight
Model.lang_encoder.transformer.h.21.ca_layer.mlp.c_proj.bias
Model.lang_encoder.transformer.h.28.ca_layer.alpha_1
Model.lang_encoder.transformer.h.28.ca_layer.alpha_2
Model.lang_encoder.transformer.h.28.ca_layer.audio_expert.attn.W_q.weight
Model.lang_encoder.transformer.h.28.ca_layer.audio_expert.attn.W_kv.weight
Model.lang_encoder.transformer.h.28.ca_layer.audio_expert.attn.W_o.weight
Model.lang_encoder.transformer.h.28.ca_layer.audio_expert.attn.gate_linear.weight
Model.lang_encoder.transformer.h.28.ca_layer.visual_expert.attn.W_q.weight
Model.lang_encoder.transformer.h.28.ca_layer.visual_expert.attn.W_kv.weight
Model.lang_encoder.transformer.h.28.ca_layer.visual_expert.attn.W_o.weight
Model.lang_encoder.transformer.h.28.ca_layer.visual_expert.attn.gate_linear.weight
Model.lang_encoder.transformer.h.28.ca_layer.av_expert.attn.W_q.weight
Model.lang_encoder.transformer.h.28.ca_layer.av_expert.attn.W_kv.weight
Model.lang_encoder.transformer.h.28.ca_layer.av_expert.attn.W_o.weight
Model.lang_encoder.transformer.h.28.ca_layer.av_expert.attn.gate_linear.weight
Model.lang_encoder.transformer.h.28.ca_layer.ln_1.weight
Model.lang_encoder.transformer.h.28.ca_layer.ln_1.bias
Model.lang_encoder.transformer.h.28.ca_layer.ln_2.weight
Model.lang_encoder.transformer.h.28.ca_layer.ln_2.bias
Model.lang_encoder.transformer.h.28.ca_layer.mlp.c_fc.weight
Model.lang_encoder.transformer.h.28.ca_layer.mlp.c_fc.bias
Model.lang_encoder.transformer.h.28.ca_layer.mlp.c_proj.weight
Model.lang_encoder.transformer.h.28.ca_layer.mlp.c_proj.bias
Model.lang_encoder.transformer.h.35.ca_layer.alpha_1
Model.lang_encoder.transformer.h.35.ca_layer.alpha_2
Model.lang_encoder.transformer.h.35.ca_layer.audio_expert.attn.W_q.weight
Model.lang_encoder.transformer.h.35.ca_layer.audio_expert.attn.W_kv.weight
Model.lang_encoder.transformer.h.35.ca_layer.audio_expert.attn.W_o.weight
Model.lang_encoder.transformer.h.35.ca_layer.audio_expert.attn.gate_linear.weight
Model.lang_encoder.transformer.h.35.ca_layer.visual_expert.attn.W_q.weight
Model.lang_encoder.transformer.h.35.ca_layer.visual_expert.attn.W_kv.weight
Model.lang_encoder.transformer.h.35.ca_layer.visual_expert.attn.W_o.weight
Model.lang_encoder.transformer.h.35.ca_layer.visual_expert.attn.gate_linear.weight
Model.lang_encoder.transformer.h.35.ca_layer.av_expert.attn.W_q.weight
Model.lang_encoder.transformer.h.35.ca_layer.av_expert.attn.W_kv.weight
Model.lang_encoder.transformer.h.35.ca_layer.av_expert.attn.W_o.weight
Model.lang_encoder.transformer.h.35.ca_layer.av_expert.attn.gate_linear.weight
Model.lang_encoder.transformer.h.35.ca_layer.ln_1.weight
Model.lang_encoder.transformer.h.35.ca_layer.ln_1.bias
Model.lang_encoder.transformer.h.35.ca_layer.ln_2.weight
Model.lang_encoder.transformer.h.35.ca_layer.ln_2.bias
Model.lang_encoder.transformer.h.35.ca_layer.mlp.c_fc.weight
Model.lang_encoder.transformer.h.35.ca_layer.mlp.c_fc.bias
Model.lang_encoder.transformer.h.35.ca_layer.mlp.c_proj.weight
Model.lang_encoder.transformer.h.35.ca_layer.mlp.c_proj.bias
Model.W_task.0.weight
Model.W_task.0.bias
Model.W_task.1.weight
Model.W_task.1.bias
Model.W_task.3.weight
Model.W_task.3.bias
Model.W_bn.weight
Model.W_bn.bias
Model.W_text.weight
Model.W_text.bias
Model.W_av.weight
Model.W_av.bias
Model.av_encoder.proj_a.weight
Model.av_encoder.proj_v.weight
Model.av_encoder.enc_a.layers.0.self_attn.in_proj_weight
Model.av_encoder.enc_a.layers.0.self_attn.in_proj_bias
Model.av_encoder.enc_a.layers.0.self_attn.out_proj.weight
Model.av_encoder.enc_a.layers.0.self_attn.out_proj.bias
Model.av_encoder.enc_a.layers.0.linear1.weight
Model.av_encoder.enc_a.layers.0.linear1.bias
Model.av_encoder.enc_a.layers.0.linear2.weight
Model.av_encoder.enc_a.layers.0.linear2.bias
Model.av_encoder.enc_a.layers.0.norm1.weight
Model.av_encoder.enc_a.layers.0.norm1.bias
Model.av_encoder.enc_a.layers.0.norm2.weight
Model.av_encoder.enc_a.layers.0.norm2.bias
Model.av_encoder.enc_a.layers.1.self_attn.in_proj_weight
Model.av_encoder.enc_a.layers.1.self_attn.in_proj_bias
Model.av_encoder.enc_a.layers.1.self_attn.out_proj.weight
Model.av_encoder.enc_a.layers.1.self_attn.out_proj.bias
Model.av_encoder.enc_a.layers.1.linear1.weight
Model.av_encoder.enc_a.layers.1.linear1.bias
Model.av_encoder.enc_a.layers.1.linear2.weight
Model.av_encoder.enc_a.layers.1.linear2.bias
Model.av_encoder.enc_a.layers.1.norm1.weight
Model.av_encoder.enc_a.layers.1.norm1.bias
Model.av_encoder.enc_a.layers.1.norm2.weight
Model.av_encoder.enc_a.layers.1.norm2.bias
Model.av_encoder.enc_a.layers.2.self_attn.in_proj_weight
Model.av_encoder.enc_a.layers.2.self_attn.in_proj_bias
Model.av_encoder.enc_a.layers.2.self_attn.out_proj.weight
Model.av_encoder.enc_a.layers.2.self_attn.out_proj.bias
Model.av_encoder.enc_a.layers.2.linear1.weight
Model.av_encoder.enc_a.layers.2.linear1.bias
Model.av_encoder.enc_a.layers.2.linear2.weight
Model.av_encoder.enc_a.layers.2.linear2.bias
Model.av_encoder.enc_a.layers.2.norm1.weight
Model.av_encoder.enc_a.layers.2.norm1.bias
Model.av_encoder.enc_a.layers.2.norm2.weight
Model.av_encoder.enc_a.layers.2.norm2.bias
Model.av_encoder.enc_v.layers.0.self_attn.in_proj_weight
Model.av_encoder.enc_v.layers.0.self_attn.in_proj_bias
Model.av_encoder.enc_v.layers.0.self_attn.out_proj.weight
Model.av_encoder.enc_v.layers.0.self_attn.out_proj.bias
Model.av_encoder.enc_v.layers.0.linear1.weight
Model.av_encoder.enc_v.layers.0.linear1.bias
Model.av_encoder.enc_v.layers.0.linear2.weight
Model.av_encoder.enc_v.layers.0.linear2.bias
Model.av_encoder.enc_v.layers.0.norm1.weight
Model.av_encoder.enc_v.layers.0.norm1.bias
Model.av_encoder.enc_v.layers.0.norm2.weight
Model.av_encoder.enc_v.layers.0.norm2.bias
Model.av_encoder.enc_v.layers.1.self_attn.in_proj_weight
Model.av_encoder.enc_v.layers.1.self_attn.in_proj_bias
Model.av_encoder.enc_v.layers.1.self_attn.out_proj.weight
Model.av_encoder.enc_v.layers.1.self_attn.out_proj.bias
Model.av_encoder.enc_v.layers.1.linear1.weight
Model.av_encoder.enc_v.layers.1.linear1.bias
Model.av_encoder.enc_v.layers.1.linear2.weight
Model.av_encoder.enc_v.layers.1.linear2.bias
Model.av_encoder.enc_v.layers.1.norm1.weight
Model.av_encoder.enc_v.layers.1.norm1.bias
Model.av_encoder.enc_v.layers.1.norm2.weight
Model.av_encoder.enc_v.layers.1.norm2.bias
Model.av_encoder.enc_v.layers.2.self_attn.in_proj_weight
Model.av_encoder.enc_v.layers.2.self_attn.in_proj_bias
Model.av_encoder.enc_v.layers.2.self_attn.out_proj.weight
Model.av_encoder.enc_v.layers.2.self_attn.out_proj.bias
Model.av_encoder.enc_v.layers.2.linear1.weight
Model.av_encoder.enc_v.layers.2.linear1.bias
Model.av_encoder.enc_v.layers.2.linear2.weight
Model.av_encoder.enc_v.layers.2.linear2.bias
Model.av_encoder.enc_v.layers.2.norm1.weight
Model.av_encoder.enc_v.layers.2.norm1.bias
Model.av_encoder.enc_v.layers.2.norm2.weight
Model.av_encoder.enc_v.layers.2.norm2.bias
Model.av_encoder.fusion.weight
Model.av_encoder.fusion.bias
Model.av_encoder.clf.weight
Model.av_encoder.clf.bias
Model.LN.weight
Model.LN.bias
The total number of trainable parameters is 140.73 M
Model.lang_encoder.transformer.wte.0.embedding.weight
Model.lang_encoder.transformer.wte.0.bn_embedding.bn_embedding
Using grad with decay in Model.lang_encoder.transformer.wte.0.bn_embedding.bn_embedding
Model.lang_encoder.transformer.wpe.0.positional.weight
Model.lang_encoder.transformer.h.0.decoder_layer.ln_1.weight
Model.lang_encoder.transformer.h.0.decoder_layer.ln_1.bias
Model.lang_encoder.transformer.h.0.decoder_layer.attn.c_attn.weight
Model.lang_encoder.transformer.h.0.decoder_layer.attn.c_attn.bias
Model.lang_encoder.transformer.h.0.decoder_layer.attn.c_proj.weight
Model.lang_encoder.transformer.h.0.decoder_layer.attn.c_proj.bias
Model.lang_encoder.transformer.h.0.decoder_layer.ln_2.weight
Model.lang_encoder.transformer.h.0.decoder_layer.ln_2.bias
Model.lang_encoder.transformer.h.0.decoder_layer.mlp.c_fc.weight
Model.lang_encoder.transformer.h.0.decoder_layer.mlp.c_fc.bias
Model.lang_encoder.transformer.h.0.decoder_layer.mlp.c_proj.weight
Model.lang_encoder.transformer.h.0.decoder_layer.mlp.c_proj.bias
Model.lang_encoder.transformer.h.1.decoder_layer.ln_1.weight
Model.lang_encoder.transformer.h.1.decoder_layer.ln_1.bias
Model.lang_encoder.transformer.h.1.decoder_layer.attn.c_attn.weight
Model.lang_encoder.transformer.h.1.decoder_layer.attn.c_attn.bias
Model.lang_encoder.transformer.h.1.decoder_layer.attn.c_proj.weight
Model.lang_encoder.transformer.h.1.decoder_layer.attn.c_proj.bias
Model.lang_encoder.transformer.h.1.decoder_layer.ln_2.weight
Model.lang_encoder.transformer.h.1.decoder_layer.ln_2.bias
Model.lang_encoder.transformer.h.1.decoder_layer.mlp.c_fc.weight
Model.lang_encoder.transformer.h.1.decoder_layer.mlp.c_fc.bias
Model.lang_encoder.transformer.h.1.decoder_layer.mlp.c_proj.weight
Model.lang_encoder.transformer.h.1.decoder_layer.mlp.c_proj.bias
Model.lang_encoder.transformer.h.2.decoder_layer.ln_1.weight
Model.lang_encoder.transformer.h.2.decoder_layer.ln_1.bias
Model.lang_encoder.transformer.h.2.decoder_layer.attn.c_attn.weight
Model.lang_encoder.transformer.h.2.decoder_layer.attn.c_attn.bias
Model.lang_encoder.transformer.h.2.decoder_layer.attn.c_proj.weight
Model.lang_encoder.transformer.h.2.decoder_layer.attn.c_proj.bias
Model.lang_encoder.transformer.h.2.decoder_layer.ln_2.weight
Model.lang_encoder.transformer.h.2.decoder_layer.ln_2.bias
Model.lang_encoder.transformer.h.2.decoder_layer.mlp.c_fc.weight
Model.lang_encoder.transformer.h.2.decoder_layer.mlp.c_fc.bias
Model.lang_encoder.transformer.h.2.decoder_layer.mlp.c_proj.weight
Model.lang_encoder.transformer.h.2.decoder_layer.mlp.c_proj.bias
Model.lang_encoder.transformer.h.3.decoder_layer.ln_1.weight
Model.lang_encoder.transformer.h.3.decoder_layer.ln_1.bias
Model.lang_encoder.transformer.h.3.decoder_layer.attn.c_attn.weight
Model.lang_encoder.transformer.h.3.decoder_layer.attn.c_attn.bias
Model.lang_encoder.transformer.h.3.decoder_layer.attn.c_proj.weight
Model.lang_encoder.transformer.h.3.decoder_layer.attn.c_proj.bias
Model.lang_encoder.transformer.h.3.decoder_layer.ln_2.weight
Model.lang_encoder.transformer.h.3.decoder_layer.ln_2.bias
Model.lang_encoder.transformer.h.3.decoder_layer.mlp.c_fc.weight
Model.lang_encoder.transformer.h.3.decoder_layer.mlp.c_fc.bias
Model.lang_encoder.transformer.h.3.decoder_layer.mlp.c_proj.weight
Model.lang_encoder.transformer.h.3.decoder_layer.mlp.c_proj.bias
Model.lang_encoder.transformer.h.4.decoder_layer.ln_1.weight
Model.lang_encoder.transformer.h.4.decoder_layer.ln_1.bias
Model.lang_encoder.transformer.h.4.decoder_layer.attn.c_attn.weight
Model.lang_encoder.transformer.h.4.decoder_layer.attn.c_attn.bias
Model.lang_encoder.transformer.h.4.decoder_layer.attn.c_proj.weight
Model.lang_encoder.transformer.h.4.decoder_layer.attn.c_proj.bias
Model.lang_encoder.transformer.h.4.decoder_layer.ln_2.weight
Model.lang_encoder.transformer.h.4.decoder_layer.ln_2.bias
Model.lang_encoder.transformer.h.4.decoder_layer.mlp.c_fc.weight
Model.lang_encoder.transformer.h.4.decoder_layer.mlp.c_fc.bias
Model.lang_encoder.transformer.h.4.decoder_layer.mlp.c_proj.weight
Model.lang_encoder.transformer.h.4.decoder_layer.mlp.c_proj.bias
Model.lang_encoder.transformer.h.5.decoder_layer.ln_1.weight
Model.lang_encoder.transformer.h.5.decoder_layer.ln_1.bias
Model.lang_encoder.transformer.h.5.decoder_layer.attn.c_attn.weight
Model.lang_encoder.transformer.h.5.decoder_layer.attn.c_attn.bias
Model.lang_encoder.transformer.h.5.decoder_layer.attn.c_proj.weight
Model.lang_encoder.transformer.h.5.decoder_layer.attn.c_proj.bias
Model.lang_encoder.transformer.h.5.decoder_layer.ln_2.weight
Model.lang_encoder.transformer.h.5.decoder_layer.ln_2.bias
Model.lang_encoder.transformer.h.5.decoder_layer.mlp.c_fc.weight
Model.lang_encoder.transformer.h.5.decoder_layer.mlp.c_fc.bias
Model.lang_encoder.transformer.h.5.decoder_layer.mlp.c_proj.weight
Model.lang_encoder.transformer.h.5.decoder_layer.mlp.c_proj.bias
Model.lang_encoder.transformer.h.6.decoder_layer.ln_1.weight
Model.lang_encoder.transformer.h.6.decoder_layer.ln_1.bias
Model.lang_encoder.transformer.h.6.decoder_layer.attn.c_attn.weight
Model.lang_encoder.transformer.h.6.decoder_layer.attn.c_attn.bias
Model.lang_encoder.transformer.h.6.decoder_layer.attn.c_proj.weight
Model.lang_encoder.transformer.h.6.decoder_layer.attn.c_proj.bias
Model.lang_encoder.transformer.h.6.decoder_layer.ln_2.weight
Model.lang_encoder.transformer.h.6.decoder_layer.ln_2.bias
Model.lang_encoder.transformer.h.6.decoder_layer.mlp.c_fc.weight
Model.lang_encoder.transformer.h.6.decoder_layer.mlp.c_fc.bias
Model.lang_encoder.transformer.h.6.decoder_layer.mlp.c_proj.weight
Model.lang_encoder.transformer.h.6.decoder_layer.mlp.c_proj.bias
Model.lang_encoder.transformer.h.7.ca_layer.alpha_1
Using grad with decay in Model.lang_encoder.transformer.h.7.ca_layer.alpha_1
Model.lang_encoder.transformer.h.7.ca_layer.alpha_2
Using grad with decay in Model.lang_encoder.transformer.h.7.ca_layer.alpha_2
Model.lang_encoder.transformer.h.7.ca_layer.audio_expert.attn.W_q.weight
Using grad with decay in Model.lang_encoder.transformer.h.7.ca_layer.audio_expert.attn.W_q.weight
Model.lang_encoder.transformer.h.7.ca_layer.audio_expert.attn.W_kv.weight
Using grad with decay in Model.lang_encoder.transformer.h.7.ca_layer.audio_expert.attn.W_kv.weight
Model.lang_encoder.transformer.h.7.ca_layer.audio_expert.attn.W_o.weight
Using grad with decay in Model.lang_encoder.transformer.h.7.ca_layer.audio_expert.attn.W_o.weight
Model.lang_encoder.transformer.h.7.ca_layer.audio_expert.attn.gate_linear.weight
Using grad with decay in Model.lang_encoder.transformer.h.7.ca_layer.audio_expert.attn.gate_linear.weight
Model.lang_encoder.transformer.h.7.ca_layer.visual_expert.attn.W_q.weight
Using grad with decay in Model.lang_encoder.transformer.h.7.ca_layer.visual_expert.attn.W_q.weight
Model.lang_encoder.transformer.h.7.ca_layer.visual_expert.attn.W_kv.weight
Using grad with decay in Model.lang_encoder.transformer.h.7.ca_layer.visual_expert.attn.W_kv.weight
Model.lang_encoder.transformer.h.7.ca_layer.visual_expert.attn.W_o.weight
Using grad with decay in Model.lang_encoder.transformer.h.7.ca_layer.visual_expert.attn.W_o.weight
Model.lang_encoder.transformer.h.7.ca_layer.visual_expert.attn.gate_linear.weight
Using grad with decay in Model.lang_encoder.transformer.h.7.ca_layer.visual_expert.attn.gate_linear.weight
Model.lang_encoder.transformer.h.7.ca_layer.av_expert.attn.W_q.weight
Using grad with decay in Model.lang_encoder.transformer.h.7.ca_layer.av_expert.attn.W_q.weight
Model.lang_encoder.transformer.h.7.ca_layer.av_expert.attn.W_kv.weight
Using grad with decay in Model.lang_encoder.transformer.h.7.ca_layer.av_expert.attn.W_kv.weight
Model.lang_encoder.transformer.h.7.ca_layer.av_expert.attn.W_o.weight
Using grad with decay in Model.lang_encoder.transformer.h.7.ca_layer.av_expert.attn.W_o.weight
Model.lang_encoder.transformer.h.7.ca_layer.av_expert.attn.gate_linear.weight
Using grad with decay in Model.lang_encoder.transformer.h.7.ca_layer.av_expert.attn.gate_linear.weight
Model.lang_encoder.transformer.h.7.ca_layer.router.router_weights.weight
Model.lang_encoder.transformer.h.7.ca_layer.router.router_weights.bias
Model.lang_encoder.transformer.h.7.ca_layer.ln_1.weight
Using grad with decay in Model.lang_encoder.transformer.h.7.ca_layer.ln_1.weight
Model.lang_encoder.transformer.h.7.ca_layer.ln_1.bias
Using grad with no decay in Model.lang_encoder.transformer.h.7.ca_layer.ln_1.bias
Model.lang_encoder.transformer.h.7.ca_layer.ln_2.weight
Using grad with decay in Model.lang_encoder.transformer.h.7.ca_layer.ln_2.weight
Model.lang_encoder.transformer.h.7.ca_layer.ln_2.bias
Using grad with no decay in Model.lang_encoder.transformer.h.7.ca_layer.ln_2.bias
Model.lang_encoder.transformer.h.7.ca_layer.mlp.c_fc.weight
Using grad with decay in Model.lang_encoder.transformer.h.7.ca_layer.mlp.c_fc.weight
Model.lang_encoder.transformer.h.7.ca_layer.mlp.c_fc.bias
Using grad with no decay in Model.lang_encoder.transformer.h.7.ca_layer.mlp.c_fc.bias
Model.lang_encoder.transformer.h.7.ca_layer.mlp.c_proj.weight
Using grad with decay in Model.lang_encoder.transformer.h.7.ca_layer.mlp.c_proj.weight
Model.lang_encoder.transformer.h.7.ca_layer.mlp.c_proj.bias
Using grad with no decay in Model.lang_encoder.transformer.h.7.ca_layer.mlp.c_proj.bias
Model.lang_encoder.transformer.h.7.decoder_layer.ln_1.weight
Model.lang_encoder.transformer.h.7.decoder_layer.ln_1.bias
Model.lang_encoder.transformer.h.7.decoder_layer.attn.c_attn.weight
Model.lang_encoder.transformer.h.7.decoder_layer.attn.c_attn.bias
Model.lang_encoder.transformer.h.7.decoder_layer.attn.c_proj.weight
Model.lang_encoder.transformer.h.7.decoder_layer.attn.c_proj.bias
Model.lang_encoder.transformer.h.7.decoder_layer.ln_2.weight
Model.lang_encoder.transformer.h.7.decoder_layer.ln_2.bias
Model.lang_encoder.transformer.h.7.decoder_layer.mlp.c_fc.weight
Model.lang_encoder.transformer.h.7.decoder_layer.mlp.c_fc.bias
Model.lang_encoder.transformer.h.7.decoder_layer.mlp.c_proj.weight
Model.lang_encoder.transformer.h.7.decoder_layer.mlp.c_proj.bias
Model.lang_encoder.transformer.h.8.decoder_layer.ln_1.weight
Model.lang_encoder.transformer.h.8.decoder_layer.ln_1.bias
Model.lang_encoder.transformer.h.8.decoder_layer.attn.c_attn.weight
Model.lang_encoder.transformer.h.8.decoder_layer.attn.c_attn.bias
Model.lang_encoder.transformer.h.8.decoder_layer.attn.c_proj.weight
Model.lang_encoder.transformer.h.8.decoder_layer.attn.c_proj.bias
Model.lang_encoder.transformer.h.8.decoder_layer.ln_2.weight
Model.lang_encoder.transformer.h.8.decoder_layer.ln_2.bias
Model.lang_encoder.transformer.h.8.decoder_layer.mlp.c_fc.weight
Model.lang_encoder.transformer.h.8.decoder_layer.mlp.c_fc.bias
Model.lang_encoder.transformer.h.8.decoder_layer.mlp.c_proj.weight
Model.lang_encoder.transformer.h.8.decoder_layer.mlp.c_proj.bias
Model.lang_encoder.transformer.h.9.decoder_layer.ln_1.weight
Model.lang_encoder.transformer.h.9.decoder_layer.ln_1.bias
Model.lang_encoder.transformer.h.9.decoder_layer.attn.c_attn.weight
Model.lang_encoder.transformer.h.9.decoder_layer.attn.c_attn.bias
Model.lang_encoder.transformer.h.9.decoder_layer.attn.c_proj.weight
Model.lang_encoder.transformer.h.9.decoder_layer.attn.c_proj.bias
Model.lang_encoder.transformer.h.9.decoder_layer.ln_2.weight
Model.lang_encoder.transformer.h.9.decoder_layer.ln_2.bias
Model.lang_encoder.transformer.h.9.decoder_layer.mlp.c_fc.weight
Model.lang_encoder.transformer.h.9.decoder_layer.mlp.c_fc.bias
Model.lang_encoder.transformer.h.9.decoder_layer.mlp.c_proj.weight
Model.lang_encoder.transformer.h.9.decoder_layer.mlp.c_proj.bias
Model.lang_encoder.transformer.h.10.decoder_layer.ln_1.weight
Model.lang_encoder.transformer.h.10.decoder_layer.ln_1.bias
Model.lang_encoder.transformer.h.10.decoder_layer.attn.c_attn.weight
Model.lang_encoder.transformer.h.10.decoder_layer.attn.c_attn.bias
Model.lang_encoder.transformer.h.10.decoder_layer.attn.c_proj.weight
Model.lang_encoder.transformer.h.10.decoder_layer.attn.c_proj.bias
Model.lang_encoder.transformer.h.10.decoder_layer.ln_2.weight
Model.lang_encoder.transformer.h.10.decoder_layer.ln_2.bias
Model.lang_encoder.transformer.h.10.decoder_layer.mlp.c_fc.weight
Model.lang_encoder.transformer.h.10.decoder_layer.mlp.c_fc.bias
Model.lang_encoder.transformer.h.10.decoder_layer.mlp.c_proj.weight
Model.lang_encoder.transformer.h.10.decoder_layer.mlp.c_proj.bias
Model.lang_encoder.transformer.h.11.decoder_layer.ln_1.weight
Model.lang_encoder.transformer.h.11.decoder_layer.ln_1.bias
Model.lang_encoder.transformer.h.11.decoder_layer.attn.c_attn.weight
Model.lang_encoder.transformer.h.11.decoder_layer.attn.c_attn.bias
Model.lang_encoder.transformer.h.11.decoder_layer.attn.c_proj.weight
Model.lang_encoder.transformer.h.11.decoder_layer.attn.c_proj.bias
Model.lang_encoder.transformer.h.11.decoder_layer.ln_2.weight
Model.lang_encoder.transformer.h.11.decoder_layer.ln_2.bias
Model.lang_encoder.transformer.h.11.decoder_layer.mlp.c_fc.weight
Model.lang_encoder.transformer.h.11.decoder_layer.mlp.c_fc.bias
Model.lang_encoder.transformer.h.11.decoder_layer.mlp.c_proj.weight
Model.lang_encoder.transformer.h.11.decoder_layer.mlp.c_proj.bias
Model.lang_encoder.transformer.h.12.decoder_layer.ln_1.weight
Model.lang_encoder.transformer.h.12.decoder_layer.ln_1.bias
Model.lang_encoder.transformer.h.12.decoder_layer.attn.c_attn.weight
Model.lang_encoder.transformer.h.12.decoder_layer.attn.c_attn.bias
Model.lang_encoder.transformer.h.12.decoder_layer.attn.c_proj.weight
Model.lang_encoder.transformer.h.12.decoder_layer.attn.c_proj.bias
Model.lang_encoder.transformer.h.12.decoder_layer.ln_2.weight
Model.lang_encoder.transformer.h.12.decoder_layer.ln_2.bias
Model.lang_encoder.transformer.h.12.decoder_layer.mlp.c_fc.weight
Model.lang_encoder.transformer.h.12.decoder_layer.mlp.c_fc.bias
Model.lang_encoder.transformer.h.12.decoder_layer.mlp.c_proj.weight
Model.lang_encoder.transformer.h.12.decoder_layer.mlp.c_proj.bias
Model.lang_encoder.transformer.h.13.decoder_layer.ln_1.weight
Model.lang_encoder.transformer.h.13.decoder_layer.ln_1.bias
Model.lang_encoder.transformer.h.13.decoder_layer.attn.c_attn.weight
Model.lang_encoder.transformer.h.13.decoder_layer.attn.c_attn.bias
Model.lang_encoder.transformer.h.13.decoder_layer.attn.c_proj.weight
Model.lang_encoder.transformer.h.13.decoder_layer.attn.c_proj.bias
Model.lang_encoder.transformer.h.13.decoder_layer.ln_2.weight
Model.lang_encoder.transformer.h.13.decoder_layer.ln_2.bias
Model.lang_encoder.transformer.h.13.decoder_layer.mlp.c_fc.weight
Model.lang_encoder.transformer.h.13.decoder_layer.mlp.c_fc.bias
Model.lang_encoder.transformer.h.13.decoder_layer.mlp.c_proj.weight
Model.lang_encoder.transformer.h.13.decoder_layer.mlp.c_proj.bias
Model.lang_encoder.transformer.h.14.ca_layer.alpha_1
Using grad with decay in Model.lang_encoder.transformer.h.14.ca_layer.alpha_1
Model.lang_encoder.transformer.h.14.ca_layer.alpha_2
Using grad with decay in Model.lang_encoder.transformer.h.14.ca_layer.alpha_2
Model.lang_encoder.transformer.h.14.ca_layer.audio_expert.attn.W_q.weight
Using grad with decay in Model.lang_encoder.transformer.h.14.ca_layer.audio_expert.attn.W_q.weight
Model.lang_encoder.transformer.h.14.ca_layer.audio_expert.attn.W_kv.weight
Using grad with decay in Model.lang_encoder.transformer.h.14.ca_layer.audio_expert.attn.W_kv.weight
Model.lang_encoder.transformer.h.14.ca_layer.audio_expert.attn.W_o.weight
Using grad with decay in Model.lang_encoder.transformer.h.14.ca_layer.audio_expert.attn.W_o.weight
Model.lang_encoder.transformer.h.14.ca_layer.audio_expert.attn.gate_linear.weight
Using grad with decay in Model.lang_encoder.transformer.h.14.ca_layer.audio_expert.attn.gate_linear.weight
Model.lang_encoder.transformer.h.14.ca_layer.visual_expert.attn.W_q.weight
Using grad with decay in Model.lang_encoder.transformer.h.14.ca_layer.visual_expert.attn.W_q.weight
Model.lang_encoder.transformer.h.14.ca_layer.visual_expert.attn.W_kv.weight
Using grad with decay in Model.lang_encoder.transformer.h.14.ca_layer.visual_expert.attn.W_kv.weight
Model.lang_encoder.transformer.h.14.ca_layer.visual_expert.attn.W_o.weight
Using grad with decay in Model.lang_encoder.transformer.h.14.ca_layer.visual_expert.attn.W_o.weight
Model.lang_encoder.transformer.h.14.ca_layer.visual_expert.attn.gate_linear.weight
Using grad with decay in Model.lang_encoder.transformer.h.14.ca_layer.visual_expert.attn.gate_linear.weight
Model.lang_encoder.transformer.h.14.ca_layer.av_expert.attn.W_q.weight
Using grad with decay in Model.lang_encoder.transformer.h.14.ca_layer.av_expert.attn.W_q.weight
Model.lang_encoder.transformer.h.14.ca_layer.av_expert.attn.W_kv.weight
Using grad with decay in Model.lang_encoder.transformer.h.14.ca_layer.av_expert.attn.W_kv.weight
Model.lang_encoder.transformer.h.14.ca_layer.av_expert.attn.W_o.weight
Using grad with decay in Model.lang_encoder.transformer.h.14.ca_layer.av_expert.attn.W_o.weight
Model.lang_encoder.transformer.h.14.ca_layer.av_expert.attn.gate_linear.weight
Using grad with decay in Model.lang_encoder.transformer.h.14.ca_layer.av_expert.attn.gate_linear.weight
Model.lang_encoder.transformer.h.14.ca_layer.router.router_weights.weight
Model.lang_encoder.transformer.h.14.ca_layer.router.router_weights.bias
Model.lang_encoder.transformer.h.14.ca_layer.ln_1.weight
Using grad with decay in Model.lang_encoder.transformer.h.14.ca_layer.ln_1.weight
Model.lang_encoder.transformer.h.14.ca_layer.ln_1.bias
Using grad with no decay in Model.lang_encoder.transformer.h.14.ca_layer.ln_1.bias
Model.lang_encoder.transformer.h.14.ca_layer.ln_2.weight
Using grad with decay in Model.lang_encoder.transformer.h.14.ca_layer.ln_2.weight
Model.lang_encoder.transformer.h.14.ca_layer.ln_2.bias
Using grad with no decay in Model.lang_encoder.transformer.h.14.ca_layer.ln_2.bias
Model.lang_encoder.transformer.h.14.ca_layer.mlp.c_fc.weight
Using grad with decay in Model.lang_encoder.transformer.h.14.ca_layer.mlp.c_fc.weight
Model.lang_encoder.transformer.h.14.ca_layer.mlp.c_fc.bias
Using grad with no decay in Model.lang_encoder.transformer.h.14.ca_layer.mlp.c_fc.bias
Model.lang_encoder.transformer.h.14.ca_layer.mlp.c_proj.weight
Using grad with decay in Model.lang_encoder.transformer.h.14.ca_layer.mlp.c_proj.weight
Model.lang_encoder.transformer.h.14.ca_layer.mlp.c_proj.bias
Using grad with no decay in Model.lang_encoder.transformer.h.14.ca_layer.mlp.c_proj.bias
Model.lang_encoder.transformer.h.14.decoder_layer.ln_1.weight
Model.lang_encoder.transformer.h.14.decoder_layer.ln_1.bias
Model.lang_encoder.transformer.h.14.decoder_layer.attn.c_attn.weight
Model.lang_encoder.transformer.h.14.decoder_layer.attn.c_attn.bias
Model.lang_encoder.transformer.h.14.decoder_layer.attn.c_proj.weight
Model.lang_encoder.transformer.h.14.decoder_layer.attn.c_proj.bias
Model.lang_encoder.transformer.h.14.decoder_layer.ln_2.weight
Model.lang_encoder.transformer.h.14.decoder_layer.ln_2.bias
Model.lang_encoder.transformer.h.14.decoder_layer.mlp.c_fc.weight
Model.lang_encoder.transformer.h.14.decoder_layer.mlp.c_fc.bias
Model.lang_encoder.transformer.h.14.decoder_layer.mlp.c_proj.weight
Model.lang_encoder.transformer.h.14.decoder_layer.mlp.c_proj.bias
Model.lang_encoder.transformer.h.15.decoder_layer.ln_1.weight
Model.lang_encoder.transformer.h.15.decoder_layer.ln_1.bias
Model.lang_encoder.transformer.h.15.decoder_layer.attn.c_attn.weight
Model.lang_encoder.transformer.h.15.decoder_layer.attn.c_attn.bias
Model.lang_encoder.transformer.h.15.decoder_layer.attn.c_proj.weight
Model.lang_encoder.transformer.h.15.decoder_layer.attn.c_proj.bias
Model.lang_encoder.transformer.h.15.decoder_layer.ln_2.weight
Model.lang_encoder.transformer.h.15.decoder_layer.ln_2.bias
Model.lang_encoder.transformer.h.15.decoder_layer.mlp.c_fc.weight
Model.lang_encoder.transformer.h.15.decoder_layer.mlp.c_fc.bias
Model.lang_encoder.transformer.h.15.decoder_layer.mlp.c_proj.weight
Model.lang_encoder.transformer.h.15.decoder_layer.mlp.c_proj.bias
Model.lang_encoder.transformer.h.16.decoder_layer.ln_1.weight
Model.lang_encoder.transformer.h.16.decoder_layer.ln_1.bias
Model.lang_encoder.transformer.h.16.decoder_layer.attn.c_attn.weight
Model.lang_encoder.transformer.h.16.decoder_layer.attn.c_attn.bias
Model.lang_encoder.transformer.h.16.decoder_layer.attn.c_proj.weight
Model.lang_encoder.transformer.h.16.decoder_layer.attn.c_proj.bias
Model.lang_encoder.transformer.h.16.decoder_layer.ln_2.weight
Model.lang_encoder.transformer.h.16.decoder_layer.ln_2.bias
Model.lang_encoder.transformer.h.16.decoder_layer.mlp.c_fc.weight
Model.lang_encoder.transformer.h.16.decoder_layer.mlp.c_fc.bias
Model.lang_encoder.transformer.h.16.decoder_layer.mlp.c_proj.weight
Model.lang_encoder.transformer.h.16.decoder_layer.mlp.c_proj.bias
Model.lang_encoder.transformer.h.17.decoder_layer.ln_1.weight
Model.lang_encoder.transformer.h.17.decoder_layer.ln_1.bias
Model.lang_encoder.transformer.h.17.decoder_layer.attn.c_attn.weight
Model.lang_encoder.transformer.h.17.decoder_layer.attn.c_attn.bias
Model.lang_encoder.transformer.h.17.decoder_layer.attn.c_proj.weight
Model.lang_encoder.transformer.h.17.decoder_layer.attn.c_proj.bias
Model.lang_encoder.transformer.h.17.decoder_layer.ln_2.weight
Model.lang_encoder.transformer.h.17.decoder_layer.ln_2.bias
Model.lang_encoder.transformer.h.17.decoder_layer.mlp.c_fc.weight
Model.lang_encoder.transformer.h.17.decoder_layer.mlp.c_fc.bias
Model.lang_encoder.transformer.h.17.decoder_layer.mlp.c_proj.weight
Model.lang_encoder.transformer.h.17.decoder_layer.mlp.c_proj.bias
Model.lang_encoder.transformer.h.18.decoder_layer.ln_1.weight
Model.lang_encoder.transformer.h.18.decoder_layer.ln_1.bias
Model.lang_encoder.transformer.h.18.decoder_layer.attn.c_attn.weight
Model.lang_encoder.transformer.h.18.decoder_layer.attn.c_attn.bias
Model.lang_encoder.transformer.h.18.decoder_layer.attn.c_proj.weight
Model.lang_encoder.transformer.h.18.decoder_layer.attn.c_proj.bias
Model.lang_encoder.transformer.h.18.decoder_layer.ln_2.weight
Model.lang_encoder.transformer.h.18.decoder_layer.ln_2.bias
Model.lang_encoder.transformer.h.18.decoder_layer.mlp.c_fc.weight
Model.lang_encoder.transformer.h.18.decoder_layer.mlp.c_fc.bias
Model.lang_encoder.transformer.h.18.decoder_layer.mlp.c_proj.weight
Model.lang_encoder.transformer.h.18.decoder_layer.mlp.c_proj.bias
Model.lang_encoder.transformer.h.19.decoder_layer.ln_1.weight
Model.lang_encoder.transformer.h.19.decoder_layer.ln_1.bias
Model.lang_encoder.transformer.h.19.decoder_layer.attn.c_attn.weight
Model.lang_encoder.transformer.h.19.decoder_layer.attn.c_attn.bias
Model.lang_encoder.transformer.h.19.decoder_layer.attn.c_proj.weight
Model.lang_encoder.transformer.h.19.decoder_layer.attn.c_proj.bias
Model.lang_encoder.transformer.h.19.decoder_layer.ln_2.weight
Model.lang_encoder.transformer.h.19.decoder_layer.ln_2.bias
Model.lang_encoder.transformer.h.19.decoder_layer.mlp.c_fc.weight
Model.lang_encoder.transformer.h.19.decoder_layer.mlp.c_fc.bias
Model.lang_encoder.transformer.h.19.decoder_layer.mlp.c_proj.weight
Model.lang_encoder.transformer.h.19.decoder_layer.mlp.c_proj.bias
Model.lang_encoder.transformer.h.20.decoder_layer.ln_1.weight
Model.lang_encoder.transformer.h.20.decoder_layer.ln_1.bias
Model.lang_encoder.transformer.h.20.decoder_layer.attn.c_attn.weight
Model.lang_encoder.transformer.h.20.decoder_layer.attn.c_attn.bias
Model.lang_encoder.transformer.h.20.decoder_layer.attn.c_proj.weight
Model.lang_encoder.transformer.h.20.decoder_layer.attn.c_proj.bias
Model.lang_encoder.transformer.h.20.decoder_layer.ln_2.weight
Model.lang_encoder.transformer.h.20.decoder_layer.ln_2.bias
Model.lang_encoder.transformer.h.20.decoder_layer.mlp.c_fc.weight
Model.lang_encoder.transformer.h.20.decoder_layer.mlp.c_fc.bias
Model.lang_encoder.transformer.h.20.decoder_layer.mlp.c_proj.weight
Model.lang_encoder.transformer.h.20.decoder_layer.mlp.c_proj.bias
Model.lang_encoder.transformer.h.21.ca_layer.alpha_1
Using grad with decay in Model.lang_encoder.transformer.h.21.ca_layer.alpha_1
Model.lang_encoder.transformer.h.21.ca_layer.alpha_2
Using grad with decay in Model.lang_encoder.transformer.h.21.ca_layer.alpha_2
Model.lang_encoder.transformer.h.21.ca_layer.audio_expert.attn.W_q.weight
Using grad with decay in Model.lang_encoder.transformer.h.21.ca_layer.audio_expert.attn.W_q.weight
Model.lang_encoder.transformer.h.21.ca_layer.audio_expert.attn.W_kv.weight
Using grad with decay in Model.lang_encoder.transformer.h.21.ca_layer.audio_expert.attn.W_kv.weight
Model.lang_encoder.transformer.h.21.ca_layer.audio_expert.attn.W_o.weight
Using grad with decay in Model.lang_encoder.transformer.h.21.ca_layer.audio_expert.attn.W_o.weight
Model.lang_encoder.transformer.h.21.ca_layer.audio_expert.attn.gate_linear.weight
Using grad with decay in Model.lang_encoder.transformer.h.21.ca_layer.audio_expert.attn.gate_linear.weight
Model.lang_encoder.transformer.h.21.ca_layer.visual_expert.attn.W_q.weight
Using grad with decay in Model.lang_encoder.transformer.h.21.ca_layer.visual_expert.attn.W_q.weight
Model.lang_encoder.transformer.h.21.ca_layer.visual_expert.attn.W_kv.weight
Using grad with decay in Model.lang_encoder.transformer.h.21.ca_layer.visual_expert.attn.W_kv.weight
Model.lang_encoder.transformer.h.21.ca_layer.visual_expert.attn.W_o.weight
Using grad with decay in Model.lang_encoder.transformer.h.21.ca_layer.visual_expert.attn.W_o.weight
Model.lang_encoder.transformer.h.21.ca_layer.visual_expert.attn.gate_linear.weight
Using grad with decay in Model.lang_encoder.transformer.h.21.ca_layer.visual_expert.attn.gate_linear.weight
Model.lang_encoder.transformer.h.21.ca_layer.av_expert.attn.W_q.weight
Using grad with decay in Model.lang_encoder.transformer.h.21.ca_layer.av_expert.attn.W_q.weight
Model.lang_encoder.transformer.h.21.ca_layer.av_expert.attn.W_kv.weight
Using grad with decay in Model.lang_encoder.transformer.h.21.ca_layer.av_expert.attn.W_kv.weight
Model.lang_encoder.transformer.h.21.ca_layer.av_expert.attn.W_o.weight
Using grad with decay in Model.lang_encoder.transformer.h.21.ca_layer.av_expert.attn.W_o.weight
Model.lang_encoder.transformer.h.21.ca_layer.av_expert.attn.gate_linear.weight
Using grad with decay in Model.lang_encoder.transformer.h.21.ca_layer.av_expert.attn.gate_linear.weight
Model.lang_encoder.transformer.h.21.ca_layer.router.router_weights.weight
Model.lang_encoder.transformer.h.21.ca_layer.router.router_weights.bias
Model.lang_encoder.transformer.h.21.ca_layer.ln_1.weight
Using grad with decay in Model.lang_encoder.transformer.h.21.ca_layer.ln_1.weight
Model.lang_encoder.transformer.h.21.ca_layer.ln_1.bias
Using grad with no decay in Model.lang_encoder.transformer.h.21.ca_layer.ln_1.bias
Model.lang_encoder.transformer.h.21.ca_layer.ln_2.weight
Using grad with decay in Model.lang_encoder.transformer.h.21.ca_layer.ln_2.weight
Model.lang_encoder.transformer.h.21.ca_layer.ln_2.bias
Using grad with no decay in Model.lang_encoder.transformer.h.21.ca_layer.ln_2.bias
Model.lang_encoder.transformer.h.21.ca_layer.mlp.c_fc.weight
Using grad with decay in Model.lang_encoder.transformer.h.21.ca_layer.mlp.c_fc.weight
Model.lang_encoder.transformer.h.21.ca_layer.mlp.c_fc.bias
Using grad with no decay in Model.lang_encoder.transformer.h.21.ca_layer.mlp.c_fc.bias
Model.lang_encoder.transformer.h.21.ca_layer.mlp.c_proj.weight
Using grad with decay in Model.lang_encoder.transformer.h.21.ca_layer.mlp.c_proj.weight
Model.lang_encoder.transformer.h.21.ca_layer.mlp.c_proj.bias
Using grad with no decay in Model.lang_encoder.transformer.h.21.ca_layer.mlp.c_proj.bias
Model.lang_encoder.transformer.h.21.decoder_layer.ln_1.weight
Model.lang_encoder.transformer.h.21.decoder_layer.ln_1.bias
Model.lang_encoder.transformer.h.21.decoder_layer.attn.c_attn.weight
Model.lang_encoder.transformer.h.21.decoder_layer.attn.c_attn.bias
Model.lang_encoder.transformer.h.21.decoder_layer.attn.c_proj.weight
Model.lang_encoder.transformer.h.21.decoder_layer.attn.c_proj.bias
Model.lang_encoder.transformer.h.21.decoder_layer.ln_2.weight
Model.lang_encoder.transformer.h.21.decoder_layer.ln_2.bias
Model.lang_encoder.transformer.h.21.decoder_layer.mlp.c_fc.weight
Model.lang_encoder.transformer.h.21.decoder_layer.mlp.c_fc.bias
Model.lang_encoder.transformer.h.21.decoder_layer.mlp.c_proj.weight
Model.lang_encoder.transformer.h.21.decoder_layer.mlp.c_proj.bias
Model.lang_encoder.transformer.h.22.decoder_layer.ln_1.weight
Model.lang_encoder.transformer.h.22.decoder_layer.ln_1.bias
Model.lang_encoder.transformer.h.22.decoder_layer.attn.c_attn.weight
Model.lang_encoder.transformer.h.22.decoder_layer.attn.c_attn.bias
Model.lang_encoder.transformer.h.22.decoder_layer.attn.c_proj.weight
Model.lang_encoder.transformer.h.22.decoder_layer.attn.c_proj.bias
Model.lang_encoder.transformer.h.22.decoder_layer.ln_2.weight
Model.lang_encoder.transformer.h.22.decoder_layer.ln_2.bias
Model.lang_encoder.transformer.h.22.decoder_layer.mlp.c_fc.weight
Model.lang_encoder.transformer.h.22.decoder_layer.mlp.c_fc.bias
Model.lang_encoder.transformer.h.22.decoder_layer.mlp.c_proj.weight
Model.lang_encoder.transformer.h.22.decoder_layer.mlp.c_proj.bias
Model.lang_encoder.transformer.h.23.decoder_layer.ln_1.weight
Model.lang_encoder.transformer.h.23.decoder_layer.ln_1.bias
Model.lang_encoder.transformer.h.23.decoder_layer.attn.c_attn.weight
Model.lang_encoder.transformer.h.23.decoder_layer.attn.c_attn.bias
Model.lang_encoder.transformer.h.23.decoder_layer.attn.c_proj.weight
Model.lang_encoder.transformer.h.23.decoder_layer.attn.c_proj.bias
Model.lang_encoder.transformer.h.23.decoder_layer.ln_2.weight
Model.lang_encoder.transformer.h.23.decoder_layer.ln_2.bias
Model.lang_encoder.transformer.h.23.decoder_layer.mlp.c_fc.weight
Model.lang_encoder.transformer.h.23.decoder_layer.mlp.c_fc.bias
Model.lang_encoder.transformer.h.23.decoder_layer.mlp.c_proj.weight
Model.lang_encoder.transformer.h.23.decoder_layer.mlp.c_proj.bias
Model.lang_encoder.transformer.h.24.decoder_layer.ln_1.weight
Model.lang_encoder.transformer.h.24.decoder_layer.ln_1.bias
Model.lang_encoder.transformer.h.24.decoder_layer.attn.c_attn.weight
Model.lang_encoder.transformer.h.24.decoder_layer.attn.c_attn.bias
Model.lang_encoder.transformer.h.24.decoder_layer.attn.c_proj.weight
Model.lang_encoder.transformer.h.24.decoder_layer.attn.c_proj.bias
Model.lang_encoder.transformer.h.24.decoder_layer.ln_2.weight
Model.lang_encoder.transformer.h.24.decoder_layer.ln_2.bias
Model.lang_encoder.transformer.h.24.decoder_layer.mlp.c_fc.weight
Model.lang_encoder.transformer.h.24.decoder_layer.mlp.c_fc.bias
Model.lang_encoder.transformer.h.24.decoder_layer.mlp.c_proj.weight
Model.lang_encoder.transformer.h.24.decoder_layer.mlp.c_proj.bias
Model.lang_encoder.transformer.h.25.decoder_layer.ln_1.weight
Model.lang_encoder.transformer.h.25.decoder_layer.ln_1.bias
Model.lang_encoder.transformer.h.25.decoder_layer.attn.c_attn.weight
Model.lang_encoder.transformer.h.25.decoder_layer.attn.c_attn.bias
Model.lang_encoder.transformer.h.25.decoder_layer.attn.c_proj.weight
Model.lang_encoder.transformer.h.25.decoder_layer.attn.c_proj.bias
Model.lang_encoder.transformer.h.25.decoder_layer.ln_2.weight
Model.lang_encoder.transformer.h.25.decoder_layer.ln_2.bias
Model.lang_encoder.transformer.h.25.decoder_layer.mlp.c_fc.weight
Model.lang_encoder.transformer.h.25.decoder_layer.mlp.c_fc.bias
Model.lang_encoder.transformer.h.25.decoder_layer.mlp.c_proj.weight
Model.lang_encoder.transformer.h.25.decoder_layer.mlp.c_proj.bias
Model.lang_encoder.transformer.h.26.decoder_layer.ln_1.weight
Model.lang_encoder.transformer.h.26.decoder_layer.ln_1.bias
Model.lang_encoder.transformer.h.26.decoder_layer.attn.c_attn.weight
Model.lang_encoder.transformer.h.26.decoder_layer.attn.c_attn.bias
Model.lang_encoder.transformer.h.26.decoder_layer.attn.c_proj.weight
Model.lang_encoder.transformer.h.26.decoder_layer.attn.c_proj.bias
Model.lang_encoder.transformer.h.26.decoder_layer.ln_2.weight
Model.lang_encoder.transformer.h.26.decoder_layer.ln_2.bias
Model.lang_encoder.transformer.h.26.decoder_layer.mlp.c_fc.weight
Model.lang_encoder.transformer.h.26.decoder_layer.mlp.c_fc.bias
Model.lang_encoder.transformer.h.26.decoder_layer.mlp.c_proj.weight
Model.lang_encoder.transformer.h.26.decoder_layer.mlp.c_proj.bias
Model.lang_encoder.transformer.h.27.decoder_layer.ln_1.weight
Model.lang_encoder.transformer.h.27.decoder_layer.ln_1.bias
Model.lang_encoder.transformer.h.27.decoder_layer.attn.c_attn.weight
Model.lang_encoder.transformer.h.27.decoder_layer.attn.c_attn.bias
Model.lang_encoder.transformer.h.27.decoder_layer.attn.c_proj.weight
Model.lang_encoder.transformer.h.27.decoder_layer.attn.c_proj.bias
Model.lang_encoder.transformer.h.27.decoder_layer.ln_2.weight
Model.lang_encoder.transformer.h.27.decoder_layer.ln_2.bias
Model.lang_encoder.transformer.h.27.decoder_layer.mlp.c_fc.weight
Model.lang_encoder.transformer.h.27.decoder_layer.mlp.c_fc.bias
Model.lang_encoder.transformer.h.27.decoder_layer.mlp.c_proj.weight
Model.lang_encoder.transformer.h.27.decoder_layer.mlp.c_proj.bias
Model.lang_encoder.transformer.h.28.ca_layer.alpha_1
Using grad with decay in Model.lang_encoder.transformer.h.28.ca_layer.alpha_1
Model.lang_encoder.transformer.h.28.ca_layer.alpha_2
Using grad with decay in Model.lang_encoder.transformer.h.28.ca_layer.alpha_2
Model.lang_encoder.transformer.h.28.ca_layer.audio_expert.attn.W_q.weight
Using grad with decay in Model.lang_encoder.transformer.h.28.ca_layer.audio_expert.attn.W_q.weight
Model.lang_encoder.transformer.h.28.ca_layer.audio_expert.attn.W_kv.weight
Using grad with decay in Model.lang_encoder.transformer.h.28.ca_layer.audio_expert.attn.W_kv.weight
Model.lang_encoder.transformer.h.28.ca_layer.audio_expert.attn.W_o.weight
Using grad with decay in Model.lang_encoder.transformer.h.28.ca_layer.audio_expert.attn.W_o.weight
Model.lang_encoder.transformer.h.28.ca_layer.audio_expert.attn.gate_linear.weight
Using grad with decay in Model.lang_encoder.transformer.h.28.ca_layer.audio_expert.attn.gate_linear.weight
Model.lang_encoder.transformer.h.28.ca_layer.visual_expert.attn.W_q.weight
Using grad with decay in Model.lang_encoder.transformer.h.28.ca_layer.visual_expert.attn.W_q.weight
Model.lang_encoder.transformer.h.28.ca_layer.visual_expert.attn.W_kv.weight
Using grad with decay in Model.lang_encoder.transformer.h.28.ca_layer.visual_expert.attn.W_kv.weight
Model.lang_encoder.transformer.h.28.ca_layer.visual_expert.attn.W_o.weight
Using grad with decay in Model.lang_encoder.transformer.h.28.ca_layer.visual_expert.attn.W_o.weight
Model.lang_encoder.transformer.h.28.ca_layer.visual_expert.attn.gate_linear.weight
Using grad with decay in Model.lang_encoder.transformer.h.28.ca_layer.visual_expert.attn.gate_linear.weight
Model.lang_encoder.transformer.h.28.ca_layer.av_expert.attn.W_q.weight
Using grad with decay in Model.lang_encoder.transformer.h.28.ca_layer.av_expert.attn.W_q.weight
Model.lang_encoder.transformer.h.28.ca_layer.av_expert.attn.W_kv.weight
Using grad with decay in Model.lang_encoder.transformer.h.28.ca_layer.av_expert.attn.W_kv.weight
Model.lang_encoder.transformer.h.28.ca_layer.av_expert.attn.W_o.weight
Using grad with decay in Model.lang_encoder.transformer.h.28.ca_layer.av_expert.attn.W_o.weight
Model.lang_encoder.transformer.h.28.ca_layer.av_expert.attn.gate_linear.weight
Using grad with decay in Model.lang_encoder.transformer.h.28.ca_layer.av_expert.attn.gate_linear.weight
Model.lang_encoder.transformer.h.28.ca_layer.router.router_weights.weight
Model.lang_encoder.transformer.h.28.ca_layer.router.router_weights.bias
Model.lang_encoder.transformer.h.28.ca_layer.ln_1.weight
Using grad with decay in Model.lang_encoder.transformer.h.28.ca_layer.ln_1.weight
Model.lang_encoder.transformer.h.28.ca_layer.ln_1.bias
Using grad with no decay in Model.lang_encoder.transformer.h.28.ca_layer.ln_1.bias
Model.lang_encoder.transformer.h.28.ca_layer.ln_2.weight
Using grad with decay in Model.lang_encoder.transformer.h.28.ca_layer.ln_2.weight
Model.lang_encoder.transformer.h.28.ca_layer.ln_2.bias
Using grad with no decay in Model.lang_encoder.transformer.h.28.ca_layer.ln_2.bias
Model.lang_encoder.transformer.h.28.ca_layer.mlp.c_fc.weight
Using grad with decay in Model.lang_encoder.transformer.h.28.ca_layer.mlp.c_fc.weight
Model.lang_encoder.transformer.h.28.ca_layer.mlp.c_fc.bias
Using grad with no decay in Model.lang_encoder.transformer.h.28.ca_layer.mlp.c_fc.bias
Model.lang_encoder.transformer.h.28.ca_layer.mlp.c_proj.weight
Using grad with decay in Model.lang_encoder.transformer.h.28.ca_layer.mlp.c_proj.weight
Model.lang_encoder.transformer.h.28.ca_layer.mlp.c_proj.bias
Using grad with no decay in Model.lang_encoder.transformer.h.28.ca_layer.mlp.c_proj.bias
Model.lang_encoder.transformer.h.28.decoder_layer.ln_1.weight
Model.lang_encoder.transformer.h.28.decoder_layer.ln_1.bias
Model.lang_encoder.transformer.h.28.decoder_layer.attn.c_attn.weight
Model.lang_encoder.transformer.h.28.decoder_layer.attn.c_attn.bias
Model.lang_encoder.transformer.h.28.decoder_layer.attn.c_proj.weight
Model.lang_encoder.transformer.h.28.decoder_layer.attn.c_proj.bias
Model.lang_encoder.transformer.h.28.decoder_layer.ln_2.weight
Model.lang_encoder.transformer.h.28.decoder_layer.ln_2.bias
Model.lang_encoder.transformer.h.28.decoder_layer.mlp.c_fc.weight
Model.lang_encoder.transformer.h.28.decoder_layer.mlp.c_fc.bias
Model.lang_encoder.transformer.h.28.decoder_layer.mlp.c_proj.weight
Model.lang_encoder.transformer.h.28.decoder_layer.mlp.c_proj.bias
Model.lang_encoder.transformer.h.29.decoder_layer.ln_1.weight
Model.lang_encoder.transformer.h.29.decoder_layer.ln_1.bias
Model.lang_encoder.transformer.h.29.decoder_layer.attn.c_attn.weight
Model.lang_encoder.transformer.h.29.decoder_layer.attn.c_attn.bias
Model.lang_encoder.transformer.h.29.decoder_layer.attn.c_proj.weight
Model.lang_encoder.transformer.h.29.decoder_layer.attn.c_proj.bias
Model.lang_encoder.transformer.h.29.decoder_layer.ln_2.weight
Model.lang_encoder.transformer.h.29.decoder_layer.ln_2.bias
Model.lang_encoder.transformer.h.29.decoder_layer.mlp.c_fc.weight
Model.lang_encoder.transformer.h.29.decoder_layer.mlp.c_fc.bias
Model.lang_encoder.transformer.h.29.decoder_layer.mlp.c_proj.weight
Model.lang_encoder.transformer.h.29.decoder_layer.mlp.c_proj.bias
Model.lang_encoder.transformer.h.30.decoder_layer.ln_1.weight
Model.lang_encoder.transformer.h.30.decoder_layer.ln_1.bias
Model.lang_encoder.transformer.h.30.decoder_layer.attn.c_attn.weight
Model.lang_encoder.transformer.h.30.decoder_layer.attn.c_attn.bias
Model.lang_encoder.transformer.h.30.decoder_layer.attn.c_proj.weight
Model.lang_encoder.transformer.h.30.decoder_layer.attn.c_proj.bias
Model.lang_encoder.transformer.h.30.decoder_layer.ln_2.weight
Model.lang_encoder.transformer.h.30.decoder_layer.ln_2.bias
Model.lang_encoder.transformer.h.30.decoder_layer.mlp.c_fc.weight
Model.lang_encoder.transformer.h.30.decoder_layer.mlp.c_fc.bias
Model.lang_encoder.transformer.h.30.decoder_layer.mlp.c_proj.weight
Model.lang_encoder.transformer.h.30.decoder_layer.mlp.c_proj.bias
Model.lang_encoder.transformer.h.31.decoder_layer.ln_1.weight
Model.lang_encoder.transformer.h.31.decoder_layer.ln_1.bias
Model.lang_encoder.transformer.h.31.decoder_layer.attn.c_attn.weight
Model.lang_encoder.transformer.h.31.decoder_layer.attn.c_attn.bias
Model.lang_encoder.transformer.h.31.decoder_layer.attn.c_proj.weight
Model.lang_encoder.transformer.h.31.decoder_layer.attn.c_proj.bias
Model.lang_encoder.transformer.h.31.decoder_layer.ln_2.weight
Model.lang_encoder.transformer.h.31.decoder_layer.ln_2.bias
Model.lang_encoder.transformer.h.31.decoder_layer.mlp.c_fc.weight
Model.lang_encoder.transformer.h.31.decoder_layer.mlp.c_fc.bias
Model.lang_encoder.transformer.h.31.decoder_layer.mlp.c_proj.weight
Model.lang_encoder.transformer.h.31.decoder_layer.mlp.c_proj.bias
Model.lang_encoder.transformer.h.32.decoder_layer.ln_1.weight
Model.lang_encoder.transformer.h.32.decoder_layer.ln_1.bias
Model.lang_encoder.transformer.h.32.decoder_layer.attn.c_attn.weight
Model.lang_encoder.transformer.h.32.decoder_layer.attn.c_attn.bias
Model.lang_encoder.transformer.h.32.decoder_layer.attn.c_proj.weight
Model.lang_encoder.transformer.h.32.decoder_layer.attn.c_proj.bias
Model.lang_encoder.transformer.h.32.decoder_layer.ln_2.weight
Model.lang_encoder.transformer.h.32.decoder_layer.ln_2.bias
Model.lang_encoder.transformer.h.32.decoder_layer.mlp.c_fc.weight
Model.lang_encoder.transformer.h.32.decoder_layer.mlp.c_fc.bias
Model.lang_encoder.transformer.h.32.decoder_layer.mlp.c_proj.weight
Model.lang_encoder.transformer.h.32.decoder_layer.mlp.c_proj.bias
Model.lang_encoder.transformer.h.33.decoder_layer.ln_1.weight
Model.lang_encoder.transformer.h.33.decoder_layer.ln_1.bias
Model.lang_encoder.transformer.h.33.decoder_layer.attn.c_attn.weight
Model.lang_encoder.transformer.h.33.decoder_layer.attn.c_attn.bias
Model.lang_encoder.transformer.h.33.decoder_layer.attn.c_proj.weight
Model.lang_encoder.transformer.h.33.decoder_layer.attn.c_proj.bias
Model.lang_encoder.transformer.h.33.decoder_layer.ln_2.weight
Model.lang_encoder.transformer.h.33.decoder_layer.ln_2.bias
Model.lang_encoder.transformer.h.33.decoder_layer.mlp.c_fc.weight
Model.lang_encoder.transformer.h.33.decoder_layer.mlp.c_fc.bias
Model.lang_encoder.transformer.h.33.decoder_layer.mlp.c_proj.weight
Model.lang_encoder.transformer.h.33.decoder_layer.mlp.c_proj.bias
Model.lang_encoder.transformer.h.34.decoder_layer.ln_1.weight
Model.lang_encoder.transformer.h.34.decoder_layer.ln_1.bias
Model.lang_encoder.transformer.h.34.decoder_layer.attn.c_attn.weight
Model.lang_encoder.transformer.h.34.decoder_layer.attn.c_attn.bias
Model.lang_encoder.transformer.h.34.decoder_layer.attn.c_proj.weight
Model.lang_encoder.transformer.h.34.decoder_layer.attn.c_proj.bias
Model.lang_encoder.transformer.h.34.decoder_layer.ln_2.weight
Model.lang_encoder.transformer.h.34.decoder_layer.ln_2.bias
Model.lang_encoder.transformer.h.34.decoder_layer.mlp.c_fc.weight
Model.lang_encoder.transformer.h.34.decoder_layer.mlp.c_fc.bias
Model.lang_encoder.transformer.h.34.decoder_layer.mlp.c_proj.weight
Model.lang_encoder.transformer.h.34.decoder_layer.mlp.c_proj.bias
Model.lang_encoder.transformer.h.35.ca_layer.alpha_1
Using grad with decay in Model.lang_encoder.transformer.h.35.ca_layer.alpha_1
Model.lang_encoder.transformer.h.35.ca_layer.alpha_2
Using grad with decay in Model.lang_encoder.transformer.h.35.ca_layer.alpha_2
Model.lang_encoder.transformer.h.35.ca_layer.audio_expert.attn.W_q.weight
Using grad with decay in Model.lang_encoder.transformer.h.35.ca_layer.audio_expert.attn.W_q.weight
Model.lang_encoder.transformer.h.35.ca_layer.audio_expert.attn.W_kv.weight
Using grad with decay in Model.lang_encoder.transformer.h.35.ca_layer.audio_expert.attn.W_kv.weight
Model.lang_encoder.transformer.h.35.ca_layer.audio_expert.attn.W_o.weight
Using grad with decay in Model.lang_encoder.transformer.h.35.ca_layer.audio_expert.attn.W_o.weight
Model.lang_encoder.transformer.h.35.ca_layer.audio_expert.attn.gate_linear.weight
Using grad with decay in Model.lang_encoder.transformer.h.35.ca_layer.audio_expert.attn.gate_linear.weight
Model.lang_encoder.transformer.h.35.ca_layer.visual_expert.attn.W_q.weight
Using grad with decay in Model.lang_encoder.transformer.h.35.ca_layer.visual_expert.attn.W_q.weight
Model.lang_encoder.transformer.h.35.ca_layer.visual_expert.attn.W_kv.weight
Using grad with decay in Model.lang_encoder.transformer.h.35.ca_layer.visual_expert.attn.W_kv.weight
Model.lang_encoder.transformer.h.35.ca_layer.visual_expert.attn.W_o.weight
Using grad with decay in Model.lang_encoder.transformer.h.35.ca_layer.visual_expert.attn.W_o.weight
Model.lang_encoder.transformer.h.35.ca_layer.visual_expert.attn.gate_linear.weight
Using grad with decay in Model.lang_encoder.transformer.h.35.ca_layer.visual_expert.attn.gate_linear.weight
Model.lang_encoder.transformer.h.35.ca_layer.av_expert.attn.W_q.weight
Using grad with decay in Model.lang_encoder.transformer.h.35.ca_layer.av_expert.attn.W_q.weight
Model.lang_encoder.transformer.h.35.ca_layer.av_expert.attn.W_kv.weight
Using grad with decay in Model.lang_encoder.transformer.h.35.ca_layer.av_expert.attn.W_kv.weight
Model.lang_encoder.transformer.h.35.ca_layer.av_expert.attn.W_o.weight
Using grad with decay in Model.lang_encoder.transformer.h.35.ca_layer.av_expert.attn.W_o.weight
Model.lang_encoder.transformer.h.35.ca_layer.av_expert.attn.gate_linear.weight
Using grad with decay in Model.lang_encoder.transformer.h.35.ca_layer.av_expert.attn.gate_linear.weight
Model.lang_encoder.transformer.h.35.ca_layer.router.router_weights.weight
Model.lang_encoder.transformer.h.35.ca_layer.router.router_weights.bias
Model.lang_encoder.transformer.h.35.ca_layer.ln_1.weight
Using grad with decay in Model.lang_encoder.transformer.h.35.ca_layer.ln_1.weight
Model.lang_encoder.transformer.h.35.ca_layer.ln_1.bias
Using grad with no decay in Model.lang_encoder.transformer.h.35.ca_layer.ln_1.bias
Model.lang_encoder.transformer.h.35.ca_layer.ln_2.weight
Using grad with decay in Model.lang_encoder.transformer.h.35.ca_layer.ln_2.weight
Model.lang_encoder.transformer.h.35.ca_layer.ln_2.bias
Using grad with no decay in Model.lang_encoder.transformer.h.35.ca_layer.ln_2.bias
Model.lang_encoder.transformer.h.35.ca_layer.mlp.c_fc.weight
Using grad with decay in Model.lang_encoder.transformer.h.35.ca_layer.mlp.c_fc.weight
Model.lang_encoder.transformer.h.35.ca_layer.mlp.c_fc.bias
Using grad with no decay in Model.lang_encoder.transformer.h.35.ca_layer.mlp.c_fc.bias
Model.lang_encoder.transformer.h.35.ca_layer.mlp.c_proj.weight
Using grad with decay in Model.lang_encoder.transformer.h.35.ca_layer.mlp.c_proj.weight
Model.lang_encoder.transformer.h.35.ca_layer.mlp.c_proj.bias
Using grad with no decay in Model.lang_encoder.transformer.h.35.ca_layer.mlp.c_proj.bias
Model.lang_encoder.transformer.h.35.decoder_layer.ln_1.weight
Model.lang_encoder.transformer.h.35.decoder_layer.ln_1.bias
Model.lang_encoder.transformer.h.35.decoder_layer.attn.c_attn.weight
Model.lang_encoder.transformer.h.35.decoder_layer.attn.c_attn.bias
Model.lang_encoder.transformer.h.35.decoder_layer.attn.c_proj.weight
Model.lang_encoder.transformer.h.35.decoder_layer.attn.c_proj.bias
Model.lang_encoder.transformer.h.35.decoder_layer.ln_2.weight
Model.lang_encoder.transformer.h.35.decoder_layer.ln_2.bias
Model.lang_encoder.transformer.h.35.decoder_layer.mlp.c_fc.weight
Model.lang_encoder.transformer.h.35.decoder_layer.mlp.c_fc.bias
Model.lang_encoder.transformer.h.35.decoder_layer.mlp.c_proj.weight
Model.lang_encoder.transformer.h.35.decoder_layer.mlp.c_proj.bias
Model.lang_encoder.transformer.ln_f.weight
Model.lang_encoder.transformer.ln_f.bias
Model.W_task.0.weight
Using grad with decay in Model.W_task.0.weight
Model.W_task.0.bias
Using grad with no decay in Model.W_task.0.bias
Model.W_task.1.weight
Using grad with decay in Model.W_task.1.weight
Model.W_task.1.bias
Using grad with no decay in Model.W_task.1.bias
Model.W_task.3.weight
Using grad with decay in Model.W_task.3.weight
Model.W_task.3.bias
Using grad with no decay in Model.W_task.3.bias
Model.W_bn.weight
Using grad with decay in Model.W_bn.weight
Model.W_bn.bias
Using grad with no decay in Model.W_bn.bias
Model.W_text.weight
Using grad with decay in Model.W_text.weight
Model.W_text.bias
Using grad with no decay in Model.W_text.bias
Model.W_av.weight
Using grad with decay in Model.W_av.weight
Model.W_av.bias
Using grad with no decay in Model.W_av.bias
Model.LN.weight
Using grad with decay in Model.LN.weight
Model.LN.bias
Using grad with no decay in Model.LN.bias
Will be using warmup for 63 steps
Model alphas are
7.ca_layer.alpha_1 is: Parameter containing:
tensor([0.0029], device='cuda:0', requires_grad=True)
7.ca_layer.alpha_2 is: Parameter containing:
tensor([-0.0041], device='cuda:0', requires_grad=True)
14.ca_layer.alpha_1 is: Parameter containing:
tensor([0.0024], device='cuda:0', requires_grad=True)
14.ca_layer.alpha_2 is: Parameter containing:
tensor([-0.0010], device='cuda:0', requires_grad=True)
21.ca_layer.alpha_1 is: Parameter containing:
tensor([0.0028], device='cuda:0', requires_grad=True)
21.ca_layer.alpha_2 is: Parameter containing:
tensor([0.0011], device='cuda:0', requires_grad=True)
28.ca_layer.alpha_1 is: Parameter containing:
tensor([0.0018], device='cuda:0', requires_grad=True)
28.ca_layer.alpha_2 is: Parameter containing:
tensor([0.0007], device='cuda:0', requires_grad=True)
35.ca_layer.alpha_1 is: Parameter containing:
tensor([0.0012], device='cuda:0', requires_grad=True)
35.ca_layer.alpha_2 is: Parameter containing:
tensor([0.0016], device='cuda:0', requires_grad=True)
Model alphas are
7.ca_layer.alpha_1 is: Parameter containing:
tensor([0.0076], device='cuda:0', requires_grad=True)
7.ca_layer.alpha_2 is: Parameter containing:
tensor([-0.0123], device='cuda:0', requires_grad=True)
14.ca_layer.alpha_1 is: Parameter containing:
tensor([0.0086], device='cuda:0', requires_grad=True)
14.ca_layer.alpha_2 is: Parameter containing:
tensor([-0.0030], device='cuda:0', requires_grad=True)
21.ca_layer.alpha_1 is: Parameter containing:
tensor([0.0065], device='cuda:0', requires_grad=True)
21.ca_layer.alpha_2 is: Parameter containing:
tensor([0.0053], device='cuda:0', requires_grad=True)
28.ca_layer.alpha_1 is: Parameter containing:
tensor([0.0024], device='cuda:0', requires_grad=True)
28.ca_layer.alpha_2 is: Parameter containing:
tensor([0.0023], device='cuda:0', requires_grad=True)
35.ca_layer.alpha_1 is: Parameter containing:
tensor([0.0018], device='cuda:0', requires_grad=True)
35.ca_layer.alpha_2 is: Parameter containing:
tensor([0.0094], device='cuda:0', requires_grad=True)
Model alphas are
7.ca_layer.alpha_1 is: Parameter containing:
tensor([0.0113], device='cuda:0', requires_grad=True)
7.ca_layer.alpha_2 is: Parameter containing:
tensor([-0.0202], device='cuda:0', requires_grad=True)
14.ca_layer.alpha_1 is: Parameter containing:
tensor([0.0111], device='cuda:0', requires_grad=True)
14.ca_layer.alpha_2 is: Parameter containing:
tensor([-0.0022], device='cuda:0', requires_grad=True)
21.ca_layer.alpha_1 is: Parameter containing:
tensor([0.0077], device='cuda:0', requires_grad=True)
21.ca_layer.alpha_2 is: Parameter containing:
tensor([0.0094], device='cuda:0', requires_grad=True)
28.ca_layer.alpha_1 is: Parameter containing:
tensor([0.0030], device='cuda:0', requires_grad=True)
28.ca_layer.alpha_2 is: Parameter containing:
tensor([0.0061], device='cuda:0', requires_grad=True)
35.ca_layer.alpha_1 is: Parameter containing:
tensor([0.0027], device='cuda:0', requires_grad=True)
35.ca_layer.alpha_2 is: Parameter containing:
tensor([0.0173], device='cuda:0', requires_grad=True)
Model alphas are
7.ca_layer.alpha_1 is: Parameter containing:
tensor([0.0141], device='cuda:0', requires_grad=True)
7.ca_layer.alpha_2 is: Parameter containing:
tensor([-0.0280], device='cuda:0', requires_grad=True)
14.ca_layer.alpha_1 is: Parameter containing:
tensor([0.0150], device='cuda:0', requires_grad=True)
14.ca_layer.alpha_2 is: Parameter containing:
tensor([0.0037], device='cuda:0', requires_grad=True)
21.ca_layer.alpha_1 is: Parameter containing:
tensor([0.0090], device='cuda:0', requires_grad=True)
21.ca_layer.alpha_2 is: Parameter containing:
tensor([0.0159], device='cuda:0', requires_grad=True)
28.ca_layer.alpha_1 is: Parameter containing:
tensor([0.0037], device='cuda:0', requires_grad=True)
28.ca_layer.alpha_2 is: Parameter containing:
tensor([0.0116], device='cuda:0', requires_grad=True)
35.ca_layer.alpha_1 is: Parameter containing:
tensor([0.0034], device='cuda:0', requires_grad=True)
35.ca_layer.alpha_2 is: Parameter containing:
tensor([0.0254], device='cuda:0', requires_grad=True)
Model alphas are
7.ca_layer.alpha_1 is: Parameter containing:
tensor([0.0157], device='cuda:0', requires_grad=True)
7.ca_layer.alpha_2 is: Parameter containing:
tensor([-0.0321], device='cuda:0', requires_grad=True)
14.ca_layer.alpha_1 is: Parameter containing:
tensor([0.0170], device='cuda:0', requires_grad=True)
14.ca_layer.alpha_2 is: Parameter containing:
tensor([0.0118], device='cuda:0', requires_grad=True)
21.ca_layer.alpha_1 is: Parameter containing:
tensor([0.0107], device='cuda:0', requires_grad=True)
21.ca_layer.alpha_2 is: Parameter containing:
tensor([0.0227], device='cuda:0', requires_grad=True)
28.ca_layer.alpha_1 is: Parameter containing:
tensor([0.0049], device='cuda:0', requires_grad=True)
28.ca_layer.alpha_2 is: Parameter containing:
tensor([0.0173], device='cuda:0', requires_grad=True)
35.ca_layer.alpha_1 is: Parameter containing:
tensor([0.0040], device='cuda:0', requires_grad=True)
35.ca_layer.alpha_2 is: Parameter containing:
tensor([0.0333], device='cuda:0', requires_grad=True)
Model alphas are
7.ca_layer.alpha_1 is: Parameter containing:
tensor([0.0178], device='cuda:0', requires_grad=True)
7.ca_layer.alpha_2 is: Parameter containing:
tensor([-0.0327], device='cuda:0', requires_grad=True)
14.ca_layer.alpha_1 is: Parameter containing:
tensor([0.0193], device='cuda:0', requires_grad=True)
14.ca_layer.alpha_2 is: Parameter containing:
tensor([0.0199], device='cuda:0', requires_grad=True)
21.ca_layer.alpha_1 is: Parameter containing:
tensor([0.0104], device='cuda:0', requires_grad=True)
21.ca_layer.alpha_2 is: Parameter containing:
tensor([0.0294], device='cuda:0', requires_grad=True)
28.ca_layer.alpha_1 is: Parameter containing:
tensor([0.0053], device='cuda:0', requires_grad=True)
28.ca_layer.alpha_2 is: Parameter containing:
tensor([0.0234], device='cuda:0', requires_grad=True)
35.ca_layer.alpha_1 is: Parameter containing:
tensor([0.0046], device='cuda:0', requires_grad=True)
35.ca_layer.alpha_2 is: Parameter containing:
tensor([0.0414], device='cuda:0', requires_grad=True)
Model alphas are
7.ca_layer.alpha_1 is: Parameter containing:
tensor([0.0217], device='cuda:0', requires_grad=True)
7.ca_layer.alpha_2 is: Parameter containing:
tensor([-0.0326], device='cuda:0', requires_grad=True)
14.ca_layer.alpha_1 is: Parameter containing:
tensor([0.0212], device='cuda:0', requires_grad=True)
14.ca_layer.alpha_2 is: Parameter containing:
tensor([0.0275], device='cuda:0', requires_grad=True)
21.ca_layer.alpha_1 is: Parameter containing:
tensor([0.0117], device='cuda:0', requires_grad=True)
21.ca_layer.alpha_2 is: Parameter containing:
tensor([0.0361], device='cuda:0', requires_grad=True)
28.ca_layer.alpha_1 is: Parameter containing:
tensor([0.0075], device='cuda:0', requires_grad=True)
28.ca_layer.alpha_2 is: Parameter containing:
tensor([0.0299], device='cuda:0', requires_grad=True)
35.ca_layer.alpha_1 is: Parameter containing:
tensor([0.0058], device='cuda:0', requires_grad=True)
35.ca_layer.alpha_2 is: Parameter containing:
tensor([0.0492], device='cuda:0', requires_grad=True)
Model alphas are
7.ca_layer.alpha_1 is: Parameter containing:
tensor([0.0262], device='cuda:0', requires_grad=True)
7.ca_layer.alpha_2 is: Parameter containing:
tensor([-0.0317], device='cuda:0', requires_grad=True)
14.ca_layer.alpha_1 is: Parameter containing:
tensor([0.0243], device='cuda:0', requires_grad=True)
14.ca_layer.alpha_2 is: Parameter containing:
tensor([0.0349], device='cuda:0', requires_grad=True)
21.ca_layer.alpha_1 is: Parameter containing:
tensor([0.0130], device='cuda:0', requires_grad=True)
21.ca_layer.alpha_2 is: Parameter containing:
tensor([0.0430], device='cuda:0', requires_grad=True)
28.ca_layer.alpha_1 is: Parameter containing:
tensor([0.0098], device='cuda:0', requires_grad=True)
28.ca_layer.alpha_2 is: Parameter containing:
tensor([0.0366], device='cuda:0', requires_grad=True)
35.ca_layer.alpha_1 is: Parameter containing:
tensor([0.0065], device='cuda:0', requires_grad=True)
35.ca_layer.alpha_2 is: Parameter containing:
tensor([0.0567], device='cuda:0', requires_grad=True)
Model alphas are
7.ca_layer.alpha_1 is: Parameter containing:
tensor([0.0299], device='cuda:0', requires_grad=True)
7.ca_layer.alpha_2 is: Parameter containing:
tensor([-0.0304], device='cuda:0', requires_grad=True)
14.ca_layer.alpha_1 is: Parameter containing:
tensor([0.0261], device='cuda:0', requires_grad=True)
14.ca_layer.alpha_2 is: Parameter containing:
tensor([0.0418], device='cuda:0', requires_grad=True)
21.ca_layer.alpha_1 is: Parameter containing:
tensor([0.0142], device='cuda:0', requires_grad=True)
21.ca_layer.alpha_2 is: Parameter containing:
tensor([0.0493], device='cuda:0', requires_grad=True)
28.ca_layer.alpha_1 is: Parameter containing:
tensor([0.0111], device='cuda:0', requires_grad=True)
28.ca_layer.alpha_2 is: Parameter containing:
tensor([0.0428], device='cuda:0', requires_grad=True)
35.ca_layer.alpha_1 is: Parameter containing:
tensor([0.0076], device='cuda:0', requires_grad=True)
35.ca_layer.alpha_2 is: Parameter containing:
tensor([0.0640], device='cuda:0', requires_grad=True)
Model alphas are
7.ca_layer.alpha_1 is: Parameter containing:
tensor([0.0329], device='cuda:0', requires_grad=True)
7.ca_layer.alpha_2 is: Parameter containing:
tensor([-0.0281], device='cuda:0', requires_grad=True)
14.ca_layer.alpha_1 is: Parameter containing:
tensor([0.0280], device='cuda:0', requires_grad=True)
14.ca_layer.alpha_2 is: Parameter containing:
tensor([0.0481], device='cuda:0', requires_grad=True)
21.ca_layer.alpha_1 is: Parameter containing:
tensor([0.0157], device='cuda:0', requires_grad=True)
21.ca_layer.alpha_2 is: Parameter containing:
tensor([0.0546], device='cuda:0', requires_grad=True)
28.ca_layer.alpha_1 is: Parameter containing:
tensor([0.0127], device='cuda:0', requires_grad=True)
28.ca_layer.alpha_2 is: Parameter containing:
tensor([0.0484], device='cuda:0', requires_grad=True)
35.ca_layer.alpha_1 is: Parameter containing:
tensor([0.0086], device='cuda:0', requires_grad=True)
35.ca_layer.alpha_2 is: Parameter containing:
tensor([0.0704], device='cuda:0', requires_grad=True)
Model alphas are
7.ca_layer.alpha_1 is: Parameter containing:
tensor([0.0357], device='cuda:0', requires_grad=True)
7.ca_layer.alpha_2 is: Parameter containing:
tensor([-0.0256], device='cuda:0', requires_grad=True)
14.ca_layer.alpha_1 is: Parameter containing:
tensor([0.0298], device='cuda:0', requires_grad=True)
14.ca_layer.alpha_2 is: Parameter containing:
tensor([0.0532], device='cuda:0', requires_grad=True)
21.ca_layer.alpha_1 is: Parameter containing:
tensor([0.0172], device='cuda:0', requires_grad=True)
21.ca_layer.alpha_2 is: Parameter containing:
tensor([0.0596], device='cuda:0', requires_grad=True)
28.ca_layer.alpha_1 is: Parameter containing:
tensor([0.0146], device='cuda:0', requires_grad=True)
28.ca_layer.alpha_2 is: Parameter containing:
tensor([0.0535], device='cuda:0', requires_grad=True)
35.ca_layer.alpha_1 is: Parameter containing:
tensor([0.0098], device='cuda:0', requires_grad=True)
35.ca_layer.alpha_2 is: Parameter containing:
tensor([0.0763], device='cuda:0', requires_grad=True)
Model alphas are
7.ca_layer.alpha_1 is: Parameter containing:
tensor([0.0382], device='cuda:0', requires_grad=True)
7.ca_layer.alpha_2 is: Parameter containing:
tensor([-0.0238], device='cuda:0', requires_grad=True)
14.ca_layer.alpha_1 is: Parameter containing:
tensor([0.0313], device='cuda:0', requires_grad=True)
14.ca_layer.alpha_2 is: Parameter containing:
tensor([0.0579], device='cuda:0', requires_grad=True)
21.ca_layer.alpha_1 is: Parameter containing:
tensor([0.0187], device='cuda:0', requires_grad=True)
21.ca_layer.alpha_2 is: Parameter containing:
tensor([0.0637], device='cuda:0', requires_grad=True)
28.ca_layer.alpha_1 is: Parameter containing:
tensor([0.0169], device='cuda:0', requires_grad=True)
28.ca_layer.alpha_2 is: Parameter containing:
tensor([0.0577], device='cuda:0', requires_grad=True)
35.ca_layer.alpha_1 is: Parameter containing:
tensor([0.0110], device='cuda:0', requires_grad=True)
35.ca_layer.alpha_2 is: Parameter containing:
tensor([0.0815], device='cuda:0', requires_grad=True)
Model alphas are
7.ca_layer.alpha_1 is: Parameter containing:
tensor([0.0395], device='cuda:0', requires_grad=True)
7.ca_layer.alpha_2 is: Parameter containing:
tensor([-0.0221], device='cuda:0', requires_grad=True)
14.ca_layer.alpha_1 is: Parameter containing:
tensor([0.0327], device='cuda:0', requires_grad=True)
14.ca_layer.alpha_2 is: Parameter containing:
tensor([0.0620], device='cuda:0', requires_grad=True)
21.ca_layer.alpha_1 is: Parameter containing:
tensor([0.0204], device='cuda:0', requires_grad=True)
21.ca_layer.alpha_2 is: Parameter containing:
tensor([0.0675], device='cuda:0', requires_grad=True)
28.ca_layer.alpha_1 is: Parameter containing:
tensor([0.0184], device='cuda:0', requires_grad=True)
28.ca_layer.alpha_2 is: Parameter containing:
tensor([0.0613], device='cuda:0', requires_grad=True)
35.ca_layer.alpha_1 is: Parameter containing:
tensor([0.0119], device='cuda:0', requires_grad=True)
35.ca_layer.alpha_2 is: Parameter containing:
tensor([0.0859], device='cuda:0', requires_grad=True)
Model alphas are
7.ca_layer.alpha_1 is: Parameter containing:
tensor([0.0410], device='cuda:0', requires_grad=True)
7.ca_layer.alpha_2 is: Parameter containing:
tensor([-0.0207], device='cuda:0', requires_grad=True)
14.ca_layer.alpha_1 is: Parameter containing:
tensor([0.0343], device='cuda:0', requires_grad=True)
14.ca_layer.alpha_2 is: Parameter containing:
tensor([0.0652], device='cuda:0', requires_grad=True)
21.ca_layer.alpha_1 is: Parameter containing:
tensor([0.0216], device='cuda:0', requires_grad=True)
21.ca_layer.alpha_2 is: Parameter containing:
tensor([0.0705], device='cuda:0', requires_grad=True)
28.ca_layer.alpha_1 is: Parameter containing:
tensor([0.0197], device='cuda:0', requires_grad=True)
28.ca_layer.alpha_2 is: Parameter containing:
tensor([0.0645], device='cuda:0', requires_grad=True)
35.ca_layer.alpha_1 is: Parameter containing:
tensor([0.0129], device='cuda:0', requires_grad=True)
35.ca_layer.alpha_2 is: Parameter containing:
tensor([0.0895], device='cuda:0', requires_grad=True)
***************** Loading Model from checkpoints/thesis-mosei/msalm-mosei-1990.pth
