2026-01-17 08:38:50,299 - MMSA [INFO] - ======================================== Program Start ========================================
2026-01-17 08:38:50,381 - MMSA [INFO] - Running with args:
2026-01-17 08:38:50,381 - MMSA [INFO] - {'model_name': 'msalm', 'dataset_name': 'mosei', 'featurePath': '/leonardo_work/EUHPC_A04_051/alexfil/MSA-Datasets/CMU-MOSEI/Processed/unaligned_50.pkl', 'seq_lens': [50, 500, 375], 'feature_dims': [768, 74, 35], 'train_samples': 16326, 'num_classes': 3, 'language': 'en', 'KeyEval': 'Loss', 'missing_rate': [0.0, 0.0, 0.0], 'missing_seed': [1111, 1111, 1111], 'need_data_aligned': False, 'need_model_aligned': False, 'early_stop': 10, 'use_bert': False, 'use_bert_finetune': False, 'attn_mask': True, 'excludeZero': True, 'update_epochs': 8, 'use_augmentation': False, 'use_m3xup': False, 'hfPath': False, 'use_ulgm': False, 'update_labels_patience': 1, 'H': 3.0, 'del_model': True, 'max_token_len': 50, 'pad_token': '<|endoftext|>', 'lm': '/leonardo_work/EUHPC_A04_051/alexfil/gpt2-large', 'use_bf16': False, 'task_out': 1, 'use_clm': True, 'gamma': 1.0, 'l_bn': 1.0, 'l_av': 1.0, 'l_t': 1.0, 'warmup_epochs': 1, 'max_epochs': 20, 'beta_1': 0.9, 'beta_2': 0.95, 'use_lnorm': True, 'rescale': False, 'rescaler': 'sqrt', 'use_seqaug': True, 'n_bn_fusion': 10, 'modded_loss': True, 'embedding_attr_name': 'transformer.wte', 'decoder_layers_attr_name': 'transformer.h', 'mmgpt': {'type': 'gpt2', 'd_out': 64, 'combine': True, 'dropout': 0.1, 'mm_layer': [7, 14, 21, 28, 35], 'top_k': 2, 'layer_dropout': 0.0, 'dense': True, 'tie_ffn': True, 'n_embd': 1280, 'bias': True, 'kv_dim': 30, 'n_head': 16, 'd_mm': 1280, 'gating': 'sigmoid', 'init_gate': [0.0, 0.0, 0.0, 0.0, 0.0, 0.0, 0.0, 0.0, 0.0, 0.0], 'use_softperm': True, 'p_perm': 0.3, 'p_apply': 0.25, 'use_lora': False, 'lora': {'lora_alpha': 128, 'r': 64, 'lora_dropout': 0.05}}, 'av_enc': {'finetune': True, 'from_pretrained': True, 'path_to_pretrained': '/leonardo_work/EUHPC_A04_051/alexfil/DeepMLF-Reprod/checkpoints/bienc-mosei-1990/bienc-mosei-1990.pth', 'feature_dims': [768, 74, 35], 'd_enc': 30, 'n_embd': 30, 'n_head': 6, 'nlevels': 3, 'd_enc_out': 30, 'maxlen': 50, 'p_mask': 0.15, 'enc_attn_dropout': 0.1, 'enc_res_dropout': 0.1, 'enc_dropout': 0.1, 'use_softperm': True, 'p_perm': 0.2, 'mask_perm_ratio': 0.5, 'tf_fusion': False, 'use_bn': False, 'use_ln': False}, 'gpt': {'vocab_size': 50257, 'block_size': 1024, 'bias': True, 'n_embd': 1024, 'n_layer': 24, 'n_head': 16, 'dropout': 0.0}, 'batch_size': 32, 'grad_clip': 5.0, 'patience': 10, 'weight_decay_mmgpt': 0.1, 'weight_decay_av': 0.1, 'learning_rate_av': 0.0002, 'learning_rate_mmgpt': 0.0002, 'device': device(type='cuda', index=0), 'train_mode': 'regression', 'custom_feature': None, 'feature_T': '', 'feature_A': '', 'feature_V': ''}
2026-01-17 08:38:50,381 - MMSA [INFO] - Seeds: [1990, 1991, 1992, 1993, 1994]
2026-01-17 08:38:50,382 - MMSA [INFO] - ------------------------------ Running with seed 1990 [1/5] ------------------------------
2026-01-17 08:50:42,151 - MMSA [INFO] - The model has 914777996 trainable parameters
2026-01-17 08:55:10,063 - MMSA [INFO] - TRAIN-(msalm) [1/1/1] >> loss: 0.7627  Has0_acc_2: 0.7022  Has0_F1_score: 0.7101  Non0_acc_2: 0.7170  Non0_F1_score: 0.7160  Mult_acc_5: 0.4213  Mult_acc_7: 0.4180  MAE: 0.7629  Corr: 0.4678  clm loss: 4.1587 total loss: 7.5649 bn loss: 0.8171 av loss: 1.0174 text loss: 0.8089
2026-01-17 08:55:19,528 - MMSA [INFO] - VAL-(msalm) >>  Has0_acc_2: 0.7969  Has0_F1_score: 0.8049  Non0_acc_2: 0.8310  Non0_F1_score: 0.8323  Mult_acc_5: 0.5206  Mult_acc_7: 0.5115  MAE: 0.5703  Corr: 0.6904  Loss: 0.5699 
2026-01-17 08:59:50,806 - MMSA [INFO] - TRAIN-(msalm) [1/2/1] >> loss: 0.5685  Has0_acc_2: 0.7963  Has0_F1_score: 0.8028  Non0_acc_2: 0.8396  Non0_F1_score: 0.8399  Mult_acc_5: 0.5291  Mult_acc_7: 0.5099  MAE: 0.5686  Corr: 0.7461  clm loss: 3.6608 total loss: 6.2199 bn loss: 0.5687 av loss: 0.8109 text loss: 0.6109
2026-01-17 08:59:59,569 - MMSA [INFO] - VAL-(msalm) >>  Has0_acc_2: 0.8119  Has0_F1_score: 0.8196  Non0_acc_2: 0.8651  Non0_F1_score: 0.8659  Mult_acc_5: 0.5735  Mult_acc_7: 0.5628  MAE: 0.5027  Corr: 0.7678  Loss: 0.5016 
2026-01-17 09:04:31,709 - MMSA [INFO] - TRAIN-(msalm) [1/3/1] >> loss: 0.5064  Has0_acc_2: 0.8239  Has0_F1_score: 0.8289  Non0_acc_2: 0.8728  Non0_F1_score: 0.8725  Mult_acc_5: 0.5815  Mult_acc_7: 0.5600  MAE: 0.5063  Corr: 0.7974  clm loss: 3.5242 total loss: 5.8673 bn loss: 0.5069 av loss: 0.7973 text loss: 0.5325
2026-01-17 09:04:40,500 - MMSA [INFO] - VAL-(msalm) >>  Has0_acc_2: 0.8487  Has0_F1_score: 0.8517  Non0_acc_2: 0.8720  Non0_F1_score: 0.8712  Mult_acc_5: 0.5863  Mult_acc_7: 0.5730  MAE: 0.4990  Corr: 0.7697  Loss: 0.5000 
2026-01-17 09:09:12,675 - MMSA [INFO] - TRAIN-(msalm) [1/4/1] >> loss: 0.4676  Has0_acc_2: 0.8322  Has0_F1_score: 0.8371  Non0_acc_2: 0.8882  Non0_F1_score: 0.8880  Mult_acc_5: 0.6140  Mult_acc_7: 0.5909  MAE: 0.4679  Corr: 0.8266  clm loss: 3.4513 total loss: 5.6556 bn loss: 0.4666 av loss: 0.7936 text loss: 0.4766
2026-01-17 09:09:21,494 - MMSA [INFO] - VAL-(msalm) >>  Has0_acc_2: 0.8365  Has0_F1_score: 0.8413  Non0_acc_2: 0.8727  Non0_F1_score: 0.8726  Mult_acc_5: 0.5895  Mult_acc_7: 0.5735  MAE: 0.4930  Corr: 0.7789  Loss: 0.4915 
2026-01-17 09:13:53,583 - MMSA [INFO] - TRAIN-(msalm) [1/5/1] >> loss: 0.4181  Has0_acc_2: 0.8511  Has0_F1_score: 0.8553  Non0_acc_2: 0.9076  Non0_F1_score: 0.9074  Mult_acc_5: 0.6540  Mult_acc_7: 0.6281  MAE: 0.4184  Corr: 0.8613  clm loss: 3.3735 total loss: 5.4303 bn loss: 0.4258 av loss: 0.7912 text loss: 0.4217
2026-01-17 09:14:02,573 - MMSA [INFO] - VAL-(msalm) >>  Has0_acc_2: 0.8247  Has0_F1_score: 0.8285  Non0_acc_2: 0.8554  Non0_F1_score: 0.8540  Mult_acc_5: 0.5772  Mult_acc_7: 0.5612  MAE: 0.5031  Corr: 0.7743  Loss: 0.5015 
2026-01-17 09:18:29,567 - MMSA [INFO] - TRAIN-(msalm) [2/6/1] >> loss: 0.3949  Has0_acc_2: 0.8517  Has0_F1_score: 0.8563  Non0_acc_2: 0.9168  Non0_F1_score: 0.9167  Mult_acc_5: 0.6736  Mult_acc_7: 0.6473  MAE: 0.3952  Corr: 0.8768  clm loss: 3.3288 total loss: 5.2928 bn loss: 0.3953 av loss: 0.7894 text loss: 0.3844
2026-01-17 09:18:38,501 - MMSA [INFO] - VAL-(msalm) >>  Has0_acc_2: 0.8354  Has0_F1_score: 0.8393  Non0_acc_2: 0.8658  Non0_F1_score: 0.8650  Mult_acc_5: 0.5708  Mult_acc_7: 0.5591  MAE: 0.4943  Corr: 0.7749  Loss: 0.4937 
2026-01-17 09:23:05,768 - MMSA [INFO] - TRAIN-(msalm) [3/7/1] >> loss: 0.3595  Has0_acc_2: 0.8599  Has0_F1_score: 0.8642  Non0_acc_2: 0.9313  Non0_F1_score: 0.9311  Mult_acc_5: 0.7068  Mult_acc_7: 0.6798  MAE: 0.3589  Corr: 0.8977  clm loss: 3.2879 total loss: 5.1417 bn loss: 0.3622 av loss: 0.7881 text loss: 0.3439
2026-01-17 09:23:14,643 - MMSA [INFO] - VAL-(msalm) >>  Has0_acc_2: 0.8418  Has0_F1_score: 0.8444  Non0_acc_2: 0.8672  Non0_F1_score: 0.8656  Mult_acc_5: 0.5703  Mult_acc_7: 0.5548  MAE: 0.5106  Corr: 0.7689  Loss: 0.5097 
2026-01-17 09:27:41,978 - MMSA [INFO] - TRAIN-(msalm) [4/8/1] >> loss: 0.3346  Has0_acc_2: 0.8629  Has0_F1_score: 0.8674  Non0_acc_2: 0.9391  Non0_F1_score: 0.9391  Mult_acc_5: 0.7231  Mult_acc_7: 0.6967  MAE: 0.3346  Corr: 0.9117  clm loss: 3.2397 total loss: 5.0104 bn loss: 0.3337 av loss: 0.7866 text loss: 0.3157
2026-01-17 09:27:50,799 - MMSA [INFO] - VAL-(msalm) >>  Has0_acc_2: 0.8172  Has0_F1_score: 0.8234  Non0_acc_2: 0.8588  Non0_F1_score: 0.8589  Mult_acc_5: 0.5681  Mult_acc_7: 0.5548  MAE: 0.5025  Corr: 0.7682  Loss: 0.5045 
2026-01-17 09:32:17,912 - MMSA [INFO] - TRAIN-(msalm) [5/9/1] >> loss: 0.3085  Has0_acc_2: 0.8667  Has0_F1_score: 0.8710  Non0_acc_2: 0.9460  Non0_F1_score: 0.9459  Mult_acc_5: 0.7462  Mult_acc_7: 0.7210  MAE: 0.3085  Corr: 0.9250  clm loss: 3.2005 total loss: 4.891 bn loss: 0.3093 av loss: 0.7854 text loss: 0.2873
2026-01-17 09:32:26,873 - MMSA [INFO] - VAL-(msalm) >>  Has0_acc_2: 0.8332  Has0_F1_score: 0.8376  Non0_acc_2: 0.8637  Non0_F1_score: 0.8632  Mult_acc_5: 0.5612  Mult_acc_7: 0.5468  MAE: 0.5046  Corr: 0.7701  Loss: 0.5044 
2026-01-17 09:36:53,906 - MMSA [INFO] - TRAIN-(msalm) [6/10/1] >> loss: 0.2978  Has0_acc_2: 0.8683  Has0_F1_score: 0.8728  Non0_acc_2: 0.9502  Non0_F1_score: 0.9502  Mult_acc_5: 0.7604  Mult_acc_7: 0.7350  MAE: 0.2976  Corr: 0.9302  clm loss: 3.1677 total loss: 4.808 bn loss: 0.289 av loss: 0.7838 text loss: 0.2697
2026-01-17 09:37:02,714 - MMSA [INFO] - VAL-(msalm) >>  Has0_acc_2: 0.8006  Has0_F1_score: 0.8097  Non0_acc_2: 0.8540  Non0_F1_score: 0.8555  Mult_acc_5: 0.5655  Mult_acc_7: 0.5516  MAE: 0.5083  Corr: 0.7696  Loss: 0.5072 
2026-01-17 09:41:29,764 - MMSA [INFO] - TRAIN-(msalm) [7/11/1] >> loss: 0.2857  Has0_acc_2: 0.8731  Has0_F1_score: 0.8773  Non0_acc_2: 0.9549  Non0_F1_score: 0.9549  Mult_acc_5: 0.7720  Mult_acc_7: 0.7470  MAE: 0.2854  Corr: 0.9361  clm loss: 3.1368 total loss: 4.728 bn loss: 0.2712 av loss: 0.7822 text loss: 0.2521
2026-01-17 09:41:38,647 - MMSA [INFO] - VAL-(msalm) >>  Has0_acc_2: 0.8188  Has0_F1_score: 0.8250  Non0_acc_2: 0.8595  Non0_F1_score: 0.8597  Mult_acc_5: 0.5601  Mult_acc_7: 0.5457  MAE: 0.5108  Corr: 0.7615  Loss: 0.5099 
2026-01-17 09:46:05,545 - MMSA [INFO] - TRAIN-(msalm) [8/12/1] >> loss: 0.2712  Has0_acc_2: 0.8738  Has0_F1_score: 0.8781  Non0_acc_2: 0.9584  Non0_F1_score: 0.9584  Mult_acc_5: 0.7843  Mult_acc_7: 0.7596  MAE: 0.2704  Corr: 0.9426  clm loss: 3.1071 total loss: 4.6512 bn loss: 0.2553 av loss: 0.7809 text loss: 0.2368
2026-01-17 09:46:14,602 - MMSA [INFO] - VAL-(msalm) >>  Has0_acc_2: 0.8113  Has0_F1_score: 0.8192  Non0_acc_2: 0.8602  Non0_F1_score: 0.8613  Mult_acc_5: 0.5623  Mult_acc_7: 0.5478  MAE: 0.5098  Corr: 0.7653  Loss: 0.5095 
2026-01-17 09:50:41,738 - MMSA [INFO] - TRAIN-(msalm) [9/13/1] >> loss: 0.2616  Has0_acc_2: 0.8762  Has0_F1_score: 0.8805  Non0_acc_2: 0.9643  Non0_F1_score: 0.9642  Mult_acc_5: 0.7883  Mult_acc_7: 0.7631  MAE: 0.2616  Corr: 0.9460  clm loss: 3.079 total loss: 4.5842 bn loss: 0.2392 av loss: 0.7812 text loss: 0.2231
2026-01-17 09:50:50,570 - MMSA [INFO] - VAL-(msalm) >>  Has0_acc_2: 0.8108  Has0_F1_score: 0.8187  Non0_acc_2: 0.8623  Non0_F1_score: 0.8633  Mult_acc_5: 0.5575  Mult_acc_7: 0.5446  MAE: 0.5045  Corr: 0.7677  Loss: 0.5030 
2026-01-17 09:55:17,547 - MMSA [INFO] - TRAIN-(msalm) [10/14/1] >> loss: 0.2526  Has0_acc_2: 0.8754  Has0_F1_score: 0.8798  Non0_acc_2: 0.9642  Non0_F1_score: 0.9642  Mult_acc_5: 0.8024  Mult_acc_7: 0.7775  MAE: 0.2521  Corr: 0.9515  clm loss: 3.055 total loss: 4.5238 bn loss: 0.2255 av loss: 0.7801 text loss: 0.2106
2026-01-17 09:55:26,368 - MMSA [INFO] - VAL-(msalm) >>  Has0_acc_2: 0.8332  Has0_F1_score: 0.8378  Non0_acc_2: 0.8658  Non0_F1_score: 0.8654  Mult_acc_5: 0.5692  Mult_acc_7: 0.5548  MAE: 0.5096  Corr: 0.7670  Loss: 0.5085 
2026-01-17 09:55:48,278 - MMSA [INFO] - TEST-(msalm) >>  Has0_acc_2: 0.8212  Has0_F1_score: 0.8267  Non0_acc_2: 0.8657  Non0_F1_score: 0.8660  Mult_acc_5: 0.5718  Mult_acc_7: 0.5523  MAE: 0.5098  Corr: 0.8008  Loss: 0.5095 
2026-01-17 09:55:50,662 - MMSA [INFO] - Result for seed 1990: {'Has0_acc_2': 0.8212, 'Has0_F1_score': 0.8267, 'Non0_acc_2': 0.8657, 'Non0_F1_score': 0.866, 'Mult_acc_5': 0.5718, 'Mult_acc_7': 0.5523, 'MAE': 0.5098, 'Corr': 0.8008, 'Loss': 0.5095, 'seed': 1990}
2026-01-17 09:55:50,663 - MMSA [INFO] - ------------------------------ Running with seed 1991 [2/5] ------------------------------
2026-01-17 10:07:39,326 - MMSA [INFO] - The model has 914777996 trainable parameters
2026-01-17 10:12:06,786 - MMSA [INFO] - TRAIN-(msalm) [1/1/2] >> loss: 0.7844  Has0_acc_2: 0.6231  Has0_F1_score: 0.6388  Non0_acc_2: 0.6737  Non0_F1_score: 0.6782  Mult_acc_5: 0.4192  Mult_acc_7: 0.4128  MAE: 0.7840  Corr: 0.4865  clm loss: 4.1445 total loss: 7.4311 bn loss: 0.8101 av loss: 0.8424 text loss: 0.8497
2026-01-17 10:12:15,535 - MMSA [INFO] - VAL-(msalm) >>  Has0_acc_2: 0.7418  Has0_F1_score: 0.7561  Non0_acc_2: 0.8088  Non0_F1_score: 0.8127  Mult_acc_5: 0.5056  Mult_acc_7: 0.4960  MAE: 0.5953  Corr: 0.6924  Loss: 0.5941 
2026-01-17 10:16:47,414 - MMSA [INFO] - TRAIN-(msalm) [1/2/2] >> loss: 0.5713  Has0_acc_2: 0.7896  Has0_F1_score: 0.7969  Non0_acc_2: 0.8379  Non0_F1_score: 0.8385  Mult_acc_5: 0.5339  Mult_acc_7: 0.5163  MAE: 0.5712  Corr: 0.7403  clm loss: 3.666 total loss: 6.2252 bn loss: 0.5679 av loss: 0.8009 text loss: 0.6191
2026-01-17 10:16:56,209 - MMSA [INFO] - VAL-(msalm) >>  Has0_acc_2: 0.8327  Has0_F1_score: 0.8378  Non0_acc_2: 0.8665  Non0_F1_score: 0.8665  Mult_acc_5: 0.5730  Mult_acc_7: 0.5607  MAE: 0.5006  Corr: 0.7678  Loss: 0.4999 
2026-01-17 10:21:27,355 - MMSA [INFO] - TRAIN-(msalm) [1/3/2] >> loss: 0.5023  Has0_acc_2: 0.8236  Has0_F1_score: 0.8289  Non0_acc_2: 0.8742  Non0_F1_score: 0.8741  Mult_acc_5: 0.5850  Mult_acc_7: 0.5654  MAE: 0.5028  Corr: 0.7990  clm loss: 3.5214 total loss: 5.8544 bn loss: 0.5039 av loss: 0.7959 text loss: 0.5309
2026-01-17 10:21:36,128 - MMSA [INFO] - VAL-(msalm) >>  Has0_acc_2: 0.8477  Has0_F1_score: 0.8515  Non0_acc_2: 0.8790  Non0_F1_score: 0.8786  Mult_acc_5: 0.5724  Mult_acc_7: 0.5591  MAE: 0.4971  Corr: 0.7734  Loss: 0.4958 
2026-01-17 10:26:07,838 - MMSA [INFO] - TRAIN-(msalm) [1/4/2] >> loss: 0.4574  Has0_acc_2: 0.8356  Has0_F1_score: 0.8404  Non0_acc_2: 0.8889  Non0_F1_score: 0.8887  Mult_acc_5: 0.6237  Mult_acc_7: 0.5998  MAE: 0.4569  Corr: 0.8338  clm loss: 3.4358 total loss: 5.6243 bn loss: 0.4662 av loss: 0.7924 text loss: 0.4724
2026-01-17 10:26:16,618 - MMSA [INFO] - VAL-(msalm) >>  Has0_acc_2: 0.8193  Has0_F1_score: 0.8262  Non0_acc_2: 0.8658  Non0_F1_score: 0.8663  Mult_acc_5: 0.5772  Mult_acc_7: 0.5633  MAE: 0.4931  Corr: 0.7775  Loss: 0.4921 
2026-01-17 10:30:48,357 - MMSA [INFO] - TRAIN-(msalm) [1/5/2] >> loss: 0.4265  Has0_acc_2: 0.8410  Has0_F1_score: 0.8459  Non0_acc_2: 0.9016  Non0_F1_score: 0.9016  Mult_acc_5: 0.6507  Mult_acc_7: 0.6254  MAE: 0.4263  Corr: 0.8544  clm loss: 3.3716 total loss: 5.4423 bn loss: 0.4298 av loss: 0.7899 text loss: 0.4245
2026-01-17 10:30:57,119 - MMSA [INFO] - VAL-(msalm) >>  Has0_acc_2: 0.8375  Has0_F1_score: 0.8415  Non0_acc_2: 0.8672  Non0_F1_score: 0.8666  Mult_acc_5: 0.5681  Mult_acc_7: 0.5532  MAE: 0.4981  Corr: 0.7773  Loss: 0.4983 
2026-01-17 10:35:23,707 - MMSA [INFO] - TRAIN-(msalm) [2/6/2] >> loss: 0.3816  Has0_acc_2: 0.8588  Has0_F1_score: 0.8629  Non0_acc_2: 0.9215  Non0_F1_score: 0.9214  Mult_acc_5: 0.6841  Mult_acc_7: 0.6583  MAE: 0.3812  Corr: 0.8854  clm loss: 3.3107 total loss: 5.2458 bn loss: 0.3891 av loss: 0.7876 text loss: 0.3767
2026-01-17 10:35:32,487 - MMSA [INFO] - VAL-(msalm) >>  Has0_acc_2: 0.8204  Has0_F1_score: 0.8267  Non0_acc_2: 0.8581  Non0_F1_score: 0.8586  Mult_acc_5: 0.5687  Mult_acc_7: 0.5537  MAE: 0.5033  Corr: 0.7784  Loss: 0.5030 
2026-01-17 10:39:59,166 - MMSA [INFO] - TRAIN-(msalm) [3/7/2] >> loss: 0.3562  Has0_acc_2: 0.8597  Has0_F1_score: 0.8642  Non0_acc_2: 0.9313  Non0_F1_score: 0.9312  Mult_acc_5: 0.7064  Mult_acc_7: 0.6798  MAE: 0.3564  Corr: 0.9005  clm loss: 3.2686 total loss: 5.1096 bn loss: 0.3595 av loss: 0.7862 text loss: 0.3391
2026-01-17 10:40:08,252 - MMSA [INFO] - VAL-(msalm) >>  Has0_acc_2: 0.8108  Has0_F1_score: 0.8172  Non0_acc_2: 0.8533  Non0_F1_score: 0.8532  Mult_acc_5: 0.5708  Mult_acc_7: 0.5591  MAE: 0.5031  Corr: 0.7703  Loss: 0.5045 
2026-01-17 10:44:34,639 - MMSA [INFO] - TRAIN-(msalm) [4/8/2] >> loss: 0.3236  Has0_acc_2: 0.8676  Has0_F1_score: 0.8719  Non0_acc_2: 0.9407  Non0_F1_score: 0.9407  Mult_acc_5: 0.7368  Mult_acc_7: 0.7102  MAE: 0.3230  Corr: 0.9175  clm loss: 3.2269 total loss: 4.9741 bn loss: 0.3279 av loss: 0.7851 text loss: 0.3106
2026-01-17 10:44:43,412 - MMSA [INFO] - VAL-(msalm) >>  Has0_acc_2: 0.8332  Has0_F1_score: 0.8377  Non0_acc_2: 0.8644  Non0_F1_score: 0.8640  Mult_acc_5: 0.5681  Mult_acc_7: 0.5526  MAE: 0.5083  Corr: 0.7723  Loss: 0.5095 
2026-01-17 10:49:10,270 - MMSA [INFO] - TRAIN-(msalm) [5/9/2] >> loss: 0.3063  Has0_acc_2: 0.8671  Has0_F1_score: 0.8716  Non0_acc_2: 0.9484  Non0_F1_score: 0.9484  Mult_acc_5: 0.7522  Mult_acc_7: 0.7259  MAE: 0.3063  Corr: 0.9257  clm loss: 3.1926 total loss: 4.8838 bn loss: 0.3119 av loss: 0.784 text loss: 0.2891
2026-01-17 10:49:19,074 - MMSA [INFO] - VAL-(msalm) >>  Has0_acc_2: 0.8124  Has0_F1_score: 0.8201  Non0_acc_2: 0.8595  Non0_F1_score: 0.8606  Mult_acc_5: 0.5681  Mult_acc_7: 0.5516  MAE: 0.4989  Corr: 0.7740  Loss: 0.4971 
2026-01-17 10:53:45,726 - MMSA [INFO] - TRAIN-(msalm) [6/10/2] >> loss: 0.29  Has0_acc_2: 0.8711  Has0_F1_score: 0.8755  Non0_acc_2: 0.9556  Non0_F1_score: 0.9556  Mult_acc_5: 0.7678  Mult_acc_7: 0.7416  MAE: 0.2895  Corr: 0.9347  clm loss: 3.1568 total loss: 4.7762 bn loss: 0.2836 av loss: 0.7819 text loss: 0.264
2026-01-17 10:53:54,512 - MMSA [INFO] - VAL-(msalm) >>  Has0_acc_2: 0.8290  Has0_F1_score: 0.8333  Non0_acc_2: 0.8561  Non0_F1_score: 0.8555  Mult_acc_5: 0.5628  Mult_acc_7: 0.5484  MAE: 0.5062  Corr: 0.7719  Loss: 0.5048 
2026-01-17 10:58:21,060 - MMSA [INFO] - TRAIN-(msalm) [7/11/2] >> loss: 0.2787  Has0_acc_2: 0.8758  Has0_F1_score: 0.8799  Non0_acc_2: 0.9571  Non0_F1_score: 0.9571  Mult_acc_5: 0.7759  Mult_acc_7: 0.7502  MAE: 0.2776  Corr: 0.9408  clm loss: 3.1185 total loss: 4.6893 bn loss: 0.2647 av loss: 0.7822 text loss: 0.2452
2026-01-17 10:58:30,024 - MMSA [INFO] - VAL-(msalm) >>  Has0_acc_2: 0.8113  Has0_F1_score: 0.8187  Non0_acc_2: 0.8526  Non0_F1_score: 0.8535  Mult_acc_5: 0.5692  Mult_acc_7: 0.5569  MAE: 0.4951  Corr: 0.7738  Loss: 0.4942 
2026-01-17 11:02:56,725 - MMSA [INFO] - TRAIN-(msalm) [8/12/2] >> loss: 0.2646  Has0_acc_2: 0.8762  Has0_F1_score: 0.8804  Non0_acc_2: 0.9614  Non0_F1_score: 0.9614  Mult_acc_5: 0.7911  Mult_acc_7: 0.7663  MAE: 0.2644  Corr: 0.9464  clm loss: 3.0848 total loss: 4.6075 bn loss: 0.2472 av loss: 0.781 text loss: 0.23
2026-01-17 11:03:05,552 - MMSA [INFO] - VAL-(msalm) >>  Has0_acc_2: 0.8156  Has0_F1_score: 0.8222  Non0_acc_2: 0.8567  Non0_F1_score: 0.8571  Mult_acc_5: 0.5687  Mult_acc_7: 0.5553  MAE: 0.4996  Corr: 0.7682  Loss: 0.5003 
2026-01-17 11:07:32,446 - MMSA [INFO] - TRAIN-(msalm) [9/13/2] >> loss: 0.2593  Has0_acc_2: 0.8745  Has0_F1_score: 0.8789  Non0_acc_2: 0.9635  Non0_F1_score: 0.9635  Mult_acc_5: 0.7946  Mult_acc_7: 0.7706  MAE: 0.2594  Corr: 0.9480  clm loss: 3.0752 total loss: 4.5687 bn loss: 0.2362 av loss: 0.7787 text loss: 0.2192
2026-01-17 11:07:41,311 - MMSA [INFO] - VAL-(msalm) >>  Has0_acc_2: 0.8247  Has0_F1_score: 0.8308  Non0_acc_2: 0.8644  Non0_F1_score: 0.8648  Mult_acc_5: 0.5756  Mult_acc_7: 0.5601  MAE: 0.4987  Corr: 0.7693  Loss: 0.4986 
2026-01-17 11:12:08,097 - MMSA [INFO] - TRAIN-(msalm) [10/14/2] >> loss: 0.2489  Has0_acc_2: 0.8788  Has0_F1_score: 0.8830  Non0_acc_2: 0.9668  Non0_F1_score: 0.9668  Mult_acc_5: 0.8061  Mult_acc_7: 0.7819  MAE: 0.2485  Corr: 0.9509  clm loss: 3.0516 total loss: 4.5169 bn loss: 0.2254 av loss: 0.7791 text loss: 0.2119
2026-01-17 11:12:17,144 - MMSA [INFO] - VAL-(msalm) >>  Has0_acc_2: 0.8391  Has0_F1_score: 0.8430  Non0_acc_2: 0.8686  Non0_F1_score: 0.8679  Mult_acc_5: 0.5751  Mult_acc_7: 0.5596  MAE: 0.5012  Corr: 0.7715  Loss: 0.5028 
2026-01-17 11:12:38,575 - MMSA [INFO] - TEST-(msalm) >>  Has0_acc_2: 0.8158  Has0_F1_score: 0.8223  Non0_acc_2: 0.8685  Non0_F1_score: 0.8691  Mult_acc_5: 0.5697  Mult_acc_7: 0.5510  MAE: 0.5066  Corr: 0.8002  Loss: 0.5070 
2026-01-17 11:12:40,888 - MMSA [INFO] - Result for seed 1991: {'Has0_acc_2': 0.8158, 'Has0_F1_score': 0.8223, 'Non0_acc_2': 0.8685, 'Non0_F1_score': 0.8691, 'Mult_acc_5': 0.5697, 'Mult_acc_7': 0.551, 'MAE': 0.5066, 'Corr': 0.8002, 'Loss': 0.507, 'seed': 1991}
2026-01-17 11:12:40,889 - MMSA [INFO] - ------------------------------ Running with seed 1992 [3/5] ------------------------------
2026-01-17 11:24:26,224 - MMSA [INFO] - The model has 914777996 trainable parameters
2026-01-17 11:28:53,649 - MMSA [INFO] - TRAIN-(msalm) [1/1/3] >> loss: 0.7589  Has0_acc_2: 0.6778  Has0_F1_score: 0.6901  Non0_acc_2: 0.6987  Non0_F1_score: 0.7010  Mult_acc_5: 0.4309  Mult_acc_7: 0.4263  MAE: 0.7593  Corr: 0.4677  clm loss: 4.1343 total loss: 7.3584 bn loss: 0.7885 av loss: 0.8723 text loss: 0.8044
2026-01-17 11:29:02,551 - MMSA [INFO] - VAL-(msalm) >>  Has0_acc_2: 0.7803  Has0_F1_score: 0.7914  Non0_acc_2: 0.8380  Non0_F1_score: 0.8405  Mult_acc_5: 0.5174  Mult_acc_7: 0.5035  MAE: 0.5729  Corr: 0.7023  Loss: 0.5713 
2026-01-17 11:33:35,390 - MMSA [INFO] - TRAIN-(msalm) [1/2/3] >> loss: 0.5611  Has0_acc_2: 0.8049  Has0_F1_score: 0.8104  Non0_acc_2: 0.8471  Non0_F1_score: 0.8469  Mult_acc_5: 0.5402  Mult_acc_7: 0.5213  MAE: 0.5603  Corr: 0.7505  clm loss: 3.6467 total loss: 6.1796 bn loss: 0.5565 av loss: 0.8024 text loss: 0.6128
2026-01-17 11:33:44,213 - MMSA [INFO] - VAL-(msalm) >>  Has0_acc_2: 0.8306  Has0_F1_score: 0.8363  Non0_acc_2: 0.8700  Non0_F1_score: 0.8703  Mult_acc_5: 0.5639  Mult_acc_7: 0.5468  MAE: 0.5143  Corr: 0.7664  Loss: 0.5133 
2026-01-17 11:38:16,586 - MMSA [INFO] - TRAIN-(msalm) [1/3/3] >> loss: 0.4998  Has0_acc_2: 0.8252  Has0_F1_score: 0.8302  Non0_acc_2: 0.8735  Non0_F1_score: 0.8733  Mult_acc_5: 0.5873  Mult_acc_7: 0.5654  MAE: 0.5003  Corr: 0.8008  clm loss: 3.5229 total loss: 5.8436 bn loss: 0.5013 av loss: 0.7939 text loss: 0.5256
2026-01-17 11:38:25,914 - MMSA [INFO] - VAL-(msalm) >>  Has0_acc_2: 0.8108  Has0_F1_score: 0.8178  Non0_acc_2: 0.8512  Non0_F1_score: 0.8518  Mult_acc_5: 0.5778  Mult_acc_7: 0.5660  MAE: 0.4934  Corr: 0.7728  Loss: 0.4945 
2026-01-17 11:42:58,287 - MMSA [INFO] - TRAIN-(msalm) [1/4/3] >> loss: 0.4558  Has0_acc_2: 0.8420  Has0_F1_score: 0.8463  Non0_acc_2: 0.8948  Non0_F1_score: 0.8945  Mult_acc_5: 0.6190  Mult_acc_7: 0.5954  MAE: 0.4555  Corr: 0.8369  clm loss: 3.434 total loss: 5.6101 bn loss: 0.4607 av loss: 0.7916 text loss: 0.468
2026-01-17 11:43:07,225 - MMSA [INFO] - VAL-(msalm) >>  Has0_acc_2: 0.8445  Has0_F1_score: 0.8454  Non0_acc_2: 0.8602  Non0_F1_score: 0.8576  Mult_acc_5: 0.5633  Mult_acc_7: 0.5478  MAE: 0.5099  Corr: 0.7767  Loss: 0.5091 
2026-01-17 11:47:34,172 - MMSA [INFO] - TRAIN-(msalm) [2/5/3] >> loss: 0.4196  Has0_acc_2: 0.8484  Has0_F1_score: 0.8530  Non0_acc_2: 0.9103  Non0_F1_score: 0.9102  Mult_acc_5: 0.6484  Mult_acc_7: 0.6232  MAE: 0.4193  Corr: 0.8614  clm loss: 3.3713 total loss: 5.4259 bn loss: 0.4242 av loss: 0.7908 text loss: 0.4201
2026-01-17 11:47:42,995 - MMSA [INFO] - VAL-(msalm) >>  Has0_acc_2: 0.8338  Has0_F1_score: 0.8385  Non0_acc_2: 0.8644  Non0_F1_score: 0.8642  Mult_acc_5: 0.5714  Mult_acc_7: 0.5542  MAE: 0.5036  Corr: 0.7777  Loss: 0.5039 
2026-01-17 11:52:09,979 - MMSA [INFO] - TRAIN-(msalm) [3/6/3] >> loss: 0.388  Has0_acc_2: 0.8556  Has0_F1_score: 0.8600  Non0_acc_2: 0.9221  Non0_F1_score: 0.9220  Mult_acc_5: 0.6797  Mult_acc_7: 0.6540  MAE: 0.3881  Corr: 0.8800  clm loss: 3.3194 total loss: 5.2655 bn loss: 0.3896 av loss: 0.7877 text loss: 0.3809
2026-01-17 11:52:18,850 - MMSA [INFO] - VAL-(msalm) >>  Has0_acc_2: 0.8129  Has0_F1_score: 0.8207  Non0_acc_2: 0.8623  Non0_F1_score: 0.8633  Mult_acc_5: 0.5724  Mult_acc_7: 0.5617  MAE: 0.4935  Corr: 0.7821  Loss: 0.4930 
2026-01-17 11:56:50,954 - MMSA [INFO] - TRAIN-(msalm) [1/7/3] >> loss: 0.3537  Has0_acc_2: 0.8652  Has0_F1_score: 0.8693  Non0_acc_2: 0.9338  Non0_F1_score: 0.9338  Mult_acc_5: 0.7146  Mult_acc_7: 0.6885  MAE: 0.3539  Corr: 0.9005  clm loss: 3.2708 total loss: 5.111 bn loss: 0.359 av loss: 0.7859 text loss: 0.3415
2026-01-17 11:56:59,775 - MMSA [INFO] - VAL-(msalm) >>  Has0_acc_2: 0.8231  Has0_F1_score: 0.8276  Non0_acc_2: 0.8547  Non0_F1_score: 0.8538  Mult_acc_5: 0.5788  Mult_acc_7: 0.5639  MAE: 0.5002  Corr: 0.7742  Loss: 0.4996 
2026-01-17 12:01:26,778 - MMSA [INFO] - TRAIN-(msalm) [2/8/3] >> loss: 0.3248  Has0_acc_2: 0.8688  Has0_F1_score: 0.8730  Non0_acc_2: 0.9445  Non0_F1_score: 0.9445  Mult_acc_5: 0.7344  Mult_acc_7: 0.7074  MAE: 0.3250  Corr: 0.9166  clm loss: 3.2296 total loss: 4.9773 bn loss: 0.3286 av loss: 0.7848 text loss: 0.3094
2026-01-17 12:01:35,629 - MMSA [INFO] - VAL-(msalm) >>  Has0_acc_2: 0.8161  Has0_F1_score: 0.8228  Non0_acc_2: 0.8526  Non0_F1_score: 0.8533  Mult_acc_5: 0.5676  Mult_acc_7: 0.5569  MAE: 0.5033  Corr: 0.7674  Loss: 0.5015 
2026-01-17 12:06:02,727 - MMSA [INFO] - TRAIN-(msalm) [3/9/3] >> loss: 0.3085  Has0_acc_2: 0.8644  Has0_F1_score: 0.8690  Non0_acc_2: 0.9457  Non0_F1_score: 0.9457  Mult_acc_5: 0.7474  Mult_acc_7: 0.7223  MAE: 0.3085  Corr: 0.9269  clm loss: 3.1885 total loss: 4.8714 bn loss: 0.3063 av loss: 0.7835 text loss: 0.2846
2026-01-17 12:06:11,573 - MMSA [INFO] - VAL-(msalm) >>  Has0_acc_2: 0.8268  Has0_F1_score: 0.8321  Non0_acc_2: 0.8547  Non0_F1_score: 0.8549  Mult_acc_5: 0.5703  Mult_acc_7: 0.5553  MAE: 0.5108  Corr: 0.7689  Loss: 0.5107 
2026-01-17 12:10:38,877 - MMSA [INFO] - TRAIN-(msalm) [4/10/3] >> loss: 0.2948  Has0_acc_2: 0.8697  Has0_F1_score: 0.8741  Non0_acc_2: 0.9517  Non0_F1_score: 0.9517  Mult_acc_5: 0.7618  Mult_acc_7: 0.7360  MAE: 0.2947  Corr: 0.9316  clm loss: 3.165 total loss: 4.801 bn loss: 0.2885 av loss: 0.782 text loss: 0.2707
2026-01-17 12:10:47,791 - MMSA [INFO] - VAL-(msalm) >>  Has0_acc_2: 0.8407  Has0_F1_score: 0.8436  Non0_acc_2: 0.8630  Non0_F1_score: 0.8618  Mult_acc_5: 0.5692  Mult_acc_7: 0.5537  MAE: 0.5080  Corr: 0.7700  Loss: 0.5073 
2026-01-17 12:15:14,997 - MMSA [INFO] - TRAIN-(msalm) [5/11/3] >> loss: 0.2729  Has0_acc_2: 0.8766  Has0_F1_score: 0.8809  Non0_acc_2: 0.9587  Non0_F1_score: 0.9587  Mult_acc_5: 0.7809  Mult_acc_7: 0.7553  MAE: 0.2730  Corr: 0.9426  clm loss: 3.1169 total loss: 4.6783 bn loss: 0.2623 av loss: 0.7825 text loss: 0.2437
2026-01-17 12:15:23,874 - MMSA [INFO] - VAL-(msalm) >>  Has0_acc_2: 0.8215  Has0_F1_score: 0.8276  Non0_acc_2: 0.8540  Non0_F1_score: 0.8546  Mult_acc_5: 0.5719  Mult_acc_7: 0.5596  MAE: 0.4997  Corr: 0.7717  Loss: 0.4989 
2026-01-17 12:19:50,992 - MMSA [INFO] - TRAIN-(msalm) [6/12/3] >> loss: 0.2684  Has0_acc_2: 0.8747  Has0_F1_score: 0.8791  Non0_acc_2: 0.9625  Non0_F1_score: 0.9625  Mult_acc_5: 0.7843  Mult_acc_7: 0.7600  MAE: 0.2685  Corr: 0.9437  clm loss: 3.0917 total loss: 4.6252 bn loss: 0.2511 av loss: 0.7805 text loss: 0.2335
2026-01-17 12:19:59,840 - MMSA [INFO] - VAL-(msalm) >>  Has0_acc_2: 0.8049  Has0_F1_score: 0.8132  Non0_acc_2: 0.8477  Non0_F1_score: 0.8492  Mult_acc_5: 0.5746  Mult_acc_7: 0.5607  MAE: 0.4998  Corr: 0.7700  Loss: 0.5003 
2026-01-17 12:24:26,929 - MMSA [INFO] - TRAIN-(msalm) [7/13/3] >> loss: 0.2486  Has0_acc_2: 0.8758  Has0_F1_score: 0.8801  Non0_acc_2: 0.9661  Non0_F1_score: 0.9661  Mult_acc_5: 0.8064  Mult_acc_7: 0.7826  MAE: 0.2484  Corr: 0.9514  clm loss: 3.0656 total loss: 4.5476 bn loss: 0.2347 av loss: 0.78 text loss: 0.2188
2026-01-17 12:24:35,776 - MMSA [INFO] - VAL-(msalm) >>  Has0_acc_2: 0.8151  Has0_F1_score: 0.8219  Non0_acc_2: 0.8561  Non0_F1_score: 0.8566  Mult_acc_5: 0.5746  Mult_acc_7: 0.5601  MAE: 0.4988  Corr: 0.7714  Loss: 0.4994 
2026-01-17 12:29:03,011 - MMSA [INFO] - TRAIN-(msalm) [8/14/3] >> loss: 0.2487  Has0_acc_2: 0.8762  Has0_F1_score: 0.8806  Non0_acc_2: 0.9661  Non0_F1_score: 0.9662  Mult_acc_5: 0.8053  Mult_acc_7: 0.7791  MAE: 0.2481  Corr: 0.9530  clm loss: 3.0439 total loss: 4.5055 bn loss: 0.223 av loss: 0.78 text loss: 0.21
2026-01-17 12:29:11,896 - MMSA [INFO] - VAL-(msalm) >>  Has0_acc_2: 0.8215  Has0_F1_score: 0.8276  Non0_acc_2: 0.8547  Non0_F1_score: 0.8552  Mult_acc_5: 0.5703  Mult_acc_7: 0.5569  MAE: 0.4975  Corr: 0.7719  Loss: 0.4964 
2026-01-17 12:33:39,306 - MMSA [INFO] - TRAIN-(msalm) [9/15/3] >> loss: 0.2446  Has0_acc_2: 0.8765  Has0_F1_score: 0.8809  Non0_acc_2: 0.9675  Non0_F1_score: 0.9676  Mult_acc_5: 0.8088  Mult_acc_7: 0.7859  MAE: 0.2446  Corr: 0.9523  clm loss: 3.0418 total loss: 4.4888 bn loss: 0.218 av loss: 0.7786 text loss: 0.2059
2026-01-17 12:33:48,166 - MMSA [INFO] - VAL-(msalm) >>  Has0_acc_2: 0.8348  Has0_F1_score: 0.8392  Non0_acc_2: 0.8595  Non0_F1_score: 0.8593  Mult_acc_5: 0.5703  Mult_acc_7: 0.5575  MAE: 0.4978  Corr: 0.7719  Loss: 0.4970 
2026-01-17 12:38:15,116 - MMSA [INFO] - TRAIN-(msalm) [10/16/3] >> loss: 0.2415  Has0_acc_2: 0.8799  Has0_F1_score: 0.8841  Non0_acc_2: 0.9709  Non0_F1_score: 0.9709  Mult_acc_5: 0.8164  Mult_acc_7: 0.7902  MAE: 0.2415  Corr: 0.9547  clm loss: 3.0211 total loss: 4.4453 bn loss: 0.2079 av loss: 0.7779 text loss: 0.197
2026-01-17 12:38:24,283 - MMSA [INFO] - VAL-(msalm) >>  Has0_acc_2: 0.8055  Has0_F1_score: 0.8136  Non0_acc_2: 0.8505  Non0_F1_score: 0.8517  Mult_acc_5: 0.5708  Mult_acc_7: 0.5569  MAE: 0.5002  Corr: 0.7716  Loss: 0.5008 
2026-01-17 12:38:45,704 - MMSA [INFO] - TEST-(msalm) >>  Has0_acc_2: 0.8032  Has0_F1_score: 0.8106  Non0_acc_2: 0.8605  Non0_F1_score: 0.8614  Mult_acc_5: 0.5785  Mult_acc_7: 0.5583  MAE: 0.5114  Corr: 0.7969  Loss: 0.5110 
2026-01-17 12:38:48,068 - MMSA [INFO] - Result for seed 1992: {'Has0_acc_2': 0.8032, 'Has0_F1_score': 0.8106, 'Non0_acc_2': 0.8605, 'Non0_F1_score': 0.8614, 'Mult_acc_5': 0.5785, 'Mult_acc_7': 0.5583, 'MAE': 0.5114, 'Corr': 0.7969, 'Loss': 0.511, 'seed': 1992}
2026-01-17 12:38:48,069 - MMSA [INFO] - ------------------------------ Running with seed 1993 [4/5] ------------------------------
2026-01-17 12:50:31,695 - MMSA [INFO] - The model has 914777996 trainable parameters
2026-01-17 12:54:58,823 - MMSA [INFO] - TRAIN-(msalm) [1/1/4] >> loss: 1.0225  Has0_acc_2: 0.4519  Has0_F1_score: 0.4202  Non0_acc_2: 0.5356  Non0_F1_score: 0.4978  Mult_acc_5: 0.3177  Mult_acc_7: 0.3003  MAE: 1.0230  Corr: 0.4806  clm loss: 4.1081 total loss: 7.6295 bn loss: 0.7946 av loss: 0.8711 text loss: 0.8331
2026-01-17 12:55:07,661 - MMSA [INFO] - VAL-(msalm) >>  Has0_acc_2: 0.6248  Has0_F1_score: 0.6389  Non0_acc_2: 0.7149  Non0_F1_score: 0.7177  Mult_acc_5: 0.4067  Mult_acc_7: 0.3811  MAE: 0.7987  Corr: 0.6762  Loss: 0.8001 
2026-01-17 12:59:39,079 - MMSA [INFO] - TRAIN-(msalm) [1/2/4] >> loss: 0.6749  Has0_acc_2: 0.6817  Has0_F1_score: 0.6950  Non0_acc_2: 0.7683  Non0_F1_score: 0.7719  Mult_acc_5: 0.4852  Mult_acc_7: 0.4605  MAE: 0.6753  Corr: 0.7265  clm loss: 3.6327 total loss: 6.2761 bn loss: 0.5569 av loss: 0.8049 text loss: 0.6067
2026-01-17 12:59:47,854 - MMSA [INFO] - VAL-(msalm) >>  Has0_acc_2: 0.7814  Has0_F1_score: 0.7925  Non0_acc_2: 0.8408  Non0_F1_score: 0.8433  Mult_acc_5: 0.5644  Mult_acc_7: 0.5489  MAE: 0.5255  Corr: 0.7614  Loss: 0.5252 
2026-01-17 13:04:20,972 - MMSA [INFO] - TRAIN-(msalm) [1/3/4] >> loss: 0.5181  Has0_acc_2: 0.8042  Has0_F1_score: 0.8117  Non0_acc_2: 0.8634  Non0_F1_score: 0.8645  Mult_acc_5: 0.5740  Mult_acc_7: 0.5515  MAE: 0.5172  Corr: 0.7952  clm loss: 3.5032 total loss: 5.8388 bn loss: 0.4978 av loss: 0.7963 text loss: 0.5233
2026-01-17 13:04:30,177 - MMSA [INFO] - VAL-(msalm) >>  Has0_acc_2: 0.8087  Has0_F1_score: 0.8169  Non0_acc_2: 0.8595  Non0_F1_score: 0.8608  Mult_acc_5: 0.5794  Mult_acc_7: 0.5681  MAE: 0.4975  Corr: 0.7796  Loss: 0.4973 
2026-01-17 13:09:02,099 - MMSA [INFO] - TRAIN-(msalm) [1/4/4] >> loss: 0.4658  Has0_acc_2: 0.8354  Has0_F1_score: 0.8404  Non0_acc_2: 0.8902  Non0_F1_score: 0.8902  Mult_acc_5: 0.6190  Mult_acc_7: 0.5950  MAE: 0.4658  Corr: 0.8302  clm loss: 3.4307 total loss: 5.6169 bn loss: 0.461 av loss: 0.792 text loss: 0.4675
2026-01-17 13:09:11,124 - MMSA [INFO] - VAL-(msalm) >>  Has0_acc_2: 0.8252  Has0_F1_score: 0.8310  Non0_acc_2: 0.8651  Non0_F1_score: 0.8652  Mult_acc_5: 0.5746  Mult_acc_7: 0.5617  MAE: 0.4863  Corr: 0.7808  Loss: 0.4857 
2026-01-17 13:13:44,421 - MMSA [INFO] - TRAIN-(msalm) [1/5/4] >> loss: 0.4281  Has0_acc_2: 0.8432  Has0_F1_score: 0.8482  Non0_acc_2: 0.9040  Non0_F1_score: 0.9041  Mult_acc_5: 0.6440  Mult_acc_7: 0.6186  MAE: 0.4284  Corr: 0.8572  clm loss: 3.378 total loss: 5.4458 bn loss: 0.4279 av loss: 0.7907 text loss: 0.4211
2026-01-17 13:13:53,260 - MMSA [INFO] - VAL-(msalm) >>  Has0_acc_2: 0.8279  Has0_F1_score: 0.8322  Non0_acc_2: 0.8547  Non0_F1_score: 0.8541  Mult_acc_5: 0.5719  Mult_acc_7: 0.5580  MAE: 0.4957  Corr: 0.7755  Loss: 0.4963 
2026-01-17 13:18:20,347 - MMSA [INFO] - TRAIN-(msalm) [2/6/4] >> loss: 0.3892  Has0_acc_2: 0.8567  Has0_F1_score: 0.8611  Non0_acc_2: 0.9209  Non0_F1_score: 0.9209  Mult_acc_5: 0.6773  Mult_acc_7: 0.6526  MAE: 0.3890  Corr: 0.8811  clm loss: 3.3172 total loss: 5.2817 bn loss: 0.3997 av loss: 0.7903 text loss: 0.3853
2026-01-17 13:18:29,298 - MMSA [INFO] - VAL-(msalm) >>  Has0_acc_2: 0.8455  Has0_F1_score: 0.8479  Non0_acc_2: 0.8637  Non0_F1_score: 0.8624  Mult_acc_5: 0.5703  Mult_acc_7: 0.5559  MAE: 0.5011  Corr: 0.7727  Loss: 0.5018 
2026-01-17 13:22:56,407 - MMSA [INFO] - TRAIN-(msalm) [3/7/4] >> loss: 0.36  Has0_acc_2: 0.8625  Has0_F1_score: 0.8669  Non0_acc_2: 0.9305  Non0_F1_score: 0.9305  Mult_acc_5: 0.7089  Mult_acc_7: 0.6833  MAE: 0.3593  Corr: 0.8986  clm loss: 3.2635 total loss: 5.1218 bn loss: 0.366 av loss: 0.7867 text loss: 0.3456
2026-01-17 13:23:05,235 - MMSA [INFO] - VAL-(msalm) >>  Has0_acc_2: 0.8236  Has0_F1_score: 0.8294  Non0_acc_2: 0.8623  Non0_F1_score: 0.8624  Mult_acc_5: 0.5671  Mult_acc_7: 0.5489  MAE: 0.5095  Corr: 0.7682  Loss: 0.5081 
2026-01-17 13:27:32,515 - MMSA [INFO] - TRAIN-(msalm) [4/8/4] >> loss: 0.3358  Has0_acc_2: 0.8634  Has0_F1_score: 0.8680  Non0_acc_2: 0.9404  Non0_F1_score: 0.9404  Mult_acc_5: 0.7263  Mult_acc_7: 0.6990  MAE: 0.3353  Corr: 0.9120  clm loss: 3.2223 total loss: 4.9946 bn loss: 0.3363 av loss: 0.7856 text loss: 0.3147
2026-01-17 13:27:41,354 - MMSA [INFO] - VAL-(msalm) >>  Has0_acc_2: 0.8215  Has0_F1_score: 0.8278  Non0_acc_2: 0.8561  Non0_F1_score: 0.8568  Mult_acc_5: 0.5767  Mult_acc_7: 0.5617  MAE: 0.5019  Corr: 0.7690  Loss: 0.5014 
2026-01-17 13:32:08,488 - MMSA [INFO] - TRAIN-(msalm) [5/9/4] >> loss: 0.3101  Has0_acc_2: 0.8687  Has0_F1_score: 0.8730  Non0_acc_2: 0.9469  Non0_F1_score: 0.9469  Mult_acc_5: 0.7511  Mult_acc_7: 0.7247  MAE: 0.3098  Corr: 0.9229  clm loss: 3.1875 total loss: 4.8857 bn loss: 0.3136 av loss: 0.7835 text loss: 0.2911
2026-01-17 13:32:17,702 - MMSA [INFO] - VAL-(msalm) >>  Has0_acc_2: 0.8316  Has0_F1_score: 0.8370  Non0_acc_2: 0.8637  Non0_F1_score: 0.8640  Mult_acc_5: 0.5847  Mult_acc_7: 0.5746  MAE: 0.5006  Corr: 0.7711  Loss: 0.5011 
2026-01-17 13:36:44,820 - MMSA [INFO] - TRAIN-(msalm) [6/10/4] >> loss: 0.2951  Has0_acc_2: 0.8735  Has0_F1_score: 0.8777  Non0_acc_2: 0.9539  Non0_F1_score: 0.9539  Mult_acc_5: 0.7638  Mult_acc_7: 0.7380  MAE: 0.2945  Corr: 0.9324  clm loss: 3.1345 total loss: 4.7626 bn loss: 0.2859 av loss: 0.7824 text loss: 0.2646
2026-01-17 13:36:53,681 - MMSA [INFO] - VAL-(msalm) >>  Has0_acc_2: 0.8487  Has0_F1_score: 0.8518  Non0_acc_2: 0.8720  Non0_F1_score: 0.8713  Mult_acc_5: 0.5671  Mult_acc_7: 0.5494  MAE: 0.5142  Corr: 0.7692  Loss: 0.5135 
2026-01-17 13:41:21,051 - MMSA [INFO] - TRAIN-(msalm) [7/11/4] >> loss: 0.2816  Has0_acc_2: 0.8711  Has0_F1_score: 0.8756  Non0_acc_2: 0.9551  Non0_F1_score: 0.9552  Mult_acc_5: 0.7777  Mult_acc_7: 0.7544  MAE: 0.2812  Corr: 0.9383  clm loss: 3.1128 total loss: 4.6967 bn loss: 0.2697 av loss: 0.7811 text loss: 0.2515
2026-01-17 13:41:29,908 - MMSA [INFO] - VAL-(msalm) >>  Has0_acc_2: 0.8087  Has0_F1_score: 0.8167  Non0_acc_2: 0.8547  Non0_F1_score: 0.8559  Mult_acc_5: 0.5751  Mult_acc_7: 0.5580  MAE: 0.5026  Corr: 0.7726  Loss: 0.5011 
2026-01-17 13:45:57,055 - MMSA [INFO] - TRAIN-(msalm) [8/12/4] >> loss: 0.2674  Has0_acc_2: 0.8755  Has0_F1_score: 0.8797  Non0_acc_2: 0.9567  Non0_F1_score: 0.9568  Mult_acc_5: 0.7886  Mult_acc_7: 0.7615  MAE: 0.2667  Corr: 0.9441  clm loss: 3.0836 total loss: 4.6237 bn loss: 0.253 av loss: 0.7818 text loss: 0.2378
2026-01-17 13:46:06,313 - MMSA [INFO] - VAL-(msalm) >>  Has0_acc_2: 0.8087  Has0_F1_score: 0.8168  Non0_acc_2: 0.8540  Non0_F1_score: 0.8554  Mult_acc_5: 0.5703  Mult_acc_7: 0.5548  MAE: 0.5068  Corr: 0.7712  Loss: 0.5101 
2026-01-17 13:50:33,373 - MMSA [INFO] - TRAIN-(msalm) [9/13/4] >> loss: 0.2622  Has0_acc_2: 0.8731  Has0_F1_score: 0.8776  Non0_acc_2: 0.9616  Non0_F1_score: 0.9616  Mult_acc_5: 0.7951  Mult_acc_7: 0.7707  MAE: 0.2615  Corr: 0.9464  clm loss: 3.0536 total loss: 4.5575 bn loss: 0.2405 av loss: 0.7806 text loss: 0.2206
2026-01-17 13:50:42,202 - MMSA [INFO] - VAL-(msalm) >>  Has0_acc_2: 0.8311  Has0_F1_score: 0.8362  Non0_acc_2: 0.8651  Non0_F1_score: 0.8650  Mult_acc_5: 0.5708  Mult_acc_7: 0.5548  MAE: 0.4998  Corr: 0.7686  Loss: 0.4980 
2026-01-17 13:55:09,457 - MMSA [INFO] - TRAIN-(msalm) [10/14/4] >> loss: 0.2491  Has0_acc_2: 0.8787  Has0_F1_score: 0.8828  Non0_acc_2: 0.9642  Non0_F1_score: 0.9642  Mult_acc_5: 0.8079  Mult_acc_7: 0.7840  MAE: 0.2491  Corr: 0.9517  clm loss: 3.0245 total loss: 4.4913 bn loss: 0.2256 av loss: 0.7797 text loss: 0.2125
2026-01-17 13:55:18,346 - MMSA [INFO] - VAL-(msalm) >>  Has0_acc_2: 0.8247  Has0_F1_score: 0.8307  Non0_acc_2: 0.8623  Non0_F1_score: 0.8627  Mult_acc_5: 0.5708  Mult_acc_7: 0.5542  MAE: 0.5015  Corr: 0.7700  Loss: 0.5012 
2026-01-17 13:55:39,936 - MMSA [INFO] - TEST-(msalm) >>  Has0_acc_2: 0.8242  Has0_F1_score: 0.8290  Non0_acc_2: 0.8671  Non0_F1_score: 0.8669  Mult_acc_5: 0.5754  Mult_acc_7: 0.5553  MAE: 0.5088  Corr: 0.8009  Loss: 0.5083 
2026-01-17 13:55:42,278 - MMSA [INFO] - Result for seed 1993: {'Has0_acc_2': 0.8242, 'Has0_F1_score': 0.829, 'Non0_acc_2': 0.8671, 'Non0_F1_score': 0.8669, 'Mult_acc_5': 0.5754, 'Mult_acc_7': 0.5553, 'MAE': 0.5088, 'Corr': 0.8009, 'Loss': 0.5083, 'seed': 1993}
2026-01-17 13:55:42,280 - MMSA [INFO] - ------------------------------ Running with seed 1994 [5/5] ------------------------------
2026-01-17 14:07:27,201 - MMSA [INFO] - The model has 914777996 trainable parameters
2026-01-17 14:11:54,245 - MMSA [INFO] - TRAIN-(msalm) [1/1/5] >> loss: 0.8363  Has0_acc_2: 0.5571  Has0_F1_score: 0.5655  Non0_acc_2: 0.6222  Non0_F1_score: 0.6195  Mult_acc_5: 0.4029  Mult_acc_7: 0.3956  MAE: 0.8366  Corr: 0.4641  clm loss: 4.1113 total loss: 7.3964 bn loss: 0.8087 av loss: 0.8185 text loss: 0.8216
2026-01-17 14:12:03,089 - MMSA [INFO] - VAL-(msalm) >>  Has0_acc_2: 0.7547  Has0_F1_score: 0.7679  Non0_acc_2: 0.8150  Non0_F1_score: 0.8187  Mult_acc_5: 0.5179  Mult_acc_7: 0.5083  MAE: 0.5909  Corr: 0.7042  Loss: 0.5907 
2026-01-17 14:16:35,029 - MMSA [INFO] - TRAIN-(msalm) [1/2/5] >> loss: 0.5768  Has0_acc_2: 0.7742  Has0_F1_score: 0.7834  Non0_acc_2: 0.8298  Non0_F1_score: 0.8316  Mult_acc_5: 0.5317  Mult_acc_7: 0.5110  MAE: 0.5772  Corr: 0.7426  clm loss: 3.6312 total loss: 6.1731 bn loss: 0.561 av loss: 0.7988 text loss: 0.6053
2026-01-17 14:16:43,814 - MMSA [INFO] - VAL-(msalm) >>  Has0_acc_2: 0.8274  Has0_F1_score: 0.8330  Non0_acc_2: 0.8686  Non0_F1_score: 0.8686  Mult_acc_5: 0.5687  Mult_acc_7: 0.5559  MAE: 0.4910  Corr: 0.7769  Loss: 0.4890 
2026-01-17 14:21:15,304 - MMSA [INFO] - TRAIN-(msalm) [1/3/5] >> loss: 0.5  Has0_acc_2: 0.8261  Has0_F1_score: 0.8311  Non0_acc_2: 0.8756  Non0_F1_score: 0.8755  Mult_acc_5: 0.5864  Mult_acc_7: 0.5645  MAE: 0.5000  Corr: 0.8036  clm loss: 3.5013 total loss: 5.8131 bn loss: 0.4992 av loss: 0.7925 text loss: 0.5201
2026-01-17 14:21:24,730 - MMSA [INFO] - VAL-(msalm) >>  Has0_acc_2: 0.8359  Has0_F1_score: 0.8400  Non0_acc_2: 0.8679  Non0_F1_score: 0.8672  Mult_acc_5: 0.5815  Mult_acc_7: 0.5687  MAE: 0.4854  Corr: 0.7837  Loss: 0.4875 
2026-01-17 14:25:57,329 - MMSA [INFO] - TRAIN-(msalm) [1/4/5] >> loss: 0.4611  Has0_acc_2: 0.8365  Has0_F1_score: 0.8412  Non0_acc_2: 0.8882  Non0_F1_score: 0.8881  Mult_acc_5: 0.6188  Mult_acc_7: 0.5954  MAE: 0.4608  Corr: 0.8337  clm loss: 3.4269 total loss: 5.6131 bn loss: 0.4635 av loss: 0.7908 text loss: 0.4707
2026-01-17 14:26:06,245 - MMSA [INFO] - VAL-(msalm) >>  Has0_acc_2: 0.8370  Has0_F1_score: 0.8402  Non0_acc_2: 0.8630  Non0_F1_score: 0.8618  Mult_acc_5: 0.5665  Mult_acc_7: 0.5510  MAE: 0.4943  Corr: 0.7794  Loss: 0.4948 
2026-01-17 14:30:33,050 - MMSA [INFO] - TRAIN-(msalm) [2/5/5] >> loss: 0.4195  Has0_acc_2: 0.8469  Has0_F1_score: 0.8517  Non0_acc_2: 0.9064  Non0_F1_score: 0.9065  Mult_acc_5: 0.6554  Mult_acc_7: 0.6307  MAE: 0.4191  Corr: 0.8617  clm loss: 3.36 total loss: 5.4068 bn loss: 0.4213 av loss: 0.7899 text loss: 0.4161
2026-01-17 14:30:41,831 - MMSA [INFO] - VAL-(msalm) >>  Has0_acc_2: 0.7996  Has0_F1_score: 0.8091  Non0_acc_2: 0.8595  Non0_F1_score: 0.8612  Mult_acc_5: 0.5815  Mult_acc_7: 0.5676  MAE: 0.4953  Corr: 0.7784  Loss: 0.4962 
2026-01-17 14:35:08,998 - MMSA [INFO] - TRAIN-(msalm) [3/6/5] >> loss: 0.3826  Has0_acc_2: 0.8510  Has0_F1_score: 0.8558  Non0_acc_2: 0.9190  Non0_F1_score: 0.9189  Mult_acc_5: 0.6801  Mult_acc_7: 0.6572  MAE: 0.3826  Corr: 0.8846  clm loss: 3.3071 total loss: 5.2435 bn loss: 0.3925 av loss: 0.7863 text loss: 0.375
2026-01-17 14:35:17,770 - MMSA [INFO] - VAL-(msalm) >>  Has0_acc_2: 0.8113  Has0_F1_score: 0.8187  Non0_acc_2: 0.8533  Non0_F1_score: 0.8542  Mult_acc_5: 0.5735  Mult_acc_7: 0.5601  MAE: 0.5059  Corr: 0.7669  Loss: 0.5070 
2026-01-17 14:39:44,149 - MMSA [INFO] - TRAIN-(msalm) [4/7/5] >> loss: 0.3524  Has0_acc_2: 0.8629  Has0_F1_score: 0.8672  Non0_acc_2: 0.9318  Non0_F1_score: 0.9317  Mult_acc_5: 0.7105  Mult_acc_7: 0.6865  MAE: 0.3523  Corr: 0.9013  clm loss: 3.2641 total loss: 5.1064 bn loss: 0.362 av loss: 0.7872 text loss: 0.3407
2026-01-17 14:39:52,884 - MMSA [INFO] - VAL-(msalm) >>  Has0_acc_2: 0.8268  Has0_F1_score: 0.8318  Non0_acc_2: 0.8658  Non0_F1_score: 0.8652  Mult_acc_5: 0.5746  Mult_acc_7: 0.5596  MAE: 0.4940  Corr: 0.7776  Loss: 0.4935 
2026-01-17 14:44:19,338 - MMSA [INFO] - TRAIN-(msalm) [5/8/5] >> loss: 0.3236  Has0_acc_2: 0.8675  Has0_F1_score: 0.8718  Non0_acc_2: 0.9415  Non0_F1_score: 0.9415  Mult_acc_5: 0.7367  Mult_acc_7: 0.7110  MAE: 0.3230  Corr: 0.9178  clm loss: 3.2129 total loss: 4.9593 bn loss: 0.3303 av loss: 0.7854 text loss: 0.3071
2026-01-17 14:44:28,127 - MMSA [INFO] - VAL-(msalm) >>  Has0_acc_2: 0.8300  Has0_F1_score: 0.8350  Non0_acc_2: 0.8658  Non0_F1_score: 0.8655  Mult_acc_5: 0.5788  Mult_acc_7: 0.5644  MAE: 0.5050  Corr: 0.7744  Loss: 0.5043 
2026-01-17 14:48:54,821 - MMSA [INFO] - TRAIN-(msalm) [6/9/5] >> loss: 0.3034  Has0_acc_2: 0.8666  Has0_F1_score: 0.8711  Non0_acc_2: 0.9485  Non0_F1_score: 0.9485  Mult_acc_5: 0.7572  Mult_acc_7: 0.7318  MAE: 0.3026  Corr: 0.9279  clm loss: 3.1852 total loss: 4.8647 bn loss: 0.3083 av loss: 0.7832 text loss: 0.2846
2026-01-17 14:49:03,918 - MMSA [INFO] - VAL-(msalm) >>  Has0_acc_2: 0.8071  Has0_F1_score: 0.8151  Non0_acc_2: 0.8547  Non0_F1_score: 0.8558  Mult_acc_5: 0.5767  Mult_acc_7: 0.5644  MAE: 0.4998  Corr: 0.7766  Loss: 0.4986 
2026-01-17 14:53:30,550 - MMSA [INFO] - TRAIN-(msalm) [7/10/5] >> loss: 0.2946  Has0_acc_2: 0.8712  Has0_F1_score: 0.8755  Non0_acc_2: 0.9503  Non0_F1_score: 0.9502  Mult_acc_5: 0.7603  Mult_acc_7: 0.7317  MAE: 0.2947  Corr: 0.9327  clm loss: 3.1525 total loss: 4.7843 bn loss: 0.2884 av loss: 0.7821 text loss: 0.2667
2026-01-17 14:53:39,339 - MMSA [INFO] - VAL-(msalm) >>  Has0_acc_2: 0.8071  Has0_F1_score: 0.8147  Non0_acc_2: 0.8470  Non0_F1_score: 0.8481  Mult_acc_5: 0.5756  Mult_acc_7: 0.5628  MAE: 0.5043  Corr: 0.7731  Loss: 0.5057 
2026-01-17 14:58:06,033 - MMSA [INFO] - TRAIN-(msalm) [8/11/5] >> loss: 0.2798  Has0_acc_2: 0.8722  Has0_F1_score: 0.8765  Non0_acc_2: 0.9539  Non0_F1_score: 0.9539  Mult_acc_5: 0.7777  Mult_acc_7: 0.7512  MAE: 0.2795  Corr: 0.9387  clm loss: 3.1092 total loss: 4.6864 bn loss: 0.2697 av loss: 0.7812 text loss: 0.2465
2026-01-17 14:58:14,797 - MMSA [INFO] - VAL-(msalm) >>  Has0_acc_2: 0.8210  Has0_F1_score: 0.8260  Non0_acc_2: 0.8595  Non0_F1_score: 0.8588  Mult_acc_5: 0.5697  Mult_acc_7: 0.5564  MAE: 0.5016  Corr: 0.7765  Loss: 0.5007 
2026-01-17 15:02:41,359 - MMSA [INFO] - TRAIN-(msalm) [9/12/5] >> loss: 0.2653  Has0_acc_2: 0.8749  Has0_F1_score: 0.8791  Non0_acc_2: 0.9603  Non0_F1_score: 0.9603  Mult_acc_5: 0.7905  Mult_acc_7: 0.7656  MAE: 0.2648  Corr: 0.9450  clm loss: 3.0874 total loss: 4.6191 bn loss: 0.2545 av loss: 0.7818 text loss: 0.2301
2026-01-17 15:02:50,149 - MMSA [INFO] - VAL-(msalm) >>  Has0_acc_2: 0.8135  Has0_F1_score: 0.8203  Non0_acc_2: 0.8540  Non0_F1_score: 0.8545  Mult_acc_5: 0.5762  Mult_acc_7: 0.5617  MAE: 0.5007  Corr: 0.7731  Loss: 0.5013 
2026-01-17 15:07:16,678 - MMSA [INFO] - TRAIN-(msalm) [10/13/5] >> loss: 0.2522  Has0_acc_2: 0.8747  Has0_F1_score: 0.8791  Non0_acc_2: 0.9621  Non0_F1_score: 0.9621  Mult_acc_5: 0.8033  Mult_acc_7: 0.7783  MAE: 0.2522  Corr: 0.9503  clm loss: 3.0608 total loss: 4.5502 bn loss: 0.238 av loss: 0.7802 text loss: 0.2191
2026-01-17 15:07:25,943 - MMSA [INFO] - VAL-(msalm) >>  Has0_acc_2: 0.8204  Has0_F1_score: 0.8262  Non0_acc_2: 0.8588  Non0_F1_score: 0.8588  Mult_acc_5: 0.5714  Mult_acc_7: 0.5564  MAE: 0.5039  Corr: 0.7708  Loss: 0.5042 
2026-01-17 15:07:47,117 - MMSA [INFO] - TEST-(msalm) >>  Has0_acc_2: 0.8420  Has0_F1_score: 0.8452  Non0_acc_2: 0.8704  Non0_F1_score: 0.8699  Mult_acc_5: 0.5739  Mult_acc_7: 0.5555  MAE: 0.5011  Corr: 0.8009  Loss: 0.5009 
2026-01-17 15:07:49,440 - MMSA [INFO] - Result for seed 1994: {'Has0_acc_2': 0.842, 'Has0_F1_score': 0.8452, 'Non0_acc_2': 0.8704, 'Non0_F1_score': 0.8699, 'Mult_acc_5': 0.5739, 'Mult_acc_7': 0.5555, 'MAE': 0.5011, 'Corr': 0.8009, 'Loss': 0.5009, 'seed': 1994}
2026-01-17 15:07:49,510 - MMSA [INFO] - Results saved to MMSA/results/mosei/nf10_k2_0002/thesis-mosei-nf10-k2-02/normal/mosei_avg.csv.
