2026-01-16 15:46:28,710 - MMSA [INFO] - ======================================== Program Start ========================================
2026-01-16 15:46:28,778 - MMSA [INFO] - Running with args:
2026-01-16 15:46:28,778 - MMSA [INFO] - {'model_name': 'msalm', 'dataset_name': 'mosei', 'featurePath': '/leonardo_work/EUHPC_A04_051/alexfil/MSA-Datasets/CMU-MOSEI/Processed/unaligned_50.pkl', 'seq_lens': [50, 500, 375], 'feature_dims': [768, 74, 35], 'train_samples': 16326, 'num_classes': 3, 'language': 'en', 'KeyEval': 'Loss', 'missing_rate': [0.0, 0.0, 0.0], 'missing_seed': [1111, 1111, 1111], 'need_data_aligned': False, 'need_model_aligned': False, 'early_stop': 10, 'use_bert': False, 'use_bert_finetune': False, 'attn_mask': True, 'excludeZero': True, 'update_epochs': 8, 'use_augmentation': False, 'use_m3xup': False, 'hfPath': False, 'use_ulgm': False, 'update_labels_patience': 1, 'H': 3.0, 'del_model': True, 'max_token_len': 50, 'pad_token': '<|endoftext|>', 'lm': '/leonardo_work/EUHPC_A04_051/alexfil/gpt2-large', 'use_bf16': False, 'task_out': 1, 'use_clm': True, 'gamma': 1.0, 'l_bn': 1.0, 'l_av': 1.0, 'l_t': 1.0, 'warmup_epochs': 1, 'max_epochs': 20, 'beta_1': 0.9, 'beta_2': 0.95, 'use_lnorm': True, 'rescale': False, 'rescaler': 'sqrt', 'use_seqaug': True, 'n_bn_fusion': 12, 'modded_loss': True, 'embedding_attr_name': 'transformer.wte', 'decoder_layers_attr_name': 'transformer.h', 'mmgpt': {'type': 'gpt2', 'd_out': 64, 'combine': True, 'dropout': 0.1, 'mm_layer': [7, 14, 21, 28, 35], 'top_k': 2, 'layer_dropout': 0.0, 'dense': True, 'tie_ffn': True, 'n_embd': 1280, 'bias': True, 'kv_dim': 30, 'n_head': 16, 'd_mm': 1280, 'gating': 'sigmoid', 'init_gate': [0.0, 0.0, 0.0, 0.0, 0.0, 0.0, 0.0, 0.0, 0.0, 0.0], 'use_softperm': True, 'p_perm': 0.3, 'p_apply': 0.25, 'use_lora': False, 'lora': {'lora_alpha': 128, 'r': 64, 'lora_dropout': 0.05}}, 'av_enc': {'finetune': True, 'from_pretrained': True, 'path_to_pretrained': '/leonardo_work/EUHPC_A04_051/alexfil/DeepMLF-Reprod/checkpoints/bienc-mosei-1990/bienc-mosei-1990.pth', 'feature_dims': [768, 74, 35], 'd_enc': 30, 'n_embd': 30, 'n_head': 6, 'nlevels': 3, 'd_enc_out': 30, 'maxlen': 50, 'p_mask': 0.15, 'enc_attn_dropout': 0.1, 'enc_res_dropout': 0.1, 'enc_dropout': 0.1, 'use_softperm': True, 'p_perm': 0.2, 'mask_perm_ratio': 0.5, 'tf_fusion': False, 'use_bn': False, 'use_ln': False}, 'gpt': {'vocab_size': 50257, 'block_size': 1024, 'bias': True, 'n_embd': 1024, 'n_layer': 24, 'n_head': 16, 'dropout': 0.0}, 'batch_size': 32, 'grad_clip': 5.0, 'patience': 10, 'weight_decay_mmgpt': 0.1, 'weight_decay_av': 0.1, 'learning_rate_av': 0.0002, 'learning_rate_mmgpt': 0.0002, 'device': device(type='cuda', index=0), 'train_mode': 'regression', 'custom_feature': None, 'feature_T': '', 'feature_A': '', 'feature_V': ''}
2026-01-16 15:46:28,778 - MMSA [INFO] - Seeds: [1990, 1991, 1992, 1993, 1994]
2026-01-16 15:46:28,779 - MMSA [INFO] - ------------------------------ Running with seed 1990 [1/5] ------------------------------
2026-01-16 15:58:27,184 - MMSA [INFO] - The model has 914780556 trainable parameters
2026-01-16 16:02:59,594 - MMSA [INFO] - TRAIN-(msalm) [1/1/1] >> loss: 0.7403  Has0_acc_2: 0.7114  Has0_F1_score: 0.7179  Non0_acc_2: 0.7280  Non0_F1_score: 0.7256  Mult_acc_5: 0.4380  Mult_acc_7: 0.4336  MAE: 0.7408  Corr: 0.4972  clm loss: 4.1403 total loss: 7.371 bn loss: 0.8005 av loss: 0.8498 text loss: 0.8401
2026-01-16 16:03:08,567 - MMSA [INFO] - VAL-(msalm) >>  Has0_acc_2: 0.8038  Has0_F1_score: 0.8084  Non0_acc_2: 0.8310  Non0_F1_score: 0.8295  Mult_acc_5: 0.5158  Mult_acc_7: 0.5035  MAE: 0.5719  Corr: 0.7018  Loss: 0.5719 
2026-01-16 16:07:43,905 - MMSA [INFO] - TRAIN-(msalm) [1/2/1] >> loss: 0.5691  Has0_acc_2: 0.7981  Has0_F1_score: 0.8040  Non0_acc_2: 0.8403  Non0_F1_score: 0.8402  Mult_acc_5: 0.5314  Mult_acc_7: 0.5146  MAE: 0.5689  Corr: 0.7436  clm loss: 3.6494 total loss: 6.2008 bn loss: 0.5703 av loss: 0.7987 text loss: 0.6132
2026-01-16 16:07:52,531 - MMSA [INFO] - VAL-(msalm) >>  Has0_acc_2: 0.8343  Has0_F1_score: 0.8378  Non0_acc_2: 0.8630  Non0_F1_score: 0.8618  Mult_acc_5: 0.5735  Mult_acc_7: 0.5612  MAE: 0.4976  Corr: 0.7714  Loss: 0.4968 
2026-01-16 16:12:28,615 - MMSA [INFO] - TRAIN-(msalm) [1/3/1] >> loss: 0.5017  Has0_acc_2: 0.8263  Has0_F1_score: 0.8311  Non0_acc_2: 0.8737  Non0_F1_score: 0.8735  Mult_acc_5: 0.5873  Mult_acc_7: 0.5662  MAE: 0.5019  Corr: 0.7987  clm loss: 3.5177 total loss: 5.8465 bn loss: 0.5044 av loss: 0.7941 text loss: 0.5286
2026-01-16 16:12:37,194 - MMSA [INFO] - VAL-(msalm) >>  Has0_acc_2: 0.8076  Has0_F1_score: 0.8157  Non0_acc_2: 0.8540  Non0_F1_score: 0.8552  Mult_acc_5: 0.5783  Mult_acc_7: 0.5623  MAE: 0.4951  Corr: 0.7711  Loss: 0.4965 
2026-01-16 16:17:13,212 - MMSA [INFO] - TRAIN-(msalm) [1/4/1] >> loss: 0.4612  Has0_acc_2: 0.8355  Has0_F1_score: 0.8402  Non0_acc_2: 0.8893  Non0_F1_score: 0.8890  Mult_acc_5: 0.6237  Mult_acc_7: 0.6000  MAE: 0.4610  Corr: 0.8312  clm loss: 3.4442 total loss: 5.6309 bn loss: 0.4626 av loss: 0.7934 text loss: 0.4696
2026-01-16 16:17:21,809 - MMSA [INFO] - VAL-(msalm) >>  Has0_acc_2: 0.8236  Has0_F1_score: 0.8294  Non0_acc_2: 0.8567  Non0_F1_score: 0.8571  Mult_acc_5: 0.5858  Mult_acc_7: 0.5708  MAE: 0.4838  Corr: 0.7866  Loss: 0.4824 
2026-01-16 16:21:57,593 - MMSA [INFO] - TRAIN-(msalm) [1/5/1] >> loss: 0.4204  Has0_acc_2: 0.8471  Has0_F1_score: 0.8515  Non0_acc_2: 0.9072  Non0_F1_score: 0.9070  Mult_acc_5: 0.6501  Mult_acc_7: 0.6242  MAE: 0.4203  Corr: 0.8600  clm loss: 3.3654 total loss: 5.4224 bn loss: 0.4278 av loss: 0.7886 text loss: 0.4203
2026-01-16 16:22:06,059 - MMSA [INFO] - VAL-(msalm) >>  Has0_acc_2: 0.7980  Has0_F1_score: 0.8072  Non0_acc_2: 0.8547  Non0_F1_score: 0.8562  Mult_acc_5: 0.5762  Mult_acc_7: 0.5617  MAE: 0.4931  Corr: 0.7728  Loss: 0.4920 
2026-01-16 16:26:37,071 - MMSA [INFO] - TRAIN-(msalm) [2/6/1] >> loss: 0.3838  Has0_acc_2: 0.8517  Has0_F1_score: 0.8564  Non0_acc_2: 0.9201  Non0_F1_score: 0.9201  Mult_acc_5: 0.6828  Mult_acc_7: 0.6579  MAE: 0.3842  Corr: 0.8826  clm loss: 3.3174 total loss: 5.2593 bn loss: 0.3894 av loss: 0.7879 text loss: 0.3808
2026-01-16 16:26:45,624 - MMSA [INFO] - VAL-(msalm) >>  Has0_acc_2: 0.8247  Has0_F1_score: 0.8303  Non0_acc_2: 0.8630  Non0_F1_score: 0.8630  Mult_acc_5: 0.5612  Mult_acc_7: 0.5468  MAE: 0.4974  Corr: 0.7733  Loss: 0.4971 
2026-01-16 16:31:16,515 - MMSA [INFO] - TRAIN-(msalm) [3/7/1] >> loss: 0.3535  Has0_acc_2: 0.8638  Has0_F1_score: 0.8680  Non0_acc_2: 0.9323  Non0_F1_score: 0.9322  Mult_acc_5: 0.7074  Mult_acc_7: 0.6806  MAE: 0.3533  Corr: 0.9016  clm loss: 3.2746 total loss: 5.1165 bn loss: 0.3601 av loss: 0.7862 text loss: 0.3421
2026-01-16 16:31:24,979 - MMSA [INFO] - VAL-(msalm) >>  Has0_acc_2: 0.8199  Has0_F1_score: 0.8261  Non0_acc_2: 0.8526  Non0_F1_score: 0.8532  Mult_acc_5: 0.5703  Mult_acc_7: 0.5537  MAE: 0.5024  Corr: 0.7764  Loss: 0.5028 
2026-01-16 16:35:55,767 - MMSA [INFO] - TRAIN-(msalm) [4/8/1] >> loss: 0.3313  Has0_acc_2: 0.8629  Has0_F1_score: 0.8674  Non0_acc_2: 0.9381  Non0_F1_score: 0.9381  Mult_acc_5: 0.7263  Mult_acc_7: 0.7012  MAE: 0.3314  Corr: 0.9145  clm loss: 3.2327 total loss: 4.9942 bn loss: 0.333 av loss: 0.7859 text loss: 0.3113
2026-01-16 16:36:04,518 - MMSA [INFO] - VAL-(msalm) >>  Has0_acc_2: 0.8375  Has0_F1_score: 0.8411  Non0_acc_2: 0.8630  Non0_F1_score: 0.8622  Mult_acc_5: 0.5735  Mult_acc_7: 0.5580  MAE: 0.4968  Corr: 0.7753  Loss: 0.4975 
2026-01-16 16:40:35,604 - MMSA [INFO] - TRAIN-(msalm) [5/9/1] >> loss: 0.3141  Has0_acc_2: 0.8698  Has0_F1_score: 0.8740  Non0_acc_2: 0.9466  Non0_F1_score: 0.9466  Mult_acc_5: 0.7437  Mult_acc_7: 0.7180  MAE: 0.3136  Corr: 0.9234  clm loss: 3.1926 total loss: 4.8909 bn loss: 0.3101 av loss: 0.7838 text loss: 0.2902
2026-01-16 16:40:44,166 - MMSA [INFO] - VAL-(msalm) >>  Has0_acc_2: 0.8439  Has0_F1_score: 0.8446  Non0_acc_2: 0.8574  Non0_F1_score: 0.8546  Mult_acc_5: 0.5591  Mult_acc_7: 0.5398  MAE: 0.5245  Corr: 0.7695  Loss: 0.5263 
2026-01-16 16:45:15,050 - MMSA [INFO] - TRAIN-(msalm) [6/10/1] >> loss: 0.293  Has0_acc_2: 0.8719  Has0_F1_score: 0.8762  Non0_acc_2: 0.9524  Non0_F1_score: 0.9524  Mult_acc_5: 0.7682  Mult_acc_7: 0.7427  MAE: 0.2926  Corr: 0.9322  clm loss: 3.1577 total loss: 4.7932 bn loss: 0.2904 av loss: 0.7826 text loss: 0.2695
2026-01-16 16:45:23,530 - MMSA [INFO] - VAL-(msalm) >>  Has0_acc_2: 0.8033  Has0_F1_score: 0.8114  Non0_acc_2: 0.8498  Non0_F1_score: 0.8508  Mult_acc_5: 0.5783  Mult_acc_7: 0.5617  MAE: 0.4941  Corr: 0.7758  Loss: 0.4948 
2026-01-16 16:49:54,391 - MMSA [INFO] - TRAIN-(msalm) [7/11/1] >> loss: 0.2779  Has0_acc_2: 0.8676  Has0_F1_score: 0.8722  Non0_acc_2: 0.9542  Non0_F1_score: 0.9542  Mult_acc_5: 0.7814  Mult_acc_7: 0.7554  MAE: 0.2776  Corr: 0.9383  clm loss: 3.126 total loss: 4.7068 bn loss: 0.2695 av loss: 0.7822 text loss: 0.2513
2026-01-16 16:50:03,221 - MMSA [INFO] - VAL-(msalm) >>  Has0_acc_2: 0.8167  Has0_F1_score: 0.8238  Non0_acc_2: 0.8602  Non0_F1_score: 0.8611  Mult_acc_5: 0.5756  Mult_acc_7: 0.5623  MAE: 0.4996  Corr: 0.7749  Loss: 0.4996 
2026-01-16 16:54:36,732 - MMSA [INFO] - TRAIN-(msalm) [8/12/1] >> loss: 0.272  Has0_acc_2: 0.8731  Has0_F1_score: 0.8774  Non0_acc_2: 0.9566  Non0_F1_score: 0.9566  Mult_acc_5: 0.7828  Mult_acc_7: 0.7564  MAE: 0.2722  Corr: 0.9422  clm loss: 3.0957 total loss: 4.6338 bn loss: 0.2506 av loss: 0.7809 text loss: 0.2346
2026-01-16 16:54:45,338 - MMSA [INFO] - VAL-(msalm) >>  Has0_acc_2: 0.8263  Has0_F1_score: 0.8318  Non0_acc_2: 0.8616  Non0_F1_score: 0.8617  Mult_acc_5: 0.5730  Mult_acc_7: 0.5575  MAE: 0.5074  Corr: 0.7707  Loss: 0.5073 
2026-01-16 16:59:16,248 - MMSA [INFO] - TRAIN-(msalm) [9/13/1] >> loss: 0.2562  Has0_acc_2: 0.8750  Has0_F1_score: 0.8794  Non0_acc_2: 0.9638  Non0_F1_score: 0.9638  Mult_acc_5: 0.7999  Mult_acc_7: 0.7736  MAE: 0.2561  Corr: 0.9493  clm loss: 3.067 total loss: 4.5629 bn loss: 0.2379 av loss: 0.7803 text loss: 0.2216
2026-01-16 16:59:24,676 - MMSA [INFO] - VAL-(msalm) >>  Has0_acc_2: 0.8247  Has0_F1_score: 0.8311  Non0_acc_2: 0.8637  Non0_F1_score: 0.8644  Mult_acc_5: 0.5724  Mult_acc_7: 0.5591  MAE: 0.4965  Corr: 0.7741  Loss: 0.4966 
2026-01-16 17:03:55,663 - MMSA [INFO] - TRAIN-(msalm) [10/14/1] >> loss: 0.2515  Has0_acc_2: 0.8818  Has0_F1_score: 0.8858  Non0_acc_2: 0.9675  Non0_F1_score: 0.9675  Mult_acc_5: 0.8056  Mult_acc_7: 0.7805  MAE: 0.2501  Corr: 0.9511  clm loss: 3.0432 total loss: 4.5133 bn loss: 0.226 av loss: 0.7802 text loss: 0.2123
2026-01-16 17:04:04,140 - MMSA [INFO] - VAL-(msalm) >>  Has0_acc_2: 0.8514  Has0_F1_score: 0.8537  Non0_acc_2: 0.8713  Non0_F1_score: 0.8701  Mult_acc_5: 0.5708  Mult_acc_7: 0.5548  MAE: 0.5149  Corr: 0.7745  Loss: 0.5140 
2026-01-16 17:04:25,106 - MMSA [INFO] - TEST-(msalm) >>  Has0_acc_2: 0.8143  Has0_F1_score: 0.8199  Non0_acc_2: 0.8597  Non0_F1_score: 0.8597  Mult_acc_5: 0.5750  Mult_acc_7: 0.5553  MAE: 0.5033  Corr: 0.8013  Loss: 0.5031 
2026-01-16 17:04:27,208 - MMSA [INFO] - Result for seed 1990: {'Has0_acc_2': 0.8143, 'Has0_F1_score': 0.8199, 'Non0_acc_2': 0.8597, 'Non0_F1_score': 0.8597, 'Mult_acc_5': 0.575, 'Mult_acc_7': 0.5553, 'MAE': 0.5033, 'Corr': 0.8013, 'Loss': 0.5031, 'seed': 1990}
2026-01-16 17:04:27,210 - MMSA [INFO] - ------------------------------ Running with seed 1991 [2/5] ------------------------------
2026-01-16 17:16:19,558 - MMSA [INFO] - The model has 914780556 trainable parameters
2026-01-16 17:20:50,838 - MMSA [INFO] - TRAIN-(msalm) [1/1/2] >> loss: 0.7564  Has0_acc_2: 0.7234  Has0_F1_score: 0.7216  Non0_acc_2: 0.7229  Non0_F1_score: 0.7128  Mult_acc_5: 0.4280  Mult_acc_7: 0.4243  MAE: 0.7563  Corr: 0.4731  clm loss: 4.1462 total loss: 7.4338 bn loss: 0.8302 av loss: 0.8351 text loss: 0.8659
2026-01-16 17:20:59,669 - MMSA [INFO] - VAL-(msalm) >>  Has0_acc_2: 0.8044  Has0_F1_score: 0.8108  Non0_acc_2: 0.8345  Non0_F1_score: 0.8347  Mult_acc_5: 0.5094  Mult_acc_7: 0.4939  MAE: 0.5795  Corr: 0.6955  Loss: 0.5798 
2026-01-16 17:25:35,294 - MMSA [INFO] - TRAIN-(msalm) [1/2/2] >> loss: 0.5677  Has0_acc_2: 0.8003  Has0_F1_score: 0.8058  Non0_acc_2: 0.8410  Non0_F1_score: 0.8406  Mult_acc_5: 0.5355  Mult_acc_7: 0.5172  MAE: 0.5676  Corr: 0.7409  clm loss: 3.653 total loss: 6.203 bn loss: 0.5702 av loss: 0.8008 text loss: 0.6113
2026-01-16 17:25:44,045 - MMSA [INFO] - VAL-(msalm) >>  Has0_acc_2: 0.8284  Has0_F1_score: 0.8339  Non0_acc_2: 0.8720  Non0_F1_score: 0.8718  Mult_acc_5: 0.5836  Mult_acc_7: 0.5703  MAE: 0.4952  Corr: 0.7632  Loss: 0.4953 
2026-01-16 17:30:19,799 - MMSA [INFO] - TRAIN-(msalm) [1/3/2] >> loss: 0.5002  Has0_acc_2: 0.8288  Has0_F1_score: 0.8336  Non0_acc_2: 0.8760  Non0_F1_score: 0.8758  Mult_acc_5: 0.5894  Mult_acc_7: 0.5677  MAE: 0.5002  Corr: 0.8002  clm loss: 3.5148 total loss: 5.8471 bn loss: 0.5093 av loss: 0.7946 text loss: 0.5282
2026-01-16 17:30:29,051 - MMSA [INFO] - VAL-(msalm) >>  Has0_acc_2: 0.8204  Has0_F1_score: 0.8267  Non0_acc_2: 0.8602  Non0_F1_score: 0.8606  Mult_acc_5: 0.5756  Mult_acc_7: 0.5607  MAE: 0.4974  Corr: 0.7793  Loss: 0.4970 
2026-01-16 17:35:00,001 - MMSA [INFO] - TRAIN-(msalm) [2/4/2] >> loss: 0.4582  Has0_acc_2: 0.8411  Has0_F1_score: 0.8455  Non0_acc_2: 0.8945  Non0_F1_score: 0.8943  Mult_acc_5: 0.6163  Mult_acc_7: 0.5928  MAE: 0.4586  Corr: 0.8325  clm loss: 3.4283 total loss: 5.61 bn loss: 0.4633 av loss: 0.791 text loss: 0.4692
2026-01-16 17:35:08,631 - MMSA [INFO] - VAL-(msalm) >>  Has0_acc_2: 0.8204  Has0_F1_score: 0.8252  Non0_acc_2: 0.8574  Non0_F1_score: 0.8564  Mult_acc_5: 0.5842  Mult_acc_7: 0.5703  MAE: 0.4853  Corr: 0.7778  Loss: 0.4848 
2026-01-16 17:39:44,467 - MMSA [INFO] - TRAIN-(msalm) [1/5/2] >> loss: 0.419  Has0_acc_2: 0.8474  Has0_F1_score: 0.8519  Non0_acc_2: 0.9076  Non0_F1_score: 0.9075  Mult_acc_5: 0.6534  Mult_acc_7: 0.6278  MAE: 0.4191  Corr: 0.8612  clm loss: 3.3709 total loss: 5.4213 bn loss: 0.4241 av loss: 0.7897 text loss: 0.4175
2026-01-16 17:39:53,448 - MMSA [INFO] - VAL-(msalm) >>  Has0_acc_2: 0.8397  Has0_F1_score: 0.8433  Non0_acc_2: 0.8693  Non0_F1_score: 0.8684  Mult_acc_5: 0.5762  Mult_acc_7: 0.5612  MAE: 0.4925  Corr: 0.7759  Loss: 0.4918 
2026-01-16 17:44:24,747 - MMSA [INFO] - TRAIN-(msalm) [2/6/2] >> loss: 0.3835  Has0_acc_2: 0.8549  Has0_F1_score: 0.8595  Non0_acc_2: 0.9223  Non0_F1_score: 0.9222  Mult_acc_5: 0.6841  Mult_acc_7: 0.6594  MAE: 0.3833  Corr: 0.8832  clm loss: 3.3058 total loss: 5.2418 bn loss: 0.3884 av loss: 0.7875 text loss: 0.3765
2026-01-16 17:44:33,507 - MMSA [INFO] - VAL-(msalm) >>  Has0_acc_2: 0.8231  Has0_F1_score: 0.8293  Non0_acc_2: 0.8602  Non0_F1_score: 0.8608  Mult_acc_5: 0.5842  Mult_acc_7: 0.5697  MAE: 0.4883  Corr: 0.7746  Loss: 0.4889 
2026-01-16 17:49:04,287 - MMSA [INFO] - TRAIN-(msalm) [3/7/2] >> loss: 0.3524  Has0_acc_2: 0.8659  Has0_F1_score: 0.8699  Non0_acc_2: 0.9348  Non0_F1_score: 0.9346  Mult_acc_5: 0.7095  Mult_acc_7: 0.6841  MAE: 0.3519  Corr: 0.9007  clm loss: 3.2658 total loss: 5.1026 bn loss: 0.3592 av loss: 0.7852 text loss: 0.34
2026-01-16 17:49:13,223 - MMSA [INFO] - VAL-(msalm) >>  Has0_acc_2: 0.8038  Has0_F1_score: 0.8121  Non0_acc_2: 0.8519  Non0_F1_score: 0.8531  Mult_acc_5: 0.5676  Mult_acc_7: 0.5526  MAE: 0.5062  Corr: 0.7693  Loss: 0.5059 
2026-01-16 17:53:45,643 - MMSA [INFO] - TRAIN-(msalm) [4/8/2] >> loss: 0.3332  Has0_acc_2: 0.8626  Has0_F1_score: 0.8671  Non0_acc_2: 0.9366  Non0_F1_score: 0.9366  Mult_acc_5: 0.7292  Mult_acc_7: 0.7034  MAE: 0.3333  Corr: 0.9123  clm loss: 3.2252 total loss: 4.9901 bn loss: 0.3356 av loss: 0.7839 text loss: 0.3121
2026-01-16 17:53:54,406 - MMSA [INFO] - VAL-(msalm) >>  Has0_acc_2: 0.8391  Has0_F1_score: 0.8428  Non0_acc_2: 0.8644  Non0_F1_score: 0.8638  Mult_acc_5: 0.5772  Mult_acc_7: 0.5617  MAE: 0.4978  Corr: 0.7705  Loss: 0.4969 
2026-01-16 17:58:25,797 - MMSA [INFO] - TRAIN-(msalm) [5/9/2] >> loss: 0.3129  Has0_acc_2: 0.8658  Has0_F1_score: 0.8704  Non0_acc_2: 0.9460  Non0_F1_score: 0.9460  Mult_acc_5: 0.7454  Mult_acc_7: 0.7184  MAE: 0.3128  Corr: 0.9235  clm loss: 3.1887 total loss: 4.8751 bn loss: 0.306 av loss: 0.7829 text loss: 0.2846
2026-01-16 17:58:34,872 - MMSA [INFO] - VAL-(msalm) >>  Has0_acc_2: 0.8215  Has0_F1_score: 0.8266  Non0_acc_2: 0.8567  Non0_F1_score: 0.8563  Mult_acc_5: 0.5836  Mult_acc_7: 0.5687  MAE: 0.4999  Corr: 0.7691  Loss: 0.5000 
2026-01-16 18:03:06,580 - MMSA [INFO] - TRAIN-(msalm) [6/10/2] >> loss: 0.2848  Has0_acc_2: 0.8724  Has0_F1_score: 0.8767  Non0_acc_2: 0.9549  Non0_F1_score: 0.9549  Mult_acc_5: 0.7707  Mult_acc_7: 0.7457  MAE: 0.2848  Corr: 0.9353  clm loss: 3.1499 total loss: 4.7622 bn loss: 0.2824 av loss: 0.7819 text loss: 0.2631
2026-01-16 18:03:15,653 - MMSA [INFO] - VAL-(msalm) >>  Has0_acc_2: 0.8263  Has0_F1_score: 0.8325  Non0_acc_2: 0.8644  Non0_F1_score: 0.8650  Mult_acc_5: 0.5703  Mult_acc_7: 0.5564  MAE: 0.5012  Corr: 0.7711  Loss: 0.5004 
2026-01-16 18:07:46,758 - MMSA [INFO] - TRAIN-(msalm) [7/11/2] >> loss: 0.2758  Has0_acc_2: 0.8725  Has0_F1_score: 0.8769  Non0_acc_2: 0.9572  Non0_F1_score: 0.9572  Mult_acc_5: 0.7837  Mult_acc_7: 0.7569  MAE: 0.2756  Corr: 0.9412  clm loss: 3.1066 total loss: 4.6614 bn loss: 0.2586 av loss: 0.7815 text loss: 0.2389
2026-01-16 18:07:55,654 - MMSA [INFO] - VAL-(msalm) >>  Has0_acc_2: 0.8113  Has0_F1_score: 0.8189  Non0_acc_2: 0.8554  Non0_F1_score: 0.8564  Mult_acc_5: 0.5697  Mult_acc_7: 0.5548  MAE: 0.5072  Corr: 0.7667  Loss: 0.5072 
2026-01-16 18:12:28,429 - MMSA [INFO] - TRAIN-(msalm) [8/12/2] >> loss: 0.2661  Has0_acc_2: 0.8754  Has0_F1_score: 0.8796  Non0_acc_2: 0.9592  Non0_F1_score: 0.9592  Mult_acc_5: 0.7936  Mult_acc_7: 0.7677  MAE: 0.2661  Corr: 0.9452  clm loss: 3.0782 total loss: 4.6018 bn loss: 0.2462 av loss: 0.7806 text loss: 0.2307
2026-01-16 18:12:37,216 - MMSA [INFO] - VAL-(msalm) >>  Has0_acc_2: 0.7878  Has0_F1_score: 0.7984  Non0_acc_2: 0.8477  Non0_F1_score: 0.8500  Mult_acc_5: 0.5799  Mult_acc_7: 0.5655  MAE: 0.4991  Corr: 0.7743  Loss: 0.4973 
2026-01-16 18:17:10,226 - MMSA [INFO] - TRAIN-(msalm) [9/13/2] >> loss: 0.2582  Has0_acc_2: 0.8728  Has0_F1_score: 0.8773  Non0_acc_2: 0.9637  Non0_F1_score: 0.9637  Mult_acc_5: 0.8006  Mult_acc_7: 0.7740  MAE: 0.2577  Corr: 0.9468  clm loss: 3.0653 total loss: 4.5604 bn loss: 0.236 av loss: 0.7794 text loss: 0.2216
2026-01-16 18:17:19,017 - MMSA [INFO] - VAL-(msalm) >>  Has0_acc_2: 0.7916  Has0_F1_score: 0.8016  Non0_acc_2: 0.8442  Non0_F1_score: 0.8464  Mult_acc_5: 0.5676  Mult_acc_7: 0.5526  MAE: 0.5063  Corr: 0.7680  Loss: 0.5075 
2026-01-16 18:21:50,189 - MMSA [INFO] - TRAIN-(msalm) [10/14/2] >> loss: 0.2428  Has0_acc_2: 0.8793  Has0_F1_score: 0.8834  Non0_acc_2: 0.9686  Non0_F1_score: 0.9685  Mult_acc_5: 0.8112  Mult_acc_7: 0.7895  MAE: 0.2428  Corr: 0.9534  clm loss: 3.0419 total loss: 4.4917 bn loss: 0.222 av loss: 0.7783 text loss: 0.2066
2026-01-16 18:21:59,052 - MMSA [INFO] - VAL-(msalm) >>  Has0_acc_2: 0.8124  Has0_F1_score: 0.8202  Non0_acc_2: 0.8567  Non0_F1_score: 0.8580  Mult_acc_5: 0.5788  Mult_acc_7: 0.5633  MAE: 0.5002  Corr: 0.7698  Loss: 0.4990 
2026-01-16 18:22:20,148 - MMSA [INFO] - TEST-(msalm) >>  Has0_acc_2: 0.8234  Has0_F1_score: 0.8275  Non0_acc_2: 0.8632  Non0_F1_score: 0.8625  Mult_acc_5: 0.5787  Mult_acc_7: 0.5611  MAE: 0.4989  Corr: 0.8023  Loss: 0.4989 
2026-01-16 18:22:22,358 - MMSA [INFO] - Result for seed 1991: {'Has0_acc_2': 0.8234, 'Has0_F1_score': 0.8275, 'Non0_acc_2': 0.8632, 'Non0_F1_score': 0.8625, 'Mult_acc_5': 0.5787, 'Mult_acc_7': 0.5611, 'MAE': 0.4989, 'Corr': 0.8023, 'Loss': 0.4989, 'seed': 1991}
2026-01-16 18:22:22,360 - MMSA [INFO] - ------------------------------ Running with seed 1992 [3/5] ------------------------------
2026-01-16 18:34:00,316 - MMSA [INFO] - The model has 914780556 trainable parameters
2026-01-16 18:38:31,902 - MMSA [INFO] - TRAIN-(msalm) [1/1/3] >> loss: 0.74  Has0_acc_2: 0.6992  Has0_F1_score: 0.7100  Non0_acc_2: 0.7255  Non0_F1_score: 0.7268  Mult_acc_5: 0.4331  Mult_acc_7: 0.4274  MAE: 0.7401  Corr: 0.5064  clm loss: 4.1601 total loss: 7.3965 bn loss: 0.8083 av loss: 0.843 text loss: 0.8452
2026-01-16 18:38:40,651 - MMSA [INFO] - VAL-(msalm) >>  Has0_acc_2: 0.7969  Has0_F1_score: 0.8051  Non0_acc_2: 0.8435  Non0_F1_score: 0.8444  Mult_acc_5: 0.5115  Mult_acc_7: 0.4992  MAE: 0.5754  Corr: 0.6981  Loss: 0.5746 
2026-01-16 18:43:19,662 - MMSA [INFO] - TRAIN-(msalm) [1/2/3] >> loss: 0.5628  Has0_acc_2: 0.8091  Has0_F1_score: 0.8143  Non0_acc_2: 0.8501  Non0_F1_score: 0.8498  Mult_acc_5: 0.5376  Mult_acc_7: 0.5192  MAE: 0.5628  Corr: 0.7454  clm loss: 3.6498 total loss: 6.1934 bn loss: 0.566 av loss: 0.8036 text loss: 0.6113
2026-01-16 18:43:28,496 - MMSA [INFO] - VAL-(msalm) >>  Has0_acc_2: 0.8220  Has0_F1_score: 0.8277  Non0_acc_2: 0.8602  Non0_F1_score: 0.8601  Mult_acc_5: 0.5794  Mult_acc_7: 0.5660  MAE: 0.5034  Corr: 0.7589  Loss: 0.5027 
2026-01-16 18:48:07,751 - MMSA [INFO] - TRAIN-(msalm) [1/3/3] >> loss: 0.5036  Has0_acc_2: 0.8232  Has0_F1_score: 0.8284  Non0_acc_2: 0.8728  Non0_F1_score: 0.8726  Mult_acc_5: 0.5874  Mult_acc_7: 0.5644  MAE: 0.5036  Corr: 0.7993  clm loss: 3.5329 total loss: 5.8667 bn loss: 0.505 av loss: 0.796 text loss: 0.5292
2026-01-16 18:48:16,549 - MMSA [INFO] - VAL-(msalm) >>  Has0_acc_2: 0.8038  Has0_F1_score: 0.8133  Non0_acc_2: 0.8637  Non0_F1_score: 0.8655  Mult_acc_5: 0.5852  Mult_acc_7: 0.5687  MAE: 0.4984  Corr: 0.7778  Loss: 0.4983 
2026-01-16 18:52:52,968 - MMSA [INFO] - TRAIN-(msalm) [1/4/3] >> loss: 0.4606  Has0_acc_2: 0.8358  Has0_F1_score: 0.8406  Non0_acc_2: 0.8908  Non0_F1_score: 0.8907  Mult_acc_5: 0.6158  Mult_acc_7: 0.5919  MAE: 0.4603  Corr: 0.8333  clm loss: 3.4388 total loss: 5.6276 bn loss: 0.4643 av loss: 0.7943 text loss: 0.4696
2026-01-16 18:53:01,754 - MMSA [INFO] - VAL-(msalm) >>  Has0_acc_2: 0.7862  Has0_F1_score: 0.7968  Non0_acc_2: 0.8505  Non0_F1_score: 0.8525  Mult_acc_5: 0.5762  Mult_acc_7: 0.5623  MAE: 0.5060  Corr: 0.7759  Loss: 0.5069 
2026-01-16 18:57:34,206 - MMSA [INFO] - TRAIN-(msalm) [2/5/3] >> loss: 0.4261  Has0_acc_2: 0.8505  Has0_F1_score: 0.8549  Non0_acc_2: 0.9071  Non0_F1_score: 0.9070  Mult_acc_5: 0.6460  Mult_acc_7: 0.6209  MAE: 0.4258  Corr: 0.8572  clm loss: 3.3696 total loss: 5.436 bn loss: 0.4284 av loss: 0.7915 text loss: 0.4204
2026-01-16 18:57:43,080 - MMSA [INFO] - VAL-(msalm) >>  Has0_acc_2: 0.8386  Has0_F1_score: 0.8430  Non0_acc_2: 0.8686  Non0_F1_score: 0.8684  Mult_acc_5: 0.5676  Mult_acc_7: 0.5521  MAE: 0.5015  Corr: 0.7729  Loss: 0.5004 
2026-01-16 19:02:14,586 - MMSA [INFO] - TRAIN-(msalm) [3/6/3] >> loss: 0.3876  Has0_acc_2: 0.8562  Has0_F1_score: 0.8606  Non0_acc_2: 0.9212  Non0_F1_score: 0.9211  Mult_acc_5: 0.6779  Mult_acc_7: 0.6520  MAE: 0.3875  Corr: 0.8812  clm loss: 3.3186 total loss: 5.2693 bn loss: 0.3909 av loss: 0.7907 text loss: 0.3815
2026-01-16 19:02:23,333 - MMSA [INFO] - VAL-(msalm) >>  Has0_acc_2: 0.8338  Has0_F1_score: 0.8380  Non0_acc_2: 0.8616  Non0_F1_score: 0.8611  Mult_acc_5: 0.5869  Mult_acc_7: 0.5719  MAE: 0.4954  Corr: 0.7771  Loss: 0.4953 
2026-01-16 19:07:02,623 - MMSA [INFO] - TRAIN-(msalm) [1/7/3] >> loss: 0.359  Has0_acc_2: 0.8628  Has0_F1_score: 0.8672  Non0_acc_2: 0.9346  Non0_F1_score: 0.9346  Mult_acc_5: 0.7084  Mult_acc_7: 0.6814  MAE: 0.3593  Corr: 0.8980  clm loss: 3.2758 total loss: 5.1231 bn loss: 0.3587 av loss: 0.7874 text loss: 0.3421
2026-01-16 19:07:12,038 - MMSA [INFO] - VAL-(msalm) >>  Has0_acc_2: 0.8327  Has0_F1_score: 0.8380  Non0_acc_2: 0.8686  Non0_F1_score: 0.8687  Mult_acc_5: 0.5815  Mult_acc_7: 0.5644  MAE: 0.5020  Corr: 0.7786  Loss: 0.5016 
2026-01-16 19:11:46,239 - MMSA [INFO] - TRAIN-(msalm) [2/8/3] >> loss: 0.3263  Has0_acc_2: 0.8673  Has0_F1_score: 0.8716  Non0_acc_2: 0.9420  Non0_F1_score: 0.9420  Mult_acc_5: 0.7322  Mult_acc_7: 0.7068  MAE: 0.3261  Corr: 0.9157  clm loss: 3.231 total loss: 4.9856 bn loss: 0.3301 av loss: 0.7866 text loss: 0.3116
2026-01-16 19:11:55,013 - MMSA [INFO] - VAL-(msalm) >>  Has0_acc_2: 0.8226  Has0_F1_score: 0.8290  Non0_acc_2: 0.8623  Non0_F1_score: 0.8630  Mult_acc_5: 0.5799  Mult_acc_7: 0.5639  MAE: 0.5060  Corr: 0.7698  Loss: 0.5065 
2026-01-16 19:16:29,217 - MMSA [INFO] - TRAIN-(msalm) [3/9/3] >> loss: 0.3093  Has0_acc_2: 0.8688  Has0_F1_score: 0.8732  Non0_acc_2: 0.9470  Non0_F1_score: 0.9470  Mult_acc_5: 0.7524  Mult_acc_7: 0.7268  MAE: 0.3091  Corr: 0.9247  clm loss: 3.1905 total loss: 4.8779 bn loss: 0.3072 av loss: 0.7846 text loss: 0.2864
2026-01-16 19:16:38,080 - MMSA [INFO] - VAL-(msalm) >>  Has0_acc_2: 0.8284  Has0_F1_score: 0.8342  Non0_acc_2: 0.8623  Non0_F1_score: 0.8628  Mult_acc_5: 0.5810  Mult_acc_7: 0.5628  MAE: 0.5043  Corr: 0.7701  Loss: 0.5037 
2026-01-16 19:21:13,646 - MMSA [INFO] - TRAIN-(msalm) [4/10/3] >> loss: 0.295  Has0_acc_2: 0.8714  Has0_F1_score: 0.8757  Non0_acc_2: 0.9521  Non0_F1_score: 0.9520  Mult_acc_5: 0.7603  Mult_acc_7: 0.7340  MAE: 0.2947  Corr: 0.9304  clm loss: 3.1639 total loss: 4.7975 bn loss: 0.2856 av loss: 0.7842 text loss: 0.2688
2026-01-16 19:21:22,933 - MMSA [INFO] - VAL-(msalm) >>  Has0_acc_2: 0.8108  Has0_F1_score: 0.8192  Non0_acc_2: 0.8602  Non0_F1_score: 0.8617  Mult_acc_5: 0.5751  Mult_acc_7: 0.5607  MAE: 0.5013  Corr: 0.7751  Loss: 0.5032 
2026-01-16 19:25:56,693 - MMSA [INFO] - TRAIN-(msalm) [5/11/3] >> loss: 0.2818  Has0_acc_2: 0.8730  Has0_F1_score: 0.8772  Non0_acc_2: 0.9579  Non0_F1_score: 0.9579  Mult_acc_5: 0.7759  Mult_acc_7: 0.7506  MAE: 0.2816  Corr: 0.9376  clm loss: 3.1222 total loss: 4.7003 bn loss: 0.2648 av loss: 0.7832 text loss: 0.2484
2026-01-16 19:26:05,690 - MMSA [INFO] - VAL-(msalm) >>  Has0_acc_2: 0.8119  Has0_F1_score: 0.8194  Non0_acc_2: 0.8561  Non0_F1_score: 0.8571  Mult_acc_5: 0.5794  Mult_acc_7: 0.5633  MAE: 0.5004  Corr: 0.7735  Loss: 0.5015 
2026-01-16 19:30:38,015 - MMSA [INFO] - TRAIN-(msalm) [6/12/3] >> loss: 0.2677  Has0_acc_2: 0.8768  Has0_F1_score: 0.8810  Non0_acc_2: 0.9610  Non0_F1_score: 0.9610  Mult_acc_5: 0.7895  Mult_acc_7: 0.7654  MAE: 0.2678  Corr: 0.9433  clm loss: 3.0988 total loss: 4.634 bn loss: 0.2508 av loss: 0.7816 text loss: 0.2351
2026-01-16 19:30:46,854 - MMSA [INFO] - VAL-(msalm) >>  Has0_acc_2: 0.8290  Has0_F1_score: 0.8337  Non0_acc_2: 0.8595  Non0_F1_score: 0.8592  Mult_acc_5: 0.5778  Mult_acc_7: 0.5623  MAE: 0.5003  Corr: 0.7748  Loss: 0.5017 
2026-01-16 19:35:19,746 - MMSA [INFO] - TRAIN-(msalm) [7/13/3] >> loss: 0.2544  Has0_acc_2: 0.8753  Has0_F1_score: 0.8796  Non0_acc_2: 0.9638  Non0_F1_score: 0.9638  Mult_acc_5: 0.8020  Mult_acc_7: 0.7771  MAE: 0.2546  Corr: 0.9493  clm loss: 3.0671 total loss: 4.5619 bn loss: 0.2357 av loss: 0.7819 text loss: 0.2229
2026-01-16 19:35:28,505 - MMSA [INFO] - VAL-(msalm) >>  Has0_acc_2: 0.8311  Has0_F1_score: 0.8358  Non0_acc_2: 0.8637  Non0_F1_score: 0.8634  Mult_acc_5: 0.5687  Mult_acc_7: 0.5505  MAE: 0.5055  Corr: 0.7712  Loss: 0.5044 
2026-01-16 19:40:02,252 - MMSA [INFO] - TRAIN-(msalm) [8/14/3] >> loss: 0.2429  Has0_acc_2: 0.8795  Has0_F1_score: 0.8836  Non0_acc_2: 0.9679  Non0_F1_score: 0.9678  Mult_acc_5: 0.8094  Mult_acc_7: 0.7845  MAE: 0.2429  Corr: 0.9532  clm loss: 3.0425 total loss: 4.499 bn loss: 0.2242 av loss: 0.7805 text loss: 0.2089
2026-01-16 19:40:11,074 - MMSA [INFO] - VAL-(msalm) >>  Has0_acc_2: 0.8193  Has0_F1_score: 0.8259  Non0_acc_2: 0.8595  Non0_F1_score: 0.8601  Mult_acc_5: 0.5730  Mult_acc_7: 0.5537  MAE: 0.5016  Corr: 0.7720  Loss: 0.4997 
2026-01-16 19:44:44,164 - MMSA [INFO] - TRAIN-(msalm) [9/15/3] >> loss: 0.2409  Has0_acc_2: 0.8763  Has0_F1_score: 0.8806  Non0_acc_2: 0.9694  Non0_F1_score: 0.9694  Mult_acc_5: 0.8117  Mult_acc_7: 0.7868  MAE: 0.2402  Corr: 0.9540  clm loss: 3.0409 total loss: 4.4819 bn loss: 0.216 av loss: 0.7803 text loss: 0.2038
2026-01-16 19:44:52,868 - MMSA [INFO] - VAL-(msalm) >>  Has0_acc_2: 0.8172  Has0_F1_score: 0.8238  Non0_acc_2: 0.8561  Non0_F1_score: 0.8566  Mult_acc_5: 0.5778  Mult_acc_7: 0.5607  MAE: 0.4953  Corr: 0.7727  Loss: 0.4958 
2026-01-16 19:49:24,906 - MMSA [INFO] - TRAIN-(msalm) [10/16/3] >> loss: 0.2375  Has0_acc_2: 0.8759  Has0_F1_score: 0.8802  Non0_acc_2: 0.9679  Non0_F1_score: 0.9678  Mult_acc_5: 0.8173  Mult_acc_7: 0.7939  MAE: 0.2374  Corr: 0.9550  clm loss: 3.0213 total loss: 4.4447 bn loss: 0.2091 av loss: 0.7798 text loss: 0.197
2026-01-16 19:49:33,729 - MMSA [INFO] - VAL-(msalm) >>  Has0_acc_2: 0.8242  Has0_F1_score: 0.8307  Non0_acc_2: 0.8658  Non0_F1_score: 0.8664  Mult_acc_5: 0.5714  Mult_acc_7: 0.5553  MAE: 0.4978  Corr: 0.7721  Loss: 0.5008 
2026-01-16 19:49:55,778 - MMSA [INFO] - TEST-(msalm) >>  Has0_acc_2: 0.8242  Has0_F1_score: 0.8287  Non0_acc_2: 0.8605  Non0_F1_score: 0.8602  Mult_acc_5: 0.5742  Mult_acc_7: 0.5546  MAE: 0.5100  Corr: 0.7935  Loss: 0.5095 
2026-01-16 19:49:58,118 - MMSA [INFO] - Result for seed 1992: {'Has0_acc_2': 0.8242, 'Has0_F1_score': 0.8287, 'Non0_acc_2': 0.8605, 'Non0_F1_score': 0.8602, 'Mult_acc_5': 0.5742, 'Mult_acc_7': 0.5546, 'MAE': 0.51, 'Corr': 0.7935, 'Loss': 0.5095, 'seed': 1992}
2026-01-16 19:49:58,120 - MMSA [INFO] - ------------------------------ Running with seed 1993 [4/5] ------------------------------
2026-01-16 20:01:35,086 - MMSA [INFO] - The model has 914780556 trainable parameters
2026-01-16 20:06:09,238 - MMSA [INFO] - TRAIN-(msalm) [1/1/4] >> loss: 0.8198  Has0_acc_2: 0.5766  Has0_F1_score: 0.5873  Non0_acc_2: 0.6383  Non0_F1_score: 0.6378  Mult_acc_5: 0.4032  Mult_acc_7: 0.3946  MAE: 0.8196  Corr: 0.4903  clm loss: 4.1163 total loss: 7.5191 bn loss: 0.8023 av loss: 0.8955 text loss: 0.8852
2026-01-16 20:06:18,062 - MMSA [INFO] - VAL-(msalm) >>  Has0_acc_2: 0.7178  Has0_F1_score: 0.7334  Non0_acc_2: 0.8032  Non0_F1_score: 0.8076  Mult_acc_5: 0.4949  Mult_acc_7: 0.4741  MAE: 0.6446  Corr: 0.7046  Loss: 0.6444 
2026-01-16 20:10:56,332 - MMSA [INFO] - TRAIN-(msalm) [1/2/4] >> loss: 0.5681  Has0_acc_2: 0.7801  Has0_F1_score: 0.7889  Non0_acc_2: 0.8358  Non0_F1_score: 0.8373  Mult_acc_5: 0.5404  Mult_acc_7: 0.5216  MAE: 0.5683  Corr: 0.7499  clm loss: 3.6392 total loss: 6.1781 bn loss: 0.5565 av loss: 0.8039 text loss: 0.6105
2026-01-16 20:11:05,054 - MMSA [INFO] - VAL-(msalm) >>  Has0_acc_2: 0.7942  Has0_F1_score: 0.8033  Non0_acc_2: 0.8533  Non0_F1_score: 0.8543  Mult_acc_5: 0.5730  Mult_acc_7: 0.5591  MAE: 0.5070  Corr: 0.7543  Loss: 0.5073 
2026-01-16 20:15:40,997 - MMSA [INFO] - TRAIN-(msalm) [1/3/4] >> loss: 0.5047  Has0_acc_2: 0.8230  Has0_F1_score: 0.8282  Non0_acc_2: 0.8711  Non0_F1_score: 0.8711  Mult_acc_5: 0.5870  Mult_acc_7: 0.5666  MAE: 0.5044  Corr: 0.7961  clm loss: 3.5061 total loss: 5.8361 bn loss: 0.5019 av loss: 0.7956 text loss: 0.5278
2026-01-16 20:15:49,966 - MMSA [INFO] - VAL-(msalm) >>  Has0_acc_2: 0.8514  Has0_F1_score: 0.8529  Non0_acc_2: 0.8679  Non0_F1_score: 0.8660  Mult_acc_5: 0.5730  Mult_acc_7: 0.5569  MAE: 0.4942  Corr: 0.7834  Loss: 0.4937 
2026-01-16 20:20:28,527 - MMSA [INFO] - TRAIN-(msalm) [1/4/4] >> loss: 0.4569  Has0_acc_2: 0.8384  Has0_F1_score: 0.8431  Non0_acc_2: 0.8913  Non0_F1_score: 0.8912  Mult_acc_5: 0.6241  Mult_acc_7: 0.5997  MAE: 0.4565  Corr: 0.8364  clm loss: 3.4231 total loss: 5.5996 bn loss: 0.4588 av loss: 0.7923 text loss: 0.4685
2026-01-16 20:20:37,414 - MMSA [INFO] - VAL-(msalm) >>  Has0_acc_2: 0.8215  Has0_F1_score: 0.8279  Non0_acc_2: 0.8630  Non0_F1_score: 0.8634  Mult_acc_5: 0.5863  Mult_acc_7: 0.5697  MAE: 0.4958  Corr: 0.7784  Loss: 0.4968 
2026-01-16 20:25:09,756 - MMSA [INFO] - TRAIN-(msalm) [2/5/4] >> loss: 0.421  Has0_acc_2: 0.8439  Has0_F1_score: 0.8487  Non0_acc_2: 0.9047  Non0_F1_score: 0.9047  Mult_acc_5: 0.6554  Mult_acc_7: 0.6317  MAE: 0.4208  Corr: 0.8585  clm loss: 3.375 total loss: 5.4323 bn loss: 0.4262 av loss: 0.7904 text loss: 0.4197
2026-01-16 20:25:18,558 - MMSA [INFO] - VAL-(msalm) >>  Has0_acc_2: 0.8236  Has0_F1_score: 0.8288  Non0_acc_2: 0.8588  Non0_F1_score: 0.8585  Mult_acc_5: 0.5815  Mult_acc_7: 0.5623  MAE: 0.5004  Corr: 0.7759  Loss: 0.5021 
2026-01-16 20:29:49,715 - MMSA [INFO] - TRAIN-(msalm) [3/6/4] >> loss: 0.384  Has0_acc_2: 0.8522  Has0_F1_score: 0.8570  Non0_acc_2: 0.9193  Non0_F1_score: 0.9193  Mult_acc_5: 0.6826  Mult_acc_7: 0.6569  MAE: 0.3839  Corr: 0.8837  clm loss: 3.3138 total loss: 5.2536 bn loss: 0.3891 av loss: 0.7884 text loss: 0.3783
2026-01-16 20:29:58,487 - MMSA [INFO] - VAL-(msalm) >>  Has0_acc_2: 0.8284  Has0_F1_score: 0.8336  Non0_acc_2: 0.8595  Non0_F1_score: 0.8595  Mult_acc_5: 0.5794  Mult_acc_7: 0.5665  MAE: 0.4986  Corr: 0.7661  Loss: 0.4978 
2026-01-16 20:34:30,362 - MMSA [INFO] - TRAIN-(msalm) [4/7/4] >> loss: 0.3545  Has0_acc_2: 0.8599  Has0_F1_score: 0.8644  Non0_acc_2: 0.9323  Non0_F1_score: 0.9323  Mult_acc_5: 0.7073  Mult_acc_7: 0.6808  MAE: 0.3545  Corr: 0.9028  clm loss: 3.2596 total loss: 5.092 bn loss: 0.3544 av loss: 0.7884 text loss: 0.3351
2026-01-16 20:34:39,300 - MMSA [INFO] - VAL-(msalm) >>  Has0_acc_2: 0.8311  Has0_F1_score: 0.8356  Non0_acc_2: 0.8602  Non0_F1_score: 0.8598  Mult_acc_5: 0.5788  Mult_acc_7: 0.5655  MAE: 0.4980  Corr: 0.7684  Loss: 0.4969 
2026-01-16 20:39:11,228 - MMSA [INFO] - TRAIN-(msalm) [5/8/4] >> loss: 0.3279  Has0_acc_2: 0.8681  Has0_F1_score: 0.8724  Non0_acc_2: 0.9429  Non0_F1_score: 0.9429  Mult_acc_5: 0.7313  Mult_acc_7: 0.7045  MAE: 0.3280  Corr: 0.9149  clm loss: 3.226 total loss: 4.9786 bn loss: 0.3305 av loss: 0.7851 text loss: 0.3092
2026-01-16 20:39:20,004 - MMSA [INFO] - VAL-(msalm) >>  Has0_acc_2: 0.8375  Has0_F1_score: 0.8415  Non0_acc_2: 0.8672  Non0_F1_score: 0.8665  Mult_acc_5: 0.5746  Mult_acc_7: 0.5553  MAE: 0.5130  Corr: 0.7704  Loss: 0.5115 
2026-01-16 20:43:50,998 - MMSA [INFO] - TRAIN-(msalm) [6/9/4] >> loss: 0.3058  Has0_acc_2: 0.8736  Has0_F1_score: 0.8776  Non0_acc_2: 0.9496  Non0_F1_score: 0.9495  Mult_acc_5: 0.7538  Mult_acc_7: 0.7270  MAE: 0.3055  Corr: 0.9263  clm loss: 3.1843 total loss: 4.8702 bn loss: 0.3081 av loss: 0.7852 text loss: 0.2867
2026-01-16 20:43:59,736 - MMSA [INFO] - VAL-(msalm) >>  Has0_acc_2: 0.7996  Has0_F1_score: 0.8083  Non0_acc_2: 0.8491  Non0_F1_score: 0.8505  Mult_acc_5: 0.5714  Mult_acc_7: 0.5580  MAE: 0.5012  Corr: 0.7678  Loss: 0.5016 
2026-01-16 20:48:33,050 - MMSA [INFO] - TRAIN-(msalm) [7/10/4] >> loss: 0.2918  Has0_acc_2: 0.8676  Has0_F1_score: 0.8723  Non0_acc_2: 0.9550  Non0_F1_score: 0.9550  Mult_acc_5: 0.7662  Mult_acc_7: 0.7398  MAE: 0.2919  Corr: 0.9343  clm loss: 3.1346 total loss: 4.7557 bn loss: 0.2835 av loss: 0.7841 text loss: 0.2616
2026-01-16 20:48:42,369 - MMSA [INFO] - VAL-(msalm) >>  Has0_acc_2: 0.8252  Has0_F1_score: 0.8303  Non0_acc_2: 0.8567  Non0_F1_score: 0.8565  Mult_acc_5: 0.5703  Mult_acc_7: 0.5553  MAE: 0.4972  Corr: 0.7698  Loss: 0.4959 
2026-01-16 20:53:13,322 - MMSA [INFO] - TRAIN-(msalm) [8/11/4] >> loss: 0.275  Has0_acc_2: 0.8759  Has0_F1_score: 0.8801  Non0_acc_2: 0.9603  Non0_F1_score: 0.9602  Mult_acc_5: 0.7773  Mult_acc_7: 0.7521  MAE: 0.2751  Corr: 0.9409  clm loss: 3.1121 total loss: 4.6838 bn loss: 0.2669 av loss: 0.7817 text loss: 0.2481
2026-01-16 20:53:22,023 - MMSA [INFO] - VAL-(msalm) >>  Has0_acc_2: 0.8204  Has0_F1_score: 0.8256  Non0_acc_2: 0.8526  Non0_F1_score: 0.8522  Mult_acc_5: 0.5687  Mult_acc_7: 0.5521  MAE: 0.5112  Corr: 0.7637  Loss: 0.5102 
2026-01-16 20:57:52,996 - MMSA [INFO] - TRAIN-(msalm) [9/12/4] >> loss: 0.2692  Has0_acc_2: 0.8758  Has0_F1_score: 0.8801  Non0_acc_2: 0.9608  Non0_F1_score: 0.9608  Mult_acc_5: 0.7873  Mult_acc_7: 0.7615  MAE: 0.2689  Corr: 0.9433  clm loss: 3.0887 total loss: 4.6257 bn loss: 0.2534 av loss: 0.7811 text loss: 0.2333
2026-01-16 20:58:01,866 - MMSA [INFO] - VAL-(msalm) >>  Has0_acc_2: 0.8434  Has0_F1_score: 0.8462  Non0_acc_2: 0.8637  Non0_F1_score: 0.8626  Mult_acc_5: 0.5660  Mult_acc_7: 0.5505  MAE: 0.5054  Corr: 0.7662  Loss: 0.5040 
2026-01-16 21:02:32,640 - MMSA [INFO] - TRAIN-(msalm) [10/13/4] >> loss: 0.26  Has0_acc_2: 0.8768  Has0_F1_score: 0.8811  Non0_acc_2: 0.9636  Non0_F1_score: 0.9636  Mult_acc_5: 0.7962  Mult_acc_7: 0.7715  MAE: 0.2599  Corr: 0.9466  clm loss: 3.0588 total loss: 4.5525 bn loss: 0.2361 av loss: 0.7798 text loss: 0.2178
2026-01-16 21:02:42,009 - MMSA [INFO] - VAL-(msalm) >>  Has0_acc_2: 0.8183  Has0_F1_score: 0.8247  Non0_acc_2: 0.8588  Non0_F1_score: 0.8592  Mult_acc_5: 0.5649  Mult_acc_7: 0.5500  MAE: 0.5037  Corr: 0.7657  Loss: 0.5037 
2026-01-16 21:03:03,346 - MMSA [INFO] - TEST-(msalm) >>  Has0_acc_2: 0.8517  Has0_F1_score: 0.8532  Non0_acc_2: 0.8718  Non0_F1_score: 0.8704  Mult_acc_5: 0.5656  Mult_acc_7: 0.5437  MAE: 0.5167  Corr: 0.7975  Loss: 0.5161 
2026-01-16 21:03:05,702 - MMSA [INFO] - Result for seed 1993: {'Has0_acc_2': 0.8517, 'Has0_F1_score': 0.8532, 'Non0_acc_2': 0.8718, 'Non0_F1_score': 0.8704, 'Mult_acc_5': 0.5656, 'Mult_acc_7': 0.5437, 'MAE': 0.5167, 'Corr': 0.7975, 'Loss': 0.5161, 'seed': 1993}
2026-01-16 21:03:05,703 - MMSA [INFO] - ------------------------------ Running with seed 1994 [5/5] ------------------------------
2026-01-16 21:14:44,390 - MMSA [INFO] - The model has 914780556 trainable parameters
2026-01-16 21:19:15,700 - MMSA [INFO] - TRAIN-(msalm) [1/1/5] >> loss: 0.7712  Has0_acc_2: 0.6515  Has0_F1_score: 0.6671  Non0_acc_2: 0.6800  Non0_F1_score: 0.6848  Mult_acc_5: 0.4239  Mult_acc_7: 0.4189  MAE: 0.7708  Corr: 0.4593  clm loss: 4.1347 total loss: 7.3867 bn loss: 0.8272 av loss: 0.8283 text loss: 0.8254
2026-01-16 21:19:24,285 - MMSA [INFO] - VAL-(msalm) >>  Has0_acc_2: 0.7900  Has0_F1_score: 0.7984  Non0_acc_2: 0.8331  Non0_F1_score: 0.8341  Mult_acc_5: 0.5243  Mult_acc_7: 0.5115  MAE: 0.5642  Corr: 0.6999  Loss: 0.5640 
2026-01-16 21:23:59,670 - MMSA [INFO] - TRAIN-(msalm) [1/2/5] >> loss: 0.5632  Has0_acc_2: 0.7976  Has0_F1_score: 0.8037  Non0_acc_2: 0.8396  Non0_F1_score: 0.8397  Mult_acc_5: 0.5416  Mult_acc_7: 0.5244  MAE: 0.5634  Corr: 0.7459  clm loss: 3.6513 total loss: 6.1927 bn loss: 0.5636 av loss: 0.7988 text loss: 0.6157
2026-01-16 21:24:08,492 - MMSA [INFO] - VAL-(msalm) >>  Has0_acc_2: 0.8348  Has0_F1_score: 0.8399  Non0_acc_2: 0.8720  Non0_F1_score: 0.8720  Mult_acc_5: 0.5607  Mult_acc_7: 0.5473  MAE: 0.5032  Corr: 0.7685  Loss: 0.5011 
2026-01-16 21:28:43,969 - MMSA [INFO] - TRAIN-(msalm) [1/3/5] >> loss: 0.4999  Has0_acc_2: 0.8284  Has0_F1_score: 0.8332  Non0_acc_2: 0.8756  Non0_F1_score: 0.8754  Mult_acc_5: 0.5852  Mult_acc_7: 0.5634  MAE: 0.4989  Corr: 0.8035  clm loss: 3.5126 total loss: 5.8386 bn loss: 0.5047 av loss: 0.795 text loss: 0.5263
2026-01-16 21:28:53,008 - MMSA [INFO] - VAL-(msalm) >>  Has0_acc_2: 0.8359  Has0_F1_score: 0.8407  Non0_acc_2: 0.8707  Non0_F1_score: 0.8705  Mult_acc_5: 0.5756  Mult_acc_7: 0.5601  MAE: 0.4949  Corr: 0.7764  Loss: 0.4955 
2026-01-16 21:33:30,277 - MMSA [INFO] - TRAIN-(msalm) [1/4/5] >> loss: 0.4561  Has0_acc_2: 0.8380  Has0_F1_score: 0.8426  Non0_acc_2: 0.8913  Non0_F1_score: 0.8911  Mult_acc_5: 0.6216  Mult_acc_7: 0.5969  MAE: 0.4557  Corr: 0.8360  clm loss: 3.438 total loss: 5.6177 bn loss: 0.4609 av loss: 0.7927 text loss: 0.47
2026-01-16 21:33:39,056 - MMSA [INFO] - VAL-(msalm) >>  Has0_acc_2: 0.8359  Has0_F1_score: 0.8403  Non0_acc_2: 0.8672  Non0_F1_score: 0.8668  Mult_acc_5: 0.5703  Mult_acc_7: 0.5564  MAE: 0.4913  Corr: 0.7772  Loss: 0.4904 
2026-01-16 21:38:17,869 - MMSA [INFO] - TRAIN-(msalm) [1/5/5] >> loss: 0.4165  Has0_acc_2: 0.8470  Has0_F1_score: 0.8516  Non0_acc_2: 0.9078  Non0_F1_score: 0.9077  Mult_acc_5: 0.6547  Mult_acc_7: 0.6293  MAE: 0.4167  Corr: 0.8639  clm loss: 3.3667 total loss: 5.4092 bn loss: 0.42 av loss: 0.7892 text loss: 0.4168
2026-01-16 21:38:26,806 - MMSA [INFO] - VAL-(msalm) >>  Has0_acc_2: 0.8354  Has0_F1_score: 0.8385  Non0_acc_2: 0.8651  Non0_F1_score: 0.8636  Mult_acc_5: 0.5746  Mult_acc_7: 0.5575  MAE: 0.4998  Corr: 0.7737  Loss: 0.4997 
2026-01-16 21:43:00,788 - MMSA [INFO] - TRAIN-(msalm) [2/6/5] >> loss: 0.3791  Has0_acc_2: 0.8591  Has0_F1_score: 0.8632  Non0_acc_2: 0.9216  Non0_F1_score: 0.9214  Mult_acc_5: 0.6873  Mult_acc_7: 0.6628  MAE: 0.3788  Corr: 0.8869  clm loss: 3.3166 total loss: 5.2483 bn loss: 0.3877 av loss: 0.7877 text loss: 0.3773
2026-01-16 21:43:09,611 - MMSA [INFO] - VAL-(msalm) >>  Has0_acc_2: 0.8145  Has0_F1_score: 0.8210  Non0_acc_2: 0.8526  Non0_F1_score: 0.8529  Mult_acc_5: 0.5778  Mult_acc_7: 0.5639  MAE: 0.4982  Corr: 0.7741  Loss: 0.4988 
2026-01-16 21:47:40,528 - MMSA [INFO] - TRAIN-(msalm) [3/7/5] >> loss: 0.3521  Has0_acc_2: 0.8571  Has0_F1_score: 0.8618  Non0_acc_2: 0.9319  Non0_F1_score: 0.9319  Mult_acc_5: 0.7133  Mult_acc_7: 0.6869  MAE: 0.3520  Corr: 0.9019  clm loss: 3.2711 total loss: 5.1095 bn loss: 0.3601 av loss: 0.7867 text loss: 0.3394
2026-01-16 21:47:49,688 - MMSA [INFO] - VAL-(msalm) >>  Has0_acc_2: 0.8498  Has0_F1_score: 0.8524  Non0_acc_2: 0.8713  Non0_F1_score: 0.8702  Mult_acc_5: 0.5697  Mult_acc_7: 0.5569  MAE: 0.5057  Corr: 0.7712  Loss: 0.5052 
2026-01-16 21:52:22,788 - MMSA [INFO] - TRAIN-(msalm) [4/8/5] >> loss: 0.3283  Has0_acc_2: 0.8684  Has0_F1_score: 0.8725  Non0_acc_2: 0.9395  Non0_F1_score: 0.9395  Mult_acc_5: 0.7318  Mult_acc_7: 0.7061  MAE: 0.3279  Corr: 0.9173  clm loss: 3.2184 total loss: 4.9675 bn loss: 0.3276 av loss: 0.7854 text loss: 0.3077
2026-01-16 21:52:31,634 - MMSA [INFO] - VAL-(msalm) >>  Has0_acc_2: 0.8439  Has0_F1_score: 0.8452  Non0_acc_2: 0.8609  Non0_F1_score: 0.8585  Mult_acc_5: 0.5623  Mult_acc_7: 0.5452  MAE: 0.5200  Corr: 0.7721  Loss: 0.5206 
2026-01-16 21:57:04,552 - MMSA [INFO] - TRAIN-(msalm) [5/9/5] >> loss: 0.3066  Has0_acc_2: 0.8683  Has0_F1_score: 0.8728  Non0_acc_2: 0.9496  Non0_F1_score: 0.9496  Mult_acc_5: 0.7540  Mult_acc_7: 0.7264  MAE: 0.3064  Corr: 0.9275  clm loss: 3.1929 total loss: 4.8753 bn loss: 0.3052 av loss: 0.7846 text loss: 0.286
2026-01-16 21:57:13,214 - MMSA [INFO] - VAL-(msalm) >>  Has0_acc_2: 0.8210  Has0_F1_score: 0.8270  Non0_acc_2: 0.8574  Non0_F1_score: 0.8578  Mult_acc_5: 0.5746  Mult_acc_7: 0.5612  MAE: 0.5071  Corr: 0.7683  Loss: 0.5069 
2026-01-16 22:01:44,633 - MMSA [INFO] - TRAIN-(msalm) [6/10/5] >> loss: 0.2905  Has0_acc_2: 0.8698  Has0_F1_score: 0.8741  Non0_acc_2: 0.9503  Non0_F1_score: 0.9503  Mult_acc_5: 0.7654  Mult_acc_7: 0.7409  MAE: 0.2903  Corr: 0.9338  clm loss: 3.1588 total loss: 4.7888 bn loss: 0.288 av loss: 0.7823 text loss: 0.2692
2026-01-16 22:01:53,567 - MMSA [INFO] - VAL-(msalm) >>  Has0_acc_2: 0.7857  Has0_F1_score: 0.7964  Non0_acc_2: 0.8435  Non0_F1_score: 0.8460  Mult_acc_5: 0.5724  Mult_acc_7: 0.5585  MAE: 0.5159  Corr: 0.7727  Loss: 0.5153 
2026-01-16 22:06:24,894 - MMSA [INFO] - TRAIN-(msalm) [7/11/5] >> loss: 0.2711  Has0_acc_2: 0.8709  Has0_F1_score: 0.8754  Non0_acc_2: 0.9579  Non0_F1_score: 0.9579  Mult_acc_5: 0.7843  Mult_acc_7: 0.7595  MAE: 0.2711  Corr: 0.9412  clm loss: 3.1139 total loss: 4.6816 bn loss: 0.2658 av loss: 0.7813 text loss: 0.2496
2026-01-16 22:06:34,328 - MMSA [INFO] - VAL-(msalm) >>  Has0_acc_2: 0.8193  Has0_F1_score: 0.8256  Non0_acc_2: 0.8561  Non0_F1_score: 0.8565  Mult_acc_5: 0.5735  Mult_acc_7: 0.5580  MAE: 0.5052  Corr: 0.7721  Loss: 0.5057 
2026-01-16 22:11:06,197 - MMSA [INFO] - TRAIN-(msalm) [8/12/5] >> loss: 0.2611  Has0_acc_2: 0.8735  Has0_F1_score: 0.8779  Non0_acc_2: 0.9622  Non0_F1_score: 0.9622  Mult_acc_5: 0.7936  Mult_acc_7: 0.7704  MAE: 0.2609  Corr: 0.9463  clm loss: 3.0894 total loss: 4.6162 bn loss: 0.251 av loss: 0.7816 text loss: 0.2331
2026-01-16 22:11:14,956 - MMSA [INFO] - VAL-(msalm) >>  Has0_acc_2: 0.7964  Has0_F1_score: 0.8056  Non0_acc_2: 0.8498  Non0_F1_score: 0.8514  Mult_acc_5: 0.5842  Mult_acc_7: 0.5703  MAE: 0.5005  Corr: 0.7748  Loss: 0.5004 
2026-01-16 22:15:47,454 - MMSA [INFO] - TRAIN-(msalm) [9/13/5] >> loss: 0.2538  Has0_acc_2: 0.8776  Has0_F1_score: 0.8817  Non0_acc_2: 0.9628  Non0_F1_score: 0.9628  Mult_acc_5: 0.8019  Mult_acc_7: 0.7749  MAE: 0.2535  Corr: 0.9505  clm loss: 3.0663 total loss: 4.5547 bn loss: 0.2352 av loss: 0.7809 text loss: 0.2186
2026-01-16 22:15:56,218 - MMSA [INFO] - VAL-(msalm) >>  Has0_acc_2: 0.8055  Has0_F1_score: 0.8134  Non0_acc_2: 0.8491  Non0_F1_score: 0.8502  Mult_acc_5: 0.5788  Mult_acc_7: 0.5644  MAE: 0.4981  Corr: 0.7739  Loss: 0.4988 
2026-01-16 22:20:26,982 - MMSA [INFO] - TRAIN-(msalm) [10/14/5] >> loss: 0.2458  Has0_acc_2: 0.8784  Has0_F1_score: 0.8826  Non0_acc_2: 0.9687  Non0_F1_score: 0.9687  Mult_acc_5: 0.8064  Mult_acc_7: 0.7832  MAE: 0.2459  Corr: 0.9539  clm loss: 3.0367 total loss: 4.4901 bn loss: 0.222 av loss: 0.7797 text loss: 0.2059
2026-01-16 22:20:36,020 - MMSA [INFO] - VAL-(msalm) >>  Has0_acc_2: 0.7990  Has0_F1_score: 0.8077  Non0_acc_2: 0.8484  Non0_F1_score: 0.8497  Mult_acc_5: 0.5799  Mult_acc_7: 0.5644  MAE: 0.5023  Corr: 0.7751  Loss: 0.5046 
2026-01-16 22:20:57,569 - MMSA [INFO] - TEST-(msalm) >>  Has0_acc_2: 0.8300  Has0_F1_score: 0.8344  Non0_acc_2: 0.8704  Non0_F1_score: 0.8701  Mult_acc_5: 0.5662  Mult_acc_7: 0.5486  MAE: 0.5050  Corr: 0.7992  Loss: 0.5057 
2026-01-16 22:20:59,969 - MMSA [INFO] - Result for seed 1994: {'Has0_acc_2': 0.83, 'Has0_F1_score': 0.8344, 'Non0_acc_2': 0.8704, 'Non0_F1_score': 0.8701, 'Mult_acc_5': 0.5662, 'Mult_acc_7': 0.5486, 'MAE': 0.505, 'Corr': 0.7992, 'Loss': 0.5057, 'seed': 1994}
2026-01-16 22:21:00,018 - MMSA [INFO] - Results saved to MMSA/results/mosei/nf12_k2_0002/thesis-mosei-nf12-k2-02/normal/mosei_avg.csv.
