2025-12-28 18:24:45,726 - MMSA [INFO] - ======================================== Program Start ========================================
2025-12-28 18:24:45,815 - MMSA [INFO] - Running with args:
2025-12-28 18:24:45,815 - MMSA [INFO] - {'model_name': 'msalm', 'dataset_name': 'sims', 'featurePath': '/leonardo_work/EUHPC_A04_051/alexfil/MSA-Datasets/CH-SIMS/unaligned_39.pkl', 'seq_lens': [39, 400, 55], 'feature_dims': [768, 33, 709], 'train_samples': 1368, 'num_classes': 3, 'language': 'cn', 'KeyEval': 'Loss', 'missing_rate': [0.0, 0.0, 0.0], 'missing_seed': [1111, 1111, 1111], 'need_data_aligned': False, 'need_model_aligned': False, 'early_stop': 10, 'use_bert': False, 'use_bert_finetune': False, 'attn_mask': True, 'excludeZero': True, 'update_epochs': 8, 'use_augmentation': False, 'use_m3xup': False, 'hfPath': False, 'use_ulgm': False, 'update_labels_patience': 1, 'H': 3.0, 'del_model': True, 'max_token_len': 39, 'pad_token': '<|endoftext|>', 'lm': '/leonardo_work/EUHPC_A04_051/alexfil/gpt2-chinese-cluecorpussmall', 'use_bf16': False, 'task_out': 1, 'use_clm': True, 'gamma': 1.0, 'l_bn': 1.0, 'l_av': 1.0, 'l_t': 1.0, 'warmup_epochs': 1, 'max_epochs': 100, 'beta_1': 0.9, 'beta_2': 0.95, 'use_lnorm': True, 'rescale': False, 'rescaler': 'sqrt', 'use_seqaug': True, 'n_bn_fusion': 16, 'modded_loss': True, 'embedding_attr_name': 'transformer.wte', 'decoder_layers_attr_name': 'transformer.h', 'mmgpt': {'type': 'gpt2', 'd_out': 64, 'combine': True, 'dropout': 0.1, 'mm_layer': [5, 6, 7, 8, 9, 10, 11], 'top_k': 2, 'layer_dropout': 0.0, 'dense': True, 'tie_ffn': True, 'n_embd': 768, 'bias': True, 'kv_dim': 30, 'n_head': 16, 'd_mm': 768, 'gating': 'sigmoid', 'init_gate': [0.0, 0.0, 0.0, 0.0, 0.0, 0.0, 0.0, 0.0, 0.0, 0.0], 'use_softperm': True, 'p_perm': 0.3, 'p_apply': 0.25, 'use_lora': False, 'lora': {'lora_alpha': 128, 'r': 64, 'lora_dropout': 0.05}}, 'av_enc': {'finetune': True, 'from_pretrained': True, 'path_to_pretrained': '/leonardo_work/EUHPC_A04_051/alexfil/DeepMLF-Reprod/checkpoints/bienc-sims-1990/bienc-sims-1990.pth', 'feature_dims': [768, 33, 709], 'd_enc': 30, 'n_embd': 30, 'n_head': 6, 'nlevels': 3, 'd_enc_out': 30, 'maxlen': 55, 'p_mask': 0.15, 'enc_attn_dropout': 0.1, 'enc_res_dropout': 0.1, 'enc_dropout': 0.1, 'use_softperm': True, 'p_perm': 0.2, 'mask_perm_ratio': 0.5, 'tf_fusion': False, 'use_bn': True, 'use_ln': False}, 'gpt': {'vocab_size': 50257, 'block_size': 1024, 'bias': True, 'n_embd': 1024, 'n_layer': 24, 'n_head': 16, 'dropout': 0.0}, 'batch_size': 32, 'grad_clip': 5.0, 'patience': 10, 'weight_decay_mmgpt': 0.1, 'weight_decay_av': 0.1, 'learning_rate_av': 0.0001, 'learning_rate_mmgpt': 0.0001, 'device': device(type='cuda', index=0), 'train_mode': 'regression', 'custom_feature': None, 'feature_T': '', 'feature_A': '', 'feature_V': ''}
2025-12-28 18:24:45,816 - MMSA [INFO] - Seeds: [1990, 1991, 1992, 1993, 1994]
2025-12-28 18:24:45,816 - MMSA [INFO] - ------------------------------ Running with seed 1990 [1/5] ------------------------------
2025-12-28 18:26:04,697 - MMSA [INFO] - The model has 177638579 trainable parameters
2025-12-28 18:27:20,882 - MMSA [INFO] - ======================================== Program Start ========================================
2025-12-28 18:27:20,984 - MMSA [INFO] - Running with args:
2025-12-28 18:27:20,984 - MMSA [INFO] - {'model_name': 'msalm', 'dataset_name': 'sims', 'featurePath': '/leonardo_work/EUHPC_A04_051/alexfil/MSA-Datasets/CH-SIMS/unaligned_39.pkl', 'seq_lens': [39, 400, 55], 'feature_dims': [768, 33, 709], 'train_samples': 1368, 'num_classes': 3, 'language': 'cn', 'KeyEval': 'Loss', 'missing_rate': [0.0, 0.0, 0.0], 'missing_seed': [1111, 1111, 1111], 'need_data_aligned': False, 'need_model_aligned': False, 'early_stop': 10, 'use_bert': False, 'use_bert_finetune': False, 'attn_mask': True, 'excludeZero': True, 'update_epochs': 8, 'use_augmentation': False, 'use_m3xup': False, 'hfPath': False, 'use_ulgm': False, 'update_labels_patience': 1, 'H': 3.0, 'del_model': True, 'max_token_len': 39, 'pad_token': '<|endoftext|>', 'lm': '/leonardo_work/EUHPC_A04_051/alexfil/gpt2-chinese-cluecorpussmall', 'use_bf16': False, 'task_out': 1, 'use_clm': True, 'gamma': 1.0, 'l_bn': 1.0, 'l_av': 1.0, 'l_t': 1.0, 'warmup_epochs': 1, 'max_epochs': 100, 'beta_1': 0.9, 'beta_2': 0.95, 'use_lnorm': True, 'rescale': False, 'rescaler': 'sqrt', 'use_seqaug': True, 'n_bn_fusion': 16, 'modded_loss': True, 'embedding_attr_name': 'transformer.wte', 'decoder_layers_attr_name': 'transformer.h', 'mmgpt': {'type': 'gpt2', 'd_out': 64, 'combine': True, 'dropout': 0.1, 'mm_layer': [5, 6, 7, 8, 9, 10, 11], 'top_k': 2, 'layer_dropout': 0.0, 'dense': True, 'tie_ffn': True, 'n_embd': 768, 'bias': True, 'kv_dim': 30, 'n_head': 16, 'd_mm': 768, 'gating': 'sigmoid', 'init_gate': [0.0, 0.0, 0.0, 0.0, 0.0, 0.0, 0.0, 0.0, 0.0, 0.0], 'use_softperm': True, 'p_perm': 0.3, 'p_apply': 0.25, 'use_lora': False, 'lora': {'lora_alpha': 128, 'r': 64, 'lora_dropout': 0.05}}, 'av_enc': {'finetune': True, 'from_pretrained': True, 'path_to_pretrained': '/leonardo_work/EUHPC_A04_051/alexfil/DeepMLF-Reprod/checkpoints/bienc-sims-1990/bienc-sims-1990.pth', 'feature_dims': [768, 33, 709], 'd_enc': 30, 'n_embd': 30, 'n_head': 6, 'nlevels': 3, 'd_enc_out': 30, 'maxlen': 55, 'p_mask': 0.15, 'enc_attn_dropout': 0.1, 'enc_res_dropout': 0.1, 'enc_dropout': 0.1, 'use_softperm': True, 'p_perm': 0.2, 'mask_perm_ratio': 0.5, 'tf_fusion': False, 'use_bn': True, 'use_ln': False}, 'gpt': {'vocab_size': 50257, 'block_size': 1024, 'bias': True, 'n_embd': 1024, 'n_layer': 24, 'n_head': 16, 'dropout': 0.0}, 'batch_size': 32, 'grad_clip': 5.0, 'patience': 10, 'weight_decay_mmgpt': 0.1, 'weight_decay_av': 0.1, 'learning_rate_av': 0.0001, 'learning_rate_mmgpt': 0.0001, 'device': device(type='cuda', index=0), 'train_mode': 'regression', 'custom_feature': None, 'feature_T': '', 'feature_A': '', 'feature_V': ''}
2025-12-28 18:27:20,984 - MMSA [INFO] - Seeds: [1990, 1991, 1992, 1993, 1994]
2025-12-28 18:27:20,985 - MMSA [INFO] - ------------------------------ Running with seed 1990 [1/5] ------------------------------
2025-12-28 18:28:41,165 - MMSA [INFO] - The model has 177638579 trainable parameters
2025-12-28 18:28:50,128 - MMSA [INFO] - TRAIN-(msalm) [1/1/1] >> loss: 0.6481  Mult_acc_2: 0.5212  Mult_acc_3: 0.3750  Mult_acc_5: 0.1696  F1_score: 0.5392  MAE: 0.6487  Corr: 0.0394  clm loss: 7.7262 total loss: 11.0919 bn loss: 1.0477 av loss: 0.7053 text loss: 0.9646
2025-12-28 18:28:52,096 - MMSA [INFO] - VAL-(msalm) >>  Mult_acc_2: 0.5066  Mult_acc_3: 0.3640  Mult_acc_5: 0.1908  F1_score: 0.5218  MAE: 0.6461  Corr: 0.0800  Loss: 0.6486 
2025-12-28 18:29:01,094 - MMSA [INFO] - TRAIN-(msalm) [1/2/1] >> loss: 0.6085  Mult_acc_2: 0.5651  Mult_acc_3: 0.4357  Mult_acc_5: 0.2113  F1_score: 0.5809  MAE: 0.6079  Corr: 0.1705  clm loss: 6.6262 total loss: 9.6964 bn loss: 0.8628 av loss: 0.6576 text loss: 0.9414
2025-12-28 18:29:03,032 - MMSA [INFO] - VAL-(msalm) >>  Mult_acc_2: 0.5395  Mult_acc_3: 0.4189  Mult_acc_5: 0.2061  F1_score: 0.5493  MAE: 0.6115  Corr: 0.2938  Loss: 0.6141 
2025-12-28 18:29:11,858 - MMSA [INFO] - TRAIN-(msalm) [1/3/1] >> loss: 0.577  Mult_acc_2: 0.6221  Mult_acc_3: 0.4744  Mult_acc_5: 0.2310  F1_score: 0.6360  MAE: 0.5747  Corr: 0.3081  clm loss: 5.5618 total loss: 8.2878 bn loss: 0.6998 av loss: 0.6279 text loss: 0.8213
2025-12-28 18:29:13,606 - MMSA [INFO] - VAL-(msalm) >>  Mult_acc_2: 0.5943  Mult_acc_3: 0.4825  Mult_acc_5: 0.2149  F1_score: 0.6074  MAE: 0.5616  Corr: 0.4472  Loss: 0.5761 
2025-12-28 18:29:22,443 - MMSA [INFO] - TRAIN-(msalm) [1/4/1] >> loss: 0.5246  Mult_acc_2: 0.6711  Mult_acc_3: 0.5563  Mult_acc_5: 0.2741  F1_score: 0.6830  MAE: 0.5203  Corr: 0.4493  clm loss: 4.8176 total loss: 7.299 bn loss: 0.6247 av loss: 0.6046 text loss: 0.7275
2025-12-28 18:29:24,304 - MMSA [INFO] - VAL-(msalm) >>  Mult_acc_2: 0.5746  Mult_acc_3: 0.4934  Mult_acc_5: 0.2325  F1_score: 0.5846  MAE: 0.5782  Corr: 0.4850  Loss: 0.5883 
2025-12-28 18:29:32,032 - MMSA [INFO] - TRAIN-(msalm) [2/5/1] >> loss: 0.5111  Mult_acc_2: 0.7003  Mult_acc_3: 0.5855  Mult_acc_5: 0.3238  F1_score: 0.7101  MAE: 0.4932  Corr: 0.5110  clm loss: 4.3419 total loss: 6.6551 bn loss: 0.5564 av loss: 0.5837 text loss: 0.662
2025-12-28 18:29:33,720 - MMSA [INFO] - VAL-(msalm) >>  Mult_acc_2: 0.6096  Mult_acc_3: 0.5154  Mult_acc_5: 0.2610  F1_score: 0.6227  MAE: 0.5601  Corr: 0.4962  Loss: 0.5847 
2025-12-28 18:29:41,590 - MMSA [INFO] - TRAIN-(msalm) [3/6/1] >> loss: 0.4894  Mult_acc_2: 0.7244  Mult_acc_3: 0.6075  Mult_acc_5: 0.3209  F1_score: 0.7334  MAE: 0.4675  Corr: 0.5738  clm loss: 4.1333 total loss: 6.3508 bn loss: 0.5174 av loss: 0.5716 text loss: 0.6391
2025-12-28 18:29:43,303 - MMSA [INFO] - VAL-(msalm) >>  Mult_acc_2: 0.6491  Mult_acc_3: 0.5439  Mult_acc_5: 0.2741  F1_score: 0.6629  MAE: 0.5232  Corr: 0.5227  Loss: 0.5393 
2025-12-28 18:29:52,090 - MMSA [INFO] - TRAIN-(msalm) [1/7/1] >> loss: 0.48  Mult_acc_2: 0.7083  Mult_acc_3: 0.6053  Mult_acc_5: 0.3319  F1_score: 0.7174  MAE: 0.4632  Corr: 0.5630  clm loss: 4.0682 total loss: 6.2132 bn loss: 0.5065 av loss: 0.5528 text loss: 0.6057
2025-12-28 18:29:53,786 - MMSA [INFO] - VAL-(msalm) >>  Mult_acc_2: 0.6075  Mult_acc_3: 0.5373  Mult_acc_5: 0.2654  F1_score: 0.6207  MAE: 0.5357  Corr: 0.5276  Loss: 0.5586 
2025-12-28 18:30:01,477 - MMSA [INFO] - TRAIN-(msalm) [2/8/1] >> loss: 0.4669  Mult_acc_2: 0.7361  Mult_acc_3: 0.6235  Mult_acc_5: 0.3319  F1_score: 0.7427  MAE: 0.4488  Corr: 0.5922  clm loss: 3.9605 total loss: 6.0756 bn loss: 0.5047 av loss: 0.5429 text loss: 0.6006
2025-12-28 18:30:03,159 - MMSA [INFO] - VAL-(msalm) >>  Mult_acc_2: 0.6294  Mult_acc_3: 0.5439  Mult_acc_5: 0.2807  F1_score: 0.6431  MAE: 0.5184  Corr: 0.5432  Loss: 0.5357 
2025-12-28 18:30:11,893 - MMSA [INFO] - TRAIN-(msalm) [1/9/1] >> loss: 0.4514  Mult_acc_2: 0.7376  Mult_acc_3: 0.6192  Mult_acc_5: 0.3465  F1_score: 0.7441  MAE: 0.4381  Corr: 0.6058  clm loss: 3.8001 total loss: 5.864 bn loss: 0.5008 av loss: 0.5262 text loss: 0.5855
2025-12-28 18:30:13,617 - MMSA [INFO] - VAL-(msalm) >>  Mult_acc_2: 0.6579  Mult_acc_3: 0.5395  Mult_acc_5: 0.2697  F1_score: 0.6714  MAE: 0.4934  Corr: 0.5517  Loss: 0.5186 
2025-12-28 18:30:22,431 - MMSA [INFO] - TRAIN-(msalm) [1/10/1] >> loss: 0.4588  Mult_acc_2: 0.7412  Mult_acc_3: 0.6287  Mult_acc_5: 0.3538  F1_score: 0.7479  MAE: 0.4470  Corr: 0.5856  clm loss: 3.6864 total loss: 5.7387 bn loss: 0.5062 av loss: 0.5186 text loss: 0.5686
2025-12-28 18:30:24,272 - MMSA [INFO] - VAL-(msalm) >>  Mult_acc_2: 0.6711  Mult_acc_3: 0.5658  Mult_acc_5: 0.3004  F1_score: 0.6838  MAE: 0.4812  Corr: 0.5554  Loss: 0.4860 
2025-12-28 18:30:33,059 - MMSA [INFO] - TRAIN-(msalm) [1/11/1] >> loss: 0.4359  Mult_acc_2: 0.7558  Mult_acc_3: 0.6418  Mult_acc_5: 0.3662  F1_score: 0.7619  MAE: 0.4236  Corr: 0.6277  clm loss: 3.5396 total loss: 5.5326 bn loss: 0.4932 av loss: 0.5061 text loss: 0.5578
2025-12-28 18:30:34,813 - MMSA [INFO] - VAL-(msalm) >>  Mult_acc_2: 0.6711  Mult_acc_3: 0.5570  Mult_acc_5: 0.3070  F1_score: 0.6839  MAE: 0.4787  Corr: 0.5628  Loss: 0.4912 
2025-12-28 18:30:42,575 - MMSA [INFO] - TRAIN-(msalm) [2/12/1] >> loss: 0.4411  Mult_acc_2: 0.7624  Mult_acc_3: 0.6425  Mult_acc_5: 0.3911  F1_score: 0.7671  MAE: 0.4207  Corr: 0.6257  clm loss: 3.4754 total loss: 5.4671 bn loss: 0.4929 av loss: 0.4976 text loss: 0.5601
2025-12-28 18:30:44,280 - MMSA [INFO] - VAL-(msalm) >>  Mult_acc_2: 0.6864  Mult_acc_3: 0.5768  Mult_acc_5: 0.3246  F1_score: 0.6984  MAE: 0.4690  Corr: 0.5772  Loss: 0.4900 
2025-12-28 18:30:51,963 - MMSA [INFO] - TRAIN-(msalm) [3/13/1] >> loss: 0.4168  Mult_acc_2: 0.7675  Mult_acc_3: 0.6652  Mult_acc_5: 0.3962  F1_score: 0.7728  MAE: 0.4001  Corr: 0.6714  clm loss: 3.3541 total loss: 5.2612 bn loss: 0.4782 av loss: 0.4832 text loss: 0.5287
2025-12-28 18:30:53,868 - MMSA [INFO] - VAL-(msalm) >>  Mult_acc_2: 0.7281  Mult_acc_3: 0.6294  Mult_acc_5: 0.3618  F1_score: 0.7360  MAE: 0.4486  Corr: 0.5868  Loss: 0.4641 
2025-12-28 18:31:02,645 - MMSA [INFO] - TRAIN-(msalm) [1/14/1] >> loss: 0.4238  Mult_acc_2: 0.7639  Mult_acc_3: 0.6542  Mult_acc_5: 0.3838  F1_score: 0.7693  MAE: 0.4095  Corr: 0.6496  clm loss: 3.3329 total loss: 5.222 bn loss: 0.4693 av loss: 0.4827 text loss: 0.5132
2025-12-28 18:31:04,355 - MMSA [INFO] - VAL-(msalm) >>  Mult_acc_2: 0.7434  Mult_acc_3: 0.6491  Mult_acc_5: 0.3750  F1_score: 0.7473  MAE: 0.4372  Corr: 0.5908  Loss: 0.4531 
2025-12-28 18:31:13,094 - MMSA [INFO] - TRAIN-(msalm) [1/15/1] >> loss: 0.4299  Mult_acc_2: 0.7654  Mult_acc_3: 0.6564  Mult_acc_5: 0.3692  F1_score: 0.7707  MAE: 0.4165  Corr: 0.6432  clm loss: 3.3296 total loss: 5.2136 bn loss: 0.4632 av loss: 0.4779 text loss: 0.5129
2025-12-28 18:31:14,845 - MMSA [INFO] - VAL-(msalm) >>  Mult_acc_2: 0.6996  Mult_acc_3: 0.5877  Mult_acc_5: 0.3333  F1_score: 0.7110  MAE: 0.4518  Corr: 0.6072  Loss: 0.4755 
2025-12-28 18:31:22,535 - MMSA [INFO] - TRAIN-(msalm) [2/16/1] >> loss: 0.4221  Mult_acc_2: 0.7756  Mult_acc_3: 0.6594  Mult_acc_5: 0.3787  F1_score: 0.7803  MAE: 0.3999  Corr: 0.6691  clm loss: 3.2926 total loss: 5.1753 bn loss: 0.4538 av loss: 0.4692 text loss: 0.5375
2025-12-28 18:31:24,289 - MMSA [INFO] - VAL-(msalm) >>  Mult_acc_2: 0.6360  Mult_acc_3: 0.5482  Mult_acc_5: 0.3026  F1_score: 0.6497  MAE: 0.4784  Corr: 0.6130  Loss: 0.5068 
2025-12-28 18:31:32,003 - MMSA [INFO] - TRAIN-(msalm) [3/17/1] >> loss: 0.4046  Mult_acc_2: 0.7917  Mult_acc_3: 0.6827  Mult_acc_5: 0.4203  F1_score: 0.7953  MAE: 0.3869  Corr: 0.6904  clm loss: 3.2684 total loss: 5.1017 bn loss: 0.4544 av loss: 0.4729 text loss: 0.5014
2025-12-28 18:31:33,726 - MMSA [INFO] - VAL-(msalm) >>  Mult_acc_2: 0.6952  Mult_acc_3: 0.5855  Mult_acc_5: 0.3136  F1_score: 0.7073  MAE: 0.4573  Corr: 0.6223  Loss: 0.4689 
2025-12-28 18:31:41,466 - MMSA [INFO] - TRAIN-(msalm) [4/18/1] >> loss: 0.4241  Mult_acc_2: 0.7756  Mult_acc_3: 0.6594  Mult_acc_5: 0.3567  F1_score: 0.7790  MAE: 0.4095  Corr: 0.6580  clm loss: 3.2767 total loss: 5.0901 bn loss: 0.4491 av loss: 0.4711 text loss: 0.4691
2025-12-28 18:31:43,182 - MMSA [INFO] - VAL-(msalm) >>  Mult_acc_2: 0.7259  Mult_acc_3: 0.6206  Mult_acc_5: 0.3531  F1_score: 0.7357  MAE: 0.4340  Corr: 0.6240  Loss: 0.4452 
2025-12-28 18:31:52,105 - MMSA [INFO] - TRAIN-(msalm) [1/19/1] >> loss: 0.4072  Mult_acc_2: 0.7792  Mult_acc_3: 0.6630  Mult_acc_5: 0.3962  F1_score: 0.7821  MAE: 0.3940  Corr: 0.6709  clm loss: 3.2926 total loss: 5.0583 bn loss: 0.4421 av loss: 0.4681 text loss: 0.4482
2025-12-28 18:31:53,779 - MMSA [INFO] - VAL-(msalm) >>  Mult_acc_2: 0.7193  Mult_acc_3: 0.6162  Mult_acc_5: 0.3596  F1_score: 0.7289  MAE: 0.4260  Corr: 0.6224  Loss: 0.4404 
2025-12-28 18:32:02,648 - MMSA [INFO] - TRAIN-(msalm) [1/20/1] >> loss: 0.401  Mult_acc_2: 0.7851  Mult_acc_3: 0.6849  Mult_acc_5: 0.3984  F1_score: 0.7886  MAE: 0.3832  Corr: 0.6984  clm loss: 3.2497 total loss: 4.9926 bn loss: 0.4301 av loss: 0.4702 text loss: 0.4417
2025-12-28 18:32:04,374 - MMSA [INFO] - VAL-(msalm) >>  Mult_acc_2: 0.6864  Mult_acc_3: 0.6075  Mult_acc_5: 0.3553  F1_score: 0.6988  MAE: 0.4408  Corr: 0.6242  Loss: 0.4656 
2025-12-28 18:32:12,293 - MMSA [INFO] - TRAIN-(msalm) [2/21/1] >> loss: 0.3929  Mult_acc_2: 0.7924  Mult_acc_3: 0.6923  Mult_acc_5: 0.4145  F1_score: 0.7956  MAE: 0.3739  Corr: 0.7068  clm loss: 3.2026 total loss: 4.9346 bn loss: 0.4272 av loss: 0.4656 text loss: 0.4463
2025-12-28 18:32:14,048 - MMSA [INFO] - VAL-(msalm) >>  Mult_acc_2: 0.7127  Mult_acc_3: 0.6316  Mult_acc_5: 0.3684  F1_score: 0.7235  MAE: 0.4310  Corr: 0.6283  Loss: 0.4494 
2025-12-28 18:32:21,888 - MMSA [INFO] - TRAIN-(msalm) [3/22/1] >> loss: 0.381  Mult_acc_2: 0.8041  Mult_acc_3: 0.6937  Mult_acc_5: 0.4211  F1_score: 0.8072  MAE: 0.3700  Corr: 0.7195  clm loss: 3.1896 total loss: 4.8833 bn loss: 0.4197 av loss: 0.4662 text loss: 0.4269
2025-12-28 18:32:23,811 - MMSA [INFO] - VAL-(msalm) >>  Mult_acc_2: 0.7237  Mult_acc_3: 0.6360  Mult_acc_5: 0.3816  F1_score: 0.7340  MAE: 0.4280  Corr: 0.6367  Loss: 0.4449 
2025-12-28 18:32:31,658 - MMSA [INFO] - TRAIN-(msalm) [4/23/1] >> loss: 0.3816  Mult_acc_2: 0.8056  Mult_acc_3: 0.6908  Mult_acc_5: 0.4101  F1_score: 0.8089  MAE: 0.3642  Corr: 0.7268  clm loss: 3.1725 total loss: 4.8555 bn loss: 0.4129 av loss: 0.4675 text loss: 0.421
2025-12-28 18:32:33,410 - MMSA [INFO] - VAL-(msalm) >>  Mult_acc_2: 0.7895  Mult_acc_3: 0.6316  Mult_acc_5: 0.3947  F1_score: 0.7934  MAE: 0.4077  Corr: 0.6314  Loss: 0.4390 
2025-12-28 18:32:42,396 - MMSA [INFO] - TRAIN-(msalm) [1/24/1] >> loss: 0.364  Mult_acc_2: 0.8121  Mult_acc_3: 0.7105  Mult_acc_5: 0.4496  F1_score: 0.8149  MAE: 0.3431  Corr: 0.7539  clm loss: 3.1964 total loss: 4.8286 bn loss: 0.4068 av loss: 0.4574 text loss: 0.4041
2025-12-28 18:32:44,063 - MMSA [INFO] - VAL-(msalm) >>  Mult_acc_2: 0.7741  Mult_acc_3: 0.6404  Mult_acc_5: 0.4013  F1_score: 0.7785  MAE: 0.4080  Corr: 0.6314  Loss: 0.4367 
2025-12-28 18:32:52,976 - MMSA [INFO] - TRAIN-(msalm) [1/25/1] >> loss: 0.362  Mult_acc_2: 0.8077  Mult_acc_3: 0.7120  Mult_acc_5: 0.4503  F1_score: 0.8115  MAE: 0.3441  Corr: 0.7538  clm loss: 3.1489 total loss: 4.7713 bn loss: 0.398 av loss: 0.4578 text loss: 0.4046
2025-12-28 18:32:54,680 - MMSA [INFO] - VAL-(msalm) >>  Mult_acc_2: 0.7763  Mult_acc_3: 0.6645  Mult_acc_5: 0.4123  F1_score: 0.7819  MAE: 0.4054  Corr: 0.6434  Loss: 0.4212 
2025-12-28 18:33:03,485 - MMSA [INFO] - TRAIN-(msalm) [1/26/1] >> loss: 0.355  Mult_acc_2: 0.8260  Mult_acc_3: 0.7237  Mult_acc_5: 0.4678  F1_score: 0.8287  MAE: 0.3393  Corr: 0.7599  clm loss: 3.1188 total loss: 4.721 bn loss: 0.3918 av loss: 0.4563 text loss: 0.3992
2025-12-28 18:33:05,185 - MMSA [INFO] - VAL-(msalm) >>  Mult_acc_2: 0.7851  Mult_acc_3: 0.6667  Mult_acc_5: 0.3947  F1_score: 0.7897  MAE: 0.4095  Corr: 0.6426  Loss: 0.4342 
2025-12-28 18:33:13,061 - MMSA [INFO] - TRAIN-(msalm) [2/27/1] >> loss: 0.3475  Mult_acc_2: 0.8216  Mult_acc_3: 0.7222  Mult_acc_5: 0.4547  F1_score: 0.8236  MAE: 0.3308  Corr: 0.7674  clm loss: 3.1243 total loss: 4.695 bn loss: 0.3738 av loss: 0.4549 text loss: 0.3946
2025-12-28 18:33:14,793 - MMSA [INFO] - VAL-(msalm) >>  Mult_acc_2: 0.7982  Mult_acc_3: 0.6689  Mult_acc_5: 0.3991  F1_score: 0.8008  MAE: 0.3982  Corr: 0.6533  Loss: 0.4174 
2025-12-28 18:33:23,665 - MMSA [INFO] - TRAIN-(msalm) [1/28/1] >> loss: 0.3416  Mult_acc_2: 0.8282  Mult_acc_3: 0.7295  Mult_acc_5: 0.4766  F1_score: 0.8302  MAE: 0.3255  Corr: 0.7826  clm loss: 3.0849 total loss: 4.6621 bn loss: 0.3796 av loss: 0.4555 text loss: 0.4005
2025-12-28 18:33:25,708 - MMSA [INFO] - VAL-(msalm) >>  Mult_acc_2: 0.7873  Mult_acc_3: 0.6776  Mult_acc_5: 0.4123  F1_score: 0.7917  MAE: 0.4008  Corr: 0.6458  Loss: 0.4333 
2025-12-28 18:33:33,487 - MMSA [INFO] - TRAIN-(msalm) [2/29/1] >> loss: 0.3501  Mult_acc_2: 0.8194  Mult_acc_3: 0.7251  Mult_acc_5: 0.4678  F1_score: 0.8222  MAE: 0.3280  Corr: 0.7694  clm loss: 3.1026 total loss: 4.701 bn loss: 0.3881 av loss: 0.4617 text loss: 0.3984
2025-12-28 18:33:35,187 - MMSA [INFO] - VAL-(msalm) >>  Mult_acc_2: 0.7390  Mult_acc_3: 0.6645  Mult_acc_5: 0.3925  F1_score: 0.7482  MAE: 0.4146  Corr: 0.6556  Loss: 0.4349 
2025-12-28 18:33:43,016 - MMSA [INFO] - TRAIN-(msalm) [3/30/1] >> loss: 0.338  Mult_acc_2: 0.8187  Mult_acc_3: 0.7361  Mult_acc_5: 0.4825  F1_score: 0.8211  MAE: 0.3219  Corr: 0.7803  clm loss: 3.0988 total loss: 4.7174 bn loss: 0.4071 av loss: 0.4592 text loss: 0.4143
2025-12-28 18:33:44,734 - MMSA [INFO] - VAL-(msalm) >>  Mult_acc_2: 0.7478  Mult_acc_3: 0.6601  Mult_acc_5: 0.3860  F1_score: 0.7561  MAE: 0.4105  Corr: 0.6568  Loss: 0.4306 
2025-12-28 18:33:52,539 - MMSA [INFO] - TRAIN-(msalm) [4/31/1] >> loss: 0.351  Mult_acc_2: 0.8099  Mult_acc_3: 0.7266  Mult_acc_5: 0.4620  F1_score: 0.8134  MAE: 0.3345  Corr: 0.7677  clm loss: 3.0851 total loss: 4.6912 bn loss: 0.3759 av loss: 0.4631 text loss: 0.416
2025-12-28 18:33:54,263 - MMSA [INFO] - VAL-(msalm) >>  Mult_acc_2: 0.7632  Mult_acc_3: 0.6711  Mult_acc_5: 0.4123  F1_score: 0.7691  MAE: 0.3994  Corr: 0.6561  Loss: 0.4274 
2025-12-28 18:34:02,097 - MMSA [INFO] - TRAIN-(msalm) [5/32/1] >> loss: 0.324  Mult_acc_2: 0.8326  Mult_acc_3: 0.7332  Mult_acc_5: 0.4963  F1_score: 0.8360  MAE: 0.3088  Corr: 0.7990  clm loss: 3.0475 total loss: 4.5649 bn loss: 0.3552 av loss: 0.4488 text loss: 0.3894
2025-12-28 18:34:03,774 - MMSA [INFO] - VAL-(msalm) >>  Mult_acc_2: 0.7873  Mult_acc_3: 0.6798  Mult_acc_5: 0.4342  F1_score: 0.7905  MAE: 0.3930  Corr: 0.6520  Loss: 0.4311 
2025-12-28 18:34:11,561 - MMSA [INFO] - TRAIN-(msalm) [6/33/1] >> loss: 0.3328  Mult_acc_2: 0.8246  Mult_acc_3: 0.7398  Mult_acc_5: 0.4912  F1_score: 0.8281  MAE: 0.3130  Corr: 0.7901  clm loss: 3.0544 total loss: 4.569 bn loss: 0.3533 av loss: 0.4587 text loss: 0.3697
2025-12-28 18:34:13,286 - MMSA [INFO] - VAL-(msalm) >>  Mult_acc_2: 0.7807  Mult_acc_3: 0.6689  Mult_acc_5: 0.4123  F1_score: 0.7842  MAE: 0.3969  Corr: 0.6519  Loss: 0.4136 
2025-12-28 18:34:22,159 - MMSA [INFO] - TRAIN-(msalm) [1/34/1] >> loss: 0.3294  Mult_acc_2: 0.8260  Mult_acc_3: 0.7325  Mult_acc_5: 0.4846  F1_score: 0.8297  MAE: 0.3169  Corr: 0.7908  clm loss: 3.0026 total loss: 4.5022 bn loss: 0.3548 av loss: 0.4583 text loss: 0.357
2025-12-28 18:34:23,832 - MMSA [INFO] - VAL-(msalm) >>  Mult_acc_2: 0.7829  Mult_acc_3: 0.6754  Mult_acc_5: 0.4123  F1_score: 0.7868  MAE: 0.3958  Corr: 0.6516  Loss: 0.4133 
2025-12-28 18:34:32,738 - MMSA [INFO] - TRAIN-(msalm) [1/35/1] >> loss: 0.3198  Mult_acc_2: 0.8370  Mult_acc_3: 0.7449  Mult_acc_5: 0.4956  F1_score: 0.8400  MAE: 0.3073  Corr: 0.8051  clm loss: 3.0004 total loss: 4.4896 bn loss: 0.3493 av loss: 0.459 text loss: 0.3611
2025-12-28 18:34:34,434 - MMSA [INFO] - VAL-(msalm) >>  Mult_acc_2: 0.7939  Mult_acc_3: 0.6711  Mult_acc_5: 0.4167  F1_score: 0.7961  MAE: 0.3922  Corr: 0.6578  Loss: 0.4022 
2025-12-28 18:34:43,570 - MMSA [INFO] - TRAIN-(msalm) [1/36/1] >> loss: 0.3085  Mult_acc_2: 0.8363  Mult_acc_3: 0.7471  Mult_acc_5: 0.5249  F1_score: 0.8390  MAE: 0.2936  Corr: 0.8115  clm loss: 2.9911 total loss: 4.4482 bn loss: 0.3438 av loss: 0.4599 text loss: 0.345
2025-12-28 18:34:45,276 - MMSA [INFO] - VAL-(msalm) >>  Mult_acc_2: 0.7785  Mult_acc_3: 0.6754  Mult_acc_5: 0.4211  F1_score: 0.7825  MAE: 0.3902  Corr: 0.6665  Loss: 0.4089 
2025-12-28 18:34:53,042 - MMSA [INFO] - TRAIN-(msalm) [2/37/1] >> loss: 0.3034  Mult_acc_2: 0.8450  Mult_acc_3: 0.7471  Mult_acc_5: 0.5227  F1_score: 0.8477  MAE: 0.2849  Corr: 0.8211  clm loss: 2.9984 total loss: 4.4724 bn loss: 0.3574 av loss: 0.4518 text loss: 0.3615
2025-12-28 18:34:54,737 - MMSA [INFO] - VAL-(msalm) >>  Mult_acc_2: 0.7654  Mult_acc_3: 0.6667  Mult_acc_5: 0.4079  F1_score: 0.7714  MAE: 0.3951  Corr: 0.6624  Loss: 0.4059 
2025-12-28 18:35:02,570 - MMSA [INFO] - TRAIN-(msalm) [3/38/1] >> loss: 0.2996  Mult_acc_2: 0.8443  Mult_acc_3: 0.7617  Mult_acc_5: 0.5175  F1_score: 0.8474  MAE: 0.2853  Corr: 0.8273  clm loss: 2.9733 total loss: 4.4235 bn loss: 0.3358 av loss: 0.4541 text loss: 0.3606
2025-12-28 18:35:04,286 - MMSA [INFO] - VAL-(msalm) >>  Mult_acc_2: 0.7697  Mult_acc_3: 0.6711  Mult_acc_5: 0.4079  F1_score: 0.7732  MAE: 0.3951  Corr: 0.6623  Loss: 0.4068 
2025-12-28 18:35:12,055 - MMSA [INFO] - TRAIN-(msalm) [4/39/1] >> loss: 0.3104  Mult_acc_2: 0.8311  Mult_acc_3: 0.7427  Mult_acc_5: 0.5037  F1_score: 0.8348  MAE: 0.2948  Corr: 0.8173  clm loss: 3.0006 total loss: 4.4371 bn loss: 0.3295 av loss: 0.4512 text loss: 0.3454
2025-12-28 18:35:13,761 - MMSA [INFO] - VAL-(msalm) >>  Mult_acc_2: 0.7632  Mult_acc_3: 0.6667  Mult_acc_5: 0.4298  F1_score: 0.7691  MAE: 0.3906  Corr: 0.6625  Loss: 0.4186 
2025-12-28 18:35:21,672 - MMSA [INFO] - TRAIN-(msalm) [5/40/1] >> loss: 0.3106  Mult_acc_2: 0.8377  Mult_acc_3: 0.7573  Mult_acc_5: 0.5278  F1_score: 0.8407  MAE: 0.2937  Corr: 0.8143  clm loss: 2.9758 total loss: 4.446 bn loss: 0.3314 av loss: 0.462 text loss: 0.3661
2025-12-28 18:35:23,503 - MMSA [INFO] - VAL-(msalm) >>  Mult_acc_2: 0.7785  Mult_acc_3: 0.6667  Mult_acc_5: 0.4254  F1_score: 0.7818  MAE: 0.3874  Corr: 0.6604  Loss: 0.4030 
2025-12-28 18:35:31,272 - MMSA [INFO] - TRAIN-(msalm) [6/41/1] >> loss: 0.2985  Mult_acc_2: 0.8582  Mult_acc_3: 0.7551  Mult_acc_5: 0.5278  F1_score: 0.8606  MAE: 0.2805  Corr: 0.8294  clm loss: 2.942 total loss: 4.3739 bn loss: 0.3286 av loss: 0.4561 text loss: 0.3487
2025-12-28 18:35:32,934 - MMSA [INFO] - VAL-(msalm) >>  Mult_acc_2: 0.7566  Mult_acc_3: 0.6667  Mult_acc_5: 0.4101  F1_score: 0.7633  MAE: 0.3961  Corr: 0.6589  Loss: 0.4084 
2025-12-28 18:35:40,686 - MMSA [INFO] - TRAIN-(msalm) [7/42/1] >> loss: 0.287  Mult_acc_2: 0.8538  Mult_acc_3: 0.7624  Mult_acc_5: 0.5373  F1_score: 0.8566  MAE: 0.2716  Corr: 0.8427  clm loss: 2.9414 total loss: 4.3557 bn loss: 0.3305 av loss: 0.4493 text loss: 0.3475
2025-12-28 18:35:42,406 - MMSA [INFO] - VAL-(msalm) >>  Mult_acc_2: 0.7610  Mult_acc_3: 0.6579  Mult_acc_5: 0.3991  F1_score: 0.7685  MAE: 0.4028  Corr: 0.6577  Loss: 0.4272 
2025-12-28 18:35:50,257 - MMSA [INFO] - TRAIN-(msalm) [8/43/1] >> loss: 0.2977  Mult_acc_2: 0.8253  Mult_acc_3: 0.7346  Mult_acc_5: 0.5102  F1_score: 0.8288  MAE: 0.2794  Corr: 0.8356  clm loss: 2.9516 total loss: 4.3737 bn loss: 0.3289 av loss: 0.4567 text loss: 0.3388
2025-12-28 18:35:52,000 - MMSA [INFO] - VAL-(msalm) >>  Mult_acc_2: 0.7675  Mult_acc_3: 0.6557  Mult_acc_5: 0.4123  F1_score: 0.7750  MAE: 0.4052  Corr: 0.6527  Loss: 0.4183 
2025-12-28 18:36:00,047 - MMSA [INFO] - TRAIN-(msalm) [9/44/1] >> loss: 0.2754  Mult_acc_2: 0.8553  Mult_acc_3: 0.7785  Mult_acc_5: 0.5556  F1_score: 0.8583  MAE: 0.2609  Corr: 0.8591  clm loss: 2.8722 total loss: 4.2253 bn loss: 0.3067 av loss: 0.4511 text loss: 0.3199
2025-12-28 18:36:01,742 - MMSA [INFO] - VAL-(msalm) >>  Mult_acc_2: 0.7719  Mult_acc_3: 0.6535  Mult_acc_5: 0.3925  F1_score: 0.7781  MAE: 0.4041  Corr: 0.6521  Loss: 0.4193 
2025-12-28 18:36:09,590 - MMSA [INFO] - TRAIN-(msalm) [10/45/1] >> loss: 0.2753  Mult_acc_2: 0.8560  Mult_acc_3: 0.7712  Mult_acc_5: 0.5439  F1_score: 0.8587  MAE: 0.2610  Corr: 0.8577  clm loss: 2.8839 total loss: 4.2433 bn loss: 0.3059 av loss: 0.4507 text loss: 0.3274
2025-12-28 18:36:11,328 - MMSA [INFO] - VAL-(msalm) >>  Mult_acc_2: 0.7675  Mult_acc_3: 0.6513  Mult_acc_5: 0.4035  F1_score: 0.7728  MAE: 0.4006  Corr: 0.6545  Loss: 0.4128 
2025-12-28 18:36:13,467 - MMSA [INFO] - TEST-(msalm) >>  Mult_acc_2: 0.8140  Mult_acc_3: 0.6740  Mult_acc_5: 0.4179  F1_score: 0.8159  MAE: 0.3793  Corr: 0.7047  Loss: 0.3846 
2025-12-28 18:36:14,770 - MMSA [INFO] - Result for seed 1990: {'Mult_acc_2': 0.814, 'Mult_acc_3': 0.674, 'Mult_acc_5': 0.4179, 'F1_score': 0.8159, 'MAE': 0.3793, 'Corr': 0.7047, 'Loss': 0.3846, 'seed': 1990}
2025-12-28 18:36:14,771 - MMSA [INFO] - ------------------------------ Running with seed 1991 [2/5] ------------------------------
2025-12-28 18:37:31,745 - MMSA [INFO] - The model has 177638579 trainable parameters
2025-12-28 18:37:39,676 - MMSA [INFO] - TRAIN-(msalm) [1/1/2] >> loss: 0.6685  Mult_acc_2: 0.4883  Mult_acc_3: 0.3589  Mult_acc_5: 0.1732  F1_score: 0.5043  MAE: 0.6683  Corr: 0.0554  clm loss: 7.7199 total loss: 11.0365 bn loss: 0.9055 av loss: 0.6673 text loss: 1.0753
2025-12-28 18:37:41,374 - MMSA [INFO] - VAL-(msalm) >>  Mult_acc_2: 0.5833  Mult_acc_3: 0.4167  Mult_acc_5: 0.1754  F1_score: 0.5966  MAE: 0.6267  Corr: 0.1324  Loss: 0.6187 
2025-12-28 18:37:50,401 - MMSA [INFO] - TRAIN-(msalm) [1/2/2] >> loss: 0.6133  Mult_acc_2: 0.5504  Mult_acc_3: 0.4349  Mult_acc_5: 0.2105  F1_score: 0.5661  MAE: 0.6138  Corr: 0.2449  clm loss: 6.5909 total loss: 9.5077 bn loss: 0.7531 av loss: 0.5994 text loss: 0.9511
2025-12-28 18:37:52,208 - MMSA [INFO] - VAL-(msalm) >>  Mult_acc_2: 0.6206  Mult_acc_3: 0.5000  Mult_acc_5: 0.2171  F1_score: 0.6269  MAE: 0.5596  Corr: 0.3452  Loss: 0.5631 
2025-12-28 18:38:01,264 - MMSA [INFO] - TRAIN-(msalm) [1/3/2] >> loss: 0.5693  Mult_acc_2: 0.6096  Mult_acc_3: 0.5007  Mult_acc_5: 0.2485  F1_score: 0.6242  MAE: 0.5648  Corr: 0.3965  clm loss: 5.4495 total loss: 7.9837 bn loss: 0.6349 av loss: 0.5846 text loss: 0.7454
2025-12-28 18:38:03,040 - MMSA [INFO] - VAL-(msalm) >>  Mult_acc_2: 0.6316  Mult_acc_3: 0.5110  Mult_acc_5: 0.2522  F1_score: 0.6436  MAE: 0.5435  Corr: 0.4243  Loss: 0.5549 
2025-12-28 18:38:12,011 - MMSA [INFO] - TRAIN-(msalm) [1/4/2] >> loss: 0.5475  Mult_acc_2: 0.6367  Mult_acc_3: 0.5358  Mult_acc_5: 0.2807  F1_score: 0.6508  MAE: 0.5349  Corr: 0.4751  clm loss: 4.6314 total loss: 7.0088 bn loss: 0.5803 av loss: 0.5689 text loss: 0.6807
2025-12-28 18:38:13,852 - MMSA [INFO] - VAL-(msalm) >>  Mult_acc_2: 0.6469  Mult_acc_3: 0.5724  Mult_acc_5: 0.3004  F1_score: 0.6605  MAE: 0.5288  Corr: 0.4782  Loss: 0.5551 
2025-12-28 18:38:21,757 - MMSA [INFO] - TRAIN-(msalm) [2/5/2] >> loss: 0.5438  Mult_acc_2: 0.6718  Mult_acc_3: 0.5694  Mult_acc_5: 0.3092  F1_score: 0.6845  MAE: 0.5178  Corr: 0.5041  clm loss: 4.2045 total loss: 6.4579 bn loss: 0.54 av loss: 0.5488 text loss: 0.6209
2025-12-28 18:38:23,565 - MMSA [INFO] - VAL-(msalm) >>  Mult_acc_2: 0.6404  Mult_acc_3: 0.5768  Mult_acc_5: 0.3026  F1_score: 0.6540  MAE: 0.5159  Corr: 0.4958  Loss: 0.5437 
2025-12-28 18:38:32,519 - MMSA [INFO] - TRAIN-(msalm) [1/6/2] >> loss: 0.5145  Mult_acc_2: 0.6893  Mult_acc_3: 0.5950  Mult_acc_5: 0.3355  F1_score: 0.7013  MAE: 0.4924  Corr: 0.5407  clm loss: 3.9748 total loss: 6.143 bn loss: 0.517 av loss: 0.5316 text loss: 0.6052
2025-12-28 18:38:34,311 - MMSA [INFO] - VAL-(msalm) >>  Mult_acc_2: 0.6294  Mult_acc_3: 0.5592  Mult_acc_5: 0.2785  F1_score: 0.6440  MAE: 0.5184  Corr: 0.5154  Loss: 0.5382 
2025-12-28 18:38:43,365 - MMSA [INFO] - TRAIN-(msalm) [1/7/2] >> loss: 0.514  Mult_acc_2: 0.6725  Mult_acc_3: 0.5716  Mult_acc_5: 0.3012  F1_score: 0.6850  MAE: 0.4989  Corr: 0.5264  clm loss: 3.8545 total loss: 6.0076 bn loss: 0.5143 av loss: 0.527 text loss: 0.5979
2025-12-28 18:38:45,129 - MMSA [INFO] - VAL-(msalm) >>  Mult_acc_2: 0.6491  Mult_acc_3: 0.5329  Mult_acc_5: 0.2632  F1_score: 0.6629  MAE: 0.5096  Corr: 0.5319  Loss: 0.5262 
2025-12-28 18:38:54,138 - MMSA [INFO] - TRAIN-(msalm) [1/8/2] >> loss: 0.4942  Mult_acc_2: 0.6923  Mult_acc_3: 0.6001  Mult_acc_5: 0.3143  F1_score: 0.7035  MAE: 0.4818  Corr: 0.5497  clm loss: 3.7169 total loss: 5.8047 bn loss: 0.4959 av loss: 0.5127 text loss: 0.585
2025-12-28 18:38:55,945 - MMSA [INFO] - VAL-(msalm) >>  Mult_acc_2: 0.6623  Mult_acc_3: 0.5614  Mult_acc_5: 0.2961  F1_score: 0.6749  MAE: 0.4950  Corr: 0.5414  Loss: 0.5209 
2025-12-28 18:39:05,226 - MMSA [INFO] - TRAIN-(msalm) [1/9/2] >> loss: 0.4815  Mult_acc_2: 0.7113  Mult_acc_3: 0.5958  Mult_acc_5: 0.3099  F1_score: 0.7218  MAE: 0.4710  Corr: 0.5814  clm loss: 3.6163 total loss: 5.678 bn loss: 0.492 av loss: 0.5095 text loss: 0.5787
2025-12-28 18:39:07,099 - MMSA [INFO] - VAL-(msalm) >>  Mult_acc_2: 0.6689  Mult_acc_3: 0.5592  Mult_acc_5: 0.3158  F1_score: 0.6817  MAE: 0.4973  Corr: 0.5418  Loss: 0.5224 
2025-12-28 18:39:15,080 - MMSA [INFO] - TRAIN-(msalm) [2/10/2] >> loss: 0.4686  Mult_acc_2: 0.7193  Mult_acc_3: 0.6075  Mult_acc_5: 0.3501  F1_score: 0.7293  MAE: 0.4543  Corr: 0.5844  clm loss: 3.4551 total loss: 5.4969 bn loss: 0.5039 av loss: 0.5057 text loss: 0.5636
2025-12-28 18:39:16,850 - MMSA [INFO] - VAL-(msalm) >>  Mult_acc_2: 0.6447  Mult_acc_3: 0.5680  Mult_acc_5: 0.3311  F1_score: 0.6580  MAE: 0.4948  Corr: 0.5410  Loss: 0.5246 
2025-12-28 18:39:24,787 - MMSA [INFO] - TRAIN-(msalm) [3/11/2] >> loss: 0.4665  Mult_acc_2: 0.7222  Mult_acc_3: 0.6053  Mult_acc_5: 0.3458  F1_score: 0.7324  MAE: 0.4499  Corr: 0.5985  clm loss: 3.4105 total loss: 5.4529 bn loss: 0.5097 av loss: 0.5012 text loss: 0.5651
2025-12-28 18:39:26,556 - MMSA [INFO] - VAL-(msalm) >>  Mult_acc_2: 0.6535  Mult_acc_3: 0.5768  Mult_acc_5: 0.3158  F1_score: 0.6667  MAE: 0.4866  Corr: 0.5518  Loss: 0.5185 
2025-12-28 18:39:35,660 - MMSA [INFO] - TRAIN-(msalm) [1/12/2] >> loss: 0.4614  Mult_acc_2: 0.7273  Mult_acc_3: 0.6235  Mult_acc_5: 0.3575  F1_score: 0.7362  MAE: 0.4470  Corr: 0.6037  clm loss: 3.391 total loss: 5.3881 bn loss: 0.489 av loss: 0.5004 text loss: 0.5462
2025-12-28 18:39:37,409 - MMSA [INFO] - VAL-(msalm) >>  Mult_acc_2: 0.6667  Mult_acc_3: 0.5768  Mult_acc_5: 0.3048  F1_score: 0.6794  MAE: 0.4755  Corr: 0.5716  Loss: 0.5008 
2025-12-28 18:39:46,402 - MMSA [INFO] - TRAIN-(msalm) [1/13/2] >> loss: 0.4462  Mult_acc_2: 0.7485  Mult_acc_3: 0.6469  Mult_acc_5: 0.3501  F1_score: 0.7561  MAE: 0.4308  Corr: 0.6267  clm loss: 3.3176 total loss: 5.2592 bn loss: 0.4823 av loss: 0.4887 text loss: 0.5244
2025-12-28 18:39:48,140 - MMSA [INFO] - VAL-(msalm) >>  Mult_acc_2: 0.6842  Mult_acc_3: 0.5789  Mult_acc_5: 0.3180  F1_score: 0.6960  MAE: 0.4710  Corr: 0.5818  Loss: 0.5035 
2025-12-28 18:39:55,994 - MMSA [INFO] - TRAIN-(msalm) [2/14/2] >> loss: 0.442  Mult_acc_2: 0.7529  Mult_acc_3: 0.6382  Mult_acc_5: 0.3582  F1_score: 0.7606  MAE: 0.4287  Corr: 0.6354  clm loss: 3.3105 total loss: 5.2322 bn loss: 0.4688 av loss: 0.4889 text loss: 0.5219
2025-12-28 18:39:57,747 - MMSA [INFO] - VAL-(msalm) >>  Mult_acc_2: 0.6864  Mult_acc_3: 0.5833  Mult_acc_5: 0.3180  F1_score: 0.6984  MAE: 0.4617  Corr: 0.5945  Loss: 0.4819 
2025-12-28 18:40:06,790 - MMSA [INFO] - TRAIN-(msalm) [1/15/2] >> loss: 0.44  Mult_acc_2: 0.7442  Mult_acc_3: 0.6447  Mult_acc_5: 0.3735  F1_score: 0.7519  MAE: 0.4294  Corr: 0.6234  clm loss: 3.3161 total loss: 5.2315 bn loss: 0.4697 av loss: 0.4864 text loss: 0.5193
2025-12-28 18:40:08,540 - MMSA [INFO] - VAL-(msalm) >>  Mult_acc_2: 0.7215  Mult_acc_3: 0.6272  Mult_acc_5: 0.3772  F1_score: 0.7289  MAE: 0.4273  Corr: 0.6070  Loss: 0.4307 
2025-12-28 18:40:17,573 - MMSA [INFO] - TRAIN-(msalm) [1/16/2] >> loss: 0.4193  Mult_acc_2: 0.7756  Mult_acc_3: 0.6564  Mult_acc_5: 0.3699  F1_score: 0.7813  MAE: 0.4033  Corr: 0.6738  clm loss: 3.2874 total loss: 5.1778 bn loss: 0.4679 av loss: 0.4812 text loss: 0.522
2025-12-28 18:40:19,326 - MMSA [INFO] - VAL-(msalm) >>  Mult_acc_2: 0.7390  Mult_acc_3: 0.6316  Mult_acc_5: 0.3816  F1_score: 0.7434  MAE: 0.4234  Corr: 0.6021  Loss: 0.4502 
2025-12-28 18:40:27,315 - MMSA [INFO] - TRAIN-(msalm) [2/17/2] >> loss: 0.4083  Mult_acc_2: 0.7909  Mult_acc_3: 0.6820  Mult_acc_5: 0.4152  F1_score: 0.7960  MAE: 0.3897  Corr: 0.6848  clm loss: 3.2442 total loss: 5.0714 bn loss: 0.4386 av loss: 0.4754 text loss: 0.5049
2025-12-28 18:40:29,082 - MMSA [INFO] - VAL-(msalm) >>  Mult_acc_2: 0.7018  Mult_acc_3: 0.6162  Mult_acc_5: 0.3750  F1_score: 0.7125  MAE: 0.4385  Corr: 0.6010  Loss: 0.4724 
2025-12-28 18:40:36,915 - MMSA [INFO] - TRAIN-(msalm) [3/18/2] >> loss: 0.406  Mult_acc_2: 0.7683  Mult_acc_3: 0.6586  Mult_acc_5: 0.3962  F1_score: 0.7746  MAE: 0.3852  Corr: 0.6893  clm loss: 3.2278 total loss: 5.0316 bn loss: 0.4558 av loss: 0.4793 text loss: 0.4626
2025-12-28 18:40:38,584 - MMSA [INFO] - VAL-(msalm) >>  Mult_acc_2: 0.6864  Mult_acc_3: 0.6184  Mult_acc_5: 0.3728  F1_score: 0.6983  MAE: 0.4439  Corr: 0.6106  Loss: 0.4761 
2025-12-28 18:40:46,446 - MMSA [INFO] - TRAIN-(msalm) [4/19/2] >> loss: 0.3992  Mult_acc_2: 0.7770  Mult_acc_3: 0.6849  Mult_acc_5: 0.4137  F1_score: 0.7819  MAE: 0.3847  Corr: 0.6954  clm loss: 3.2345 total loss: 5.0236 bn loss: 0.4326 av loss: 0.4769 text loss: 0.4805
2025-12-28 18:40:48,134 - MMSA [INFO] - VAL-(msalm) >>  Mult_acc_2: 0.6886  Mult_acc_3: 0.6118  Mult_acc_5: 0.3575  F1_score: 0.7008  MAE: 0.4486  Corr: 0.6090  Loss: 0.4674 
2025-12-28 18:40:55,925 - MMSA [INFO] - TRAIN-(msalm) [5/20/2] >> loss: 0.4112  Mult_acc_2: 0.7880  Mult_acc_3: 0.6711  Mult_acc_5: 0.3713  F1_score: 0.7912  MAE: 0.3981  Corr: 0.6781  clm loss: 3.2204 total loss: 4.9907 bn loss: 0.4361 av loss: 0.4765 text loss: 0.4465
2025-12-28 18:40:57,647 - MMSA [INFO] - VAL-(msalm) >>  Mult_acc_2: 0.6864  Mult_acc_3: 0.6031  Mult_acc_5: 0.3531  F1_score: 0.6985  MAE: 0.4451  Corr: 0.6160  Loss: 0.4580 
2025-12-28 18:41:05,543 - MMSA [INFO] - TRAIN-(msalm) [6/21/2] >> loss: 0.3932  Mult_acc_2: 0.7792  Mult_acc_3: 0.6681  Mult_acc_5: 0.4094  F1_score: 0.7834  MAE: 0.3804  Corr: 0.6978  clm loss: 3.1933 total loss: 4.9216 bn loss: 0.4293 av loss: 0.4754 text loss: 0.4304
2025-12-28 18:41:07,249 - MMSA [INFO] - VAL-(msalm) >>  Mult_acc_2: 0.7083  Mult_acc_3: 0.6272  Mult_acc_5: 0.3882  F1_score: 0.7182  MAE: 0.4305  Corr: 0.6152  Loss: 0.4705 
2025-12-28 18:41:15,167 - MMSA [INFO] - TRAIN-(msalm) [7/22/2] >> loss: 0.3887  Mult_acc_2: 0.7836  Mult_acc_3: 0.6886  Mult_acc_5: 0.4298  F1_score: 0.7885  MAE: 0.3685  Corr: 0.7149  clm loss: 3.1713 total loss: 4.8791 bn loss: 0.4351 av loss: 0.4658 text loss: 0.4181
2025-12-28 18:41:16,918 - MMSA [INFO] - VAL-(msalm) >>  Mult_acc_2: 0.7346  Mult_acc_3: 0.6469  Mult_acc_5: 0.3904  F1_score: 0.7394  MAE: 0.4149  Corr: 0.6197  Loss: 0.4536 
2025-12-28 18:41:24,749 - MMSA [INFO] - TRAIN-(msalm) [8/23/2] >> loss: 0.3738  Mult_acc_2: 0.7939  Mult_acc_3: 0.7003  Mult_acc_5: 0.4181  F1_score: 0.7983  MAE: 0.3562  Corr: 0.7390  clm loss: 3.1644 total loss: 4.844 bn loss: 0.4184 av loss: 0.4628 text loss: 0.4246
2025-12-28 18:41:26,469 - MMSA [INFO] - VAL-(msalm) >>  Mult_acc_2: 0.7346  Mult_acc_3: 0.6404  Mult_acc_5: 0.3794  F1_score: 0.7394  MAE: 0.4166  Corr: 0.6205  Loss: 0.4502 
2025-12-28 18:41:34,320 - MMSA [INFO] - TRAIN-(msalm) [9/24/2] >> loss: 0.3751  Mult_acc_2: 0.7880  Mult_acc_3: 0.6879  Mult_acc_5: 0.4145  F1_score: 0.7930  MAE: 0.3589  Corr: 0.7305  clm loss: 3.1532 total loss: 4.8272 bn loss: 0.4012 av loss: 0.4675 text loss: 0.4302
2025-12-28 18:41:36,186 - MMSA [INFO] - VAL-(msalm) >>  Mult_acc_2: 0.7346  Mult_acc_3: 0.6404  Mult_acc_5: 0.3991  F1_score: 0.7425  MAE: 0.4159  Corr: 0.6214  Loss: 0.4594 
2025-12-28 18:41:44,208 - MMSA [INFO] - TRAIN-(msalm) [10/25/2] >> loss: 0.3652  Mult_acc_2: 0.7982  Mult_acc_3: 0.7047  Mult_acc_5: 0.4539  F1_score: 0.8023  MAE: 0.3454  Corr: 0.7439  clm loss: 3.1405 total loss: 4.7765 bn loss: 0.3972 av loss: 0.4652 text loss: 0.4084
