2026-01-17 08:39:00,779 - MMSA [INFO] - ======================================== Program Start ========================================
2026-01-17 08:39:00,842 - MMSA [INFO] - Running with args:
2026-01-17 08:39:00,843 - MMSA [INFO] - {'model_name': 'msalm', 'dataset_name': 'mosei', 'featurePath': '/leonardo_work/EUHPC_A04_051/alexfil/MSA-Datasets/CMU-MOSEI/Processed/unaligned_50.pkl', 'seq_lens': [50, 500, 375], 'feature_dims': [768, 74, 35], 'train_samples': 16326, 'num_classes': 3, 'language': 'en', 'KeyEval': 'Loss', 'missing_rate': [0.0, 0.0, 0.0], 'missing_seed': [1111, 1111, 1111], 'need_data_aligned': False, 'need_model_aligned': False, 'early_stop': 10, 'use_bert': False, 'use_bert_finetune': False, 'attn_mask': True, 'excludeZero': True, 'update_epochs': 8, 'use_augmentation': False, 'use_m3xup': False, 'hfPath': False, 'use_ulgm': False, 'update_labels_patience': 1, 'H': 3.0, 'del_model': True, 'max_token_len': 50, 'pad_token': '<|endoftext|>', 'lm': '/leonardo_work/EUHPC_A04_051/alexfil/gpt2-large', 'use_bf16': False, 'task_out': 1, 'use_clm': True, 'gamma': 1.0, 'l_bn': 1.0, 'l_av': 1.0, 'l_t': 1.0, 'warmup_epochs': 1, 'max_epochs': 20, 'beta_1': 0.9, 'beta_2': 0.95, 'use_lnorm': True, 'rescale': False, 'rescaler': 'sqrt', 'use_seqaug': True, 'n_bn_fusion': 10, 'modded_loss': True, 'embedding_attr_name': 'transformer.wte', 'decoder_layers_attr_name': 'transformer.h', 'mmgpt': {'type': 'gpt2', 'd_out': 64, 'combine': True, 'dropout': 0.1, 'mm_layer': [7, 14, 21, 28, 35], 'top_k': 3, 'layer_dropout': 0.0, 'dense': True, 'tie_ffn': True, 'n_embd': 1280, 'bias': True, 'kv_dim': 30, 'n_head': 16, 'd_mm': 1280, 'gating': 'sigmoid', 'init_gate': [0.0, 0.0, 0.0, 0.0, 0.0, 0.0, 0.0, 0.0, 0.0, 0.0], 'use_softperm': True, 'p_perm': 0.3, 'p_apply': 0.25, 'use_lora': False, 'lora': {'lora_alpha': 128, 'r': 64, 'lora_dropout': 0.05}}, 'av_enc': {'finetune': True, 'from_pretrained': True, 'path_to_pretrained': '/leonardo_work/EUHPC_A04_051/alexfil/DeepMLF-Reprod/checkpoints/bienc-mosei-1990/bienc-mosei-1990.pth', 'feature_dims': [768, 74, 35], 'd_enc': 30, 'n_embd': 30, 'n_head': 6, 'nlevels': 3, 'd_enc_out': 30, 'maxlen': 50, 'p_mask': 0.15, 'enc_attn_dropout': 0.1, 'enc_res_dropout': 0.1, 'enc_dropout': 0.1, 'use_softperm': True, 'p_perm': 0.2, 'mask_perm_ratio': 0.5, 'tf_fusion': False, 'use_bn': False, 'use_ln': False}, 'gpt': {'vocab_size': 50257, 'block_size': 1024, 'bias': True, 'n_embd': 1024, 'n_layer': 24, 'n_head': 16, 'dropout': 0.0}, 'batch_size': 32, 'grad_clip': 5.0, 'patience': 10, 'weight_decay_mmgpt': 0.1, 'weight_decay_av': 0.1, 'learning_rate_av': 0.0002, 'learning_rate_mmgpt': 0.0002, 'device': device(type='cuda', index=0), 'train_mode': 'regression', 'custom_feature': None, 'feature_T': '', 'feature_A': '', 'feature_V': ''}
2026-01-17 08:39:00,843 - MMSA [INFO] - Seeds: [1990, 1991, 1992, 1993, 1994]
2026-01-17 08:39:00,843 - MMSA [INFO] - ------------------------------ Running with seed 1990 [1/5] ------------------------------
2026-01-17 08:51:19,172 - MMSA [INFO] - The model has 914777996 trainable parameters
2026-01-17 08:55:50,984 - MMSA [INFO] - TRAIN-(msalm) [1/1/1] >> loss: 0.7607  Has0_acc_2: 0.7020  Has0_F1_score: 0.7099  Non0_acc_2: 0.7174  Non0_F1_score: 0.7162  Mult_acc_5: 0.4225  Mult_acc_7: 0.4191  MAE: 0.7609  Corr: 0.4727  clm loss: 4.1364 total loss: 7.5354 bn loss: 0.8137 av loss: 1.0174 text loss: 0.8071
2026-01-17 08:55:59,979 - MMSA [INFO] - VAL-(msalm) >>  Has0_acc_2: 0.8017  Has0_F1_score: 0.8095  Non0_acc_2: 0.8380  Non0_F1_score: 0.8392  Mult_acc_5: 0.5136  Mult_acc_7: 0.5040  MAE: 0.5644  Corr: 0.6976  Loss: 0.5638 
2026-01-17 09:00:34,422 - MMSA [INFO] - TRAIN-(msalm) [1/2/1] >> loss: 0.5643  Has0_acc_2: 0.7989  Has0_F1_score: 0.8053  Non0_acc_2: 0.8425  Non0_F1_score: 0.8429  Mult_acc_5: 0.5331  Mult_acc_7: 0.5136  MAE: 0.5643  Corr: 0.7512  clm loss: 3.6401 total loss: 6.1849 bn loss: 0.5616 av loss: 0.8108 text loss: 0.6081
2026-01-17 09:00:43,134 - MMSA [INFO] - VAL-(msalm) >>  Has0_acc_2: 0.8108  Has0_F1_score: 0.8187  Non0_acc_2: 0.8672  Non0_F1_score: 0.8679  Mult_acc_5: 0.5762  Mult_acc_7: 0.5639  MAE: 0.5022  Corr: 0.7705  Loss: 0.5009 
2026-01-17 09:05:18,119 - MMSA [INFO] - TRAIN-(msalm) [1/3/1] >> loss: 0.5029  Has0_acc_2: 0.8254  Has0_F1_score: 0.8302  Non0_acc_2: 0.8746  Non0_F1_score: 0.8743  Mult_acc_5: 0.5850  Mult_acc_7: 0.5632  MAE: 0.5028  Corr: 0.8009  clm loss: 3.5111 total loss: 5.8424 bn loss: 0.5025 av loss: 0.7974 text loss: 0.5286
2026-01-17 09:05:26,737 - MMSA [INFO] - VAL-(msalm) >>  Has0_acc_2: 0.8568  Has0_F1_score: 0.8584  Non0_acc_2: 0.8769  Non0_F1_score: 0.8753  Mult_acc_5: 0.5810  Mult_acc_7: 0.5671  MAE: 0.4980  Corr: 0.7733  Loss: 0.4992 
2026-01-17 09:10:01,690 - MMSA [INFO] - TRAIN-(msalm) [1/4/1] >> loss: 0.4622  Has0_acc_2: 0.8347  Has0_F1_score: 0.8395  Non0_acc_2: 0.8911  Non0_F1_score: 0.8908  Mult_acc_5: 0.6165  Mult_acc_7: 0.5933  MAE: 0.4625  Corr: 0.8294  clm loss: 3.441 total loss: 5.6333 bn loss: 0.4634 av loss: 0.7937 text loss: 0.4729
2026-01-17 09:10:10,335 - MMSA [INFO] - VAL-(msalm) >>  Has0_acc_2: 0.8348  Has0_F1_score: 0.8399  Non0_acc_2: 0.8720  Non0_F1_score: 0.8720  Mult_acc_5: 0.5794  Mult_acc_7: 0.5644  MAE: 0.4966  Corr: 0.7779  Loss: 0.4956 
2026-01-17 09:14:45,219 - MMSA [INFO] - TRAIN-(msalm) [1/5/1] >> loss: 0.4147  Has0_acc_2: 0.8521  Has0_F1_score: 0.8563  Non0_acc_2: 0.9101  Non0_F1_score: 0.9099  Mult_acc_5: 0.6567  Mult_acc_7: 0.6307  MAE: 0.4151  Corr: 0.8633  clm loss: 3.3649 total loss: 5.4095 bn loss: 0.4219 av loss: 0.7914 text loss: 0.4165
2026-01-17 09:14:53,865 - MMSA [INFO] - VAL-(msalm) >>  Has0_acc_2: 0.8316  Has0_F1_score: 0.8353  Non0_acc_2: 0.8630  Non0_F1_score: 0.8617  Mult_acc_5: 0.5794  Mult_acc_7: 0.5649  MAE: 0.5023  Corr: 0.7723  Loss: 0.5005 
2026-01-17 09:19:24,252 - MMSA [INFO] - TRAIN-(msalm) [2/6/1] >> loss: 0.3907  Has0_acc_2: 0.8538  Has0_F1_score: 0.8584  Non0_acc_2: 0.9209  Non0_F1_score: 0.9208  Mult_acc_5: 0.6763  Mult_acc_7: 0.6492  MAE: 0.3910  Corr: 0.8792  clm loss: 3.3195 total loss: 5.2719 bn loss: 0.3924 av loss: 0.7894 text loss: 0.3799
2026-01-17 09:19:32,909 - MMSA [INFO] - VAL-(msalm) >>  Has0_acc_2: 0.8397  Has0_F1_score: 0.8429  Non0_acc_2: 0.8644  Non0_F1_score: 0.8634  Mult_acc_5: 0.5783  Mult_acc_7: 0.5665  MAE: 0.4919  Corr: 0.7795  Loss: 0.4913 
2026-01-17 09:24:07,997 - MMSA [INFO] - TRAIN-(msalm) [1/7/1] >> loss: 0.3572  Has0_acc_2: 0.8619  Has0_F1_score: 0.8662  Non0_acc_2: 0.9338  Non0_F1_score: 0.9336  Mult_acc_5: 0.7096  Mult_acc_7: 0.6822  MAE: 0.3566  Corr: 0.8998  clm loss: 3.2784 total loss: 5.1283 bn loss: 0.361 av loss: 0.7882 text loss: 0.3435
2026-01-17 09:24:16,664 - MMSA [INFO] - VAL-(msalm) >>  Has0_acc_2: 0.8386  Has0_F1_score: 0.8417  Non0_acc_2: 0.8665  Non0_F1_score: 0.8651  Mult_acc_5: 0.5676  Mult_acc_7: 0.5526  MAE: 0.5099  Corr: 0.7701  Loss: 0.5093 
2026-01-17 09:28:46,647 - MMSA [INFO] - TRAIN-(msalm) [2/8/1] >> loss: 0.3333  Has0_acc_2: 0.8656  Has0_F1_score: 0.8699  Non0_acc_2: 0.9400  Non0_F1_score: 0.9400  Mult_acc_5: 0.7258  Mult_acc_7: 0.6984  MAE: 0.3334  Corr: 0.9128  clm loss: 3.2312 total loss: 4.9969 bn loss: 0.3321 av loss: 0.7868 text loss: 0.3135
2026-01-17 09:28:55,617 - MMSA [INFO] - VAL-(msalm) >>  Has0_acc_2: 0.8145  Has0_F1_score: 0.8213  Non0_acc_2: 0.8581  Non0_F1_score: 0.8586  Mult_acc_5: 0.5644  Mult_acc_7: 0.5500  MAE: 0.4996  Corr: 0.7710  Loss: 0.5015 
2026-01-17 09:33:25,583 - MMSA [INFO] - TRAIN-(msalm) [3/9/1] >> loss: 0.3055  Has0_acc_2: 0.8676  Has0_F1_score: 0.8720  Non0_acc_2: 0.9485  Non0_F1_score: 0.9485  Mult_acc_5: 0.7498  Mult_acc_7: 0.7247  MAE: 0.3056  Corr: 0.9266  clm loss: 3.1926 total loss: 4.8756 bn loss: 0.307 av loss: 0.7856 text loss: 0.2849
2026-01-17 09:33:34,223 - MMSA [INFO] - VAL-(msalm) >>  Has0_acc_2: 0.8311  Has0_F1_score: 0.8352  Non0_acc_2: 0.8623  Non0_F1_score: 0.8614  Mult_acc_5: 0.5665  Mult_acc_7: 0.5521  MAE: 0.4996  Corr: 0.7741  Loss: 0.4994 
2026-01-17 09:38:04,195 - MMSA [INFO] - TRAIN-(msalm) [4/10/1] >> loss: 0.296  Has0_acc_2: 0.8667  Has0_F1_score: 0.8713  Non0_acc_2: 0.9502  Non0_F1_score: 0.9502  Mult_acc_5: 0.7602  Mult_acc_7: 0.7344  MAE: 0.2958  Corr: 0.9312  clm loss: 3.1603 total loss: 4.7933 bn loss: 0.2865 av loss: 0.7839 text loss: 0.2666
2026-01-17 09:38:12,921 - MMSA [INFO] - VAL-(msalm) >>  Has0_acc_2: 0.7905  Has0_F1_score: 0.8003  Non0_acc_2: 0.8498  Non0_F1_score: 0.8514  Mult_acc_5: 0.5740  Mult_acc_7: 0.5591  MAE: 0.5040  Corr: 0.7766  Loss: 0.5028 
2026-01-17 09:42:43,092 - MMSA [INFO] - TRAIN-(msalm) [5/11/1] >> loss: 0.2842  Has0_acc_2: 0.8725  Has0_F1_score: 0.8768  Non0_acc_2: 0.9547  Non0_F1_score: 0.9547  Mult_acc_5: 0.7760  Mult_acc_7: 0.7503  MAE: 0.2838  Corr: 0.9366  clm loss: 3.1282 total loss: 4.716 bn loss: 0.2698 av loss: 0.7823 text loss: 0.2516
2026-01-17 09:42:51,704 - MMSA [INFO] - VAL-(msalm) >>  Has0_acc_2: 0.8215  Has0_F1_score: 0.8270  Non0_acc_2: 0.8574  Non0_F1_score: 0.8573  Mult_acc_5: 0.5730  Mult_acc_7: 0.5569  MAE: 0.5014  Corr: 0.7714  Loss: 0.5007 
2026-01-17 09:47:22,017 - MMSA [INFO] - TRAIN-(msalm) [6/12/1] >> loss: 0.2693  Has0_acc_2: 0.8727  Has0_F1_score: 0.8770  Non0_acc_2: 0.9585  Non0_F1_score: 0.9586  Mult_acc_5: 0.7845  Mult_acc_7: 0.7587  MAE: 0.2685  Corr: 0.9434  clm loss: 3.0987 total loss: 4.6374 bn loss: 0.2532 av loss: 0.7811 text loss: 0.2351
2026-01-17 09:47:30,691 - MMSA [INFO] - VAL-(msalm) >>  Has0_acc_2: 0.8151  Has0_F1_score: 0.8222  Non0_acc_2: 0.8581  Non0_F1_score: 0.8589  Mult_acc_5: 0.5676  Mult_acc_7: 0.5537  MAE: 0.5061  Corr: 0.7702  Loss: 0.5062 
2026-01-17 09:52:00,957 - MMSA [INFO] - TRAIN-(msalm) [7/13/1] >> loss: 0.2615  Has0_acc_2: 0.8786  Has0_F1_score: 0.8828  Non0_acc_2: 0.9657  Non0_F1_score: 0.9657  Mult_acc_5: 0.7917  Mult_acc_7: 0.7669  MAE: 0.2616  Corr: 0.9465  clm loss: 3.0705 total loss: 4.5735 bn loss: 0.2387 av loss: 0.7814 text loss: 0.2215
2026-01-17 09:52:09,593 - MMSA [INFO] - VAL-(msalm) >>  Has0_acc_2: 0.8044  Has0_F1_score: 0.8123  Non0_acc_2: 0.8526  Non0_F1_score: 0.8534  Mult_acc_5: 0.5740  Mult_acc_7: 0.5607  MAE: 0.5024  Corr: 0.7710  Loss: 0.5009 
2026-01-17 09:56:39,789 - MMSA [INFO] - TRAIN-(msalm) [8/14/1] >> loss: 0.2517  Has0_acc_2: 0.8741  Has0_F1_score: 0.8785  Non0_acc_2: 0.9634  Non0_F1_score: 0.9634  Mult_acc_5: 0.8048  Mult_acc_7: 0.7797  MAE: 0.2512  Corr: 0.9518  clm loss: 3.0462 total loss: 4.5108 bn loss: 0.2242 av loss: 0.7804 text loss: 0.2083
2026-01-17 09:56:48,475 - MMSA [INFO] - VAL-(msalm) >>  Has0_acc_2: 0.8311  Has0_F1_score: 0.8358  Non0_acc_2: 0.8623  Non0_F1_score: 0.8620  Mult_acc_5: 0.5740  Mult_acc_7: 0.5601  MAE: 0.5067  Corr: 0.7702  Loss: 0.5056 
2026-01-17 10:01:18,582 - MMSA [INFO] - TRAIN-(msalm) [9/15/1] >> loss: 0.2363  Has0_acc_2: 0.8786  Has0_F1_score: 0.8828  Non0_acc_2: 0.9693  Non0_F1_score: 0.9693  Mult_acc_5: 0.8177  Mult_acc_7: 0.7924  MAE: 0.2363  Corr: 0.9565  clm loss: 3.0218 total loss: 4.4512 bn loss: 0.2141 av loss: 0.7798 text loss: 0.1992
2026-01-17 10:01:27,613 - MMSA [INFO] - VAL-(msalm) >>  Has0_acc_2: 0.8076  Has0_F1_score: 0.8157  Non0_acc_2: 0.8533  Non0_F1_score: 0.8545  Mult_acc_5: 0.5788  Mult_acc_7: 0.5639  MAE: 0.4992  Corr: 0.7710  Loss: 0.5003 
2026-01-17 10:05:57,962 - MMSA [INFO] - TRAIN-(msalm) [10/16/1] >> loss: 0.2333  Has0_acc_2: 0.8813  Has0_F1_score: 0.8854  Non0_acc_2: 0.9704  Non0_F1_score: 0.9704  Mult_acc_5: 0.8163  Mult_acc_7: 0.7924  MAE: 0.2333  Corr: 0.9565  clm loss: 3.0225 total loss: 4.4442 bn loss: 0.2101 av loss: 0.7791 text loss: 0.1992
2026-01-17 10:06:06,778 - MMSA [INFO] - VAL-(msalm) >>  Has0_acc_2: 0.8263  Has0_F1_score: 0.8319  Non0_acc_2: 0.8602  Non0_F1_score: 0.8604  Mult_acc_5: 0.5719  Mult_acc_7: 0.5569  MAE: 0.5015  Corr: 0.7701  Loss: 0.5015 
2026-01-17 10:06:28,082 - MMSA [INFO] - TEST-(msalm) >>  Has0_acc_2: 0.8360  Has0_F1_score: 0.8395  Non0_acc_2: 0.8704  Non0_F1_score: 0.8697  Mult_acc_5: 0.5737  Mult_acc_7: 0.5520  MAE: 0.5101  Corr: 0.7978  Loss: 0.5100 
2026-01-17 10:06:30,242 - MMSA [INFO] - Result for seed 1990: {'Has0_acc_2': 0.836, 'Has0_F1_score': 0.8395, 'Non0_acc_2': 0.8704, 'Non0_F1_score': 0.8697, 'Mult_acc_5': 0.5737, 'Mult_acc_7': 0.552, 'MAE': 0.5101, 'Corr': 0.7978, 'Loss': 0.51, 'seed': 1990}
2026-01-17 10:06:30,244 - MMSA [INFO] - ------------------------------ Running with seed 1991 [2/5] ------------------------------
2026-01-17 10:19:27,608 - MMSA [INFO] - The model has 914777996 trainable parameters
2026-01-17 10:23:57,884 - MMSA [INFO] - TRAIN-(msalm) [1/1/2] >> loss: 0.7837  Has0_acc_2: 0.6226  Has0_F1_score: 0.6384  Non0_acc_2: 0.6727  Non0_F1_score: 0.6771  Mult_acc_5: 0.4204  Mult_acc_7: 0.4135  MAE: 0.7833  Corr: 0.4881  clm loss: 4.1447 total loss: 7.4289 bn loss: 0.8091 av loss: 0.8424 text loss: 0.8489
2026-01-17 10:24:06,598 - MMSA [INFO] - VAL-(msalm) >>  Has0_acc_2: 0.7376  Has0_F1_score: 0.7521  Non0_acc_2: 0.8046  Non0_F1_score: 0.8086  Mult_acc_5: 0.5024  Mult_acc_7: 0.4917  MAE: 0.5972  Corr: 0.6925  Loss: 0.5959 
2026-01-17 10:28:41,103 - MMSA [INFO] - TRAIN-(msalm) [1/2/2] >> loss: 0.5711  Has0_acc_2: 0.7895  Has0_F1_score: 0.7969  Non0_acc_2: 0.8376  Non0_F1_score: 0.8383  Mult_acc_5: 0.5343  Mult_acc_7: 0.5176  MAE: 0.5710  Corr: 0.7407  clm loss: 3.6612 total loss: 6.2182 bn loss: 0.5676 av loss: 0.8008 text loss: 0.6175
2026-01-17 10:28:49,852 - MMSA [INFO] - VAL-(msalm) >>  Has0_acc_2: 0.8338  Has0_F1_score: 0.8383  Non0_acc_2: 0.8665  Non0_F1_score: 0.8661  Mult_acc_5: 0.5751  Mult_acc_7: 0.5623  MAE: 0.4992  Corr: 0.7672  Loss: 0.4982 
2026-01-17 10:33:24,881 - MMSA [INFO] - TRAIN-(msalm) [1/3/2] >> loss: 0.5023  Has0_acc_2: 0.8224  Has0_F1_score: 0.8277  Non0_acc_2: 0.8727  Non0_F1_score: 0.8726  Mult_acc_5: 0.5837  Mult_acc_7: 0.5633  MAE: 0.5028  Corr: 0.7987  clm loss: 3.5181 total loss: 5.8499 bn loss: 0.5032 av loss: 0.7959 text loss: 0.5304
2026-01-17 10:33:33,708 - MMSA [INFO] - VAL-(msalm) >>  Has0_acc_2: 0.8525  Has0_F1_score: 0.8551  Non0_acc_2: 0.8727  Non0_F1_score: 0.8718  Mult_acc_5: 0.5655  Mult_acc_7: 0.5526  MAE: 0.5055  Corr: 0.7637  Loss: 0.5042 
2026-01-17 10:38:03,820 - MMSA [INFO] - TRAIN-(msalm) [2/4/2] >> loss: 0.4592  Has0_acc_2: 0.8377  Has0_F1_score: 0.8425  Non0_acc_2: 0.8911  Non0_F1_score: 0.8910  Mult_acc_5: 0.6220  Mult_acc_7: 0.5985  MAE: 0.4587  Corr: 0.8315  clm loss: 3.434 total loss: 5.6218 bn loss: 0.4644 av loss: 0.7926 text loss: 0.4716
2026-01-17 10:38:12,592 - MMSA [INFO] - VAL-(msalm) >>  Has0_acc_2: 0.8167  Has0_F1_score: 0.8242  Non0_acc_2: 0.8679  Non0_F1_score: 0.8687  Mult_acc_5: 0.5842  Mult_acc_7: 0.5692  MAE: 0.4914  Corr: 0.7768  Loss: 0.4906 
2026-01-17 10:42:47,734 - MMSA [INFO] - TRAIN-(msalm) [1/5/2] >> loss: 0.4263  Has0_acc_2: 0.8418  Has0_F1_score: 0.8467  Non0_acc_2: 0.9018  Non0_F1_score: 0.9018  Mult_acc_5: 0.6475  Mult_acc_7: 0.6225  MAE: 0.4261  Corr: 0.8553  clm loss: 3.3705 total loss: 5.4371 bn loss: 0.4267 av loss: 0.7899 text loss: 0.4237
2026-01-17 10:42:56,472 - MMSA [INFO] - VAL-(msalm) >>  Has0_acc_2: 0.8370  Has0_F1_score: 0.8416  Non0_acc_2: 0.8707  Non0_F1_score: 0.8704  Mult_acc_5: 0.5719  Mult_acc_7: 0.5580  MAE: 0.4929  Corr: 0.7786  Loss: 0.4931 
2026-01-17 10:47:26,790 - MMSA [INFO] - TRAIN-(msalm) [2/6/2] >> loss: 0.3822  Has0_acc_2: 0.8593  Has0_F1_score: 0.8635  Non0_acc_2: 0.9232  Non0_F1_score: 0.9231  Mult_acc_5: 0.6867  Mult_acc_7: 0.6610  MAE: 0.3819  Corr: 0.8854  clm loss: 3.3102 total loss: 5.2433 bn loss: 0.388 av loss: 0.7876 text loss: 0.3753
2026-01-17 10:47:36,234 - MMSA [INFO] - VAL-(msalm) >>  Has0_acc_2: 0.8172  Has0_F1_score: 0.8237  Non0_acc_2: 0.8561  Non0_F1_score: 0.8565  Mult_acc_5: 0.5719  Mult_acc_7: 0.5559  MAE: 0.5073  Corr: 0.7747  Loss: 0.5073 
2026-01-17 10:52:08,690 - MMSA [INFO] - TRAIN-(msalm) [3/7/2] >> loss: 0.3555  Has0_acc_2: 0.8601  Has0_F1_score: 0.8647  Non0_acc_2: 0.9322  Non0_F1_score: 0.9322  Mult_acc_5: 0.7074  Mult_acc_7: 0.6809  MAE: 0.3557  Corr: 0.9006  clm loss: 3.2681 total loss: 5.1062 bn loss: 0.3569 av loss: 0.7863 text loss: 0.3393
2026-01-17 10:52:17,423 - MMSA [INFO] - VAL-(msalm) >>  Has0_acc_2: 0.8199  Has0_F1_score: 0.8259  Non0_acc_2: 0.8574  Non0_F1_score: 0.8576  Mult_acc_5: 0.5756  Mult_acc_7: 0.5633  MAE: 0.5005  Corr: 0.7706  Loss: 0.5019 
2026-01-17 10:56:47,549 - MMSA [INFO] - TRAIN-(msalm) [4/8/2] >> loss: 0.3231  Has0_acc_2: 0.8706  Has0_F1_score: 0.8746  Non0_acc_2: 0.9431  Non0_F1_score: 0.9431  Mult_acc_5: 0.7358  Mult_acc_7: 0.7104  MAE: 0.3225  Corr: 0.9179  clm loss: 3.2254 total loss: 4.9711 bn loss: 0.3274 av loss: 0.7852 text loss: 0.31
2026-01-17 10:56:56,307 - MMSA [INFO] - VAL-(msalm) >>  Has0_acc_2: 0.8316  Has0_F1_score: 0.8365  Non0_acc_2: 0.8658  Non0_F1_score: 0.8655  Mult_acc_5: 0.5730  Mult_acc_7: 0.5575  MAE: 0.5089  Corr: 0.7678  Loss: 0.5097 
2026-01-17 11:01:28,191 - MMSA [INFO] - TRAIN-(msalm) [5/9/2] >> loss: 0.3056  Has0_acc_2: 0.8671  Has0_F1_score: 0.8716  Non0_acc_2: 0.9494  Non0_F1_score: 0.9494  Mult_acc_5: 0.7514  Mult_acc_7: 0.7252  MAE: 0.3056  Corr: 0.9265  clm loss: 3.1875 total loss: 4.8742 bn loss: 0.3091 av loss: 0.784 text loss: 0.2879
2026-01-17 11:01:37,368 - MMSA [INFO] - VAL-(msalm) >>  Has0_acc_2: 0.8188  Has0_F1_score: 0.8260  Non0_acc_2: 0.8609  Non0_F1_score: 0.8619  Mult_acc_5: 0.5681  Mult_acc_7: 0.5516  MAE: 0.5018  Corr: 0.7726  Loss: 0.5001 
2026-01-17 11:06:09,666 - MMSA [INFO] - TRAIN-(msalm) [6/10/2] >> loss: 0.2907  Has0_acc_2: 0.8727  Has0_F1_score: 0.8769  Non0_acc_2: 0.9551  Non0_F1_score: 0.9551  Mult_acc_5: 0.7694  Mult_acc_7: 0.7429  MAE: 0.2902  Corr: 0.9342  clm loss: 3.1517 total loss: 4.7673 bn loss: 0.282 av loss: 0.782 text loss: 0.261
2026-01-17 11:06:19,020 - MMSA [INFO] - VAL-(msalm) >>  Has0_acc_2: 0.8226  Has0_F1_score: 0.8281  Non0_acc_2: 0.8581  Non0_F1_score: 0.8581  Mult_acc_5: 0.5724  Mult_acc_7: 0.5553  MAE: 0.5071  Corr: 0.7693  Loss: 0.5057 
2026-01-17 11:10:51,366 - MMSA [INFO] - TRAIN-(msalm) [7/11/2] >> loss: 0.2785  Has0_acc_2: 0.8771  Has0_F1_score: 0.8812  Non0_acc_2: 0.9571  Non0_F1_score: 0.9571  Mult_acc_5: 0.7811  Mult_acc_7: 0.7552  MAE: 0.2774  Corr: 0.9409  clm loss: 3.1128 total loss: 4.681 bn loss: 0.2645 av loss: 0.7823 text loss: 0.2429
2026-01-17 11:11:00,477 - MMSA [INFO] - VAL-(msalm) >>  Has0_acc_2: 0.8124  Has0_F1_score: 0.8200  Non0_acc_2: 0.8574  Non0_F1_score: 0.8585  Mult_acc_5: 0.5730  Mult_acc_7: 0.5601  MAE: 0.4985  Corr: 0.7689  Loss: 0.4976 
2026-01-17 11:15:32,331 - MMSA [INFO] - TRAIN-(msalm) [8/12/2] >> loss: 0.2646  Has0_acc_2: 0.8754  Has0_F1_score: 0.8797  Non0_acc_2: 0.9616  Non0_F1_score: 0.9616  Mult_acc_5: 0.7919  Mult_acc_7: 0.7671  MAE: 0.2643  Corr: 0.9464  clm loss: 3.0799 total loss: 4.5999 bn loss: 0.2456 av loss: 0.7808 text loss: 0.2291
2026-01-17 11:15:41,035 - MMSA [INFO] - VAL-(msalm) >>  Has0_acc_2: 0.8193  Has0_F1_score: 0.8257  Non0_acc_2: 0.8595  Non0_F1_score: 0.8599  Mult_acc_5: 0.5783  Mult_acc_7: 0.5628  MAE: 0.4974  Corr: 0.7686  Loss: 0.4982 
2026-01-17 11:20:10,987 - MMSA [INFO] - TRAIN-(msalm) [9/13/2] >> loss: 0.2591  Has0_acc_2: 0.8778  Has0_F1_score: 0.8820  Non0_acc_2: 0.9663  Non0_F1_score: 0.9663  Mult_acc_5: 0.7952  Mult_acc_7: 0.7709  MAE: 0.2591  Corr: 0.9479  clm loss: 3.07 total loss: 4.5634 bn loss: 0.2366 av loss: 0.7788 text loss: 0.2189
2026-01-17 11:20:19,698 - MMSA [INFO] - VAL-(msalm) >>  Has0_acc_2: 0.8193  Has0_F1_score: 0.8258  Non0_acc_2: 0.8609  Non0_F1_score: 0.8613  Mult_acc_5: 0.5751  Mult_acc_7: 0.5591  MAE: 0.4973  Corr: 0.7697  Loss: 0.4975 
2026-01-17 11:24:49,844 - MMSA [INFO] - TRAIN-(msalm) [10/14/2] >> loss: 0.2497  Has0_acc_2: 0.8803  Has0_F1_score: 0.8844  Non0_acc_2: 0.9671  Non0_F1_score: 0.9671  Mult_acc_5: 0.8028  Mult_acc_7: 0.7783  MAE: 0.2492  Corr: 0.9507  clm loss: 3.0466 total loss: 4.5099 bn loss: 0.224 av loss: 0.7792 text loss: 0.2104
2026-01-17 11:24:58,572 - MMSA [INFO] - VAL-(msalm) >>  Has0_acc_2: 0.8322  Has0_F1_score: 0.8368  Non0_acc_2: 0.8672  Non0_F1_score: 0.8667  Mult_acc_5: 0.5703  Mult_acc_7: 0.5548  MAE: 0.5004  Corr: 0.7706  Loss: 0.5018 
2026-01-17 11:25:19,615 - MMSA [INFO] - TEST-(msalm) >>  Has0_acc_2: 0.8165  Has0_F1_score: 0.8231  Non0_acc_2: 0.8715  Non0_F1_score: 0.8722  Mult_acc_5: 0.5724  Mult_acc_7: 0.5529  MAE: 0.5078  Corr: 0.7986  Loss: 0.5081 
2026-01-17 11:25:21,937 - MMSA [INFO] - Result for seed 1991: {'Has0_acc_2': 0.8165, 'Has0_F1_score': 0.8231, 'Non0_acc_2': 0.8715, 'Non0_F1_score': 0.8722, 'Mult_acc_5': 0.5724, 'Mult_acc_7': 0.5529, 'MAE': 0.5078, 'Corr': 0.7986, 'Loss': 0.5081, 'seed': 1991}
2026-01-17 11:25:21,939 - MMSA [INFO] - ------------------------------ Running with seed 1992 [3/5] ------------------------------
2026-01-17 11:37:48,685 - MMSA [INFO] - The model has 914777996 trainable parameters
2026-01-17 11:42:21,873 - MMSA [INFO] - TRAIN-(msalm) [1/1/3] >> loss: 0.7574  Has0_acc_2: 0.6792  Has0_F1_score: 0.6914  Non0_acc_2: 0.6994  Non0_F1_score: 0.7018  Mult_acc_5: 0.4317  Mult_acc_7: 0.4274  MAE: 0.7578  Corr: 0.4704  clm loss: 4.1266 total loss: 7.347 bn loss: 0.7869 av loss: 0.8722 text loss: 0.8038
2026-01-17 11:42:31,031 - MMSA [INFO] - VAL-(msalm) >>  Has0_acc_2: 0.7809  Has0_F1_score: 0.7914  Non0_acc_2: 0.8331  Non0_F1_score: 0.8353  Mult_acc_5: 0.5147  Mult_acc_7: 0.5013  MAE: 0.5690  Corr: 0.7057  Loss: 0.5676 
2026-01-17 11:47:08,410 - MMSA [INFO] - TRAIN-(msalm) [1/2/3] >> loss: 0.5602  Has0_acc_2: 0.8019  Has0_F1_score: 0.8076  Non0_acc_2: 0.8446  Non0_F1_score: 0.8444  Mult_acc_5: 0.5418  Mult_acc_7: 0.5217  MAE: 0.5595  Corr: 0.7512  clm loss: 3.6353 total loss: 6.1645 bn loss: 0.5552 av loss: 0.8023 text loss: 0.6114
2026-01-17 11:47:17,502 - MMSA [INFO] - VAL-(msalm) >>  Has0_acc_2: 0.8252  Has0_F1_score: 0.8313  Non0_acc_2: 0.8630  Non0_F1_score: 0.8635  Mult_acc_5: 0.5681  Mult_acc_7: 0.5484  MAE: 0.5168  Corr: 0.7651  Loss: 0.5155 
2026-01-17 11:51:53,103 - MMSA [INFO] - TRAIN-(msalm) [1/3/3] >> loss: 0.4968  Has0_acc_2: 0.8279  Has0_F1_score: 0.8327  Non0_acc_2: 0.8757  Non0_F1_score: 0.8755  Mult_acc_5: 0.5921  Mult_acc_7: 0.5690  MAE: 0.4972  Corr: 0.8033  clm loss: 3.516 total loss: 5.8277 bn loss: 0.4972 av loss: 0.7939 text loss: 0.5238
2026-01-17 11:52:01,932 - MMSA [INFO] - VAL-(msalm) >>  Has0_acc_2: 0.8167  Has0_F1_score: 0.8239  Non0_acc_2: 0.8595  Non0_F1_score: 0.8605  Mult_acc_5: 0.5826  Mult_acc_7: 0.5692  MAE: 0.4936  Corr: 0.7720  Loss: 0.4945 
2026-01-17 11:56:36,698 - MMSA [INFO] - TRAIN-(msalm) [1/4/3] >> loss: 0.4533  Has0_acc_2: 0.8406  Has0_F1_score: 0.8449  Non0_acc_2: 0.8925  Non0_F1_score: 0.8921  Mult_acc_5: 0.6235  Mult_acc_7: 0.5995  MAE: 0.4530  Corr: 0.8382  clm loss: 3.4274 total loss: 5.5959 bn loss: 0.4594 av loss: 0.7915 text loss: 0.4643
2026-01-17 11:56:45,425 - MMSA [INFO] - VAL-(msalm) >>  Has0_acc_2: 0.8423  Has0_F1_score: 0.8446  Non0_acc_2: 0.8637  Non0_F1_score: 0.8620  Mult_acc_5: 0.5655  Mult_acc_7: 0.5478  MAE: 0.5059  Corr: 0.7806  Loss: 0.5053 
2026-01-17 12:01:17,102 - MMSA [INFO] - TRAIN-(msalm) [2/5/3] >> loss: 0.4156  Has0_acc_2: 0.8458  Has0_F1_score: 0.8506  Non0_acc_2: 0.9088  Non0_F1_score: 0.9088  Mult_acc_5: 0.6524  Mult_acc_7: 0.6280  MAE: 0.4153  Corr: 0.8629  clm loss: 3.3641 total loss: 5.4061 bn loss: 0.4188 av loss: 0.7905 text loss: 0.417
2026-01-17 12:01:26,184 - MMSA [INFO] - VAL-(msalm) >>  Has0_acc_2: 0.8370  Has0_F1_score: 0.8408  Non0_acc_2: 0.8630  Non0_F1_score: 0.8623  Mult_acc_5: 0.5692  Mult_acc_7: 0.5542  MAE: 0.5060  Corr: 0.7768  Loss: 0.5059 
2026-01-17 12:05:58,787 - MMSA [INFO] - TRAIN-(msalm) [3/6/3] >> loss: 0.3845  Has0_acc_2: 0.8569  Has0_F1_score: 0.8614  Non0_acc_2: 0.9248  Non0_F1_score: 0.9247  Mult_acc_5: 0.6809  Mult_acc_7: 0.6548  MAE: 0.3846  Corr: 0.8840  clm loss: 3.3125 total loss: 5.2452 bn loss: 0.3853 av loss: 0.7877 text loss: 0.3753
2026-01-17 12:06:08,634 - MMSA [INFO] - VAL-(msalm) >>  Has0_acc_2: 0.8316  Has0_F1_score: 0.8367  Non0_acc_2: 0.8658  Non0_F1_score: 0.8658  Mult_acc_5: 0.5703  Mult_acc_7: 0.5591  MAE: 0.4914  Corr: 0.7777  Loss: 0.4910 
2026-01-17 12:10:46,263 - MMSA [INFO] - TRAIN-(msalm) [1/7/3] >> loss: 0.3514  Has0_acc_2: 0.8644  Has0_F1_score: 0.8687  Non0_acc_2: 0.9336  Non0_F1_score: 0.9336  Mult_acc_5: 0.7143  Mult_acc_7: 0.6881  MAE: 0.3515  Corr: 0.9022  clm loss: 3.2652 total loss: 5.095 bn loss: 0.355 av loss: 0.7858 text loss: 0.3375
2026-01-17 12:10:55,509 - MMSA [INFO] - VAL-(msalm) >>  Has0_acc_2: 0.8429  Has0_F1_score: 0.8457  Non0_acc_2: 0.8658  Non0_F1_score: 0.8646  Mult_acc_5: 0.5730  Mult_acc_7: 0.5564  MAE: 0.4989  Corr: 0.7761  Loss: 0.4984 
2026-01-17 12:15:27,953 - MMSA [INFO] - TRAIN-(msalm) [2/8/3] >> loss: 0.3225  Has0_acc_2: 0.8690  Has0_F1_score: 0.8733  Non0_acc_2: 0.9449  Non0_F1_score: 0.9449  Mult_acc_5: 0.7339  Mult_acc_7: 0.7068  MAE: 0.3226  Corr: 0.9179  clm loss: 3.2227 total loss: 4.961 bn loss: 0.3242 av loss: 0.7847 text loss: 0.3069
2026-01-17 12:15:36,861 - MMSA [INFO] - VAL-(msalm) >>  Has0_acc_2: 0.8252  Has0_F1_score: 0.8311  Non0_acc_2: 0.8540  Non0_F1_score: 0.8546  Mult_acc_5: 0.5703  Mult_acc_7: 0.5585  MAE: 0.4982  Corr: 0.7717  Loss: 0.4963 
2026-01-17 12:20:07,165 - MMSA [INFO] - TRAIN-(msalm) [3/9/3] >> loss: 0.3058  Has0_acc_2: 0.8680  Has0_F1_score: 0.8724  Non0_acc_2: 0.9492  Non0_F1_score: 0.9491  Mult_acc_5: 0.7503  Mult_acc_7: 0.7245  MAE: 0.3058  Corr: 0.9278  clm loss: 3.1826 total loss: 4.8544 bn loss: 0.3009 av loss: 0.7833 text loss: 0.2819
2026-01-17 12:20:16,128 - MMSA [INFO] - VAL-(msalm) >>  Has0_acc_2: 0.8226  Has0_F1_score: 0.8285  Non0_acc_2: 0.8491  Non0_F1_score: 0.8499  Mult_acc_5: 0.5756  Mult_acc_7: 0.5623  MAE: 0.5098  Corr: 0.7671  Loss: 0.5100 
2026-01-17 12:24:46,147 - MMSA [INFO] - TRAIN-(msalm) [4/10/3] >> loss: 0.2933  Has0_acc_2: 0.8683  Has0_F1_score: 0.8728  Non0_acc_2: 0.9518  Non0_F1_score: 0.9518  Mult_acc_5: 0.7654  Mult_acc_7: 0.7388  MAE: 0.2931  Corr: 0.9322  clm loss: 3.1593 total loss: 4.7848 bn loss: 0.284 av loss: 0.782 text loss: 0.2661
2026-01-17 12:24:54,876 - MMSA [INFO] - VAL-(msalm) >>  Has0_acc_2: 0.8343  Has0_F1_score: 0.8374  Non0_acc_2: 0.8540  Non0_F1_score: 0.8528  Mult_acc_5: 0.5644  Mult_acc_7: 0.5505  MAE: 0.5078  Corr: 0.7669  Loss: 0.5072 
2026-01-17 12:29:25,022 - MMSA [INFO] - TRAIN-(msalm) [5/11/3] >> loss: 0.2712  Has0_acc_2: 0.8771  Has0_F1_score: 0.8814  Non0_acc_2: 0.9605  Non0_F1_score: 0.9605  Mult_acc_5: 0.7869  Mult_acc_7: 0.7603  MAE: 0.2713  Corr: 0.9432  clm loss: 3.1102 total loss: 4.663 bn loss: 0.2578 av loss: 0.7825 text loss: 0.2414
2026-01-17 12:29:33,752 - MMSA [INFO] - VAL-(msalm) >>  Has0_acc_2: 0.8215  Has0_F1_score: 0.8275  Non0_acc_2: 0.8540  Non0_F1_score: 0.8545  Mult_acc_5: 0.5655  Mult_acc_7: 0.5532  MAE: 0.5013  Corr: 0.7704  Loss: 0.5003 
2026-01-17 12:34:03,780 - MMSA [INFO] - TRAIN-(msalm) [6/12/3] >> loss: 0.266  Has0_acc_2: 0.8755  Has0_F1_score: 0.8798  Non0_acc_2: 0.9626  Non0_F1_score: 0.9626  Mult_acc_5: 0.7886  Mult_acc_7: 0.7638  MAE: 0.2661  Corr: 0.9445  clm loss: 3.0857 total loss: 4.6104 bn loss: 0.2473 av loss: 0.7804 text loss: 0.2309
2026-01-17 12:34:12,827 - MMSA [INFO] - VAL-(msalm) >>  Has0_acc_2: 0.8065  Has0_F1_score: 0.8146  Non0_acc_2: 0.8491  Non0_F1_score: 0.8504  Mult_acc_5: 0.5633  Mult_acc_7: 0.5516  MAE: 0.5020  Corr: 0.7685  Loss: 0.5027 
2026-01-17 12:38:42,856 - MMSA [INFO] - TRAIN-(msalm) [7/13/3] >> loss: 0.2475  Has0_acc_2: 0.8766  Has0_F1_score: 0.8809  Non0_acc_2: 0.9661  Non0_F1_score: 0.9660  Mult_acc_5: 0.8075  Mult_acc_7: 0.7834  MAE: 0.2473  Corr: 0.9514  clm loss: 3.0589 total loss: 4.5332 bn loss: 0.2313 av loss: 0.7798 text loss: 0.2157
2026-01-17 12:38:51,595 - MMSA [INFO] - VAL-(msalm) >>  Has0_acc_2: 0.8188  Has0_F1_score: 0.8251  Non0_acc_2: 0.8526  Non0_F1_score: 0.8531  Mult_acc_5: 0.5633  Mult_acc_7: 0.5516  MAE: 0.5009  Corr: 0.7692  Loss: 0.5015 
2026-01-17 12:43:21,496 - MMSA [INFO] - TRAIN-(msalm) [8/14/3] >> loss: 0.2481  Has0_acc_2: 0.8761  Has0_F1_score: 0.8805  Non0_acc_2: 0.9650  Non0_F1_score: 0.9650  Mult_acc_5: 0.8053  Mult_acc_7: 0.7788  MAE: 0.2474  Corr: 0.9531  clm loss: 3.0366 total loss: 4.4946 bn loss: 0.2203 av loss: 0.7798 text loss: 0.2097
2026-01-17 12:43:30,177 - MMSA [INFO] - VAL-(msalm) >>  Has0_acc_2: 0.8247  Has0_F1_score: 0.8303  Non0_acc_2: 0.8554  Non0_F1_score: 0.8557  Mult_acc_5: 0.5649  Mult_acc_7: 0.5526  MAE: 0.5002  Corr: 0.7723  Loss: 0.4988 
2026-01-17 12:48:00,233 - MMSA [INFO] - TRAIN-(msalm) [9/15/3] >> loss: 0.2444  Has0_acc_2: 0.8803  Has0_F1_score: 0.8844  Non0_acc_2: 0.9686  Non0_F1_score: 0.9686  Mult_acc_5: 0.8101  Mult_acc_7: 0.7874  MAE: 0.2443  Corr: 0.9528  clm loss: 3.0352 total loss: 4.477 bn loss: 0.2154 av loss: 0.7785 text loss: 0.2036
2026-01-17 12:48:09,108 - MMSA [INFO] - VAL-(msalm) >>  Has0_acc_2: 0.8316  Has0_F1_score: 0.8365  Non0_acc_2: 0.8595  Non0_F1_score: 0.8595  Mult_acc_5: 0.5644  Mult_acc_7: 0.5526  MAE: 0.4980  Corr: 0.7720  Loss: 0.4973 
2026-01-17 12:52:39,039 - MMSA [INFO] - TRAIN-(msalm) [10/16/3] >> loss: 0.2413  Has0_acc_2: 0.8797  Has0_F1_score: 0.8838  Non0_acc_2: 0.9690  Non0_F1_score: 0.9690  Mult_acc_5: 0.8185  Mult_acc_7: 0.7933  MAE: 0.2413  Corr: 0.9542  clm loss: 3.0147 total loss: 4.4355 bn loss: 0.2064 av loss: 0.7777 text loss: 0.1953
2026-01-17 12:52:47,730 - MMSA [INFO] - VAL-(msalm) >>  Has0_acc_2: 0.8124  Has0_F1_score: 0.8201  Non0_acc_2: 0.8561  Non0_F1_score: 0.8573  Mult_acc_5: 0.5714  Mult_acc_7: 0.5591  MAE: 0.4997  Corr: 0.7719  Loss: 0.5004 
2026-01-17 12:53:09,127 - MMSA [INFO] - TEST-(msalm) >>  Has0_acc_2: 0.8238  Has0_F1_score: 0.8293  Non0_acc_2: 0.8693  Non0_F1_score: 0.8696  Mult_acc_5: 0.5774  Mult_acc_7: 0.5555  MAE: 0.5099  Corr: 0.7987  Loss: 0.5095 
2026-01-17 12:53:11,415 - MMSA [INFO] - Result for seed 1992: {'Has0_acc_2': 0.8238, 'Has0_F1_score': 0.8293, 'Non0_acc_2': 0.8693, 'Non0_F1_score': 0.8696, 'Mult_acc_5': 0.5774, 'Mult_acc_7': 0.5555, 'MAE': 0.5099, 'Corr': 0.7987, 'Loss': 0.5095, 'seed': 1992}
2026-01-17 12:53:11,417 - MMSA [INFO] - ------------------------------ Running with seed 1993 [4/5] ------------------------------
2026-01-17 13:05:35,111 - MMSA [INFO] - The model has 914777996 trainable parameters
2026-01-17 13:10:05,001 - MMSA [INFO] - TRAIN-(msalm) [1/1/4] >> loss: 1.0238  Has0_acc_2: 0.4519  Has0_F1_score: 0.4200  Non0_acc_2: 0.5353  Non0_F1_score: 0.4971  Mult_acc_5: 0.3175  Mult_acc_7: 0.3005  MAE: 1.0243  Corr: 0.4791  clm loss: 4.1174 total loss: 7.6416 bn loss: 0.7956 av loss: 0.8711 text loss: 0.8337
2026-01-17 13:10:13,765 - MMSA [INFO] - VAL-(msalm) >>  Has0_acc_2: 0.6317  Has0_F1_score: 0.6466  Non0_acc_2: 0.7197  Non0_F1_score: 0.7231  Mult_acc_5: 0.4180  Mult_acc_7: 0.3907  MAE: 0.7950  Corr: 0.6720  Loss: 0.7969 
2026-01-17 13:14:48,071 - MMSA [INFO] - TRAIN-(msalm) [1/2/4] >> loss: 0.6762  Has0_acc_2: 0.6793  Has0_F1_score: 0.6927  Non0_acc_2: 0.7646  Non0_F1_score: 0.7682  Mult_acc_5: 0.4865  Mult_acc_7: 0.4606  MAE: 0.6766  Corr: 0.7239  clm loss: 3.637 total loss: 6.2836 bn loss: 0.5569 av loss: 0.8049 text loss: 0.6086
2026-01-17 13:14:56,938 - MMSA [INFO] - VAL-(msalm) >>  Has0_acc_2: 0.7910  Has0_F1_score: 0.8010  Non0_acc_2: 0.8463  Non0_F1_score: 0.8483  Mult_acc_5: 0.5596  Mult_acc_7: 0.5425  MAE: 0.5231  Corr: 0.7498  Loss: 0.5226 
2026-01-17 13:19:31,806 - MMSA [INFO] - TRAIN-(msalm) [1/3/4] >> loss: 0.5207  Has0_acc_2: 0.8025  Has0_F1_score: 0.8101  Non0_acc_2: 0.8626  Non0_F1_score: 0.8636  Mult_acc_5: 0.5726  Mult_acc_7: 0.5498  MAE: 0.5198  Corr: 0.7929  clm loss: 3.5057 total loss: 5.8445 bn loss: 0.4984 av loss: 0.7962 text loss: 0.5235
2026-01-17 13:19:40,638 - MMSA [INFO] - VAL-(msalm) >>  Has0_acc_2: 0.8065  Has0_F1_score: 0.8151  Non0_acc_2: 0.8581  Non0_F1_score: 0.8596  Mult_acc_5: 0.5751  Mult_acc_7: 0.5623  MAE: 0.4956  Corr: 0.7821  Loss: 0.4954 
2026-01-17 13:24:15,454 - MMSA [INFO] - TRAIN-(msalm) [1/4/4] >> loss: 0.4641  Has0_acc_2: 0.8352  Has0_F1_score: 0.8403  Non0_acc_2: 0.8912  Non0_F1_score: 0.8912  Mult_acc_5: 0.6204  Mult_acc_7: 0.5957  MAE: 0.4641  Corr: 0.8311  clm loss: 3.4175 total loss: 5.6009 bn loss: 0.4602 av loss: 0.792 text loss: 0.4671
2026-01-17 13:24:24,164 - MMSA [INFO] - VAL-(msalm) >>  Has0_acc_2: 0.8322  Has0_F1_score: 0.8375  Non0_acc_2: 0.8679  Non0_F1_score: 0.8680  Mult_acc_5: 0.5949  Mult_acc_7: 0.5847  MAE: 0.4837  Corr: 0.7769  Loss: 0.4834 
2026-01-17 13:28:59,156 - MMSA [INFO] - TRAIN-(msalm) [1/5/4] >> loss: 0.4278  Has0_acc_2: 0.8450  Has0_F1_score: 0.8498  Non0_acc_2: 0.9046  Non0_F1_score: 0.9046  Mult_acc_5: 0.6431  Mult_acc_7: 0.6176  MAE: 0.4280  Corr: 0.8567  clm loss: 3.3747 total loss: 5.4403 bn loss: 0.4253 av loss: 0.7907 text loss: 0.4217
2026-01-17 13:29:07,867 - MMSA [INFO] - VAL-(msalm) >>  Has0_acc_2: 0.8268  Has0_F1_score: 0.8310  Non0_acc_2: 0.8554  Non0_F1_score: 0.8544  Mult_acc_5: 0.5762  Mult_acc_7: 0.5607  MAE: 0.4896  Corr: 0.7806  Loss: 0.4902 
2026-01-17 13:33:37,751 - MMSA [INFO] - TRAIN-(msalm) [2/6/4] >> loss: 0.3886  Has0_acc_2: 0.8555  Has0_F1_score: 0.8600  Non0_acc_2: 0.9187  Non0_F1_score: 0.9188  Mult_acc_5: 0.6776  Mult_acc_7: 0.6525  MAE: 0.3885  Corr: 0.8803  clm loss: 3.3144 total loss: 5.2729 bn loss: 0.3954 av loss: 0.7903 text loss: 0.3842
2026-01-17 13:33:46,745 - MMSA [INFO] - VAL-(msalm) >>  Has0_acc_2: 0.8386  Has0_F1_score: 0.8425  Non0_acc_2: 0.8679  Non0_F1_score: 0.8672  Mult_acc_5: 0.5697  Mult_acc_7: 0.5537  MAE: 0.4958  Corr: 0.7754  Loss: 0.4965 
2026-01-17 13:38:16,681 - MMSA [INFO] - TRAIN-(msalm) [3/7/4] >> loss: 0.3594  Has0_acc_2: 0.8597  Has0_F1_score: 0.8642  Non0_acc_2: 0.9287  Non0_F1_score: 0.9287  Mult_acc_5: 0.7098  Mult_acc_7: 0.6852  MAE: 0.3590  Corr: 0.8983  clm loss: 3.2612 total loss: 5.1185 bn loss: 0.3657 av loss: 0.7867 text loss: 0.3455
2026-01-17 13:38:25,401 - MMSA [INFO] - VAL-(msalm) >>  Has0_acc_2: 0.8242  Has0_F1_score: 0.8299  Non0_acc_2: 0.8616  Non0_F1_score: 0.8617  Mult_acc_5: 0.5740  Mult_acc_7: 0.5569  MAE: 0.5052  Corr: 0.7723  Loss: 0.5036 
2026-01-17 13:42:55,479 - MMSA [INFO] - TRAIN-(msalm) [4/8/4] >> loss: 0.3357  Has0_acc_2: 0.8632  Has0_F1_score: 0.8679  Non0_acc_2: 0.9406  Non0_F1_score: 0.9407  Mult_acc_5: 0.7258  Mult_acc_7: 0.6987  MAE: 0.3353  Corr: 0.9118  clm loss: 3.2202 total loss: 4.9946 bn loss: 0.3367 av loss: 0.7856 text loss: 0.3163
2026-01-17 13:43:04,231 - MMSA [INFO] - VAL-(msalm) >>  Has0_acc_2: 0.7996  Has0_F1_score: 0.8083  Non0_acc_2: 0.8463  Non0_F1_score: 0.8478  Mult_acc_5: 0.5724  Mult_acc_7: 0.5564  MAE: 0.5101  Corr: 0.7662  Loss: 0.5097 
2026-01-17 13:47:34,323 - MMSA [INFO] - TRAIN-(msalm) [5/9/4] >> loss: 0.3113  Has0_acc_2: 0.8665  Has0_F1_score: 0.8709  Non0_acc_2: 0.9449  Non0_F1_score: 0.9449  Mult_acc_5: 0.7500  Mult_acc_7: 0.7233  MAE: 0.3111  Corr: 0.9227  clm loss: 3.1862 total loss: 4.8861 bn loss: 0.313 av loss: 0.7836 text loss: 0.292
2026-01-17 13:47:43,090 - MMSA [INFO] - VAL-(msalm) >>  Has0_acc_2: 0.8300  Has0_F1_score: 0.8349  Non0_acc_2: 0.8602  Non0_F1_score: 0.8601  Mult_acc_5: 0.5863  Mult_acc_7: 0.5735  MAE: 0.5009  Corr: 0.7742  Loss: 0.5010 
2026-01-17 13:52:13,135 - MMSA [INFO] - TRAIN-(msalm) [6/10/4] >> loss: 0.2937  Has0_acc_2: 0.8725  Has0_F1_score: 0.8768  Non0_acc_2: 0.9537  Non0_F1_score: 0.9537  Mult_acc_5: 0.7641  Mult_acc_7: 0.7381  MAE: 0.2930  Corr: 0.9327  clm loss: 3.1328 total loss: 4.756 bn loss: 0.2854 av loss: 0.7824 text loss: 0.2618
2026-01-17 13:52:21,899 - MMSA [INFO] - VAL-(msalm) >>  Has0_acc_2: 0.8450  Has0_F1_score: 0.8487  Non0_acc_2: 0.8693  Non0_F1_score: 0.8689  Mult_acc_5: 0.5676  Mult_acc_7: 0.5500  MAE: 0.5116  Corr: 0.7692  Loss: 0.5108 
2026-01-17 13:56:51,864 - MMSA [INFO] - TRAIN-(msalm) [7/11/4] >> loss: 0.2817  Has0_acc_2: 0.8707  Has0_F1_score: 0.8753  Non0_acc_2: 0.9557  Non0_F1_score: 0.9558  Mult_acc_5: 0.7760  Mult_acc_7: 0.7525  MAE: 0.2814  Corr: 0.9383  clm loss: 3.1107 total loss: 4.6948 bn loss: 0.2702 av loss: 0.7811 text loss: 0.2511
2026-01-17 13:57:00,604 - MMSA [INFO] - VAL-(msalm) >>  Has0_acc_2: 0.8081  Has0_F1_score: 0.8160  Non0_acc_2: 0.8505  Non0_F1_score: 0.8517  Mult_acc_5: 0.5730  Mult_acc_7: 0.5575  MAE: 0.5025  Corr: 0.7739  Loss: 0.5012 
2026-01-17 14:01:30,800 - MMSA [INFO] - TRAIN-(msalm) [8/12/4] >> loss: 0.267  Has0_acc_2: 0.8767  Has0_F1_score: 0.8808  Non0_acc_2: 0.9575  Non0_F1_score: 0.9575  Mult_acc_5: 0.7870  Mult_acc_7: 0.7614  MAE: 0.2664  Corr: 0.9442  clm loss: 3.0817 total loss: 4.6213 bn loss: 0.2536 av loss: 0.7818 text loss: 0.2372
2026-01-17 14:01:39,549 - MMSA [INFO] - VAL-(msalm) >>  Has0_acc_2: 0.8012  Has0_F1_score: 0.8099  Non0_acc_2: 0.8470  Non0_F1_score: 0.8486  Mult_acc_5: 0.5778  Mult_acc_7: 0.5644  MAE: 0.5012  Corr: 0.7761  Loss: 0.5043 
2026-01-17 14:06:09,321 - MMSA [INFO] - TRAIN-(msalm) [9/13/4] >> loss: 0.2618  Has0_acc_2: 0.8731  Has0_F1_score: 0.8776  Non0_acc_2: 0.9611  Non0_F1_score: 0.9612  Mult_acc_5: 0.7944  Mult_acc_7: 0.7699  MAE: 0.2612  Corr: 0.9462  clm loss: 3.0514 total loss: 4.5533 bn loss: 0.24 av loss: 0.7806 text loss: 0.2196
2026-01-17 14:06:18,022 - MMSA [INFO] - VAL-(msalm) >>  Has0_acc_2: 0.8295  Has0_F1_score: 0.8340  Non0_acc_2: 0.8595  Non0_F1_score: 0.8591  Mult_acc_5: 0.5730  Mult_acc_7: 0.5569  MAE: 0.5009  Corr: 0.7720  Loss: 0.4991 
2026-01-17 14:10:48,088 - MMSA [INFO] - TRAIN-(msalm) [10/14/4] >> loss: 0.2492  Has0_acc_2: 0.8796  Has0_F1_score: 0.8837  Non0_acc_2: 0.9640  Non0_F1_score: 0.9640  Mult_acc_5: 0.8066  Mult_acc_7: 0.7826  MAE: 0.2493  Corr: 0.9513  clm loss: 3.0226 total loss: 4.4886 bn loss: 0.2259 av loss: 0.7797 text loss: 0.2113
2026-01-17 14:10:56,827 - MMSA [INFO] - VAL-(msalm) >>  Has0_acc_2: 0.8226  Has0_F1_score: 0.8285  Non0_acc_2: 0.8595  Non0_F1_score: 0.8598  Mult_acc_5: 0.5724  Mult_acc_7: 0.5559  MAE: 0.5005  Corr: 0.7730  Loss: 0.5000 
2026-01-17 14:11:18,163 - MMSA [INFO] - TEST-(msalm) >>  Has0_acc_2: 0.8289  Has0_F1_score: 0.8334  Non0_acc_2: 0.8685  Non0_F1_score: 0.8682  Mult_acc_5: 0.5735  Mult_acc_7: 0.5546  MAE: 0.5097  Corr: 0.7979  Loss: 0.5093 
2026-01-17 14:11:20,427 - MMSA [INFO] - Result for seed 1993: {'Has0_acc_2': 0.8289, 'Has0_F1_score': 0.8334, 'Non0_acc_2': 0.8685, 'Non0_F1_score': 0.8682, 'Mult_acc_5': 0.5735, 'Mult_acc_7': 0.5546, 'MAE': 0.5097, 'Corr': 0.7979, 'Loss': 0.5093, 'seed': 1993}
2026-01-17 14:11:20,429 - MMSA [INFO] - ------------------------------ Running with seed 1994 [5/5] ------------------------------
2026-01-17 14:23:09,185 - MMSA [INFO] - The model has 914777996 trainable parameters
2026-01-17 14:27:39,101 - MMSA [INFO] - TRAIN-(msalm) [1/1/5] >> loss: 0.8363  Has0_acc_2: 0.5562  Has0_F1_score: 0.5645  Non0_acc_2: 0.6216  Non0_F1_score: 0.6191  Mult_acc_5: 0.4015  Mult_acc_7: 0.3944  MAE: 0.8365  Corr: 0.4640  clm loss: 4.1132 total loss: 7.3996 bn loss: 0.8091 av loss: 0.8186 text loss: 0.8224
2026-01-17 14:27:47,840 - MMSA [INFO] - VAL-(msalm) >>  Has0_acc_2: 0.7531  Has0_F1_score: 0.7665  Non0_acc_2: 0.8122  Non0_F1_score: 0.8160  Mult_acc_5: 0.5168  Mult_acc_7: 0.5067  MAE: 0.5988  Corr: 0.6969  Loss: 0.5988 
2026-01-17 14:32:22,463 - MMSA [INFO] - TRAIN-(msalm) [1/2/5] >> loss: 0.5785  Has0_acc_2: 0.7714  Has0_F1_score: 0.7808  Non0_acc_2: 0.8265  Non0_F1_score: 0.8283  Mult_acc_5: 0.5331  Mult_acc_7: 0.5130  MAE: 0.5789  Corr: 0.7404  clm loss: 3.639 total loss: 6.1852 bn loss: 0.5629 av loss: 0.7989 text loss: 0.606
2026-01-17 14:32:31,200 - MMSA [INFO] - VAL-(msalm) >>  Has0_acc_2: 0.8268  Has0_F1_score: 0.8324  Non0_acc_2: 0.8658  Non0_F1_score: 0.8658  Mult_acc_5: 0.5665  Mult_acc_7: 0.5532  MAE: 0.4930  Corr: 0.7748  Loss: 0.4910 
2026-01-17 14:37:06,023 - MMSA [INFO] - TRAIN-(msalm) [1/3/5] >> loss: 0.501  Has0_acc_2: 0.8243  Has0_F1_score: 0.8296  Non0_acc_2: 0.8732  Non0_F1_score: 0.8733  Mult_acc_5: 0.5870  Mult_acc_7: 0.5651  MAE: 0.5010  Corr: 0.8027  clm loss: 3.5068 total loss: 5.8279 bn loss: 0.5035 av loss: 0.7923 text loss: 0.5242
2026-01-17 14:37:14,856 - MMSA [INFO] - VAL-(msalm) >>  Has0_acc_2: 0.8348  Has0_F1_score: 0.8393  Non0_acc_2: 0.8665  Non0_F1_score: 0.8661  Mult_acc_5: 0.5815  Mult_acc_7: 0.5676  MAE: 0.4868  Corr: 0.7852  Loss: 0.4886 
2026-01-17 14:41:49,686 - MMSA [INFO] - TRAIN-(msalm) [1/4/5] >> loss: 0.4631  Has0_acc_2: 0.8348  Has0_F1_score: 0.8396  Non0_acc_2: 0.8860  Non0_F1_score: 0.8859  Mult_acc_5: 0.6166  Mult_acc_7: 0.5932  MAE: 0.4628  Corr: 0.8324  clm loss: 3.4308 total loss: 5.6247 bn loss: 0.4659 av loss: 0.7909 text loss: 0.4742
2026-01-17 14:41:58,391 - MMSA [INFO] - VAL-(msalm) >>  Has0_acc_2: 0.8306  Has0_F1_score: 0.8354  Non0_acc_2: 0.8658  Non0_F1_score: 0.8654  Mult_acc_5: 0.5746  Mult_acc_7: 0.5580  MAE: 0.4948  Corr: 0.7781  Loss: 0.4953 
2026-01-17 14:46:28,353 - MMSA [INFO] - TRAIN-(msalm) [2/5/5] >> loss: 0.4217  Has0_acc_2: 0.8460  Has0_F1_score: 0.8508  Non0_acc_2: 0.9066  Non0_F1_score: 0.9066  Mult_acc_5: 0.6499  Mult_acc_7: 0.6250  MAE: 0.4215  Corr: 0.8601  clm loss: 3.3638 total loss: 5.4199 bn loss: 0.425 av loss: 0.79 text loss: 0.4194
2026-01-17 14:46:37,071 - MMSA [INFO] - VAL-(msalm) >>  Has0_acc_2: 0.7942  Has0_F1_score: 0.8042  Non0_acc_2: 0.8561  Non0_F1_score: 0.8579  Mult_acc_5: 0.5804  Mult_acc_7: 0.5681  MAE: 0.4963  Corr: 0.7766  Loss: 0.4969 
2026-01-17 14:51:07,005 - MMSA [INFO] - TRAIN-(msalm) [3/6/5] >> loss: 0.3852  Has0_acc_2: 0.8522  Has0_F1_score: 0.8569  Non0_acc_2: 0.9187  Non0_F1_score: 0.9187  Mult_acc_5: 0.6799  Mult_acc_7: 0.6563  MAE: 0.3852  Corr: 0.8833  clm loss: 3.3106 total loss: 5.253 bn loss: 0.3937 av loss: 0.7863 text loss: 0.3772
2026-01-17 14:51:16,021 - MMSA [INFO] - VAL-(msalm) >>  Has0_acc_2: 0.8119  Has0_F1_score: 0.8195  Non0_acc_2: 0.8581  Non0_F1_score: 0.8591  Mult_acc_5: 0.5756  Mult_acc_7: 0.5617  MAE: 0.5004  Corr: 0.7693  Loss: 0.5014 
2026-01-17 14:55:45,863 - MMSA [INFO] - TRAIN-(msalm) [4/7/5] >> loss: 0.3539  Has0_acc_2: 0.8607  Has0_F1_score: 0.8651  Non0_acc_2: 0.9304  Non0_F1_score: 0.9303  Mult_acc_5: 0.7087  Mult_acc_7: 0.6841  MAE: 0.3539  Corr: 0.9002  clm loss: 3.2672 total loss: 5.1181 bn loss: 0.3648 av loss: 0.7872 text loss: 0.345
2026-01-17 14:55:54,576 - MMSA [INFO] - VAL-(msalm) >>  Has0_acc_2: 0.8183  Has0_F1_score: 0.8241  Non0_acc_2: 0.8581  Non0_F1_score: 0.8580  Mult_acc_5: 0.5772  Mult_acc_7: 0.5623  MAE: 0.4942  Corr: 0.7743  Loss: 0.4938 
2026-01-17 15:00:24,501 - MMSA [INFO] - TRAIN-(msalm) [5/8/5] >> loss: 0.3257  Has0_acc_2: 0.8686  Has0_F1_score: 0.8728  Non0_acc_2: 0.9406  Non0_F1_score: 0.9406  Mult_acc_5: 0.7345  Mult_acc_7: 0.7081  MAE: 0.3252  Corr: 0.9167  clm loss: 3.2168 total loss: 4.9703 bn loss: 0.3339 av loss: 0.7853 text loss: 0.3085
2026-01-17 15:00:33,210 - MMSA [INFO] - VAL-(msalm) >>  Has0_acc_2: 0.8290  Has0_F1_score: 0.8338  Non0_acc_2: 0.8616  Non0_F1_score: 0.8613  Mult_acc_5: 0.5852  Mult_acc_7: 0.5724  MAE: 0.5019  Corr: 0.7757  Loss: 0.5013 
2026-01-17 15:05:03,189 - MMSA [INFO] - TRAIN-(msalm) [6/9/5] >> loss: 0.3055  Has0_acc_2: 0.8673  Has0_F1_score: 0.8717  Non0_acc_2: 0.9471  Non0_F1_score: 0.9471  Mult_acc_5: 0.7549  Mult_acc_7: 0.7288  MAE: 0.3047  Corr: 0.9265  clm loss: 3.1888 total loss: 4.8759 bn loss: 0.311 av loss: 0.7831 text loss: 0.2874
2026-01-17 15:05:11,888 - MMSA [INFO] - VAL-(msalm) >>  Has0_acc_2: 0.8038  Has0_F1_score: 0.8119  Non0_acc_2: 0.8512  Non0_F1_score: 0.8522  Mult_acc_5: 0.5756  Mult_acc_7: 0.5628  MAE: 0.5010  Corr: 0.7748  Loss: 0.4998 
2026-01-17 15:09:41,726 - MMSA [INFO] - TRAIN-(msalm) [7/10/5] >> loss: 0.2964  Has0_acc_2: 0.8727  Has0_F1_score: 0.8769  Non0_acc_2: 0.9516  Non0_F1_score: 0.9516  Mult_acc_5: 0.7614  Mult_acc_7: 0.7329  MAE: 0.2964  Corr: 0.9318  clm loss: 3.1565 total loss: 4.7929 bn loss: 0.2891 av loss: 0.782 text loss: 0.2688
2026-01-17 15:09:50,407 - MMSA [INFO] - VAL-(msalm) >>  Has0_acc_2: 0.8103  Has0_F1_score: 0.8175  Non0_acc_2: 0.8526  Non0_F1_score: 0.8533  Mult_acc_5: 0.5746  Mult_acc_7: 0.5617  MAE: 0.5006  Corr: 0.7750  Loss: 0.5019 
2026-01-17 15:14:20,544 - MMSA [INFO] - TRAIN-(msalm) [8/11/5] >> loss: 0.2799  Has0_acc_2: 0.8760  Has0_F1_score: 0.8801  Non0_acc_2: 0.9577  Non0_F1_score: 0.9577  Mult_acc_5: 0.7778  Mult_acc_7: 0.7509  MAE: 0.2797  Corr: 0.9390  clm loss: 3.1134 total loss: 4.6897 bn loss: 0.269 av loss: 0.7812 text loss: 0.2463
2026-01-17 15:14:29,284 - MMSA [INFO] - VAL-(msalm) >>  Has0_acc_2: 0.8210  Has0_F1_score: 0.8264  Non0_acc_2: 0.8574  Non0_F1_score: 0.8572  Mult_acc_5: 0.5778  Mult_acc_7: 0.5623  MAE: 0.4945  Corr: 0.7790  Loss: 0.4936 
2026-01-17 15:18:59,238 - MMSA [INFO] - TRAIN-(msalm) [9/12/5] >> loss: 0.2666  Has0_acc_2: 0.8744  Has0_F1_score: 0.8787  Non0_acc_2: 0.9593  Non0_F1_score: 0.9593  Mult_acc_5: 0.7883  Mult_acc_7: 0.7633  MAE: 0.2661  Corr: 0.9440  clm loss: 3.0914 total loss: 4.6269 bn loss: 0.2555 av loss: 0.7818 text loss: 0.2317
2026-01-17 15:19:07,941 - MMSA [INFO] - VAL-(msalm) >>  Has0_acc_2: 0.8119  Has0_F1_score: 0.8190  Non0_acc_2: 0.8547  Non0_F1_score: 0.8553  Mult_acc_5: 0.5724  Mult_acc_7: 0.5591  MAE: 0.4967  Corr: 0.7746  Loss: 0.4974 
2026-01-17 15:23:37,885 - MMSA [INFO] - TRAIN-(msalm) [10/13/5] >> loss: 0.2526  Has0_acc_2: 0.8775  Has0_F1_score: 0.8818  Non0_acc_2: 0.9642  Non0_F1_score: 0.9642  Mult_acc_5: 0.8049  Mult_acc_7: 0.7802  MAE: 0.2525  Corr: 0.9501  clm loss: 3.0645 total loss: 4.5584 bn loss: 0.2405 av loss: 0.7803 text loss: 0.2205
2026-01-17 15:23:47,078 - MMSA [INFO] - VAL-(msalm) >>  Has0_acc_2: 0.8247  Has0_F1_score: 0.8303  Non0_acc_2: 0.8630  Non0_F1_score: 0.8630  Mult_acc_5: 0.5740  Mult_acc_7: 0.5596  MAE: 0.4999  Corr: 0.7730  Loss: 0.5001 
2026-01-17 15:24:08,157 - MMSA [INFO] - TEST-(msalm) >>  Has0_acc_2: 0.8410  Has0_F1_score: 0.8442  Non0_acc_2: 0.8734  Non0_F1_score: 0.8728  Mult_acc_5: 0.5718  Mult_acc_7: 0.5531  MAE: 0.5034  Corr: 0.8013  Loss: 0.5031 
2026-01-17 15:24:10,468 - MMSA [INFO] - Result for seed 1994: {'Has0_acc_2': 0.841, 'Has0_F1_score': 0.8442, 'Non0_acc_2': 0.8734, 'Non0_F1_score': 0.8728, 'Mult_acc_5': 0.5718, 'Mult_acc_7': 0.5531, 'MAE': 0.5034, 'Corr': 0.8013, 'Loss': 0.5031, 'seed': 1994}
2026-01-17 15:24:10,529 - MMSA [INFO] - Results saved to MMSA/results/mosei/nf10_k3_0002/thesis-mosei-nf10-k3-02/normal/mosei_avg.csv.
