2026-01-15 19:39:27,324 - MMSA [INFO] - ======================================== Program Start ========================================
2026-01-15 19:39:27,387 - MMSA [INFO] - Running with args:
2026-01-15 19:39:27,387 - MMSA [INFO] - {'model_name': 'msalm', 'dataset_name': 'sims', 'featurePath': '/leonardo_work/EUHPC_A04_051/alexfil/MSA-Datasets/CH-SIMS/unaligned_39.pkl', 'seq_lens': [39, 400, 55], 'feature_dims': [768, 33, 709], 'train_samples': 1368, 'num_classes': 3, 'language': 'cn', 'KeyEval': 'Loss', 'missing_rate': [0.0, 0.0, 0.0], 'missing_seed': [1111, 1111, 1111], 'need_data_aligned': False, 'need_model_aligned': False, 'early_stop': 10, 'use_bert': False, 'use_bert_finetune': False, 'attn_mask': True, 'excludeZero': True, 'update_epochs': 8, 'use_augmentation': False, 'use_m3xup': False, 'hfPath': False, 'use_ulgm': False, 'update_labels_patience': 1, 'H': 3.0, 'del_model': True, 'max_token_len': 39, 'pad_token': '<|endoftext|>', 'lm': '/leonardo_work/EUHPC_A04_051/alexfil/gpt2-chinese-cluecorpussmall', 'use_bf16': False, 'task_out': 1, 'use_clm': True, 'gamma': 1.0, 'l_bn': 1.0, 'l_av': 1.0, 'l_t': 1.0, 'warmup_epochs': 1, 'max_epochs': 100, 'beta_1': 0.9, 'beta_2': 0.95, 'use_lnorm': True, 'rescale': False, 'rescaler': 'sqrt', 'use_seqaug': True, 'n_bn_fusion': 16, 'modded_loss': True, 'embedding_attr_name': 'transformer.wte', 'decoder_layers_attr_name': 'transformer.h', 'mmgpt': {'type': 'gpt2', 'd_out': 64, 'combine': True, 'dropout': 0.1, 'mm_layer': [5, 6, 7, 8, 9, 10, 11], 'top_k': 2, 'layer_dropout': 0.0, 'dense': True, 'tie_ffn': True, 'n_embd': 768, 'bias': True, 'kv_dim': 30, 'n_head': 16, 'd_mm': 768, 'gating': 'sigmoid', 'init_gate': [0.0, 0.0, 0.0, 0.0, 0.0, 0.0, 0.0, 0.0, 0.0, 0.0], 'use_softperm': True, 'p_perm': 0.3, 'p_apply': 0.25, 'use_lora': False, 'lora': {'lora_alpha': 128, 'r': 64, 'lora_dropout': 0.05}}, 'av_enc': {'finetune': True, 'from_pretrained': True, 'path_to_pretrained': '/leonardo_work/EUHPC_A04_051/alexfil/DeepMLF-Reprod/checkpoints/bienc-sims-1990/bienc-sims-1990.pth', 'feature_dims': [768, 33, 709], 'd_enc': 30, 'n_embd': 30, 'n_head': 6, 'nlevels': 3, 'd_enc_out': 30, 'maxlen': 55, 'p_mask': 0.15, 'enc_attn_dropout': 0.1, 'enc_res_dropout': 0.1, 'enc_dropout': 0.1, 'use_softperm': True, 'p_perm': 0.2, 'mask_perm_ratio': 0.5, 'tf_fusion': False, 'use_bn': True, 'use_ln': False}, 'gpt': {'vocab_size': 50257, 'block_size': 1024, 'bias': True, 'n_embd': 1024, 'n_layer': 24, 'n_head': 16, 'dropout': 0.0}, 'batch_size': 32, 'grad_clip': 5.0, 'patience': 10, 'weight_decay_mmgpt': 0.1, 'weight_decay_av': 0.1, 'learning_rate_av': 0.0002, 'learning_rate_mmgpt': 0.0002, 'device': device(type='cuda', index=0), 'train_mode': 'regression', 'custom_feature': None, 'feature_T': '', 'feature_A': '', 'feature_V': ''}
2026-01-15 19:39:27,387 - MMSA [INFO] - Seeds: [1990, 1991, 1992, 1993, 1994]
2026-01-15 19:39:27,388 - MMSA [INFO] - ------------------------------ Running with seed 1990 [1/5] ------------------------------
2026-01-15 19:40:56,223 - MMSA [INFO] - The model has 181756595 trainable parameters
2026-01-15 19:41:09,009 - MMSA [INFO] - TRAIN-(msalm) [1/1/1] >> loss: 0.7189  Mult_acc_2: 0.4284  Mult_acc_3: 0.3158  Mult_acc_5: 0.1513  F1_score: 0.4300  MAE: 0.7175  Corr: 0.0141  clm loss: 7.5911 total loss: 10.837 bn loss: 0.8699 av loss: 0.6547 text loss: 1.0025
2026-01-15 19:41:11,357 - MMSA [INFO] - VAL-(msalm) >>  Mult_acc_2: 0.4539  Mult_acc_3: 0.3531  Mult_acc_5: 0.1798  F1_score: 0.4418  MAE: 0.6988  Corr: 0.1158  Loss: 0.6878 
2026-01-15 19:41:21,018 - MMSA [INFO] - TRAIN-(msalm) [1/2/1] >> loss: 0.6788  Mult_acc_2: 0.4773  Mult_acc_3: 0.3765  Mult_acc_5: 0.1827  F1_score: 0.4819  MAE: 0.6764  Corr: 0.1388  clm loss: 6.3543 total loss: 9.2258 bn loss: 0.75 av loss: 0.6213 text loss: 0.8214
2026-01-15 19:41:23,009 - MMSA [INFO] - VAL-(msalm) >>  Mult_acc_2: 0.4759  Mult_acc_3: 0.3882  Mult_acc_5: 0.1908  F1_score: 0.4696  MAE: 0.6505  Corr: 0.2706  Loss: 0.6457 
2026-01-15 19:41:32,328 - MMSA [INFO] - TRAIN-(msalm) [1/3/1] >> loss: 0.6425  Mult_acc_2: 0.5234  Mult_acc_3: 0.4167  Mult_acc_5: 0.1981  F1_score: 0.5320  MAE: 0.6403  Corr: 0.2420  clm loss: 5.1592 total loss: 7.7486 bn loss: 0.6659 av loss: 0.5901 text loss: 0.6908
2026-01-15 19:41:34,067 - MMSA [INFO] - VAL-(msalm) >>  Mult_acc_2: 0.4145  Mult_acc_3: 0.3465  Mult_acc_5: 0.1776  F1_score: 0.3795  MAE: 0.6699  Corr: 0.3167  Loss: 0.6621 
2026-01-15 19:41:42,343 - MMSA [INFO] - TRAIN-(msalm) [2/4/1] >> loss: 0.6153  Mult_acc_2: 0.5585  Mult_acc_3: 0.4452  Mult_acc_5: 0.2251  F1_score: 0.5725  MAE: 0.6110  Corr: 0.3020  clm loss: 4.4596 total loss: 6.9037 bn loss: 0.636 av loss: 0.573 text loss: 0.6199
2026-01-15 19:41:44,203 - MMSA [INFO] - VAL-(msalm) >>  Mult_acc_2: 0.3882  Mult_acc_3: 0.3333  Mult_acc_5: 0.1952  F1_score: 0.3178  MAE: 0.7270  Corr: 0.2974  Loss: 0.7438 
2026-01-15 19:41:52,599 - MMSA [INFO] - TRAIN-(msalm) [3/5/1] >> loss: 0.6029  Mult_acc_2: 0.5709  Mult_acc_3: 0.4642  Mult_acc_5: 0.2120  F1_score: 0.5856  MAE: 0.6017  Corr: 0.3101  clm loss: 3.9865 total loss: 6.3697 bn loss: 0.6199 av loss: 0.5558 text loss: 0.6045
2026-01-15 19:41:54,420 - MMSA [INFO] - VAL-(msalm) >>  Mult_acc_2: 0.4342  Mult_acc_3: 0.3684  Mult_acc_5: 0.2018  F1_score: 0.3912  MAE: 0.6856  Corr: 0.3747  Loss: 0.6887 
2026-01-15 19:42:02,682 - MMSA [INFO] - TRAIN-(msalm) [4/6/1] >> loss: 0.5548  Mult_acc_2: 0.6272  Mult_acc_3: 0.5146  Mult_acc_5: 0.2529  F1_score: 0.6410  MAE: 0.5507  Corr: 0.4362  clm loss: 3.7248 total loss: 6.0175 bn loss: 0.6083 av loss: 0.5283 text loss: 0.6013
2026-01-15 19:42:04,480 - MMSA [INFO] - VAL-(msalm) >>  Mult_acc_2: 0.4189  Mult_acc_3: 0.3750  Mult_acc_5: 0.1952  F1_score: 0.3624  MAE: 0.7467  Corr: 0.4541  Loss: 0.7818 
2026-01-15 19:42:12,783 - MMSA [INFO] - TRAIN-(msalm) [5/7/1] >> loss: 0.5307  Mult_acc_2: 0.6667  Mult_acc_3: 0.5497  Mult_acc_5: 0.2858  F1_score: 0.6797  MAE: 0.5155  Corr: 0.5129  clm loss: 3.6194 total loss: 5.8125 bn loss: 0.5889 av loss: 0.5067 text loss: 0.5667
2026-01-15 19:42:14,509 - MMSA [INFO] - VAL-(msalm) >>  Mult_acc_2: 0.5022  Mult_acc_3: 0.4408  Mult_acc_5: 0.2566  F1_score: 0.4842  MAE: 0.6877  Corr: 0.4777  Loss: 0.7733 
2026-01-15 19:42:22,806 - MMSA [INFO] - TRAIN-(msalm) [6/8/1] >> loss: 0.5283  Mult_acc_2: 0.6908  Mult_acc_3: 0.5885  Mult_acc_5: 0.3129  F1_score: 0.7028  MAE: 0.5027  Corr: 0.5291  clm loss: 3.4628 total loss: 5.6317 bn loss: 0.5755 av loss: 0.4971 text loss: 0.568
2026-01-15 19:42:24,631 - MMSA [INFO] - VAL-(msalm) >>  Mult_acc_2: 0.6118  Mult_acc_3: 0.5241  Mult_acc_5: 0.3355  F1_score: 0.6238  MAE: 0.5547  Corr: 0.5259  Loss: 0.6074 
2026-01-15 19:42:34,243 - MMSA [INFO] - TRAIN-(msalm) [1/9/1] >> loss: 0.4809  Mult_acc_2: 0.7105  Mult_acc_3: 0.6206  Mult_acc_5: 0.3355  F1_score: 0.7214  MAE: 0.4653  Corr: 0.5865  clm loss: 3.3276 total loss: 5.4547 bn loss: 0.5973 av loss: 0.4864 text loss: 0.5624
2026-01-15 19:42:36,092 - MMSA [INFO] - VAL-(msalm) >>  Mult_acc_2: 0.6820  Mult_acc_3: 0.5570  Mult_acc_5: 0.3268  F1_score: 0.6946  MAE: 0.4892  Corr: 0.5622  Loss: 0.5089 
2026-01-15 19:42:45,761 - MMSA [INFO] - TRAIN-(msalm) [1/10/1] >> loss: 0.4795  Mult_acc_2: 0.7061  Mult_acc_3: 0.6045  Mult_acc_5: 0.3341  F1_score: 0.7167  MAE: 0.4669  Corr: 0.5760  clm loss: 3.3005 total loss: 5.3709 bn loss: 0.5544 av loss: 0.4825 text loss: 0.554
2026-01-15 19:42:47,662 - MMSA [INFO] - VAL-(msalm) >>  Mult_acc_2: 0.6667  Mult_acc_3: 0.5482  Mult_acc_5: 0.3026  F1_score: 0.6796  MAE: 0.4909  Corr: 0.5777  Loss: 0.5107 
2026-01-15 19:42:55,905 - MMSA [INFO] - TRAIN-(msalm) [2/11/1] >> loss: 0.4594  Mult_acc_2: 0.7156  Mult_acc_3: 0.6199  Mult_acc_5: 0.3406  F1_score: 0.7247  MAE: 0.4473  Corr: 0.6060  clm loss: 3.2526 total loss: 5.2631 bn loss: 0.5224 av loss: 0.4785 text loss: 0.5502
2026-01-15 19:42:57,719 - MMSA [INFO] - VAL-(msalm) >>  Mult_acc_2: 0.6842  Mult_acc_3: 0.5702  Mult_acc_5: 0.3224  F1_score: 0.6967  MAE: 0.4809  Corr: 0.5868  Loss: 0.5169 
2026-01-15 19:43:06,204 - MMSA [INFO] - TRAIN-(msalm) [3/12/1] >> loss: 0.4416  Mult_acc_2: 0.7580  Mult_acc_3: 0.6433  Mult_acc_5: 0.3896  F1_score: 0.7651  MAE: 0.4219  Corr: 0.6342  clm loss: 3.2396 total loss: 5.1559 bn loss: 0.4966 av loss: 0.4679 text loss: 0.5101
2026-01-15 19:43:07,973 - MMSA [INFO] - VAL-(msalm) >>  Mult_acc_2: 0.7215  Mult_acc_3: 0.6118  Mult_acc_5: 0.3684  F1_score: 0.7307  MAE: 0.4573  Corr: 0.5917  Loss: 0.5063 
2026-01-15 19:43:17,643 - MMSA [INFO] - TRAIN-(msalm) [1/13/1] >> loss: 0.4318  Mult_acc_2: 0.7522  Mult_acc_3: 0.6579  Mult_acc_5: 0.3860  F1_score: 0.7593  MAE: 0.4093  Corr: 0.6627  clm loss: 3.1723 total loss: 5.0754 bn loss: 0.4863 av loss: 0.4599 text loss: 0.5252
2026-01-15 19:43:19,460 - MMSA [INFO] - VAL-(msalm) >>  Mult_acc_2: 0.6864  Mult_acc_3: 0.5702  Mult_acc_5: 0.3355  F1_score: 0.6988  MAE: 0.4770  Corr: 0.5917  Loss: 0.5235 
2026-01-15 19:43:27,736 - MMSA [INFO] - TRAIN-(msalm) [2/14/1] >> loss: 0.4295  Mult_acc_2: 0.7529  Mult_acc_3: 0.6455  Mult_acc_5: 0.3867  F1_score: 0.7597  MAE: 0.4111  Corr: 0.6499  clm loss: 3.1539 total loss: 5.0649 bn loss: 0.4937 av loss: 0.4664 text loss: 0.5214
2026-01-15 19:43:29,548 - MMSA [INFO] - VAL-(msalm) >>  Mult_acc_2: 0.6228  Mult_acc_3: 0.5548  Mult_acc_5: 0.3377  F1_score: 0.6343  MAE: 0.5058  Corr: 0.5863  Loss: 0.5352 
2026-01-15 19:43:37,884 - MMSA [INFO] - TRAIN-(msalm) [3/15/1] >> loss: 0.4208  Mult_acc_2: 0.7749  Mult_acc_3: 0.6645  Mult_acc_5: 0.3962  F1_score: 0.7796  MAE: 0.4047  Corr: 0.6596  clm loss: 3.1554 total loss: 5.035 bn loss: 0.484 av loss: 0.4651 text loss: 0.5097
2026-01-15 19:43:40,000 - MMSA [INFO] - VAL-(msalm) >>  Mult_acc_2: 0.6974  Mult_acc_3: 0.5943  Mult_acc_5: 0.3465  F1_score: 0.7094  MAE: 0.4593  Corr: 0.6108  Loss: 0.4866 
2026-01-15 19:43:49,445 - MMSA [INFO] - TRAIN-(msalm) [1/16/1] >> loss: 0.4241  Mult_acc_2: 0.7800  Mult_acc_3: 0.6674  Mult_acc_5: 0.3933  F1_score: 0.7852  MAE: 0.4058  Corr: 0.6614  clm loss: 3.1314 total loss: 4.9964 bn loss: 0.4802 av loss: 0.4714 text loss: 0.4895
2026-01-15 19:43:51,211 - MMSA [INFO] - VAL-(msalm) >>  Mult_acc_2: 0.7149  Mult_acc_3: 0.6206  Mult_acc_5: 0.3728  F1_score: 0.7260  MAE: 0.4369  Corr: 0.6327  Loss: 0.4486 
2026-01-15 19:44:00,571 - MMSA [INFO] - TRAIN-(msalm) [1/17/1] >> loss: 0.3985  Mult_acc_2: 0.7961  Mult_acc_3: 0.6871  Mult_acc_5: 0.4101  F1_score: 0.8011  MAE: 0.3784  Corr: 0.7076  clm loss: 3.103 total loss: 4.9089 bn loss: 0.4661 av loss: 0.4599 text loss: 0.4814
2026-01-15 19:44:02,413 - MMSA [INFO] - VAL-(msalm) >>  Mult_acc_2: 0.6930  Mult_acc_3: 0.5877  Mult_acc_5: 0.3553  F1_score: 0.7052  MAE: 0.4459  Corr: 0.6354  Loss: 0.4566 
2026-01-15 19:44:10,755 - MMSA [INFO] - TRAIN-(msalm) [2/18/1] >> loss: 0.3954  Mult_acc_2: 0.7968  Mult_acc_3: 0.6864  Mult_acc_5: 0.3867  F1_score: 0.8011  MAE: 0.3780  Corr: 0.7141  clm loss: 3.1105 total loss: 4.9059 bn loss: 0.4661 av loss: 0.4552 text loss: 0.4787
2026-01-15 19:44:12,497 - MMSA [INFO] - VAL-(msalm) >>  Mult_acc_2: 0.6579  Mult_acc_3: 0.5548  Mult_acc_5: 0.3355  F1_score: 0.6708  MAE: 0.4624  Corr: 0.6341  Loss: 0.4773 
2026-01-15 19:44:20,820 - MMSA [INFO] - TRAIN-(msalm) [3/19/1] >> loss: 0.3923  Mult_acc_2: 0.7895  Mult_acc_3: 0.6871  Mult_acc_5: 0.4115  F1_score: 0.7934  MAE: 0.3719  Corr: 0.7110  clm loss: 3.1142 total loss: 4.8947 bn loss: 0.4581 av loss: 0.4606 text loss: 0.4695
2026-01-15 19:44:22,687 - MMSA [INFO] - VAL-(msalm) >>  Mult_acc_2: 0.7237  Mult_acc_3: 0.6382  Mult_acc_5: 0.4057  F1_score: 0.7335  MAE: 0.4179  Corr: 0.6416  Loss: 0.4461 
2026-01-15 19:44:32,496 - MMSA [INFO] - TRAIN-(msalm) [1/20/1] >> loss: 0.3869  Mult_acc_2: 0.8004  Mult_acc_3: 0.6915  Mult_acc_5: 0.4196  F1_score: 0.8049  MAE: 0.3698  Corr: 0.7161  clm loss: 3.071 total loss: 4.8338 bn loss: 0.4611 av loss: 0.4629 text loss: 0.4518
2026-01-15 19:44:34,281 - MMSA [INFO] - VAL-(msalm) >>  Mult_acc_2: 0.7105  Mult_acc_3: 0.6140  Mult_acc_5: 0.3750  F1_score: 0.7218  MAE: 0.4299  Corr: 0.6444  Loss: 0.4449 
2026-01-15 19:44:43,810 - MMSA [INFO] - TRAIN-(msalm) [1/21/1] >> loss: 0.3868  Mult_acc_2: 0.8026  Mult_acc_3: 0.6886  Mult_acc_5: 0.4108  F1_score: 0.8061  MAE: 0.3719  Corr: 0.7128  clm loss: 3.0192 total loss: 4.7763 bn loss: 0.453 av loss: 0.4568 text loss: 0.4605
2026-01-15 19:44:45,614 - MMSA [INFO] - VAL-(msalm) >>  Mult_acc_2: 0.7390  Mult_acc_3: 0.6425  Mult_acc_5: 0.3750  F1_score: 0.7482  MAE: 0.4251  Corr: 0.6463  Loss: 0.4422 
2026-01-15 19:44:55,029 - MMSA [INFO] - TRAIN-(msalm) [1/22/1] >> loss: 0.3738  Mult_acc_2: 0.7953  Mult_acc_3: 0.6879  Mult_acc_5: 0.4306  F1_score: 0.7991  MAE: 0.3603  Corr: 0.7310  clm loss: 2.9701 total loss: 4.7007 bn loss: 0.446 av loss: 0.4649 text loss: 0.4459
2026-01-15 19:44:56,872 - MMSA [INFO] - VAL-(msalm) >>  Mult_acc_2: 0.7522  Mult_acc_3: 0.6469  Mult_acc_5: 0.4057  F1_score: 0.7604  MAE: 0.4169  Corr: 0.6492  Loss: 0.4412 
2026-01-15 19:45:06,476 - MMSA [INFO] - TRAIN-(msalm) [1/23/1] >> loss: 0.3771  Mult_acc_2: 0.8063  Mult_acc_3: 0.7142  Mult_acc_5: 0.4423  F1_score: 0.8103  MAE: 0.3512  Corr: 0.7442  clm loss: 2.9535 total loss: 4.654 bn loss: 0.4177 av loss: 0.4592 text loss: 0.4465
2026-01-15 19:45:08,313 - MMSA [INFO] - VAL-(msalm) >>  Mult_acc_2: 0.7566  Mult_acc_3: 0.6404  Mult_acc_5: 0.4057  F1_score: 0.7646  MAE: 0.4092  Corr: 0.6559  Loss: 0.4230 
2026-01-15 19:45:17,701 - MMSA [INFO] - TRAIN-(msalm) [1/24/1] >> loss: 0.3552  Mult_acc_2: 0.8194  Mult_acc_3: 0.7127  Mult_acc_5: 0.4583  F1_score: 0.8227  MAE: 0.3374  Corr: 0.7693  clm loss: 2.9914 total loss: 4.6591 bn loss: 0.4179 av loss: 0.4583 text loss: 0.4363
2026-01-15 19:45:19,499 - MMSA [INFO] - VAL-(msalm) >>  Mult_acc_2: 0.7588  Mult_acc_3: 0.6360  Mult_acc_5: 0.4035  F1_score: 0.7670  MAE: 0.4106  Corr: 0.6560  Loss: 0.4338 
2026-01-15 19:45:27,796 - MMSA [INFO] - TRAIN-(msalm) [2/25/1] >> loss: 0.3503  Mult_acc_2: 0.8194  Mult_acc_3: 0.7149  Mult_acc_5: 0.4430  F1_score: 0.8226  MAE: 0.3353  Corr: 0.7667  clm loss: 2.9244 total loss: 4.5549 bn loss: 0.4121 av loss: 0.4532 text loss: 0.415
2026-01-15 19:45:29,590 - MMSA [INFO] - VAL-(msalm) >>  Mult_acc_2: 0.7632  Mult_acc_3: 0.6382  Mult_acc_5: 0.4013  F1_score: 0.7714  MAE: 0.4144  Corr: 0.6562  Loss: 0.4273 
2026-01-15 19:45:37,887 - MMSA [INFO] - TRAIN-(msalm) [3/26/1] >> loss: 0.3417  Mult_acc_2: 0.8216  Mult_acc_3: 0.7303  Mult_acc_5: 0.4693  F1_score: 0.8249  MAE: 0.3266  Corr: 0.7766  clm loss: 2.8888 total loss: 4.4989 bn loss: 0.401 av loss: 0.4493 text loss: 0.4179
2026-01-15 19:45:39,703 - MMSA [INFO] - VAL-(msalm) >>  Mult_acc_2: 0.7456  Mult_acc_3: 0.6425  Mult_acc_5: 0.4145  F1_score: 0.7549  MAE: 0.4067  Corr: 0.6567  Loss: 0.4219 
2026-01-15 19:45:49,497 - MMSA [INFO] - TRAIN-(msalm) [1/27/1] >> loss: 0.3437  Mult_acc_2: 0.8224  Mult_acc_3: 0.7310  Mult_acc_5: 0.4730  F1_score: 0.8256  MAE: 0.3256  Corr: 0.7783  clm loss: 2.8851 total loss: 4.5122 bn loss: 0.403 av loss: 0.4569 text loss: 0.4234
2026-01-15 19:45:51,320 - MMSA [INFO] - VAL-(msalm) >>  Mult_acc_2: 0.7588  Mult_acc_3: 0.6513  Mult_acc_5: 0.4298  F1_score: 0.7663  MAE: 0.4035  Corr: 0.6554  Loss: 0.4224 
2026-01-15 19:45:59,893 - MMSA [INFO] - TRAIN-(msalm) [2/28/1] >> loss: 0.323  Mult_acc_2: 0.8377  Mult_acc_3: 0.7405  Mult_acc_5: 0.4861  F1_score: 0.8412  MAE: 0.3053  Corr: 0.8058  clm loss: 2.8438 total loss: 4.4175 bn loss: 0.3914 av loss: 0.4497 text loss: 0.4096
2026-01-15 19:46:01,725 - MMSA [INFO] - VAL-(msalm) >>  Mult_acc_2: 0.7610  Mult_acc_3: 0.6513  Mult_acc_5: 0.4320  F1_score: 0.7676  MAE: 0.3958  Corr: 0.6603  Loss: 0.4129 
2026-01-15 19:46:11,086 - MMSA [INFO] - TRAIN-(msalm) [1/29/1] >> loss: 0.3217  Mult_acc_2: 0.8304  Mult_acc_3: 0.7485  Mult_acc_5: 0.4993  F1_score: 0.8345  MAE: 0.3042  Corr: 0.8037  clm loss: 2.8269 total loss: 4.3848 bn loss: 0.3867 av loss: 0.4514 text loss: 0.3981
2026-01-15 19:46:12,996 - MMSA [INFO] - VAL-(msalm) >>  Mult_acc_2: 0.7851  Mult_acc_3: 0.6535  Mult_acc_5: 0.4452  F1_score: 0.7885  MAE: 0.3868  Corr: 0.6624  Loss: 0.4078 
2026-01-15 19:46:22,407 - MMSA [INFO] - TRAIN-(msalm) [1/30/1] >> loss: 0.3212  Mult_acc_2: 0.8275  Mult_acc_3: 0.7412  Mult_acc_5: 0.4927  F1_score: 0.8318  MAE: 0.3029  Corr: 0.8063  clm loss: 2.8369 total loss: 4.3792 bn loss: 0.3718 av loss: 0.4474 text loss: 0.4018
2026-01-15 19:46:24,213 - MMSA [INFO] - VAL-(msalm) >>  Mult_acc_2: 0.7895  Mult_acc_3: 0.6645  Mult_acc_5: 0.4342  F1_score: 0.7934  MAE: 0.3903  Corr: 0.6605  Loss: 0.4116 
2026-01-15 19:46:32,757 - MMSA [INFO] - TRAIN-(msalm) [2/31/1] >> loss: 0.3053  Mult_acc_2: 0.8260  Mult_acc_3: 0.7434  Mult_acc_5: 0.5102  F1_score: 0.8296  MAE: 0.2914  Corr: 0.8150  clm loss: 2.8117 total loss: 4.3249 bn loss: 0.3636 av loss: 0.4532 text loss: 0.391
2026-01-15 19:46:34,681 - MMSA [INFO] - VAL-(msalm) >>  Mult_acc_2: 0.7654  Mult_acc_3: 0.6732  Mult_acc_5: 0.4320  F1_score: 0.7729  MAE: 0.3966  Corr: 0.6609  Loss: 0.4199 
2026-01-15 19:46:42,983 - MMSA [INFO] - TRAIN-(msalm) [3/32/1] >> loss: 0.2969  Mult_acc_2: 0.8436  Mult_acc_3: 0.7683  Mult_acc_5: 0.5278  F1_score: 0.8465  MAE: 0.2816  Corr: 0.8326  clm loss: 2.7558 total loss: 4.2151 bn loss: 0.349 av loss: 0.444 text loss: 0.3694
2026-01-15 19:46:45,284 - MMSA [INFO] - VAL-(msalm) >>  Mult_acc_2: 0.7632  Mult_acc_3: 0.6535  Mult_acc_5: 0.3969  F1_score: 0.7709  MAE: 0.3997  Corr: 0.6576  Loss: 0.4135 
2026-01-15 19:46:53,659 - MMSA [INFO] - TRAIN-(msalm) [4/33/1] >> loss: 0.2886  Mult_acc_2: 0.8399  Mult_acc_3: 0.7690  Mult_acc_5: 0.5439  F1_score: 0.8434  MAE: 0.2753  Corr: 0.8386  clm loss: 2.7458 total loss: 4.2056 bn loss: 0.346 av loss: 0.4474 text loss: 0.3779
2026-01-15 19:46:55,433 - MMSA [INFO] - VAL-(msalm) >>  Mult_acc_2: 0.7434  Mult_acc_3: 0.6535  Mult_acc_5: 0.4013  F1_score: 0.7530  MAE: 0.4110  Corr: 0.6553  Loss: 0.4268 
2026-01-15 19:47:04,008 - MMSA [INFO] - TRAIN-(msalm) [5/34/1] >> loss: 0.2841  Mult_acc_2: 0.8553  Mult_acc_3: 0.7683  Mult_acc_5: 0.5417  F1_score: 0.8584  MAE: 0.2684  Corr: 0.8447  clm loss: 2.6797 total loss: 4.1059 bn loss: 0.3376 av loss: 0.4453 text loss: 0.3591
2026-01-15 19:47:05,803 - MMSA [INFO] - VAL-(msalm) >>  Mult_acc_2: 0.7346  Mult_acc_3: 0.6491  Mult_acc_5: 0.3969  F1_score: 0.7448  MAE: 0.4141  Corr: 0.6475  Loss: 0.4271 
2026-01-15 19:47:14,034 - MMSA [INFO] - TRAIN-(msalm) [6/35/1] >> loss: 0.2834  Mult_acc_2: 0.8501  Mult_acc_3: 0.7844  Mult_acc_5: 0.5607  F1_score: 0.8537  MAE: 0.2663  Corr: 0.8469  clm loss: 2.6497 total loss: 4.0555 bn loss: 0.3302 av loss: 0.4395 text loss: 0.3528
2026-01-15 19:47:15,813 - MMSA [INFO] - VAL-(msalm) >>  Mult_acc_2: 0.7522  Mult_acc_3: 0.6469  Mult_acc_5: 0.3969  F1_score: 0.7612  MAE: 0.4073  Corr: 0.6504  Loss: 0.4111 
2026-01-15 19:47:24,139 - MMSA [INFO] - TRAIN-(msalm) [7/36/1] >> loss: 0.2707  Mult_acc_2: 0.8640  Mult_acc_3: 0.7961  Mult_acc_5: 0.5702  F1_score: 0.8669  MAE: 0.2590  Corr: 0.8597  clm loss: 2.642 total loss: 4.027 bn loss: 0.3241 av loss: 0.448 text loss: 0.3423
2026-01-15 19:47:25,974 - MMSA [INFO] - VAL-(msalm) >>  Mult_acc_2: 0.7632  Mult_acc_3: 0.6667  Mult_acc_5: 0.4342  F1_score: 0.7709  MAE: 0.3938  Corr: 0.6574  Loss: 0.4119 
2026-01-15 19:47:34,282 - MMSA [INFO] - TRAIN-(msalm) [8/37/1] >> loss: 0.276  Mult_acc_2: 0.8589  Mult_acc_3: 0.7727  Mult_acc_5: 0.5519  F1_score: 0.8624  MAE: 0.2596  Corr: 0.8551  clm loss: 2.6516 total loss: 4.0318 bn loss: 0.3158 av loss: 0.4453 text loss: 0.3431
2026-01-15 19:47:36,079 - MMSA [INFO] - VAL-(msalm) >>  Mult_acc_2: 0.7588  Mult_acc_3: 0.6645  Mult_acc_5: 0.4254  F1_score: 0.7665  MAE: 0.3932  Corr: 0.6551  Loss: 0.4084 
2026-01-15 19:47:44,666 - MMSA [INFO] - TRAIN-(msalm) [9/38/1] >> loss: 0.2669  Mult_acc_2: 0.8560  Mult_acc_3: 0.7763  Mult_acc_5: 0.5702  F1_score: 0.8596  MAE: 0.2475  Corr: 0.8644  clm loss: 2.5889 total loss: 3.9613 bn loss: 0.3125 av loss: 0.4506 text loss: 0.3423
2026-01-15 19:47:46,531 - MMSA [INFO] - VAL-(msalm) >>  Mult_acc_2: 0.7610  Mult_acc_3: 0.6667  Mult_acc_5: 0.4364  F1_score: 0.7689  MAE: 0.3919  Corr: 0.6551  Loss: 0.4032 
2026-01-15 19:47:56,034 - MMSA [INFO] - TRAIN-(msalm) [1/39/1] >> loss: 0.2562  Mult_acc_2: 0.8516  Mult_acc_3: 0.7705  Mult_acc_5: 0.5899  F1_score: 0.8553  MAE: 0.2369  Corr: 0.8728  clm loss: 2.62 total loss: 3.9791 bn loss: 0.3105 av loss: 0.4477 text loss: 0.3446
2026-01-15 19:47:57,793 - MMSA [INFO] - VAL-(msalm) >>  Mult_acc_2: 0.7610  Mult_acc_3: 0.6689  Mult_acc_5: 0.4320  F1_score: 0.7685  MAE: 0.3928  Corr: 0.6534  Loss: 0.4012 
2026-01-15 19:48:07,188 - MMSA [INFO] - TRAIN-(msalm) [1/40/1] >> loss: 0.2526  Mult_acc_2: 0.8596  Mult_acc_3: 0.7800  Mult_acc_5: 0.5716  F1_score: 0.8631  MAE: 0.2391  Corr: 0.8801  clm loss: 2.5748 total loss: 3.9165 bn loss: 0.3093 av loss: 0.4402 text loss: 0.3395
2026-01-15 19:48:09,035 - MMSA [INFO] - VAL-(msalm) >>  Mult_acc_2: 0.7785  Mult_acc_3: 0.6754  Mult_acc_5: 0.4518  F1_score: 0.7837  MAE: 0.3908  Corr: 0.6547  Loss: 0.4018 
2026-01-15 19:48:17,349 - MMSA [INFO] - TRAIN-(msalm) [2/41/1] >> loss: 0.2531  Mult_acc_2: 0.8618  Mult_acc_3: 0.8012  Mult_acc_5: 0.5921  F1_score: 0.8651  MAE: 0.2392  Corr: 0.8793  clm loss: 2.5338 total loss: 3.8559 bn loss: 0.3018 av loss: 0.444 text loss: 0.3231
2026-01-15 19:48:19,180 - MMSA [INFO] - VAL-(msalm) >>  Mult_acc_2: 0.7522  Mult_acc_3: 0.6689  Mult_acc_5: 0.4254  F1_score: 0.7604  MAE: 0.4018  Corr: 0.6495  Loss: 0.4079 
2026-01-15 19:48:27,394 - MMSA [INFO] - TRAIN-(msalm) [3/42/1] >> loss: 0.2418  Mult_acc_2: 0.8757  Mult_acc_3: 0.7917  Mult_acc_5: 0.5936  F1_score: 0.8789  MAE: 0.2213  Corr: 0.8974  clm loss: 2.5077 total loss: 3.809 bn loss: 0.3008 av loss: 0.444 text loss: 0.3148
2026-01-15 19:48:29,262 - MMSA [INFO] - VAL-(msalm) >>  Mult_acc_2: 0.7588  Mult_acc_3: 0.6798  Mult_acc_5: 0.4320  F1_score: 0.7658  MAE: 0.3961  Corr: 0.6481  Loss: 0.4018 
2026-01-15 19:48:37,578 - MMSA [INFO] - TRAIN-(msalm) [4/43/1] >> loss: 0.2355  Mult_acc_2: 0.8626  Mult_acc_3: 0.7939  Mult_acc_5: 0.6155  F1_score: 0.8661  MAE: 0.2140  Corr: 0.8998  clm loss: 2.5264 total loss: 3.8075 bn loss: 0.2896 av loss: 0.4438 text loss: 0.3122
2026-01-15 19:48:39,368 - MMSA [INFO] - VAL-(msalm) >>  Mult_acc_2: 0.7522  Mult_acc_3: 0.6601  Mult_acc_5: 0.4101  F1_score: 0.7602  MAE: 0.4042  Corr: 0.6471  Loss: 0.4092 
2026-01-15 19:48:47,626 - MMSA [INFO] - TRAIN-(msalm) [5/44/1] >> loss: 0.225  Mult_acc_2: 0.8640  Mult_acc_3: 0.8041  Mult_acc_5: 0.6316  F1_score: 0.8676  MAE: 0.2067  Corr: 0.9056  clm loss: 2.411 total loss: 3.6679 bn loss: 0.282 av loss: 0.4498 text loss: 0.3001
2026-01-15 19:48:49,795 - MMSA [INFO] - VAL-(msalm) >>  Mult_acc_2: 0.7412  Mult_acc_3: 0.6513  Mult_acc_5: 0.3904  F1_score: 0.7504  MAE: 0.4099  Corr: 0.6457  Loss: 0.4190 
2026-01-15 19:48:58,137 - MMSA [INFO] - TRAIN-(msalm) [6/45/1] >> loss: 0.2219  Mult_acc_2: 0.8670  Mult_acc_3: 0.8026  Mult_acc_5: 0.6257  F1_score: 0.8706  MAE: 0.2048  Corr: 0.9097  clm loss: 2.4241 total loss: 3.66 bn loss: 0.2762 av loss: 0.4419 text loss: 0.2959
2026-01-15 19:48:59,922 - MMSA [INFO] - VAL-(msalm) >>  Mult_acc_2: 0.7412  Mult_acc_3: 0.6425  Mult_acc_5: 0.3816  F1_score: 0.7502  MAE: 0.4098  Corr: 0.6508  Loss: 0.4232 
2026-01-15 19:49:08,213 - MMSA [INFO] - TRAIN-(msalm) [7/46/1] >> loss: 0.2215  Mult_acc_2: 0.8830  Mult_acc_3: 0.8070  Mult_acc_5: 0.6301  F1_score: 0.8858  MAE: 0.2031  Corr: 0.9117  clm loss: 2.4031 total loss: 3.6154 bn loss: 0.2695 av loss: 0.4345 text loss: 0.2868
2026-01-15 19:49:09,979 - MMSA [INFO] - VAL-(msalm) >>  Mult_acc_2: 0.7478  Mult_acc_3: 0.6491  Mult_acc_5: 0.3816  F1_score: 0.7565  MAE: 0.4046  Corr: 0.6556  Loss: 0.4169 
2026-01-15 19:49:18,312 - MMSA [INFO] - TRAIN-(msalm) [8/47/1] >> loss: 0.2302  Mult_acc_2: 0.8692  Mult_acc_3: 0.8085  Mult_acc_5: 0.6199  F1_score: 0.8725  MAE: 0.2109  Corr: 0.9078  clm loss: 2.407 total loss: 3.6505 bn loss: 0.2697 av loss: 0.4413 text loss: 0.3023
2026-01-15 19:49:20,100 - MMSA [INFO] - VAL-(msalm) >>  Mult_acc_2: 0.7390  Mult_acc_3: 0.6338  Mult_acc_5: 0.3706  F1_score: 0.7483  MAE: 0.4086  Corr: 0.6585  Loss: 0.4157 
2026-01-15 19:49:28,361 - MMSA [INFO] - TRAIN-(msalm) [9/48/1] >> loss: 0.2014  Mult_acc_2: 0.8721  Mult_acc_3: 0.8224  Mult_acc_5: 0.6740  F1_score: 0.8754  MAE: 0.1852  Corr: 0.9238  clm loss: 2.347 total loss: 3.5327 bn loss: 0.2582 av loss: 0.4422 text loss: 0.2839
2026-01-15 19:49:30,111 - MMSA [INFO] - VAL-(msalm) >>  Mult_acc_2: 0.7346  Mult_acc_3: 0.6382  Mult_acc_5: 0.3706  F1_score: 0.7444  MAE: 0.4122  Corr: 0.6555  Loss: 0.4191 
2026-01-15 19:49:38,383 - MMSA [INFO] - TRAIN-(msalm) [10/49/1] >> loss: 0.2058  Mult_acc_2: 0.8765  Mult_acc_3: 0.8238  Mult_acc_5: 0.6528  F1_score: 0.8795  MAE: 0.1886  Corr: 0.9245  clm loss: 2.3141 total loss: 3.5069 bn loss: 0.2599 av loss: 0.4424 text loss: 0.2846
2026-01-15 19:49:40,249 - MMSA [INFO] - VAL-(msalm) >>  Mult_acc_2: 0.7237  Mult_acc_3: 0.6338  Mult_acc_5: 0.3684  F1_score: 0.7341  MAE: 0.4124  Corr: 0.6533  Loss: 0.4181 
2026-01-15 19:49:42,468 - MMSA [INFO] - TEST-(msalm) >>  Mult_acc_2: 0.8228  Mult_acc_3: 0.7112  Mult_acc_5: 0.4530  F1_score: 0.8257  MAE: 0.3656  Corr: 0.7114  Loss: 0.3778 
2026-01-15 19:49:43,745 - MMSA [INFO] - Result for seed 1990: {'Mult_acc_2': 0.8228, 'Mult_acc_3': 0.7112, 'Mult_acc_5': 0.453, 'F1_score': 0.8257, 'MAE': 0.3656, 'Corr': 0.7114, 'Loss': 0.3778, 'seed': 1990}
2026-01-15 19:49:43,746 - MMSA [INFO] - ------------------------------ Running with seed 1991 [2/5] ------------------------------
2026-01-15 19:50:59,229 - MMSA [INFO] - The model has 181756595 trainable parameters
2026-01-15 19:51:07,514 - MMSA [INFO] - TRAIN-(msalm) [1/1/2] >> loss: 0.6562  Mult_acc_2: 0.5453  Mult_acc_3: 0.3838  Mult_acc_5: 0.1806  F1_score: 0.5487  MAE: 0.6551  Corr: -0.0454  clm loss: 7.5763 total loss: 10.703 bn loss: 0.8797 av loss: 0.616 text loss: 0.9749
2026-01-15 19:51:09,306 - MMSA [INFO] - VAL-(msalm) >>  Mult_acc_2: 0.5833  Mult_acc_3: 0.4057  Mult_acc_5: 0.1930  F1_score: 0.5997  MAE: 0.6114  Corr: 0.1625  Loss: 0.6010 
2026-01-15 19:51:18,750 - MMSA [INFO] - TRAIN-(msalm) [1/2/2] >> loss: 0.6023  Mult_acc_2: 0.6301  Mult_acc_3: 0.4583  Mult_acc_5: 0.2149  F1_score: 0.6322  MAE: 0.6013  Corr: 0.1659  clm loss: 6.3173 total loss: 9.0426 bn loss: 0.7634 av loss: 0.5829 text loss: 0.7766
2026-01-15 19:51:20,596 - MMSA [INFO] - VAL-(msalm) >>  Mult_acc_2: 0.6338  Mult_acc_3: 0.4649  Mult_acc_5: 0.1908  F1_score: 0.6369  MAE: 0.5691  Corr: 0.2558  Loss: 0.5656 
2026-01-15 19:51:30,110 - MMSA [INFO] - TRAIN-(msalm) [1/3/2] >> loss: 0.5733  Mult_acc_2: 0.6396  Mult_acc_3: 0.4956  Mult_acc_5: 0.2449  F1_score: 0.6422  MAE: 0.5709  Corr: 0.2422  clm loss: 5.0919 total loss: 7.5539 bn loss: 0.6696 av loss: 0.5549 text loss: 0.6643
2026-01-15 19:51:31,937 - MMSA [INFO] - VAL-(msalm) >>  Mult_acc_2: 0.6338  Mult_acc_3: 0.4605  Mult_acc_5: 0.1996  F1_score: 0.6478  MAE: 0.5604  Corr: 0.3634  Loss: 0.5731 
2026-01-15 19:51:40,183 - MMSA [INFO] - TRAIN-(msalm) [2/4/2] >> loss: 0.5607  Mult_acc_2: 0.6718  Mult_acc_3: 0.5307  Mult_acc_5: 0.2398  F1_score: 0.6730  MAE: 0.5568  Corr: 0.3206  clm loss: 4.3735 total loss: 6.7385 bn loss: 0.6361 av loss: 0.5387 text loss: 0.6295
2026-01-15 19:51:41,998 - MMSA [INFO] - VAL-(msalm) >>  Mult_acc_2: 0.6469  Mult_acc_3: 0.4978  Mult_acc_5: 0.2390  F1_score: 0.6609  MAE: 0.5406  Corr: 0.4704  Loss: 0.5367 
2026-01-15 19:51:51,546 - MMSA [INFO] - TRAIN-(msalm) [1/5/2] >> loss: 0.4991  Mult_acc_2: 0.7149  Mult_acc_3: 0.5826  Mult_acc_5: 0.2909  F1_score: 0.7158  MAE: 0.4927  Corr: 0.4939  clm loss: 3.9829 total loss: 6.2187 bn loss: 0.6225 av loss: 0.5126 text loss: 0.6016
2026-01-15 19:51:53,359 - MMSA [INFO] - VAL-(msalm) >>  Mult_acc_2: 0.7061  Mult_acc_3: 0.5746  Mult_acc_5: 0.2807  F1_score: 0.7165  MAE: 0.4867  Corr: 0.5597  Loss: 0.4967 
2026-01-15 19:52:03,112 - MMSA [INFO] - TRAIN-(msalm) [1/6/2] >> loss: 0.4865  Mult_acc_2: 0.7485  Mult_acc_3: 0.6411  Mult_acc_5: 0.3509  F1_score: 0.7523  MAE: 0.4683  Corr: 0.5373  clm loss: 3.7379 total loss: 5.8992 bn loss: 0.5857 av loss: 0.5051 text loss: 0.5839
2026-01-15 19:52:04,976 - MMSA [INFO] - VAL-(msalm) >>  Mult_acc_2: 0.7303  Mult_acc_3: 0.6031  Mult_acc_5: 0.3333  F1_score: 0.7369  MAE: 0.4755  Corr: 0.5696  Loss: 0.5089 
2026-01-15 19:52:13,317 - MMSA [INFO] - TRAIN-(msalm) [2/7/2] >> loss: 0.4759  Mult_acc_2: 0.7522  Mult_acc_3: 0.6316  Mult_acc_5: 0.3728  F1_score: 0.7565  MAE: 0.4488  Corr: 0.5799  clm loss: 3.5768 total loss: 5.6792 bn loss: 0.5709 av loss: 0.4851 text loss: 0.5704
2026-01-15 19:52:15,126 - MMSA [INFO] - VAL-(msalm) >>  Mult_acc_2: 0.7675  Mult_acc_3: 0.6338  Mult_acc_5: 0.3640  F1_score: 0.7573  MAE: 0.4614  Corr: 0.5695  Loss: 0.4891 
2026-01-15 19:52:24,653 - MMSA [INFO] - TRAIN-(msalm) [1/8/2] >> loss: 0.461  Mult_acc_2: 0.7610  Mult_acc_3: 0.6520  Mult_acc_5: 0.3618  F1_score: 0.7638  MAE: 0.4405  Corr: 0.6002  clm loss: 3.4133 total loss: 5.4573 bn loss: 0.5411 av loss: 0.4753 text loss: 0.5667
2026-01-15 19:52:26,779 - MMSA [INFO] - VAL-(msalm) >>  Mult_acc_2: 0.7588  Mult_acc_3: 0.6425  Mult_acc_5: 0.3618  F1_score: 0.7561  MAE: 0.4538  Corr: 0.5695  Loss: 0.4867 
2026-01-15 19:52:36,347 - MMSA [INFO] - TRAIN-(msalm) [1/9/2] >> loss: 0.4498  Mult_acc_2: 0.7434  Mult_acc_3: 0.6440  Mult_acc_5: 0.3553  F1_score: 0.7471  MAE: 0.4365  Corr: 0.6070  clm loss: 3.3525 total loss: 5.364 bn loss: 0.5148 av loss: 0.4746 text loss: 0.5723
2026-01-15 19:52:38,204 - MMSA [INFO] - VAL-(msalm) >>  Mult_acc_2: 0.7434  Mult_acc_3: 0.6053  Mult_acc_5: 0.3268  F1_score: 0.7469  MAE: 0.4513  Corr: 0.5748  Loss: 0.4639 
2026-01-15 19:52:47,786 - MMSA [INFO] - TRAIN-(msalm) [1/10/2] >> loss: 0.4304  Mult_acc_2: 0.7822  Mult_acc_3: 0.6579  Mult_acc_5: 0.3838  F1_score: 0.7842  MAE: 0.4144  Corr: 0.6317  clm loss: 3.2682 total loss: 5.2344 bn loss: 0.5006 av loss: 0.4728 text loss: 0.5624
2026-01-15 19:52:49,673 - MMSA [INFO] - VAL-(msalm) >>  Mult_acc_2: 0.7390  Mult_acc_3: 0.6206  Mult_acc_5: 0.3706  F1_score: 0.7444  MAE: 0.4418  Corr: 0.5819  Loss: 0.4569 
2026-01-15 19:52:59,301 - MMSA [INFO] - TRAIN-(msalm) [1/11/2] >> loss: 0.4403  Mult_acc_2: 0.7573  Mult_acc_3: 0.6330  Mult_acc_5: 0.3648  F1_score: 0.7620  MAE: 0.4208  Corr: 0.6350  clm loss: 3.2576 total loss: 5.1937 bn loss: 0.5004 av loss: 0.473 text loss: 0.5225
2026-01-15 19:53:01,045 - MMSA [INFO] - VAL-(msalm) >>  Mult_acc_2: 0.7610  Mult_acc_3: 0.6469  Mult_acc_5: 0.3969  F1_score: 0.7586  MAE: 0.4330  Corr: 0.5909  Loss: 0.4544 
2026-01-15 19:53:10,584 - MMSA [INFO] - TRAIN-(msalm) [1/12/2] >> loss: 0.4309  Mult_acc_2: 0.7639  Mult_acc_3: 0.6586  Mult_acc_5: 0.3794  F1_score: 0.7670  MAE: 0.4116  Corr: 0.6468  clm loss: 3.2518 total loss: 5.1539 bn loss: 0.4842 av loss: 0.4718 text loss: 0.5152
2026-01-15 19:53:12,438 - MMSA [INFO] - VAL-(msalm) >>  Mult_acc_2: 0.7588  Mult_acc_3: 0.6425  Mult_acc_5: 0.3816  F1_score: 0.7597  MAE: 0.4276  Corr: 0.6004  Loss: 0.4599 
2026-01-15 19:53:20,782 - MMSA [INFO] - TRAIN-(msalm) [2/13/2] >> loss: 0.4209  Mult_acc_2: 0.7785  Mult_acc_3: 0.6645  Mult_acc_5: 0.4152  F1_score: 0.7811  MAE: 0.3936  Corr: 0.6658  clm loss: 3.1856 total loss: 5.0667 bn loss: 0.4654 av loss: 0.4663 text loss: 0.5284
2026-01-15 19:53:22,575 - MMSA [INFO] - VAL-(msalm) >>  Mult_acc_2: 0.7346  Mult_acc_3: 0.6447  Mult_acc_5: 0.3860  F1_score: 0.7414  MAE: 0.4385  Corr: 0.6014  Loss: 0.4661 
2026-01-15 19:53:30,884 - MMSA [INFO] - TRAIN-(msalm) [3/14/2] >> loss: 0.4106  Mult_acc_2: 0.7902  Mult_acc_3: 0.6667  Mult_acc_5: 0.3904  F1_score: 0.7937  MAE: 0.3929  Corr: 0.6789  clm loss: 3.1897 total loss: 5.0578 bn loss: 0.4977 av loss: 0.4617 text loss: 0.4981
2026-01-15 19:53:32,806 - MMSA [INFO] - VAL-(msalm) >>  Mult_acc_2: 0.7697  Mult_acc_3: 0.6272  Mult_acc_5: 0.3882  F1_score: 0.7690  MAE: 0.4191  Corr: 0.6195  Loss: 0.4358 
2026-01-15 19:53:42,725 - MMSA [INFO] - TRAIN-(msalm) [1/15/2] >> loss: 0.406  Mult_acc_2: 0.7814  Mult_acc_3: 0.6711  Mult_acc_5: 0.3999  F1_score: 0.7851  MAE: 0.3912  Corr: 0.6803  clm loss: 3.1908 total loss: 5.0362 bn loss: 0.4962 av loss: 0.4612 text loss: 0.4821
2026-01-15 19:53:44,571 - MMSA [INFO] - VAL-(msalm) >>  Mult_acc_2: 0.7785  Mult_acc_3: 0.6579  Mult_acc_5: 0.4189  F1_score: 0.7758  MAE: 0.4130  Corr: 0.6272  Loss: 0.4525 
2026-01-15 19:53:53,128 - MMSA [INFO] - TRAIN-(msalm) [2/16/2] >> loss: 0.3975  Mult_acc_2: 0.7865  Mult_acc_3: 0.6827  Mult_acc_5: 0.4079  F1_score: 0.7906  MAE: 0.3735  Corr: 0.7135  clm loss: 3.1449 total loss: 4.9542 bn loss: 0.4733 av loss: 0.4546 text loss: 0.4839
2026-01-15 19:53:54,958 - MMSA [INFO] - VAL-(msalm) >>  Mult_acc_2: 0.7346  Mult_acc_3: 0.6447  Mult_acc_5: 0.3816  F1_score: 0.7423  MAE: 0.4241  Corr: 0.6220  Loss: 0.4435 
2026-01-15 19:54:03,322 - MMSA [INFO] - TRAIN-(msalm) [3/17/2] >> loss: 0.3833  Mult_acc_2: 0.7990  Mult_acc_3: 0.6923  Mult_acc_5: 0.4115  F1_score: 0.8017  MAE: 0.3632  Corr: 0.7237  clm loss: 3.1237 total loss: 4.9038 bn loss: 0.4665 av loss: 0.4541 text loss: 0.4762
2026-01-15 19:54:05,118 - MMSA [INFO] - VAL-(msalm) >>  Mult_acc_2: 0.7522  Mult_acc_3: 0.6382  Mult_acc_5: 0.3662  F1_score: 0.7583  MAE: 0.4193  Corr: 0.6210  Loss: 0.4388 
2026-01-15 19:54:13,477 - MMSA [INFO] - TRAIN-(msalm) [4/18/2] >> loss: 0.3731  Mult_acc_2: 0.8136  Mult_acc_3: 0.7105  Mult_acc_5: 0.4189  F1_score: 0.8161  MAE: 0.3584  Corr: 0.7377  clm loss: 3.0808 total loss: 4.8124 bn loss: 0.4367 av loss: 0.4473 text loss: 0.4745
2026-01-15 19:54:15,314 - MMSA [INFO] - VAL-(msalm) >>  Mult_acc_2: 0.7654  Mult_acc_3: 0.6338  Mult_acc_5: 0.3728  F1_score: 0.7685  MAE: 0.4155  Corr: 0.6198  Loss: 0.4492 
2026-01-15 19:54:23,597 - MMSA [INFO] - TRAIN-(msalm) [5/19/2] >> loss: 0.3833  Mult_acc_2: 0.8034  Mult_acc_3: 0.7047  Mult_acc_5: 0.4291  F1_score: 0.8064  MAE: 0.3659  Corr: 0.7116  clm loss: 3.0771 total loss: 4.8324 bn loss: 0.4344 av loss: 0.462 text loss: 0.4755
2026-01-15 19:54:25,449 - MMSA [INFO] - VAL-(msalm) >>  Mult_acc_2: 0.7083  Mult_acc_3: 0.6425  Mult_acc_5: 0.3969  F1_score: 0.7189  MAE: 0.4275  Corr: 0.6193  Loss: 0.4516 
2026-01-15 19:54:34,034 - MMSA [INFO] - TRAIN-(msalm) [6/20/2] >> loss: 0.3762  Mult_acc_2: 0.7961  Mult_acc_3: 0.7039  Mult_acc_5: 0.4211  F1_score: 0.8001  MAE: 0.3567  Corr: 0.7417  clm loss: 3.0828 total loss: 4.8157 bn loss: 0.4416 av loss: 0.4621 text loss: 0.4531
2026-01-15 19:54:35,859 - MMSA [INFO] - VAL-(msalm) >>  Mult_acc_2: 0.7083  Mult_acc_3: 0.6491  Mult_acc_5: 0.3947  F1_score: 0.7190  MAE: 0.4231  Corr: 0.6325  Loss: 0.4459 
2026-01-15 19:54:44,289 - MMSA [INFO] - TRAIN-(msalm) [7/21/2] >> loss: 0.3599  Mult_acc_2: 0.8151  Mult_acc_3: 0.7156  Mult_acc_5: 0.4627  F1_score: 0.8188  MAE: 0.3411  Corr: 0.7570  clm loss: 3.0285 total loss: 4.6918 bn loss: 0.4079 av loss: 0.4609 text loss: 0.4347
2026-01-15 19:54:46,050 - MMSA [INFO] - VAL-(msalm) >>  Mult_acc_2: 0.7522  Mult_acc_3: 0.6513  Mult_acc_5: 0.3882  F1_score: 0.7593  MAE: 0.4119  Corr: 0.6395  Loss: 0.4361 
2026-01-15 19:54:54,414 - MMSA [INFO] - TRAIN-(msalm) [8/22/2] >> loss: 0.3521  Mult_acc_2: 0.8173  Mult_acc_3: 0.7156  Mult_acc_5: 0.4635  F1_score: 0.8195  MAE: 0.3356  Corr: 0.7582  clm loss: 3.005 total loss: 4.6473 bn loss: 0.4027 av loss: 0.4565 text loss: 0.431
2026-01-15 19:54:56,226 - MMSA [INFO] - VAL-(msalm) >>  Mult_acc_2: 0.7500  Mult_acc_3: 0.6425  Mult_acc_5: 0.3838  F1_score: 0.7573  MAE: 0.4161  Corr: 0.6348  Loss: 0.4263 
2026-01-15 19:55:05,808 - MMSA [INFO] - TRAIN-(msalm) [1/23/2] >> loss: 0.3445  Mult_acc_2: 0.8253  Mult_acc_3: 0.7325  Mult_acc_5: 0.4722  F1_score: 0.8278  MAE: 0.3253  Corr: 0.7784  clm loss: 2.9818 total loss: 4.5957 bn loss: 0.3879 av loss: 0.4509 text loss: 0.4306
2026-01-15 19:55:07,625 - MMSA [INFO] - VAL-(msalm) >>  Mult_acc_2: 0.7500  Mult_acc_3: 0.6404  Mult_acc_5: 0.3684  F1_score: 0.7575  MAE: 0.4173  Corr: 0.6348  Loss: 0.4330 
2026-01-15 19:55:16,004 - MMSA [INFO] - TRAIN-(msalm) [2/24/2] >> loss: 0.3335  Mult_acc_2: 0.8399  Mult_acc_3: 0.7427  Mult_acc_5: 0.4795  F1_score: 0.8420  MAE: 0.3151  Corr: 0.7874  clm loss: 2.9754 total loss: 4.5858 bn loss: 0.39 av loss: 0.4462 text loss: 0.4407
2026-01-15 19:55:17,890 - MMSA [INFO] - VAL-(msalm) >>  Mult_acc_2: 0.7259  Mult_acc_3: 0.6404  Mult_acc_5: 0.3860  F1_score: 0.7355  MAE: 0.4198  Corr: 0.6374  Loss: 0.4412 
2026-01-15 19:55:26,526 - MMSA [INFO] - TRAIN-(msalm) [3/25/2] >> loss: 0.3432  Mult_acc_2: 0.8165  Mult_acc_3: 0.7230  Mult_acc_5: 0.4642  F1_score: 0.8199  MAE: 0.3231  Corr: 0.7851  clm loss: 2.9615 total loss: 4.5861 bn loss: 0.3885 av loss: 0.4526 text loss: 0.4403
2026-01-15 19:55:28,436 - MMSA [INFO] - VAL-(msalm) >>  Mult_acc_2: 0.7303  Mult_acc_3: 0.6272  Mult_acc_5: 0.3618  F1_score: 0.7400  MAE: 0.4245  Corr: 0.6415  Loss: 0.4438 
2026-01-15 19:55:36,770 - MMSA [INFO] - TRAIN-(msalm) [4/26/2] >> loss: 0.3304  Mult_acc_2: 0.8282  Mult_acc_3: 0.7281  Mult_acc_5: 0.4803  F1_score: 0.8316  MAE: 0.3148  Corr: 0.7940  clm loss: 2.9039 total loss: 4.4833 bn loss: 0.3707 av loss: 0.4504 text loss: 0.4279
2026-01-15 19:55:38,628 - MMSA [INFO] - VAL-(msalm) >>  Mult_acc_2: 0.7675  Mult_acc_3: 0.6513  Mult_acc_5: 0.3991  F1_score: 0.7725  MAE: 0.4069  Corr: 0.6425  Loss: 0.4278 
2026-01-15 19:55:47,161 - MMSA [INFO] - TRAIN-(msalm) [5/27/2] >> loss: 0.3273  Mult_acc_2: 0.8268  Mult_acc_3: 0.7354  Mult_acc_5: 0.4832  F1_score: 0.8298  MAE: 0.3103  Corr: 0.8001  clm loss: 2.9041 total loss: 4.4774 bn loss: 0.3683 av loss: 0.4578 text loss: 0.4199
2026-01-15 19:55:48,983 - MMSA [INFO] - VAL-(msalm) >>  Mult_acc_2: 0.8004  Mult_acc_3: 0.6579  Mult_acc_5: 0.3947  F1_score: 0.7994  MAE: 0.4074  Corr: 0.6425  Loss: 0.4389 
2026-01-15 19:55:57,366 - MMSA [INFO] - TRAIN-(msalm) [6/28/2] >> loss: 0.3131  Mult_acc_2: 0.8333  Mult_acc_3: 0.7398  Mult_acc_5: 0.4832  F1_score: 0.8370  MAE: 0.2932  Corr: 0.8221  clm loss: 2.9009 total loss: 4.4256 bn loss: 0.3648 av loss: 0.4471 text loss: 0.3998
2026-01-15 19:55:59,189 - MMSA [INFO] - VAL-(msalm) >>  Mult_acc_2: 0.7917  Mult_acc_3: 0.6798  Mult_acc_5: 0.4057  F1_score: 0.7919  MAE: 0.4064  Corr: 0.6416  Loss: 0.4501 
2026-01-15 19:56:07,536 - MMSA [INFO] - TRAIN-(msalm) [7/29/2] >> loss: 0.3136  Mult_acc_2: 0.8363  Mult_acc_3: 0.7463  Mult_acc_5: 0.4868  F1_score: 0.8396  MAE: 0.2942  Corr: 0.8221  clm loss: 2.8444 total loss: 4.3628 bn loss: 0.364 av loss: 0.4467 text loss: 0.394
2026-01-15 19:56:09,367 - MMSA [INFO] - VAL-(msalm) >>  Mult_acc_2: 0.7917  Mult_acc_3: 0.6601  Mult_acc_5: 0.3947  F1_score: 0.7919  MAE: 0.4120  Corr: 0.6383  Loss: 0.4270 
2026-01-15 19:56:17,734 - MMSA [INFO] - TRAIN-(msalm) [8/30/2] >> loss: 0.311  Mult_acc_2: 0.8406  Mult_acc_3: 0.7493  Mult_acc_5: 0.4898  F1_score: 0.8433  MAE: 0.2986  Corr: 0.8146  clm loss: 2.8448 total loss: 4.3709 bn loss: 0.379 av loss: 0.454 text loss: 0.3821
2026-01-15 19:56:19,570 - MMSA [INFO] - VAL-(msalm) >>  Mult_acc_2: 0.8004  Mult_acc_3: 0.6579  Mult_acc_5: 0.3947  F1_score: 0.8018  MAE: 0.4076  Corr: 0.6441  Loss: 0.4171 
2026-01-15 19:56:29,448 - MMSA [INFO] - TRAIN-(msalm) [1/31/2] >> loss: 0.2865  Mult_acc_2: 0.8560  Mult_acc_3: 0.7770  Mult_acc_5: 0.5490  F1_score: 0.8585  MAE: 0.2737  Corr: 0.8431  clm loss: 2.8143 total loss: 4.2953 bn loss: 0.3679 av loss: 0.4432 text loss: 0.3834
2026-01-15 19:56:31,329 - MMSA [INFO] - VAL-(msalm) >>  Mult_acc_2: 0.7829  Mult_acc_3: 0.6557  Mult_acc_5: 0.4057  F1_score: 0.7871  MAE: 0.4082  Corr: 0.6432  Loss: 0.4407 
2026-01-15 19:56:39,707 - MMSA [INFO] - TRAIN-(msalm) [2/32/2] >> loss: 0.2838  Mult_acc_2: 0.8560  Mult_acc_3: 0.7668  Mult_acc_5: 0.5526  F1_score: 0.8591  MAE: 0.2644  Corr: 0.8527  clm loss: 2.771 total loss: 4.2204 bn loss: 0.3395 av loss: 0.4505 text loss: 0.3756
2026-01-15 19:56:41,489 - MMSA [INFO] - VAL-(msalm) >>  Mult_acc_2: 0.7697  Mult_acc_3: 0.6557  Mult_acc_5: 0.3816  F1_score: 0.7759  MAE: 0.4140  Corr: 0.6370  Loss: 0.4302 
2026-01-15 19:56:49,853 - MMSA [INFO] - TRAIN-(msalm) [3/33/2] >> loss: 0.2697  Mult_acc_2: 0.8553  Mult_acc_3: 0.7778  Mult_acc_5: 0.5724  F1_score: 0.8586  MAE: 0.2524  Corr: 0.8656  clm loss: 2.7705 total loss: 4.1776 bn loss: 0.3323 av loss: 0.4411 text loss: 0.3641
2026-01-15 19:56:51,698 - MMSA [INFO] - VAL-(msalm) >>  Mult_acc_2: 0.7675  Mult_acc_3: 0.6469  Mult_acc_5: 0.3860  F1_score: 0.7734  MAE: 0.4100  Corr: 0.6389  Loss: 0.4227 
2026-01-15 19:57:00,085 - MMSA [INFO] - TRAIN-(msalm) [4/34/2] >> loss: 0.2691  Mult_acc_2: 0.8655  Mult_acc_3: 0.7829  Mult_acc_5: 0.5746  F1_score: 0.8682  MAE: 0.2558  Corr: 0.8587  clm loss: 2.7252 total loss: 4.1338 bn loss: 0.3195 av loss: 0.4543 text loss: 0.3657
2026-01-15 19:57:01,863 - MMSA [INFO] - VAL-(msalm) >>  Mult_acc_2: 0.7654  Mult_acc_3: 0.6469  Mult_acc_5: 0.3947  F1_score: 0.7692  MAE: 0.4076  Corr: 0.6367  Loss: 0.4280 
2026-01-15 19:57:10,211 - MMSA [INFO] - TRAIN-(msalm) [5/35/2] >> loss: 0.2713  Mult_acc_2: 0.8545  Mult_acc_3: 0.7836  Mult_acc_5: 0.5702  F1_score: 0.8579  MAE: 0.2551  Corr: 0.8594  clm loss: 2.7294 total loss: 4.1268 bn loss: 0.3255 av loss: 0.4478 text loss: 0.3529
2026-01-15 19:57:12,036 - MMSA [INFO] - VAL-(msalm) >>  Mult_acc_2: 0.7325  Mult_acc_3: 0.6645  Mult_acc_5: 0.4013  F1_score: 0.7418  MAE: 0.4142  Corr: 0.6365  Loss: 0.4281 
2026-01-15 19:57:20,406 - MMSA [INFO] - TRAIN-(msalm) [6/36/2] >> loss: 0.2522  Mult_acc_2: 0.8648  Mult_acc_3: 0.7873  Mult_acc_5: 0.5936  F1_score: 0.8674  MAE: 0.2327  Corr: 0.8805  clm loss: 2.6815 total loss: 4.0803 bn loss: 0.3271 av loss: 0.4438 text loss: 0.3757
2026-01-15 19:57:22,274 - MMSA [INFO] - VAL-(msalm) >>  Mult_acc_2: 0.7237  Mult_acc_3: 0.6447  Mult_acc_5: 0.3991  F1_score: 0.7338  MAE: 0.4192  Corr: 0.6384  Loss: 0.4376 
2026-01-15 19:57:30,630 - MMSA [INFO] - TRAIN-(msalm) [7/37/2] >> loss: 0.2464  Mult_acc_2: 0.8589  Mult_acc_3: 0.7858  Mult_acc_5: 0.5965  F1_score: 0.8619  MAE: 0.2306  Corr: 0.8852  clm loss: 2.6541 total loss: 4.0316 bn loss: 0.312 av loss: 0.4434 text loss: 0.3759
2026-01-15 19:57:32,440 - MMSA [INFO] - VAL-(msalm) >>  Mult_acc_2: 0.7303  Mult_acc_3: 0.6557  Mult_acc_5: 0.3838  F1_score: 0.7399  MAE: 0.4201  Corr: 0.6304  Loss: 0.4225 
2026-01-15 19:57:40,736 - MMSA [INFO] - TRAIN-(msalm) [8/38/2] >> loss: 0.2474  Mult_acc_2: 0.8589  Mult_acc_3: 0.7880  Mult_acc_5: 0.5899  F1_score: 0.8624  MAE: 0.2298  Corr: 0.8860  clm loss: 2.6372 total loss: 3.976 bn loss: 0.2983 av loss: 0.444 text loss: 0.349
2026-01-15 19:57:42,614 - MMSA [INFO] - VAL-(msalm) >>  Mult_acc_2: 0.7368  Mult_acc_3: 0.6491  Mult_acc_5: 0.3860  F1_score: 0.7454  MAE: 0.4204  Corr: 0.6240  Loss: 0.4460 
2026-01-15 19:57:51,150 - MMSA [INFO] - TRAIN-(msalm) [9/39/2] >> loss: 0.2471  Mult_acc_2: 0.8684  Mult_acc_3: 0.7865  Mult_acc_5: 0.5921  F1_score: 0.8715  MAE: 0.2310  Corr: 0.8879  clm loss: 2.6466 total loss: 3.9746 bn loss: 0.2966 av loss: 0.4429 text loss: 0.3414
2026-01-15 19:57:53,012 - MMSA [INFO] - VAL-(msalm) >>  Mult_acc_2: 0.7325  Mult_acc_3: 0.6491  Mult_acc_5: 0.3728  F1_score: 0.7418  MAE: 0.4251  Corr: 0.6228  Loss: 0.4251 
2026-01-15 19:58:01,499 - MMSA [INFO] - TRAIN-(msalm) [10/40/2] >> loss: 0.2417  Mult_acc_2: 0.8750  Mult_acc_3: 0.7858  Mult_acc_5: 0.5921  F1_score: 0.8779  MAE: 0.2240  Corr: 0.8912  clm loss: 2.5947 total loss: 3.8953 bn loss: 0.2953 av loss: 0.4463 text loss: 0.3173
2026-01-15 19:58:03,322 - MMSA [INFO] - VAL-(msalm) >>  Mult_acc_2: 0.7368  Mult_acc_3: 0.6469  Mult_acc_5: 0.3750  F1_score: 0.7458  MAE: 0.4166  Corr: 0.6316  Loss: 0.4193 
2026-01-15 19:58:05,688 - MMSA [INFO] - TEST-(msalm) >>  Mult_acc_2: 0.8271  Mult_acc_3: 0.6783  Mult_acc_5: 0.4245  F1_score: 0.8266  MAE: 0.3771  Corr: 0.7050  Loss: 0.3863 
2026-01-15 19:58:06,978 - MMSA [INFO] - Result for seed 1991: {'Mult_acc_2': 0.8271, 'Mult_acc_3': 0.6783, 'Mult_acc_5': 0.4245, 'F1_score': 0.8266, 'MAE': 0.3771, 'Corr': 0.705, 'Loss': 0.3863, 'seed': 1991}
2026-01-15 19:58:06,980 - MMSA [INFO] - ------------------------------ Running with seed 1992 [3/5] ------------------------------
2026-01-15 19:59:22,954 - MMSA [INFO] - The model has 181756595 trainable parameters
2026-01-15 19:59:31,530 - MMSA [INFO] - TRAIN-(msalm) [1/1/3] >> loss: 0.6571  Mult_acc_2: 0.5132  Mult_acc_3: 0.3816  Mult_acc_5: 0.1893  F1_score: 0.5316  MAE: 0.6574  Corr: 0.0180  clm loss: 7.5352 total loss: 10.5739 bn loss: 0.8612 av loss: 0.5777 text loss: 0.9428
2026-01-15 19:59:33,654 - MMSA [INFO] - VAL-(msalm) >>  Mult_acc_2: 0.5417  Mult_acc_3: 0.3947  Mult_acc_5: 0.1842  F1_score: 0.5596  MAE: 0.6310  Corr: 0.1463  Loss: 0.6290 
2026-01-15 19:59:43,348 - MMSA [INFO] - TRAIN-(msalm) [1/2/3] >> loss: 0.6143  Mult_acc_2: 0.5731  Mult_acc_3: 0.4211  Mult_acc_5: 0.2047  F1_score: 0.5892  MAE: 0.6143  Corr: 0.1774  clm loss: 6.2856 total loss: 8.929 bn loss: 0.7217 av loss: 0.5498 text loss: 0.7576
2026-01-15 19:59:45,203 - MMSA [INFO] - VAL-(msalm) >>  Mult_acc_2: 0.5066  Mult_acc_3: 0.3860  Mult_acc_5: 0.2018  F1_score: 0.5062  MAE: 0.6263  Corr: 0.2776  Loss: 0.6207 
2026-01-15 19:59:55,030 - MMSA [INFO] - TRAIN-(msalm) [1/3/3] >> loss: 0.5765  Mult_acc_2: 0.6192  Mult_acc_3: 0.4810  Mult_acc_5: 0.2230  F1_score: 0.6326  MAE: 0.5751  Corr: 0.2940  clm loss: 5.0395 total loss: 7.4518 bn loss: 0.6475 av loss: 0.5183 text loss: 0.67
2026-01-15 19:59:56,855 - MMSA [INFO] - VAL-(msalm) >>  Mult_acc_2: 0.5526  Mult_acc_3: 0.4693  Mult_acc_5: 0.2456  F1_score: 0.5576  MAE: 0.5823  Corr: 0.4469  Loss: 0.5788 
2026-01-15 20:00:06,648 - MMSA [INFO] - TRAIN-(msalm) [1/4/3] >> loss: 0.526  Mult_acc_2: 0.6652  Mult_acc_3: 0.5300  Mult_acc_5: 0.2624  F1_score: 0.6766  MAE: 0.5222  Corr: 0.4381  clm loss: 4.3085 total loss: 6.5914 bn loss: 0.6175 av loss: 0.5076 text loss: 0.6318
2026-01-15 20:00:08,555 - MMSA [INFO] - VAL-(msalm) >>  Mult_acc_2: 0.5636  Mult_acc_3: 0.4868  Mult_acc_5: 0.2566  F1_score: 0.5699  MAE: 0.5786  Corr: 0.5116  Loss: 0.5859 
2026-01-15 20:00:16,938 - MMSA [INFO] - TRAIN-(msalm) [2/5/3] >> loss: 0.5088  Mult_acc_2: 0.6966  Mult_acc_3: 0.5680  Mult_acc_5: 0.2749  F1_score: 0.7049  MAE: 0.5031  Corr: 0.4788  clm loss: 3.8862 total loss: 6.0751 bn loss: 0.5975 av loss: 0.496 text loss: 0.5868
2026-01-15 20:00:18,745 - MMSA [INFO] - VAL-(msalm) >>  Mult_acc_2: 0.6294  Mult_acc_3: 0.5482  Mult_acc_5: 0.2807  F1_score: 0.6433  MAE: 0.5372  Corr: 0.5339  Loss: 0.5822 
2026-01-15 20:00:27,116 - MMSA [INFO] - TRAIN-(msalm) [3/6/3] >> loss: 0.481  Mult_acc_2: 0.7361  Mult_acc_3: 0.6009  Mult_acc_5: 0.3282  F1_score: 0.7416  MAE: 0.4666  Corr: 0.5586  clm loss: 3.6567 total loss: 5.7535 bn loss: 0.5652 av loss: 0.4884 text loss: 0.5622
2026-01-15 20:00:28,834 - MMSA [INFO] - VAL-(msalm) >>  Mult_acc_2: 0.7215  Mult_acc_3: 0.6140  Mult_acc_5: 0.3443  F1_score: 0.7286  MAE: 0.4786  Corr: 0.5476  Loss: 0.5265 
2026-01-15 20:00:38,809 - MMSA [INFO] - TRAIN-(msalm) [1/7/3] >> loss: 0.4696  Mult_acc_2: 0.7544  Mult_acc_3: 0.6433  Mult_acc_5: 0.3611  F1_score: 0.7606  MAE: 0.4395  Corr: 0.6083  clm loss: 3.4784 total loss: 5.5049 bn loss: 0.5264 av loss: 0.4758 text loss: 0.5547
2026-01-15 20:00:40,652 - MMSA [INFO] - VAL-(msalm) >>  Mult_acc_2: 0.7215  Mult_acc_3: 0.6140  Mult_acc_5: 0.3662  F1_score: 0.7276  MAE: 0.4500  Corr: 0.5721  Loss: 0.4934 
2026-01-15 20:00:50,450 - MMSA [INFO] - TRAIN-(msalm) [1/8/3] >> loss: 0.4725  Mult_acc_2: 0.7507  Mult_acc_3: 0.6323  Mult_acc_5: 0.3633  F1_score: 0.7566  MAE: 0.4509  Corr: 0.5781  clm loss: 3.3899 total loss: 5.471 bn loss: 0.5224 av loss: 0.4783 text loss: 0.6079
2026-01-15 20:00:52,254 - MMSA [INFO] - VAL-(msalm) >>  Mult_acc_2: 0.7259  Mult_acc_3: 0.6162  Mult_acc_5: 0.3333  F1_score: 0.7343  MAE: 0.4447  Corr: 0.6025  Loss: 0.4639 
2026-01-15 20:01:01,828 - MMSA [INFO] - TRAIN-(msalm) [1/9/3] >> loss: 0.4513  Mult_acc_2: 0.7515  Mult_acc_3: 0.6279  Mult_acc_5: 0.3406  F1_score: 0.7559  MAE: 0.4394  Corr: 0.6059  clm loss: 3.3335 total loss: 5.4126 bn loss: 0.5329 av loss: 0.477 text loss: 0.6179
2026-01-15 20:01:03,558 - MMSA [INFO] - VAL-(msalm) >>  Mult_acc_2: 0.7675  Mult_acc_3: 0.6491  Mult_acc_5: 0.3882  F1_score: 0.7621  MAE: 0.4254  Corr: 0.6148  Loss: 0.4579 
2026-01-15 20:01:13,164 - MMSA [INFO] - TRAIN-(msalm) [1/10/3] >> loss: 0.4472  Mult_acc_2: 0.7420  Mult_acc_3: 0.6316  Mult_acc_5: 0.3684  F1_score: 0.7466  MAE: 0.4298  Corr: 0.6210  clm loss: 3.3096 total loss: 5.2936 bn loss: 0.5335 av loss: 0.4663 text loss: 0.537
2026-01-15 20:01:15,008 - MMSA [INFO] - VAL-(msalm) >>  Mult_acc_2: 0.7675  Mult_acc_3: 0.6425  Mult_acc_5: 0.4145  F1_score: 0.7608  MAE: 0.4359  Corr: 0.6076  Loss: 0.5064 
2026-01-15 20:01:23,669 - MMSA [INFO] - TRAIN-(msalm) [2/11/3] >> loss: 0.4249  Mult_acc_2: 0.7734  Mult_acc_3: 0.6711  Mult_acc_5: 0.3984  F1_score: 0.7786  MAE: 0.3942  Corr: 0.6820  clm loss: 3.2302 total loss: 5.1325 bn loss: 0.5087 av loss: 0.4582 text loss: 0.5105
2026-01-15 20:01:25,501 - MMSA [INFO] - VAL-(msalm) >>  Mult_acc_2: 0.7632  Mult_acc_3: 0.6469  Mult_acc_5: 0.4145  F1_score: 0.7542  MAE: 0.4268  Corr: 0.6184  Loss: 0.4791 
2026-01-15 20:01:33,864 - MMSA [INFO] - TRAIN-(msalm) [3/12/3] >> loss: 0.4268  Mult_acc_2: 0.7814  Mult_acc_3: 0.6740  Mult_acc_5: 0.3860  F1_score: 0.7846  MAE: 0.4042  Corr: 0.6631  clm loss: 3.2393 total loss: 5.1348 bn loss: 0.4958 av loss: 0.4629 text loss: 0.5099
2026-01-15 20:01:35,619 - MMSA [INFO] - VAL-(msalm) >>  Mult_acc_2: 0.7719  Mult_acc_3: 0.6382  Mult_acc_5: 0.4013  F1_score: 0.7640  MAE: 0.4229  Corr: 0.6178  Loss: 0.4633 
2026-01-15 20:01:43,952 - MMSA [INFO] - TRAIN-(msalm) [4/13/3] >> loss: 0.4138  Mult_acc_2: 0.7880  Mult_acc_3: 0.6630  Mult_acc_5: 0.3874  F1_score: 0.7906  MAE: 0.3966  Corr: 0.6733  clm loss: 3.2116 total loss: 5.0736 bn loss: 0.4788 av loss: 0.4561 text loss: 0.5133
2026-01-15 20:01:45,803 - MMSA [INFO] - VAL-(msalm) >>  Mult_acc_2: 0.7917  Mult_acc_3: 0.6316  Mult_acc_5: 0.3860  F1_score: 0.7792  MAE: 0.4345  Corr: 0.6205  Loss: 0.4900 
2026-01-15 20:01:54,393 - MMSA [INFO] - TRAIN-(msalm) [5/14/3] >> loss: 0.4141  Mult_acc_2: 0.8019  Mult_acc_3: 0.6827  Mult_acc_5: 0.3925  F1_score: 0.8043  MAE: 0.3926  Corr: 0.6787  clm loss: 3.1744 total loss: 5.0396 bn loss: 0.4655 av loss: 0.4658 text loss: 0.5197
2026-01-15 20:01:56,134 - MMSA [INFO] - VAL-(msalm) >>  Mult_acc_2: 0.7851  Mult_acc_3: 0.6557  Mult_acc_5: 0.4079  F1_score: 0.7789  MAE: 0.4125  Corr: 0.6348  Loss: 0.4442 
2026-01-15 20:02:05,691 - MMSA [INFO] - TRAIN-(msalm) [1/15/3] >> loss: 0.3974  Mult_acc_2: 0.7931  Mult_acc_3: 0.6806  Mult_acc_5: 0.4181  F1_score: 0.7963  MAE: 0.3768  Corr: 0.7059  clm loss: 3.1745 total loss: 4.9722 bn loss: 0.4509 av loss: 0.4591 text loss: 0.4903
2026-01-15 20:02:07,535 - MMSA [INFO] - VAL-(msalm) >>  Mult_acc_2: 0.7500  Mult_acc_3: 0.6513  Mult_acc_5: 0.3794  F1_score: 0.7565  MAE: 0.4125  Corr: 0.6491  Loss: 0.4366 
2026-01-15 20:02:17,146 - MMSA [INFO] - TRAIN-(msalm) [1/16/3] >> loss: 0.4074  Mult_acc_2: 0.7931  Mult_acc_3: 0.6754  Mult_acc_5: 0.3940  F1_score: 0.7951  MAE: 0.3914  Corr: 0.6847  clm loss: 3.1227 total loss: 4.9301 bn loss: 0.4427 av loss: 0.4685 text loss: 0.4887
2026-01-15 20:02:18,902 - MMSA [INFO] - VAL-(msalm) >>  Mult_acc_2: 0.7851  Mult_acc_3: 0.6754  Mult_acc_5: 0.4057  F1_score: 0.7859  MAE: 0.3986  Corr: 0.6591  Loss: 0.4215 
2026-01-15 20:02:28,505 - MMSA [INFO] - TRAIN-(msalm) [1/17/3] >> loss: 0.3703  Mult_acc_2: 0.8092  Mult_acc_3: 0.7091  Mult_acc_5: 0.4262  F1_score: 0.8119  MAE: 0.3538  Corr: 0.7414  clm loss: 3.0845 total loss: 4.8051 bn loss: 0.427 av loss: 0.4583 text loss: 0.4649
2026-01-15 20:02:30,288 - MMSA [INFO] - VAL-(msalm) >>  Mult_acc_2: 0.8026  Mult_acc_3: 0.6754  Mult_acc_5: 0.4101  F1_score: 0.8018  MAE: 0.3930  Corr: 0.6609  Loss: 0.4361 
2026-01-15 20:02:38,696 - MMSA [INFO] - TRAIN-(msalm) [2/18/3] >> loss: 0.3734  Mult_acc_2: 0.8129  Mult_acc_3: 0.7113  Mult_acc_5: 0.4488  F1_score: 0.8154  MAE: 0.3527  Corr: 0.7404  clm loss: 3.1157 total loss: 4.8269 bn loss: 0.4231 av loss: 0.4549 text loss: 0.4597
2026-01-15 20:02:40,546 - MMSA [INFO] - VAL-(msalm) >>  Mult_acc_2: 0.7851  Mult_acc_3: 0.6754  Mult_acc_5: 0.4189  F1_score: 0.7882  MAE: 0.3930  Corr: 0.6568  Loss: 0.4475 
2026-01-15 20:02:48,959 - MMSA [INFO] - TRAIN-(msalm) [3/19/3] >> loss: 0.373  Mult_acc_2: 0.8224  Mult_acc_3: 0.7142  Mult_acc_5: 0.4408  F1_score: 0.8251  MAE: 0.3530  Corr: 0.7364  clm loss: 3.0702 total loss: 4.7848 bn loss: 0.4334 av loss: 0.4621 text loss: 0.4461
2026-01-15 20:02:50,797 - MMSA [INFO] - VAL-(msalm) >>  Mult_acc_2: 0.8004  Mult_acc_3: 0.6601  Mult_acc_5: 0.4101  F1_score: 0.8018  MAE: 0.3949  Corr: 0.6569  Loss: 0.4361 
2026-01-15 20:02:59,243 - MMSA [INFO] - TRAIN-(msalm) [4/20/3] >> loss: 0.3563  Mult_acc_2: 0.8173  Mult_acc_3: 0.7193  Mult_acc_5: 0.4539  F1_score: 0.8204  MAE: 0.3385  Corr: 0.7603  clm loss: 3.028 total loss: 4.6684 bn loss: 0.404 av loss: 0.4466 text loss: 0.4335
2026-01-15 20:03:01,113 - MMSA [INFO] - VAL-(msalm) >>  Mult_acc_2: 0.7982  Mult_acc_3: 0.6491  Mult_acc_5: 0.4101  F1_score: 0.8001  MAE: 0.3991  Corr: 0.6537  Loss: 0.4254 
2026-01-15 20:03:09,708 - MMSA [INFO] - TRAIN-(msalm) [5/21/3] >> loss: 0.3498  Mult_acc_2: 0.8326  Mult_acc_3: 0.7332  Mult_acc_5: 0.4795  F1_score: 0.8337  MAE: 0.3310  Corr: 0.7647  clm loss: 3.011 total loss: 4.6544 bn loss: 0.3956 av loss: 0.4514 text loss: 0.4465
2026-01-15 20:03:11,653 - MMSA [INFO] - VAL-(msalm) >>  Mult_acc_2: 0.7785  Mult_acc_3: 0.6711  Mult_acc_5: 0.4430  F1_score: 0.7849  MAE: 0.4004  Corr: 0.6498  Loss: 0.4503 
2026-01-15 20:03:20,073 - MMSA [INFO] - TRAIN-(msalm) [6/22/3] >> loss: 0.3537  Mult_acc_2: 0.8231  Mult_acc_3: 0.7215  Mult_acc_5: 0.4708  F1_score: 0.8256  MAE: 0.3283  Corr: 0.7619  clm loss: 2.9923 total loss: 4.628 bn loss: 0.3966 av loss: 0.4597 text loss: 0.4257
2026-01-15 20:03:21,969 - MMSA [INFO] - VAL-(msalm) >>  Mult_acc_2: 0.7785  Mult_acc_3: 0.6645  Mult_acc_5: 0.4386  F1_score: 0.7822  MAE: 0.3921  Corr: 0.6584  Loss: 0.4447 
2026-01-15 20:03:30,383 - MMSA [INFO] - TRAIN-(msalm) [7/23/3] >> loss: 0.3388  Mult_acc_2: 0.8238  Mult_acc_3: 0.7376  Mult_acc_5: 0.4825  F1_score: 0.8274  MAE: 0.3185  Corr: 0.7864  clm loss: 2.9803 total loss: 4.5725 bn loss: 0.3789 av loss: 0.4496 text loss: 0.4248
2026-01-15 20:03:32,068 - MMSA [INFO] - VAL-(msalm) >>  Mult_acc_2: 0.7785  Mult_acc_3: 0.6776  Mult_acc_5: 0.4518  F1_score: 0.7844  MAE: 0.3894  Corr: 0.6635  Loss: 0.4176 
2026-01-15 20:03:41,785 - MMSA [INFO] - TRAIN-(msalm) [1/24/3] >> loss: 0.3281  Mult_acc_2: 0.8326  Mult_acc_3: 0.7368  Mult_acc_5: 0.4781  F1_score: 0.8358  MAE: 0.3110  Corr: 0.8009  clm loss: 2.951 total loss: 4.5136 bn loss: 0.3761 av loss: 0.4489 text loss: 0.4095
2026-01-15 20:03:43,606 - MMSA [INFO] - VAL-(msalm) >>  Mult_acc_2: 0.7895  Mult_acc_3: 0.6864  Mult_acc_5: 0.4583  F1_score: 0.7945  MAE: 0.3889  Corr: 0.6644  Loss: 0.4365 
2026-01-15 20:03:51,971 - MMSA [INFO] - TRAIN-(msalm) [2/25/3] >> loss: 0.3292  Mult_acc_2: 0.8311  Mult_acc_3: 0.7398  Mult_acc_5: 0.5029  F1_score: 0.8343  MAE: 0.3091  Corr: 0.7954  clm loss: 2.9052 total loss: 4.471 bn loss: 0.3722 av loss: 0.4554 text loss: 0.409
2026-01-15 20:03:53,732 - MMSA [INFO] - VAL-(msalm) >>  Mult_acc_2: 0.7785  Mult_acc_3: 0.6820  Mult_acc_5: 0.4539  F1_score: 0.7844  MAE: 0.3901  Corr: 0.6624  Loss: 0.4405 
2026-01-15 20:04:02,117 - MMSA [INFO] - TRAIN-(msalm) [3/26/3] >> loss: 0.3154  Mult_acc_2: 0.8487  Mult_acc_3: 0.7522  Mult_acc_5: 0.5110  F1_score: 0.8511  MAE: 0.2973  Corr: 0.8122  clm loss: 2.9028 total loss: 4.4388 bn loss: 0.3622 av loss: 0.4479 text loss: 0.4105
2026-01-15 20:04:03,981 - MMSA [INFO] - VAL-(msalm) >>  Mult_acc_2: 0.8004  Mult_acc_3: 0.6689  Mult_acc_5: 0.4276  F1_score: 0.7998  MAE: 0.3942  Corr: 0.6625  Loss: 0.4376 
2026-01-15 20:04:12,357 - MMSA [INFO] - TRAIN-(msalm) [4/27/3] >> loss: 0.3037  Mult_acc_2: 0.8480  Mult_acc_3: 0.7646  Mult_acc_5: 0.5227  F1_score: 0.8508  MAE: 0.2845  Corr: 0.8286  clm loss: 2.8663 total loss: 4.356 bn loss: 0.3541 av loss: 0.4488 text loss: 0.383
2026-01-15 20:04:14,184 - MMSA [INFO] - VAL-(msalm) >>  Mult_acc_2: 0.8070  Mult_acc_3: 0.6820  Mult_acc_5: 0.4386  F1_score: 0.8070  MAE: 0.3941  Corr: 0.6645  Loss: 0.4210 
2026-01-15 20:04:22,768 - MMSA [INFO] - TRAIN-(msalm) [5/28/3] >> loss: 0.2984  Mult_acc_2: 0.8428  Mult_acc_3: 0.7749  Mult_acc_5: 0.5336  F1_score: 0.8456  MAE: 0.2831  Corr: 0.8280  clm loss: 2.8875 total loss: 4.3784 bn loss: 0.3506 av loss: 0.4438 text loss: 0.398
2026-01-15 20:04:24,612 - MMSA [INFO] - VAL-(msalm) >>  Mult_acc_2: 0.7917  Mult_acc_3: 0.6711  Mult_acc_5: 0.4145  F1_score: 0.7957  MAE: 0.3909  Corr: 0.6657  Loss: 0.4097 
2026-01-15 20:04:34,312 - MMSA [INFO] - TRAIN-(msalm) [1/29/3] >> loss: 0.2959  Mult_acc_2: 0.8611  Mult_acc_3: 0.7654  Mult_acc_5: 0.5263  F1_score: 0.8639  MAE: 0.2816  Corr: 0.8403  clm loss: 2.8401 total loss: 4.3222 bn loss: 0.3536 av loss: 0.4529 text loss: 0.3797
2026-01-15 20:04:36,378 - MMSA [INFO] - VAL-(msalm) >>  Mult_acc_2: 0.8004  Mult_acc_3: 0.6732  Mult_acc_5: 0.4430  F1_score: 0.8018  MAE: 0.3898  Corr: 0.6648  Loss: 0.4360 
2026-01-15 20:04:44,961 - MMSA [INFO] - TRAIN-(msalm) [2/30/3] >> loss: 0.3025  Mult_acc_2: 0.8553  Mult_acc_3: 0.7639  Mult_acc_5: 0.5336  F1_score: 0.8577  MAE: 0.2808  Corr: 0.8272  clm loss: 2.806 total loss: 4.3287 bn loss: 0.3623 av loss: 0.453 text loss: 0.4049
2026-01-15 20:04:46,757 - MMSA [INFO] - VAL-(msalm) >>  Mult_acc_2: 0.7829  Mult_acc_3: 0.6711  Mult_acc_5: 0.4364  F1_score: 0.7874  MAE: 0.3861  Corr: 0.6689  Loss: 0.4094 
2026-01-15 20:04:56,341 - MMSA [INFO] - TRAIN-(msalm) [1/31/3] >> loss: 0.2864  Mult_acc_2: 0.8355  Mult_acc_3: 0.7624  Mult_acc_5: 0.5453  F1_score: 0.8394  MAE: 0.2658  Corr: 0.8473  clm loss: 2.7877 total loss: 4.2316 bn loss: 0.3438 av loss: 0.443 text loss: 0.3707
2026-01-15 20:04:58,173 - MMSA [INFO] - VAL-(msalm) >>  Mult_acc_2: 0.7807  Mult_acc_3: 0.6776  Mult_acc_5: 0.4298  F1_score: 0.7869  MAE: 0.3855  Corr: 0.6733  Loss: 0.4094 
2026-01-15 20:05:06,581 - MMSA [INFO] - TRAIN-(msalm) [2/32/3] >> loss: 0.2838  Mult_acc_2: 0.8406  Mult_acc_3: 0.7544  Mult_acc_5: 0.5307  F1_score: 0.8444  MAE: 0.2693  Corr: 0.8476  clm loss: 2.7895 total loss: 4.2256 bn loss: 0.3293 av loss: 0.4455 text loss: 0.3774
2026-01-15 20:05:08,381 - MMSA [INFO] - VAL-(msalm) >>  Mult_acc_2: 0.7500  Mult_acc_3: 0.6711  Mult_acc_5: 0.4057  F1_score: 0.7595  MAE: 0.3960  Corr: 0.6686  Loss: 0.4052 
2026-01-15 20:05:17,978 - MMSA [INFO] - TRAIN-(msalm) [1/33/3] >> loss: 0.2736  Mult_acc_2: 0.8487  Mult_acc_3: 0.7829  Mult_acc_5: 0.5526  F1_score: 0.8522  MAE: 0.2618  Corr: 0.8553  clm loss: 2.7424 total loss: 4.1353 bn loss: 0.3184 av loss: 0.4435 text loss: 0.3573
2026-01-15 20:05:19,790 - MMSA [INFO] - VAL-(msalm) >>  Mult_acc_2: 0.7785  Mult_acc_3: 0.6842  Mult_acc_5: 0.4167  F1_score: 0.7857  MAE: 0.3972  Corr: 0.6645  Loss: 0.4168 
2026-01-15 20:05:28,332 - MMSA [INFO] - TRAIN-(msalm) [2/34/3] >> loss: 0.2667  Mult_acc_2: 0.8509  Mult_acc_3: 0.7858  Mult_acc_5: 0.5643  F1_score: 0.8543  MAE: 0.2534  Corr: 0.8650  clm loss: 2.7177 total loss: 4.0914 bn loss: 0.3181 av loss: 0.4411 text loss: 0.3478
2026-01-15 20:05:30,195 - MMSA [INFO] - VAL-(msalm) >>  Mult_acc_2: 0.7675  Mult_acc_3: 0.6820  Mult_acc_5: 0.4035  F1_score: 0.7751  MAE: 0.3983  Corr: 0.6638  Loss: 0.4117 
2026-01-15 20:05:38,564 - MMSA [INFO] - TRAIN-(msalm) [3/35/3] >> loss: 0.258  Mult_acc_2: 0.8670  Mult_acc_3: 0.8004  Mult_acc_5: 0.6009  F1_score: 0.8702  MAE: 0.2391  Corr: 0.8787  clm loss: 2.6716 total loss: 4.0365 bn loss: 0.3215 av loss: 0.4435 text loss: 0.342
2026-01-15 20:05:40,427 - MMSA [INFO] - VAL-(msalm) >>  Mult_acc_2: 0.7675  Mult_acc_3: 0.6754  Mult_acc_5: 0.4035  F1_score: 0.7748  MAE: 0.4008  Corr: 0.6565  Loss: 0.4089 
2026-01-15 20:05:48,866 - MMSA [INFO] - TRAIN-(msalm) [4/36/3] >> loss: 0.2573  Mult_acc_2: 0.8516  Mult_acc_3: 0.7873  Mult_acc_5: 0.5826  F1_score: 0.8550  MAE: 0.2409  Corr: 0.8755  clm loss: 2.6598 total loss: 4.0032 bn loss: 0.3052 av loss: 0.4487 text loss: 0.3322
2026-01-15 20:05:50,613 - MMSA [INFO] - VAL-(msalm) >>  Mult_acc_2: 0.7675  Mult_acc_3: 0.6711  Mult_acc_5: 0.4013  F1_score: 0.7734  MAE: 0.4033  Corr: 0.6522  Loss: 0.4223 
2026-01-15 20:05:59,167 - MMSA [INFO] - TRAIN-(msalm) [5/37/3] >> loss: 0.2467  Mult_acc_2: 0.8728  Mult_acc_3: 0.7858  Mult_acc_5: 0.5731  F1_score: 0.8753  MAE: 0.2279  Corr: 0.8893  clm loss: 2.6428 total loss: 3.948 bn loss: 0.296 av loss: 0.4427 text loss: 0.3198
2026-01-15 20:06:00,998 - MMSA [INFO] - VAL-(msalm) >>  Mult_acc_2: 0.7741  Mult_acc_3: 0.6667  Mult_acc_5: 0.4035  F1_score: 0.7779  MAE: 0.4044  Corr: 0.6457  Loss: 0.4317 
2026-01-15 20:06:09,523 - MMSA [INFO] - TRAIN-(msalm) [6/38/3] >> loss: 0.2548  Mult_acc_2: 0.8677  Mult_acc_3: 0.7909  Mult_acc_5: 0.5855  F1_score: 0.8705  MAE: 0.2354  Corr: 0.8783  clm loss: 2.6102 total loss: 3.9168 bn loss: 0.2919 av loss: 0.4445 text loss: 0.3155
2026-01-15 20:06:11,332 - MMSA [INFO] - VAL-(msalm) >>  Mult_acc_2: 0.7697  Mult_acc_3: 0.6842  Mult_acc_5: 0.4276  F1_score: 0.7764  MAE: 0.3996  Corr: 0.6546  Loss: 0.4394 
2026-01-15 20:06:19,653 - MMSA [INFO] - TRAIN-(msalm) [7/39/3] >> loss: 0.2378  Mult_acc_2: 0.8618  Mult_acc_3: 0.8019  Mult_acc_5: 0.6265  F1_score: 0.8652  MAE: 0.2113  Corr: 0.8974  clm loss: 2.599 total loss: 3.8761 bn loss: 0.2873 av loss: 0.4448 text loss: 0.3072
2026-01-15 20:06:21,483 - MMSA [INFO] - VAL-(msalm) >>  Mult_acc_2: 0.7544  Mult_acc_3: 0.6601  Mult_acc_5: 0.4057  F1_score: 0.7629  MAE: 0.4041  Corr: 0.6517  Loss: 0.4314 
2026-01-15 20:06:29,904 - MMSA [INFO] - TRAIN-(msalm) [8/40/3] >> loss: 0.2369  Mult_acc_2: 0.8735  Mult_acc_3: 0.8041  Mult_acc_5: 0.6031  F1_score: 0.8766  MAE: 0.2238  Corr: 0.8956  clm loss: 2.5955 total loss: 3.8791 bn loss: 0.2808 av loss: 0.4483 text loss: 0.3175
2026-01-15 20:06:31,777 - MMSA [INFO] - VAL-(msalm) >>  Mult_acc_2: 0.7763  Mult_acc_3: 0.6776  Mult_acc_5: 0.3947  F1_score: 0.7819  MAE: 0.4015  Corr: 0.6525  Loss: 0.4158 
2026-01-15 20:06:40,245 - MMSA [INFO] - TRAIN-(msalm) [9/41/3] >> loss: 0.2249  Mult_acc_2: 0.8765  Mult_acc_3: 0.8129  Mult_acc_5: 0.6177  F1_score: 0.8793  MAE: 0.2094  Corr: 0.9051  clm loss: 2.5463 total loss: 3.7966 bn loss: 0.275 av loss: 0.4419 text loss: 0.3085
2026-01-15 20:06:42,039 - MMSA [INFO] - VAL-(msalm) >>  Mult_acc_2: 0.7763  Mult_acc_3: 0.6820  Mult_acc_5: 0.4211  F1_score: 0.7817  MAE: 0.3935  Corr: 0.6599  Loss: 0.4136 
2026-01-15 20:06:50,401 - MMSA [INFO] - TRAIN-(msalm) [10/42/3] >> loss: 0.2252  Mult_acc_2: 0.8713  Mult_acc_3: 0.8114  Mult_acc_5: 0.6455  F1_score: 0.8744  MAE: 0.2062  Corr: 0.9080  clm loss: 2.5151 total loss: 3.7459 bn loss: 0.2743 av loss: 0.4346 text loss: 0.2966
2026-01-15 20:06:52,219 - MMSA [INFO] - VAL-(msalm) >>  Mult_acc_2: 0.7741  Mult_acc_3: 0.6645  Mult_acc_5: 0.3816  F1_score: 0.7802  MAE: 0.4003  Corr: 0.6555  Loss: 0.4115 
2026-01-15 20:06:54,595 - MMSA [INFO] - TEST-(msalm) >>  Mult_acc_2: 0.7987  Mult_acc_3: 0.6827  Mult_acc_5: 0.4311  F1_score: 0.8048  MAE: 0.3702  Corr: 0.7085  Loss: 0.3848 
2026-01-15 20:06:55,885 - MMSA [INFO] - Result for seed 1992: {'Mult_acc_2': 0.7987, 'Mult_acc_3': 0.6827, 'Mult_acc_5': 0.4311, 'F1_score': 0.8048, 'MAE': 0.3702, 'Corr': 0.7085, 'Loss': 0.3848, 'seed': 1992}
2026-01-15 20:06:55,891 - MMSA [INFO] - ------------------------------ Running with seed 1993 [4/5] ------------------------------
2026-01-15 20:08:12,169 - MMSA [INFO] - The model has 181756595 trainable parameters
2026-01-15 20:08:20,677 - MMSA [INFO] - TRAIN-(msalm) [1/1/4] >> loss: 0.6607  Mult_acc_2: 0.5314  Mult_acc_3: 0.3633  Mult_acc_5: 0.1791  F1_score: 0.5455  MAE: 0.6599  Corr: -0.0284  clm loss: 7.5869 total loss: 10.8518 bn loss: 0.847 av loss: 0.7945 text loss: 0.9627
2026-01-15 20:08:22,471 - MMSA [INFO] - VAL-(msalm) >>  Mult_acc_2: 0.5022  Mult_acc_3: 0.3816  Mult_acc_5: 0.1711  F1_score: 0.5206  MAE: 0.6397  Corr: 0.1053  Loss: 0.6393 
2026-01-15 20:08:32,094 - MMSA [INFO] - TRAIN-(msalm) [1/2/4] >> loss: 0.6151  Mult_acc_2: 0.5877  Mult_acc_3: 0.4262  Mult_acc_5: 0.2003  F1_score: 0.5982  MAE: 0.6144  Corr: 0.1362  clm loss: 6.3607 total loss: 9.2547 bn loss: 0.7387 av loss: 0.6952 text loss: 0.8449
2026-01-15 20:08:33,986 - MMSA [INFO] - VAL-(msalm) >>  Mult_acc_2: 0.5175  Mult_acc_3: 0.3662  Mult_acc_5: 0.1601  F1_score: 0.5353  MAE: 0.6293  Corr: 0.2004  Loss: 0.6236 
2026-01-15 20:08:43,624 - MMSA [INFO] - TRAIN-(msalm) [1/3/4] >> loss: 0.5817  Mult_acc_2: 0.6111  Mult_acc_3: 0.4708  Mult_acc_5: 0.2222  F1_score: 0.6207  MAE: 0.5801  Corr: 0.2443  clm loss: 5.19 total loss: 7.7569 bn loss: 0.659 av loss: 0.6346 text loss: 0.6917
2026-01-15 20:08:45,529 - MMSA [INFO] - VAL-(msalm) >>  Mult_acc_2: 0.4934  Mult_acc_3: 0.3969  Mult_acc_5: 0.1711  F1_score: 0.5028  MAE: 0.6259  Corr: 0.3038  Loss: 0.6125 
2026-01-15 20:08:55,338 - MMSA [INFO] - TRAIN-(msalm) [1/4/4] >> loss: 0.5669  Mult_acc_2: 0.6520  Mult_acc_3: 0.4920  Mult_acc_5: 0.2215  F1_score: 0.6578  MAE: 0.5634  Corr: 0.3077  clm loss: 4.4323 total loss: 6.8952 bn loss: 0.6283 av loss: 0.6079 text loss: 0.6598
2026-01-15 20:08:57,197 - MMSA [INFO] - VAL-(msalm) >>  Mult_acc_2: 0.5987  Mult_acc_3: 0.5088  Mult_acc_5: 0.2083  F1_score: 0.6146  MAE: 0.5600  Corr: 0.4068  Loss: 0.5584 
2026-01-15 20:09:06,594 - MMSA [INFO] - TRAIN-(msalm) [1/5/4] >> loss: 0.5462  Mult_acc_2: 0.6659  Mult_acc_3: 0.5256  Mult_acc_5: 0.2434  F1_score: 0.6717  MAE: 0.5428  Corr: 0.3581  clm loss: 3.9707 total loss: 6.3303 bn loss: 0.6175 av loss: 0.5923 text loss: 0.6038
2026-01-15 20:09:08,387 - MMSA [INFO] - VAL-(msalm) >>  Mult_acc_2: 0.6316  Mult_acc_3: 0.5154  Mult_acc_5: 0.2237  F1_score: 0.6462  MAE: 0.5427  Corr: 0.4743  Loss: 0.5403 
2026-01-15 20:09:18,016 - MMSA [INFO] - TRAIN-(msalm) [1/6/4] >> loss: 0.5352  Mult_acc_2: 0.6842  Mult_acc_3: 0.5504  Mult_acc_5: 0.2727  F1_score: 0.6873  MAE: 0.5299  Corr: 0.3864  clm loss: 3.7718 total loss: 6.0748 bn loss: 0.6059 av loss: 0.5825 text loss: 0.5795
2026-01-15 20:09:19,854 - MMSA [INFO] - VAL-(msalm) >>  Mult_acc_2: 0.6075  Mult_acc_3: 0.5197  Mult_acc_5: 0.2368  F1_score: 0.6201  MAE: 0.5529  Corr: 0.5070  Loss: 0.5525 
2026-01-15 20:09:28,214 - MMSA [INFO] - TRAIN-(msalm) [2/7/4] >> loss: 0.5263  Mult_acc_2: 0.6806  Mult_acc_3: 0.5526  Mult_acc_5: 0.2800  F1_score: 0.6846  MAE: 0.5211  Corr: 0.4210  clm loss: 3.5957 total loss: 5.8617 bn loss: 0.5978 av loss: 0.5731 text loss: 0.5688
2026-01-15 20:09:29,990 - MMSA [INFO] - VAL-(msalm) >>  Mult_acc_2: 0.6601  Mult_acc_3: 0.5526  Mult_acc_5: 0.2785  F1_score: 0.6734  MAE: 0.5021  Corr: 0.5256  Loss: 0.4987 
2026-01-15 20:09:39,483 - MMSA [INFO] - TRAIN-(msalm) [1/8/4] >> loss: 0.4962  Mult_acc_2: 0.7142  Mult_acc_3: 0.5958  Mult_acc_5: 0.3056  F1_score: 0.7183  MAE: 0.4857  Corr: 0.5072  clm loss: 3.4586 total loss: 5.6326 bn loss: 0.5758 av loss: 0.5636 text loss: 0.5384
2026-01-15 20:09:41,315 - MMSA [INFO] - VAL-(msalm) >>  Mult_acc_2: 0.6513  Mult_acc_3: 0.5570  Mult_acc_5: 0.3070  F1_score: 0.6651  MAE: 0.4855  Corr: 0.5672  Loss: 0.5068 
2026-01-15 20:09:49,977 - MMSA [INFO] - TRAIN-(msalm) [2/9/4] >> loss: 0.4713  Mult_acc_2: 0.7478  Mult_acc_3: 0.6279  Mult_acc_5: 0.3377  F1_score: 0.7513  MAE: 0.4529  Corr: 0.5853  clm loss: 3.3494 total loss: 5.4673 bn loss: 0.5646 av loss: 0.5492 text loss: 0.5328
2026-01-15 20:09:51,890 - MMSA [INFO] - VAL-(msalm) >>  Mult_acc_2: 0.6140  Mult_acc_3: 0.5329  Mult_acc_5: 0.2785  F1_score: 0.6236  MAE: 0.5191  Corr: 0.6048  Loss: 0.5553 
2026-01-15 20:10:00,104 - MMSA [INFO] - TRAIN-(msalm) [3/10/4] >> loss: 0.4586  Mult_acc_2: 0.7558  Mult_acc_3: 0.6484  Mult_acc_5: 0.3684  F1_score: 0.7604  MAE: 0.4301  Corr: 0.6190  clm loss: 3.3223 total loss: 5.3734 bn loss: 0.5327 av loss: 0.5282 text loss: 0.5316
2026-01-15 20:10:01,924 - MMSA [INFO] - VAL-(msalm) >>  Mult_acc_2: 0.6491  Mult_acc_3: 0.5592  Mult_acc_5: 0.3136  F1_score: 0.6620  MAE: 0.4926  Corr: 0.6124  Loss: 0.5324 
2026-01-15 20:10:10,215 - MMSA [INFO] - TRAIN-(msalm) [4/11/4] >> loss: 0.4466  Mult_acc_2: 0.7705  Mult_acc_3: 0.6630  Mult_acc_5: 0.4035  F1_score: 0.7748  MAE: 0.4118  Corr: 0.6429  clm loss: 3.2538 total loss: 5.2501 bn loss: 0.4948 av loss: 0.5081 text loss: 0.5468
2026-01-15 20:10:12,019 - MMSA [INFO] - VAL-(msalm) >>  Mult_acc_2: 0.7325  Mult_acc_3: 0.6338  Mult_acc_5: 0.3882  F1_score: 0.7418  MAE: 0.4287  Corr: 0.6338  Loss: 0.4591 
2026-01-15 20:10:21,761 - MMSA [INFO] - TRAIN-(msalm) [1/12/4] >> loss: 0.4372  Mult_acc_2: 0.7646  Mult_acc_3: 0.6645  Mult_acc_5: 0.3728  F1_score: 0.7674  MAE: 0.4163  Corr: 0.6480  clm loss: 3.2461 total loss: 5.2219 bn loss: 0.4914 av loss: 0.4987 text loss: 0.5486
2026-01-15 20:10:23,596 - MMSA [INFO] - VAL-(msalm) >>  Mult_acc_2: 0.7763  Mult_acc_3: 0.6601  Mult_acc_5: 0.3925  F1_score: 0.7780  MAE: 0.4045  Corr: 0.6452  Loss: 0.4377 
2026-01-15 20:10:33,139 - MMSA [INFO] - TRAIN-(msalm) [1/13/4] >> loss: 0.4232  Mult_acc_2: 0.7851  Mult_acc_3: 0.6659  Mult_acc_5: 0.3845  F1_score: 0.7872  MAE: 0.4096  Corr: 0.6588  clm loss: 3.2298 total loss: 5.1131 bn loss: 0.4603 av loss: 0.4784 text loss: 0.5214
2026-01-15 20:10:35,021 - MMSA [INFO] - VAL-(msalm) >>  Mult_acc_2: 0.8026  Mult_acc_3: 0.6491  Mult_acc_5: 0.3838  F1_score: 0.7952  MAE: 0.4135  Corr: 0.6467  Loss: 0.4637 
2026-01-15 20:10:43,289 - MMSA [INFO] - TRAIN-(msalm) [2/14/4] >> loss: 0.4105  Mult_acc_2: 0.7822  Mult_acc_3: 0.6827  Mult_acc_5: 0.4020  F1_score: 0.7850  MAE: 0.3917  Corr: 0.6842  clm loss: 3.1597 total loss: 4.9988 bn loss: 0.4509 av loss: 0.4818 text loss: 0.4959
2026-01-15 20:10:45,073 - MMSA [INFO] - VAL-(msalm) >>  Mult_acc_2: 0.7873  Mult_acc_3: 0.6579  Mult_acc_5: 0.4079  F1_score: 0.7852  MAE: 0.4018  Corr: 0.6534  Loss: 0.4545 
2026-01-15 20:10:53,370 - MMSA [INFO] - TRAIN-(msalm) [3/15/4] >> loss: 0.3897  Mult_acc_2: 0.7895  Mult_acc_3: 0.6966  Mult_acc_5: 0.4291  F1_score: 0.7936  MAE: 0.3691  Corr: 0.7126  clm loss: 3.1562 total loss: 4.9648 bn loss: 0.4473 av loss: 0.4689 text loss: 0.5027
2026-01-15 20:10:55,227 - MMSA [INFO] - VAL-(msalm) >>  Mult_acc_2: 0.7127  Mult_acc_3: 0.6404  Mult_acc_5: 0.3860  F1_score: 0.7233  MAE: 0.4056  Corr: 0.6618  Loss: 0.4535 
2026-01-15 20:11:03,504 - MMSA [INFO] - TRAIN-(msalm) [4/16/4] >> loss: 0.3881  Mult_acc_2: 0.7865  Mult_acc_3: 0.6849  Mult_acc_5: 0.4320  F1_score: 0.7898  MAE: 0.3686  Corr: 0.7127  clm loss: 3.1487 total loss: 4.9088 bn loss: 0.4446 av loss: 0.4727 text loss: 0.4547
2026-01-15 20:11:05,285 - MMSA [INFO] - VAL-(msalm) >>  Mult_acc_2: 0.7171  Mult_acc_3: 0.6491  Mult_acc_5: 0.4079  F1_score: 0.7278  MAE: 0.4075  Corr: 0.6633  Loss: 0.4277 
2026-01-15 20:11:15,088 - MMSA [INFO] - TRAIN-(msalm) [1/17/4] >> loss: 0.3923  Mult_acc_2: 0.8063  Mult_acc_3: 0.6857  Mult_acc_5: 0.4057  F1_score: 0.8075  MAE: 0.3766  Corr: 0.7016  clm loss: 3.135 total loss: 4.8933 bn loss: 0.4328 av loss: 0.4701 text loss: 0.4631
2026-01-15 20:11:16,963 - MMSA [INFO] - VAL-(msalm) >>  Mult_acc_2: 0.7632  Mult_acc_3: 0.6469  Mult_acc_5: 0.3947  F1_score: 0.7676  MAE: 0.3987  Corr: 0.6588  Loss: 0.4212 
2026-01-15 20:11:26,474 - MMSA [INFO] - TRAIN-(msalm) [1/18/4] >> loss: 0.3781  Mult_acc_2: 0.8129  Mult_acc_3: 0.6966  Mult_acc_5: 0.4262  F1_score: 0.8153  MAE: 0.3631  Corr: 0.7219  clm loss: 3.0855 total loss: 4.806 bn loss: 0.4169 av loss: 0.4669 text loss: 0.4586
2026-01-15 20:11:28,236 - MMSA [INFO] - VAL-(msalm) >>  Mult_acc_2: 0.7741  Mult_acc_3: 0.6689  Mult_acc_5: 0.4145  F1_score: 0.7779  MAE: 0.3952  Corr: 0.6621  Loss: 0.4304 
2026-01-15 20:11:36,525 - MMSA [INFO] - TRAIN-(msalm) [2/19/4] >> loss: 0.3718  Mult_acc_2: 0.8143  Mult_acc_3: 0.7091  Mult_acc_5: 0.4386  F1_score: 0.8169  MAE: 0.3475  Corr: 0.7484  clm loss: 3.089 total loss: 4.7974 bn loss: 0.4164 av loss: 0.4639 text loss: 0.4563
2026-01-15 20:11:38,333 - MMSA [INFO] - VAL-(msalm) >>  Mult_acc_2: 0.7434  Mult_acc_3: 0.6535  Mult_acc_5: 0.4189  F1_score: 0.7519  MAE: 0.4035  Corr: 0.6607  Loss: 0.4553 
2026-01-15 20:11:46,871 - MMSA [INFO] - TRAIN-(msalm) [3/20/4] >> loss: 0.3602  Mult_acc_2: 0.8085  Mult_acc_3: 0.7061  Mult_acc_5: 0.4693  F1_score: 0.8111  MAE: 0.3370  Corr: 0.7520  clm loss: 3.0582 total loss: 4.7363 bn loss: 0.3994 av loss: 0.4639 text loss: 0.4545
2026-01-15 20:11:48,621 - MMSA [INFO] - VAL-(msalm) >>  Mult_acc_2: 0.7522  Mult_acc_3: 0.6513  Mult_acc_5: 0.4167  F1_score: 0.7600  MAE: 0.4011  Corr: 0.6592  Loss: 0.4468 
2026-01-15 20:11:57,122 - MMSA [INFO] - TRAIN-(msalm) [4/21/4] >> loss: 0.3513  Mult_acc_2: 0.8151  Mult_acc_3: 0.7120  Mult_acc_5: 0.4518  F1_score: 0.8189  MAE: 0.3306  Corr: 0.7739  clm loss: 2.9922 total loss: 4.6376 bn loss: 0.3954 av loss: 0.4686 text loss: 0.4301
2026-01-15 20:11:59,009 - MMSA [INFO] - VAL-(msalm) >>  Mult_acc_2: 0.7368  Mult_acc_3: 0.6667  Mult_acc_5: 0.4189  F1_score: 0.7443  MAE: 0.3997  Corr: 0.6632  Loss: 0.4228 
2026-01-15 20:12:07,341 - MMSA [INFO] - TRAIN-(msalm) [5/22/4] >> loss: 0.3462  Mult_acc_2: 0.8216  Mult_acc_3: 0.7244  Mult_acc_5: 0.4678  F1_score: 0.8249  MAE: 0.3349  Corr: 0.7626  clm loss: 3.035 total loss: 4.6894 bn loss: 0.3913 av loss: 0.4636 text loss: 0.4532
2026-01-15 20:12:09,158 - MMSA [INFO] - VAL-(msalm) >>  Mult_acc_2: 0.7434  Mult_acc_3: 0.6689  Mult_acc_5: 0.4211  F1_score: 0.7510  MAE: 0.3912  Corr: 0.6740  Loss: 0.4280 
2026-01-15 20:12:17,451 - MMSA [INFO] - TRAIN-(msalm) [6/23/4] >> loss: 0.3425  Mult_acc_2: 0.8180  Mult_acc_3: 0.7295  Mult_acc_5: 0.4759  F1_score: 0.8212  MAE: 0.3212  Corr: 0.7769  clm loss: 3.0015 total loss: 4.6331 bn loss: 0.3917 av loss: 0.4637 text loss: 0.4337
2026-01-15 20:12:19,320 - MMSA [INFO] - VAL-(msalm) >>  Mult_acc_2: 0.7412  Mult_acc_3: 0.6601  Mult_acc_5: 0.4254  F1_score: 0.7497  MAE: 0.3885  Corr: 0.6761  Loss: 0.4190 
2026-01-15 20:12:29,011 - MMSA [INFO] - TRAIN-(msalm) [1/24/4] >> loss: 0.3273  Mult_acc_2: 0.8406  Mult_acc_3: 0.7522  Mult_acc_5: 0.4956  F1_score: 0.8431  MAE: 0.3116  Corr: 0.7974  clm loss: 2.9562 total loss: 4.5193 bn loss: 0.367 av loss: 0.4586 text loss: 0.41
2026-01-15 20:12:30,858 - MMSA [INFO] - VAL-(msalm) >>  Mult_acc_2: 0.7478  Mult_acc_3: 0.6469  Mult_acc_5: 0.3925  F1_score: 0.7559  MAE: 0.3957  Corr: 0.6722  Loss: 0.4169 
2026-01-15 20:12:40,623 - MMSA [INFO] - TRAIN-(msalm) [1/25/4] >> loss: 0.3111  Mult_acc_2: 0.8494  Mult_acc_3: 0.7493  Mult_acc_5: 0.5139  F1_score: 0.8516  MAE: 0.2944  Corr: 0.8170  clm loss: 2.9271 total loss: 4.4557 bn loss: 0.3635 av loss: 0.4599 text loss: 0.3941
2026-01-15 20:12:42,408 - MMSA [INFO] - VAL-(msalm) >>  Mult_acc_2: 0.7588  Mult_acc_3: 0.6601  Mult_acc_5: 0.4189  F1_score: 0.7668  MAE: 0.3898  Corr: 0.6713  Loss: 0.4156 
2026-01-15 20:12:51,827 - MMSA [INFO] - TRAIN-(msalm) [1/26/4] >> loss: 0.3137  Mult_acc_2: 0.8260  Mult_acc_3: 0.7463  Mult_acc_5: 0.5102  F1_score: 0.8294  MAE: 0.2958  Corr: 0.8155  clm loss: 2.9209 total loss: 4.4552 bn loss: 0.3613 av loss: 0.4541 text loss: 0.4052
2026-01-15 20:12:53,677 - MMSA [INFO] - VAL-(msalm) >>  Mult_acc_2: 0.7566  Mult_acc_3: 0.6535  Mult_acc_5: 0.3969  F1_score: 0.7631  MAE: 0.3956  Corr: 0.6660  Loss: 0.4004 
2026-01-15 20:13:03,179 - MMSA [INFO] - TRAIN-(msalm) [1/27/4] >> loss: 0.3121  Mult_acc_2: 0.8319  Mult_acc_3: 0.7566  Mult_acc_5: 0.4949  F1_score: 0.8354  MAE: 0.2946  Corr: 0.8223  clm loss: 2.8853 total loss: 4.4032 bn loss: 0.352 av loss: 0.4577 text loss: 0.3961
2026-01-15 20:13:05,001 - MMSA [INFO] - VAL-(msalm) >>  Mult_acc_2: 0.7610  Mult_acc_3: 0.6732  Mult_acc_5: 0.4342  F1_score: 0.7653  MAE: 0.3927  Corr: 0.6639  Loss: 0.4296 
2026-01-15 20:13:13,341 - MMSA [INFO] - TRAIN-(msalm) [2/28/4] >> loss: 0.301  Mult_acc_2: 0.8333  Mult_acc_3: 0.7551  Mult_acc_5: 0.5154  F1_score: 0.8370  MAE: 0.2855  Corr: 0.8255  clm loss: 2.8513 total loss: 4.3383 bn loss: 0.3494 av loss: 0.464 text loss: 0.3726
2026-01-15 20:13:15,142 - MMSA [INFO] - VAL-(msalm) >>  Mult_acc_2: 0.7610  Mult_acc_3: 0.6711  Mult_acc_5: 0.4364  F1_score: 0.7659  MAE: 0.3915  Corr: 0.6649  Loss: 0.4361 
2026-01-15 20:13:23,630 - MMSA [INFO] - TRAIN-(msalm) [3/29/4] >> loss: 0.2971  Mult_acc_2: 0.8472  Mult_acc_3: 0.7617  Mult_acc_5: 0.5358  F1_score: 0.8496  MAE: 0.2772  Corr: 0.8330  clm loss: 2.8533 total loss: 4.3139 bn loss: 0.339 av loss: 0.4525 text loss: 0.372
2026-01-15 20:13:25,507 - MMSA [INFO] - VAL-(msalm) >>  Mult_acc_2: 0.7390  Mult_acc_3: 0.6360  Mult_acc_5: 0.4145  F1_score: 0.7472  MAE: 0.3948  Corr: 0.6656  Loss: 0.4184 
2026-01-15 20:13:33,923 - MMSA [INFO] - TRAIN-(msalm) [4/30/4] >> loss: 0.285  Mult_acc_2: 0.8560  Mult_acc_3: 0.7705  Mult_acc_5: 0.5314  F1_score: 0.8588  MAE: 0.2678  Corr: 0.8558  clm loss: 2.8355 total loss: 4.2654 bn loss: 0.3304 av loss: 0.4439 text loss: 0.3706
2026-01-15 20:13:35,775 - MMSA [INFO] - VAL-(msalm) >>  Mult_acc_2: 0.7346  Mult_acc_3: 0.6491  Mult_acc_5: 0.4298  F1_score: 0.7430  MAE: 0.3965  Corr: 0.6618  Loss: 0.4328 
2026-01-15 20:13:44,006 - MMSA [INFO] - TRAIN-(msalm) [5/31/4] >> loss: 0.2859  Mult_acc_2: 0.8458  Mult_acc_3: 0.7566  Mult_acc_5: 0.5197  F1_score: 0.8486  MAE: 0.2712  Corr: 0.8502  clm loss: 2.8097 total loss: 4.2514 bn loss: 0.3311 av loss: 0.4566 text loss: 0.368
2026-01-15 20:13:45,850 - MMSA [INFO] - VAL-(msalm) >>  Mult_acc_2: 0.7346  Mult_acc_3: 0.6491  Mult_acc_5: 0.4189  F1_score: 0.7417  MAE: 0.4006  Corr: 0.6539  Loss: 0.4098 
2026-01-15 20:13:54,291 - MMSA [INFO] - TRAIN-(msalm) [6/32/4] >> loss: 0.2622  Mult_acc_2: 0.8626  Mult_acc_3: 0.7953  Mult_acc_5: 0.5914  F1_score: 0.8652  MAE: 0.2451  Corr: 0.8683  clm loss: 2.7652 total loss: 4.1742 bn loss: 0.3279 av loss: 0.4557 text loss: 0.3632
2026-01-15 20:13:56,181 - MMSA [INFO] - VAL-(msalm) >>  Mult_acc_2: 0.7325  Mult_acc_3: 0.6404  Mult_acc_5: 0.4211  F1_score: 0.7421  MAE: 0.4048  Corr: 0.6581  Loss: 0.4307 
2026-01-15 20:14:04,677 - MMSA [INFO] - TRAIN-(msalm) [7/33/4] >> loss: 0.2657  Mult_acc_2: 0.8560  Mult_acc_3: 0.7844  Mult_acc_5: 0.5877  F1_score: 0.8594  MAE: 0.2402  Corr: 0.8705  clm loss: 2.7302 total loss: 4.1188 bn loss: 0.3192 av loss: 0.4562 text loss: 0.3475
2026-01-15 20:14:06,555 - MMSA [INFO] - VAL-(msalm) >>  Mult_acc_2: 0.7654  Mult_acc_3: 0.6469  Mult_acc_5: 0.4386  F1_score: 0.7702  MAE: 0.3990  Corr: 0.6498  Loss: 0.4280 
2026-01-15 20:14:15,078 - MMSA [INFO] - TRAIN-(msalm) [8/34/4] >> loss: 0.2691  Mult_acc_2: 0.8633  Mult_acc_3: 0.7800  Mult_acc_5: 0.5760  F1_score: 0.8661  MAE: 0.2502  Corr: 0.8659  clm loss: 2.732 total loss: 4.1173 bn loss: 0.3178 av loss: 0.4525 text loss: 0.346
2026-01-15 20:14:16,920 - MMSA [INFO] - VAL-(msalm) >>  Mult_acc_2: 0.7544  Mult_acc_3: 0.6535  Mult_acc_5: 0.4342  F1_score: 0.7605  MAE: 0.3985  Corr: 0.6509  Loss: 0.4148 
2026-01-15 20:14:25,495 - MMSA [INFO] - TRAIN-(msalm) [9/35/4] >> loss: 0.25  Mult_acc_2: 0.8684  Mult_acc_3: 0.7931  Mult_acc_5: 0.6126  F1_score: 0.8709  MAE: 0.2337  Corr: 0.8823  clm loss: 2.6679 total loss: 3.9974 bn loss: 0.2959 av loss: 0.4492 text loss: 0.3345
2026-01-15 20:14:27,303 - MMSA [INFO] - VAL-(msalm) >>  Mult_acc_2: 0.7544  Mult_acc_3: 0.6601  Mult_acc_5: 0.4189  F1_score: 0.7611  MAE: 0.3953  Corr: 0.6537  Loss: 0.4042 
2026-01-15 20:14:35,780 - MMSA [INFO] - TRAIN-(msalm) [10/36/4] >> loss: 0.2375  Mult_acc_2: 0.8801  Mult_acc_3: 0.8092  Mult_acc_5: 0.6250  F1_score: 0.8827  MAE: 0.2220  Corr: 0.8942  clm loss: 2.6534 total loss: 3.9712 bn loss: 0.2918 av loss: 0.446 text loss: 0.3426
2026-01-15 20:14:37,619 - MMSA [INFO] - VAL-(msalm) >>  Mult_acc_2: 0.7588  Mult_acc_3: 0.6557  Mult_acc_5: 0.4057  F1_score: 0.7653  MAE: 0.4000  Corr: 0.6519  Loss: 0.4182 
2026-01-15 20:14:39,915 - MMSA [INFO] - TEST-(msalm) >>  Mult_acc_2: 0.8249  Mult_acc_3: 0.6893  Mult_acc_5: 0.4136  F1_score: 0.8284  MAE: 0.3776  Corr: 0.6980  Loss: 0.3831 
2026-01-15 20:14:41,190 - MMSA [INFO] - Result for seed 1993: {'Mult_acc_2': 0.8249, 'Mult_acc_3': 0.6893, 'Mult_acc_5': 0.4136, 'F1_score': 0.8284, 'MAE': 0.3776, 'Corr': 0.698, 'Loss': 0.3831, 'seed': 1993}
2026-01-15 20:14:41,196 - MMSA [INFO] - ------------------------------ Running with seed 1994 [5/5] ------------------------------
2026-01-15 20:15:56,838 - MMSA [INFO] - The model has 181756595 trainable parameters
2026-01-15 20:16:05,150 - MMSA [INFO] - TRAIN-(msalm) [1/1/5] >> loss: 0.74  Mult_acc_2: 0.3816  Mult_acc_3: 0.3019  Mult_acc_5: 0.1674  F1_score: 0.3452  MAE: 0.7400  Corr: -0.0056  clm loss: 7.6012 total loss: 10.8985 bn loss: 0.8621 av loss: 0.6814 text loss: 1.0138
2026-01-15 20:16:07,134 - MMSA [INFO] - VAL-(msalm) >>  Mult_acc_2: 0.5110  Mult_acc_3: 0.3311  Mult_acc_5: 0.1754  F1_score: 0.5297  MAE: 0.6524  Corr: -0.0175  Loss: 0.6563 
2026-01-15 20:16:16,498 - MMSA [INFO] - TRAIN-(msalm) [1/2/5] >> loss: 0.6987  Mult_acc_2: 0.4152  Mult_acc_3: 0.3480  Mult_acc_5: 0.1674  F1_score: 0.3881  MAE: 0.6976  Corr: 0.1788  clm loss: 6.389 total loss: 9.3149 bn loss: 0.745 av loss: 0.6343 text loss: 0.8479
2026-01-15 20:16:18,354 - MMSA [INFO] - VAL-(msalm) >>  Mult_acc_2: 0.5877  Mult_acc_3: 0.4167  Mult_acc_5: 0.2018  F1_score: 0.5965  MAE: 0.6025  Corr: 0.1499  Loss: 0.5883 
2026-01-15 20:16:27,896 - MMSA [INFO] - TRAIN-(msalm) [1/3/5] >> loss: 0.6831  Mult_acc_2: 0.4474  Mult_acc_3: 0.3670  Mult_acc_5: 0.1806  F1_score: 0.4349  MAE: 0.6821  Corr: 0.1873  clm loss: 5.2556 total loss: 7.9172 bn loss: 0.6663 av loss: 0.5929 text loss: 0.7193
2026-01-15 20:16:29,757 - MMSA [INFO] - VAL-(msalm) >>  Mult_acc_2: 0.4386  Mult_acc_3: 0.3289  Mult_acc_5: 0.1711  F1_score: 0.4291  MAE: 0.6481  Corr: 0.2498  Loss: 0.6418 
2026-01-15 20:16:38,210 - MMSA [INFO] - TRAIN-(msalm) [2/4/5] >> loss: 0.6375  Mult_acc_2: 0.5000  Mult_acc_3: 0.3882  Mult_acc_5: 0.1981  F1_score: 0.5000  MAE: 0.6354  Corr: 0.3089  clm loss: 4.4771 total loss: 6.9705 bn loss: 0.6446 av loss: 0.5729 text loss: 0.6383
2026-01-15 20:16:40,058 - MMSA [INFO] - VAL-(msalm) >>  Mult_acc_2: 0.4386  Mult_acc_3: 0.3377  Mult_acc_5: 0.1469  F1_score: 0.4105  MAE: 0.6716  Corr: 0.3089  Loss: 0.6758 
2026-01-15 20:16:48,615 - MMSA [INFO] - TRAIN-(msalm) [3/5/5] >> loss: 0.6219  Mult_acc_2: 0.5270  Mult_acc_3: 0.4298  Mult_acc_5: 0.1937  F1_score: 0.5334  MAE: 0.6201  Corr: 0.3598  clm loss: 4.0063 total loss: 6.4216 bn loss: 0.6141 av loss: 0.5628 text loss: 0.6164
2026-01-15 20:16:50,476 - MMSA [INFO] - VAL-(msalm) >>  Mult_acc_2: 0.4868  Mult_acc_3: 0.3991  Mult_acc_5: 0.1842  F1_score: 0.4748  MAE: 0.6474  Corr: 0.4071  Loss: 0.6391 
2026-01-15 20:16:59,020 - MMSA [INFO] - TRAIN-(msalm) [4/6/5] >> loss: 0.5733  Mult_acc_2: 0.5848  Mult_acc_3: 0.4781  Mult_acc_5: 0.2273  F1_score: 0.5967  MAE: 0.5697  Corr: 0.4574  clm loss: 3.8072 total loss: 6.1152 bn loss: 0.6041 av loss: 0.5446 text loss: 0.586
2026-01-15 20:17:00,895 - MMSA [INFO] - VAL-(msalm) >>  Mult_acc_2: 0.5570  Mult_acc_3: 0.4605  Mult_acc_5: 0.2346  F1_score: 0.5606  MAE: 0.5952  Corr: 0.5084  Loss: 0.6158 
2026-01-15 20:17:09,666 - MMSA [INFO] - TRAIN-(msalm) [5/7/5] >> loss: 0.5423  Mult_acc_2: 0.6564  Mult_acc_3: 0.5439  Mult_acc_5: 0.2697  F1_score: 0.6684  MAE: 0.5304  Corr: 0.5310  clm loss: 3.6457 total loss: 5.8683 bn loss: 0.5719 av loss: 0.5174 text loss: 0.591
2026-01-15 20:17:11,501 - MMSA [INFO] - VAL-(msalm) >>  Mult_acc_2: 0.6469  Mult_acc_3: 0.5439  Mult_acc_5: 0.3070  F1_score: 0.6606  MAE: 0.5289  Corr: 0.5444  Loss: 0.5660 
2026-01-15 20:17:21,007 - MMSA [INFO] - TRAIN-(msalm) [1/8/5] >> loss: 0.5164  Mult_acc_2: 0.6791  Mult_acc_3: 0.5972  Mult_acc_5: 0.3370  F1_score: 0.6914  MAE: 0.4887  Corr: 0.5794  clm loss: 3.467 total loss: 5.6204 bn loss: 0.5447 av loss: 0.4913 text loss: 0.6011
2026-01-15 20:17:22,739 - MMSA [INFO] - VAL-(msalm) >>  Mult_acc_2: 0.7061  Mult_acc_3: 0.6096  Mult_acc_5: 0.3618  F1_score: 0.7153  MAE: 0.4999  Corr: 0.5484  Loss: 0.6094 
2026-01-15 20:17:31,114 - MMSA [INFO] - TRAIN-(msalm) [2/9/5] >> loss: 0.502  Mult_acc_2: 0.7135  Mult_acc_3: 0.6148  Mult_acc_5: 0.3231  F1_score: 0.7246  MAE: 0.4747  Corr: 0.6057  clm loss: 3.3508 total loss: 5.4507 bn loss: 0.5219 av loss: 0.4859 text loss: 0.59
2026-01-15 20:17:32,970 - MMSA [INFO] - VAL-(msalm) >>  Mult_acc_2: 0.7325  Mult_acc_3: 0.6162  Mult_acc_5: 0.3531  F1_score: 0.7392  MAE: 0.4592  Corr: 0.5798  Loss: 0.4876 
2026-01-15 20:17:42,588 - MMSA [INFO] - TRAIN-(msalm) [1/10/5] >> loss: 0.4832  Mult_acc_2: 0.6952  Mult_acc_3: 0.6045  Mult_acc_5: 0.3136  F1_score: 0.7071  MAE: 0.4715  Corr: 0.5988  clm loss: 3.3315 total loss: 5.3372 bn loss: 0.5053 av loss: 0.4798 text loss: 0.5375
2026-01-15 20:17:44,419 - MMSA [INFO] - VAL-(msalm) >>  Mult_acc_2: 0.7675  Mult_acc_3: 0.6711  Mult_acc_5: 0.3706  F1_score: 0.7689  MAE: 0.4349  Corr: 0.6031  Loss: 0.4533 
2026-01-15 20:17:53,863 - MMSA [INFO] - TRAIN-(msalm) [1/11/5] >> loss: 0.4629  Mult_acc_2: 0.7251  Mult_acc_3: 0.6162  Mult_acc_5: 0.3253  F1_score: 0.7356  MAE: 0.4503  Corr: 0.6325  clm loss: 3.2808 total loss: 5.2254 bn loss: 0.4822 av loss: 0.4742 text loss: 0.5253
2026-01-15 20:17:55,683 - MMSA [INFO] - VAL-(msalm) >>  Mult_acc_2: 0.6952  Mult_acc_3: 0.6031  Mult_acc_5: 0.3553  F1_score: 0.7065  MAE: 0.4574  Corr: 0.6046  Loss: 0.4970 
2026-01-15 20:18:04,297 - MMSA [INFO] - TRAIN-(msalm) [2/12/5] >> loss: 0.4415  Mult_acc_2: 0.7449  Mult_acc_3: 0.6462  Mult_acc_5: 0.3509  F1_score: 0.7544  MAE: 0.4248  Corr: 0.6650  clm loss: 3.2584 total loss: 5.1892 bn loss: 0.4807 av loss: 0.4711 text loss: 0.5375
2026-01-15 20:18:06,616 - MMSA [INFO] - VAL-(msalm) >>  Mult_acc_2: 0.7303  Mult_acc_3: 0.6294  Mult_acc_5: 0.3706  F1_score: 0.7383  MAE: 0.4395  Corr: 0.6121  Loss: 0.4891 
2026-01-15 20:18:15,023 - MMSA [INFO] - TRAIN-(msalm) [3/13/5] >> loss: 0.4402  Mult_acc_2: 0.7595  Mult_acc_3: 0.6564  Mult_acc_5: 0.3596  F1_score: 0.7683  MAE: 0.4176  Corr: 0.6789  clm loss: 3.2086 total loss: 5.0793 bn loss: 0.4635 av loss: 0.4608 text loss: 0.5062
2026-01-15 20:18:16,841 - MMSA [INFO] - VAL-(msalm) >>  Mult_acc_2: 0.7588  Mult_acc_3: 0.6557  Mult_acc_5: 0.4232  F1_score: 0.7606  MAE: 0.4265  Corr: 0.6103  Loss: 0.4889 
2026-01-15 20:18:25,405 - MMSA [INFO] - TRAIN-(msalm) [4/14/5] >> loss: 0.4141  Mult_acc_2: 0.7551  Mult_acc_3: 0.6674  Mult_acc_5: 0.4035  F1_score: 0.7634  MAE: 0.3933  Corr: 0.6895  clm loss: 3.2124 total loss: 5.0607 bn loss: 0.4686 av loss: 0.467 text loss: 0.4986
2026-01-15 20:18:27,236 - MMSA [INFO] - VAL-(msalm) >>  Mult_acc_2: 0.7632  Mult_acc_3: 0.6294  Mult_acc_5: 0.3925  F1_score: 0.7669  MAE: 0.4240  Corr: 0.6134  Loss: 0.4538 
2026-01-15 20:18:35,558 - MMSA [INFO] - TRAIN-(msalm) [5/15/5] >> loss: 0.4073  Mult_acc_2: 0.7880  Mult_acc_3: 0.6732  Mult_acc_5: 0.3830  F1_score: 0.7941  MAE: 0.3945  Corr: 0.6964  clm loss: 3.1662 total loss: 4.9973 bn loss: 0.4506 av loss: 0.4708 text loss: 0.5023
2026-01-15 20:18:37,503 - MMSA [INFO] - VAL-(msalm) >>  Mult_acc_2: 0.8004  Mult_acc_3: 0.6601  Mult_acc_5: 0.4145  F1_score: 0.8014  MAE: 0.4144  Corr: 0.6330  Loss: 0.4328 
2026-01-15 20:18:47,278 - MMSA [INFO] - TRAIN-(msalm) [1/16/5] >> loss: 0.3877  Mult_acc_2: 0.7924  Mult_acc_3: 0.7010  Mult_acc_5: 0.4203  F1_score: 0.7981  MAE: 0.3735  Corr: 0.7187  clm loss: 3.1509 total loss: 4.9263 bn loss: 0.4282 av loss: 0.46 text loss: 0.4995
2026-01-15 20:18:49,073 - MMSA [INFO] - VAL-(msalm) >>  Mult_acc_2: 0.7807  Mult_acc_3: 0.6469  Mult_acc_5: 0.4232  F1_score: 0.7845  MAE: 0.4037  Corr: 0.6464  Loss: 0.4393 
2026-01-15 20:18:57,397 - MMSA [INFO] - TRAIN-(msalm) [2/17/5] >> loss: 0.3847  Mult_acc_2: 0.7968  Mult_acc_3: 0.7025  Mult_acc_5: 0.4174  F1_score: 0.8028  MAE: 0.3637  Corr: 0.7324  clm loss: 3.1283 total loss: 4.9042 bn loss: 0.4357 av loss: 0.4687 text loss: 0.4868
2026-01-15 20:18:59,319 - MMSA [INFO] - VAL-(msalm) >>  Mult_acc_2: 0.8026  Mult_acc_3: 0.6798  Mult_acc_5: 0.4211  F1_score: 0.8014  MAE: 0.4103  Corr: 0.6459  Loss: 0.4703 
2026-01-15 20:19:07,972 - MMSA [INFO] - TRAIN-(msalm) [3/18/5] >> loss: 0.3827  Mult_acc_2: 0.7997  Mult_acc_3: 0.7083  Mult_acc_5: 0.4240  F1_score: 0.8055  MAE: 0.3645  Corr: 0.7310  clm loss: 3.0811 total loss: 4.874 bn loss: 0.4369 av loss: 0.4618 text loss: 0.5115
2026-01-15 20:19:09,841 - MMSA [INFO] - VAL-(msalm) >>  Mult_acc_2: 0.8004  Mult_acc_3: 0.6689  Mult_acc_5: 0.4145  F1_score: 0.8006  MAE: 0.4032  Corr: 0.6526  Loss: 0.4399 
2026-01-15 20:19:18,160 - MMSA [INFO] - TRAIN-(msalm) [4/19/5] >> loss: 0.3763  Mult_acc_2: 0.7931  Mult_acc_3: 0.7025  Mult_acc_5: 0.4357  F1_score: 0.7977  MAE: 0.3579  Corr: 0.7392  clm loss: 3.1194 total loss: 4.8684 bn loss: 0.429 av loss: 0.4646 text loss: 0.479
2026-01-15 20:19:20,018 - MMSA [INFO] - VAL-(msalm) >>  Mult_acc_2: 0.7763  Mult_acc_3: 0.6601  Mult_acc_5: 0.4145  F1_score: 0.7808  MAE: 0.4027  Corr: 0.6446  Loss: 0.4496 
2026-01-15 20:19:28,445 - MMSA [INFO] - TRAIN-(msalm) [5/20/5] >> loss: 0.3572  Mult_acc_2: 0.8180  Mult_acc_3: 0.7251  Mult_acc_5: 0.4686  F1_score: 0.8222  MAE: 0.3357  Corr: 0.7624  clm loss: 3.0516 total loss: 4.7501 bn loss: 0.418 av loss: 0.456 text loss: 0.4674
2026-01-15 20:19:30,185 - MMSA [INFO] - VAL-(msalm) >>  Mult_acc_2: 0.7719  Mult_acc_3: 0.6557  Mult_acc_5: 0.4298  F1_score: 0.7786  MAE: 0.4048  Corr: 0.6447  Loss: 0.4369 
2026-01-15 20:19:38,550 - MMSA [INFO] - TRAIN-(msalm) [6/21/5] >> loss: 0.3593  Mult_acc_2: 0.8194  Mult_acc_3: 0.7193  Mult_acc_5: 0.4364  F1_score: 0.8227  MAE: 0.3386  Corr: 0.7651  clm loss: 3.0465 total loss: 4.6972 bn loss: 0.3934 av loss: 0.4479 text loss: 0.4502
2026-01-15 20:19:40,411 - MMSA [INFO] - VAL-(msalm) >>  Mult_acc_2: 0.7785  Mult_acc_3: 0.6557  Mult_acc_5: 0.4167  F1_score: 0.7847  MAE: 0.4106  Corr: 0.6399  Loss: 0.4419 
2026-01-15 20:19:48,809 - MMSA [INFO] - TRAIN-(msalm) [7/22/5] >> loss: 0.3515  Mult_acc_2: 0.8143  Mult_acc_3: 0.7178  Mult_acc_5: 0.4598  F1_score: 0.8183  MAE: 0.3348  Corr: 0.7637  clm loss: 3.0186 total loss: 4.6772 bn loss: 0.3984 av loss: 0.4593 text loss: 0.4495
2026-01-15 20:19:50,536 - MMSA [INFO] - VAL-(msalm) >>  Mult_acc_2: 0.7895  Mult_acc_3: 0.6557  Mult_acc_5: 0.3947  F1_score: 0.7942  MAE: 0.4097  Corr: 0.6410  Loss: 0.4350 
2026-01-15 20:19:59,170 - MMSA [INFO] - TRAIN-(msalm) [8/23/5] >> loss: 0.3384  Mult_acc_2: 0.8428  Mult_acc_3: 0.7493  Mult_acc_5: 0.4781  F1_score: 0.8456  MAE: 0.3230  Corr: 0.7824  clm loss: 2.9852 total loss: 4.5921 bn loss: 0.3864 av loss: 0.4542 text loss: 0.4279
2026-01-15 20:20:01,086 - MMSA [INFO] - VAL-(msalm) >>  Mult_acc_2: 0.7873  Mult_acc_3: 0.6689  Mult_acc_5: 0.4167  F1_score: 0.7879  MAE: 0.4056  Corr: 0.6501  Loss: 0.4398 
2026-01-15 20:20:09,840 - MMSA [INFO] - TRAIN-(msalm) [9/24/5] >> loss: 0.3366  Mult_acc_2: 0.8341  Mult_acc_3: 0.7427  Mult_acc_5: 0.4825  F1_score: 0.8361  MAE: 0.3156  Corr: 0.7912  clm loss: 2.9859 total loss: 4.6077 bn loss: 0.3908 av loss: 0.4565 text loss: 0.4379
2026-01-15 20:20:11,729 - MMSA [INFO] - VAL-(msalm) >>  Mult_acc_2: 0.7961  Mult_acc_3: 0.6601  Mult_acc_5: 0.4232  F1_score: 0.7997  MAE: 0.3962  Corr: 0.6604  Loss: 0.4335 
2026-01-15 20:20:20,263 - MMSA [INFO] - TRAIN-(msalm) [10/25/5] >> loss: 0.3276  Mult_acc_2: 0.8392  Mult_acc_3: 0.7456  Mult_acc_5: 0.4817  F1_score: 0.8422  MAE: 0.3041  Corr: 0.7989  clm loss: 2.9378 total loss: 4.5262 bn loss: 0.378 av loss: 0.46 text loss: 0.4228
2026-01-15 20:20:22,031 - MMSA [INFO] - VAL-(msalm) >>  Mult_acc_2: 0.7961  Mult_acc_3: 0.6645  Mult_acc_5: 0.4232  F1_score: 0.7963  MAE: 0.4015  Corr: 0.6523  Loss: 0.4642 
2026-01-15 20:20:24,289 - MMSA [INFO] - TEST-(msalm) >>  Mult_acc_2: 0.8096  Mult_acc_3: 0.6718  Mult_acc_5: 0.4508  F1_score: 0.8119  MAE: 0.3839  Corr: 0.6808  Loss: 0.4138 
2026-01-15 20:20:25,578 - MMSA [INFO] - Result for seed 1994: {'Mult_acc_2': 0.8096, 'Mult_acc_3': 0.6718, 'Mult_acc_5': 0.4508, 'F1_score': 0.8119, 'MAE': 0.3839, 'Corr': 0.6808, 'Loss': 0.4138, 'seed': 1994}
2026-01-15 20:20:25,642 - MMSA [INFO] - Results saved to MMSA/results/sims/lrs_0002/sparse-mm-token-lvl-router/k_2/nf_16-gca-delta-update/lr_0002__k_2__nf_16-exp-delta-update/normal/sims_avg.csv.
