2026-01-15 11:08:08,626 - MMSA [INFO] - ======================================== Program Start ========================================
2026-01-15 11:08:08,716 - MMSA [INFO] - Running with args:
2026-01-15 11:08:08,716 - MMSA [INFO] - {'model_name': 'msalm', 'dataset_name': 'sims', 'featurePath': '/leonardo_work/EUHPC_A04_051/alexfil/MSA-Datasets/CH-SIMS/unaligned_39.pkl', 'seq_lens': [39, 400, 55], 'feature_dims': [768, 33, 709], 'train_samples': 1368, 'num_classes': 3, 'language': 'cn', 'KeyEval': 'Loss', 'missing_rate': [0.0, 0.0, 0.0], 'missing_seed': [1111, 1111, 1111], 'need_data_aligned': False, 'need_model_aligned': False, 'early_stop': 10, 'use_bert': False, 'use_bert_finetune': False, 'attn_mask': True, 'excludeZero': True, 'update_epochs': 8, 'use_augmentation': False, 'use_m3xup': False, 'hfPath': False, 'use_ulgm': False, 'update_labels_patience': 1, 'H': 3.0, 'del_model': True, 'max_token_len': 39, 'pad_token': '<|endoftext|>', 'lm': '/leonardo_work/EUHPC_A04_051/alexfil/gpt2-chinese-cluecorpussmall', 'use_bf16': False, 'task_out': 1, 'use_clm': True, 'gamma': 1.0, 'l_bn': 1.0, 'l_av': 1.0, 'l_t': 1.0, 'warmup_epochs': 1, 'max_epochs': 100, 'beta_1': 0.9, 'beta_2': 0.95, 'use_lnorm': True, 'rescale': False, 'rescaler': 'sqrt', 'use_seqaug': True, 'n_bn_fusion': 16, 'modded_loss': True, 'embedding_attr_name': 'transformer.wte', 'decoder_layers_attr_name': 'transformer.h', 'mmgpt': {'type': 'gpt2', 'd_out': 64, 'combine': True, 'dropout': 0.1, 'mm_layer': [5, 6, 7, 8, 9, 10, 11], 'top_k': 2, 'layer_dropout': 0.0, 'dense': True, 'tie_ffn': True, 'n_embd': 768, 'bias': True, 'kv_dim': 30, 'n_head': 16, 'd_mm': 768, 'gating': 'sigmoid', 'init_gate': [0.0, 0.0, 0.0, 0.0, 0.0, 0.0, 0.0, 0.0, 0.0, 0.0], 'use_softperm': True, 'p_perm': 0.3, 'p_apply': 0.25, 'use_lora': False, 'lora': {'lora_alpha': 128, 'r': 64, 'lora_dropout': 0.05}}, 'av_enc': {'finetune': True, 'from_pretrained': True, 'path_to_pretrained': '/leonardo_work/EUHPC_A04_051/alexfil/DeepMLF-Reprod/checkpoints/bienc-sims-1990/bienc-sims-1990.pth', 'feature_dims': [768, 33, 709], 'd_enc': 30, 'n_embd': 30, 'n_head': 6, 'nlevels': 3, 'd_enc_out': 30, 'maxlen': 55, 'p_mask': 0.15, 'enc_attn_dropout': 0.1, 'enc_res_dropout': 0.1, 'enc_dropout': 0.1, 'use_softperm': True, 'p_perm': 0.2, 'mask_perm_ratio': 0.5, 'tf_fusion': False, 'use_bn': True, 'use_ln': False}, 'gpt': {'vocab_size': 50257, 'block_size': 1024, 'bias': True, 'n_embd': 1024, 'n_layer': 24, 'n_head': 16, 'dropout': 0.0}, 'batch_size': 32, 'grad_clip': 5.0, 'patience': 10, 'weight_decay_mmgpt': 0.1, 'weight_decay_av': 0.1, 'learning_rate_av': 0.0002, 'learning_rate_mmgpt': 0.0002, 'device': device(type='cuda', index=0), 'train_mode': 'regression', 'custom_feature': None, 'feature_T': '', 'feature_A': '', 'feature_V': ''}
2026-01-15 11:08:08,716 - MMSA [INFO] - Seeds: [1990, 1991, 1992, 1993, 1994]
2026-01-15 11:08:08,717 - MMSA [INFO] - ------------------------------ Running with seed 1990 [1/5] ------------------------------
2026-01-15 11:09:40,753 - MMSA [INFO] - The model has 179712364 trainable parameters
2026-01-15 11:09:51,480 - MMSA [INFO] - TRAIN-(msalm) [1/1/1] >> loss: 0.6298  Mult_acc_2: 0.6404  Mult_acc_3: 0.4751  Mult_acc_5: 0.2186  F1_score: 0.5931  MAE: 0.6251  Corr: 0.0606  clm loss: 7.6237 total loss: 10.7734 bn loss: 0.8081 av loss: 0.7523 text loss: 0.9594
2026-01-15 11:09:53,581 - MMSA [INFO] - VAL-(msalm) >>  Mult_acc_2: 0.6820  Mult_acc_3: 0.4846  Mult_acc_5: 0.2149  F1_score: 0.6467  MAE: 0.5989  Corr: 0.1287  Loss: 0.5934 
2026-01-15 11:10:03,595 - MMSA [INFO] - TRAIN-(msalm) [1/2/1] >> loss: 0.5808  Mult_acc_2: 0.6827  Mult_acc_3: 0.5219  Mult_acc_5: 0.2529  F1_score: 0.6476  MAE: 0.5780  Corr: 0.2142  clm loss: 6.3167 total loss: 9.0428 bn loss: 0.7059 av loss: 0.6646 text loss: 0.7749
2026-01-15 11:10:05,488 - MMSA [INFO] - VAL-(msalm) >>  Mult_acc_2: 0.6842  Mult_acc_3: 0.5154  Mult_acc_5: 0.2237  F1_score: 0.6702  MAE: 0.5584  Corr: 0.2883  Loss: 0.5616 
2026-01-15 11:10:15,325 - MMSA [INFO] - TRAIN-(msalm) [1/3/1] >> loss: 0.5557  Mult_acc_2: 0.6886  Mult_acc_3: 0.5307  Mult_acc_5: 0.2719  F1_score: 0.6652  MAE: 0.5470  Corr: 0.3173  clm loss: 4.9686 total loss: 7.3789 bn loss: 0.5906 av loss: 0.6173 text loss: 0.6467
2026-01-15 11:10:17,163 - MMSA [INFO] - VAL-(msalm) >>  Mult_acc_2: 0.6996  Mult_acc_3: 0.5285  Mult_acc_5: 0.2281  F1_score: 0.7045  MAE: 0.5359  Corr: 0.4179  Loss: 0.5291 
2026-01-15 11:10:27,084 - MMSA [INFO] - TRAIN-(msalm) [1/4/1] >> loss: 0.5106  Mult_acc_2: 0.7310  Mult_acc_3: 0.5841  Mult_acc_5: 0.2829  F1_score: 0.7206  MAE: 0.5007  Corr: 0.4701  clm loss: 4.225 total loss: 6.4634 bn loss: 0.533 av loss: 0.5867 text loss: 0.6082
2026-01-15 11:10:28,983 - MMSA [INFO] - VAL-(msalm) >>  Mult_acc_2: 0.6491  Mult_acc_3: 0.5175  Mult_acc_5: 0.2368  F1_score: 0.6627  MAE: 0.5361  Corr: 0.5067  Loss: 0.5322 
2026-01-15 11:10:37,711 - MMSA [INFO] - TRAIN-(msalm) [2/5/1] >> loss: 0.4816  Mult_acc_2: 0.7595  Mult_acc_3: 0.6323  Mult_acc_5: 0.3450  F1_score: 0.7568  MAE: 0.4569  Corr: 0.5739  clm loss: 3.8449 total loss: 6.0104 bn loss: 0.5279 av loss: 0.5621 text loss: 0.594
2026-01-15 11:10:39,912 - MMSA [INFO] - VAL-(msalm) >>  Mult_acc_2: 0.6513  Mult_acc_3: 0.5395  Mult_acc_5: 0.2741  F1_score: 0.6651  MAE: 0.4969  Corr: 0.5579  Loss: 0.5080 
2026-01-15 11:10:49,758 - MMSA [INFO] - TRAIN-(msalm) [1/6/1] >> loss: 0.4826  Mult_acc_2: 0.7493  Mult_acc_3: 0.6301  Mult_acc_5: 0.3575  F1_score: 0.7495  MAE: 0.4564  Corr: 0.5690  clm loss: 3.6005 total loss: 5.7268 bn loss: 0.5085 av loss: 0.553 text loss: 0.5823
2026-01-15 11:10:51,647 - MMSA [INFO] - VAL-(msalm) >>  Mult_acc_2: 0.6667  Mult_acc_3: 0.5680  Mult_acc_5: 0.2851  F1_score: 0.6797  MAE: 0.4752  Corr: 0.5812  Loss: 0.4895 
2026-01-15 11:11:01,535 - MMSA [INFO] - TRAIN-(msalm) [1/7/1] >> loss: 0.458  Mult_acc_2: 0.7522  Mult_acc_3: 0.6404  Mult_acc_5: 0.3757  F1_score: 0.7523  MAE: 0.4381  Corr: 0.5888  clm loss: 3.4853 total loss: 5.5289 bn loss: 0.4883 av loss: 0.534 text loss: 0.5633
2026-01-15 11:11:03,385 - MMSA [INFO] - VAL-(msalm) >>  Mult_acc_2: 0.6338  Mult_acc_3: 0.5285  Mult_acc_5: 0.2807  F1_score: 0.6475  MAE: 0.4953  Corr: 0.5893  Loss: 0.5113 
2026-01-15 11:11:12,079 - MMSA [INFO] - TRAIN-(msalm) [2/8/1] >> loss: 0.4486  Mult_acc_2: 0.7727  Mult_acc_3: 0.6601  Mult_acc_5: 0.3823  F1_score: 0.7740  MAE: 0.4267  Corr: 0.6243  clm loss: 3.3775 total loss: 5.3516 bn loss: 0.4791 av loss: 0.5071 text loss: 0.5392
2026-01-15 11:11:14,028 - MMSA [INFO] - VAL-(msalm) >>  Mult_acc_2: 0.6886  Mult_acc_3: 0.5987  Mult_acc_5: 0.3377  F1_score: 0.7003  MAE: 0.4595  Corr: 0.5986  Loss: 0.4756 
2026-01-15 11:11:23,858 - MMSA [INFO] - TRAIN-(msalm) [1/9/1] >> loss: 0.4325  Mult_acc_2: 0.7588  Mult_acc_3: 0.6462  Mult_acc_5: 0.3801  F1_score: 0.7597  MAE: 0.4137  Corr: 0.6403  clm loss: 3.2944 total loss: 5.2491 bn loss: 0.4853 av loss: 0.4938 text loss: 0.5431
2026-01-15 11:11:25,799 - MMSA [INFO] - VAL-(msalm) >>  Mult_acc_2: 0.7456  Mult_acc_3: 0.6360  Mult_acc_5: 0.3882  F1_score: 0.7488  MAE: 0.4222  Corr: 0.6122  Loss: 0.4386 
2026-01-15 11:11:35,625 - MMSA [INFO] - TRAIN-(msalm) [1/10/1] >> loss: 0.4312  Mult_acc_2: 0.7675  Mult_acc_3: 0.6506  Mult_acc_5: 0.3765  F1_score: 0.7696  MAE: 0.4155  Corr: 0.6384  clm loss: 3.2732 total loss: 5.2244 bn loss: 0.4737 av loss: 0.4874 text loss: 0.559
2026-01-15 11:11:37,537 - MMSA [INFO] - VAL-(msalm) >>  Mult_acc_2: 0.7259  Mult_acc_3: 0.6096  Mult_acc_5: 0.3575  F1_score: 0.7343  MAE: 0.4326  Corr: 0.6170  Loss: 0.4519 
2026-01-15 11:11:46,277 - MMSA [INFO] - TRAIN-(msalm) [2/11/1] >> loss: 0.4103  Mult_acc_2: 0.7785  Mult_acc_3: 0.6747  Mult_acc_5: 0.4072  F1_score: 0.7806  MAE: 0.3903  Corr: 0.6872  clm loss: 3.2173 total loss: 5.1019 bn loss: 0.4657 av loss: 0.4854 text loss: 0.5232
2026-01-15 11:11:48,154 - MMSA [INFO] - VAL-(msalm) >>  Mult_acc_2: 0.6930  Mult_acc_3: 0.5746  Mult_acc_5: 0.3377  F1_score: 0.7052  MAE: 0.4558  Corr: 0.6298  Loss: 0.4824 
2026-01-15 11:11:56,855 - MMSA [INFO] - TRAIN-(msalm) [3/12/1] >> loss: 0.4032  Mult_acc_2: 0.7902  Mult_acc_3: 0.6769  Mult_acc_5: 0.3867  F1_score: 0.7922  MAE: 0.3884  Corr: 0.6932  clm loss: 3.2148 total loss: 5.1124 bn loss: 0.4578 av loss: 0.4768 text loss: 0.5597
2026-01-15 11:11:58,765 - MMSA [INFO] - VAL-(msalm) >>  Mult_acc_2: 0.6952  Mult_acc_3: 0.6075  Mult_acc_5: 0.3355  F1_score: 0.7073  MAE: 0.4463  Corr: 0.6378  Loss: 0.4633 
2026-01-15 11:12:07,633 - MMSA [INFO] - TRAIN-(msalm) [4/13/1] >> loss: 0.3969  Mult_acc_2: 0.7961  Mult_acc_3: 0.6944  Mult_acc_5: 0.4115  F1_score: 0.7989  MAE: 0.3779  Corr: 0.6978  clm loss: 3.1427 total loss: 4.9882 bn loss: 0.454 av loss: 0.4752 text loss: 0.5194
2026-01-15 11:12:09,571 - MMSA [INFO] - VAL-(msalm) >>  Mult_acc_2: 0.7456  Mult_acc_3: 0.6316  Mult_acc_5: 0.3816  F1_score: 0.7523  MAE: 0.4122  Corr: 0.6373  Loss: 0.4418 
2026-01-15 11:12:18,310 - MMSA [INFO] - TRAIN-(msalm) [5/14/1] >> loss: 0.3842  Mult_acc_2: 0.8019  Mult_acc_3: 0.6923  Mult_acc_5: 0.4152  F1_score: 0.8041  MAE: 0.3616  Corr: 0.7314  clm loss: 3.1308 total loss: 4.9077 bn loss: 0.4371 av loss: 0.4639 text loss: 0.4918
2026-01-15 11:12:20,283 - MMSA [INFO] - VAL-(msalm) >>  Mult_acc_2: 0.7412  Mult_acc_3: 0.6469  Mult_acc_5: 0.3991  F1_score: 0.7474  MAE: 0.4022  Corr: 0.6456  Loss: 0.4272 
2026-01-15 11:12:30,135 - MMSA [INFO] - TRAIN-(msalm) [1/15/1] >> loss: 0.3851  Mult_acc_2: 0.7997  Mult_acc_3: 0.6930  Mult_acc_5: 0.4276  F1_score: 0.8024  MAE: 0.3644  Corr: 0.7230  clm loss: 3.1362 total loss: 4.9056 bn loss: 0.4371 av loss: 0.4681 text loss: 0.4791
2026-01-15 11:12:32,049 - MMSA [INFO] - VAL-(msalm) >>  Mult_acc_2: 0.7171  Mult_acc_3: 0.6404  Mult_acc_5: 0.3794  F1_score: 0.7275  MAE: 0.4155  Corr: 0.6507  Loss: 0.4310 
2026-01-15 11:12:40,751 - MMSA [INFO] - TRAIN-(msalm) [2/16/1] >> loss: 0.3754  Mult_acc_2: 0.8099  Mult_acc_3: 0.7113  Mult_acc_5: 0.4430  F1_score: 0.8129  MAE: 0.3581  Corr: 0.7332  clm loss: 3.1029 total loss: 4.8465 bn loss: 0.4379 av loss: 0.4674 text loss: 0.4629
2026-01-15 11:12:42,644 - MMSA [INFO] - VAL-(msalm) >>  Mult_acc_2: 0.7215  Mult_acc_3: 0.6316  Mult_acc_5: 0.3706  F1_score: 0.7324  MAE: 0.4248  Corr: 0.6557  Loss: 0.4486 
2026-01-15 11:12:51,351 - MMSA [INFO] - TRAIN-(msalm) [3/17/1] >> loss: 0.3757  Mult_acc_2: 0.8238  Mult_acc_3: 0.7069  Mult_acc_5: 0.4452  F1_score: 0.8246  MAE: 0.3566  Corr: 0.7348  clm loss: 3.0685 total loss: 4.7926 bn loss: 0.4262 av loss: 0.4647 text loss: 0.4575
2026-01-15 11:12:53,342 - MMSA [INFO] - VAL-(msalm) >>  Mult_acc_2: 0.7259  Mult_acc_3: 0.6447  Mult_acc_5: 0.3882  F1_score: 0.7361  MAE: 0.4084  Corr: 0.6578  Loss: 0.4211 
2026-01-15 11:13:03,141 - MMSA [INFO] - TRAIN-(msalm) [1/18/1] >> loss: 0.3609  Mult_acc_2: 0.8151  Mult_acc_3: 0.7135  Mult_acc_5: 0.4554  F1_score: 0.8171  MAE: 0.3421  Corr: 0.7568  clm loss: 3.0771 total loss: 4.766 bn loss: 0.412 av loss: 0.4643 text loss: 0.4517
2026-01-15 11:13:05,065 - MMSA [INFO] - VAL-(msalm) >>  Mult_acc_2: 0.7259  Mult_acc_3: 0.6469  Mult_acc_5: 0.4013  F1_score: 0.7359  MAE: 0.4041  Corr: 0.6592  Loss: 0.4318 
2026-01-15 11:13:13,789 - MMSA [INFO] - TRAIN-(msalm) [2/19/1] >> loss: 0.3738  Mult_acc_2: 0.8092  Mult_acc_3: 0.7127  Mult_acc_5: 0.4627  F1_score: 0.8134  MAE: 0.3496  Corr: 0.7399  clm loss: 3.0837 total loss: 4.809 bn loss: 0.4076 av loss: 0.4631 text loss: 0.4808
2026-01-15 11:13:15,673 - MMSA [INFO] - VAL-(msalm) >>  Mult_acc_2: 0.7456  Mult_acc_3: 0.6557  Mult_acc_5: 0.4101  F1_score: 0.7528  MAE: 0.3979  Corr: 0.6583  Loss: 0.4218 
2026-01-15 11:13:24,342 - MMSA [INFO] - TRAIN-(msalm) [3/20/1] >> loss: 0.3576  Mult_acc_2: 0.8173  Mult_acc_3: 0.7193  Mult_acc_5: 0.4561  F1_score: 0.8207  MAE: 0.3387  Corr: 0.7571  clm loss: 3.0351 total loss: 4.7297 bn loss: 0.3968 av loss: 0.4626 text loss: 0.4776
2026-01-15 11:13:26,247 - MMSA [INFO] - VAL-(msalm) >>  Mult_acc_2: 0.7346  Mult_acc_3: 0.6557  Mult_acc_5: 0.3750  F1_score: 0.7438  MAE: 0.4068  Corr: 0.6617  Loss: 0.4226 
2026-01-15 11:13:34,974 - MMSA [INFO] - TRAIN-(msalm) [4/21/1] >> loss: 0.3435  Mult_acc_2: 0.8275  Mult_acc_3: 0.7346  Mult_acc_5: 0.4554  F1_score: 0.8299  MAE: 0.3321  Corr: 0.7771  clm loss: 2.9856 total loss: 4.673 bn loss: 0.3817 av loss: 0.4654 text loss: 0.4969
2026-01-15 11:13:36,917 - MMSA [INFO] - VAL-(msalm) >>  Mult_acc_2: 0.7259  Mult_acc_3: 0.6294  Mult_acc_5: 0.3575  F1_score: 0.7363  MAE: 0.4104  Corr: 0.6681  Loss: 0.4307 
2026-01-15 11:13:45,967 - MMSA [INFO] - TRAIN-(msalm) [5/22/1] >> loss: 0.3312  Mult_acc_2: 0.8282  Mult_acc_3: 0.7325  Mult_acc_5: 0.4817  F1_score: 0.8309  MAE: 0.3118  Corr: 0.7954  clm loss: 2.9595 total loss: 4.5929 bn loss: 0.371 av loss: 0.4587 text loss: 0.4725
2026-01-15 11:13:47,904 - MMSA [INFO] - VAL-(msalm) >>  Mult_acc_2: 0.7588  Mult_acc_3: 0.6732  Mult_acc_5: 0.4211  F1_score: 0.7667  MAE: 0.3942  Corr: 0.6725  Loss: 0.4145 
2026-01-15 11:13:57,872 - MMSA [INFO] - TRAIN-(msalm) [1/23/1] >> loss: 0.3233  Mult_acc_2: 0.8282  Mult_acc_3: 0.7442  Mult_acc_5: 0.5088  F1_score: 0.8320  MAE: 0.3009  Corr: 0.8010  clm loss: 2.9333 total loss: 4.543 bn loss: 0.3691 av loss: 0.4675 text loss: 0.4499
2026-01-15 11:13:59,854 - MMSA [INFO] - VAL-(msalm) >>  Mult_acc_2: 0.7829  Mult_acc_3: 0.6864  Mult_acc_5: 0.4342  F1_score: 0.7877  MAE: 0.3882  Corr: 0.6679  Loss: 0.4116 
2026-01-15 11:14:09,789 - MMSA [INFO] - TRAIN-(msalm) [1/24/1] >> loss: 0.3327  Mult_acc_2: 0.8268  Mult_acc_3: 0.7317  Mult_acc_5: 0.4912  F1_score: 0.8293  MAE: 0.3174  Corr: 0.7899  clm loss: 2.9656 total loss: 4.5817 bn loss: 0.349 av loss: 0.4566 text loss: 0.4779
2026-01-15 11:14:11,772 - MMSA [INFO] - VAL-(msalm) >>  Mult_acc_2: 0.7851  Mult_acc_3: 0.6864  Mult_acc_5: 0.4035  F1_score: 0.7912  MAE: 0.3957  Corr: 0.6668  Loss: 0.3986 
2026-01-15 11:14:21,777 - MMSA [INFO] - TRAIN-(msalm) [1/25/1] >> loss: 0.3186  Mult_acc_2: 0.8348  Mult_acc_3: 0.7478  Mult_acc_5: 0.4963  F1_score: 0.8380  MAE: 0.3020  Corr: 0.8112  clm loss: 2.9022 total loss: 4.4331 bn loss: 0.3436 av loss: 0.4564 text loss: 0.4123
2026-01-15 11:14:23,657 - MMSA [INFO] - VAL-(msalm) >>  Mult_acc_2: 0.7544  Mult_acc_3: 0.6711  Mult_acc_5: 0.4145  F1_score: 0.7635  MAE: 0.4033  Corr: 0.6709  Loss: 0.4235 
2026-01-15 11:14:32,459 - MMSA [INFO] - TRAIN-(msalm) [2/26/1] >> loss: 0.2943  Mult_acc_2: 0.8516  Mult_acc_3: 0.7537  Mult_acc_5: 0.5197  F1_score: 0.8540  MAE: 0.2806  Corr: 0.8397  clm loss: 2.8494 total loss: 4.3526 bn loss: 0.3429 av loss: 0.4552 text loss: 0.4108
2026-01-15 11:14:34,422 - MMSA [INFO] - VAL-(msalm) >>  Mult_acc_2: 0.7741  Mult_acc_3: 0.6820  Mult_acc_5: 0.3991  F1_score: 0.7816  MAE: 0.4013  Corr: 0.6684  Loss: 0.4306 
2026-01-15 11:14:43,268 - MMSA [INFO] - TRAIN-(msalm) [3/27/1] >> loss: 0.3085  Mult_acc_2: 0.8428  Mult_acc_3: 0.7595  Mult_acc_5: 0.5161  F1_score: 0.8454  MAE: 0.2914  Corr: 0.8238  clm loss: 2.8588 total loss: 4.3705 bn loss: 0.3338 av loss: 0.4545 text loss: 0.4149
2026-01-15 11:14:45,150 - MMSA [INFO] - VAL-(msalm) >>  Mult_acc_2: 0.7610  Mult_acc_3: 0.6667  Mult_acc_5: 0.3925  F1_score: 0.7683  MAE: 0.4032  Corr: 0.6559  Loss: 0.4051 
2026-01-15 11:14:53,985 - MMSA [INFO] - TRAIN-(msalm) [4/28/1] >> loss: 0.2921  Mult_acc_2: 0.8501  Mult_acc_3: 0.7697  Mult_acc_5: 0.5409  F1_score: 0.8526  MAE: 0.2772  Corr: 0.8375  clm loss: 2.819 total loss: 4.2814 bn loss: 0.3231 av loss: 0.4595 text loss: 0.3876
2026-01-15 11:14:55,886 - MMSA [INFO] - VAL-(msalm) >>  Mult_acc_2: 0.7719  Mult_acc_3: 0.6579  Mult_acc_5: 0.3772  F1_score: 0.7784  MAE: 0.4024  Corr: 0.6514  Loss: 0.4119 
2026-01-15 11:15:04,739 - MMSA [INFO] - TRAIN-(msalm) [5/29/1] >> loss: 0.2848  Mult_acc_2: 0.8523  Mult_acc_3: 0.7734  Mult_acc_5: 0.5227  F1_score: 0.8551  MAE: 0.2708  Corr: 0.8477  clm loss: 2.8114 total loss: 4.2474 bn loss: 0.3166 av loss: 0.4513 text loss: 0.3833
2026-01-15 11:15:06,886 - MMSA [INFO] - VAL-(msalm) >>  Mult_acc_2: 0.7829  Mult_acc_3: 0.6798  Mult_acc_5: 0.4211  F1_score: 0.7865  MAE: 0.4009  Corr: 0.6466  Loss: 0.4223 
2026-01-15 11:15:15,775 - MMSA [INFO] - TRAIN-(msalm) [6/30/1] >> loss: 0.2821  Mult_acc_2: 0.8560  Mult_acc_3: 0.7741  Mult_acc_5: 0.5621  F1_score: 0.8588  MAE: 0.2631  Corr: 0.8497  clm loss: 2.8002 total loss: 4.2217 bn loss: 0.3167 av loss: 0.4533 text loss: 0.3694
2026-01-15 11:15:17,674 - MMSA [INFO] - VAL-(msalm) >>  Mult_acc_2: 0.7829  Mult_acc_3: 0.6776  Mult_acc_5: 0.4101  F1_score: 0.7868  MAE: 0.3979  Corr: 0.6531  Loss: 0.4078 
2026-01-15 11:15:26,484 - MMSA [INFO] - TRAIN-(msalm) [7/31/1] >> loss: 0.277  Mult_acc_2: 0.8494  Mult_acc_3: 0.7690  Mult_acc_5: 0.5592  F1_score: 0.8523  MAE: 0.2611  Corr: 0.8561  clm loss: 2.7747 total loss: 4.1779 bn loss: 0.3035 av loss: 0.443 text loss: 0.3797
2026-01-15 11:15:28,400 - MMSA [INFO] - VAL-(msalm) >>  Mult_acc_2: 0.7697  Mult_acc_3: 0.6732  Mult_acc_5: 0.4079  F1_score: 0.7768  MAE: 0.3981  Corr: 0.6573  Loss: 0.4060 
2026-01-15 11:15:37,271 - MMSA [INFO] - TRAIN-(msalm) [8/32/1] >> loss: 0.2744  Mult_acc_2: 0.8589  Mult_acc_3: 0.7712  Mult_acc_5: 0.5548  F1_score: 0.8611  MAE: 0.2597  Corr: 0.8550  clm loss: 2.7267 total loss: 4.1191 bn loss: 0.2985 av loss: 0.4497 text loss: 0.3698
2026-01-15 11:15:39,233 - MMSA [INFO] - VAL-(msalm) >>  Mult_acc_2: 0.7675  Mult_acc_3: 0.6513  Mult_acc_5: 0.3816  F1_score: 0.7751  MAE: 0.4070  Corr: 0.6514  Loss: 0.4110 
2026-01-15 11:15:48,110 - MMSA [INFO] - TRAIN-(msalm) [9/33/1] >> loss: 0.2878  Mult_acc_2: 0.8633  Mult_acc_3: 0.7741  Mult_acc_5: 0.5453  F1_score: 0.8659  MAE: 0.2702  Corr: 0.8503  clm loss: 2.712 total loss: 4.1266 bn loss: 0.295 av loss: 0.4592 text loss: 0.3725
2026-01-15 11:15:50,054 - MMSA [INFO] - VAL-(msalm) >>  Mult_acc_2: 0.7522  Mult_acc_3: 0.6579  Mult_acc_5: 0.3991  F1_score: 0.7610  MAE: 0.4054  Corr: 0.6526  Loss: 0.4177 
2026-01-15 11:15:58,970 - MMSA [INFO] - TRAIN-(msalm) [10/34/1] >> loss: 0.2591  Mult_acc_2: 0.8611  Mult_acc_3: 0.7931  Mult_acc_5: 0.5950  F1_score: 0.8642  MAE: 0.2349  Corr: 0.8801  clm loss: 2.6527 total loss: 4.0136 bn loss: 0.2847 av loss: 0.4535 text loss: 0.3638
2026-01-15 11:16:00,886 - MMSA [INFO] - VAL-(msalm) >>  Mult_acc_2: 0.7544  Mult_acc_3: 0.6579  Mult_acc_5: 0.3904  F1_score: 0.7631  MAE: 0.4076  Corr: 0.6520  Loss: 0.4293 
2026-01-15 11:16:03,239 - MMSA [INFO] - TEST-(msalm) >>  Mult_acc_2: 0.8293  Mult_acc_3: 0.6915  Mult_acc_5: 0.4354  F1_score: 0.8317  MAE: 0.3636  Corr: 0.7095  Loss: 0.3748 
2026-01-15 11:16:04,535 - MMSA [INFO] - Result for seed 1990: {'Mult_acc_2': 0.8293, 'Mult_acc_3': 0.6915, 'Mult_acc_5': 0.4354, 'F1_score': 0.8317, 'MAE': 0.3636, 'Corr': 0.7095, 'Loss': 0.3748, 'seed': 1990}
2026-01-15 11:16:04,536 - MMSA [INFO] - ------------------------------ Running with seed 1991 [2/5] ------------------------------
2026-01-15 11:17:23,992 - MMSA [INFO] - The model has 179712364 trainable parameters
2026-01-15 11:17:32,622 - MMSA [INFO] - TRAIN-(msalm) [1/1/2] >> loss: 0.6721  Mult_acc_2: 0.6279  Mult_acc_3: 0.4532  Mult_acc_5: 0.1952  F1_score: 0.5846  MAE: 0.6665  Corr: -0.0846  clm loss: 7.5749 total loss: 10.7944 bn loss: 0.9 av loss: 0.705 text loss: 0.9424
2026-01-15 11:17:34,768 - MMSA [INFO] - VAL-(msalm) >>  Mult_acc_2: 0.6294  Mult_acc_3: 0.4474  Mult_acc_5: 0.2127  F1_score: 0.5952  MAE: 0.6023  Corr: 0.0844  Loss: 0.5958 
2026-01-15 11:17:44,462 - MMSA [INFO] - TRAIN-(msalm) [1/2/2] >> loss: 0.5964  Mult_acc_2: 0.6608  Mult_acc_3: 0.4993  Mult_acc_5: 0.2434  F1_score: 0.6276  MAE: 0.5923  Corr: 0.1575  clm loss: 6.2966 total loss: 9.0986 bn loss: 0.7631 av loss: 0.6431 text loss: 0.7994
2026-01-15 11:17:46,296 - MMSA [INFO] - VAL-(msalm) >>  Mult_acc_2: 0.6776  Mult_acc_3: 0.5197  Mult_acc_5: 0.2522  F1_score: 0.6419  MAE: 0.5561  Corr: 0.2893  Loss: 0.5628 
2026-01-15 11:17:56,001 - MMSA [INFO] - TRAIN-(msalm) [1/3/2] >> loss: 0.55  Mult_acc_2: 0.6711  Mult_acc_3: 0.5234  Mult_acc_5: 0.2858  F1_score: 0.6522  MAE: 0.5413  Corr: 0.3254  clm loss: 4.9353 total loss: 7.4085 bn loss: 0.6263 av loss: 0.6052 text loss: 0.6917
2026-01-15 11:17:57,857 - MMSA [INFO] - VAL-(msalm) >>  Mult_acc_2: 0.6645  Mult_acc_3: 0.5263  Mult_acc_5: 0.2697  F1_score: 0.6641  MAE: 0.5351  Corr: 0.3739  Loss: 0.5299 
2026-01-15 11:18:07,555 - MMSA [INFO] - TRAIN-(msalm) [1/4/2] >> loss: 0.5231  Mult_acc_2: 0.7076  Mult_acc_3: 0.5585  Mult_acc_5: 0.2887  F1_score: 0.7011  MAE: 0.5120  Corr: 0.4337  clm loss: 4.2346 total loss: 6.5288 bn loss: 0.5533 av loss: 0.5857 text loss: 0.6321
2026-01-15 11:18:09,430 - MMSA [INFO] - VAL-(msalm) >>  Mult_acc_2: 0.6842  Mult_acc_3: 0.5658  Mult_acc_5: 0.2917  F1_score: 0.6917  MAE: 0.5062  Corr: 0.4651  Loss: 0.5059 
2026-01-15 11:18:19,127 - MMSA [INFO] - TRAIN-(msalm) [1/5/2] >> loss: 0.5026  Mult_acc_2: 0.7281  Mult_acc_3: 0.6009  Mult_acc_5: 0.3224  F1_score: 0.7275  MAE: 0.4801  Corr: 0.5123  clm loss: 3.9012 total loss: 6.1375 bn loss: 0.5567 av loss: 0.5727 text loss: 0.6042
2026-01-15 11:18:21,004 - MMSA [INFO] - VAL-(msalm) >>  Mult_acc_2: 0.7346  Mult_acc_3: 0.6206  Mult_acc_5: 0.3268  F1_score: 0.7364  MAE: 0.4743  Corr: 0.5217  Loss: 0.5022 
2026-01-15 11:18:30,600 - MMSA [INFO] - TRAIN-(msalm) [1/6/2] >> loss: 0.4813  Mult_acc_2: 0.7420  Mult_acc_3: 0.6199  Mult_acc_5: 0.3560  F1_score: 0.7438  MAE: 0.4567  Corr: 0.5609  clm loss: 3.6272 total loss: 5.7613 bn loss: 0.5113 av loss: 0.5551 text loss: 0.5864
2026-01-15 11:18:32,439 - MMSA [INFO] - VAL-(msalm) >>  Mult_acc_2: 0.6798  Mult_acc_3: 0.5658  Mult_acc_5: 0.2917  F1_score: 0.6917  MAE: 0.4813  Corr: 0.5344  Loss: 0.4916 
2026-01-15 11:18:42,067 - MMSA [INFO] - TRAIN-(msalm) [1/7/2] >> loss: 0.4682  Mult_acc_2: 0.7434  Mult_acc_3: 0.6301  Mult_acc_5: 0.3370  F1_score: 0.7438  MAE: 0.4471  Corr: 0.5799  clm loss: 3.4654 total loss: 5.5529 bn loss: 0.5099 av loss: 0.5449 text loss: 0.5645
2026-01-15 11:18:43,970 - MMSA [INFO] - VAL-(msalm) >>  Mult_acc_2: 0.7522  Mult_acc_3: 0.6272  Mult_acc_5: 0.3311  F1_score: 0.7555  MAE: 0.4519  Corr: 0.5652  Loss: 0.4619 
2026-01-15 11:18:53,552 - MMSA [INFO] - TRAIN-(msalm) [1/8/2] >> loss: 0.4472  Mult_acc_2: 0.7727  Mult_acc_3: 0.6367  Mult_acc_5: 0.3706  F1_score: 0.7736  MAE: 0.4217  Corr: 0.6232  clm loss: 3.3572 total loss: 5.3844 bn loss: 0.4926 av loss: 0.5267 text loss: 0.5606
2026-01-15 11:18:55,437 - MMSA [INFO] - VAL-(msalm) >>  Mult_acc_2: 0.7522  Mult_acc_3: 0.6425  Mult_acc_5: 0.3509  F1_score: 0.7559  MAE: 0.4429  Corr: 0.5846  Loss: 0.4723 
2026-01-15 11:19:04,049 - MMSA [INFO] - TRAIN-(msalm) [2/9/2] >> loss: 0.4565  Mult_acc_2: 0.7654  Mult_acc_3: 0.6484  Mult_acc_5: 0.3728  F1_score: 0.7677  MAE: 0.4365  Corr: 0.6023  clm loss: 3.3142 total loss: 5.318 bn loss: 0.4845 av loss: 0.5116 text loss: 0.5512
2026-01-15 11:19:05,944 - MMSA [INFO] - VAL-(msalm) >>  Mult_acc_2: 0.7719  Mult_acc_3: 0.6425  Mult_acc_5: 0.3596  F1_score: 0.7719  MAE: 0.4359  Corr: 0.5936  Loss: 0.4474 
2026-01-15 11:19:15,525 - MMSA [INFO] - TRAIN-(msalm) [1/10/2] >> loss: 0.4295  Mult_acc_2: 0.7712  Mult_acc_3: 0.6586  Mult_acc_5: 0.3765  F1_score: 0.7733  MAE: 0.4144  Corr: 0.6414  clm loss: 3.2638 total loss: 5.1972 bn loss: 0.474 av loss: 0.4931 text loss: 0.5369
2026-01-15 11:19:17,425 - MMSA [INFO] - VAL-(msalm) >>  Mult_acc_2: 0.7215  Mult_acc_3: 0.6272  Mult_acc_5: 0.3640  F1_score: 0.7286  MAE: 0.4343  Corr: 0.5971  Loss: 0.4356 
2026-01-15 11:19:27,077 - MMSA [INFO] - TRAIN-(msalm) [1/11/2] >> loss: 0.4315  Mult_acc_2: 0.7617  Mult_acc_3: 0.6572  Mult_acc_5: 0.3816  F1_score: 0.7647  MAE: 0.4163  Corr: 0.6390  clm loss: 3.2472 total loss: 5.1929 bn loss: 0.4764 av loss: 0.4847 text loss: 0.553
2026-01-15 11:19:29,001 - MMSA [INFO] - VAL-(msalm) >>  Mult_acc_2: 0.7039  Mult_acc_3: 0.6140  Mult_acc_5: 0.3596  F1_score: 0.7141  MAE: 0.4312  Corr: 0.6139  Loss: 0.4557 
2026-01-15 11:19:37,502 - MMSA [INFO] - TRAIN-(msalm) [2/12/2] >> loss: 0.4163  Mult_acc_2: 0.7756  Mult_acc_3: 0.6740  Mult_acc_5: 0.4072  F1_score: 0.7781  MAE: 0.3940  Corr: 0.6714  clm loss: 3.226 total loss: 5.1097 bn loss: 0.4658 av loss: 0.4813 text loss: 0.5202
2026-01-15 11:19:39,367 - MMSA [INFO] - VAL-(msalm) >>  Mult_acc_2: 0.7061  Mult_acc_3: 0.5943  Mult_acc_5: 0.3421  F1_score: 0.7171  MAE: 0.4388  Corr: 0.6210  Loss: 0.4595 
2026-01-15 11:19:47,851 - MMSA [INFO] - TRAIN-(msalm) [3/13/2] >> loss: 0.4101  Mult_acc_2: 0.7763  Mult_acc_3: 0.6623  Mult_acc_5: 0.4057  F1_score: 0.7800  MAE: 0.3874  Corr: 0.6813  clm loss: 3.1788 total loss: 5.0196 bn loss: 0.4558 av loss: 0.4703 text loss: 0.5047
2026-01-15 11:19:49,715 - MMSA [INFO] - VAL-(msalm) >>  Mult_acc_2: 0.7215  Mult_acc_3: 0.6184  Mult_acc_5: 0.3596  F1_score: 0.7303  MAE: 0.4219  Corr: 0.6165  Loss: 0.4439 
2026-01-15 11:19:58,177 - MMSA [INFO] - TRAIN-(msalm) [4/14/2] >> loss: 0.4022  Mult_acc_2: 0.7909  Mult_acc_3: 0.6827  Mult_acc_5: 0.4086  F1_score: 0.7945  MAE: 0.3781  Corr: 0.6984  clm loss: 3.169 total loss: 5.0047 bn loss: 0.4522 av loss: 0.4678 text loss: 0.5135
2026-01-15 11:20:00,046 - MMSA [INFO] - VAL-(msalm) >>  Mult_acc_2: 0.7434  Mult_acc_3: 0.6360  Mult_acc_5: 0.3860  F1_score: 0.7494  MAE: 0.4121  Corr: 0.6230  Loss: 0.4463 
2026-01-15 11:20:08,475 - MMSA [INFO] - TRAIN-(msalm) [5/15/2] >> loss: 0.3987  Mult_acc_2: 0.7844  Mult_acc_3: 0.6813  Mult_acc_5: 0.3962  F1_score: 0.7878  MAE: 0.3800  Corr: 0.7019  clm loss: 3.1637 total loss: 4.9859 bn loss: 0.4499 av loss: 0.4675 text loss: 0.5062
2026-01-15 11:20:10,362 - MMSA [INFO] - VAL-(msalm) >>  Mult_acc_2: 0.7478  Mult_acc_3: 0.6404  Mult_acc_5: 0.3838  F1_score: 0.7548  MAE: 0.4116  Corr: 0.6403  Loss: 0.4225 
2026-01-15 11:20:19,993 - MMSA [INFO] - TRAIN-(msalm) [1/16/2] >> loss: 0.3738  Mult_acc_2: 0.8151  Mult_acc_3: 0.7054  Mult_acc_5: 0.4284  F1_score: 0.8174  MAE: 0.3536  Corr: 0.7423  clm loss: 3.1177 total loss: 4.8751 bn loss: 0.4343 av loss: 0.4589 text loss: 0.4905
2026-01-15 11:20:22,095 - MMSA [INFO] - VAL-(msalm) >>  Mult_acc_2: 0.7763  Mult_acc_3: 0.6689  Mult_acc_5: 0.4057  F1_score: 0.7795  MAE: 0.4016  Corr: 0.6463  Loss: 0.4202 
2026-01-15 11:20:32,279 - MMSA [INFO] - TRAIN-(msalm) [1/17/2] >> loss: 0.3796  Mult_acc_2: 0.8026  Mult_acc_3: 0.7083  Mult_acc_5: 0.4291  F1_score: 0.8055  MAE: 0.3624  Corr: 0.7258  clm loss: 3.0921 total loss: 4.8451 bn loss: 0.4269 av loss: 0.4606 text loss: 0.4858
2026-01-15 11:20:34,152 - MMSA [INFO] - VAL-(msalm) >>  Mult_acc_2: 0.7478  Mult_acc_3: 0.6623  Mult_acc_5: 0.3991  F1_score: 0.7543  MAE: 0.4076  Corr: 0.6430  Loss: 0.4193 
2026-01-15 11:20:43,799 - MMSA [INFO] - TRAIN-(msalm) [1/18/2] >> loss: 0.3768  Mult_acc_2: 0.8056  Mult_acc_3: 0.6988  Mult_acc_5: 0.4291  F1_score: 0.8094  MAE: 0.3573  Corr: 0.7297  clm loss: 3.0573 total loss: 4.7807 bn loss: 0.4244 av loss: 0.46 text loss: 0.4622
2026-01-15 11:20:45,694 - MMSA [INFO] - VAL-(msalm) >>  Mult_acc_2: 0.7368  Mult_acc_3: 0.6382  Mult_acc_5: 0.3838  F1_score: 0.7450  MAE: 0.4129  Corr: 0.6381  Loss: 0.4335 
2026-01-15 11:20:54,190 - MMSA [INFO] - TRAIN-(msalm) [2/19/2] >> loss: 0.3759  Mult_acc_2: 0.8034  Mult_acc_3: 0.7010  Mult_acc_5: 0.4342  F1_score: 0.8075  MAE: 0.3584  Corr: 0.7348  clm loss: 3.0505 total loss: 4.7639 bn loss: 0.4141 av loss: 0.4615 text loss: 0.4619
2026-01-15 11:20:56,095 - MMSA [INFO] - VAL-(msalm) >>  Mult_acc_2: 0.7610  Mult_acc_3: 0.6623  Mult_acc_5: 0.4145  F1_score: 0.7646  MAE: 0.4035  Corr: 0.6454  Loss: 0.4146 
2026-01-15 11:21:05,867 - MMSA [INFO] - TRAIN-(msalm) [1/20/2] >> loss: 0.3545  Mult_acc_2: 0.8297  Mult_acc_3: 0.7251  Mult_acc_5: 0.4620  F1_score: 0.8329  MAE: 0.3389  Corr: 0.7664  clm loss: 3.0394 total loss: 4.7104 bn loss: 0.4005 av loss: 0.4555 text loss: 0.4604
2026-01-15 11:21:07,777 - MMSA [INFO] - VAL-(msalm) >>  Mult_acc_2: 0.7741  Mult_acc_3: 0.6689  Mult_acc_5: 0.4342  F1_score: 0.7760  MAE: 0.3973  Corr: 0.6542  Loss: 0.4164 
2026-01-15 11:21:16,294 - MMSA [INFO] - TRAIN-(msalm) [2/21/2] >> loss: 0.3571  Mult_acc_2: 0.8209  Mult_acc_3: 0.7178  Mult_acc_5: 0.4693  F1_score: 0.8242  MAE: 0.3301  Corr: 0.7651  clm loss: 3.0024 total loss: 4.6438 bn loss: 0.3867 av loss: 0.4564 text loss: 0.4413
2026-01-15 11:21:18,112 - MMSA [INFO] - VAL-(msalm) >>  Mult_acc_2: 0.7566  Mult_acc_3: 0.6513  Mult_acc_5: 0.3838  F1_score: 0.7628  MAE: 0.4081  Corr: 0.6494  Loss: 0.4287 
2026-01-15 11:21:26,696 - MMSA [INFO] - TRAIN-(msalm) [3/22/2] >> loss: 0.3529  Mult_acc_2: 0.8165  Mult_acc_3: 0.7251  Mult_acc_5: 0.4678  F1_score: 0.8192  MAE: 0.3357  Corr: 0.7660  clm loss: 2.9719 total loss: 4.5784 bn loss: 0.3743 av loss: 0.4538 text loss: 0.4256
2026-01-15 11:21:28,605 - MMSA [INFO] - VAL-(msalm) >>  Mult_acc_2: 0.7456  Mult_acc_3: 0.6535  Mult_acc_5: 0.3706  F1_score: 0.7528  MAE: 0.4150  Corr: 0.6493  Loss: 0.4286 
2026-01-15 11:21:37,142 - MMSA [INFO] - TRAIN-(msalm) [4/23/2] >> loss: 0.349  Mult_acc_2: 0.8099  Mult_acc_3: 0.7105  Mult_acc_5: 0.4605  F1_score: 0.8135  MAE: 0.3323  Corr: 0.7670  clm loss: 2.9514 total loss: 4.5382 bn loss: 0.361 av loss: 0.4558 text loss: 0.4211
2026-01-15 11:21:39,064 - MMSA [INFO] - VAL-(msalm) >>  Mult_acc_2: 0.7522  Mult_acc_3: 0.6645  Mult_acc_5: 0.4189  F1_score: 0.7591  MAE: 0.4039  Corr: 0.6510  Loss: 0.4428 
2026-01-15 11:21:47,890 - MMSA [INFO] - TRAIN-(msalm) [5/24/2] >> loss: 0.3386  Mult_acc_2: 0.8319  Mult_acc_3: 0.7273  Mult_acc_5: 0.4861  F1_score: 0.8351  MAE: 0.3126  Corr: 0.7932  clm loss: 2.9318 total loss: 4.4926 bn loss: 0.3522 av loss: 0.4517 text loss: 0.4183
2026-01-15 11:21:49,791 - MMSA [INFO] - VAL-(msalm) >>  Mult_acc_2: 0.7588  Mult_acc_3: 0.6689  Mult_acc_5: 0.4386  F1_score: 0.7656  MAE: 0.4010  Corr: 0.6606  Loss: 0.4267 
2026-01-15 11:21:58,361 - MMSA [INFO] - TRAIN-(msalm) [6/25/2] >> loss: 0.3351  Mult_acc_2: 0.8268  Mult_acc_3: 0.7303  Mult_acc_5: 0.4927  F1_score: 0.8295  MAE: 0.3136  Corr: 0.7893  clm loss: 2.9146 total loss: 4.4487 bn loss: 0.3475 av loss: 0.4513 text loss: 0.4002
2026-01-15 11:22:00,255 - MMSA [INFO] - VAL-(msalm) >>  Mult_acc_2: 0.7610  Mult_acc_3: 0.6601  Mult_acc_5: 0.3947  F1_score: 0.7685  MAE: 0.4131  Corr: 0.6542  Loss: 0.4222 
2026-01-15 11:22:08,889 - MMSA [INFO] - TRAIN-(msalm) [7/26/2] >> loss: 0.3328  Mult_acc_2: 0.8428  Mult_acc_3: 0.7273  Mult_acc_5: 0.4766  F1_score: 0.8456  MAE: 0.3191  Corr: 0.7915  clm loss: 2.8561 total loss: 4.3819 bn loss: 0.3448 av loss: 0.4558 text loss: 0.3924
2026-01-15 11:22:10,760 - MMSA [INFO] - VAL-(msalm) >>  Mult_acc_2: 0.7522  Mult_acc_3: 0.6623  Mult_acc_5: 0.4211  F1_score: 0.7606  MAE: 0.4035  Corr: 0.6585  Loss: 0.4197 
2026-01-15 11:22:19,356 - MMSA [INFO] - TRAIN-(msalm) [8/27/2] >> loss: 0.3136  Mult_acc_2: 0.8348  Mult_acc_3: 0.7478  Mult_acc_5: 0.5066  F1_score: 0.8381  MAE: 0.2964  Corr: 0.8150  clm loss: 2.838 total loss: 4.3216 bn loss: 0.3275 av loss: 0.4504 text loss: 0.3922
2026-01-15 11:22:21,244 - MMSA [INFO] - VAL-(msalm) >>  Mult_acc_2: 0.7785  Mult_acc_3: 0.6798  Mult_acc_5: 0.4364  F1_score: 0.7831  MAE: 0.3961  Corr: 0.6577  Loss: 0.4040 
2026-01-15 11:22:31,132 - MMSA [INFO] - TRAIN-(msalm) [1/28/2] >> loss: 0.2975  Mult_acc_2: 0.8428  Mult_acc_3: 0.7588  Mult_acc_5: 0.5205  F1_score: 0.8456  MAE: 0.2819  Corr: 0.8292  clm loss: 2.8459 total loss: 4.3099 bn loss: 0.3288 av loss: 0.4492 text loss: 0.3885
2026-01-15 11:22:33,020 - MMSA [INFO] - VAL-(msalm) >>  Mult_acc_2: 0.7588  Mult_acc_3: 0.6579  Mult_acc_5: 0.4035  F1_score: 0.7663  MAE: 0.4095  Corr: 0.6521  Loss: 0.4354 
2026-01-15 11:22:41,667 - MMSA [INFO] - TRAIN-(msalm) [2/29/2] >> loss: 0.2957  Mult_acc_2: 0.8414  Mult_acc_3: 0.7617  Mult_acc_5: 0.5300  F1_score: 0.8448  MAE: 0.2751  Corr: 0.8358  clm loss: 2.7993 total loss: 4.267 bn loss: 0.3266 av loss: 0.4559 text loss: 0.3896
2026-01-15 11:22:43,533 - MMSA [INFO] - VAL-(msalm) >>  Mult_acc_2: 0.7478  Mult_acc_3: 0.6645  Mult_acc_5: 0.4232  F1_score: 0.7561  MAE: 0.4023  Corr: 0.6568  Loss: 0.4259 
2026-01-15 11:22:52,118 - MMSA [INFO] - TRAIN-(msalm) [3/30/2] >> loss: 0.2869  Mult_acc_2: 0.8355  Mult_acc_3: 0.7515  Mult_acc_5: 0.5365  F1_score: 0.8390  MAE: 0.2702  Corr: 0.8471  clm loss: 2.78 total loss: 4.2226 bn loss: 0.3129 av loss: 0.4455 text loss: 0.3974
2026-01-15 11:22:53,991 - MMSA [INFO] - VAL-(msalm) >>  Mult_acc_2: 0.7127  Mult_acc_3: 0.6228  Mult_acc_5: 0.3618  F1_score: 0.7241  MAE: 0.4332  Corr: 0.6486  Loss: 0.4522 
2026-01-15 11:23:02,687 - MMSA [INFO] - TRAIN-(msalm) [4/31/2] >> loss: 0.2758  Mult_acc_2: 0.8596  Mult_acc_3: 0.7792  Mult_acc_5: 0.5541  F1_score: 0.8628  MAE: 0.2602  Corr: 0.8599  clm loss: 2.7387 total loss: 4.1417 bn loss: 0.3003 av loss: 0.4468 text loss: 0.3801
2026-01-15 11:23:04,817 - MMSA [INFO] - VAL-(msalm) >>  Mult_acc_2: 0.7368  Mult_acc_3: 0.6557  Mult_acc_5: 0.3816  F1_score: 0.7470  MAE: 0.4268  Corr: 0.6482  Loss: 0.4519 
2026-01-15 11:23:13,875 - MMSA [INFO] - TRAIN-(msalm) [5/32/2] >> loss: 0.2756  Mult_acc_2: 0.8640  Mult_acc_3: 0.7829  Mult_acc_5: 0.5716  F1_score: 0.8669  MAE: 0.2557  Corr: 0.8582  clm loss: 2.7114 total loss: 4.0761 bn loss: 0.2936 av loss: 0.4474 text loss: 0.3481
2026-01-15 11:23:15,787 - MMSA [INFO] - VAL-(msalm) >>  Mult_acc_2: 0.7390  Mult_acc_3: 0.6469  Mult_acc_5: 0.4079  F1_score: 0.7483  MAE: 0.4090  Corr: 0.6537  Loss: 0.4267 
2026-01-15 11:23:24,553 - MMSA [INFO] - TRAIN-(msalm) [6/33/2] >> loss: 0.2741  Mult_acc_2: 0.8523  Mult_acc_3: 0.7668  Mult_acc_5: 0.5651  F1_score: 0.8559  MAE: 0.2492  Corr: 0.8634  clm loss: 2.7056 total loss: 4.062 bn loss: 0.2898 av loss: 0.4494 text loss: 0.3432
2026-01-15 11:23:26,427 - MMSA [INFO] - VAL-(msalm) >>  Mult_acc_2: 0.7303  Mult_acc_3: 0.6491  Mult_acc_5: 0.3706  F1_score: 0.7404  MAE: 0.4234  Corr: 0.6504  Loss: 0.4302 
2026-01-15 11:23:35,123 - MMSA [INFO] - TRAIN-(msalm) [7/34/2] >> loss: 0.2563  Mult_acc_2: 0.8575  Mult_acc_3: 0.7844  Mult_acc_5: 0.5753  F1_score: 0.8611  MAE: 0.2420  Corr: 0.8790  clm loss: 2.6558 total loss: 4.0023 bn loss: 0.283 av loss: 0.4434 text loss: 0.3637
2026-01-15 11:23:37,040 - MMSA [INFO] - VAL-(msalm) >>  Mult_acc_2: 0.7697  Mult_acc_3: 0.6754  Mult_acc_5: 0.3947  F1_score: 0.7751  MAE: 0.4046  Corr: 0.6475  Loss: 0.4236 
2026-01-15 11:23:45,709 - MMSA [INFO] - TRAIN-(msalm) [8/35/2] >> loss: 0.254  Mult_acc_2: 0.8567  Mult_acc_3: 0.7836  Mult_acc_5: 0.5928  F1_score: 0.8598  MAE: 0.2352  Corr: 0.8826  clm loss: 2.6568 total loss: 3.9955 bn loss: 0.2796 av loss: 0.4448 text loss: 0.3602
2026-01-15 11:23:47,660 - MMSA [INFO] - VAL-(msalm) >>  Mult_acc_2: 0.7675  Mult_acc_3: 0.6557  Mult_acc_5: 0.3991  F1_score: 0.7734  MAE: 0.4044  Corr: 0.6468  Loss: 0.4182 
2026-01-15 11:23:56,464 - MMSA [INFO] - TRAIN-(msalm) [9/36/2] >> loss: 0.2465  Mult_acc_2: 0.8589  Mult_acc_3: 0.7909  Mult_acc_5: 0.6016  F1_score: 0.8620  MAE: 0.2269  Corr: 0.8899  clm loss: 2.6143 total loss: 3.8994 bn loss: 0.2689 av loss: 0.4525 text loss: 0.3172
2026-01-15 11:23:58,365 - MMSA [INFO] - VAL-(msalm) >>  Mult_acc_2: 0.7588  Mult_acc_3: 0.6447  Mult_acc_5: 0.3882  F1_score: 0.7656  MAE: 0.4076  Corr: 0.6454  Loss: 0.4163 
2026-01-15 11:24:07,178 - MMSA [INFO] - TRAIN-(msalm) [10/37/2] >> loss: 0.2297  Mult_acc_2: 0.8611  Mult_acc_3: 0.8085  Mult_acc_5: 0.6287  F1_score: 0.8649  MAE: 0.2117  Corr: 0.9045  clm loss: 2.5819 total loss: 3.8345 bn loss: 0.2604 av loss: 0.4452 text loss: 0.3173
2026-01-15 11:24:09,130 - MMSA [INFO] - VAL-(msalm) >>  Mult_acc_2: 0.7390  Mult_acc_3: 0.6513  Mult_acc_5: 0.3838  F1_score: 0.7477  MAE: 0.4122  Corr: 0.6451  Loss: 0.4273 
2026-01-15 11:24:11,566 - MMSA [INFO] - TEST-(msalm) >>  Mult_acc_2: 0.8271  Mult_acc_3: 0.7133  Mult_acc_5: 0.4661  F1_score: 0.8300  MAE: 0.3588  Corr: 0.7090  Loss: 0.3722 
2026-01-15 11:24:12,931 - MMSA [INFO] - Result for seed 1991: {'Mult_acc_2': 0.8271, 'Mult_acc_3': 0.7133, 'Mult_acc_5': 0.4661, 'F1_score': 0.83, 'MAE': 0.3588, 'Corr': 0.709, 'Loss': 0.3722, 'seed': 1991}
2026-01-15 11:24:12,932 - MMSA [INFO] - ------------------------------ Running with seed 1992 [3/5] ------------------------------
2026-01-15 11:25:32,386 - MMSA [INFO] - The model has 179712364 trainable parameters
2026-01-15 11:25:40,979 - MMSA [INFO] - TRAIN-(msalm) [1/1/3] >> loss: 0.6517  Mult_acc_2: 0.5278  Mult_acc_3: 0.3794  Mult_acc_5: 0.1784  F1_score: 0.5457  MAE: 0.6510  Corr: 0.0399  clm loss: 7.6147 total loss: 11.2303 bn loss: 1.1216 av loss: 0.6719 text loss: 1.1704
2026-01-15 11:25:43,173 - MMSA [INFO] - VAL-(msalm) >>  Mult_acc_2: 0.5000  Mult_acc_3: 0.3728  Mult_acc_5: 0.2018  F1_score: 0.5163  MAE: 0.6554  Corr: 0.0543  Loss: 0.6408 
2026-01-15 11:25:52,825 - MMSA [INFO] - TRAIN-(msalm) [1/2/3] >> loss: 0.6253  Mult_acc_2: 0.5585  Mult_acc_3: 0.4123  Mult_acc_5: 0.2091  F1_score: 0.5754  MAE: 0.6248  Corr: 0.1105  clm loss: 6.5819 total loss: 9.7312 bn loss: 0.9231 av loss: 0.6259 text loss: 0.975
2026-01-15 11:25:54,685 - MMSA [INFO] - VAL-(msalm) >>  Mult_acc_2: 0.5175  Mult_acc_3: 0.3728  Mult_acc_5: 0.1711  F1_score: 0.5314  MAE: 0.6373  Corr: 0.1764  Loss: 0.6354 
2026-01-15 11:26:04,312 - MMSA [INFO] - TRAIN-(msalm) [1/3/3] >> loss: 0.5853  Mult_acc_2: 0.6155  Mult_acc_3: 0.4737  Mult_acc_5: 0.2251  F1_score: 0.6286  MAE: 0.5839  Corr: 0.2618  clm loss: 5.3175 total loss: 7.9399 bn loss: 0.6606 av loss: 0.6002 text loss: 0.7764
2026-01-15 11:26:06,187 - MMSA [INFO] - VAL-(msalm) >>  Mult_acc_2: 0.5921  Mult_acc_3: 0.4496  Mult_acc_5: 0.1952  F1_score: 0.6081  MAE: 0.5974  Corr: 0.2797  Loss: 0.6029 
2026-01-15 11:26:15,832 - MMSA [INFO] - TRAIN-(msalm) [1/4/3] >> loss: 0.5694  Mult_acc_2: 0.6542  Mult_acc_3: 0.4956  Mult_acc_5: 0.2434  F1_score: 0.6627  MAE: 0.5686  Corr: 0.2950  clm loss: 4.5086 total loss: 6.975 bn loss: 0.6063 av loss: 0.5865 text loss: 0.7042
2026-01-15 11:26:17,718 - MMSA [INFO] - VAL-(msalm) >>  Mult_acc_2: 0.6316  Mult_acc_3: 0.4781  Mult_acc_5: 0.2018  F1_score: 0.6455  MAE: 0.5756  Corr: 0.3661  Loss: 0.5778 
2026-01-15 11:26:27,401 - MMSA [INFO] - TRAIN-(msalm) [1/5/3] >> loss: 0.5284  Mult_acc_2: 0.6923  Mult_acc_3: 0.5651  Mult_acc_5: 0.2785  F1_score: 0.7014  MAE: 0.5209  Corr: 0.4444  clm loss: 4.0394 total loss: 6.3408 bn loss: 0.5591 av loss: 0.5748 text loss: 0.6391
2026-01-15 11:26:29,291 - MMSA [INFO] - VAL-(msalm) >>  Mult_acc_2: 0.5943  Mult_acc_3: 0.4868  Mult_acc_5: 0.2149  F1_score: 0.6071  MAE: 0.5614  Corr: 0.5002  Loss: 0.5700 
2026-01-15 11:26:38,961 - MMSA [INFO] - TRAIN-(msalm) [1/6/3] >> loss: 0.5108  Mult_acc_2: 0.7215  Mult_acc_3: 0.6118  Mult_acc_5: 0.3443  F1_score: 0.7296  MAE: 0.4803  Corr: 0.5432  clm loss: 3.7985 total loss: 6.0237 bn loss: 0.5268 av loss: 0.5588 text loss: 0.6289
2026-01-15 11:26:40,890 - MMSA [INFO] - VAL-(msalm) >>  Mult_acc_2: 0.6272  Mult_acc_3: 0.5439  Mult_acc_5: 0.2697  F1_score: 0.6409  MAE: 0.5380  Corr: 0.5229  Loss: 0.5673 
2026-01-15 11:26:50,556 - MMSA [INFO] - TRAIN-(msalm) [1/7/3] >> loss: 0.4931  Mult_acc_2: 0.7266  Mult_acc_3: 0.6155  Mult_acc_5: 0.3048  F1_score: 0.7334  MAE: 0.4668  Corr: 0.5706  clm loss: 3.6276 total loss: 5.7983 bn loss: 0.5175 av loss: 0.5497 text loss: 0.6104
2026-01-15 11:26:52,529 - MMSA [INFO] - VAL-(msalm) >>  Mult_acc_2: 0.6908  Mult_acc_3: 0.5417  Mult_acc_5: 0.2610  F1_score: 0.7010  MAE: 0.4894  Corr: 0.5427  Loss: 0.4985 
2026-01-15 11:27:02,194 - MMSA [INFO] - TRAIN-(msalm) [1/8/3] >> loss: 0.4657  Mult_acc_2: 0.7558  Mult_acc_3: 0.6184  Mult_acc_5: 0.3311  F1_score: 0.7605  MAE: 0.4541  Corr: 0.5688  clm loss: 3.5117 total loss: 5.6061 bn loss: 0.5049 av loss: 0.5384 text loss: 0.5854
2026-01-15 11:27:04,319 - MMSA [INFO] - VAL-(msalm) >>  Mult_acc_2: 0.7127  Mult_acc_3: 0.5899  Mult_acc_5: 0.3092  F1_score: 0.7201  MAE: 0.4828  Corr: 0.5353  Loss: 0.4818 
2026-01-15 11:27:13,983 - MMSA [INFO] - TRAIN-(msalm) [1/9/3] >> loss: 0.4707  Mult_acc_2: 0.7595  Mult_acc_3: 0.6330  Mult_acc_5: 0.3289  F1_score: 0.7639  MAE: 0.4586  Corr: 0.5728  clm loss: 3.385 total loss: 5.4428 bn loss: 0.4897 av loss: 0.5246 text loss: 0.5728
2026-01-15 11:27:15,863 - MMSA [INFO] - VAL-(msalm) >>  Mult_acc_2: 0.6886  Mult_acc_3: 0.5702  Mult_acc_5: 0.3202  F1_score: 0.7007  MAE: 0.4772  Corr: 0.5739  Loss: 0.4867 
2026-01-15 11:27:24,337 - MMSA [INFO] - TRAIN-(msalm) [2/10/3] >> loss: 0.4446  Mult_acc_2: 0.7705  Mult_acc_3: 0.6535  Mult_acc_5: 0.3830  F1_score: 0.7737  MAE: 0.4191  Corr: 0.6301  clm loss: 3.3363 total loss: 5.327 bn loss: 0.4905 av loss: 0.501 text loss: 0.5545
2026-01-15 11:27:26,235 - MMSA [INFO] - VAL-(msalm) >>  Mult_acc_2: 0.7039  Mult_acc_3: 0.5833  Mult_acc_5: 0.3246  F1_score: 0.7137  MAE: 0.4727  Corr: 0.5631  Loss: 0.4981 
2026-01-15 11:27:34,756 - MMSA [INFO] - TRAIN-(msalm) [3/11/3] >> loss: 0.4327  Mult_acc_2: 0.7690  Mult_acc_3: 0.6535  Mult_acc_5: 0.3955  F1_score: 0.7726  MAE: 0.4126  Corr: 0.6373  clm loss: 3.2582 total loss: 5.2065 bn loss: 0.4819 av loss: 0.4926 text loss: 0.541
2026-01-15 11:27:36,598 - MMSA [INFO] - VAL-(msalm) >>  Mult_acc_2: 0.7281  Mult_acc_3: 0.6272  Mult_acc_5: 0.3465  F1_score: 0.7296  MAE: 0.4461  Corr: 0.5848  Loss: 0.4736 
2026-01-15 11:27:45,983 - MMSA [INFO] - TRAIN-(msalm) [1/12/3] >> loss: 0.4351  Mult_acc_2: 0.7749  Mult_acc_3: 0.6542  Mult_acc_5: 0.3523  F1_score: 0.7776  MAE: 0.4217  Corr: 0.6386  clm loss: 3.2594 total loss: 5.1857 bn loss: 0.4848 av loss: 0.4824 text loss: 0.524
2026-01-15 11:27:47,805 - MMSA [INFO] - VAL-(msalm) >>  Mult_acc_2: 0.7412  Mult_acc_3: 0.6382  Mult_acc_5: 0.3816  F1_score: 0.7445  MAE: 0.4374  Corr: 0.5997  Loss: 0.4612 
2026-01-15 11:27:57,176 - MMSA [INFO] - TRAIN-(msalm) [1/13/3] >> loss: 0.4255  Mult_acc_2: 0.7814  Mult_acc_3: 0.6732  Mult_acc_5: 0.3794  F1_score: 0.7840  MAE: 0.4088  Corr: 0.6590  clm loss: 3.2314 total loss: 5.1212 bn loss: 0.4693 av loss: 0.4703 text loss: 0.5247
2026-01-15 11:27:59,005 - MMSA [INFO] - VAL-(msalm) >>  Mult_acc_2: 0.7303  Mult_acc_3: 0.5987  Mult_acc_5: 0.3706  F1_score: 0.7387  MAE: 0.4361  Corr: 0.6173  Loss: 0.4554 
2026-01-15 11:28:08,413 - MMSA [INFO] - TRAIN-(msalm) [1/14/3] >> loss: 0.4024  Mult_acc_2: 0.8041  Mult_acc_3: 0.6791  Mult_acc_5: 0.3904  F1_score: 0.8049  MAE: 0.3841  Corr: 0.7038  clm loss: 3.1894 total loss: 5.0439 bn loss: 0.4598 av loss: 0.4666 text loss: 0.5256
2026-01-15 11:28:10,305 - MMSA [INFO] - VAL-(msalm) >>  Mult_acc_2: 0.7368  Mult_acc_3: 0.6294  Mult_acc_5: 0.3882  F1_score: 0.7448  MAE: 0.4187  Corr: 0.6318  Loss: 0.4488 
2026-01-15 11:28:19,642 - MMSA [INFO] - TRAIN-(msalm) [1/15/3] >> loss: 0.4014  Mult_acc_2: 0.7836  Mult_acc_3: 0.6747  Mult_acc_5: 0.3984  F1_score: 0.7861  MAE: 0.3835  Corr: 0.6971  clm loss: 3.1733 total loss: 5.0147 bn loss: 0.4598 av loss: 0.4674 text loss: 0.5127
2026-01-15 11:28:21,492 - MMSA [INFO] - VAL-(msalm) >>  Mult_acc_2: 0.7303  Mult_acc_3: 0.6228  Mult_acc_5: 0.3750  F1_score: 0.7394  MAE: 0.4212  Corr: 0.6367  Loss: 0.4333 
2026-01-15 11:28:31,072 - MMSA [INFO] - TRAIN-(msalm) [1/16/3] >> loss: 0.3869  Mult_acc_2: 0.8034  Mult_acc_3: 0.7091  Mult_acc_5: 0.4415  F1_score: 0.8064  MAE: 0.3648  Corr: 0.7219  clm loss: 3.1365 total loss: 4.9339 bn loss: 0.4595 av loss: 0.4708 text loss: 0.4803
2026-01-15 11:28:33,006 - MMSA [INFO] - VAL-(msalm) >>  Mult_acc_2: 0.7083  Mult_acc_3: 0.6184  Mult_acc_5: 0.3838  F1_score: 0.7190  MAE: 0.4318  Corr: 0.6254  Loss: 0.4714 
2026-01-15 11:28:41,239 - MMSA [INFO] - TRAIN-(msalm) [2/17/3] >> loss: 0.3811  Mult_acc_2: 0.8048  Mult_acc_3: 0.6952  Mult_acc_5: 0.4196  F1_score: 0.8079  MAE: 0.3635  Corr: 0.7291  clm loss: 3.0977 total loss: 4.8519 bn loss: 0.4406 av loss: 0.4595 text loss: 0.473
2026-01-15 11:28:43,073 - MMSA [INFO] - VAL-(msalm) >>  Mult_acc_2: 0.7171  Mult_acc_3: 0.6140  Mult_acc_5: 0.3618  F1_score: 0.7275  MAE: 0.4286  Corr: 0.6318  Loss: 0.4368 
2026-01-15 11:28:51,308 - MMSA [INFO] - TRAIN-(msalm) [3/18/3] >> loss: 0.3896  Mult_acc_2: 0.8004  Mult_acc_3: 0.6879  Mult_acc_5: 0.4035  F1_score: 0.8031  MAE: 0.3768  Corr: 0.7138  clm loss: 3.1324 total loss: 4.904 bn loss: 0.4392 av loss: 0.462 text loss: 0.4808
2026-01-15 11:28:53,126 - MMSA [INFO] - VAL-(msalm) >>  Mult_acc_2: 0.7434  Mult_acc_3: 0.6316  Mult_acc_5: 0.3838  F1_score: 0.7510  MAE: 0.4183  Corr: 0.6355  Loss: 0.4515 
2026-01-15 11:29:01,325 - MMSA [INFO] - TRAIN-(msalm) [4/19/3] >> loss: 0.3779  Mult_acc_2: 0.8092  Mult_acc_3: 0.6930  Mult_acc_5: 0.4284  F1_score: 0.8119  MAE: 0.3583  Corr: 0.7326  clm loss: 3.0834 total loss: 4.8238 bn loss: 0.4347 av loss: 0.4636 text loss: 0.4643
2026-01-15 11:29:03,163 - MMSA [INFO] - VAL-(msalm) >>  Mult_acc_2: 0.7632  Mult_acc_3: 0.6469  Mult_acc_5: 0.3925  F1_score: 0.7676  MAE: 0.4135  Corr: 0.6355  Loss: 0.4553 
2026-01-15 11:29:11,462 - MMSA [INFO] - TRAIN-(msalm) [5/20/3] >> loss: 0.357  Mult_acc_2: 0.8224  Mult_acc_3: 0.7047  Mult_acc_5: 0.4415  F1_score: 0.8259  MAE: 0.3404  Corr: 0.7581  clm loss: 3.0459 total loss: 4.733 bn loss: 0.4134 av loss: 0.4563 text loss: 0.4604
2026-01-15 11:29:13,259 - MMSA [INFO] - VAL-(msalm) >>  Mult_acc_2: 0.7456  Mult_acc_3: 0.6513  Mult_acc_5: 0.3991  F1_score: 0.7528  MAE: 0.4135  Corr: 0.6426  Loss: 0.4323 
2026-01-15 11:29:22,639 - MMSA [INFO] - TRAIN-(msalm) [1/21/3] >> loss: 0.3542  Mult_acc_2: 0.8224  Mult_acc_3: 0.7266  Mult_acc_5: 0.4466  F1_score: 0.8249  MAE: 0.3404  Corr: 0.7646  clm loss: 3.0345 total loss: 4.7207 bn loss: 0.4099 av loss: 0.462 text loss: 0.46
2026-01-15 11:29:24,468 - MMSA [INFO] - VAL-(msalm) >>  Mult_acc_2: 0.7654  Mult_acc_3: 0.6382  Mult_acc_5: 0.3925  F1_score: 0.7681  MAE: 0.4158  Corr: 0.6332  Loss: 0.4319 
2026-01-15 11:29:33,783 - MMSA [INFO] - TRAIN-(msalm) [1/22/3] >> loss: 0.3485  Mult_acc_2: 0.8173  Mult_acc_3: 0.7215  Mult_acc_5: 0.4561  F1_score: 0.8203  MAE: 0.3345  Corr: 0.7633  clm loss: 3.0119 total loss: 4.6765 bn loss: 0.3936 av loss: 0.4562 text loss: 0.4664
2026-01-15 11:29:35,648 - MMSA [INFO] - VAL-(msalm) >>  Mult_acc_2: 0.7785  Mult_acc_3: 0.6491  Mult_acc_5: 0.4254  F1_score: 0.7808  MAE: 0.4213  Corr: 0.6277  Loss: 0.4716 
2026-01-15 11:29:43,849 - MMSA [INFO] - TRAIN-(msalm) [2/23/3] >> loss: 0.3498  Mult_acc_2: 0.8246  Mult_acc_3: 0.7325  Mult_acc_5: 0.4788  F1_score: 0.8273  MAE: 0.3281  Corr: 0.7710  clm loss: 2.99 total loss: 4.65 bn loss: 0.3931 av loss: 0.4568 text loss: 0.4604
2026-01-15 11:29:45,930 - MMSA [INFO] - VAL-(msalm) >>  Mult_acc_2: 0.7697  Mult_acc_3: 0.6601  Mult_acc_5: 0.4167  F1_score: 0.7766  MAE: 0.4093  Corr: 0.6436  Loss: 0.4336 
2026-01-15 11:29:54,151 - MMSA [INFO] - TRAIN-(msalm) [3/24/3] >> loss: 0.3314  Mult_acc_2: 0.8443  Mult_acc_3: 0.7376  Mult_acc_5: 0.4751  F1_score: 0.8465  MAE: 0.3173  Corr: 0.7929  clm loss: 2.957 total loss: 4.5733 bn loss: 0.3705 av loss: 0.451 text loss: 0.4634
2026-01-15 11:29:55,982 - MMSA [INFO] - VAL-(msalm) >>  Mult_acc_2: 0.7873  Mult_acc_3: 0.6601  Mult_acc_5: 0.4232  F1_score: 0.7925  MAE: 0.4080  Corr: 0.6472  Loss: 0.4199 
2026-01-15 11:30:05,413 - MMSA [INFO] - TRAIN-(msalm) [1/25/3] >> loss: 0.3211  Mult_acc_2: 0.8377  Mult_acc_3: 0.7500  Mult_acc_5: 0.4971  F1_score: 0.8403  MAE: 0.3039  Corr: 0.8077  clm loss: 2.9273 total loss: 4.4813 bn loss: 0.3713 av loss: 0.4512 text loss: 0.4104
2026-01-15 11:30:07,277 - MMSA [INFO] - VAL-(msalm) >>  Mult_acc_2: 0.7873  Mult_acc_3: 0.6601  Mult_acc_5: 0.4364  F1_score: 0.7914  MAE: 0.4066  Corr: 0.6481  Loss: 0.4290 
2026-01-15 11:30:15,496 - MMSA [INFO] - TRAIN-(msalm) [2/26/3] >> loss: 0.3275  Mult_acc_2: 0.8421  Mult_acc_3: 0.7354  Mult_acc_5: 0.4934  F1_score: 0.8444  MAE: 0.3079  Corr: 0.8030  clm loss: 2.9225 total loss: 4.4841 bn loss: 0.3683 av loss: 0.4542 text loss: 0.4117
2026-01-15 11:30:17,300 - MMSA [INFO] - VAL-(msalm) >>  Mult_acc_2: 0.7807  Mult_acc_3: 0.6667  Mult_acc_5: 0.4254  F1_score: 0.7845  MAE: 0.4102  Corr: 0.6407  Loss: 0.4399 
2026-01-15 11:30:25,525 - MMSA [INFO] - TRAIN-(msalm) [3/27/3] >> loss: 0.3244  Mult_acc_2: 0.8363  Mult_acc_3: 0.7442  Mult_acc_5: 0.4971  F1_score: 0.8396  MAE: 0.3089  Corr: 0.8010  clm loss: 2.8776 total loss: 4.4146 bn loss: 0.3582 av loss: 0.462 text loss: 0.3924
2026-01-15 11:30:27,365 - MMSA [INFO] - VAL-(msalm) >>  Mult_acc_2: 0.7632  Mult_acc_3: 0.6645  Mult_acc_5: 0.4079  F1_score: 0.7705  MAE: 0.4133  Corr: 0.6431  Loss: 0.4403 
2026-01-15 11:30:35,663 - MMSA [INFO] - TRAIN-(msalm) [4/28/3] >> loss: 0.3129  Mult_acc_2: 0.8458  Mult_acc_3: 0.7368  Mult_acc_5: 0.5183  F1_score: 0.8482  MAE: 0.2969  Corr: 0.8108  clm loss: 2.8836 total loss: 4.3925 bn loss: 0.3502 av loss: 0.4466 text loss: 0.3993
2026-01-15 11:30:37,535 - MMSA [INFO] - VAL-(msalm) >>  Mult_acc_2: 0.7456  Mult_acc_3: 0.6711  Mult_acc_5: 0.4057  F1_score: 0.7545  MAE: 0.4202  Corr: 0.6425  Loss: 0.4354 
2026-01-15 11:30:45,913 - MMSA [INFO] - TRAIN-(msalm) [5/29/3] >> loss: 0.3036  Mult_acc_2: 0.8509  Mult_acc_3: 0.7551  Mult_acc_5: 0.5102  F1_score: 0.8534  MAE: 0.2867  Corr: 0.8267  clm loss: 2.8596 total loss: 4.3511 bn loss: 0.3379 av loss: 0.4489 text loss: 0.4012
2026-01-15 11:30:47,771 - MMSA [INFO] - VAL-(msalm) >>  Mult_acc_2: 0.7566  Mult_acc_3: 0.6623  Mult_acc_5: 0.4035  F1_score: 0.7644  MAE: 0.4135  Corr: 0.6447  Loss: 0.4404 
2026-01-15 11:30:56,026 - MMSA [INFO] - TRAIN-(msalm) [6/30/3] >> loss: 0.2958  Mult_acc_2: 0.8487  Mult_acc_3: 0.7573  Mult_acc_5: 0.5365  F1_score: 0.8513  MAE: 0.2793  Corr: 0.8339  clm loss: 2.837 total loss: 4.2964 bn loss: 0.3347 av loss: 0.453 text loss: 0.376
2026-01-15 11:30:57,979 - MMSA [INFO] - VAL-(msalm) >>  Mult_acc_2: 0.7544  Mult_acc_3: 0.6798  Mult_acc_5: 0.4167  F1_score: 0.7628  MAE: 0.4113  Corr: 0.6506  Loss: 0.4360 
2026-01-15 11:31:06,495 - MMSA [INFO] - TRAIN-(msalm) [7/31/3] >> loss: 0.2803  Mult_acc_2: 0.8538  Mult_acc_3: 0.7712  Mult_acc_5: 0.5607  F1_score: 0.8568  MAE: 0.2633  Corr: 0.8487  clm loss: 2.8099 total loss: 4.241 bn loss: 0.3262 av loss: 0.4527 text loss: 0.3719
2026-01-15 11:31:08,392 - MMSA [INFO] - VAL-(msalm) >>  Mult_acc_2: 0.7478  Mult_acc_3: 0.6601  Mult_acc_5: 0.4211  F1_score: 0.7567  MAE: 0.4106  Corr: 0.6505  Loss: 0.4416 
2026-01-15 11:31:16,714 - MMSA [INFO] - TRAIN-(msalm) [8/32/3] >> loss: 0.2933  Mult_acc_2: 0.8465  Mult_acc_3: 0.7639  Mult_acc_5: 0.5431  F1_score: 0.8495  MAE: 0.2698  Corr: 0.8433  clm loss: 2.8047 total loss: 4.2428 bn loss: 0.3226 av loss: 0.451 text loss: 0.3713
2026-01-15 11:31:18,593 - MMSA [INFO] - VAL-(msalm) >>  Mult_acc_2: 0.7390  Mult_acc_3: 0.6535  Mult_acc_5: 0.4057  F1_score: 0.7483  MAE: 0.4155  Corr: 0.6446  Loss: 0.4286 
2026-01-15 11:31:26,985 - MMSA [INFO] - TRAIN-(msalm) [9/33/3] >> loss: 0.2788  Mult_acc_2: 0.8575  Mult_acc_3: 0.7792  Mult_acc_5: 0.5548  F1_score: 0.8607  MAE: 0.2640  Corr: 0.8523  clm loss: 2.7585 total loss: 4.1665 bn loss: 0.3088 av loss: 0.4559 text loss: 0.3645
2026-01-15 11:31:28,823 - MMSA [INFO] - VAL-(msalm) >>  Mult_acc_2: 0.7522  Mult_acc_3: 0.6754  Mult_acc_5: 0.4101  F1_score: 0.7588  MAE: 0.4062  Corr: 0.6479  Loss: 0.4263 
2026-01-15 11:31:37,141 - MMSA [INFO] - TRAIN-(msalm) [10/34/3] >> loss: 0.2614  Mult_acc_2: 0.8509  Mult_acc_3: 0.7873  Mult_acc_5: 0.5833  F1_score: 0.8544  MAE: 0.2463  Corr: 0.8680  clm loss: 2.7384 total loss: 4.1022 bn loss: 0.3038 av loss: 0.4462 text loss: 0.3524
2026-01-15 11:31:39,001 - MMSA [INFO] - VAL-(msalm) >>  Mult_acc_2: 0.7697  Mult_acc_3: 0.6776  Mult_acc_5: 0.4276  F1_score: 0.7756  MAE: 0.4008  Corr: 0.6533  Loss: 0.4119 
2026-01-15 11:31:48,481 - MMSA [INFO] - TRAIN-(msalm) [1/35/3] >> loss: 0.2641  Mult_acc_2: 0.8611  Mult_acc_3: 0.7741  Mult_acc_5: 0.5724  F1_score: 0.8640  MAE: 0.2452  Corr: 0.8682  clm loss: 2.6757 total loss: 4.0255 bn loss: 0.299 av loss: 0.457 text loss: 0.3298
2026-01-15 11:31:50,336 - MMSA [INFO] - VAL-(msalm) >>  Mult_acc_2: 0.7610  Mult_acc_3: 0.6754  Mult_acc_5: 0.4254  F1_score: 0.7673  MAE: 0.4016  Corr: 0.6509  Loss: 0.4145 
2026-01-15 11:31:58,715 - MMSA [INFO] - TRAIN-(msalm) [2/36/3] >> loss: 0.252  Mult_acc_2: 0.8531  Mult_acc_3: 0.7844  Mult_acc_5: 0.5782  F1_score: 0.8567  MAE: 0.2341  Corr: 0.8843  clm loss: 2.6704 total loss: 3.9695 bn loss: 0.2862 av loss: 0.4393 text loss: 0.3216
2026-01-15 11:32:00,590 - MMSA [INFO] - VAL-(msalm) >>  Mult_acc_2: 0.7675  Mult_acc_3: 0.6842  Mult_acc_5: 0.4386  F1_score: 0.7743  MAE: 0.4065  Corr: 0.6449  Loss: 0.4242 
2026-01-15 11:32:08,968 - MMSA [INFO] - TRAIN-(msalm) [3/37/3] >> loss: 0.2623  Mult_acc_2: 0.8604  Mult_acc_3: 0.7887  Mult_acc_5: 0.5841  F1_score: 0.8634  MAE: 0.2427  Corr: 0.8768  clm loss: 2.6566 total loss: 3.9639 bn loss: 0.2874 av loss: 0.4488 text loss: 0.3088
2026-01-15 11:32:10,812 - MMSA [INFO] - VAL-(msalm) >>  Mult_acc_2: 0.7741  Mult_acc_3: 0.6667  Mult_acc_5: 0.4254  F1_score: 0.7785  MAE: 0.4030  Corr: 0.6428  Loss: 0.4135 
2026-01-15 11:32:19,127 - MMSA [INFO] - TRAIN-(msalm) [4/38/3] >> loss: 0.2408  Mult_acc_2: 0.8692  Mult_acc_3: 0.8019  Mult_acc_5: 0.6045  F1_score: 0.8719  MAE: 0.2234  Corr: 0.8918  clm loss: 2.6189 total loss: 3.9033 bn loss: 0.2751 av loss: 0.447 text loss: 0.3215
2026-01-15 11:32:20,991 - MMSA [INFO] - VAL-(msalm) >>  Mult_acc_2: 0.7588  Mult_acc_3: 0.6732  Mult_acc_5: 0.4057  F1_score: 0.7658  MAE: 0.4125  Corr: 0.6411  Loss: 0.4244 
2026-01-15 11:32:29,454 - MMSA [INFO] - TRAIN-(msalm) [5/39/3] >> loss: 0.2416  Mult_acc_2: 0.8633  Mult_acc_3: 0.7924  Mult_acc_5: 0.5950  F1_score: 0.8664  MAE: 0.2238  Corr: 0.8945  clm loss: 2.5907 total loss: 3.8689 bn loss: 0.2721 av loss: 0.4507 text loss: 0.3138
2026-01-15 11:32:31,341 - MMSA [INFO] - VAL-(msalm) >>  Mult_acc_2: 0.7654  Mult_acc_3: 0.6732  Mult_acc_5: 0.4101  F1_score: 0.7711  MAE: 0.4060  Corr: 0.6486  Loss: 0.4207 
2026-01-15 11:32:39,658 - MMSA [INFO] - TRAIN-(msalm) [6/40/3] >> loss: 0.2367  Mult_acc_2: 0.8655  Mult_acc_3: 0.8056  Mult_acc_5: 0.6118  F1_score: 0.8683  MAE: 0.2208  Corr: 0.8957  clm loss: 2.594 total loss: 3.855 bn loss: 0.2693 av loss: 0.4476 text loss: 0.3074
2026-01-15 11:32:41,487 - MMSA [INFO] - VAL-(msalm) >>  Mult_acc_2: 0.7632  Mult_acc_3: 0.6645  Mult_acc_5: 0.4035  F1_score: 0.7701  MAE: 0.4062  Corr: 0.6555  Loss: 0.4283 
2026-01-15 11:32:49,814 - MMSA [INFO] - TRAIN-(msalm) [7/41/3] >> loss: 0.2405  Mult_acc_2: 0.8618  Mult_acc_3: 0.7990  Mult_acc_5: 0.5899  F1_score: 0.8651  MAE: 0.2229  Corr: 0.8949  clm loss: 2.5475 total loss: 3.8064 bn loss: 0.2632 av loss: 0.451 text loss: 0.3042
2026-01-15 11:32:51,638 - MMSA [INFO] - VAL-(msalm) >>  Mult_acc_2: 0.7566  Mult_acc_3: 0.6711  Mult_acc_5: 0.4364  F1_score: 0.7640  MAE: 0.4049  Corr: 0.6560  Loss: 0.4206 
2026-01-15 11:33:00,005 - MMSA [INFO] - TRAIN-(msalm) [8/42/3] >> loss: 0.2174  Mult_acc_2: 0.8757  Mult_acc_3: 0.8151  Mult_acc_5: 0.6433  F1_score: 0.8784  MAE: 0.1991  Corr: 0.9117  clm loss: 2.5221 total loss: 3.7206 bn loss: 0.2541 av loss: 0.4399 text loss: 0.287
2026-01-15 11:33:01,888 - MMSA [INFO] - VAL-(msalm) >>  Mult_acc_2: 0.7434  Mult_acc_3: 0.6491  Mult_acc_5: 0.4145  F1_score: 0.7523  MAE: 0.4117  Corr: 0.6499  Loss: 0.4312 
2026-01-15 11:33:10,325 - MMSA [INFO] - TRAIN-(msalm) [9/43/3] >> loss: 0.2224  Mult_acc_2: 0.8684  Mult_acc_3: 0.8121  Mult_acc_5: 0.6374  F1_score: 0.8715  MAE: 0.2062  Corr: 0.9128  clm loss: 2.5195 total loss: 3.7202 bn loss: 0.2491 av loss: 0.4417 text loss: 0.2875
2026-01-15 11:33:12,215 - MMSA [INFO] - VAL-(msalm) >>  Mult_acc_2: 0.7610  Mult_acc_3: 0.6601  Mult_acc_5: 0.4189  F1_score: 0.7671  MAE: 0.4019  Corr: 0.6507  Loss: 0.4158 
2026-01-15 11:33:20,576 - MMSA [INFO] - TRAIN-(msalm) [10/44/3] >> loss: 0.2086  Mult_acc_2: 0.8670  Mult_acc_3: 0.8180  Mult_acc_5: 0.6637  F1_score: 0.8702  MAE: 0.1898  Corr: 0.9205  clm loss: 2.4571 total loss: 3.633 bn loss: 0.2463 av loss: 0.4464 text loss: 0.2747
2026-01-15 11:33:22,534 - MMSA [INFO] - VAL-(msalm) >>  Mult_acc_2: 0.7632  Mult_acc_3: 0.6667  Mult_acc_5: 0.4145  F1_score: 0.7685  MAE: 0.3980  Corr: 0.6571  Loss: 0.4179 
2026-01-15 11:33:24,801 - MMSA [INFO] - TEST-(msalm) >>  Mult_acc_2: 0.8096  Mult_acc_3: 0.7002  Mult_acc_5: 0.4726  F1_score: 0.8133  MAE: 0.3628  Corr: 0.7094  Loss: 0.3852 
2026-01-15 11:33:26,094 - MMSA [INFO] - Result for seed 1992: {'Mult_acc_2': 0.8096, 'Mult_acc_3': 0.7002, 'Mult_acc_5': 0.4726, 'F1_score': 0.8133, 'MAE': 0.3628, 'Corr': 0.7094, 'Loss': 0.3852, 'seed': 1992}
2026-01-15 11:33:26,095 - MMSA [INFO] - ------------------------------ Running with seed 1993 [4/5] ------------------------------
2026-01-15 11:34:43,197 - MMSA [INFO] - The model has 179712364 trainable parameters
2026-01-15 11:34:51,664 - MMSA [INFO] - TRAIN-(msalm) [1/1/4] >> loss: 0.6694  Mult_acc_2: 0.5051  Mult_acc_3: 0.3421  Mult_acc_5: 0.1725  F1_score: 0.5230  MAE: 0.6688  Corr: -0.0495  clm loss: 7.5786 total loss: 10.8338 bn loss: 0.9678 av loss: 0.6945 text loss: 0.9235
2026-01-15 11:34:53,605 - MMSA [INFO] - VAL-(msalm) >>  Mult_acc_2: 0.5965  Mult_acc_3: 0.3991  Mult_acc_5: 0.1952  F1_score: 0.5996  MAE: 0.6282  Corr: -0.0040  Loss: 0.6291 
2026-01-15 11:35:03,265 - MMSA [INFO] - TRAIN-(msalm) [1/2/4] >> loss: 0.6395  Mult_acc_2: 0.5519  Mult_acc_3: 0.3896  Mult_acc_5: 0.1857  F1_score: 0.5649  MAE: 0.6391  Corr: 0.0396  clm loss: 6.2311 total loss: 9.0558 bn loss: 0.7722 av loss: 0.6253 text loss: 0.7876
2026-01-15 11:35:05,159 - MMSA [INFO] - VAL-(msalm) >>  Mult_acc_2: 0.6425  Mult_acc_3: 0.4693  Mult_acc_5: 0.2127  F1_score: 0.6262  MAE: 0.5593  Corr: 0.2798  Loss: 0.5555 
2026-01-15 11:35:14,579 - MMSA [INFO] - TRAIN-(msalm) [1/3/4] >> loss: 0.5918  Mult_acc_2: 0.6184  Mult_acc_3: 0.4664  Mult_acc_5: 0.2142  F1_score: 0.6283  MAE: 0.5913  Corr: 0.2205  clm loss: 4.9221 total loss: 7.3726 bn loss: 0.6147 av loss: 0.5813 text loss: 0.6627
2026-01-15 11:35:16,457 - MMSA [INFO] - VAL-(msalm) >>  Mult_acc_2: 0.6535  Mult_acc_3: 0.5373  Mult_acc_5: 0.2434  F1_score: 0.6393  MAE: 0.5325  Corr: 0.3747  Loss: 0.5331 
2026-01-15 11:35:25,940 - MMSA [INFO] - TRAIN-(msalm) [1/4/4] >> loss: 0.5208  Mult_acc_2: 0.6944  Mult_acc_3: 0.5614  Mult_acc_5: 0.2610  F1_score: 0.7014  MAE: 0.5177  Corr: 0.4396  clm loss: 4.1664 total loss: 6.4086 bn loss: 0.5607 av loss: 0.5495 text loss: 0.6111
2026-01-15 11:35:27,843 - MMSA [INFO] - VAL-(msalm) >>  Mult_acc_2: 0.6842  Mult_acc_3: 0.5811  Mult_acc_5: 0.2917  F1_score: 0.6950  MAE: 0.4894  Corr: 0.5228  Loss: 0.5005 
2026-01-15 11:35:37,352 - MMSA [INFO] - TRAIN-(msalm) [1/5/4] >> loss: 0.4885  Mult_acc_2: 0.7339  Mult_acc_3: 0.6221  Mult_acc_5: 0.3260  F1_score: 0.7395  MAE: 0.4749  Corr: 0.5492  clm loss: 3.7772 total loss: 5.9154 bn loss: 0.5348 av loss: 0.5283 text loss: 0.5867
2026-01-15 11:35:39,251 - MMSA [INFO] - VAL-(msalm) >>  Mult_acc_2: 0.7105  Mult_acc_3: 0.6118  Mult_acc_5: 0.3443  F1_score: 0.7202  MAE: 0.4638  Corr: 0.5657  Loss: 0.4852 
2026-01-15 11:35:48,845 - MMSA [INFO] - TRAIN-(msalm) [1/6/4] >> loss: 0.4747  Mult_acc_2: 0.7537  Mult_acc_3: 0.6294  Mult_acc_5: 0.3392  F1_score: 0.7585  MAE: 0.4579  Corr: 0.5808  clm loss: 3.5823 total loss: 5.6667 bn loss: 0.5094 av loss: 0.5143 text loss: 0.586
2026-01-15 11:35:50,720 - MMSA [INFO] - VAL-(msalm) >>  Mult_acc_2: 0.7544  Mult_acc_3: 0.6206  Mult_acc_5: 0.3684  F1_score: 0.7544  MAE: 0.4557  Corr: 0.5607  Loss: 0.5050 
2026-01-15 11:35:58,961 - MMSA [INFO] - TRAIN-(msalm) [2/7/4] >> loss: 0.4668  Mult_acc_2: 0.7442  Mult_acc_3: 0.6433  Mult_acc_5: 0.3582  F1_score: 0.7501  MAE: 0.4441  Corr: 0.5947  clm loss: 3.4195 total loss: 5.4669 bn loss: 0.4979 av loss: 0.4927 text loss: 0.59
2026-01-15 11:36:00,811 - MMSA [INFO] - VAL-(msalm) >>  Mult_acc_2: 0.7390  Mult_acc_3: 0.6031  Mult_acc_5: 0.3509  F1_score: 0.7448  MAE: 0.4572  Corr: 0.5579  Loss: 0.4914 
2026-01-15 11:36:08,981 - MMSA [INFO] - TRAIN-(msalm) [3/8/4] >> loss: 0.4508  Mult_acc_2: 0.7558  Mult_acc_3: 0.6425  Mult_acc_5: 0.3596  F1_score: 0.7599  MAE: 0.4332  Corr: 0.6110  clm loss: 3.3579 total loss: 5.3531 bn loss: 0.4883 av loss: 0.4815 text loss: 0.5746
2026-01-15 11:36:10,801 - MMSA [INFO] - VAL-(msalm) >>  Mult_acc_2: 0.7412  Mult_acc_3: 0.5899  Mult_acc_5: 0.3246  F1_score: 0.7464  MAE: 0.4504  Corr: 0.5611  Loss: 0.4727 
2026-01-15 11:36:20,430 - MMSA [INFO] - TRAIN-(msalm) [1/9/4] >> loss: 0.4424  Mult_acc_2: 0.7661  Mult_acc_3: 0.6564  Mult_acc_5: 0.3553  F1_score: 0.7695  MAE: 0.4287  Corr: 0.6180  clm loss: 3.3013 total loss: 5.2615 bn loss: 0.4807 av loss: 0.4705 text loss: 0.5666
2026-01-15 11:36:22,236 - MMSA [INFO] - VAL-(msalm) >>  Mult_acc_2: 0.7303  Mult_acc_3: 0.6075  Mult_acc_5: 0.3487  F1_score: 0.7288  MAE: 0.4501  Corr: 0.5543  Loss: 0.4630 
2026-01-15 11:36:31,723 - MMSA [INFO] - TRAIN-(msalm) [1/10/4] >> loss: 0.4344  Mult_acc_2: 0.7749  Mult_acc_3: 0.6630  Mult_acc_5: 0.3896  F1_score: 0.7771  MAE: 0.4205  Corr: 0.6292  clm loss: 3.2814 total loss: 5.2167 bn loss: 0.4753 av loss: 0.4711 text loss: 0.5545
2026-01-15 11:36:33,698 - MMSA [INFO] - VAL-(msalm) >>  Mult_acc_2: 0.7434  Mult_acc_3: 0.6338  Mult_acc_5: 0.3816  F1_score: 0.7391  MAE: 0.4433  Corr: 0.5696  Loss: 0.4561 
2026-01-15 11:36:43,161 - MMSA [INFO] - TRAIN-(msalm) [1/11/4] >> loss: 0.4246  Mult_acc_2: 0.7829  Mult_acc_3: 0.6674  Mult_acc_5: 0.3896  F1_score: 0.7853  MAE: 0.4081  Corr: 0.6586  clm loss: 3.2233 total loss: 5.1289 bn loss: 0.4652 av loss: 0.4655 text loss: 0.5503
2026-01-15 11:36:45,008 - MMSA [INFO] - VAL-(msalm) >>  Mult_acc_2: 0.7478  Mult_acc_3: 0.6228  Mult_acc_5: 0.3706  F1_score: 0.7435  MAE: 0.4452  Corr: 0.5646  Loss: 0.4668 
2026-01-15 11:36:53,300 - MMSA [INFO] - TRAIN-(msalm) [2/12/4] >> loss: 0.4148  Mult_acc_2: 0.7844  Mult_acc_3: 0.6674  Mult_acc_5: 0.3838  F1_score: 0.7868  MAE: 0.3936  Corr: 0.6769  clm loss: 3.2251 total loss: 5.1064 bn loss: 0.469 av loss: 0.4696 text loss: 0.5279
2026-01-15 11:36:55,188 - MMSA [INFO] - VAL-(msalm) >>  Mult_acc_2: 0.7478  Mult_acc_3: 0.6294  Mult_acc_5: 0.3882  F1_score: 0.7495  MAE: 0.4298  Corr: 0.5881  Loss: 0.4550 
2026-01-15 11:37:04,672 - MMSA [INFO] - TRAIN-(msalm) [1/13/4] >> loss: 0.4147  Mult_acc_2: 0.7865  Mult_acc_3: 0.6747  Mult_acc_5: 0.3838  F1_score: 0.7896  MAE: 0.3964  Corr: 0.6693  clm loss: 3.189 total loss: 5.0519 bn loss: 0.4604 av loss: 0.4689 text loss: 0.519
2026-01-15 11:37:06,521 - MMSA [INFO] - VAL-(msalm) >>  Mult_acc_2: 0.7478  Mult_acc_3: 0.6425  Mult_acc_5: 0.3882  F1_score: 0.7512  MAE: 0.4281  Corr: 0.5936  Loss: 0.4425 
2026-01-15 11:37:15,953 - MMSA [INFO] - TRAIN-(msalm) [1/14/4] >> loss: 0.4045  Mult_acc_2: 0.7865  Mult_acc_3: 0.6769  Mult_acc_5: 0.4108  F1_score: 0.7896  MAE: 0.3852  Corr: 0.6855  clm loss: 3.121 total loss: 4.9558 bn loss: 0.454 av loss: 0.4623 text loss: 0.5141
2026-01-15 11:37:17,762 - MMSA [INFO] - VAL-(msalm) >>  Mult_acc_2: 0.7588  Mult_acc_3: 0.6425  Mult_acc_5: 0.3882  F1_score: 0.7602  MAE: 0.4231  Corr: 0.6042  Loss: 0.4380 
2026-01-15 11:37:27,142 - MMSA [INFO] - TRAIN-(msalm) [1/15/4] >> loss: 0.3918  Mult_acc_2: 0.8180  Mult_acc_3: 0.6988  Mult_acc_5: 0.4123  F1_score: 0.8191  MAE: 0.3799  Corr: 0.6996  clm loss: 3.1192 total loss: 4.9133 bn loss: 0.4415 av loss: 0.465 text loss: 0.4958
2026-01-15 11:37:28,944 - MMSA [INFO] - VAL-(msalm) >>  Mult_acc_2: 0.7456  Mult_acc_3: 0.6404  Mult_acc_5: 0.3838  F1_score: 0.7517  MAE: 0.4224  Corr: 0.6122  Loss: 0.4488 
2026-01-15 11:37:37,324 - MMSA [INFO] - TRAIN-(msalm) [2/16/4] >> loss: 0.3997  Mult_acc_2: 0.7909  Mult_acc_3: 0.6849  Mult_acc_5: 0.4086  F1_score: 0.7941  MAE: 0.3820  Corr: 0.6987  clm loss: 3.1132 total loss: 4.9165 bn loss: 0.446 av loss: 0.4654 text loss: 0.4922
2026-01-15 11:37:39,138 - MMSA [INFO] - VAL-(msalm) >>  Mult_acc_2: 0.7456  Mult_acc_3: 0.6425  Mult_acc_5: 0.3838  F1_score: 0.7523  MAE: 0.4182  Corr: 0.6200  Loss: 0.4312 
2026-01-15 11:37:48,462 - MMSA [INFO] - TRAIN-(msalm) [1/17/4] >> loss: 0.3839  Mult_acc_2: 0.8107  Mult_acc_3: 0.6901  Mult_acc_5: 0.4094  F1_score: 0.8136  MAE: 0.3636  Corr: 0.7305  clm loss: 3.0827 total loss: 4.8464 bn loss: 0.4352 av loss: 0.4562 text loss: 0.4884
2026-01-15 11:37:50,370 - MMSA [INFO] - VAL-(msalm) >>  Mult_acc_2: 0.7522  Mult_acc_3: 0.6535  Mult_acc_5: 0.3991  F1_score: 0.7583  MAE: 0.4136  Corr: 0.6296  Loss: 0.4354 
2026-01-15 11:37:58,616 - MMSA [INFO] - TRAIN-(msalm) [2/18/4] >> loss: 0.3728  Mult_acc_2: 0.8026  Mult_acc_3: 0.6893  Mult_acc_5: 0.4408  F1_score: 0.8050  MAE: 0.3529  Corr: 0.7319  clm loss: 3.0466 total loss: 4.7637 bn loss: 0.4207 av loss: 0.4577 text loss: 0.466
2026-01-15 11:38:00,516 - MMSA [INFO] - VAL-(msalm) >>  Mult_acc_2: 0.7478  Mult_acc_3: 0.6579  Mult_acc_5: 0.4057  F1_score: 0.7540  MAE: 0.4084  Corr: 0.6340  Loss: 0.4172 
2026-01-15 11:38:09,892 - MMSA [INFO] - TRAIN-(msalm) [1/19/4] >> loss: 0.3757  Mult_acc_2: 0.8063  Mult_acc_3: 0.6996  Mult_acc_5: 0.4481  F1_score: 0.8092  MAE: 0.3577  Corr: 0.7276  clm loss: 3.0291 total loss: 4.7502 bn loss: 0.4155 av loss: 0.4591 text loss: 0.4708
2026-01-15 11:38:11,741 - MMSA [INFO] - VAL-(msalm) >>  Mult_acc_2: 0.7895  Mult_acc_3: 0.6513  Mult_acc_5: 0.4232  F1_score: 0.7886  MAE: 0.4031  Corr: 0.6367  Loss: 0.4294 
2026-01-15 11:38:20,010 - MMSA [INFO] - TRAIN-(msalm) [2/20/4] >> loss: 0.3599  Mult_acc_2: 0.8063  Mult_acc_3: 0.7032  Mult_acc_5: 0.4503  F1_score: 0.8090  MAE: 0.3411  Corr: 0.7545  clm loss: 3.0052 total loss: 4.6716 bn loss: 0.3958 av loss: 0.4613 text loss: 0.4493
2026-01-15 11:38:21,855 - MMSA [INFO] - VAL-(msalm) >>  Mult_acc_2: 0.7873  Mult_acc_3: 0.6557  Mult_acc_5: 0.4013  F1_score: 0.7847  MAE: 0.4089  Corr: 0.6361  Loss: 0.4339 
2026-01-15 11:38:30,122 - MMSA [INFO] - TRAIN-(msalm) [3/21/4] >> loss: 0.3543  Mult_acc_2: 0.8268  Mult_acc_3: 0.7186  Mult_acc_5: 0.4547  F1_score: 0.8290  MAE: 0.3388  Corr: 0.7581  clm loss: 2.9545 total loss: 4.6001 bn loss: 0.3872 av loss: 0.4546 text loss: 0.4495
2026-01-15 11:38:31,978 - MMSA [INFO] - VAL-(msalm) >>  Mult_acc_2: 0.7982  Mult_acc_3: 0.6689  Mult_acc_5: 0.4254  F1_score: 0.7951  MAE: 0.4100  Corr: 0.6398  Loss: 0.4409 
2026-01-15 11:38:40,332 - MMSA [INFO] - TRAIN-(msalm) [4/22/4] >> loss: 0.3557  Mult_acc_2: 0.8173  Mult_acc_3: 0.7149  Mult_acc_5: 0.4649  F1_score: 0.8201  MAE: 0.3363  Corr: 0.7624  clm loss: 2.975 total loss: 4.6058 bn loss: 0.3805 av loss: 0.4516 text loss: 0.443
2026-01-15 11:38:42,241 - MMSA [INFO] - VAL-(msalm) >>  Mult_acc_2: 0.7522  Mult_acc_3: 0.6579  Mult_acc_5: 0.4013  F1_score: 0.7602  MAE: 0.4031  Corr: 0.6524  Loss: 0.4162 
2026-01-15 11:38:51,791 - MMSA [INFO] - TRAIN-(msalm) [1/23/4] >> loss: 0.337  Mult_acc_2: 0.8194  Mult_acc_3: 0.7171  Mult_acc_5: 0.4781  F1_score: 0.8225  MAE: 0.3191  Corr: 0.7872  clm loss: 2.9374 total loss: 4.5401 bn loss: 0.3637 av loss: 0.4489 text loss: 0.4529
2026-01-15 11:38:53,950 - MMSA [INFO] - VAL-(msalm) >>  Mult_acc_2: 0.7412  Mult_acc_3: 0.6404  Mult_acc_5: 0.3684  F1_score: 0.7499  MAE: 0.4178  Corr: 0.6511  Loss: 0.4346 
2026-01-15 11:39:02,288 - MMSA [INFO] - TRAIN-(msalm) [2/24/4] >> loss: 0.3298  Mult_acc_2: 0.8187  Mult_acc_3: 0.7259  Mult_acc_5: 0.4810  F1_score: 0.8222  MAE: 0.3158  Corr: 0.7971  clm loss: 2.8958 total loss: 4.4801 bn loss: 0.3625 av loss: 0.4561 text loss: 0.436
2026-01-15 11:39:04,154 - MMSA [INFO] - VAL-(msalm) >>  Mult_acc_2: 0.7522  Mult_acc_3: 0.6425  Mult_acc_5: 0.3904  F1_score: 0.7610  MAE: 0.4110  Corr: 0.6601  Loss: 0.4242 
2026-01-15 11:39:12,520 - MMSA [INFO] - TRAIN-(msalm) [3/25/4] >> loss: 0.3211  Mult_acc_2: 0.8385  Mult_acc_3: 0.7325  Mult_acc_5: 0.4978  F1_score: 0.8408  MAE: 0.3019  Corr: 0.8070  clm loss: 2.8639 total loss: 4.4367 bn loss: 0.3571 av loss: 0.457 text loss: 0.4376
2026-01-15 11:39:14,411 - MMSA [INFO] - VAL-(msalm) >>  Mult_acc_2: 0.7610  Mult_acc_3: 0.6535  Mult_acc_5: 0.3969  F1_score: 0.7678  MAE: 0.3958  Corr: 0.6651  Loss: 0.4289 
2026-01-15 11:39:22,819 - MMSA [INFO] - TRAIN-(msalm) [4/26/4] >> loss: 0.317  Mult_acc_2: 0.8304  Mult_acc_3: 0.7515  Mult_acc_5: 0.5066  F1_score: 0.8341  MAE: 0.2988  Corr: 0.8170  clm loss: 2.8757 total loss: 4.4174 bn loss: 0.3453 av loss: 0.4441 text loss: 0.4352
2026-01-15 11:39:24,663 - MMSA [INFO] - VAL-(msalm) >>  Mult_acc_2: 0.7303  Mult_acc_3: 0.6404  Mult_acc_5: 0.3969  F1_score: 0.7402  MAE: 0.4030  Corr: 0.6610  Loss: 0.4123 
2026-01-15 11:39:34,166 - MMSA [INFO] - TRAIN-(msalm) [1/27/4] >> loss: 0.3076  Mult_acc_2: 0.8326  Mult_acc_3: 0.7507  Mult_acc_5: 0.5278  F1_score: 0.8360  MAE: 0.2933  Corr: 0.8086  clm loss: 2.8276 total loss: 4.3489 bn loss: 0.3385 av loss: 0.4537 text loss: 0.4216
2026-01-15 11:39:36,055 - MMSA [INFO] - VAL-(msalm) >>  Mult_acc_2: 0.7522  Mult_acc_3: 0.6623  Mult_acc_5: 0.4035  F1_score: 0.7588  MAE: 0.3962  Corr: 0.6618  Loss: 0.4076 
2026-01-15 11:39:45,506 - MMSA [INFO] - TRAIN-(msalm) [1/28/4] >> loss: 0.3121  Mult_acc_2: 0.8326  Mult_acc_3: 0.7529  Mult_acc_5: 0.5241  F1_score: 0.8360  MAE: 0.2972  Corr: 0.8099  clm loss: 2.7878 total loss: 4.2712 bn loss: 0.3278 av loss: 0.4533 text loss: 0.3901
2026-01-15 11:39:47,352 - MMSA [INFO] - VAL-(msalm) >>  Mult_acc_2: 0.7632  Mult_acc_3: 0.6689  Mult_acc_5: 0.4013  F1_score: 0.7679  MAE: 0.3967  Corr: 0.6595  Loss: 0.4283 
2026-01-15 11:39:55,719 - MMSA [INFO] - TRAIN-(msalm) [2/29/4] >> loss: 0.2938  Mult_acc_2: 0.8377  Mult_acc_3: 0.7595  Mult_acc_5: 0.5278  F1_score: 0.8412  MAE: 0.2782  Corr: 0.8392  clm loss: 2.7797 total loss: 4.2397 bn loss: 0.3212 av loss: 0.4475 text loss: 0.3975
2026-01-15 11:39:57,546 - MMSA [INFO] - VAL-(msalm) >>  Mult_acc_2: 0.7566  Mult_acc_3: 0.6579  Mult_acc_5: 0.3925  F1_score: 0.7625  MAE: 0.4045  Corr: 0.6508  Loss: 0.4148 
2026-01-15 11:40:05,936 - MMSA [INFO] - TRAIN-(msalm) [3/30/4] >> loss: 0.2913  Mult_acc_2: 0.8516  Mult_acc_3: 0.7675  Mult_acc_5: 0.5453  F1_score: 0.8544  MAE: 0.2750  Corr: 0.8446  clm loss: 2.7567 total loss: 4.2045 bn loss: 0.3173 av loss: 0.4495 text loss: 0.3896
2026-01-15 11:40:07,772 - MMSA [INFO] - VAL-(msalm) >>  Mult_acc_2: 0.7544  Mult_acc_3: 0.6579  Mult_acc_5: 0.3904  F1_score: 0.7631  MAE: 0.4130  Corr: 0.6499  Loss: 0.4305 
2026-01-15 11:40:16,089 - MMSA [INFO] - TRAIN-(msalm) [4/31/4] >> loss: 0.2838  Mult_acc_2: 0.8443  Mult_acc_3: 0.7632  Mult_acc_5: 0.5395  F1_score: 0.8473  MAE: 0.2701  Corr: 0.8465  clm loss: 2.7266 total loss: 4.1589 bn loss: 0.3112 av loss: 0.4533 text loss: 0.3839
2026-01-15 11:40:18,217 - MMSA [INFO] - VAL-(msalm) >>  Mult_acc_2: 0.7566  Mult_acc_3: 0.6667  Mult_acc_5: 0.3925  F1_score: 0.7651  MAE: 0.4141  Corr: 0.6478  Loss: 0.4191 
2026-01-15 11:40:26,570 - MMSA [INFO] - TRAIN-(msalm) [5/32/4] >> loss: 0.2681  Mult_acc_2: 0.8406  Mult_acc_3: 0.7778  Mult_acc_5: 0.5724  F1_score: 0.8442  MAE: 0.2543  Corr: 0.8588  clm loss: 2.6846 total loss: 4.0791 bn loss: 0.3057 av loss: 0.4493 text loss: 0.3715
2026-01-15 11:40:28,402 - MMSA [INFO] - VAL-(msalm) >>  Mult_acc_2: 0.7566  Mult_acc_3: 0.6689  Mult_acc_5: 0.4013  F1_score: 0.7642  MAE: 0.4066  Corr: 0.6547  Loss: 0.4081 
2026-01-15 11:40:36,763 - MMSA [INFO] - TRAIN-(msalm) [6/33/4] >> loss: 0.2529  Mult_acc_2: 0.8611  Mult_acc_3: 0.7953  Mult_acc_5: 0.5906  F1_score: 0.8639  MAE: 0.2372  Corr: 0.8760  clm loss: 2.6505 total loss: 4.0107 bn loss: 0.2916 av loss: 0.4413 text loss: 0.3744
2026-01-15 11:40:38,584 - MMSA [INFO] - VAL-(msalm) >>  Mult_acc_2: 0.7412  Mult_acc_3: 0.6535  Mult_acc_5: 0.3925  F1_score: 0.7505  MAE: 0.4128  Corr: 0.6510  Loss: 0.4268 
2026-01-15 11:40:47,003 - MMSA [INFO] - TRAIN-(msalm) [7/34/4] >> loss: 0.2582  Mult_acc_2: 0.8582  Mult_acc_3: 0.7931  Mult_acc_5: 0.5972  F1_score: 0.8613  MAE: 0.2446  Corr: 0.8680  clm loss: 2.6375 total loss: 4.0224 bn loss: 0.2895 av loss: 0.4445 text loss: 0.3926
2026-01-15 11:40:48,872 - MMSA [INFO] - VAL-(msalm) >>  Mult_acc_2: 0.7412  Mult_acc_3: 0.6667  Mult_acc_5: 0.4167  F1_score: 0.7501  MAE: 0.4061  Corr: 0.6527  Loss: 0.4289 
2026-01-15 11:40:57,325 - MMSA [INFO] - TRAIN-(msalm) [8/35/4] >> loss: 0.2505  Mult_acc_2: 0.8465  Mult_acc_3: 0.7887  Mult_acc_5: 0.6060  F1_score: 0.8509  MAE: 0.2263  Corr: 0.8869  clm loss: 2.5709 total loss: 3.8929 bn loss: 0.2782 av loss: 0.4413 text loss: 0.3521
2026-01-15 11:40:59,154 - MMSA [INFO] - VAL-(msalm) >>  Mult_acc_2: 0.7368  Mult_acc_3: 0.6601  Mult_acc_5: 0.4035  F1_score: 0.7464  MAE: 0.4104  Corr: 0.6502  Loss: 0.4198 
2026-01-15 11:41:07,529 - MMSA [INFO] - TRAIN-(msalm) [9/36/4] >> loss: 0.2591  Mult_acc_2: 0.8692  Mult_acc_3: 0.7807  Mult_acc_5: 0.5753  F1_score: 0.8719  MAE: 0.2405  Corr: 0.8770  clm loss: 2.5638 total loss: 3.9185 bn loss: 0.2816 av loss: 0.451 text loss: 0.363
2026-01-15 11:41:09,382 - MMSA [INFO] - VAL-(msalm) >>  Mult_acc_2: 0.7522  Mult_acc_3: 0.6754  Mult_acc_5: 0.4211  F1_score: 0.7600  MAE: 0.4084  Corr: 0.6479  Loss: 0.4213 
2026-01-15 11:41:17,786 - MMSA [INFO] - TRAIN-(msalm) [10/37/4] >> loss: 0.248  Mult_acc_2: 0.8611  Mult_acc_3: 0.7946  Mult_acc_5: 0.6053  F1_score: 0.8642  MAE: 0.2351  Corr: 0.8822  clm loss: 2.5694 total loss: 3.901 bn loss: 0.2758 av loss: 0.4522 text loss: 0.3557
2026-01-15 11:41:19,625 - MMSA [INFO] - VAL-(msalm) >>  Mult_acc_2: 0.7522  Mult_acc_3: 0.6711  Mult_acc_5: 0.4167  F1_score: 0.7600  MAE: 0.4066  Corr: 0.6476  Loss: 0.4185 
2026-01-15 11:41:21,950 - MMSA [INFO] - TEST-(msalm) >>  Mult_acc_2: 0.8206  Mult_acc_3: 0.7068  Mult_acc_5: 0.4464  F1_score: 0.8241  MAE: 0.3628  Corr: 0.7163  Loss: 0.3682 
2026-01-15 11:41:23,254 - MMSA [INFO] - Result for seed 1993: {'Mult_acc_2': 0.8206, 'Mult_acc_3': 0.7068, 'Mult_acc_5': 0.4464, 'F1_score': 0.8241, 'MAE': 0.3628, 'Corr': 0.7163, 'Loss': 0.3682, 'seed': 1993}
2026-01-15 11:41:23,256 - MMSA [INFO] - ------------------------------ Running with seed 1994 [5/5] ------------------------------
2026-01-15 11:42:49,195 - MMSA [INFO] - The model has 179712364 trainable parameters
2026-01-15 11:42:57,588 - MMSA [INFO] - TRAIN-(msalm) [1/1/5] >> loss: 0.7309  Mult_acc_2: 0.4013  Mult_acc_3: 0.3136  Mult_acc_5: 0.1784  F1_score: 0.3813  MAE: 0.7297  Corr: -0.0179  clm loss: 7.5818 total loss: 10.9389 bn loss: 0.8848 av loss: 0.6935 text loss: 1.048
2026-01-15 11:42:59,688 - MMSA [INFO] - VAL-(msalm) >>  Mult_acc_2: 0.3706  Mult_acc_3: 0.3202  Mult_acc_5: 0.1886  F1_score: 0.2886  MAE: 0.7769  Corr: 0.1014  Loss: 0.7823 
2026-01-15 11:43:09,002 - MMSA [INFO] - TRAIN-(msalm) [1/2/5] >> loss: 0.7098  Mult_acc_2: 0.4342  Mult_acc_3: 0.3224  Mult_acc_5: 0.1652  F1_score: 0.4239  MAE: 0.7087  Corr: 0.0966  clm loss: 6.3887 total loss: 9.361 bn loss: 0.7661 av loss: 0.6472 text loss: 0.8491
2026-01-15 11:43:10,778 - MMSA [INFO] - VAL-(msalm) >>  Mult_acc_2: 0.4364  Mult_acc_3: 0.3882  Mult_acc_5: 0.2039  F1_score: 0.3995  MAE: 0.7005  Corr: 0.2747  Loss: 0.7056 
2026-01-15 11:43:20,045 - MMSA [INFO] - TRAIN-(msalm) [1/3/5] >> loss: 0.6625  Mult_acc_2: 0.4715  Mult_acc_3: 0.3670  Mult_acc_5: 0.1703  F1_score: 0.4679  MAE: 0.6610  Corr: 0.2612  clm loss: 5.1346 total loss: 7.7558 bn loss: 0.6462 av loss: 0.616 text loss: 0.6967
2026-01-15 11:43:21,863 - MMSA [INFO] - VAL-(msalm) >>  Mult_acc_2: 0.4605  Mult_acc_3: 0.3947  Mult_acc_5: 0.1974  F1_score: 0.4391  MAE: 0.6738  Corr: 0.3620  Loss: 0.6873 
2026-01-15 11:43:31,075 - MMSA [INFO] - TRAIN-(msalm) [1/4/5] >> loss: 0.6049  Mult_acc_2: 0.5519  Mult_acc_3: 0.4561  Mult_acc_5: 0.2222  F1_score: 0.5595  MAE: 0.6005  Corr: 0.3954  clm loss: 4.3629 total loss: 6.7696 bn loss: 0.5566 av loss: 0.5909 text loss: 0.6543
2026-01-15 11:43:32,897 - MMSA [INFO] - VAL-(msalm) >>  Mult_acc_2: 0.5724  Mult_acc_3: 0.4825  Mult_acc_5: 0.2281  F1_score: 0.5836  MAE: 0.5846  Corr: 0.4849  Loss: 0.5835 
2026-01-15 11:43:42,043 - MMSA [INFO] - TRAIN-(msalm) [1/5/5] >> loss: 0.5543  Mult_acc_2: 0.6338  Mult_acc_3: 0.5446  Mult_acc_5: 0.2953  F1_score: 0.6464  MAE: 0.5329  Corr: 0.5395  clm loss: 3.905 total loss: 6.1706 bn loss: 0.5325 av loss: 0.5746 text loss: 0.6041
2026-01-15 11:43:43,850 - MMSA [INFO] - VAL-(msalm) >>  Mult_acc_2: 0.5658  Mult_acc_3: 0.4912  Mult_acc_5: 0.2654  F1_score: 0.5724  MAE: 0.5915  Corr: 0.5349  Loss: 0.6370 
2026-01-15 11:43:51,887 - MMSA [INFO] - TRAIN-(msalm) [2/6/5] >> loss: 0.5483  Mult_acc_2: 0.6469  Mult_acc_3: 0.5461  Mult_acc_5: 0.2851  F1_score: 0.6601  MAE: 0.5243  Corr: 0.5289  clm loss: 3.7358 total loss: 5.9507 bn loss: 0.5108 av loss: 0.5668 text loss: 0.5889
2026-01-15 11:43:53,694 - MMSA [INFO] - VAL-(msalm) >>  Mult_acc_2: 0.4737  Mult_acc_3: 0.4211  Mult_acc_5: 0.2281  F1_score: 0.4430  MAE: 0.6906  Corr: 0.5394  Loss: 0.7585 
2026-01-15 11:44:01,652 - MMSA [INFO] - TRAIN-(msalm) [3/7/5] >> loss: 0.5308  Mult_acc_2: 0.6623  Mult_acc_3: 0.5680  Mult_acc_5: 0.2931  F1_score: 0.6754  MAE: 0.5060  Corr: 0.5443  clm loss: 3.5658 total loss: 5.718 bn loss: 0.5026 av loss: 0.5531 text loss: 0.5657
2026-01-15 11:44:03,474 - MMSA [INFO] - VAL-(msalm) >>  Mult_acc_2: 0.6206  Mult_acc_3: 0.5175  Mult_acc_5: 0.2917  F1_score: 0.6326  MAE: 0.5180  Corr: 0.5749  Loss: 0.5572 
2026-01-15 11:44:12,546 - MMSA [INFO] - TRAIN-(msalm) [1/8/5] >> loss: 0.5034  Mult_acc_2: 0.7061  Mult_acc_3: 0.6016  Mult_acc_5: 0.3238  F1_score: 0.7175  MAE: 0.4839  Corr: 0.5784  clm loss: 3.3981 total loss: 5.4983 bn loss: 0.499 av loss: 0.5413 text loss: 0.5564
2026-01-15 11:44:14,343 - MMSA [INFO] - VAL-(msalm) >>  Mult_acc_2: 0.6118  Mult_acc_3: 0.5504  Mult_acc_5: 0.2851  F1_score: 0.6241  MAE: 0.5148  Corr: 0.5711  Loss: 0.5527 
2026-01-15 11:44:23,585 - MMSA [INFO] - TRAIN-(msalm) [1/9/5] >> loss: 0.4685  Mult_acc_2: 0.7178  Mult_acc_3: 0.6060  Mult_acc_5: 0.3472  F1_score: 0.7288  MAE: 0.4515  Corr: 0.6278  clm loss: 3.3089 total loss: 5.324 bn loss: 0.4871 av loss: 0.5261 text loss: 0.5334
2026-01-15 11:44:25,333 - MMSA [INFO] - VAL-(msalm) >>  Mult_acc_2: 0.6140  Mult_acc_3: 0.5417  Mult_acc_5: 0.2851  F1_score: 0.6261  MAE: 0.5187  Corr: 0.5762  Loss: 0.5443 
2026-01-15 11:44:34,455 - MMSA [INFO] - TRAIN-(msalm) [1/10/5] >> loss: 0.4575  Mult_acc_2: 0.7208  Mult_acc_3: 0.6250  Mult_acc_5: 0.3589  F1_score: 0.7314  MAE: 0.4418  Corr: 0.6392  clm loss: 3.3062 total loss: 5.2922 bn loss: 0.4799 av loss: 0.5094 text loss: 0.5391
2026-01-15 11:44:36,238 - MMSA [INFO] - VAL-(msalm) >>  Mult_acc_2: 0.6316  Mult_acc_3: 0.5746  Mult_acc_5: 0.3158  F1_score: 0.6454  MAE: 0.4822  Corr: 0.5868  Loss: 0.4991 
2026-01-15 11:44:45,346 - MMSA [INFO] - TRAIN-(msalm) [1/11/5] >> loss: 0.4456  Mult_acc_2: 0.7376  Mult_acc_3: 0.6257  Mult_acc_5: 0.3648  F1_score: 0.7471  MAE: 0.4262  Corr: 0.6499  clm loss: 3.246 total loss: 5.2124 bn loss: 0.4712 av loss: 0.494 text loss: 0.5555
2026-01-15 11:44:47,107 - MMSA [INFO] - VAL-(msalm) >>  Mult_acc_2: 0.7171  Mult_acc_3: 0.6316  Mult_acc_5: 0.3794  F1_score: 0.7260  MAE: 0.4375  Corr: 0.6054  Loss: 0.4642 
2026-01-15 11:44:56,211 - MMSA [INFO] - TRAIN-(msalm) [1/12/5] >> loss: 0.44  Mult_acc_2: 0.7383  Mult_acc_3: 0.6535  Mult_acc_5: 0.3743  F1_score: 0.7475  MAE: 0.4276  Corr: 0.6327  clm loss: 3.2321 total loss: 5.1614 bn loss: 0.4664 av loss: 0.4801 text loss: 0.5428
2026-01-15 11:44:57,975 - MMSA [INFO] - VAL-(msalm) >>  Mult_acc_2: 0.6601  Mult_acc_3: 0.5680  Mult_acc_5: 0.3224  F1_score: 0.6735  MAE: 0.4635  Corr: 0.6093  Loss: 0.4714 
2026-01-15 11:45:05,906 - MMSA [INFO] - TRAIN-(msalm) [2/13/5] >> loss: 0.425  Mult_acc_2: 0.7602  Mult_acc_3: 0.6535  Mult_acc_5: 0.3582  F1_score: 0.7681  MAE: 0.4122  Corr: 0.6653  clm loss: 3.1851 total loss: 5.0663 bn loss: 0.4598 av loss: 0.479 text loss: 0.5172
2026-01-15 11:45:07,675 - MMSA [INFO] - VAL-(msalm) >>  Mult_acc_2: 0.6513  Mult_acc_3: 0.5746  Mult_acc_5: 0.3289  F1_score: 0.6650  MAE: 0.4656  Corr: 0.6047  Loss: 0.4844 
2026-01-15 11:45:15,678 - MMSA [INFO] - TRAIN-(msalm) [3/14/5] >> loss: 0.4184  Mult_acc_2: 0.7558  Mult_acc_3: 0.6608  Mult_acc_5: 0.3867  F1_score: 0.7629  MAE: 0.4036  Corr: 0.6647  clm loss: 3.1925 total loss: 5.0721 bn loss: 0.4543 av loss: 0.4744 text loss: 0.5324
2026-01-15 11:45:17,483 - MMSA [INFO] - VAL-(msalm) >>  Mult_acc_2: 0.6930  Mult_acc_3: 0.6075  Mult_acc_5: 0.3684  F1_score: 0.7032  MAE: 0.4347  Corr: 0.6159  Loss: 0.4526 
2026-01-15 11:45:26,595 - MMSA [INFO] - TRAIN-(msalm) [1/15/5] >> loss: 0.406  Mult_acc_2: 0.7895  Mult_acc_3: 0.6996  Mult_acc_5: 0.4042  F1_score: 0.7951  MAE: 0.3887  Corr: 0.6946  clm loss: 3.1484 total loss: 4.9858 bn loss: 0.4442 av loss: 0.4701 text loss: 0.5171
2026-01-15 11:45:28,407 - MMSA [INFO] - VAL-(msalm) >>  Mult_acc_2: 0.7281  Mult_acc_3: 0.6206  Mult_acc_5: 0.3816  F1_score: 0.7352  MAE: 0.4260  Corr: 0.6206  Loss: 0.4443 
2026-01-15 11:45:37,740 - MMSA [INFO] - TRAIN-(msalm) [1/16/5] >> loss: 0.397  Mult_acc_2: 0.7756  Mult_acc_3: 0.6762  Mult_acc_5: 0.4006  F1_score: 0.7809  MAE: 0.3815  Corr: 0.6980  clm loss: 3.1219 total loss: 4.935 bn loss: 0.4408 av loss: 0.4698 text loss: 0.5056
2026-01-15 11:45:39,597 - MMSA [INFO] - VAL-(msalm) >>  Mult_acc_2: 0.7171  Mult_acc_3: 0.6140  Mult_acc_5: 0.3684  F1_score: 0.7252  MAE: 0.4243  Corr: 0.6298  Loss: 0.4490 
2026-01-15 11:45:47,663 - MMSA [INFO] - TRAIN-(msalm) [2/17/5] >> loss: 0.391  Mult_acc_2: 0.7968  Mult_acc_3: 0.6901  Mult_acc_5: 0.4115  F1_score: 0.8011  MAE: 0.3731  Corr: 0.7098  clm loss: 3.0963 total loss: 4.8745 bn loss: 0.4415 av loss: 0.4733 text loss: 0.4724
2026-01-15 11:45:49,449 - MMSA [INFO] - VAL-(msalm) >>  Mult_acc_2: 0.7215  Mult_acc_3: 0.6228  Mult_acc_5: 0.3662  F1_score: 0.7300  MAE: 0.4208  Corr: 0.6400  Loss: 0.4513 
2026-01-15 11:45:57,422 - MMSA [INFO] - TRAIN-(msalm) [3/18/5] >> loss: 0.3835  Mult_acc_2: 0.8056  Mult_acc_3: 0.7098  Mult_acc_5: 0.4306  F1_score: 0.8095  MAE: 0.3621  Corr: 0.7343  clm loss: 3.0486 total loss: 4.8072 bn loss: 0.4216 av loss: 0.4644 text loss: 0.4892
2026-01-15 11:45:59,232 - MMSA [INFO] - VAL-(msalm) >>  Mult_acc_2: 0.7632  Mult_acc_3: 0.6382  Mult_acc_5: 0.3860  F1_score: 0.7676  MAE: 0.4142  Corr: 0.6429  Loss: 0.4607 
2026-01-15 11:46:07,184 - MMSA [INFO] - TRAIN-(msalm) [4/19/5] >> loss: 0.3876  Mult_acc_2: 0.8056  Mult_acc_3: 0.6901  Mult_acc_5: 0.4145  F1_score: 0.8093  MAE: 0.3693  Corr: 0.7150  clm loss: 3.0704 total loss: 4.8286 bn loss: 0.4216 av loss: 0.4662 text loss: 0.4828
2026-01-15 11:46:08,899 - MMSA [INFO] - VAL-(msalm) >>  Mult_acc_2: 0.7478  Mult_acc_3: 0.6338  Mult_acc_5: 0.3706  F1_score: 0.7534  MAE: 0.4208  Corr: 0.6367  Loss: 0.4612 
2026-01-15 11:46:17,002 - MMSA [INFO] - TRAIN-(msalm) [5/20/5] >> loss: 0.3719  Mult_acc_2: 0.8173  Mult_acc_3: 0.7083  Mult_acc_5: 0.4189  F1_score: 0.8198  MAE: 0.3517  Corr: 0.7516  clm loss: 3.0227 total loss: 4.7136 bn loss: 0.4048 av loss: 0.4595 text loss: 0.4546
2026-01-15 11:46:18,836 - MMSA [INFO] - VAL-(msalm) >>  Mult_acc_2: 0.7368  Mult_acc_3: 0.6404  Mult_acc_5: 0.3860  F1_score: 0.7448  MAE: 0.4167  Corr: 0.6462  Loss: 0.4410 
2026-01-15 11:46:27,949 - MMSA [INFO] - TRAIN-(msalm) [1/21/5] >> loss: 0.3606  Mult_acc_2: 0.8194  Mult_acc_3: 0.7127  Mult_acc_5: 0.4488  F1_score: 0.8226  MAE: 0.3393  Corr: 0.7595  clm loss: 3.0112 total loss: 4.67 bn loss: 0.3915 av loss: 0.4616 text loss: 0.4451
2026-01-15 11:46:29,911 - MMSA [INFO] - VAL-(msalm) >>  Mult_acc_2: 0.7303  Mult_acc_3: 0.6250  Mult_acc_5: 0.3706  F1_score: 0.7380  MAE: 0.4210  Corr: 0.6414  Loss: 0.4411 
2026-01-15 11:46:38,038 - MMSA [INFO] - TRAIN-(msalm) [2/22/5] >> loss: 0.3526  Mult_acc_2: 0.8202  Mult_acc_3: 0.7208  Mult_acc_5: 0.4466  F1_score: 0.8237  MAE: 0.3337  Corr: 0.7718  clm loss: 2.98 total loss: 4.614 bn loss: 0.3784 av loss: 0.4608 text loss: 0.4423
2026-01-15 11:46:39,843 - MMSA [INFO] - VAL-(msalm) >>  Mult_acc_2: 0.7610  Mult_acc_3: 0.6425  Mult_acc_5: 0.3925  F1_score: 0.7659  MAE: 0.4134  Corr: 0.6486  Loss: 0.4407 
2026-01-15 11:46:49,059 - MMSA [INFO] - TRAIN-(msalm) [1/23/5] >> loss: 0.3422  Mult_acc_2: 0.8158  Mult_acc_3: 0.7237  Mult_acc_5: 0.4561  F1_score: 0.8197  MAE: 0.3221  Corr: 0.7803  clm loss: 2.9416 total loss: 4.5524 bn loss: 0.3644 av loss: 0.4637 text loss: 0.4405
2026-01-15 11:46:50,941 - MMSA [INFO] - VAL-(msalm) >>  Mult_acc_2: 0.7632  Mult_acc_3: 0.6469  Mult_acc_5: 0.3728  F1_score: 0.7705  MAE: 0.4118  Corr: 0.6582  Loss: 0.4309 
2026-01-15 11:47:00,332 - MMSA [INFO] - TRAIN-(msalm) [1/24/5] >> loss: 0.336  Mult_acc_2: 0.8377  Mult_acc_3: 0.7485  Mult_acc_5: 0.4883  F1_score: 0.8398  MAE: 0.3202  Corr: 0.7876  clm loss: 2.9338 total loss: 4.5061 bn loss: 0.3547 av loss: 0.455 text loss: 0.4267
2026-01-15 11:47:02,099 - MMSA [INFO] - VAL-(msalm) >>  Mult_acc_2: 0.7675  Mult_acc_3: 0.6447  Mult_acc_5: 0.3816  F1_score: 0.7725  MAE: 0.4092  Corr: 0.6595  Loss: 0.4240 
2026-01-15 11:47:11,344 - MMSA [INFO] - TRAIN-(msalm) [1/25/5] >> loss: 0.3167  Mult_acc_2: 0.8363  Mult_acc_3: 0.7463  Mult_acc_5: 0.4978  F1_score: 0.8391  MAE: 0.2988  Corr: 0.8115  clm loss: 2.9017 total loss: 4.4248 bn loss: 0.3465 av loss: 0.4542 text loss: 0.4057
2026-01-15 11:47:13,135 - MMSA [INFO] - VAL-(msalm) >>  Mult_acc_2: 0.7632  Mult_acc_3: 0.6382  Mult_acc_5: 0.3838  F1_score: 0.7701  MAE: 0.4077  Corr: 0.6596  Loss: 0.4384 
2026-01-15 11:47:21,234 - MMSA [INFO] - TRAIN-(msalm) [2/26/5] >> loss: 0.3188  Mult_acc_2: 0.8414  Mult_acc_3: 0.7383  Mult_acc_5: 0.5007  F1_score: 0.8441  MAE: 0.2967  Corr: 0.8122  clm loss: 2.8805 total loss: 4.4058 bn loss: 0.3453 av loss: 0.4582 text loss: 0.403
2026-01-15 11:47:22,987 - MMSA [INFO] - VAL-(msalm) >>  Mult_acc_2: 0.7412  Mult_acc_3: 0.6338  Mult_acc_5: 0.3706  F1_score: 0.7505  MAE: 0.4158  Corr: 0.6608  Loss: 0.4344 
2026-01-15 11:47:31,131 - MMSA [INFO] - TRAIN-(msalm) [3/27/5] >> loss: 0.3094  Mult_acc_2: 0.8282  Mult_acc_3: 0.7500  Mult_acc_5: 0.5241  F1_score: 0.8320  MAE: 0.2940  Corr: 0.8094  clm loss: 2.8555 total loss: 4.3558 bn loss: 0.337 av loss: 0.4574 text loss: 0.3966
2026-01-15 11:47:32,924 - MMSA [INFO] - VAL-(msalm) >>  Mult_acc_2: 0.7566  Mult_acc_3: 0.6360  Mult_acc_5: 0.3640  F1_score: 0.7613  MAE: 0.4167  Corr: 0.6411  Loss: 0.4224 
2026-01-15 11:47:42,217 - MMSA [INFO] - TRAIN-(msalm) [1/28/5] >> loss: 0.3032  Mult_acc_2: 0.8341  Mult_acc_3: 0.7529  Mult_acc_5: 0.5168  F1_score: 0.8366  MAE: 0.2902  Corr: 0.8249  clm loss: 2.818 total loss: 4.2881 bn loss: 0.325 av loss: 0.4514 text loss: 0.3906
2026-01-15 11:47:43,990 - MMSA [INFO] - VAL-(msalm) >>  Mult_acc_2: 0.7566  Mult_acc_3: 0.6360  Mult_acc_5: 0.3794  F1_score: 0.7619  MAE: 0.4085  Corr: 0.6501  Loss: 0.4369 
2026-01-15 11:47:52,085 - MMSA [INFO] - TRAIN-(msalm) [2/29/5] >> loss: 0.3037  Mult_acc_2: 0.8436  Mult_acc_3: 0.7529  Mult_acc_5: 0.5154  F1_score: 0.8466  MAE: 0.2804  Corr: 0.8320  clm loss: 2.7968 total loss: 4.2733 bn loss: 0.3262 av loss: 0.4573 text loss: 0.3893
2026-01-15 11:47:53,888 - MMSA [INFO] - VAL-(msalm) >>  Mult_acc_2: 0.7654  Mult_acc_3: 0.6557  Mult_acc_5: 0.4079  F1_score: 0.7705  MAE: 0.4039  Corr: 0.6542  Loss: 0.4334 
2026-01-15 11:48:02,031 - MMSA [INFO] - TRAIN-(msalm) [3/30/5] >> loss: 0.2834  Mult_acc_2: 0.8487  Mult_acc_3: 0.7617  Mult_acc_5: 0.5446  F1_score: 0.8516  MAE: 0.2642  Corr: 0.8508  clm loss: 2.7549 total loss: 4.1907 bn loss: 0.308 av loss: 0.4496 text loss: 0.3947
2026-01-15 11:48:03,837 - MMSA [INFO] - VAL-(msalm) >>  Mult_acc_2: 0.7500  Mult_acc_3: 0.6360  Mult_acc_5: 0.3575  F1_score: 0.7560  MAE: 0.4133  Corr: 0.6489  Loss: 0.4205 
2026-01-15 11:48:13,073 - MMSA [INFO] - TRAIN-(msalm) [1/31/5] >> loss: 0.2898  Mult_acc_2: 0.8392  Mult_acc_3: 0.7478  Mult_acc_5: 0.5292  F1_score: 0.8424  MAE: 0.2757  Corr: 0.8442  clm loss: 2.7876 total loss: 4.245 bn loss: 0.3079 av loss: 0.455 text loss: 0.4046
2026-01-15 11:48:15,140 - MMSA [INFO] - VAL-(msalm) >>  Mult_acc_2: 0.7632  Mult_acc_3: 0.6535  Mult_acc_5: 0.3838  F1_score: 0.7694  MAE: 0.4064  Corr: 0.6587  Loss: 0.4286 
2026-01-15 11:48:23,326 - MMSA [INFO] - TRAIN-(msalm) [2/32/5] >> loss: 0.2707  Mult_acc_2: 0.8465  Mult_acc_3: 0.7763  Mult_acc_5: 0.5614  F1_score: 0.8496  MAE: 0.2524  Corr: 0.8592  clm loss: 2.7385 total loss: 4.1435 bn loss: 0.2969 av loss: 0.4531 text loss: 0.3844
2026-01-15 11:48:25,140 - MMSA [INFO] - VAL-(msalm) >>  Mult_acc_2: 0.7610  Mult_acc_3: 0.6557  Mult_acc_5: 0.3904  F1_score: 0.7656  MAE: 0.4045  Corr: 0.6590  Loss: 0.4233 
2026-01-15 11:48:33,310 - MMSA [INFO] - TRAIN-(msalm) [3/33/5] >> loss: 0.2654  Mult_acc_2: 0.8589  Mult_acc_3: 0.7778  Mult_acc_5: 0.5658  F1_score: 0.8619  MAE: 0.2489  Corr: 0.8705  clm loss: 2.6968 total loss: 4.0634 bn loss: 0.291 av loss: 0.4457 text loss: 0.3646
2026-01-15 11:48:35,097 - MMSA [INFO] - VAL-(msalm) >>  Mult_acc_2: 0.7632  Mult_acc_3: 0.6469  Mult_acc_5: 0.3816  F1_score: 0.7691  MAE: 0.4089  Corr: 0.6551  Loss: 0.4328 
2026-01-15 11:48:43,298 - MMSA [INFO] - TRAIN-(msalm) [4/34/5] >> loss: 0.2621  Mult_acc_2: 0.8538  Mult_acc_3: 0.7895  Mult_acc_5: 0.5636  F1_score: 0.8566  MAE: 0.2449  Corr: 0.8683  clm loss: 2.6623 total loss: 4.0006 bn loss: 0.2869 av loss: 0.4493 text loss: 0.34
2026-01-15 11:48:45,076 - MMSA [INFO] - VAL-(msalm) >>  Mult_acc_2: 0.7719  Mult_acc_3: 0.6469  Mult_acc_5: 0.3925  F1_score: 0.7776  MAE: 0.4058  Corr: 0.6574  Loss: 0.4319 
2026-01-15 11:48:53,302 - MMSA [INFO] - TRAIN-(msalm) [5/35/5] >> loss: 0.2572  Mult_acc_2: 0.8765  Mult_acc_3: 0.7844  Mult_acc_5: 0.5870  F1_score: 0.8787  MAE: 0.2380  Corr: 0.8757  clm loss: 2.6385 total loss: 3.9552 bn loss: 0.2791 av loss: 0.4489 text loss: 0.3314
2026-01-15 11:48:55,108 - MMSA [INFO] - VAL-(msalm) >>  Mult_acc_2: 0.7588  Mult_acc_3: 0.6316  Mult_acc_5: 0.3684  F1_score: 0.7648  MAE: 0.4115  Corr: 0.6504  Loss: 0.4224 
2026-01-15 11:49:03,304 - MMSA [INFO] - TRAIN-(msalm) [6/36/5] >> loss: 0.2576  Mult_acc_2: 0.8677  Mult_acc_3: 0.7814  Mult_acc_5: 0.5673  F1_score: 0.8702  MAE: 0.2405  Corr: 0.8817  clm loss: 2.6293 total loss: 3.9478 bn loss: 0.276 av loss: 0.4521 text loss: 0.3328
2026-01-15 11:49:05,102 - MMSA [INFO] - VAL-(msalm) >>  Mult_acc_2: 0.7588  Mult_acc_3: 0.6469  Mult_acc_5: 0.3947  F1_score: 0.7653  MAE: 0.4071  Corr: 0.6557  Loss: 0.4304 
2026-01-15 11:49:13,284 - MMSA [INFO] - TRAIN-(msalm) [7/37/5] >> loss: 0.2448  Mult_acc_2: 0.8633  Mult_acc_3: 0.7982  Mult_acc_5: 0.5921  F1_score: 0.8663  MAE: 0.2238  Corr: 0.8928  clm loss: 2.6075 total loss: 3.8847 bn loss: 0.2653 av loss: 0.442 text loss: 0.325
2026-01-15 11:49:15,114 - MMSA [INFO] - VAL-(msalm) >>  Mult_acc_2: 0.7697  Mult_acc_3: 0.6579  Mult_acc_5: 0.3991  F1_score: 0.7745  MAE: 0.4102  Corr: 0.6491  Loss: 0.4325 
2026-01-15 11:49:23,274 - MMSA [INFO] - TRAIN-(msalm) [8/38/5] >> loss: 0.2456  Mult_acc_2: 0.8604  Mult_acc_3: 0.7939  Mult_acc_5: 0.6038  F1_score: 0.8635  MAE: 0.2250  Corr: 0.8914  clm loss: 2.5878 total loss: 3.8799 bn loss: 0.2609 av loss: 0.4472 text loss: 0.3384
2026-01-15 11:49:25,077 - MMSA [INFO] - VAL-(msalm) >>  Mult_acc_2: 0.7434  Mult_acc_3: 0.6447  Mult_acc_5: 0.3882  F1_score: 0.7503  MAE: 0.4156  Corr: 0.6429  Loss: 0.4272 
2026-01-15 11:49:33,273 - MMSA [INFO] - TRAIN-(msalm) [9/39/5] >> loss: 0.2293  Mult_acc_2: 0.8501  Mult_acc_3: 0.7946  Mult_acc_5: 0.6111  F1_score: 0.8542  MAE: 0.2091  Corr: 0.9038  clm loss: 2.5391 total loss: 3.7659 bn loss: 0.2491 av loss: 0.4432 text loss: 0.3053
2026-01-15 11:49:35,120 - MMSA [INFO] - VAL-(msalm) >>  Mult_acc_2: 0.7522  Mult_acc_3: 0.6513  Mult_acc_5: 0.3925  F1_score: 0.7585  MAE: 0.4094  Corr: 0.6511  Loss: 0.4210 
2026-01-15 11:49:43,420 - MMSA [INFO] - TRAIN-(msalm) [10/40/5] >> loss: 0.2318  Mult_acc_2: 0.8670  Mult_acc_3: 0.7924  Mult_acc_5: 0.6082  F1_score: 0.8702  MAE: 0.2133  Corr: 0.9043  clm loss: 2.5203 total loss: 3.7703 bn loss: 0.2469 av loss: 0.4457 text loss: 0.3256
2026-01-15 11:49:45,262 - MMSA [INFO] - VAL-(msalm) >>  Mult_acc_2: 0.7500  Mult_acc_3: 0.6491  Mult_acc_5: 0.3794  F1_score: 0.7582  MAE: 0.4152  Corr: 0.6516  Loss: 0.4267 
2026-01-15 11:49:47,503 - MMSA [INFO] - TEST-(msalm) >>  Mult_acc_2: 0.8249  Mult_acc_3: 0.7024  Mult_acc_5: 0.4376  F1_score: 0.8293  MAE: 0.3728  Corr: 0.7094  Loss: 0.3786 
2026-01-15 11:49:48,792 - MMSA [INFO] - Result for seed 1994: {'Mult_acc_2': 0.8249, 'Mult_acc_3': 0.7024, 'Mult_acc_5': 0.4376, 'F1_score': 0.8293, 'MAE': 0.3728, 'Corr': 0.7094, 'Loss': 0.3786, 'seed': 1994}
2026-01-15 11:49:48,816 - MMSA [INFO] - Results saved to MMSA/results/sims/lrs_0002/mmrouter/k_2/nf_16-exp-ffws-true-gca-text-ffw-a3/lr_0002__k_2__nf_16-exp-ffws-text-ffw-a3/normal/sims_avg.csv.
