2026-01-15 09:41:30,572 - MMSA [INFO] - ======================================== Program Start ========================================
2026-01-15 09:41:30,629 - MMSA [INFO] - Running with args:
2026-01-15 09:41:30,629 - MMSA [INFO] - {'model_name': 'msalm', 'dataset_name': 'sims', 'featurePath': '/leonardo_work/EUHPC_A04_051/alexfil/MSA-Datasets/CH-SIMS/unaligned_39.pkl', 'seq_lens': [39, 400, 55], 'feature_dims': [768, 33, 709], 'train_samples': 1368, 'num_classes': 3, 'language': 'cn', 'KeyEval': 'Loss', 'missing_rate': [0.0, 0.0, 0.0], 'missing_seed': [1111, 1111, 1111], 'need_data_aligned': False, 'need_model_aligned': False, 'early_stop': 10, 'use_bert': False, 'use_bert_finetune': False, 'attn_mask': True, 'excludeZero': True, 'update_epochs': 8, 'use_augmentation': False, 'use_m3xup': False, 'hfPath': False, 'use_ulgm': False, 'update_labels_patience': 1, 'H': 3.0, 'del_model': True, 'max_token_len': 39, 'pad_token': '<|endoftext|>', 'lm': '/leonardo_work/EUHPC_A04_051/alexfil/gpt2-chinese-cluecorpussmall', 'use_bf16': False, 'task_out': 1, 'use_clm': True, 'gamma': 1.0, 'l_bn': 1.0, 'l_av': 1.0, 'l_t': 1.0, 'warmup_epochs': 1, 'max_epochs': 100, 'beta_1': 0.9, 'beta_2': 0.95, 'use_lnorm': True, 'rescale': False, 'rescaler': 'sqrt', 'use_seqaug': True, 'n_bn_fusion': 16, 'modded_loss': True, 'embedding_attr_name': 'transformer.wte', 'decoder_layers_attr_name': 'transformer.h', 'mmgpt': {'type': 'gpt2', 'd_out': 64, 'combine': True, 'dropout': 0.1, 'mm_layer': [5, 6, 7, 8, 9, 10, 11], 'top_k': 2, 'layer_dropout': 0.0, 'dense': True, 'tie_ffn': True, 'n_embd': 768, 'bias': True, 'kv_dim': 30, 'n_head': 16, 'd_mm': 768, 'gating': 'sigmoid', 'init_gate': [0.0, 0.0, 0.0, 0.0, 0.0, 0.0, 0.0, 0.0, 0.0, 0.0], 'use_softperm': True, 'p_perm': 0.3, 'p_apply': 0.25, 'use_lora': False, 'lora': {'lora_alpha': 128, 'r': 64, 'lora_dropout': 0.05}}, 'av_enc': {'finetune': True, 'from_pretrained': True, 'path_to_pretrained': '/leonardo_work/EUHPC_A04_051/alexfil/DeepMLF-Reprod/checkpoints/bienc-sims-1990/bienc-sims-1990.pth', 'feature_dims': [768, 33, 709], 'd_enc': 30, 'n_embd': 30, 'n_head': 6, 'nlevels': 3, 'd_enc_out': 30, 'maxlen': 55, 'p_mask': 0.15, 'enc_attn_dropout': 0.1, 'enc_res_dropout': 0.1, 'enc_dropout': 0.1, 'use_softperm': True, 'p_perm': 0.2, 'mask_perm_ratio': 0.5, 'tf_fusion': False, 'use_bn': True, 'use_ln': False}, 'gpt': {'vocab_size': 50257, 'block_size': 1024, 'bias': True, 'n_embd': 1024, 'n_layer': 24, 'n_head': 16, 'dropout': 0.0}, 'batch_size': 32, 'grad_clip': 5.0, 'patience': 10, 'weight_decay_mmgpt': 0.1, 'weight_decay_av': 0.1, 'learning_rate_av': 0.0002, 'learning_rate_mmgpt': 0.0002, 'device': device(type='cuda', index=0), 'train_mode': 'regression', 'custom_feature': None, 'feature_T': '', 'feature_A': '', 'feature_V': ''}
2026-01-15 09:41:30,629 - MMSA [INFO] - Seeds: [1990, 1991, 1992, 1993, 1994]
2026-01-15 09:41:30,630 - MMSA [INFO] - ------------------------------ Running with seed 1990 [1/5] ------------------------------
2026-01-15 09:43:04,870 - MMSA [INFO] - The model has 167326060 trainable parameters
2026-01-15 09:44:43,590 - MMSA [INFO] - ======================================== Program Start ========================================
2026-01-15 09:44:43,648 - MMSA [INFO] - Running with args:
2026-01-15 09:44:43,648 - MMSA [INFO] - {'model_name': 'msalm', 'dataset_name': 'sims', 'featurePath': '/leonardo_work/EUHPC_A04_051/alexfil/MSA-Datasets/CH-SIMS/unaligned_39.pkl', 'seq_lens': [39, 400, 55], 'feature_dims': [768, 33, 709], 'train_samples': 1368, 'num_classes': 3, 'language': 'cn', 'KeyEval': 'Loss', 'missing_rate': [0.0, 0.0, 0.0], 'missing_seed': [1111, 1111, 1111], 'need_data_aligned': False, 'need_model_aligned': False, 'early_stop': 10, 'use_bert': False, 'use_bert_finetune': False, 'attn_mask': True, 'excludeZero': True, 'update_epochs': 8, 'use_augmentation': False, 'use_m3xup': False, 'hfPath': False, 'use_ulgm': False, 'update_labels_patience': 1, 'H': 3.0, 'del_model': True, 'max_token_len': 39, 'pad_token': '<|endoftext|>', 'lm': '/leonardo_work/EUHPC_A04_051/alexfil/gpt2-chinese-cluecorpussmall', 'use_bf16': False, 'task_out': 1, 'use_clm': True, 'gamma': 1.0, 'l_bn': 1.0, 'l_av': 1.0, 'l_t': 1.0, 'warmup_epochs': 1, 'max_epochs': 100, 'beta_1': 0.9, 'beta_2': 0.95, 'use_lnorm': True, 'rescale': False, 'rescaler': 'sqrt', 'use_seqaug': True, 'n_bn_fusion': 16, 'modded_loss': True, 'embedding_attr_name': 'transformer.wte', 'decoder_layers_attr_name': 'transformer.h', 'mmgpt': {'type': 'gpt2', 'd_out': 64, 'combine': True, 'dropout': 0.1, 'mm_layer': [5, 6, 7, 8, 9, 10, 11], 'top_k': 2, 'layer_dropout': 0.0, 'dense': True, 'tie_ffn': True, 'n_embd': 768, 'bias': True, 'kv_dim': 30, 'n_head': 16, 'd_mm': 768, 'gating': 'sigmoid', 'init_gate': [0.0, 0.0, 0.0, 0.0, 0.0, 0.0, 0.0, 0.0, 0.0, 0.0], 'use_softperm': True, 'p_perm': 0.3, 'p_apply': 0.25, 'use_lora': False, 'lora': {'lora_alpha': 128, 'r': 64, 'lora_dropout': 0.05}}, 'av_enc': {'finetune': True, 'from_pretrained': True, 'path_to_pretrained': '/leonardo_work/EUHPC_A04_051/alexfil/DeepMLF-Reprod/checkpoints/bienc-sims-1990/bienc-sims-1990.pth', 'feature_dims': [768, 33, 709], 'd_enc': 30, 'n_embd': 30, 'n_head': 6, 'nlevels': 3, 'd_enc_out': 30, 'maxlen': 55, 'p_mask': 0.15, 'enc_attn_dropout': 0.1, 'enc_res_dropout': 0.1, 'enc_dropout': 0.1, 'use_softperm': True, 'p_perm': 0.2, 'mask_perm_ratio': 0.5, 'tf_fusion': False, 'use_bn': True, 'use_ln': False}, 'gpt': {'vocab_size': 50257, 'block_size': 1024, 'bias': True, 'n_embd': 1024, 'n_layer': 24, 'n_head': 16, 'dropout': 0.0}, 'batch_size': 32, 'grad_clip': 5.0, 'patience': 10, 'weight_decay_mmgpt': 0.1, 'weight_decay_av': 0.1, 'learning_rate_av': 0.0002, 'learning_rate_mmgpt': 0.0002, 'device': device(type='cuda', index=0), 'train_mode': 'regression', 'custom_feature': None, 'feature_T': '', 'feature_A': '', 'feature_V': ''}
2026-01-15 09:44:43,648 - MMSA [INFO] - Seeds: [1990, 1991, 1992, 1993, 1994]
2026-01-15 09:44:43,649 - MMSA [INFO] - ------------------------------ Running with seed 1990 [1/5] ------------------------------
2026-01-15 09:46:10,846 - MMSA [INFO] - The model has 167326060 trainable parameters
2026-01-15 09:46:20,514 - MMSA [INFO] - TRAIN-(msalm) [1/1/1] >> loss: 0.6995  Mult_acc_2: 0.4430  Mult_acc_3: 0.3355  Mult_acc_5: 0.1674  F1_score: 0.4486  MAE: 0.6998  Corr: 0.0472  clm loss: 7.6034 total loss: 10.811 bn loss: 0.8747 av loss: 0.6266 text loss: 1.0068
2026-01-15 09:46:22,424 - MMSA [INFO] - VAL-(msalm) >>  Mult_acc_2: 0.5482  Mult_acc_3: 0.3991  Mult_acc_5: 0.1908  F1_score: 0.5642  MAE: 0.6325  Corr: 0.1458  Loss: 0.6270 
2026-01-15 09:46:31,429 - MMSA [INFO] - TRAIN-(msalm) [1/2/1] >> loss: 0.6341  Mult_acc_2: 0.5263  Mult_acc_3: 0.4167  Mult_acc_5: 0.2061  F1_score: 0.5337  MAE: 0.6328  Corr: 0.2656  clm loss: 6.3736 total loss: 9.1272 bn loss: 0.7037 av loss: 0.5997 text loss: 0.8161
2026-01-15 09:46:33,116 - MMSA [INFO] - VAL-(msalm) >>  Mult_acc_2: 0.6360  Mult_acc_3: 0.5154  Mult_acc_5: 0.2215  F1_score: 0.6504  MAE: 0.5473  Corr: 0.4413  Loss: 0.5590 
2026-01-15 09:46:42,021 - MMSA [INFO] - TRAIN-(msalm) [1/3/1] >> loss: 0.5568  Mult_acc_2: 0.6323  Mult_acc_3: 0.5219  Mult_acc_5: 0.2763  F1_score: 0.6448  MAE: 0.5476  Corr: 0.4736  clm loss: 5.1424 total loss: 7.516 bn loss: 0.6018 av loss: 0.5577 text loss: 0.6573
2026-01-15 09:46:43,789 - MMSA [INFO] - VAL-(msalm) >>  Mult_acc_2: 0.6579  Mult_acc_3: 0.5461  Mult_acc_5: 0.2807  F1_score: 0.6714  MAE: 0.5260  Corr: 0.4931  Loss: 0.5270 
2026-01-15 09:46:52,584 - MMSA [INFO] - TRAIN-(msalm) [1/4/1] >> loss: 0.5404  Mult_acc_2: 0.6652  Mult_acc_3: 0.5775  Mult_acc_5: 0.3143  F1_score: 0.6781  MAE: 0.5165  Corr: 0.5220  clm loss: 4.4198 total loss: 6.69 bn loss: 0.5667 av loss: 0.5436 text loss: 0.6194
2026-01-15 09:46:54,348 - MMSA [INFO] - VAL-(msalm) >>  Mult_acc_2: 0.6075  Mult_acc_3: 0.5022  Mult_acc_5: 0.2697  F1_score: 0.6209  MAE: 0.5505  Corr: 0.5053  Loss: 0.5720 
2026-01-15 09:47:02,104 - MMSA [INFO] - TRAIN-(msalm) [2/5/1] >> loss: 0.5036  Mult_acc_2: 0.6784  Mult_acc_3: 0.5950  Mult_acc_5: 0.3151  F1_score: 0.6908  MAE: 0.4869  Corr: 0.5715  clm loss: 3.9783 total loss: 6.1606 bn loss: 0.5507 av loss: 0.5169 text loss: 0.6112
2026-01-15 09:47:03,800 - MMSA [INFO] - VAL-(msalm) >>  Mult_acc_2: 0.6535  Mult_acc_3: 0.5482  Mult_acc_5: 0.3004  F1_score: 0.6672  MAE: 0.5066  Corr: 0.5441  Loss: 0.5211 
2026-01-15 09:47:12,648 - MMSA [INFO] - TRAIN-(msalm) [1/6/1] >> loss: 0.4964  Mult_acc_2: 0.7091  Mult_acc_3: 0.5987  Mult_acc_5: 0.3158  F1_score: 0.7203  MAE: 0.4809  Corr: 0.5716  clm loss: 3.7514 total loss: 5.8891 bn loss: 0.5454 av loss: 0.5022 text loss: 0.5936
2026-01-15 09:47:14,295 - MMSA [INFO] - VAL-(msalm) >>  Mult_acc_2: 0.7500  Mult_acc_3: 0.6075  Mult_acc_5: 0.3311  F1_score: 0.7514  MAE: 0.4529  Corr: 0.5696  Loss: 0.4662 
2026-01-15 09:47:22,932 - MMSA [INFO] - TRAIN-(msalm) [1/7/1] >> loss: 0.4683  Mult_acc_2: 0.7061  Mult_acc_3: 0.5921  Mult_acc_5: 0.3297  F1_score: 0.7176  MAE: 0.4564  Corr: 0.6187  clm loss: 3.6553 total loss: 5.7236 bn loss: 0.5345 av loss: 0.5026 text loss: 0.563
2026-01-15 09:47:24,657 - MMSA [INFO] - VAL-(msalm) >>  Mult_acc_2: 0.6206  Mult_acc_3: 0.5351  Mult_acc_5: 0.2982  F1_score: 0.6343  MAE: 0.5019  Corr: 0.5699  Loss: 0.5278 
2026-01-15 09:47:32,236 - MMSA [INFO] - TRAIN-(msalm) [2/8/1] >> loss: 0.4667  Mult_acc_2: 0.7310  Mult_acc_3: 0.6367  Mult_acc_5: 0.3553  F1_score: 0.7408  MAE: 0.4522  Corr: 0.6018  clm loss: 3.5078 total loss: 5.5454 bn loss: 0.5178 av loss: 0.4969 text loss: 0.5563
2026-01-15 09:47:33,974 - MMSA [INFO] - VAL-(msalm) >>  Mult_acc_2: 0.5855  Mult_acc_3: 0.5044  Mult_acc_5: 0.2917  F1_score: 0.5927  MAE: 0.5491  Corr: 0.5698  Loss: 0.5814 
2026-01-15 09:47:41,502 - MMSA [INFO] - TRAIN-(msalm) [3/9/1] >> loss: 0.46  Mult_acc_2: 0.7339  Mult_acc_3: 0.6213  Mult_acc_5: 0.3224  F1_score: 0.7435  MAE: 0.4444  Corr: 0.6252  clm loss: 3.3629 total loss: 5.3609 bn loss: 0.5143 av loss: 0.4834 text loss: 0.5403
2026-01-15 09:47:43,214 - MMSA [INFO] - VAL-(msalm) >>  Mult_acc_2: 0.5724  Mult_acc_3: 0.4868  Mult_acc_5: 0.2961  F1_score: 0.5755  MAE: 0.5610  Corr: 0.5815  Loss: 0.5737 
2026-01-15 09:47:50,810 - MMSA [INFO] - TRAIN-(msalm) [4/10/1] >> loss: 0.4409  Mult_acc_2: 0.7427  Mult_acc_3: 0.6469  Mult_acc_5: 0.3779  F1_score: 0.7514  MAE: 0.4268  Corr: 0.6274  clm loss: 3.3117 total loss: 5.2628 bn loss: 0.4921 av loss: 0.4803 text loss: 0.5378
2026-01-15 09:47:52,514 - MMSA [INFO] - VAL-(msalm) >>  Mult_acc_2: 0.6623  Mult_acc_3: 0.5724  Mult_acc_5: 0.3575  F1_score: 0.6751  MAE: 0.4841  Corr: 0.5981  Loss: 0.5194 
2026-01-15 09:48:00,104 - MMSA [INFO] - TRAIN-(msalm) [5/11/1] >> loss: 0.4321  Mult_acc_2: 0.7763  Mult_acc_3: 0.6594  Mult_acc_5: 0.3728  F1_score: 0.7823  MAE: 0.4111  Corr: 0.6624  clm loss: 3.2611 total loss: 5.2081 bn loss: 0.4878 av loss: 0.4772 text loss: 0.5498
2026-01-15 09:48:01,736 - MMSA [INFO] - VAL-(msalm) >>  Mult_acc_2: 0.7346  Mult_acc_3: 0.6316  Mult_acc_5: 0.3947  F1_score: 0.7428  MAE: 0.4197  Corr: 0.6276  Loss: 0.4443 
2026-01-15 09:48:10,273 - MMSA [INFO] - TRAIN-(msalm) [1/12/1] >> loss: 0.4104  Mult_acc_2: 0.7719  Mult_acc_3: 0.6762  Mult_acc_5: 0.4028  F1_score: 0.7784  MAE: 0.3936  Corr: 0.6767  clm loss: 3.2582 total loss: 5.1643 bn loss: 0.4806 av loss: 0.4734 text loss: 0.5417
2026-01-15 09:48:11,956 - MMSA [INFO] - VAL-(msalm) >>  Mult_acc_2: 0.6996  Mult_acc_3: 0.6206  Mult_acc_5: 0.3794  F1_score: 0.7113  MAE: 0.4339  Corr: 0.6355  Loss: 0.4596 
2026-01-15 09:48:19,367 - MMSA [INFO] - TRAIN-(msalm) [2/13/1] >> loss: 0.4252  Mult_acc_2: 0.7551  Mult_acc_3: 0.6601  Mult_acc_5: 0.3801  F1_score: 0.7620  MAE: 0.4079  Corr: 0.6602  clm loss: 3.1771 total loss: 5.0736 bn loss: 0.4754 av loss: 0.4731 text loss: 0.5229
2026-01-15 09:48:21,304 - MMSA [INFO] - VAL-(msalm) >>  Mult_acc_2: 0.6996  Mult_acc_3: 0.6118  Mult_acc_5: 0.3640  F1_score: 0.7115  MAE: 0.4412  Corr: 0.6407  Loss: 0.4581 
2026-01-15 09:48:28,800 - MMSA [INFO] - TRAIN-(msalm) [3/14/1] >> loss: 0.4114  Mult_acc_2: 0.7844  Mult_acc_3: 0.6769  Mult_acc_5: 0.3816  F1_score: 0.7891  MAE: 0.3960  Corr: 0.6804  clm loss: 3.1671 total loss: 5.0307 bn loss: 0.4632 av loss: 0.4692 text loss: 0.5199
2026-01-15 09:48:30,444 - MMSA [INFO] - VAL-(msalm) >>  Mult_acc_2: 0.7741  Mult_acc_3: 0.6711  Mult_acc_5: 0.3991  F1_score: 0.7775  MAE: 0.4027  Corr: 0.6445  Loss: 0.4190 
2026-01-15 09:48:38,917 - MMSA [INFO] - TRAIN-(msalm) [1/15/1] >> loss: 0.3999  Mult_acc_2: 0.7785  Mult_acc_3: 0.6937  Mult_acc_5: 0.4115  F1_score: 0.7837  MAE: 0.3830  Corr: 0.6968  clm loss: 3.1676 total loss: 5.0143 bn loss: 0.4674 av loss: 0.4734 text loss: 0.5061
2026-01-15 09:48:40,628 - MMSA [INFO] - VAL-(msalm) >>  Mult_acc_2: 0.7566  Mult_acc_3: 0.6491  Mult_acc_5: 0.3969  F1_score: 0.7638  MAE: 0.4051  Corr: 0.6505  Loss: 0.4185 
2026-01-15 09:48:49,172 - MMSA [INFO] - TRAIN-(msalm) [1/16/1] >> loss: 0.3811  Mult_acc_2: 0.7968  Mult_acc_3: 0.6886  Mult_acc_5: 0.4174  F1_score: 0.8007  MAE: 0.3628  Corr: 0.7296  clm loss: 3.1437 total loss: 4.9081 bn loss: 0.4443 av loss: 0.4631 text loss: 0.4759
2026-01-15 09:48:50,884 - MMSA [INFO] - VAL-(msalm) >>  Mult_acc_2: 0.7303  Mult_acc_3: 0.6535  Mult_acc_5: 0.3991  F1_score: 0.7407  MAE: 0.4211  Corr: 0.6523  Loss: 0.4479 
2026-01-15 09:48:58,485 - MMSA [INFO] - TRAIN-(msalm) [2/17/1] >> loss: 0.379  Mult_acc_2: 0.8165  Mult_acc_3: 0.6974  Mult_acc_5: 0.4115  F1_score: 0.8198  MAE: 0.3661  Corr: 0.7205  clm loss: 3.1015 total loss: 4.8494 bn loss: 0.4301 av loss: 0.4707 text loss: 0.4681
2026-01-15 09:49:00,120 - MMSA [INFO] - VAL-(msalm) >>  Mult_acc_2: 0.7785  Mult_acc_3: 0.6689  Mult_acc_5: 0.4145  F1_score: 0.7831  MAE: 0.3971  Corr: 0.6545  Loss: 0.4166 
2026-01-15 09:49:08,647 - MMSA [INFO] - TRAIN-(msalm) [1/18/1] >> loss: 0.3636  Mult_acc_2: 0.8099  Mult_acc_3: 0.7047  Mult_acc_5: 0.4561  F1_score: 0.8133  MAE: 0.3444  Corr: 0.7495  clm loss: 3.1038 total loss: 4.7879 bn loss: 0.407 av loss: 0.4562 text loss: 0.4574
2026-01-15 09:49:10,336 - MMSA [INFO] - VAL-(msalm) >>  Mult_acc_2: 0.7697  Mult_acc_3: 0.6798  Mult_acc_5: 0.4452  F1_score: 0.7742  MAE: 0.3903  Corr: 0.6576  Loss: 0.4356 
2026-01-15 09:49:17,903 - MMSA [INFO] - TRAIN-(msalm) [2/19/1] >> loss: 0.3716  Mult_acc_2: 0.8099  Mult_acc_3: 0.7113  Mult_acc_5: 0.4466  F1_score: 0.8135  MAE: 0.3493  Corr: 0.7394  clm loss: 3.1191 total loss: 4.829 bn loss: 0.4103 av loss: 0.4641 text loss: 0.4639
2026-01-15 09:49:19,659 - MMSA [INFO] - VAL-(msalm) >>  Mult_acc_2: 0.7588  Mult_acc_3: 0.6732  Mult_acc_5: 0.4013  F1_score: 0.7667  MAE: 0.4007  Corr: 0.6681  Loss: 0.4088 
2026-01-15 09:49:28,264 - MMSA [INFO] - TRAIN-(msalm) [1/20/1] >> loss: 0.3691  Mult_acc_2: 0.8224  Mult_acc_3: 0.6937  Mult_acc_5: 0.4203  F1_score: 0.8246  MAE: 0.3566  Corr: 0.7446  clm loss: 3.0773 total loss: 4.7494 bn loss: 0.3955 av loss: 0.4617 text loss: 0.4457
2026-01-15 09:49:29,981 - MMSA [INFO] - VAL-(msalm) >>  Mult_acc_2: 0.7434  Mult_acc_3: 0.6623  Mult_acc_5: 0.4145  F1_score: 0.7531  MAE: 0.4023  Corr: 0.6696  Loss: 0.4178 
2026-01-15 09:49:37,642 - MMSA [INFO] - TRAIN-(msalm) [2/21/1] >> loss: 0.3419  Mult_acc_2: 0.8289  Mult_acc_3: 0.7171  Mult_acc_5: 0.4766  F1_score: 0.8318  MAE: 0.3255  Corr: 0.7734  clm loss: 3.0205 total loss: 4.6618 bn loss: 0.3865 av loss: 0.4661 text loss: 0.4467
2026-01-15 09:49:39,336 - MMSA [INFO] - VAL-(msalm) >>  Mult_acc_2: 0.7259  Mult_acc_3: 0.6601  Mult_acc_5: 0.4189  F1_score: 0.7365  MAE: 0.3940  Corr: 0.6750  Loss: 0.4161 
2026-01-15 09:49:46,896 - MMSA [INFO] - TRAIN-(msalm) [3/22/1] >> loss: 0.3453  Mult_acc_2: 0.8165  Mult_acc_3: 0.7222  Mult_acc_5: 0.4583  F1_score: 0.8202  MAE: 0.3251  Corr: 0.7751  clm loss: 2.9869 total loss: 4.6025 bn loss: 0.3838 av loss: 0.4554 text loss: 0.4311
2026-01-15 09:49:48,650 - MMSA [INFO] - VAL-(msalm) >>  Mult_acc_2: 0.7193  Mult_acc_3: 0.6513  Mult_acc_5: 0.3882  F1_score: 0.7302  MAE: 0.4136  Corr: 0.6649  Loss: 0.4274 
2026-01-15 09:49:56,149 - MMSA [INFO] - TRAIN-(msalm) [4/23/1] >> loss: 0.3237  Mult_acc_2: 0.8333  Mult_acc_3: 0.7493  Mult_acc_5: 0.5168  F1_score: 0.8369  MAE: 0.3108  Corr: 0.7935  clm loss: 2.9519 total loss: 4.5466 bn loss: 0.3809 av loss: 0.4618 text loss: 0.4283
2026-01-15 09:49:57,849 - MMSA [INFO] - VAL-(msalm) >>  Mult_acc_2: 0.7632  Mult_acc_3: 0.6711  Mult_acc_5: 0.4167  F1_score: 0.7711  MAE: 0.3973  Corr: 0.6710  Loss: 0.4096 
2026-01-15 09:50:05,384 - MMSA [INFO] - TRAIN-(msalm) [5/24/1] >> loss: 0.3426  Mult_acc_2: 0.8253  Mult_acc_3: 0.7295  Mult_acc_5: 0.4583  F1_score: 0.8277  MAE: 0.3306  Corr: 0.7709  clm loss: 2.9899 total loss: 4.6475 bn loss: 0.3992 av loss: 0.4607 text loss: 0.4551
2026-01-15 09:50:07,060 - MMSA [INFO] - VAL-(msalm) >>  Mult_acc_2: 0.7675  Mult_acc_3: 0.6820  Mult_acc_5: 0.4386  F1_score: 0.7753  MAE: 0.3879  Corr: 0.6784  Loss: 0.4132 
2026-01-15 09:50:14,630 - MMSA [INFO] - TRAIN-(msalm) [6/25/1] >> loss: 0.3177  Mult_acc_2: 0.8348  Mult_acc_3: 0.7566  Mult_acc_5: 0.4985  F1_score: 0.8386  MAE: 0.2993  Corr: 0.8105  clm loss: 2.9396 total loss: 4.538 bn loss: 0.3689 av loss: 0.4549 text loss: 0.4569
2026-01-15 09:50:16,328 - MMSA [INFO] - VAL-(msalm) >>  Mult_acc_2: 0.7281  Mult_acc_3: 0.6425  Mult_acc_5: 0.3794  F1_score: 0.7388  MAE: 0.4187  Corr: 0.6672  Loss: 0.4367 
2026-01-15 09:50:23,969 - MMSA [INFO] - TRAIN-(msalm) [7/26/1] >> loss: 0.299  Mult_acc_2: 0.8370  Mult_acc_3: 0.7588  Mult_acc_5: 0.5117  F1_score: 0.8406  MAE: 0.2845  Corr: 0.8297  clm loss: 2.8878 total loss: 4.4635 bn loss: 0.3595 av loss: 0.4587 text loss: 0.4585
2026-01-15 09:50:25,678 - MMSA [INFO] - VAL-(msalm) >>  Mult_acc_2: 0.7390  Mult_acc_3: 0.6491  Mult_acc_5: 0.3684  F1_score: 0.7493  MAE: 0.4278  Corr: 0.6623  Loss: 0.4421 
2026-01-15 09:50:33,319 - MMSA [INFO] - TRAIN-(msalm) [8/27/1] >> loss: 0.3071  Mult_acc_2: 0.8509  Mult_acc_3: 0.7478  Mult_acc_5: 0.4956  F1_score: 0.8532  MAE: 0.2941  Corr: 0.8174  clm loss: 2.8968 total loss: 4.4339 bn loss: 0.342 av loss: 0.4533 text loss: 0.4347
2026-01-15 09:50:35,148 - MMSA [INFO] - VAL-(msalm) >>  Mult_acc_2: 0.7763  Mult_acc_3: 0.6754  Mult_acc_5: 0.4298  F1_score: 0.7834  MAE: 0.3924  Corr: 0.6640  Loss: 0.4054 
2026-01-15 09:50:43,731 - MMSA [INFO] - TRAIN-(msalm) [1/28/1] >> loss: 0.2979  Mult_acc_2: 0.8589  Mult_acc_3: 0.7712  Mult_acc_5: 0.5365  F1_score: 0.8615  MAE: 0.2801  Corr: 0.8344  clm loss: 2.8602 total loss: 4.3517 bn loss: 0.3415 av loss: 0.4508 text loss: 0.4013
2026-01-15 09:50:45,411 - MMSA [INFO] - VAL-(msalm) >>  Mult_acc_2: 0.7610  Mult_acc_3: 0.6711  Mult_acc_5: 0.4167  F1_score: 0.7692  MAE: 0.3956  Corr: 0.6653  Loss: 0.4097 
2026-01-15 09:50:53,085 - MMSA [INFO] - TRAIN-(msalm) [2/29/1] >> loss: 0.2863  Mult_acc_2: 0.8406  Mult_acc_3: 0.7661  Mult_acc_5: 0.5358  F1_score: 0.8446  MAE: 0.2731  Corr: 0.8435  clm loss: 2.8508 total loss: 4.3257 bn loss: 0.3403 av loss: 0.4508 text loss: 0.3976
2026-01-15 09:50:54,776 - MMSA [INFO] - VAL-(msalm) >>  Mult_acc_2: 0.7961  Mult_acc_3: 0.6842  Mult_acc_5: 0.4430  F1_score: 0.7997  MAE: 0.3882  Corr: 0.6717  Loss: 0.4027 
2026-01-15 09:51:03,343 - MMSA [INFO] - TRAIN-(msalm) [1/30/1] >> loss: 0.2811  Mult_acc_2: 0.8655  Mult_acc_3: 0.7785  Mult_acc_5: 0.5658  F1_score: 0.8674  MAE: 0.2686  Corr: 0.8430  clm loss: 2.8365 total loss: 4.3294 bn loss: 0.359 av loss: 0.4556 text loss: 0.3972
2026-01-15 09:51:05,066 - MMSA [INFO] - VAL-(msalm) >>  Mult_acc_2: 0.7675  Mult_acc_3: 0.6754  Mult_acc_5: 0.4364  F1_score: 0.7743  MAE: 0.3923  Corr: 0.6657  Loss: 0.4095 
2026-01-15 09:51:12,664 - MMSA [INFO] - TRAIN-(msalm) [2/31/1] >> loss: 0.2873  Mult_acc_2: 0.8421  Mult_acc_3: 0.7478  Mult_acc_5: 0.5322  F1_score: 0.8456  MAE: 0.2699  Corr: 0.8411  clm loss: 2.8072 total loss: 4.2887 bn loss: 0.3402 av loss: 0.4535 text loss: 0.4005
2026-01-15 09:51:14,395 - MMSA [INFO] - VAL-(msalm) >>  Mult_acc_2: 0.7237  Mult_acc_3: 0.6711  Mult_acc_5: 0.4232  F1_score: 0.7346  MAE: 0.4044  Corr: 0.6590  Loss: 0.4203 
2026-01-15 09:51:21,926 - MMSA [INFO] - TRAIN-(msalm) [3/32/1] >> loss: 0.2804  Mult_acc_2: 0.8553  Mult_acc_3: 0.7690  Mult_acc_5: 0.5548  F1_score: 0.8579  MAE: 0.2678  Corr: 0.8454  clm loss: 2.7706 total loss: 4.2262 bn loss: 0.3236 av loss: 0.4638 text loss: 0.3878
2026-01-15 09:51:23,687 - MMSA [INFO] - VAL-(msalm) >>  Mult_acc_2: 0.7588  Mult_acc_3: 0.6711  Mult_acc_5: 0.4298  F1_score: 0.7677  MAE: 0.3926  Corr: 0.6638  Loss: 0.4023 
2026-01-15 09:51:32,266 - MMSA [INFO] - TRAIN-(msalm) [1/33/1] >> loss: 0.27  Mult_acc_2: 0.8618  Mult_acc_3: 0.7785  Mult_acc_5: 0.5512  F1_score: 0.8649  MAE: 0.2571  Corr: 0.8590  clm loss: 2.7726 total loss: 4.1849 bn loss: 0.3102 av loss: 0.454 text loss: 0.3781
2026-01-15 09:51:33,952 - MMSA [INFO] - VAL-(msalm) >>  Mult_acc_2: 0.7829  Mult_acc_3: 0.6732  Mult_acc_5: 0.4211  F1_score: 0.7887  MAE: 0.3905  Corr: 0.6696  Loss: 0.3938 
2026-01-15 09:51:42,582 - MMSA [INFO] - TRAIN-(msalm) [1/34/1] >> loss: 0.2522  Mult_acc_2: 0.8582  Mult_acc_3: 0.7887  Mult_acc_5: 0.6001  F1_score: 0.8612  MAE: 0.2371  Corr: 0.8791  clm loss: 2.7007 total loss: 4.0477 bn loss: 0.2912 av loss: 0.4466 text loss: 0.357
2026-01-15 09:51:44,316 - MMSA [INFO] - VAL-(msalm) >>  Mult_acc_2: 0.7303  Mult_acc_3: 0.6447  Mult_acc_5: 0.3860  F1_score: 0.7406  MAE: 0.4104  Corr: 0.6658  Loss: 0.4171 
2026-01-15 09:51:51,921 - MMSA [INFO] - TRAIN-(msalm) [2/35/1] >> loss: 0.2603  Mult_acc_2: 0.8509  Mult_acc_3: 0.7778  Mult_acc_5: 0.5819  F1_score: 0.8542  MAE: 0.2390  Corr: 0.8748  clm loss: 2.6833 total loss: 4.0354 bn loss: 0.2975 av loss: 0.4424 text loss: 0.3519
2026-01-15 09:51:53,605 - MMSA [INFO] - VAL-(msalm) >>  Mult_acc_2: 0.7325  Mult_acc_3: 0.6491  Mult_acc_5: 0.4013  F1_score: 0.7430  MAE: 0.4061  Corr: 0.6645  Loss: 0.4200 
2026-01-15 09:52:01,253 - MMSA [INFO] - TRAIN-(msalm) [3/36/1] >> loss: 0.253  Mult_acc_2: 0.8677  Mult_acc_3: 0.7880  Mult_acc_5: 0.5877  F1_score: 0.8700  MAE: 0.2381  Corr: 0.8797  clm loss: 2.668 total loss: 4.0123 bn loss: 0.294 av loss: 0.4457 text loss: 0.3516
2026-01-15 09:52:03,192 - MMSA [INFO] - VAL-(msalm) >>  Mult_acc_2: 0.7566  Mult_acc_3: 0.6645  Mult_acc_5: 0.4057  F1_score: 0.7653  MAE: 0.3924  Corr: 0.6681  Loss: 0.4081 
2026-01-15 09:52:10,834 - MMSA [INFO] - TRAIN-(msalm) [4/37/1] >> loss: 0.2397  Mult_acc_2: 0.8596  Mult_acc_3: 0.7909  Mult_acc_5: 0.6023  F1_score: 0.8629  MAE: 0.2268  Corr: 0.8903  clm loss: 2.6737 total loss: 3.9862 bn loss: 0.274 av loss: 0.4403 text loss: 0.3584
2026-01-15 09:52:12,539 - MMSA [INFO] - VAL-(msalm) >>  Mult_acc_2: 0.7588  Mult_acc_3: 0.6601  Mult_acc_5: 0.4101  F1_score: 0.7670  MAE: 0.3925  Corr: 0.6684  Loss: 0.4028 
2026-01-15 09:52:20,186 - MMSA [INFO] - TRAIN-(msalm) [5/38/1] >> loss: 0.2422  Mult_acc_2: 0.8655  Mult_acc_3: 0.7953  Mult_acc_5: 0.6177  F1_score: 0.8688  MAE: 0.2283  Corr: 0.8878  clm loss: 2.6325 total loss: 3.9446 bn loss: 0.2726 av loss: 0.4442 text loss: 0.3531
2026-01-15 09:52:21,887 - MMSA [INFO] - VAL-(msalm) >>  Mult_acc_2: 0.7566  Mult_acc_3: 0.6557  Mult_acc_5: 0.4013  F1_score: 0.7642  MAE: 0.3912  Corr: 0.6705  Loss: 0.4012 
2026-01-15 09:52:29,580 - MMSA [INFO] - TRAIN-(msalm) [6/39/1] >> loss: 0.244  Mult_acc_2: 0.8560  Mult_acc_3: 0.7807  Mult_acc_5: 0.6170  F1_score: 0.8594  MAE: 0.2256  Corr: 0.8854  clm loss: 2.655 total loss: 3.942 bn loss: 0.2705 av loss: 0.4496 text loss: 0.3228
2026-01-15 09:52:31,282 - MMSA [INFO] - VAL-(msalm) >>  Mult_acc_2: 0.7654  Mult_acc_3: 0.6754  Mult_acc_5: 0.4320  F1_score: 0.7723  MAE: 0.3841  Corr: 0.6733  Loss: 0.3926 
2026-01-15 09:52:40,001 - MMSA [INFO] - TRAIN-(msalm) [1/40/1] >> loss: 0.227  Mult_acc_2: 0.8626  Mult_acc_3: 0.8129  Mult_acc_5: 0.6440  F1_score: 0.8657  MAE: 0.2106  Corr: 0.8977  clm loss: 2.6113 total loss: 3.8775 bn loss: 0.2661 av loss: 0.4508 text loss: 0.3223
2026-01-15 09:52:41,743 - MMSA [INFO] - VAL-(msalm) >>  Mult_acc_2: 0.7632  Mult_acc_3: 0.6732  Mult_acc_5: 0.4276  F1_score: 0.7714  MAE: 0.3863  Corr: 0.6731  Loss: 0.4173 
2026-01-15 09:52:49,465 - MMSA [INFO] - TRAIN-(msalm) [2/41/1] >> loss: 0.2133  Mult_acc_2: 0.8692  Mult_acc_3: 0.8143  Mult_acc_5: 0.6572  F1_score: 0.8724  MAE: 0.1970  Corr: 0.9111  clm loss: 2.5794 total loss: 3.7959 bn loss: 0.2477 av loss: 0.4403 text loss: 0.3152
2026-01-15 09:52:51,157 - MMSA [INFO] - VAL-(msalm) >>  Mult_acc_2: 0.7632  Mult_acc_3: 0.6645  Mult_acc_5: 0.3904  F1_score: 0.7707  MAE: 0.3920  Corr: 0.6683  Loss: 0.3949 
2026-01-15 09:52:58,781 - MMSA [INFO] - TRAIN-(msalm) [3/42/1] >> loss: 0.2266  Mult_acc_2: 0.8779  Mult_acc_3: 0.8129  Mult_acc_5: 0.6257  F1_score: 0.8807  MAE: 0.2123  Corr: 0.9013  clm loss: 2.556 total loss: 3.7944 bn loss: 0.2487 av loss: 0.4483 text loss: 0.3149
2026-01-15 09:53:00,501 - MMSA [INFO] - VAL-(msalm) >>  Mult_acc_2: 0.7588  Mult_acc_3: 0.6623  Mult_acc_5: 0.4057  F1_score: 0.7660  MAE: 0.3910  Corr: 0.6635  Loss: 0.3933 
2026-01-15 09:53:08,165 - MMSA [INFO] - TRAIN-(msalm) [4/43/1] >> loss: 0.2238  Mult_acc_2: 0.8589  Mult_acc_3: 0.7982  Mult_acc_5: 0.6301  F1_score: 0.8626  MAE: 0.2083  Corr: 0.9083  clm loss: 2.5431 total loss: 3.7729 bn loss: 0.2463 av loss: 0.4526 text loss: 0.3072
2026-01-15 09:53:09,930 - MMSA [INFO] - VAL-(msalm) >>  Mult_acc_2: 0.7675  Mult_acc_3: 0.6689  Mult_acc_5: 0.4189  F1_score: 0.7746  MAE: 0.3878  Corr: 0.6692  Loss: 0.3923 
2026-01-15 09:53:18,731 - MMSA [INFO] - TRAIN-(msalm) [1/44/1] >> loss: 0.2094  Mult_acc_2: 0.8655  Mult_acc_3: 0.8202  Mult_acc_5: 0.6484  F1_score: 0.8691  MAE: 0.1932  Corr: 0.9164  clm loss: 2.4478 total loss: 3.6581 bn loss: 0.241 av loss: 0.4464 text loss: 0.3134
2026-01-15 09:53:20,510 - MMSA [INFO] - VAL-(msalm) >>  Mult_acc_2: 0.7851  Mult_acc_3: 0.6711  Mult_acc_5: 0.4232  F1_score: 0.7894  MAE: 0.3896  Corr: 0.6601  Loss: 0.4050 
2026-01-15 09:53:28,397 - MMSA [INFO] - TRAIN-(msalm) [2/45/1] >> loss: 0.2147  Mult_acc_2: 0.8787  Mult_acc_3: 0.8077  Mult_acc_5: 0.6455  F1_score: 0.8817  MAE: 0.1991  Corr: 0.9172  clm loss: 2.4554 total loss: 3.6926 bn loss: 0.2549 av loss: 0.4488 text loss: 0.3188
2026-01-15 09:53:30,183 - MMSA [INFO] - VAL-(msalm) >>  Mult_acc_2: 0.7785  Mult_acc_3: 0.6842  Mult_acc_5: 0.4408  F1_score: 0.7839  MAE: 0.3826  Corr: 0.6674  Loss: 0.3937 
2026-01-15 09:53:37,854 - MMSA [INFO] - TRAIN-(msalm) [3/46/1] >> loss: 0.2108  Mult_acc_2: 0.8677  Mult_acc_3: 0.8202  Mult_acc_5: 0.6615  F1_score: 0.8713  MAE: 0.1920  Corr: 0.9144  clm loss: 2.4263 total loss: 3.6483 bn loss: 0.25 av loss: 0.4488 text loss: 0.3125
2026-01-15 09:53:39,543 - MMSA [INFO] - VAL-(msalm) >>  Mult_acc_2: 0.7829  Mult_acc_3: 0.6908  Mult_acc_5: 0.4518  F1_score: 0.7882  MAE: 0.3778  Corr: 0.6720  Loss: 0.3892 
2026-01-15 09:53:48,269 - MMSA [INFO] - TRAIN-(msalm) [1/47/1] >> loss: 0.1971  Mult_acc_2: 0.8794  Mult_acc_3: 0.8180  Mult_acc_5: 0.6652  F1_score: 0.8827  MAE: 0.1811  Corr: 0.9310  clm loss: 2.4469 total loss: 3.6347 bn loss: 0.2338 av loss: 0.4475 text loss: 0.3094
2026-01-15 09:53:50,101 - MMSA [INFO] - VAL-(msalm) >>  Mult_acc_2: 0.7544  Mult_acc_3: 0.6711  Mult_acc_5: 0.4298  F1_score: 0.7631  MAE: 0.3932  Corr: 0.6680  Loss: 0.4085 
2026-01-15 09:53:57,885 - MMSA [INFO] - TRAIN-(msalm) [2/48/1] >> loss: 0.1894  Mult_acc_2: 0.8896  Mult_acc_3: 0.8377  Mult_acc_5: 0.6864  F1_score: 0.8925  MAE: 0.1748  Corr: 0.9385  clm loss: 2.3916 total loss: 3.5381 bn loss: 0.2248 av loss: 0.442 text loss: 0.2902
2026-01-15 09:53:59,628 - MMSA [INFO] - VAL-(msalm) >>  Mult_acc_2: 0.7390  Mult_acc_3: 0.6667  Mult_acc_5: 0.4254  F1_score: 0.7486  MAE: 0.4015  Corr: 0.6639  Loss: 0.4101 
2026-01-15 09:54:07,331 - MMSA [INFO] - TRAIN-(msalm) [3/49/1] >> loss: 0.1886  Mult_acc_2: 0.8721  Mult_acc_3: 0.8333  Mult_acc_5: 0.6893  F1_score: 0.8758  MAE: 0.1694  Corr: 0.9383  clm loss: 2.3642 total loss: 3.4655 bn loss: 0.2078 av loss: 0.4427 text loss: 0.2622
2026-01-15 09:54:09,057 - MMSA [INFO] - VAL-(msalm) >>  Mult_acc_2: 0.7566  Mult_acc_3: 0.6689  Mult_acc_5: 0.4167  F1_score: 0.7636  MAE: 0.3901  Corr: 0.6638  Loss: 0.4056 
2026-01-15 09:54:16,774 - MMSA [INFO] - TRAIN-(msalm) [4/50/1] >> loss: 0.1902  Mult_acc_2: 0.8787  Mult_acc_3: 0.8355  Mult_acc_5: 0.6930  F1_score: 0.8819  MAE: 0.1706  Corr: 0.9365  clm loss: 2.3412 total loss: 3.446 bn loss: 0.205 av loss: 0.4483 text loss: 0.2614
2026-01-15 09:54:18,529 - MMSA [INFO] - VAL-(msalm) >>  Mult_acc_2: 0.7632  Mult_acc_3: 0.6776  Mult_acc_5: 0.4452  F1_score: 0.7698  MAE: 0.3891  Corr: 0.6673  Loss: 0.4033 
2026-01-15 09:54:26,240 - MMSA [INFO] - TRAIN-(msalm) [5/51/1] >> loss: 0.1811  Mult_acc_2: 0.8845  Mult_acc_3: 0.8465  Mult_acc_5: 0.7047  F1_score: 0.8874  MAE: 0.1681  Corr: 0.9376  clm loss: 2.3671 total loss: 3.4737 bn loss: 0.2085 av loss: 0.4416 text loss: 0.2754
2026-01-15 09:54:27,962 - MMSA [INFO] - VAL-(msalm) >>  Mult_acc_2: 0.7281  Mult_acc_3: 0.6754  Mult_acc_5: 0.4254  F1_score: 0.7373  MAE: 0.3947  Corr: 0.6674  Loss: 0.4038 
2026-01-15 09:54:35,703 - MMSA [INFO] - TRAIN-(msalm) [6/52/1] >> loss: 0.1868  Mult_acc_2: 0.8808  Mult_acc_3: 0.8311  Mult_acc_5: 0.6813  F1_score: 0.8842  MAE: 0.1713  Corr: 0.9398  clm loss: 2.2965 total loss: 3.3851 bn loss: 0.1983 av loss: 0.448 text loss: 0.2556
2026-01-15 09:54:37,418 - MMSA [INFO] - VAL-(msalm) >>  Mult_acc_2: 0.7456  Mult_acc_3: 0.6732  Mult_acc_5: 0.4211  F1_score: 0.7535  MAE: 0.3887  Corr: 0.6688  Loss: 0.4008 
2026-01-15 09:54:45,415 - MMSA [INFO] - TRAIN-(msalm) [7/53/1] >> loss: 0.1766  Mult_acc_2: 0.8860  Mult_acc_3: 0.8304  Mult_acc_5: 0.6944  F1_score: 0.8887  MAE: 0.1610  Corr: 0.9455  clm loss: 2.3264 total loss: 3.4074 bn loss: 0.201 av loss: 0.4423 text loss: 0.2612
2026-01-15 09:54:47,123 - MMSA [INFO] - VAL-(msalm) >>  Mult_acc_2: 0.7588  Mult_acc_3: 0.6689  Mult_acc_5: 0.4254  F1_score: 0.7656  MAE: 0.3922  Corr: 0.6679  Loss: 0.3997 
2026-01-15 09:54:54,923 - MMSA [INFO] - TRAIN-(msalm) [8/54/1] >> loss: 0.1825  Mult_acc_2: 0.8882  Mult_acc_3: 0.8406  Mult_acc_5: 0.7113  F1_score: 0.8906  MAE: 0.1650  Corr: 0.9449  clm loss: 2.2796 total loss: 3.3623 bn loss: 0.1949 av loss: 0.4438 text loss: 0.2614
2026-01-15 09:54:56,715 - MMSA [INFO] - VAL-(msalm) >>  Mult_acc_2: 0.7478  Mult_acc_3: 0.6711  Mult_acc_5: 0.4167  F1_score: 0.7553  MAE: 0.3913  Corr: 0.6658  Loss: 0.4099 
2026-01-15 09:55:04,522 - MMSA [INFO] - TRAIN-(msalm) [9/55/1] >> loss: 0.1724  Mult_acc_2: 0.8750  Mult_acc_3: 0.8326  Mult_acc_5: 0.6959  F1_score: 0.8786  MAE: 0.1592  Corr: 0.9468  clm loss: 2.2281 total loss: 3.2754 bn loss: 0.1924 av loss: 0.4395 text loss: 0.2431
2026-01-15 09:55:06,365 - MMSA [INFO] - VAL-(msalm) >>  Mult_acc_2: 0.7390  Mult_acc_3: 0.6711  Mult_acc_5: 0.4232  F1_score: 0.7475  MAE: 0.3943  Corr: 0.6643  Loss: 0.4098 
2026-01-15 09:55:14,083 - MMSA [INFO] - TRAIN-(msalm) [10/56/1] >> loss: 0.1607  Mult_acc_2: 0.8962  Mult_acc_3: 0.8392  Mult_acc_5: 0.7325  F1_score: 0.8987  MAE: 0.1473  Corr: 0.9545  clm loss: 2.2154 total loss: 3.25 bn loss: 0.1916 av loss: 0.4426 text loss: 0.2398
2026-01-15 09:55:15,821 - MMSA [INFO] - VAL-(msalm) >>  Mult_acc_2: 0.7390  Mult_acc_3: 0.6711  Mult_acc_5: 0.4364  F1_score: 0.7480  MAE: 0.3906  Corr: 0.6711  Loss: 0.3965 
2026-01-15 09:55:17,952 - MMSA [INFO] - TEST-(msalm) >>  Mult_acc_2: 0.8271  Mult_acc_3: 0.7243  Mult_acc_5: 0.4792  F1_score: 0.8292  MAE: 0.3542  Corr: 0.7148  Loss: 0.3725 
2026-01-15 09:55:19,226 - MMSA [INFO] - Result for seed 1990: {'Mult_acc_2': 0.8271, 'Mult_acc_3': 0.7243, 'Mult_acc_5': 0.4792, 'F1_score': 0.8292, 'MAE': 0.3542, 'Corr': 0.7148, 'Loss': 0.3725, 'seed': 1990}
2026-01-15 09:55:19,227 - MMSA [INFO] - ------------------------------ Running with seed 1991 [2/5] ------------------------------
2026-01-15 09:56:35,583 - MMSA [INFO] - The model has 167326060 trainable parameters
2026-01-15 09:56:43,477 - MMSA [INFO] - TRAIN-(msalm) [1/1/2] >> loss: 0.6822  Mult_acc_2: 0.4613  Mult_acc_3: 0.3392  Mult_acc_5: 0.1711  F1_score: 0.4758  MAE: 0.6828  Corr: -0.0102  clm loss: 7.6518 total loss: 10.821 bn loss: 0.866 av loss: 0.5645 text loss: 1.0565
2026-01-15 09:56:45,142 - MMSA [INFO] - VAL-(msalm) >>  Mult_acc_2: 0.5658  Mult_acc_3: 0.3969  Mult_acc_5: 0.1689  F1_score: 0.5776  MAE: 0.6209  Corr: 0.0964  Loss: 0.6132 
2026-01-15 09:56:54,163 - MMSA [INFO] - TRAIN-(msalm) [1/2/2] >> loss: 0.6239  Mult_acc_2: 0.5234  Mult_acc_3: 0.4101  Mult_acc_5: 0.1937  F1_score: 0.5393  MAE: 0.6232  Corr: 0.2198  clm loss: 6.4659 total loss: 9.2764 bn loss: 0.7307 av loss: 0.5404 text loss: 0.9155
2026-01-15 09:56:55,855 - MMSA [INFO] - VAL-(msalm) >>  Mult_acc_2: 0.7281  Mult_acc_3: 0.5921  Mult_acc_5: 0.3048  F1_score: 0.7245  MAE: 0.5076  Corr: 0.4535  Loss: 0.5312 
2026-01-15 09:57:04,640 - MMSA [INFO] - TRAIN-(msalm) [1/3/2] >> loss: 0.5599  Mult_acc_2: 0.6572  Mult_acc_3: 0.5482  Mult_acc_5: 0.2661  F1_score: 0.6705  MAE: 0.5481  Corr: 0.4430  clm loss: 5.2953 total loss: 7.7388 bn loss: 0.6253 av loss: 0.5102 text loss: 0.748
2026-01-15 09:57:06,292 - MMSA [INFO] - VAL-(msalm) >>  Mult_acc_2: 0.6930  Mult_acc_3: 0.5965  Mult_acc_5: 0.3509  F1_score: 0.7035  MAE: 0.5007  Corr: 0.5163  Loss: 0.5646 
2026-01-15 09:57:14,075 - MMSA [INFO] - TRAIN-(msalm) [2/4/2] >> loss: 0.5207  Mult_acc_2: 0.6806  Mult_acc_3: 0.5665  Mult_acc_5: 0.3107  F1_score: 0.6926  MAE: 0.4937  Corr: 0.5373  clm loss: 4.5457 total loss: 6.8167 bn loss: 0.5529 av loss: 0.4901 text loss: 0.7073
2026-01-15 09:57:15,788 - MMSA [INFO] - VAL-(msalm) >>  Mult_acc_2: 0.6557  Mult_acc_3: 0.5526  Mult_acc_5: 0.3070  F1_score: 0.6694  MAE: 0.5166  Corr: 0.5125  Loss: 0.5573 
2026-01-15 09:57:23,514 - MMSA [INFO] - TRAIN-(msalm) [3/5/2] >> loss: 0.4974  Mult_acc_2: 0.6930  Mult_acc_3: 0.5877  Mult_acc_5: 0.3275  F1_score: 0.7044  MAE: 0.4847  Corr: 0.5419  clm loss: 4.1305 total loss: 6.2763 bn loss: 0.5353 av loss: 0.4845 text loss: 0.6286
2026-01-15 09:57:25,273 - MMSA [INFO] - VAL-(msalm) >>  Mult_acc_2: 0.6469  Mult_acc_3: 0.5417  Mult_acc_5: 0.3092  F1_score: 0.6609  MAE: 0.5066  Corr: 0.5446  Loss: 0.5655 
2026-01-15 09:57:32,863 - MMSA [INFO] - TRAIN-(msalm) [4/6/2] >> loss: 0.4963  Mult_acc_2: 0.7200  Mult_acc_3: 0.6177  Mult_acc_5: 0.3202  F1_score: 0.7303  MAE: 0.4818  Corr: 0.5583  clm loss: 3.8572 total loss: 5.9355 bn loss: 0.5133 av loss: 0.474 text loss: 0.5948
2026-01-15 09:57:34,536 - MMSA [INFO] - VAL-(msalm) >>  Mult_acc_2: 0.6886  Mult_acc_3: 0.6031  Mult_acc_5: 0.3465  F1_score: 0.6992  MAE: 0.4793  Corr: 0.5499  Loss: 0.5225 
2026-01-15 09:57:43,197 - MMSA [INFO] - TRAIN-(msalm) [1/7/2] >> loss: 0.475  Mult_acc_2: 0.7171  Mult_acc_3: 0.6257  Mult_acc_5: 0.3509  F1_score: 0.7261  MAE: 0.4584  Corr: 0.5758  clm loss: 3.7255 total loss: 5.767 bn loss: 0.5133 av loss: 0.4742 text loss: 0.579
2026-01-15 09:57:44,875 - MMSA [INFO] - VAL-(msalm) >>  Mult_acc_2: 0.6228  Mult_acc_3: 0.5526  Mult_acc_5: 0.2982  F1_score: 0.6361  MAE: 0.5332  Corr: 0.5516  Loss: 0.5844 
2026-01-15 09:57:52,475 - MMSA [INFO] - TRAIN-(msalm) [2/8/2] >> loss: 0.4494  Mult_acc_2: 0.7368  Mult_acc_3: 0.6360  Mult_acc_5: 0.3553  F1_score: 0.7453  MAE: 0.4364  Corr: 0.6223  clm loss: 3.5454 total loss: 5.4959 bn loss: 0.4869 av loss: 0.467 text loss: 0.5473
2026-01-15 09:57:54,227 - MMSA [INFO] - VAL-(msalm) >>  Mult_acc_2: 0.6031  Mult_acc_3: 0.5175  Mult_acc_5: 0.2763  F1_score: 0.6114  MAE: 0.5572  Corr: 0.5522  Loss: 0.5942 
2026-01-15 09:58:02,113 - MMSA [INFO] - TRAIN-(msalm) [3/9/2] >> loss: 0.4549  Mult_acc_2: 0.7427  Mult_acc_3: 0.6294  Mult_acc_5: 0.3640  F1_score: 0.7497  MAE: 0.4397  Corr: 0.6072  clm loss: 3.421 total loss: 5.3761 bn loss: 0.4819 av loss: 0.4636 text loss: 0.5547
2026-01-15 09:58:04,215 - MMSA [INFO] - VAL-(msalm) >>  Mult_acc_2: 0.6754  Mult_acc_3: 0.5724  Mult_acc_5: 0.3158  F1_score: 0.6883  MAE: 0.4724  Corr: 0.5719  Loss: 0.4909 
2026-01-15 09:58:13,167 - MMSA [INFO] - TRAIN-(msalm) [1/10/2] >> loss: 0.4328  Mult_acc_2: 0.7690  Mult_acc_3: 0.6623  Mult_acc_5: 0.3743  F1_score: 0.7751  MAE: 0.4106  Corr: 0.6494  clm loss: 3.3049 total loss: 5.2126 bn loss: 0.4707 av loss: 0.4613 text loss: 0.543
2026-01-15 09:58:14,914 - MMSA [INFO] - VAL-(msalm) >>  Mult_acc_2: 0.7018  Mult_acc_3: 0.6140  Mult_acc_5: 0.3509  F1_score: 0.7130  MAE: 0.4511  Corr: 0.5956  Loss: 0.4775 
2026-01-15 09:58:23,724 - MMSA [INFO] - TRAIN-(msalm) [1/11/2] >> loss: 0.4217  Mult_acc_2: 0.7807  Mult_acc_3: 0.6572  Mult_acc_5: 0.3728  F1_score: 0.7852  MAE: 0.4094  Corr: 0.6482  clm loss: 3.2857 total loss: 5.1637 bn loss: 0.4601 av loss: 0.4593 text loss: 0.5369
2026-01-15 09:58:25,493 - MMSA [INFO] - VAL-(msalm) >>  Mult_acc_2: 0.7281  Mult_acc_3: 0.6250  Mult_acc_5: 0.3904  F1_score: 0.7365  MAE: 0.4235  Corr: 0.6159  Loss: 0.4575 
2026-01-15 09:58:34,255 - MMSA [INFO] - TRAIN-(msalm) [1/12/2] >> loss: 0.4204  Mult_acc_2: 0.7792  Mult_acc_3: 0.6813  Mult_acc_5: 0.3977  F1_score: 0.7838  MAE: 0.4020  Corr: 0.6647  clm loss: 3.2618 total loss: 5.1463 bn loss: 0.4685 av loss: 0.4638 text loss: 0.5319
2026-01-15 09:58:36,248 - MMSA [INFO] - VAL-(msalm) >>  Mult_acc_2: 0.6864  Mult_acc_3: 0.6162  Mult_acc_5: 0.3596  F1_score: 0.6988  MAE: 0.4378  Corr: 0.6348  Loss: 0.4639 
2026-01-15 09:58:44,074 - MMSA [INFO] - TRAIN-(msalm) [2/13/2] >> loss: 0.4084  Mult_acc_2: 0.7807  Mult_acc_3: 0.6762  Mult_acc_5: 0.4050  F1_score: 0.7842  MAE: 0.3908  Corr: 0.6819  clm loss: 3.1999 total loss: 5.0457 bn loss: 0.4628 av loss: 0.4639 text loss: 0.5107
2026-01-15 09:58:45,822 - MMSA [INFO] - VAL-(msalm) >>  Mult_acc_2: 0.7434  Mult_acc_3: 0.6316  Mult_acc_5: 0.3575  F1_score: 0.7510  MAE: 0.4164  Corr: 0.6406  Loss: 0.4533 
2026-01-15 09:58:54,678 - MMSA [INFO] - TRAIN-(msalm) [1/14/2] >> loss: 0.3945  Mult_acc_2: 0.8158  Mult_acc_3: 0.7039  Mult_acc_5: 0.4167  F1_score: 0.8177  MAE: 0.3783  Corr: 0.6945  clm loss: 3.1932 total loss: 4.9809 bn loss: 0.4415 av loss: 0.4495 text loss: 0.5021
2026-01-15 09:58:56,455 - MMSA [INFO] - VAL-(msalm) >>  Mult_acc_2: 0.7610  Mult_acc_3: 0.6404  Mult_acc_5: 0.3838  F1_score: 0.7659  MAE: 0.4028  Corr: 0.6474  Loss: 0.4232 
2026-01-15 09:59:05,321 - MMSA [INFO] - TRAIN-(msalm) [1/15/2] >> loss: 0.3851  Mult_acc_2: 0.7997  Mult_acc_3: 0.6981  Mult_acc_5: 0.4137  F1_score: 0.8031  MAE: 0.3685  Corr: 0.7176  clm loss: 3.1925 total loss: 4.9632 bn loss: 0.4423 av loss: 0.4579 text loss: 0.4854
2026-01-15 09:59:07,122 - MMSA [INFO] - VAL-(msalm) >>  Mult_acc_2: 0.7412  Mult_acc_3: 0.6425  Mult_acc_5: 0.4123  F1_score: 0.7477  MAE: 0.3988  Corr: 0.6464  Loss: 0.4398 
2026-01-15 09:59:14,784 - MMSA [INFO] - TRAIN-(msalm) [2/16/2] >> loss: 0.378  Mult_acc_2: 0.7917  Mult_acc_3: 0.6959  Mult_acc_5: 0.4459  F1_score: 0.7953  MAE: 0.3509  Corr: 0.7334  clm loss: 3.1365 total loss: 4.8814 bn loss: 0.4246 av loss: 0.4555 text loss: 0.4869
2026-01-15 09:59:16,686 - MMSA [INFO] - VAL-(msalm) >>  Mult_acc_2: 0.7412  Mult_acc_3: 0.6075  Mult_acc_5: 0.3816  F1_score: 0.7493  MAE: 0.4135  Corr: 0.6331  Loss: 0.4468 
2026-01-15 09:59:24,679 - MMSA [INFO] - TRAIN-(msalm) [3/17/2] >> loss: 0.3745  Mult_acc_2: 0.8026  Mult_acc_3: 0.7127  Mult_acc_5: 0.4437  F1_score: 0.8061  MAE: 0.3595  Corr: 0.7352  clm loss: 3.118 total loss: 4.847 bn loss: 0.4146 av loss: 0.4559 text loss: 0.4839
2026-01-15 09:59:26,449 - MMSA [INFO] - VAL-(msalm) >>  Mult_acc_2: 0.7325  Mult_acc_3: 0.6360  Mult_acc_5: 0.3925  F1_score: 0.7419  MAE: 0.4099  Corr: 0.6493  Loss: 0.4372 
2026-01-15 09:59:34,161 - MMSA [INFO] - TRAIN-(msalm) [4/18/2] >> loss: 0.3701  Mult_acc_2: 0.8158  Mult_acc_3: 0.7054  Mult_acc_5: 0.4547  F1_score: 0.8188  MAE: 0.3479  Corr: 0.7382  clm loss: 3.091 total loss: 4.7924 bn loss: 0.411 av loss: 0.4621 text loss: 0.4583
2026-01-15 09:59:35,844 - MMSA [INFO] - VAL-(msalm) >>  Mult_acc_2: 0.7368  Mult_acc_3: 0.6338  Mult_acc_5: 0.3925  F1_score: 0.7463  MAE: 0.4046  Corr: 0.6581  Loss: 0.4306 
2026-01-15 09:59:43,603 - MMSA [INFO] - TRAIN-(msalm) [5/19/2] >> loss: 0.364  Mult_acc_2: 0.8231  Mult_acc_3: 0.7156  Mult_acc_5: 0.4532  F1_score: 0.8260  MAE: 0.3475  Corr: 0.7507  clm loss: 3.0756 total loss: 4.7475 bn loss: 0.3998 av loss: 0.4547 text loss: 0.4534
2026-01-15 09:59:45,358 - MMSA [INFO] - VAL-(msalm) >>  Mult_acc_2: 0.7675  Mult_acc_3: 0.6404  Mult_acc_5: 0.3882  F1_score: 0.7734  MAE: 0.3986  Corr: 0.6675  Loss: 0.4144 
2026-01-15 09:59:54,237 - MMSA [INFO] - TRAIN-(msalm) [1/20/2] >> loss: 0.365  Mult_acc_2: 0.8187  Mult_acc_3: 0.7098  Mult_acc_5: 0.4488  F1_score: 0.8213  MAE: 0.3454  Corr: 0.7515  clm loss: 3.071 total loss: 4.7404 bn loss: 0.3978 av loss: 0.4586 text loss: 0.4481
2026-01-15 09:59:55,955 - MMSA [INFO] - VAL-(msalm) >>  Mult_acc_2: 0.7303  Mult_acc_3: 0.6316  Mult_acc_5: 0.3925  F1_score: 0.7403  MAE: 0.4107  Corr: 0.6677  Loss: 0.4253 
2026-01-15 10:00:03,624 - MMSA [INFO] - TRAIN-(msalm) [2/21/2] >> loss: 0.3444  Mult_acc_2: 0.8180  Mult_acc_3: 0.7215  Mult_acc_5: 0.4788  F1_score: 0.8208  MAE: 0.3299  Corr: 0.7635  clm loss: 3.0272 total loss: 4.6654 bn loss: 0.3739 av loss: 0.4609 text loss: 0.459
2026-01-15 10:00:05,379 - MMSA [INFO] - VAL-(msalm) >>  Mult_acc_2: 0.7851  Mult_acc_3: 0.6557  Mult_acc_5: 0.3991  F1_score: 0.7894  MAE: 0.3920  Corr: 0.6678  Loss: 0.4100 
2026-01-15 10:00:14,098 - MMSA [INFO] - TRAIN-(msalm) [1/22/2] >> loss: 0.3322  Mult_acc_2: 0.8121  Mult_acc_3: 0.7288  Mult_acc_5: 0.4832  F1_score: 0.8154  MAE: 0.3152  Corr: 0.7870  clm loss: 2.9992 total loss: 4.6093 bn loss: 0.3675 av loss: 0.4502 text loss: 0.4603
2026-01-15 10:00:15,870 - MMSA [INFO] - VAL-(msalm) >>  Mult_acc_2: 0.7654  Mult_acc_3: 0.6579  Mult_acc_5: 0.4079  F1_score: 0.7725  MAE: 0.3984  Corr: 0.6701  Loss: 0.4122 
2026-01-15 10:00:23,636 - MMSA [INFO] - TRAIN-(msalm) [2/23/2] >> loss: 0.3306  Mult_acc_2: 0.8187  Mult_acc_3: 0.7303  Mult_acc_5: 0.4759  F1_score: 0.8224  MAE: 0.3147  Corr: 0.7896  clm loss: 2.9862 total loss: 4.572 bn loss: 0.3751 av loss: 0.4518 text loss: 0.4283
2026-01-15 10:00:25,390 - MMSA [INFO] - VAL-(msalm) >>  Mult_acc_2: 0.7785  Mult_acc_3: 0.6645  Mult_acc_5: 0.4123  F1_score: 0.7822  MAE: 0.3949  Corr: 0.6681  Loss: 0.4226 
2026-01-15 10:00:33,143 - MMSA [INFO] - TRAIN-(msalm) [3/24/2] >> loss: 0.3145  Mult_acc_2: 0.8297  Mult_acc_3: 0.7346  Mult_acc_5: 0.5022  F1_score: 0.8324  MAE: 0.3006  Corr: 0.8085  clm loss: 2.9638 total loss: 4.5061 bn loss: 0.3749 av loss: 0.4406 text loss: 0.4123
2026-01-15 10:00:35,110 - MMSA [INFO] - VAL-(msalm) >>  Mult_acc_2: 0.7807  Mult_acc_3: 0.6557  Mult_acc_5: 0.3860  F1_score: 0.7835  MAE: 0.4024  Corr: 0.6588  Loss: 0.4240 
2026-01-15 10:00:42,879 - MMSA [INFO] - TRAIN-(msalm) [4/25/2] >> loss: 0.3149  Mult_acc_2: 0.8319  Mult_acc_3: 0.7325  Mult_acc_5: 0.5051  F1_score: 0.8341  MAE: 0.3026  Corr: 0.8001  clm loss: 2.9489 total loss: 4.4956 bn loss: 0.3559 av loss: 0.4558 text loss: 0.4201
2026-01-15 10:00:44,677 - MMSA [INFO] - VAL-(msalm) >>  Mult_acc_2: 0.7654  Mult_acc_3: 0.6601  Mult_acc_5: 0.4101  F1_score: 0.7711  MAE: 0.4002  Corr: 0.6536  Loss: 0.4239 
2026-01-15 10:00:52,468 - MMSA [INFO] - TRAIN-(msalm) [5/26/2] >> loss: 0.3068  Mult_acc_2: 0.8370  Mult_acc_3: 0.7471  Mult_acc_5: 0.5205  F1_score: 0.8399  MAE: 0.2862  Corr: 0.8192  clm loss: 2.886 total loss: 4.3909 bn loss: 0.3452 av loss: 0.4513 text loss: 0.4016
2026-01-15 10:00:54,181 - MMSA [INFO] - VAL-(msalm) >>  Mult_acc_2: 0.7434  Mult_acc_3: 0.6623  Mult_acc_5: 0.4408  F1_score: 0.7527  MAE: 0.3981  Corr: 0.6625  Loss: 0.4167 
2026-01-15 10:01:01,960 - MMSA [INFO] - TRAIN-(msalm) [6/27/2] >> loss: 0.311  Mult_acc_2: 0.8311  Mult_acc_3: 0.7478  Mult_acc_5: 0.5124  F1_score: 0.8343  MAE: 0.2949  Corr: 0.8114  clm loss: 2.8818 total loss: 4.3941 bn loss: 0.3483 av loss: 0.452 text loss: 0.401
2026-01-15 10:01:03,736 - MMSA [INFO] - VAL-(msalm) >>  Mult_acc_2: 0.7610  Mult_acc_3: 0.6711  Mult_acc_5: 0.4189  F1_score: 0.7685  MAE: 0.4043  Corr: 0.6576  Loss: 0.4150 
2026-01-15 10:01:11,527 - MMSA [INFO] - TRAIN-(msalm) [7/28/2] >> loss: 0.3017  Mult_acc_2: 0.8421  Mult_acc_3: 0.7558  Mult_acc_5: 0.5409  F1_score: 0.8448  MAE: 0.2869  Corr: 0.8235  clm loss: 2.8831 total loss: 4.3746 bn loss: 0.3565 av loss: 0.4528 text loss: 0.3805
2026-01-15 10:01:13,283 - MMSA [INFO] - VAL-(msalm) >>  Mult_acc_2: 0.7610  Mult_acc_3: 0.6535  Mult_acc_5: 0.4145  F1_score: 0.7685  MAE: 0.4032  Corr: 0.6474  Loss: 0.4264 
2026-01-15 10:01:21,174 - MMSA [INFO] - TRAIN-(msalm) [8/29/2] >> loss: 0.2872  Mult_acc_2: 0.8377  Mult_acc_3: 0.7537  Mult_acc_5: 0.5468  F1_score: 0.8406  MAE: 0.2701  Corr: 0.8431  clm loss: 2.8388 total loss: 4.2812 bn loss: 0.3267 av loss: 0.4509 text loss: 0.3776
2026-01-15 10:01:22,922 - MMSA [INFO] - VAL-(msalm) >>  Mult_acc_2: 0.7719  Mult_acc_3: 0.6601  Mult_acc_5: 0.4276  F1_score: 0.7788  MAE: 0.4007  Corr: 0.6526  Loss: 0.4246 
2026-01-15 10:01:30,715 - MMSA [INFO] - TRAIN-(msalm) [9/30/2] >> loss: 0.2826  Mult_acc_2: 0.8596  Mult_acc_3: 0.7741  Mult_acc_5: 0.5563  F1_score: 0.8624  MAE: 0.2658  Corr: 0.8495  clm loss: 2.8303 total loss: 4.2458 bn loss: 0.3129 av loss: 0.4472 text loss: 0.3729
2026-01-15 10:01:32,412 - MMSA [INFO] - VAL-(msalm) >>  Mult_acc_2: 0.7697  Mult_acc_3: 0.6557  Mult_acc_5: 0.4123  F1_score: 0.7770  MAE: 0.4101  Corr: 0.6494  Loss: 0.4189 
2026-01-15 10:01:40,172 - MMSA [INFO] - TRAIN-(msalm) [10/31/2] >> loss: 0.2724  Mult_acc_2: 0.8516  Mult_acc_3: 0.7675  Mult_acc_5: 0.5643  F1_score: 0.8544  MAE: 0.2582  Corr: 0.8560  clm loss: 2.7957 total loss: 4.1871 bn loss: 0.3058 av loss: 0.4496 text loss: 0.3635
2026-01-15 10:01:41,963 - MMSA [INFO] - VAL-(msalm) >>  Mult_acc_2: 0.7697  Mult_acc_3: 0.6645  Mult_acc_5: 0.4211  F1_score: 0.7770  MAE: 0.4052  Corr: 0.6590  Loss: 0.4198 
2026-01-15 10:01:44,100 - MMSA [INFO] - TEST-(msalm) >>  Mult_acc_2: 0.8228  Mult_acc_3: 0.7090  Mult_acc_5: 0.4792  F1_score: 0.8261  MAE: 0.3662  Corr: 0.7089  Loss: 0.3902 
2026-01-15 10:01:45,381 - MMSA [INFO] - Result for seed 1991: {'Mult_acc_2': 0.8228, 'Mult_acc_3': 0.709, 'Mult_acc_5': 0.4792, 'F1_score': 0.8261, 'MAE': 0.3662, 'Corr': 0.7089, 'Loss': 0.3902, 'seed': 1991}
2026-01-15 10:01:45,383 - MMSA [INFO] - ------------------------------ Running with seed 1992 [3/5] ------------------------------
2026-01-15 10:03:02,385 - MMSA [INFO] - The model has 167326060 trainable parameters
2026-01-15 10:03:10,307 - MMSA [INFO] - TRAIN-(msalm) [1/1/3] >> loss: 0.6304  Mult_acc_2: 0.5972  Mult_acc_3: 0.4240  Mult_acc_5: 0.2127  F1_score: 0.5927  MAE: 0.6293  Corr: 0.0037  clm loss: 7.5832 total loss: 10.7225 bn loss: 0.8463 av loss: 0.5787 text loss: 1.0839
2026-01-15 10:03:12,060 - MMSA [INFO] - VAL-(msalm) >>  Mult_acc_2: 0.6579  Mult_acc_3: 0.5132  Mult_acc_5: 0.2390  F1_score: 0.5973  MAE: 0.5725  Corr: 0.2310  Loss: 0.5818 
2026-01-15 10:03:21,258 - MMSA [INFO] - TRAIN-(msalm) [1/2/3] >> loss: 0.5802  Mult_acc_2: 0.6520  Mult_acc_3: 0.5029  Mult_acc_5: 0.2368  F1_score: 0.6509  MAE: 0.5779  Corr: 0.2417  clm loss: 6.4383 total loss: 9.088 bn loss: 0.698 av loss: 0.5536 text loss: 0.8179
2026-01-15 10:03:23,062 - MMSA [INFO] - VAL-(msalm) >>  Mult_acc_2: 0.7259  Mult_acc_3: 0.5592  Mult_acc_5: 0.2610  F1_score: 0.7183  MAE: 0.5170  Corr: 0.4378  Loss: 0.5233 
2026-01-15 10:03:32,032 - MMSA [INFO] - TRAIN-(msalm) [1/3/3] >> loss: 0.5253  Mult_acc_2: 0.7156  Mult_acc_3: 0.5768  Mult_acc_5: 0.2836  F1_score: 0.7193  MAE: 0.5074  Corr: 0.4752  clm loss: 5.2086 total loss: 7.5812 bn loss: 0.6002 av loss: 0.5136 text loss: 0.7335
2026-01-15 10:03:33,774 - MMSA [INFO] - VAL-(msalm) >>  Mult_acc_2: 0.7018  Mult_acc_3: 0.5855  Mult_acc_5: 0.3268  F1_score: 0.7092  MAE: 0.5058  Corr: 0.4967  Loss: 0.5251 
2026-01-15 10:03:41,526 - MMSA [INFO] - TRAIN-(msalm) [2/4/3] >> loss: 0.4858  Mult_acc_2: 0.7551  Mult_acc_3: 0.6396  Mult_acc_5: 0.3618  F1_score: 0.7590  MAE: 0.4576  Corr: 0.5693  clm loss: 4.4872 total loss: 6.6513 bn loss: 0.5491 av loss: 0.4938 text loss: 0.6354
2026-01-15 10:03:43,274 - MMSA [INFO] - VAL-(msalm) >>  Mult_acc_2: 0.6601  Mult_acc_3: 0.5636  Mult_acc_5: 0.2873  F1_score: 0.6729  MAE: 0.5101  Corr: 0.5210  Loss: 0.5315 
2026-01-15 10:03:50,981 - MMSA [INFO] - TRAIN-(msalm) [3/5/3] >> loss: 0.4753  Mult_acc_2: 0.7471  Mult_acc_3: 0.6418  Mult_acc_5: 0.3545  F1_score: 0.7490  MAE: 0.4561  Corr: 0.5624  clm loss: 4.0315 total loss: 6.1252 bn loss: 0.5221 av loss: 0.4762 text loss: 0.6201
2026-01-15 10:03:52,723 - MMSA [INFO] - VAL-(msalm) >>  Mult_acc_2: 0.7061  Mult_acc_3: 0.5855  Mult_acc_5: 0.3136  F1_score: 0.7141  MAE: 0.4902  Corr: 0.5216  Loss: 0.5033 
2026-01-15 10:04:01,558 - MMSA [INFO] - TRAIN-(msalm) [1/6/3] >> loss: 0.4704  Mult_acc_2: 0.7544  Mult_acc_3: 0.6367  Mult_acc_5: 0.3443  F1_score: 0.7541  MAE: 0.4586  Corr: 0.5630  clm loss: 3.8144 total loss: 5.8935 bn loss: 0.508 av loss: 0.4821 text loss: 0.6186
2026-01-15 10:04:03,254 - MMSA [INFO] - VAL-(msalm) >>  Mult_acc_2: 0.6689  Mult_acc_3: 0.5921  Mult_acc_5: 0.3004  F1_score: 0.6813  MAE: 0.4975  Corr: 0.5349  Loss: 0.5066 
2026-01-15 10:04:11,055 - MMSA [INFO] - TRAIN-(msalm) [2/7/3] >> loss: 0.4474  Mult_acc_2: 0.7697  Mult_acc_3: 0.6360  Mult_acc_5: 0.3509  F1_score: 0.7707  MAE: 0.4360  Corr: 0.6010  clm loss: 3.6381 total loss: 5.6503 bn loss: 0.4998 av loss: 0.4785 text loss: 0.5866
2026-01-15 10:04:12,747 - MMSA [INFO] - VAL-(msalm) >>  Mult_acc_2: 0.6513  Mult_acc_3: 0.5768  Mult_acc_5: 0.3048  F1_score: 0.6650  MAE: 0.4963  Corr: 0.5406  Loss: 0.5177 
2026-01-15 10:04:20,481 - MMSA [INFO] - TRAIN-(msalm) [3/8/3] >> loss: 0.46  Mult_acc_2: 0.7610  Mult_acc_3: 0.6221  Mult_acc_5: 0.3428  F1_score: 0.7630  MAE: 0.4436  Corr: 0.6029  clm loss: 3.5095 total loss: 5.523 bn loss: 0.4881 av loss: 0.4767 text loss: 0.5887
2026-01-15 10:04:22,187 - MMSA [INFO] - VAL-(msalm) >>  Mult_acc_2: 0.7215  Mult_acc_3: 0.6162  Mult_acc_5: 0.3487  F1_score: 0.7273  MAE: 0.4571  Corr: 0.5473  Loss: 0.4807 
2026-01-15 10:04:31,086 - MMSA [INFO] - TRAIN-(msalm) [1/9/3] >> loss: 0.4501  Mult_acc_2: 0.7463  Mult_acc_3: 0.6206  Mult_acc_5: 0.3458  F1_score: 0.7466  MAE: 0.4331  Corr: 0.6084  clm loss: 3.3896 total loss: 5.3648 bn loss: 0.4907 av loss: 0.4696 text loss: 0.5647
2026-01-15 10:04:32,840 - MMSA [INFO] - VAL-(msalm) >>  Mult_acc_2: 0.7368  Mult_acc_3: 0.6162  Mult_acc_5: 0.3640  F1_score: 0.7384  MAE: 0.4432  Corr: 0.5758  Loss: 0.4674 
2026-01-15 10:04:41,589 - MMSA [INFO] - TRAIN-(msalm) [1/10/3] >> loss: 0.4468  Mult_acc_2: 0.7661  Mult_acc_3: 0.6491  Mult_acc_5: 0.3626  F1_score: 0.7685  MAE: 0.4295  Corr: 0.6195  clm loss: 3.3289 total loss: 5.3102 bn loss: 0.4861 av loss: 0.4674 text loss: 0.5811
2026-01-15 10:04:43,236 - MMSA [INFO] - VAL-(msalm) >>  Mult_acc_2: 0.7061  Mult_acc_3: 0.5965  Mult_acc_5: 0.3443  F1_score: 0.7150  MAE: 0.4473  Corr: 0.5838  Loss: 0.4620 
2026-01-15 10:04:51,940 - MMSA [INFO] - TRAIN-(msalm) [1/11/3] >> loss: 0.4317  Mult_acc_2: 0.7727  Mult_acc_3: 0.6499  Mult_acc_5: 0.3852  F1_score: 0.7750  MAE: 0.4170  Corr: 0.6376  clm loss: 3.249 total loss: 5.1901 bn loss: 0.4703 av loss: 0.472 text loss: 0.5671
2026-01-15 10:04:53,664 - MMSA [INFO] - VAL-(msalm) >>  Mult_acc_2: 0.6864  Mult_acc_3: 0.6096  Mult_acc_5: 0.3640  F1_score: 0.6987  MAE: 0.4561  Corr: 0.5968  Loss: 0.4905 
2026-01-15 10:05:01,353 - MMSA [INFO] - TRAIN-(msalm) [2/12/3] >> loss: 0.4139  Mult_acc_2: 0.7946  Mult_acc_3: 0.6652  Mult_acc_5: 0.3728  F1_score: 0.7961  MAE: 0.4011  Corr: 0.6709  clm loss: 3.2541 total loss: 5.1317 bn loss: 0.4755 av loss: 0.4673 text loss: 0.5209
2026-01-15 10:05:03,070 - MMSA [INFO] - VAL-(msalm) >>  Mult_acc_2: 0.7412  Mult_acc_3: 0.6140  Mult_acc_5: 0.3750  F1_score: 0.7468  MAE: 0.4266  Corr: 0.6093  Loss: 0.4652 
2026-01-15 10:05:10,798 - MMSA [INFO] - TRAIN-(msalm) [3/13/3] >> loss: 0.4001  Mult_acc_2: 0.7895  Mult_acc_3: 0.6769  Mult_acc_5: 0.4167  F1_score: 0.7924  MAE: 0.3793  Corr: 0.6967  clm loss: 3.2229 total loss: 5.0737 bn loss: 0.477 av loss: 0.46 text loss: 0.5137
2026-01-15 10:05:12,551 - MMSA [INFO] - VAL-(msalm) >>  Mult_acc_2: 0.7522  Mult_acc_3: 0.6272  Mult_acc_5: 0.3750  F1_score: 0.7555  MAE: 0.4204  Corr: 0.6140  Loss: 0.4466 
2026-01-15 10:05:21,360 - MMSA [INFO] - TRAIN-(msalm) [1/14/3] >> loss: 0.4026  Mult_acc_2: 0.7800  Mult_acc_3: 0.6645  Mult_acc_5: 0.4094  F1_score: 0.7819  MAE: 0.3828  Corr: 0.6857  clm loss: 3.1772 total loss: 5.0081 bn loss: 0.4607 av loss: 0.4583 text loss: 0.5093
2026-01-15 10:05:23,106 - MMSA [INFO] - VAL-(msalm) >>  Mult_acc_2: 0.6535  Mult_acc_3: 0.5855  Mult_acc_5: 0.3421  F1_score: 0.6671  MAE: 0.4667  Corr: 0.6212  Loss: 0.4808 
2026-01-15 10:05:30,841 - MMSA [INFO] - TRAIN-(msalm) [2/15/3] >> loss: 0.3931  Mult_acc_2: 0.7975  Mult_acc_3: 0.6827  Mult_acc_5: 0.3845  F1_score: 0.7984  MAE: 0.3805  Corr: 0.7005  clm loss: 3.1678 total loss: 4.9949 bn loss: 0.4595 av loss: 0.4589 text loss: 0.5157
2026-01-15 10:05:32,559 - MMSA [INFO] - VAL-(msalm) >>  Mult_acc_2: 0.7171  Mult_acc_3: 0.6338  Mult_acc_5: 0.3882  F1_score: 0.7269  MAE: 0.4295  Corr: 0.6228  Loss: 0.4468 
2026-01-15 10:05:40,330 - MMSA [INFO] - TRAIN-(msalm) [3/16/3] >> loss: 0.3771  Mult_acc_2: 0.8194  Mult_acc_3: 0.6981  Mult_acc_5: 0.4247  F1_score: 0.8219  MAE: 0.3595  Corr: 0.7329  clm loss: 3.1251 total loss: 4.91 bn loss: 0.4558 av loss: 0.4552 text loss: 0.4968
2026-01-15 10:05:42,333 - MMSA [INFO] - VAL-(msalm) >>  Mult_acc_2: 0.7083  Mult_acc_3: 0.6360  Mult_acc_5: 0.4035  F1_score: 0.7192  MAE: 0.4371  Corr: 0.6328  Loss: 0.4463 
2026-01-15 10:05:51,040 - MMSA [INFO] - TRAIN-(msalm) [1/17/3] >> loss: 0.3734  Mult_acc_2: 0.8048  Mult_acc_3: 0.7047  Mult_acc_5: 0.4466  F1_score: 0.8068  MAE: 0.3580  Corr: 0.7243  clm loss: 3.0891 total loss: 4.8265 bn loss: 0.4366 av loss: 0.4575 text loss: 0.4699
2026-01-15 10:05:52,771 - MMSA [INFO] - VAL-(msalm) >>  Mult_acc_2: 0.7018  Mult_acc_3: 0.6469  Mult_acc_5: 0.4079  F1_score: 0.7126  MAE: 0.4249  Corr: 0.6302  Loss: 0.4454 
2026-01-15 10:06:01,473 - MMSA [INFO] - TRAIN-(msalm) [1/18/3] >> loss: 0.363  Mult_acc_2: 0.8151  Mult_acc_3: 0.7018  Mult_acc_5: 0.4320  F1_score: 0.8169  MAE: 0.3519  Corr: 0.7470  clm loss: 3.122 total loss: 4.8506 bn loss: 0.434 av loss: 0.4628 text loss: 0.4688
2026-01-15 10:06:03,201 - MMSA [INFO] - VAL-(msalm) >>  Mult_acc_2: 0.7149  Mult_acc_3: 0.6447  Mult_acc_5: 0.4013  F1_score: 0.7256  MAE: 0.4246  Corr: 0.6326  Loss: 0.4479 
2026-01-15 10:06:10,889 - MMSA [INFO] - TRAIN-(msalm) [2/19/3] >> loss: 0.3598  Mult_acc_2: 0.8070  Mult_acc_3: 0.7193  Mult_acc_5: 0.4693  F1_score: 0.8110  MAE: 0.3399  Corr: 0.7496  clm loss: 3.0787 total loss: 4.7614 bn loss: 0.4074 av loss: 0.4563 text loss: 0.4591
2026-01-15 10:06:12,648 - MMSA [INFO] - VAL-(msalm) >>  Mult_acc_2: 0.7325  Mult_acc_3: 0.6491  Mult_acc_5: 0.4079  F1_score: 0.7416  MAE: 0.4151  Corr: 0.6354  Loss: 0.4309 
2026-01-15 10:06:21,415 - MMSA [INFO] - TRAIN-(msalm) [1/20/3] >> loss: 0.3529  Mult_acc_2: 0.8238  Mult_acc_3: 0.7178  Mult_acc_5: 0.4554  F1_score: 0.8270  MAE: 0.3334  Corr: 0.7676  clm loss: 3.0437 total loss: 4.6879 bn loss: 0.3954 av loss: 0.453 text loss: 0.4429
2026-01-15 10:06:23,162 - MMSA [INFO] - VAL-(msalm) >>  Mult_acc_2: 0.7390  Mult_acc_3: 0.6645  Mult_acc_5: 0.4013  F1_score: 0.7485  MAE: 0.4175  Corr: 0.6465  Loss: 0.4245 
2026-01-15 10:06:31,937 - MMSA [INFO] - TRAIN-(msalm) [1/21/3] >> loss: 0.3498  Mult_acc_2: 0.8231  Mult_acc_3: 0.7200  Mult_acc_5: 0.4444  F1_score: 0.8260  MAE: 0.3386  Corr: 0.7654  clm loss: 3.0106 total loss: 4.6432 bn loss: 0.3843 av loss: 0.4496 text loss: 0.449
2026-01-15 10:06:33,648 - MMSA [INFO] - VAL-(msalm) >>  Mult_acc_2: 0.7829  Mult_acc_3: 0.6689  Mult_acc_5: 0.4430  F1_score: 0.7871  MAE: 0.3950  Corr: 0.6564  Loss: 0.4129 
2026-01-15 10:06:42,451 - MMSA [INFO] - TRAIN-(msalm) [1/22/3] >> loss: 0.3311  Mult_acc_2: 0.8224  Mult_acc_3: 0.7427  Mult_acc_5: 0.4773  F1_score: 0.8246  MAE: 0.3142  Corr: 0.7923  clm loss: 2.9956 total loss: 4.5791 bn loss: 0.3697 av loss: 0.4513 text loss: 0.4315
2026-01-15 10:06:44,204 - MMSA [INFO] - VAL-(msalm) >>  Mult_acc_2: 0.7719  Mult_acc_3: 0.6689  Mult_acc_5: 0.4430  F1_score: 0.7779  MAE: 0.3929  Corr: 0.6562  Loss: 0.4021 
2026-01-15 10:06:53,009 - MMSA [INFO] - TRAIN-(msalm) [1/23/3] >> loss: 0.3265  Mult_acc_2: 0.8275  Mult_acc_3: 0.7471  Mult_acc_5: 0.4993  F1_score: 0.8313  MAE: 0.3140  Corr: 0.7915  clm loss: 2.9785 total loss: 4.5854 bn loss: 0.3873 av loss: 0.4545 text loss: 0.4386
2026-01-15 10:06:54,990 - MMSA [INFO] - VAL-(msalm) >>  Mult_acc_2: 0.7346  Mult_acc_3: 0.6645  Mult_acc_5: 0.4232  F1_score: 0.7434  MAE: 0.3977  Corr: 0.6532  Loss: 0.4166 
2026-01-15 10:07:02,735 - MMSA [INFO] - TRAIN-(msalm) [2/24/3] >> loss: 0.3169  Mult_acc_2: 0.8268  Mult_acc_3: 0.7412  Mult_acc_5: 0.5015  F1_score: 0.8293  MAE: 0.2999  Corr: 0.8083  clm loss: 2.947 total loss: 4.5074 bn loss: 0.3632 av loss: 0.4492 text loss: 0.4312
2026-01-15 10:07:04,438 - MMSA [INFO] - VAL-(msalm) >>  Mult_acc_2: 0.7325  Mult_acc_3: 0.6513  Mult_acc_5: 0.3991  F1_score: 0.7427  MAE: 0.4195  Corr: 0.6492  Loss: 0.4364 
2026-01-15 10:07:12,133 - MMSA [INFO] - TRAIN-(msalm) [3/25/3] >> loss: 0.3293  Mult_acc_2: 0.8311  Mult_acc_3: 0.7317  Mult_acc_5: 0.4817  F1_score: 0.8332  MAE: 0.3132  Corr: 0.7965  clm loss: 2.9057 total loss: 4.4714 bn loss: 0.3487 av loss: 0.4548 text loss: 0.433
2026-01-15 10:07:13,864 - MMSA [INFO] - VAL-(msalm) >>  Mult_acc_2: 0.7412  Mult_acc_3: 0.6447  Mult_acc_5: 0.4123  F1_score: 0.7507  MAE: 0.4113  Corr: 0.6464  Loss: 0.4241 
2026-01-15 10:07:21,630 - MMSA [INFO] - TRAIN-(msalm) [4/26/3] >> loss: 0.3081  Mult_acc_2: 0.8377  Mult_acc_3: 0.7383  Mult_acc_5: 0.5117  F1_score: 0.8406  MAE: 0.2953  Corr: 0.8119  clm loss: 2.8997 total loss: 4.4468 bn loss: 0.3505 av loss: 0.4521 text loss: 0.4364
2026-01-15 10:07:23,385 - MMSA [INFO] - VAL-(msalm) >>  Mult_acc_2: 0.7434  Mult_acc_3: 0.6601  Mult_acc_5: 0.4232  F1_score: 0.7526  MAE: 0.4039  Corr: 0.6498  Loss: 0.4030 
2026-01-15 10:07:31,134 - MMSA [INFO] - TRAIN-(msalm) [5/27/3] >> loss: 0.3088  Mult_acc_2: 0.8348  Mult_acc_3: 0.7405  Mult_acc_5: 0.5132  F1_score: 0.8379  MAE: 0.2940  Corr: 0.8146  clm loss: 2.858 total loss: 4.3915 bn loss: 0.3468 av loss: 0.45 text loss: 0.4279
2026-01-15 10:07:32,897 - MMSA [INFO] - VAL-(msalm) >>  Mult_acc_2: 0.7434  Mult_acc_3: 0.6623  Mult_acc_5: 0.4079  F1_score: 0.7528  MAE: 0.4052  Corr: 0.6548  Loss: 0.4129 
2026-01-15 10:07:40,716 - MMSA [INFO] - TRAIN-(msalm) [6/28/3] >> loss: 0.2954  Mult_acc_2: 0.8406  Mult_acc_3: 0.7588  Mult_acc_5: 0.5263  F1_score: 0.8443  MAE: 0.2825  Corr: 0.8299  clm loss: 2.8709 total loss: 4.3712 bn loss: 0.34 av loss: 0.4448 text loss: 0.4201
2026-01-15 10:07:42,427 - MMSA [INFO] - VAL-(msalm) >>  Mult_acc_2: 0.7829  Mult_acc_3: 0.6645  Mult_acc_5: 0.4232  F1_score: 0.7887  MAE: 0.3948  Corr: 0.6608  Loss: 0.4123 
2026-01-15 10:07:50,188 - MMSA [INFO] - TRAIN-(msalm) [7/29/3] >> loss: 0.2917  Mult_acc_2: 0.8523  Mult_acc_3: 0.7602  Mult_acc_5: 0.5387  F1_score: 0.8547  MAE: 0.2805  Corr: 0.8325  clm loss: 2.8314 total loss: 4.3195 bn loss: 0.3364 av loss: 0.4495 text loss: 0.4105
2026-01-15 10:07:51,905 - MMSA [INFO] - VAL-(msalm) >>  Mult_acc_2: 0.7829  Mult_acc_3: 0.6908  Mult_acc_5: 0.4386  F1_score: 0.7862  MAE: 0.3925  Corr: 0.6629  Loss: 0.4091 
2026-01-15 10:07:59,752 - MMSA [INFO] - TRAIN-(msalm) [8/30/3] >> loss: 0.2879  Mult_acc_2: 0.8465  Mult_acc_3: 0.7595  Mult_acc_5: 0.5387  F1_score: 0.8491  MAE: 0.2714  Corr: 0.8338  clm loss: 2.8222 total loss: 4.2925 bn loss: 0.3287 av loss: 0.454 text loss: 0.3999
2026-01-15 10:08:01,476 - MMSA [INFO] - VAL-(msalm) >>  Mult_acc_2: 0.7961  Mult_acc_3: 0.6974  Mult_acc_5: 0.4496  F1_score: 0.7985  MAE: 0.3884  Corr: 0.6674  Loss: 0.4143 
2026-01-15 10:08:09,197 - MMSA [INFO] - TRAIN-(msalm) [9/31/3] >> loss: 0.2851  Mult_acc_2: 0.8392  Mult_acc_3: 0.7558  Mult_acc_5: 0.5380  F1_score: 0.8421  MAE: 0.2711  Corr: 0.8413  clm loss: 2.7869 total loss: 4.2438 bn loss: 0.3332 av loss: 0.4509 text loss: 0.3877
2026-01-15 10:08:10,955 - MMSA [INFO] - VAL-(msalm) >>  Mult_acc_2: 0.8026  Mult_acc_3: 0.6864  Mult_acc_5: 0.4386  F1_score: 0.8041  MAE: 0.3930  Corr: 0.6684  Loss: 0.4198 
2026-01-15 10:08:18,896 - MMSA [INFO] - TRAIN-(msalm) [10/32/3] >> loss: 0.2767  Mult_acc_2: 0.8553  Mult_acc_3: 0.7778  Mult_acc_5: 0.5629  F1_score: 0.8579  MAE: 0.2617  Corr: 0.8531  clm loss: 2.7733 total loss: 4.2014 bn loss: 0.3111 av loss: 0.4483 text loss: 0.3919
2026-01-15 10:08:20,627 - MMSA [INFO] - VAL-(msalm) >>  Mult_acc_2: 0.7939  Mult_acc_3: 0.6930  Mult_acc_5: 0.4386  F1_score: 0.7947  MAE: 0.3936  Corr: 0.6675  Loss: 0.4175 
2026-01-15 10:08:22,800 - MMSA [INFO] - TEST-(msalm) >>  Mult_acc_2: 0.8249  Mult_acc_3: 0.6980  Mult_acc_5: 0.4376  F1_score: 0.8289  MAE: 0.3694  Corr: 0.7106  Loss: 0.3845 
2026-01-15 10:08:24,097 - MMSA [INFO] - Result for seed 1992: {'Mult_acc_2': 0.8249, 'Mult_acc_3': 0.698, 'Mult_acc_5': 0.4376, 'F1_score': 0.8289, 'MAE': 0.3694, 'Corr': 0.7106, 'Loss': 0.3845, 'seed': 1992}
2026-01-15 10:08:24,099 - MMSA [INFO] - ------------------------------ Running with seed 1993 [4/5] ------------------------------
2026-01-15 10:09:41,742 - MMSA [INFO] - The model has 167326060 trainable parameters
2026-01-15 10:09:49,860 - MMSA [INFO] - TRAIN-(msalm) [1/1/4] >> loss: 0.7414  Mult_acc_2: 0.4174  Mult_acc_3: 0.3151  Mult_acc_5: 0.1630  F1_score: 0.4028  MAE: 0.7404  Corr: -0.0353  clm loss: 7.6781 total loss: 11.1574 bn loss: 1.1327 av loss: 0.6813 text loss: 0.924
2026-01-15 10:09:51,844 - MMSA [INFO] - VAL-(msalm) >>  Mult_acc_2: 0.3509  Mult_acc_3: 0.3070  Mult_acc_5: 0.1601  F1_score: 0.2675  MAE: 0.7913  Corr: 0.0472  Loss: 0.7835 
2026-01-15 10:10:00,865 - MMSA [INFO] - TRAIN-(msalm) [1/2/4] >> loss: 0.6894  Mult_acc_2: 0.4335  Mult_acc_3: 0.3480  Mult_acc_5: 0.1776  F1_score: 0.4233  MAE: 0.6889  Corr: 0.1247  clm loss: 6.458 total loss: 9.4549 bn loss: 0.89 av loss: 0.6238 text loss: 0.7937
2026-01-15 10:10:02,628 - MMSA [INFO] - VAL-(msalm) >>  Mult_acc_2: 0.3772  Mult_acc_3: 0.2961  Mult_acc_5: 0.1732  F1_score: 0.3219  MAE: 0.7044  Corr: 0.1451  Loss: 0.7001 
2026-01-15 10:10:11,847 - MMSA [INFO] - TRAIN-(msalm) [1/3/4] >> loss: 0.64  Mult_acc_2: 0.5073  Mult_acc_3: 0.4181  Mult_acc_5: 0.2061  F1_score: 0.5100  MAE: 0.6397  Corr: 0.2905  clm loss: 5.3484 total loss: 8.0058 bn loss: 0.7268 av loss: 0.5836 text loss: 0.707
2026-01-15 10:10:13,596 - MMSA [INFO] - VAL-(msalm) >>  Mult_acc_2: 0.4364  Mult_acc_3: 0.3553  Mult_acc_5: 0.1886  F1_score: 0.4133  MAE: 0.6658  Corr: 0.3122  Loss: 0.6635 
2026-01-15 10:10:22,846 - MMSA [INFO] - TRAIN-(msalm) [1/4/4] >> loss: 0.5859  Mult_acc_2: 0.5958  Mult_acc_3: 0.4876  Mult_acc_5: 0.2580  F1_score: 0.6061  MAE: 0.5777  Corr: 0.4525  clm loss: 4.5736 total loss: 6.9873 bn loss: 0.6328 av loss: 0.5565 text loss: 0.6385
2026-01-15 10:10:24,598 - MMSA [INFO] - VAL-(msalm) >>  Mult_acc_2: 0.4956  Mult_acc_3: 0.4254  Mult_acc_5: 0.2259  F1_score: 0.4911  MAE: 0.6641  Corr: 0.4191  Loss: 0.7205 
2026-01-15 10:10:32,716 - MMSA [INFO] - TRAIN-(msalm) [2/5/4] >> loss: 0.575  Mult_acc_2: 0.6455  Mult_acc_3: 0.5512  Mult_acc_5: 0.2931  F1_score: 0.6590  MAE: 0.5304  Corr: 0.5225  clm loss: 4.0505 total loss: 6.3549 bn loss: 0.5745 av loss: 0.5244 text loss: 0.6305
2026-01-15 10:10:34,494 - MMSA [INFO] - VAL-(msalm) >>  Mult_acc_2: 0.5987  Mult_acc_3: 0.5088  Mult_acc_5: 0.2807  F1_score: 0.6119  MAE: 0.5707  Corr: 0.4629  Loss: 0.6055 
2026-01-15 10:10:43,553 - MMSA [INFO] - TRAIN-(msalm) [1/6/4] >> loss: 0.5286  Mult_acc_2: 0.6740  Mult_acc_3: 0.5599  Mult_acc_5: 0.2990  F1_score: 0.6866  MAE: 0.5078  Corr: 0.5540  clm loss: 3.8353 total loss: 5.9932 bn loss: 0.5376 av loss: 0.5064 text loss: 0.5854
2026-01-15 10:10:45,293 - MMSA [INFO] - VAL-(msalm) >>  Mult_acc_2: 0.5855  Mult_acc_3: 0.5110  Mult_acc_5: 0.2697  F1_score: 0.5995  MAE: 0.5429  Corr: 0.4855  Loss: 0.5574 
2026-01-15 10:10:54,396 - MMSA [INFO] - TRAIN-(msalm) [1/7/4] >> loss: 0.5104  Mult_acc_2: 0.6637  Mult_acc_3: 0.5885  Mult_acc_5: 0.3151  F1_score: 0.6765  MAE: 0.4966  Corr: 0.5629  clm loss: 3.6683 total loss: 5.7778 bn loss: 0.5218 av loss: 0.4909 text loss: 0.5865
2026-01-15 10:10:56,149 - MMSA [INFO] - VAL-(msalm) >>  Mult_acc_2: 0.5899  Mult_acc_3: 0.5219  Mult_acc_5: 0.2829  F1_score: 0.6035  MAE: 0.5475  Corr: 0.4993  Loss: 0.5648 
2026-01-15 10:11:04,264 - MMSA [INFO] - TRAIN-(msalm) [2/8/4] >> loss: 0.5082  Mult_acc_2: 0.6827  Mult_acc_3: 0.5811  Mult_acc_5: 0.3077  F1_score: 0.6951  MAE: 0.4958  Corr: 0.5536  clm loss: 3.524 total loss: 5.614 bn loss: 0.5301 av loss: 0.4856 text loss: 0.566
2026-01-15 10:11:06,040 - MMSA [INFO] - VAL-(msalm) >>  Mult_acc_2: 0.6162  Mult_acc_3: 0.5241  Mult_acc_5: 0.3070  F1_score: 0.6304  MAE: 0.5117  Corr: 0.5266  Loss: 0.5269 
2026-01-15 10:11:15,267 - MMSA [INFO] - TRAIN-(msalm) [1/9/4] >> loss: 0.4717  Mult_acc_2: 0.7105  Mult_acc_3: 0.6184  Mult_acc_5: 0.3436  F1_score: 0.7218  MAE: 0.4620  Corr: 0.6068  clm loss: 3.387 total loss: 5.4299 bn loss: 0.5262 av loss: 0.4751 text loss: 0.57
2026-01-15 10:11:16,984 - MMSA [INFO] - VAL-(msalm) >>  Mult_acc_2: 0.6469  Mult_acc_3: 0.5658  Mult_acc_5: 0.3355  F1_score: 0.6609  MAE: 0.4875  Corr: 0.5443  Loss: 0.4847 
2026-01-15 10:11:26,178 - MMSA [INFO] - TRAIN-(msalm) [1/10/4] >> loss: 0.4618  Mult_acc_2: 0.7208  Mult_acc_3: 0.6126  Mult_acc_5: 0.3377  F1_score: 0.7313  MAE: 0.4515  Corr: 0.6132  clm loss: 3.3544 total loss: 5.3509 bn loss: 0.5112 av loss: 0.462 text loss: 0.5615
2026-01-15 10:11:27,942 - MMSA [INFO] - VAL-(msalm) >>  Mult_acc_2: 0.5987  Mult_acc_3: 0.5461  Mult_acc_5: 0.3246  F1_score: 0.6113  MAE: 0.5062  Corr: 0.5537  Loss: 0.5227 
2026-01-15 10:11:36,073 - MMSA [INFO] - TRAIN-(msalm) [2/11/4] >> loss: 0.4658  Mult_acc_2: 0.7215  Mult_acc_3: 0.6104  Mult_acc_5: 0.3480  F1_score: 0.7316  MAE: 0.4468  Corr: 0.6121  clm loss: 3.2821 total loss: 5.2502 bn loss: 0.4976 av loss: 0.4675 text loss: 0.5371
2026-01-15 10:11:37,844 - MMSA [INFO] - VAL-(msalm) >>  Mult_acc_2: 0.6360  Mult_acc_3: 0.5724  Mult_acc_5: 0.3443  F1_score: 0.6494  MAE: 0.4785  Corr: 0.5714  Loss: 0.4886 
2026-01-15 10:11:45,880 - MMSA [INFO] - TRAIN-(msalm) [3/12/4] >> loss: 0.4456  Mult_acc_2: 0.7339  Mult_acc_3: 0.6192  Mult_acc_5: 0.3575  F1_score: 0.7432  MAE: 0.4295  Corr: 0.6390  clm loss: 3.2625 total loss: 5.1909 bn loss: 0.4894 av loss: 0.4668 text loss: 0.5266
2026-01-15 10:11:47,649 - MMSA [INFO] - VAL-(msalm) >>  Mult_acc_2: 0.6886  Mult_acc_3: 0.6118  Mult_acc_5: 0.3794  F1_score: 0.6980  MAE: 0.4352  Corr: 0.5866  Loss: 0.4495 
2026-01-15 10:11:56,765 - MMSA [INFO] - TRAIN-(msalm) [1/13/4] >> loss: 0.435  Mult_acc_2: 0.7675  Mult_acc_3: 0.6572  Mult_acc_5: 0.3765  F1_score: 0.7754  MAE: 0.4212  Corr: 0.6503  clm loss: 3.2331 total loss: 5.1459 bn loss: 0.4768 av loss: 0.462 text loss: 0.539
2026-01-15 10:11:58,499 - MMSA [INFO] - VAL-(msalm) >>  Mult_acc_2: 0.7061  Mult_acc_3: 0.6316  Mult_acc_5: 0.3860  F1_score: 0.7147  MAE: 0.4335  Corr: 0.5955  Loss: 0.4561 
2026-01-15 10:12:06,693 - MMSA [INFO] - TRAIN-(msalm) [2/14/4] >> loss: 0.4111  Mult_acc_2: 0.7756  Mult_acc_3: 0.6732  Mult_acc_5: 0.4028  F1_score: 0.7822  MAE: 0.3903  Corr: 0.6890  clm loss: 3.1681 total loss: 5.0359 bn loss: 0.4652 av loss: 0.4559 text loss: 0.5356
2026-01-15 10:12:08,466 - MMSA [INFO] - VAL-(msalm) >>  Mult_acc_2: 0.7083  Mult_acc_3: 0.6140  Mult_acc_5: 0.3618  F1_score: 0.7193  MAE: 0.4339  Corr: 0.6106  Loss: 0.4532 
2026-01-15 10:12:16,613 - MMSA [INFO] - TRAIN-(msalm) [3/15/4] >> loss: 0.4045  Mult_acc_2: 0.7690  Mult_acc_3: 0.6740  Mult_acc_5: 0.4123  F1_score: 0.7759  MAE: 0.3913  Corr: 0.6848  clm loss: 3.1605 total loss: 5.0276 bn loss: 0.469 av loss: 0.4655 text loss: 0.5281
2026-01-15 10:12:18,362 - MMSA [INFO] - VAL-(msalm) >>  Mult_acc_2: 0.7083  Mult_acc_3: 0.6250  Mult_acc_5: 0.3947  F1_score: 0.7190  MAE: 0.4162  Corr: 0.6263  Loss: 0.4271 
2026-01-15 10:12:27,626 - MMSA [INFO] - TRAIN-(msalm) [1/16/4] >> loss: 0.4012  Mult_acc_2: 0.7814  Mult_acc_3: 0.6740  Mult_acc_5: 0.4108  F1_score: 0.7872  MAE: 0.3838  Corr: 0.6874  clm loss: 3.1586 total loss: 5.0488 bn loss: 0.4614 av loss: 0.4603 text loss: 0.5674
2026-01-15 10:12:29,421 - MMSA [INFO] - VAL-(msalm) >>  Mult_acc_2: 0.7193  Mult_acc_3: 0.6316  Mult_acc_5: 0.3991  F1_score: 0.7291  MAE: 0.4172  Corr: 0.6231  Loss: 0.4340 
2026-01-15 10:12:37,562 - MMSA [INFO] - TRAIN-(msalm) [2/17/4] >> loss: 0.3992  Mult_acc_2: 0.7873  Mult_acc_3: 0.6915  Mult_acc_5: 0.4152  F1_score: 0.7924  MAE: 0.3848  Corr: 0.6936  clm loss: 3.135 total loss: 4.9739 bn loss: 0.4559 av loss: 0.4516 text loss: 0.5323
2026-01-15 10:12:39,357 - MMSA [INFO] - VAL-(msalm) >>  Mult_acc_2: 0.7325  Mult_acc_3: 0.6491  Mult_acc_5: 0.4013  F1_score: 0.7400  MAE: 0.4096  Corr: 0.6281  Loss: 0.4323 
2026-01-15 10:12:47,460 - MMSA [INFO] - TRAIN-(msalm) [3/18/4] >> loss: 0.3787  Mult_acc_2: 0.7924  Mult_acc_3: 0.6901  Mult_acc_5: 0.4145  F1_score: 0.7978  MAE: 0.3649  Corr: 0.7226  clm loss: 3.1055 total loss: 4.8826 bn loss: 0.4549 av loss: 0.4549 text loss: 0.4885
2026-01-15 10:12:49,240 - MMSA [INFO] - VAL-(msalm) >>  Mult_acc_2: 0.7127  Mult_acc_3: 0.6425  Mult_acc_5: 0.3969  F1_score: 0.7228  MAE: 0.4111  Corr: 0.6344  Loss: 0.4301 
2026-01-15 10:12:57,349 - MMSA [INFO] - TRAIN-(msalm) [4/19/4] >> loss: 0.3777  Mult_acc_2: 0.7931  Mult_acc_3: 0.7010  Mult_acc_5: 0.4211  F1_score: 0.7973  MAE: 0.3615  Corr: 0.7321  clm loss: 3.0887 total loss: 4.8306 bn loss: 0.4316 av loss: 0.4581 text loss: 0.4744
2026-01-15 10:12:59,131 - MMSA [INFO] - VAL-(msalm) >>  Mult_acc_2: 0.7083  Mult_acc_3: 0.6382  Mult_acc_5: 0.4013  F1_score: 0.7190  MAE: 0.4139  Corr: 0.6308  Loss: 0.4371 
2026-01-15 10:13:07,227 - MMSA [INFO] - TRAIN-(msalm) [5/20/4] >> loss: 0.3715  Mult_acc_2: 0.8121  Mult_acc_3: 0.7054  Mult_acc_5: 0.4437  F1_score: 0.8147  MAE: 0.3548  Corr: 0.7340  clm loss: 3.0754 total loss: 4.7992 bn loss: 0.4354 av loss: 0.4665 text loss: 0.4504
2026-01-15 10:13:09,025 - MMSA [INFO] - VAL-(msalm) >>  Mult_acc_2: 0.6886  Mult_acc_3: 0.6316  Mult_acc_5: 0.3925  F1_score: 0.7009  MAE: 0.4278  Corr: 0.6404  Loss: 0.4551 
2026-01-15 10:13:17,142 - MMSA [INFO] - TRAIN-(msalm) [6/21/4] >> loss: 0.3704  Mult_acc_2: 0.8085  Mult_acc_3: 0.7018  Mult_acc_5: 0.4072  F1_score: 0.8121  MAE: 0.3620  Corr: 0.7364  clm loss: 3.0109 total loss: 4.7044 bn loss: 0.4195 av loss: 0.457 text loss: 0.4466
2026-01-15 10:13:18,916 - MMSA [INFO] - VAL-(msalm) >>  Mult_acc_2: 0.7675  Mult_acc_3: 0.6447  Mult_acc_5: 0.4167  F1_score: 0.7725  MAE: 0.3948  Corr: 0.6531  Loss: 0.4256 
2026-01-15 10:13:28,108 - MMSA [INFO] - TRAIN-(msalm) [1/22/4] >> loss: 0.3642  Mult_acc_2: 0.8151  Mult_acc_3: 0.7171  Mult_acc_5: 0.4320  F1_score: 0.8183  MAE: 0.3487  Corr: 0.7496  clm loss: 3.0369 total loss: 4.752 bn loss: 0.4383 av loss: 0.4596 text loss: 0.4529
2026-01-15 10:13:29,902 - MMSA [INFO] - VAL-(msalm) >>  Mult_acc_2: 0.7763  Mult_acc_3: 0.6579  Mult_acc_5: 0.4254  F1_score: 0.7817  MAE: 0.3941  Corr: 0.6534  Loss: 0.4268 
2026-01-15 10:13:38,022 - MMSA [INFO] - TRAIN-(msalm) [2/23/4] >> loss: 0.3529  Mult_acc_2: 0.8136  Mult_acc_3: 0.7127  Mult_acc_5: 0.4532  F1_score: 0.8171  MAE: 0.3373  Corr: 0.7637  clm loss: 3.0045 total loss: 4.6725 bn loss: 0.4276 av loss: 0.4459 text loss: 0.4416
2026-01-15 10:13:39,791 - MMSA [INFO] - VAL-(msalm) >>  Mult_acc_2: 0.7763  Mult_acc_3: 0.6579  Mult_acc_5: 0.4320  F1_score: 0.7808  MAE: 0.3933  Corr: 0.6578  Loss: 0.4152 
2026-01-15 10:13:49,054 - MMSA [INFO] - TRAIN-(msalm) [1/24/4] >> loss: 0.3451  Mult_acc_2: 0.8143  Mult_acc_3: 0.7178  Mult_acc_5: 0.4569  F1_score: 0.8182  MAE: 0.3328  Corr: 0.7704  clm loss: 2.9594 total loss: 4.615 bn loss: 0.406 av loss: 0.4544 text loss: 0.4501
2026-01-15 10:13:50,842 - MMSA [INFO] - VAL-(msalm) >>  Mult_acc_2: 0.7412  Mult_acc_3: 0.6425  Mult_acc_5: 0.4101  F1_score: 0.7501  MAE: 0.3968  Corr: 0.6562  Loss: 0.4268 
2026-01-15 10:13:58,962 - MMSA [INFO] - TRAIN-(msalm) [2/25/4] >> loss: 0.3436  Mult_acc_2: 0.8224  Mult_acc_3: 0.7325  Mult_acc_5: 0.4781  F1_score: 0.8259  MAE: 0.3274  Corr: 0.7719  clm loss: 2.9439 total loss: 4.5735 bn loss: 0.3873 av loss: 0.4577 text loss: 0.441
2026-01-15 10:14:00,736 - MMSA [INFO] - VAL-(msalm) >>  Mult_acc_2: 0.7500  Mult_acc_3: 0.6447  Mult_acc_5: 0.4386  F1_score: 0.7580  MAE: 0.4006  Corr: 0.6457  Loss: 0.4346 
2026-01-15 10:14:08,782 - MMSA [INFO] - TRAIN-(msalm) [3/26/4] >> loss: 0.3357  Mult_acc_2: 0.8275  Mult_acc_3: 0.7310  Mult_acc_5: 0.4839  F1_score: 0.8300  MAE: 0.3207  Corr: 0.7854  clm loss: 2.9405 total loss: 4.5253 bn loss: 0.3723 av loss: 0.4539 text loss: 0.423
2026-01-15 10:14:10,550 - MMSA [INFO] - VAL-(msalm) >>  Mult_acc_2: 0.7829  Mult_acc_3: 0.6557  Mult_acc_5: 0.4211  F1_score: 0.7865  MAE: 0.3914  Corr: 0.6583  Loss: 0.4118 
2026-01-15 10:14:19,658 - MMSA [INFO] - TRAIN-(msalm) [1/27/4] >> loss: 0.3274  Mult_acc_2: 0.8428  Mult_acc_3: 0.7463  Mult_acc_5: 0.4883  F1_score: 0.8457  MAE: 0.3143  Corr: 0.7956  clm loss: 2.8994 total loss: 4.4664 bn loss: 0.3612 av loss: 0.4558 text loss: 0.4227
2026-01-15 10:14:21,418 - MMSA [INFO] - VAL-(msalm) >>  Mult_acc_2: 0.7807  Mult_acc_3: 0.6623  Mult_acc_5: 0.4320  F1_score: 0.7854  MAE: 0.3911  Corr: 0.6613  Loss: 0.4424 
2026-01-15 10:14:29,511 - MMSA [INFO] - TRAIN-(msalm) [2/28/4] >> loss: 0.3174  Mult_acc_2: 0.8472  Mult_acc_3: 0.7281  Mult_acc_5: 0.5015  F1_score: 0.8504  MAE: 0.3006  Corr: 0.8062  clm loss: 2.8689 total loss: 4.4222 bn loss: 0.3565 av loss: 0.4576 text loss: 0.4217
2026-01-15 10:14:31,312 - MMSA [INFO] - VAL-(msalm) >>  Mult_acc_2: 0.7544  Mult_acc_3: 0.6711  Mult_acc_5: 0.4561  F1_score: 0.7626  MAE: 0.3900  Corr: 0.6710  Loss: 0.4148 
2026-01-15 10:14:39,457 - MMSA [INFO] - TRAIN-(msalm) [3/29/4] >> loss: 0.3164  Mult_acc_2: 0.8311  Mult_acc_3: 0.7463  Mult_acc_5: 0.5066  F1_score: 0.8345  MAE: 0.3037  Corr: 0.8070  clm loss: 2.8656 total loss: 4.4153 bn loss: 0.3483 av loss: 0.4505 text loss: 0.4344
2026-01-15 10:14:41,273 - MMSA [INFO] - VAL-(msalm) >>  Mult_acc_2: 0.7763  Mult_acc_3: 0.6623  Mult_acc_5: 0.4474  F1_score: 0.7833  MAE: 0.3932  Corr: 0.6646  Loss: 0.4247 
2026-01-15 10:14:49,376 - MMSA [INFO] - TRAIN-(msalm) [4/30/4] >> loss: 0.315  Mult_acc_2: 0.8414  Mult_acc_3: 0.7456  Mult_acc_5: 0.5314  F1_score: 0.8444  MAE: 0.2967  Corr: 0.8068  clm loss: 2.8525 total loss: 4.3992 bn loss: 0.3433 av loss: 0.4526 text loss: 0.4357
2026-01-15 10:14:51,168 - MMSA [INFO] - VAL-(msalm) >>  Mult_acc_2: 0.7281  Mult_acc_3: 0.6535  Mult_acc_5: 0.4276  F1_score: 0.7387  MAE: 0.3990  Corr: 0.6613  Loss: 0.4269 
2026-01-15 10:14:59,287 - MMSA [INFO] - TRAIN-(msalm) [5/31/4] >> loss: 0.2947  Mult_acc_2: 0.8297  Mult_acc_3: 0.7573  Mult_acc_5: 0.5249  F1_score: 0.8335  MAE: 0.2836  Corr: 0.8219  clm loss: 2.8251 total loss: 4.3146 bn loss: 0.3327 av loss: 0.4479 text loss: 0.4141
2026-01-15 10:15:01,097 - MMSA [INFO] - VAL-(msalm) >>  Mult_acc_2: 0.7675  Mult_acc_3: 0.6579  Mult_acc_5: 0.4254  F1_score: 0.7755  MAE: 0.3945  Corr: 0.6651  Loss: 0.4005 
2026-01-15 10:15:10,395 - MMSA [INFO] - TRAIN-(msalm) [1/32/4] >> loss: 0.3007  Mult_acc_2: 0.8341  Mult_acc_3: 0.7507  Mult_acc_5: 0.5197  F1_score: 0.8372  MAE: 0.2875  Corr: 0.8252  clm loss: 2.7732 total loss: 4.2632 bn loss: 0.3352 av loss: 0.4549 text loss: 0.3992
2026-01-15 10:15:12,139 - MMSA [INFO] - VAL-(msalm) >>  Mult_acc_2: 0.7807  Mult_acc_3: 0.6732  Mult_acc_5: 0.4386  F1_score: 0.7857  MAE: 0.3897  Corr: 0.6666  Loss: 0.3936 
2026-01-15 10:15:21,327 - MMSA [INFO] - TRAIN-(msalm) [1/33/4] >> loss: 0.2826  Mult_acc_2: 0.8472  Mult_acc_3: 0.7756  Mult_acc_5: 0.5614  F1_score: 0.8504  MAE: 0.2683  Corr: 0.8439  clm loss: 2.7404 total loss: 4.1805 bn loss: 0.3225 av loss: 0.4527 text loss: 0.3822
2026-01-15 10:15:23,096 - MMSA [INFO] - VAL-(msalm) >>  Mult_acc_2: 0.7851  Mult_acc_3: 0.6491  Mult_acc_5: 0.4211  F1_score: 0.7900  MAE: 0.3895  Corr: 0.6641  Loss: 0.4034 
2026-01-15 10:15:31,178 - MMSA [INFO] - TRAIN-(msalm) [2/34/4] >> loss: 0.2853  Mult_acc_2: 0.8465  Mult_acc_3: 0.7814  Mult_acc_5: 0.5643  F1_score: 0.8500  MAE: 0.2671  Corr: 0.8420  clm loss: 2.7348 total loss: 4.1891 bn loss: 0.3254 av loss: 0.4519 text loss: 0.3917
2026-01-15 10:15:32,975 - MMSA [INFO] - VAL-(msalm) >>  Mult_acc_2: 0.7566  Mult_acc_3: 0.6491  Mult_acc_5: 0.4189  F1_score: 0.7651  MAE: 0.4002  Corr: 0.6548  Loss: 0.4148 
2026-01-15 10:15:41,099 - MMSA [INFO] - TRAIN-(msalm) [3/35/4] >> loss: 0.2742  Mult_acc_2: 0.8611  Mult_acc_3: 0.7858  Mult_acc_5: 0.5709  F1_score: 0.8640  MAE: 0.2620  Corr: 0.8550  clm loss: 2.6789 total loss: 4.0786 bn loss: 0.312 av loss: 0.4546 text loss: 0.3589
2026-01-15 10:15:42,887 - MMSA [INFO] - VAL-(msalm) >>  Mult_acc_2: 0.7719  Mult_acc_3: 0.6667  Mult_acc_5: 0.4452  F1_score: 0.7786  MAE: 0.3950  Corr: 0.6550  Loss: 0.4116 
2026-01-15 10:15:51,052 - MMSA [INFO] - TRAIN-(msalm) [4/36/4] >> loss: 0.2721  Mult_acc_2: 0.8348  Mult_acc_3: 0.7705  Mult_acc_5: 0.5673  F1_score: 0.8387  MAE: 0.2560  Corr: 0.8571  clm loss: 2.6795 total loss: 4.0555 bn loss: 0.2948 av loss: 0.446 text loss: 0.3631
2026-01-15 10:15:52,849 - MMSA [INFO] - VAL-(msalm) >>  Mult_acc_2: 0.7544  Mult_acc_3: 0.6557  Mult_acc_5: 0.4386  F1_score: 0.7624  MAE: 0.3974  Corr: 0.6540  Loss: 0.4185 
2026-01-15 10:16:00,968 - MMSA [INFO] - TRAIN-(msalm) [5/37/4] >> loss: 0.2573  Mult_acc_2: 0.8494  Mult_acc_3: 0.7931  Mult_acc_5: 0.5855  F1_score: 0.8531  MAE: 0.2408  Corr: 0.8751  clm loss: 2.6952 total loss: 4.0432 bn loss: 0.2828 av loss: 0.4404 text loss: 0.3676
2026-01-15 10:16:02,753 - MMSA [INFO] - VAL-(msalm) >>  Mult_acc_2: 0.7807  Mult_acc_3: 0.6776  Mult_acc_5: 0.4430  F1_score: 0.7864  MAE: 0.3939  Corr: 0.6560  Loss: 0.4098 
2026-01-15 10:16:10,888 - MMSA [INFO] - TRAIN-(msalm) [6/38/4] >> loss: 0.2622  Mult_acc_2: 0.8575  Mult_acc_3: 0.7873  Mult_acc_5: 0.5746  F1_score: 0.8606  MAE: 0.2483  Corr: 0.8658  clm loss: 2.6266 total loss: 3.9951 bn loss: 0.282 av loss: 0.4519 text loss: 0.3724
2026-01-15 10:16:12,856 - MMSA [INFO] - VAL-(msalm) >>  Mult_acc_2: 0.7544  Mult_acc_3: 0.6557  Mult_acc_5: 0.4232  F1_score: 0.7626  MAE: 0.3987  Corr: 0.6559  Loss: 0.4117 
2026-01-15 10:16:21,184 - MMSA [INFO] - TRAIN-(msalm) [7/39/4] >> loss: 0.2507  Mult_acc_2: 0.8582  Mult_acc_3: 0.7953  Mult_acc_5: 0.5950  F1_score: 0.8612  MAE: 0.2357  Corr: 0.8773  clm loss: 2.6037 total loss: 3.9358 bn loss: 0.2775 av loss: 0.4459 text loss: 0.358
2026-01-15 10:16:23,011 - MMSA [INFO] - VAL-(msalm) >>  Mult_acc_2: 0.7675  Mult_acc_3: 0.6601  Mult_acc_5: 0.4232  F1_score: 0.7741  MAE: 0.3970  Corr: 0.6565  Loss: 0.4022 
2026-01-15 10:16:31,405 - MMSA [INFO] - TRAIN-(msalm) [8/40/4] >> loss: 0.2392  Mult_acc_2: 0.8501  Mult_acc_3: 0.7880  Mult_acc_5: 0.5965  F1_score: 0.8542  MAE: 0.2269  Corr: 0.8903  clm loss: 2.5818 total loss: 3.8682 bn loss: 0.2729 av loss: 0.4384 text loss: 0.3359
2026-01-15 10:16:33,209 - MMSA [INFO] - VAL-(msalm) >>  Mult_acc_2: 0.7807  Mult_acc_3: 0.6711  Mult_acc_5: 0.4474  F1_score: 0.7854  MAE: 0.3924  Corr: 0.6587  Loss: 0.4048 
2026-01-15 10:16:41,312 - MMSA [INFO] - TRAIN-(msalm) [9/41/4] >> loss: 0.2392  Mult_acc_2: 0.8852  Mult_acc_3: 0.8019  Mult_acc_5: 0.6082  F1_score: 0.8877  MAE: 0.2239  Corr: 0.8954  clm loss: 2.5802 total loss: 3.8814 bn loss: 0.2807 av loss: 0.4433 text loss: 0.338
2026-01-15 10:16:43,096 - MMSA [INFO] - VAL-(msalm) >>  Mult_acc_2: 0.7741  Mult_acc_3: 0.6711  Mult_acc_5: 0.4364  F1_score: 0.7796  MAE: 0.3904  Corr: 0.6626  Loss: 0.4093 
2026-01-15 10:16:51,215 - MMSA [INFO] - TRAIN-(msalm) [10/42/4] >> loss: 0.223  Mult_acc_2: 0.8706  Mult_acc_3: 0.8129  Mult_acc_5: 0.6484  F1_score: 0.8739  MAE: 0.2064  Corr: 0.9054  clm loss: 2.5106 total loss: 3.7442 bn loss: 0.2584 av loss: 0.4419 text loss: 0.3102
2026-01-15 10:16:53,020 - MMSA [INFO] - VAL-(msalm) >>  Mult_acc_2: 0.7522  Mult_acc_3: 0.6535  Mult_acc_5: 0.4320  F1_score: 0.7606  MAE: 0.3975  Corr: 0.6594  Loss: 0.4074 
2026-01-15 10:16:55,278 - MMSA [INFO] - TEST-(msalm) >>  Mult_acc_2: 0.8271  Mult_acc_3: 0.6871  Mult_acc_5: 0.4420  F1_score: 0.8294  MAE: 0.3765  Corr: 0.7036  Loss: 0.3888 
2026-01-15 10:16:56,589 - MMSA [INFO] - Result for seed 1993: {'Mult_acc_2': 0.8271, 'Mult_acc_3': 0.6871, 'Mult_acc_5': 0.442, 'F1_score': 0.8294, 'MAE': 0.3765, 'Corr': 0.7036, 'Loss': 0.3888, 'seed': 1993}
2026-01-15 10:16:56,590 - MMSA [INFO] - ------------------------------ Running with seed 1994 [5/5] ------------------------------
2026-01-15 10:18:14,574 - MMSA [INFO] - The model has 167326060 trainable parameters
2026-01-15 10:18:22,405 - MMSA [INFO] - TRAIN-(msalm) [1/1/5] >> loss: 0.721  Mult_acc_2: 0.4247  Mult_acc_3: 0.3333  Mult_acc_5: 0.1762  F1_score: 0.4280  MAE: 0.7192  Corr: -0.0106  clm loss: 7.6246 total loss: 11.0382 bn loss: 1.196 av loss: 0.6144 text loss: 0.8821
2026-01-15 10:18:24,134 - MMSA [INFO] - VAL-(msalm) >>  Mult_acc_2: 0.4232  Mult_acc_3: 0.3004  Mult_acc_5: 0.1689  F1_score: 0.4140  MAE: 0.6947  Corr: -0.0123  Loss: 0.6924 
2026-01-15 10:18:33,128 - MMSA [INFO] - TRAIN-(msalm) [1/2/5] >> loss: 0.6835  Mult_acc_2: 0.4817  Mult_acc_3: 0.3596  Mult_acc_5: 0.1718  F1_score: 0.4883  MAE: 0.6825  Corr: 0.1308  clm loss: 6.5082 total loss: 9.5413 bn loss: 0.9528 av loss: 0.5781 text loss: 0.8187
2026-01-15 10:18:34,863 - MMSA [INFO] - VAL-(msalm) >>  Mult_acc_2: 0.5461  Mult_acc_3: 0.3706  Mult_acc_5: 0.1842  F1_score: 0.5600  MAE: 0.6165  Corr: 0.2564  Loss: 0.6132 
2026-01-15 10:18:43,652 - MMSA [INFO] - TRAIN-(msalm) [1/3/5] >> loss: 0.6054  Mult_acc_2: 0.5658  Mult_acc_3: 0.4613  Mult_acc_5: 0.2281  F1_score: 0.5769  MAE: 0.6006  Corr: 0.3778  clm loss: 5.4324 total loss: 7.9965 bn loss: 0.7039 av loss: 0.549 text loss: 0.7058
2026-01-15 10:18:45,357 - MMSA [INFO] - VAL-(msalm) >>  Mult_acc_2: 0.6250  Mult_acc_3: 0.5219  Mult_acc_5: 0.2412  F1_score: 0.6397  MAE: 0.5429  Corr: 0.4785  Loss: 0.5399 
2026-01-15 10:18:54,121 - MMSA [INFO] - TRAIN-(msalm) [1/4/5] >> loss: 0.5731  Mult_acc_2: 0.6513  Mult_acc_3: 0.5512  Mult_acc_5: 0.2756  F1_score: 0.6644  MAE: 0.5503  Corr: 0.4745  clm loss: 4.6556 total loss: 7.0357 bn loss: 0.6167 av loss: 0.5192 text loss: 0.6712
2026-01-15 10:18:55,857 - MMSA [INFO] - VAL-(msalm) >>  Mult_acc_2: 0.6601  Mult_acc_3: 0.5789  Mult_acc_5: 0.3333  F1_score: 0.6733  MAE: 0.5124  Corr: 0.5110  Loss: 0.5431 
2026-01-15 10:19:03,566 - MMSA [INFO] - TRAIN-(msalm) [2/5/5] >> loss: 0.5385  Mult_acc_2: 0.6915  Mult_acc_3: 0.5863  Mult_acc_5: 0.3136  F1_score: 0.7036  MAE: 0.5105  Corr: 0.5431  clm loss: 4.1166 total loss: 6.3763 bn loss: 0.5731 av loss: 0.5032 text loss: 0.645
2026-01-15 10:19:05,298 - MMSA [INFO] - VAL-(msalm) >>  Mult_acc_2: 0.5592  Mult_acc_3: 0.4759  Mult_acc_5: 0.2456  F1_score: 0.5668  MAE: 0.5892  Corr: 0.5126  Loss: 0.6235 
2026-01-15 10:19:13,059 - MMSA [INFO] - TRAIN-(msalm) [3/6/5] >> loss: 0.5184  Mult_acc_2: 0.6703  Mult_acc_3: 0.5716  Mult_acc_5: 0.2858  F1_score: 0.6832  MAE: 0.5067  Corr: 0.5468  clm loss: 3.9183 total loss: 6.0746 bn loss: 0.5405 av loss: 0.4897 text loss: 0.6078
2026-01-15 10:19:14,804 - MMSA [INFO] - VAL-(msalm) >>  Mult_acc_2: 0.6096  Mult_acc_3: 0.5066  Mult_acc_5: 0.2719  F1_score: 0.6229  MAE: 0.5319  Corr: 0.5316  Loss: 0.5494 
2026-01-15 10:19:22,654 - MMSA [INFO] - TRAIN-(msalm) [4/7/5] >> loss: 0.4966  Mult_acc_2: 0.6966  Mult_acc_3: 0.5958  Mult_acc_5: 0.3238  F1_score: 0.7085  MAE: 0.4833  Corr: 0.5660  clm loss: 3.7636 total loss: 5.9103 bn loss: 0.5579 av loss: 0.4862 text loss: 0.606
2026-01-15 10:19:24,346 - MMSA [INFO] - VAL-(msalm) >>  Mult_acc_2: 0.6711  Mult_acc_3: 0.5724  Mult_acc_5: 0.3114  F1_score: 0.6831  MAE: 0.4954  Corr: 0.5386  Loss: 0.5406 
2026-01-15 10:19:32,126 - MMSA [INFO] - TRAIN-(msalm) [5/8/5] >> loss: 0.4752  Mult_acc_2: 0.7105  Mult_acc_3: 0.6126  Mult_acc_5: 0.3487  F1_score: 0.7215  MAE: 0.4571  Corr: 0.6017  clm loss: 3.6045 total loss: 5.6956 bn loss: 0.5417 av loss: 0.479 text loss: 0.5952
2026-01-15 10:19:33,860 - MMSA [INFO] - VAL-(msalm) >>  Mult_acc_2: 0.6447  Mult_acc_3: 0.5504  Mult_acc_5: 0.2895  F1_score: 0.6588  MAE: 0.5096  Corr: 0.5321  Loss: 0.5243 
2026-01-15 10:19:42,862 - MMSA [INFO] - TRAIN-(msalm) [1/9/5] >> loss: 0.4753  Mult_acc_2: 0.7178  Mult_acc_3: 0.6148  Mult_acc_5: 0.3297  F1_score: 0.7283  MAE: 0.4609  Corr: 0.5946  clm loss: 3.4452 total loss: 5.4552 bn loss: 0.5123 av loss: 0.471 text loss: 0.5514
2026-01-15 10:19:44,590 - MMSA [INFO] - VAL-(msalm) >>  Mult_acc_2: 0.6338  Mult_acc_3: 0.5461  Mult_acc_5: 0.3004  F1_score: 0.6481  MAE: 0.4995  Corr: 0.5365  Loss: 0.5191 
2026-01-15 10:19:53,422 - MMSA [INFO] - TRAIN-(msalm) [1/10/5] >> loss: 0.4691  Mult_acc_2: 0.7135  Mult_acc_3: 0.6111  Mult_acc_5: 0.3341  F1_score: 0.7238  MAE: 0.4555  Corr: 0.5943  clm loss: 3.3835 total loss: 5.3736 bn loss: 0.5066 av loss: 0.4741 text loss: 0.5403
2026-01-15 10:19:55,192 - MMSA [INFO] - VAL-(msalm) >>  Mult_acc_2: 0.6689  Mult_acc_3: 0.5877  Mult_acc_5: 0.3136  F1_score: 0.6818  MAE: 0.4677  Corr: 0.5726  Loss: 0.4866 
2026-01-15 10:20:04,056 - MMSA [INFO] - TRAIN-(msalm) [1/11/5] >> loss: 0.4429  Mult_acc_2: 0.7427  Mult_acc_3: 0.6425  Mult_acc_5: 0.3567  F1_score: 0.7507  MAE: 0.4296  Corr: 0.6318  clm loss: 3.312 total loss: 5.2643 bn loss: 0.5071 av loss: 0.4748 text loss: 0.5275
2026-01-15 10:20:05,777 - MMSA [INFO] - VAL-(msalm) >>  Mult_acc_2: 0.7215  Mult_acc_3: 0.6206  Mult_acc_5: 0.3684  F1_score: 0.7280  MAE: 0.4426  Corr: 0.5810  Loss: 0.4575 
2026-01-15 10:20:14,640 - MMSA [INFO] - TRAIN-(msalm) [1/12/5] >> loss: 0.4467  Mult_acc_2: 0.7471  Mult_acc_3: 0.6389  Mult_acc_5: 0.3648  F1_score: 0.7542  MAE: 0.4273  Corr: 0.6343  clm loss: 3.2723 total loss: 5.2053 bn loss: 0.4829 av loss: 0.4673 text loss: 0.536
2026-01-15 10:20:16,396 - MMSA [INFO] - VAL-(msalm) >>  Mult_acc_2: 0.7171  Mult_acc_3: 0.6140  Mult_acc_5: 0.3838  F1_score: 0.7250  MAE: 0.4431  Corr: 0.5922  Loss: 0.4763 
2026-01-15 10:20:24,182 - MMSA [INFO] - TRAIN-(msalm) [2/13/5] >> loss: 0.4238  Mult_acc_2: 0.7639  Mult_acc_3: 0.6572  Mult_acc_5: 0.3801  F1_score: 0.7707  MAE: 0.4011  Corr: 0.6672  clm loss: 3.2175 total loss: 5.1422 bn loss: 0.4858 av loss: 0.4687 text loss: 0.5463
2026-01-15 10:20:25,842 - MMSA [INFO] - VAL-(msalm) >>  Mult_acc_2: 0.7259  Mult_acc_3: 0.6250  Mult_acc_5: 0.3728  F1_score: 0.7335  MAE: 0.4319  Corr: 0.6111  Loss: 0.4503 
2026-01-15 10:20:34,658 - MMSA [INFO] - TRAIN-(msalm) [1/14/5] >> loss: 0.4171  Mult_acc_2: 0.7675  Mult_acc_3: 0.6513  Mult_acc_5: 0.3750  F1_score: 0.7731  MAE: 0.4060  Corr: 0.6642  clm loss: 3.2356 total loss: 5.1345 bn loss: 0.4647 av loss: 0.4656 text loss: 0.5515
2026-01-15 10:20:36,389 - MMSA [INFO] - VAL-(msalm) >>  Mult_acc_2: 0.7368  Mult_acc_3: 0.6338  Mult_acc_5: 0.3882  F1_score: 0.7440  MAE: 0.4317  Corr: 0.6009  Loss: 0.4590 
2026-01-15 10:20:44,165 - MMSA [INFO] - TRAIN-(msalm) [2/15/5] >> loss: 0.4181  Mult_acc_2: 0.7770  Mult_acc_3: 0.6798  Mult_acc_5: 0.4152  F1_score: 0.7830  MAE: 0.3919  Corr: 0.6792  clm loss: 3.1907 total loss: 5.0547 bn loss: 0.4547 av loss: 0.4615 text loss: 0.5297
2026-01-15 10:20:45,898 - MMSA [INFO] - VAL-(msalm) >>  Mult_acc_2: 0.7566  Mult_acc_3: 0.6425  Mult_acc_5: 0.4211  F1_score: 0.7622  MAE: 0.4224  Corr: 0.6116  Loss: 0.4603 
2026-01-15 10:20:53,682 - MMSA [INFO] - TRAIN-(msalm) [3/16/5] >> loss: 0.4039  Mult_acc_2: 0.7807  Mult_acc_3: 0.6835  Mult_acc_5: 0.4013  F1_score: 0.7854  MAE: 0.3881  Corr: 0.6874  clm loss: 3.1777 total loss: 5.0298 bn loss: 0.4635 av loss: 0.4634 text loss: 0.5214
2026-01-15 10:20:55,870 - MMSA [INFO] - VAL-(msalm) >>  Mult_acc_2: 0.7544  Mult_acc_3: 0.6645  Mult_acc_5: 0.4167  F1_score: 0.7605  MAE: 0.4085  Corr: 0.6300  Loss: 0.4195 
2026-01-15 10:21:04,660 - MMSA [INFO] - TRAIN-(msalm) [1/17/5] >> loss: 0.396  Mult_acc_2: 0.7844  Mult_acc_3: 0.6718  Mult_acc_5: 0.4057  F1_score: 0.7890  MAE: 0.3849  Corr: 0.6963  clm loss: 3.1438 total loss: 4.9531 bn loss: 0.4535 av loss: 0.462 text loss: 0.4978
2026-01-15 10:21:06,457 - MMSA [INFO] - VAL-(msalm) >>  Mult_acc_2: 0.7654  Mult_acc_3: 0.6513  Mult_acc_5: 0.4101  F1_score: 0.7708  MAE: 0.4186  Corr: 0.6252  Loss: 0.4451 
2026-01-15 10:21:14,190 - MMSA [INFO] - TRAIN-(msalm) [2/18/5] >> loss: 0.3707  Mult_acc_2: 0.8114  Mult_acc_3: 0.7010  Mult_acc_5: 0.4510  F1_score: 0.8144  MAE: 0.3495  Corr: 0.7361  clm loss: 3.093 total loss: 4.8447 bn loss: 0.4452 av loss: 0.4589 text loss: 0.477
2026-01-15 10:21:15,965 - MMSA [INFO] - VAL-(msalm) >>  Mult_acc_2: 0.7873  Mult_acc_3: 0.6645  Mult_acc_5: 0.4276  F1_score: 0.7901  MAE: 0.4098  Corr: 0.6362  Loss: 0.4341 
2026-01-15 10:21:23,728 - MMSA [INFO] - TRAIN-(msalm) [3/19/5] >> loss: 0.3791  Mult_acc_2: 0.8085  Mult_acc_3: 0.6966  Mult_acc_5: 0.4254  F1_score: 0.8117  MAE: 0.3639  Corr: 0.7228  clm loss: 3.1284 total loss: 4.8614 bn loss: 0.423 av loss: 0.4646 text loss: 0.4663
2026-01-15 10:21:25,496 - MMSA [INFO] - VAL-(msalm) >>  Mult_acc_2: 0.7610  Mult_acc_3: 0.6579  Mult_acc_5: 0.3991  F1_score: 0.7685  MAE: 0.4141  Corr: 0.6410  Loss: 0.4388 
2026-01-15 10:21:33,401 - MMSA [INFO] - TRAIN-(msalm) [4/20/5] >> loss: 0.3607  Mult_acc_2: 0.8070  Mult_acc_3: 0.7149  Mult_acc_5: 0.4649  F1_score: 0.8100  MAE: 0.3418  Corr: 0.7468  clm loss: 3.0694 total loss: 4.7602 bn loss: 0.4117 av loss: 0.46 text loss: 0.4585
2026-01-15 10:21:35,207 - MMSA [INFO] - VAL-(msalm) >>  Mult_acc_2: 0.7697  Mult_acc_3: 0.6513  Mult_acc_5: 0.3969  F1_score: 0.7764  MAE: 0.4124  Corr: 0.6324  Loss: 0.4353 
2026-01-15 10:21:43,040 - MMSA [INFO] - TRAIN-(msalm) [5/21/5] >> loss: 0.3518  Mult_acc_2: 0.8048  Mult_acc_3: 0.7208  Mult_acc_5: 0.4730  F1_score: 0.8087  MAE: 0.3302  Corr: 0.7693  clm loss: 3.0537 total loss: 4.7079 bn loss: 0.3938 av loss: 0.4523 text loss: 0.4563
2026-01-15 10:21:44,888 - MMSA [INFO] - VAL-(msalm) >>  Mult_acc_2: 0.7675  Mult_acc_3: 0.6754  Mult_acc_5: 0.4211  F1_score: 0.7728  MAE: 0.4097  Corr: 0.6383  Loss: 0.4255 
2026-01-15 10:21:52,657 - MMSA [INFO] - TRAIN-(msalm) [6/22/5] >> loss: 0.3447  Mult_acc_2: 0.8151  Mult_acc_3: 0.7346  Mult_acc_5: 0.4759  F1_score: 0.8181  MAE: 0.3322  Corr: 0.7681  clm loss: 3.0384 total loss: 4.679 bn loss: 0.3954 av loss: 0.4588 text loss: 0.4417
2026-01-15 10:21:54,406 - MMSA [INFO] - VAL-(msalm) >>  Mult_acc_2: 0.7741  Mult_acc_3: 0.6623  Mult_acc_5: 0.4057  F1_score: 0.7794  MAE: 0.4088  Corr: 0.6478  Loss: 0.4165 
2026-01-15 10:22:03,232 - MMSA [INFO] - TRAIN-(msalm) [1/23/5] >> loss: 0.3302  Mult_acc_2: 0.8348  Mult_acc_3: 0.7273  Mult_acc_5: 0.4846  F1_score: 0.8372  MAE: 0.3149  Corr: 0.7922  clm loss: 2.9975 total loss: 4.5988 bn loss: 0.3799 av loss: 0.4531 text loss: 0.438
2026-01-15 10:22:04,953 - MMSA [INFO] - VAL-(msalm) >>  Mult_acc_2: 0.7763  Mult_acc_3: 0.6732  Mult_acc_5: 0.4232  F1_score: 0.7824  MAE: 0.4018  Corr: 0.6538  Loss: 0.4202 
2026-01-15 10:22:12,781 - MMSA [INFO] - TRAIN-(msalm) [2/24/5] >> loss: 0.3351  Mult_acc_2: 0.8216  Mult_acc_3: 0.7361  Mult_acc_5: 0.4795  F1_score: 0.8247  MAE: 0.3202  Corr: 0.7850  clm loss: 2.9881 total loss: 4.5806 bn loss: 0.3671 av loss: 0.4473 text loss: 0.4429
2026-01-15 10:22:14,641 - MMSA [INFO] - VAL-(msalm) >>  Mult_acc_2: 0.7785  Mult_acc_3: 0.6623  Mult_acc_5: 0.4145  F1_score: 0.7853  MAE: 0.4015  Corr: 0.6585  Loss: 0.4200 
2026-01-15 10:22:22,731 - MMSA [INFO] - TRAIN-(msalm) [3/25/5] >> loss: 0.3119  Mult_acc_2: 0.8333  Mult_acc_3: 0.7507  Mult_acc_5: 0.5256  F1_score: 0.8363  MAE: 0.2973  Corr: 0.8089  clm loss: 2.9446 total loss: 4.4973 bn loss: 0.3634 av loss: 0.4528 text loss: 0.4245
2026-01-15 10:22:24,441 - MMSA [INFO] - VAL-(msalm) >>  Mult_acc_2: 0.7917  Mult_acc_3: 0.6667  Mult_acc_5: 0.4342  F1_score: 0.7968  MAE: 0.3984  Corr: 0.6557  Loss: 0.4158 
2026-01-15 10:22:33,305 - MMSA [INFO] - TRAIN-(msalm) [1/26/5] >> loss: 0.3157  Mult_acc_2: 0.8458  Mult_acc_3: 0.7456  Mult_acc_5: 0.5073  F1_score: 0.8477  MAE: 0.3017  Corr: 0.8050  clm loss: 2.9316 total loss: 4.4826 bn loss: 0.354 av loss: 0.4534 text loss: 0.4279
2026-01-15 10:22:35,015 - MMSA [INFO] - VAL-(msalm) >>  Mult_acc_2: 0.7939  Mult_acc_3: 0.6732  Mult_acc_5: 0.4232  F1_score: 0.7971  MAE: 0.3967  Corr: 0.6571  Loss: 0.4085 
2026-01-15 10:22:43,878 - MMSA [INFO] - TRAIN-(msalm) [1/27/5] >> loss: 0.3201  Mult_acc_2: 0.8275  Mult_acc_3: 0.7427  Mult_acc_5: 0.4978  F1_score: 0.8309  MAE: 0.3048  Corr: 0.8035  clm loss: 2.9204 total loss: 4.4475 bn loss: 0.3467 av loss: 0.4503 text loss: 0.41
2026-01-15 10:22:45,535 - MMSA [INFO] - VAL-(msalm) >>  Mult_acc_2: 0.7851  Mult_acc_3: 0.6689  Mult_acc_5: 0.4013  F1_score: 0.7907  MAE: 0.4004  Corr: 0.6562  Loss: 0.4145 
2026-01-15 10:22:53,381 - MMSA [INFO] - TRAIN-(msalm) [2/28/5] >> loss: 0.302  Mult_acc_2: 0.8523  Mult_acc_3: 0.7661  Mult_acc_5: 0.5234  F1_score: 0.8551  MAE: 0.2878  Corr: 0.8272  clm loss: 2.8822 total loss: 4.3599 bn loss: 0.3417 av loss: 0.4404 text loss: 0.3936
2026-01-15 10:22:55,157 - MMSA [INFO] - VAL-(msalm) >>  Mult_acc_2: 0.7851  Mult_acc_3: 0.6908  Mult_acc_5: 0.4211  F1_score: 0.7902  MAE: 0.3997  Corr: 0.6580  Loss: 0.4087 
2026-01-15 10:23:02,974 - MMSA [INFO] - TRAIN-(msalm) [3/29/5] >> loss: 0.3114  Mult_acc_2: 0.8377  Mult_acc_3: 0.7507  Mult_acc_5: 0.4963  F1_score: 0.8409  MAE: 0.2971  Corr: 0.8164  clm loss: 2.8529 total loss: 4.345 bn loss: 0.3412 av loss: 0.4539 text loss: 0.3856
2026-01-15 10:23:04,683 - MMSA [INFO] - VAL-(msalm) >>  Mult_acc_2: 0.7939  Mult_acc_3: 0.6798  Mult_acc_5: 0.4408  F1_score: 0.7983  MAE: 0.3975  Corr: 0.6572  Loss: 0.4154 
2026-01-15 10:23:12,506 - MMSA [INFO] - TRAIN-(msalm) [4/30/5] >> loss: 0.2952  Mult_acc_2: 0.8443  Mult_acc_3: 0.7471  Mult_acc_5: 0.5263  F1_score: 0.8474  MAE: 0.2810  Corr: 0.8305  clm loss: 2.8242 total loss: 4.2845 bn loss: 0.3336 av loss: 0.4528 text loss: 0.3786
2026-01-15 10:23:14,301 - MMSA [INFO] - VAL-(msalm) >>  Mult_acc_2: 0.7522  Mult_acc_3: 0.6776  Mult_acc_5: 0.4145  F1_score: 0.7600  MAE: 0.4027  Corr: 0.6523  Loss: 0.4009 
2026-01-15 10:23:23,181 - MMSA [INFO] - TRAIN-(msalm) [1/31/5] >> loss: 0.2834  Mult_acc_2: 0.8516  Mult_acc_3: 0.7566  Mult_acc_5: 0.5358  F1_score: 0.8543  MAE: 0.2701  Corr: 0.8446  clm loss: 2.8634 total loss: 4.3194 bn loss: 0.335 av loss: 0.4414 text loss: 0.3961
2026-01-15 10:23:24,942 - MMSA [INFO] - VAL-(msalm) >>  Mult_acc_2: 0.7719  Mult_acc_3: 0.6689  Mult_acc_5: 0.4232  F1_score: 0.7786  MAE: 0.3990  Corr: 0.6571  Loss: 0.4042 
2026-01-15 10:23:32,833 - MMSA [INFO] - TRAIN-(msalm) [2/32/5] >> loss: 0.2885  Mult_acc_2: 0.8480  Mult_acc_3: 0.7661  Mult_acc_5: 0.5446  F1_score: 0.8517  MAE: 0.2691  Corr: 0.8425  clm loss: 2.8088 total loss: 4.2479 bn loss: 0.3104 av loss: 0.446 text loss: 0.3942
2026-01-15 10:23:34,719 - MMSA [INFO] - VAL-(msalm) >>  Mult_acc_2: 0.7741  Mult_acc_3: 0.6645  Mult_acc_5: 0.4211  F1_score: 0.7810  MAE: 0.3997  Corr: 0.6594  Loss: 0.4162 
2026-01-15 10:23:42,482 - MMSA [INFO] - TRAIN-(msalm) [3/33/5] >> loss: 0.2745  Mult_acc_2: 0.8516  Mult_acc_3: 0.7844  Mult_acc_5: 0.5548  F1_score: 0.8547  MAE: 0.2616  Corr: 0.8562  clm loss: 2.7635 total loss: 4.1995 bn loss: 0.3206 av loss: 0.4458 text loss: 0.3951
2026-01-15 10:23:44,227 - MMSA [INFO] - VAL-(msalm) >>  Mult_acc_2: 0.7741  Mult_acc_3: 0.6645  Mult_acc_5: 0.3947  F1_score: 0.7802  MAE: 0.4079  Corr: 0.6504  Loss: 0.4135 
2026-01-15 10:23:52,075 - MMSA [INFO] - TRAIN-(msalm) [4/34/5] >> loss: 0.2766  Mult_acc_2: 0.8480  Mult_acc_3: 0.7697  Mult_acc_5: 0.5446  F1_score: 0.8508  MAE: 0.2647  Corr: 0.8518  clm loss: 2.7344 total loss: 4.1771 bn loss: 0.3295 av loss: 0.4493 text loss: 0.3873
2026-01-15 10:23:53,823 - MMSA [INFO] - VAL-(msalm) >>  Mult_acc_2: 0.7544  Mult_acc_3: 0.6645  Mult_acc_5: 0.4057  F1_score: 0.7631  MAE: 0.4033  Corr: 0.6580  Loss: 0.4142 
2026-01-15 10:24:01,652 - MMSA [INFO] - TRAIN-(msalm) [5/35/5] >> loss: 0.264  Mult_acc_2: 0.8604  Mult_acc_3: 0.7851  Mult_acc_5: 0.6045  F1_score: 0.8632  MAE: 0.2420  Corr: 0.8663  clm loss: 2.7144 total loss: 4.1228 bn loss: 0.3219 av loss: 0.4447 text loss: 0.3777
2026-01-15 10:24:03,402 - MMSA [INFO] - VAL-(msalm) >>  Mult_acc_2: 0.7741  Mult_acc_3: 0.6645  Mult_acc_5: 0.4298  F1_score: 0.7812  MAE: 0.3957  Corr: 0.6609  Loss: 0.4233 
2026-01-15 10:24:11,229 - MMSA [INFO] - TRAIN-(msalm) [6/36/5] >> loss: 0.254  Mult_acc_2: 0.8757  Mult_acc_3: 0.7968  Mult_acc_5: 0.6118  F1_score: 0.8779  MAE: 0.2361  Corr: 0.8766  clm loss: 2.7171 total loss: 4.0684 bn loss: 0.2883 av loss: 0.4448 text loss: 0.3642
2026-01-15 10:24:13,006 - MMSA [INFO] - VAL-(msalm) >>  Mult_acc_2: 0.7785  Mult_acc_3: 0.6732  Mult_acc_5: 0.4189  F1_score: 0.7837  MAE: 0.3966  Corr: 0.6598  Loss: 0.4131 
2026-01-15 10:24:20,837 - MMSA [INFO] - TRAIN-(msalm) [7/37/5] >> loss: 0.2463  Mult_acc_2: 0.8596  Mult_acc_3: 0.7800  Mult_acc_5: 0.5914  F1_score: 0.8625  MAE: 0.2346  Corr: 0.8832  clm loss: 2.6893 total loss: 4.0108 bn loss: 0.2765 av loss: 0.4425 text loss: 0.3562
2026-01-15 10:24:22,584 - MMSA [INFO] - VAL-(msalm) >>  Mult_acc_2: 0.7588  Mult_acc_3: 0.6645  Mult_acc_5: 0.4232  F1_score: 0.7656  MAE: 0.3990  Corr: 0.6611  Loss: 0.4073 
2026-01-15 10:24:30,377 - MMSA [INFO] - TRAIN-(msalm) [8/38/5] >> loss: 0.2392  Mult_acc_2: 0.8757  Mult_acc_3: 0.7961  Mult_acc_5: 0.6148  F1_score: 0.8781  MAE: 0.2245  Corr: 0.8912  clm loss: 2.6763 total loss: 3.9823 bn loss: 0.2678 av loss: 0.4465 text loss: 0.3524
2026-01-15 10:24:32,121 - MMSA [INFO] - VAL-(msalm) >>  Mult_acc_2: 0.7807  Mult_acc_3: 0.6711  Mult_acc_5: 0.4583  F1_score: 0.7848  MAE: 0.3971  Corr: 0.6611  Loss: 0.4095 
2026-01-15 10:24:39,995 - MMSA [INFO] - TRAIN-(msalm) [9/39/5] >> loss: 0.2383  Mult_acc_2: 0.8684  Mult_acc_3: 0.7917  Mult_acc_5: 0.6089  F1_score: 0.8716  MAE: 0.2182  Corr: 0.8945  clm loss: 2.6416 total loss: 3.9407 bn loss: 0.2742 av loss: 0.4445 text loss: 0.3421
2026-01-15 10:24:41,866 - MMSA [INFO] - VAL-(msalm) >>  Mult_acc_2: 0.7741  Mult_acc_3: 0.6732  Mult_acc_5: 0.4211  F1_score: 0.7796  MAE: 0.3989  Corr: 0.6573  Loss: 0.4326 
2026-01-15 10:24:49,828 - MMSA [INFO] - TRAIN-(msalm) [10/40/5] >> loss: 0.2236  Mult_acc_2: 0.8779  Mult_acc_3: 0.8041  Mult_acc_5: 0.6367  F1_score: 0.8808  MAE: 0.2118  Corr: 0.9016  clm loss: 2.6296 total loss: 3.8944 bn loss: 0.2741 av loss: 0.4384 text loss: 0.3287
2026-01-15 10:24:51,806 - MMSA [INFO] - VAL-(msalm) >>  Mult_acc_2: 0.7785  Mult_acc_3: 0.6667  Mult_acc_5: 0.4057  F1_score: 0.7828  MAE: 0.4039  Corr: 0.6502  Loss: 0.4097 
2026-01-15 10:24:54,333 - MMSA [INFO] - TEST-(msalm) >>  Mult_acc_2: 0.8118  Mult_acc_3: 0.6937  Mult_acc_5: 0.4376  F1_score: 0.8158  MAE: 0.3698  Corr: 0.7033  Loss: 0.3713 
2026-01-15 10:24:55,692 - MMSA [INFO] - Result for seed 1994: {'Mult_acc_2': 0.8118, 'Mult_acc_3': 0.6937, 'Mult_acc_5': 0.4376, 'F1_score': 0.8158, 'MAE': 0.3698, 'Corr': 0.7033, 'Loss': 0.3713, 'seed': 1994}
2026-01-15 10:24:55,740 - MMSA [INFO] - Results saved to MMSA/results/sims/lrs_0002/mmrouter/k_2/nf_16-exp-ffws/lr_0002__k_2__nf_16-exp-ffws/normal/sims_avg.csv.
