2026-01-26 16:05:05,364 - MMSA [INFO] - ======================================== Program Start ========================================
2026-01-26 16:05:05,457 - MMSA [INFO] - Running with args:
2026-01-26 16:05:05,458 - MMSA [INFO] - {'model_name': 'msalm', 'dataset_name': 'sims', 'featurePath': '/leonardo_work/EUHPC_A04_051/alexfil/MSA-Datasets/CH-SIMS/unaligned_39.pkl', 'seq_lens': [39, 400, 55], 'feature_dims': [768, 33, 709], 'train_samples': 1368, 'num_classes': 3, 'language': 'cn', 'KeyEval': 'Loss', 'missing_rate': [0.0, 0.0, 0.0], 'missing_seed': [1111, 1111, 1111], 'need_data_aligned': False, 'need_model_aligned': False, 'early_stop': 10, 'use_bert': False, 'use_bert_finetune': False, 'attn_mask': True, 'excludeZero': True, 'update_epochs': 8, 'use_augmentation': False, 'use_m3xup': False, 'hfPath': False, 'use_ulgm': False, 'update_labels_patience': 1, 'H': 3.0, 'del_model': True, 'max_token_len': 39, 'pad_token': '<|endoftext|>', 'lm': '/leonardo_work/EUHPC_A04_051/alexfil/gpt2-chinese-cluecorpussmall', 'use_bf16': False, 'task_out': 1, 'use_clm': True, 'gamma': 1.0, 'l_bn': 1.0, 'l_av': 1.0, 'l_t': 1.0, 'l_lb': 0.01, 'warmup_epochs': 1, 'max_epochs': 100, 'beta_1': 0.9, 'beta_2': 0.95, 'use_lnorm': True, 'rescale': False, 'rescaler': 'sqrt', 'use_seqaug': True, 'n_bn_fusion': 16, 'modded_loss': True, 'embedding_attr_name': 'transformer.wte', 'decoder_layers_attr_name': 'transformer.h', 'mmgpt': {'type': 'gpt2', 'd_out': 64, 'combine': True, 'dropout': 0.1, 'mm_layer': [5, 6, 7, 8, 9, 10, 11], 'top_k': 2, 'layer_dropout': 0.0, 'dense': True, 'tie_ffn': True, 'n_embd': 768, 'bias': True, 'kv_dim': 30, 'n_head': 16, 'd_mm': 768, 'gating': 'sigmoid', 'init_gate': [0.0, 0.0, 0.0, 0.0, 0.0, 0.0, 0.0, 0.0, 0.0, 0.0], 'use_softperm': True, 'p_perm': 0.3, 'p_apply': 0.25, 'use_lora': False, 'lora': {'lora_alpha': 128, 'r': 64, 'lora_dropout': 0.05}}, 'av_enc': {'finetune': True, 'from_pretrained': True, 'path_to_pretrained': '/leonardo_work/EUHPC_A04_051/alexfil/DeepMLF-Reprod/checkpoints/bienc-sims-1990/bienc-sims-1990.pth', 'feature_dims': [768, 33, 709], 'd_enc': 30, 'n_embd': 30, 'n_head': 6, 'nlevels': 3, 'd_enc_out': 30, 'maxlen': 55, 'p_mask': 0.15, 'enc_attn_dropout': 0.1, 'enc_res_dropout': 0.1, 'enc_dropout': 0.1, 'use_softperm': True, 'p_perm': 0.2, 'mask_perm_ratio': 0.5, 'tf_fusion': False, 'use_bn': True, 'use_ln': False}, 'gpt': {'vocab_size': 50257, 'block_size': 1024, 'bias': True, 'n_embd': 1024, 'n_layer': 24, 'n_head': 16, 'dropout': 0.0}, 'batch_size': 32, 'grad_clip': 5.0, 'patience': 10, 'weight_decay_mmgpt': 0.1, 'weight_decay_av': 0.1, 'learning_rate_av': 0.0002, 'learning_rate_mmgpt': 0.0002, 'device': device(type='cuda', index=0), 'train_mode': 'regression', 'custom_feature': None, 'feature_T': '', 'feature_A': '', 'feature_V': ''}
2026-01-26 16:05:05,459 - MMSA [INFO] - Seeds: [1992]
2026-01-26 16:05:05,460 - MMSA [INFO] - ------------------------------ Running with seed 1992 [1/1] ------------------------------
2026-01-26 16:06:23,906 - MMSA [INFO] - The model has 173497162 trainable parameters
2026-01-26 16:06:33,764 - MMSA [INFO] - TRAIN-(msalm) [1/1/1] >> loss: 0.6598  Mult_acc_2: 0.4832  Mult_acc_3: 0.3523  Mult_acc_5: 0.1740  F1_score: 0.5008  MAE: 0.6600  Corr: 0.0573  clm loss: 7.5449 total loss: 10.7279 bn loss: 0.8362 av loss: 0.7602 lb loss: 0.0019 text loss: 0.9267
2026-01-26 16:06:35,688 - MMSA [INFO] - VAL-(msalm) >>  Mult_acc_2: 0.3969  Mult_acc_3: 0.3399  Mult_acc_5: 0.1754  F1_score: 0.3520  MAE: 0.6893  Corr: 0.1902  Loss: 0.6822 
2026-01-26 16:06:44,903 - MMSA [INFO] - TRAIN-(msalm) [1/2/1] >> loss: 0.6043  Mult_acc_2: 0.5804  Mult_acc_3: 0.4466  Mult_acc_5: 0.2025  F1_score: 0.5964  MAE: 0.6033  Corr: 0.2562  clm loss: 6.3302 total loss: 9.0446 bn loss: 0.6826 av loss: 0.679 lb loss: 0.0017 text loss: 0.7485
2026-01-26 16:06:46,708 - MMSA [INFO] - VAL-(msalm) >>  Mult_acc_2: 0.5132  Mult_acc_3: 0.4189  Mult_acc_5: 0.2083  F1_score: 0.5115  MAE: 0.6142  Corr: 0.3783  Loss: 0.6232 
2026-01-26 16:06:55,783 - MMSA [INFO] - TRAIN-(msalm) [1/3/1] >> loss: 0.5526  Mult_acc_2: 0.6243  Mult_acc_3: 0.5080  Mult_acc_5: 0.2368  F1_score: 0.6389  MAE: 0.5498  Corr: 0.4223  clm loss: 5.0855 total loss: 7.5185 bn loss: 0.591 av loss: 0.6351 lb loss: 0.0024 text loss: 0.6543
2026-01-26 16:06:57,508 - MMSA [INFO] - VAL-(msalm) >>  Mult_acc_2: 0.5592  Mult_acc_3: 0.4781  Mult_acc_5: 0.2346  F1_score: 0.5684  MAE: 0.5749  Corr: 0.4845  Loss: 0.5774 
2026-01-26 16:07:06,596 - MMSA [INFO] - TRAIN-(msalm) [1/4/1] >> loss: 0.5244  Mult_acc_2: 0.6754  Mult_acc_3: 0.5680  Mult_acc_5: 0.2946  F1_score: 0.6881  MAE: 0.5134  Corr: 0.4954  clm loss: 4.335 total loss: 6.6553 bn loss: 0.5532 av loss: 0.6084 lb loss: 0.003 text loss: 0.6342
2026-01-26 16:07:08,275 - MMSA [INFO] - VAL-(msalm) >>  Mult_acc_2: 0.5833  Mult_acc_3: 0.5000  Mult_acc_5: 0.2544  F1_score: 0.5936  MAE: 0.5729  Corr: 0.5174  Loss: 0.6105 
2026-01-26 16:07:16,262 - MMSA [INFO] - TRAIN-(msalm) [2/5/1] >> loss: 0.5019  Mult_acc_2: 0.7200  Mult_acc_3: 0.5936  Mult_acc_5: 0.3333  F1_score: 0.7305  MAE: 0.4757  Corr: 0.5505  clm loss: 3.9079 total loss: 6.1189 bn loss: 0.5172 av loss: 0.5981 lb loss: 0.0031 text loss: 0.5937
2026-01-26 16:07:17,917 - MMSA [INFO] - VAL-(msalm) >>  Mult_acc_2: 0.6513  Mult_acc_3: 0.5461  Mult_acc_5: 0.3026  F1_score: 0.6651  MAE: 0.4935  Corr: 0.5565  Loss: 0.5038 
2026-01-26 16:07:27,283 - MMSA [INFO] - TRAIN-(msalm) [1/6/1] >> loss: 0.4808  Mult_acc_2: 0.7251  Mult_acc_3: 0.6111  Mult_acc_5: 0.3253  F1_score: 0.7346  MAE: 0.4657  Corr: 0.5814  clm loss: 3.6883 total loss: 5.8581 bn loss: 0.5268 av loss: 0.5823 lb loss: 0.0028 text loss: 0.5798
2026-01-26 16:07:29,044 - MMSA [INFO] - VAL-(msalm) >>  Mult_acc_2: 0.6118  Mult_acc_3: 0.5263  Mult_acc_5: 0.2873  F1_score: 0.6252  MAE: 0.5071  Corr: 0.5512  Loss: 0.5094 
2026-01-26 16:07:37,351 - MMSA [INFO] - TRAIN-(msalm) [2/7/1] >> loss: 0.4627  Mult_acc_2: 0.7405  Mult_acc_3: 0.6228  Mult_acc_5: 0.3326  F1_score: 0.7480  MAE: 0.4499  Corr: 0.5969  clm loss: 3.5084 total loss: 5.6046 bn loss: 0.5111 av loss: 0.5688 lb loss: 0.0029 text loss: 0.5535
2026-01-26 16:07:39,108 - MMSA [INFO] - VAL-(msalm) >>  Mult_acc_2: 0.6469  Mult_acc_3: 0.5439  Mult_acc_5: 0.3092  F1_score: 0.6609  MAE: 0.4881  Corr: 0.5513  Loss: 0.5130 
2026-01-26 16:07:47,225 - MMSA [INFO] - TRAIN-(msalm) [3/8/1] >> loss: 0.4547  Mult_acc_2: 0.7485  Mult_acc_3: 0.6469  Mult_acc_5: 0.3589  F1_score: 0.7556  MAE: 0.4376  Corr: 0.6108  clm loss: 3.4078 total loss: 5.4781 bn loss: 0.5073 av loss: 0.5607 lb loss: 0.0028 text loss: 0.5476
2026-01-26 16:07:48,915 - MMSA [INFO] - VAL-(msalm) >>  Mult_acc_2: 0.7259  Mult_acc_3: 0.6140  Mult_acc_5: 0.3640  F1_score: 0.7326  MAE: 0.4511  Corr: 0.5633  Loss: 0.4752 
2026-01-26 16:07:57,994 - MMSA [INFO] - TRAIN-(msalm) [1/9/1] >> loss: 0.4488  Mult_acc_2: 0.7478  Mult_acc_3: 0.6418  Mult_acc_5: 0.3531  F1_score: 0.7549  MAE: 0.4286  Corr: 0.6333  clm loss: 3.326 total loss: 5.3835 bn loss: 0.4974 av loss: 0.5498 lb loss: 0.0025 text loss: 0.5615
2026-01-26 16:07:59,699 - MMSA [INFO] - VAL-(msalm) >>  Mult_acc_2: 0.6996  Mult_acc_3: 0.6140  Mult_acc_5: 0.3421  F1_score: 0.7097  MAE: 0.4597  Corr: 0.5692  Loss: 0.4780 
2026-01-26 16:08:07,763 - MMSA [INFO] - TRAIN-(msalm) [2/10/1] >> loss: 0.4335  Mult_acc_2: 0.7697  Mult_acc_3: 0.6550  Mult_acc_5: 0.3545  F1_score: 0.7753  MAE: 0.4188  Corr: 0.6505  clm loss: 3.3044 total loss: 5.2777 bn loss: 0.4809 av loss: 0.5344 lb loss: 0.0026 text loss: 0.5245
2026-01-26 16:08:09,501 - MMSA [INFO] - VAL-(msalm) >>  Mult_acc_2: 0.6754  Mult_acc_3: 0.5833  Mult_acc_5: 0.2982  F1_score: 0.6883  MAE: 0.4769  Corr: 0.5929  Loss: 0.4838 
2026-01-26 16:08:17,644 - MMSA [INFO] - TRAIN-(msalm) [3/11/1] >> loss: 0.4227  Mult_acc_2: 0.7741  Mult_acc_3: 0.6623  Mult_acc_5: 0.3830  F1_score: 0.7789  MAE: 0.4080  Corr: 0.6484  clm loss: 3.2266 total loss: 5.1764 bn loss: 0.4846 av loss: 0.5234 lb loss: 0.003 text loss: 0.5191
2026-01-26 16:08:19,306 - MMSA [INFO] - VAL-(msalm) >>  Mult_acc_2: 0.7544  Mult_acc_3: 0.6447  Mult_acc_5: 0.3816  F1_score: 0.7586  MAE: 0.4282  Corr: 0.6052  Loss: 0.4404 
2026-01-26 16:08:28,426 - MMSA [INFO] - TRAIN-(msalm) [1/12/1] >> loss: 0.4196  Mult_acc_2: 0.7858  Mult_acc_3: 0.6652  Mult_acc_5: 0.3925  F1_score: 0.7891  MAE: 0.4000  Corr: 0.6737  clm loss: 3.2227 total loss: 5.1356 bn loss: 0.4536 av loss: 0.5002 lb loss: 0.0034 text loss: 0.5394
2026-01-26 16:08:30,218 - MMSA [INFO] - VAL-(msalm) >>  Mult_acc_2: 0.7632  Mult_acc_3: 0.6535  Mult_acc_5: 0.3925  F1_score: 0.7650  MAE: 0.4171  Corr: 0.6147  Loss: 0.4517 
2026-01-26 16:08:38,356 - MMSA [INFO] - TRAIN-(msalm) [2/13/1] >> loss: 0.4063  Mult_acc_2: 0.7931  Mult_acc_3: 0.6725  Mult_acc_5: 0.4064  F1_score: 0.7960  MAE: 0.3889  Corr: 0.6853  clm loss: 3.1986 total loss: 5.0661 bn loss: 0.4523 av loss: 0.4991 lb loss: 0.0037 text loss: 0.5098
2026-01-26 16:08:40,108 - MMSA [INFO] - VAL-(msalm) >>  Mult_acc_2: 0.7961  Mult_acc_3: 0.6535  Mult_acc_5: 0.3838  F1_score: 0.7910  MAE: 0.4145  Corr: 0.6252  Loss: 0.4321 
2026-01-26 16:08:49,258 - MMSA [INFO] - TRAIN-(msalm) [1/14/1] >> loss: 0.4018  Mult_acc_2: 0.7997  Mult_acc_3: 0.6944  Mult_acc_5: 0.4057  F1_score: 0.8007  MAE: 0.3826  Corr: 0.6913  clm loss: 3.1495 total loss: 4.9894 bn loss: 0.4481 av loss: 0.4859 lb loss: 0.0037 text loss: 0.5041
2026-01-26 16:08:50,990 - MMSA [INFO] - VAL-(msalm) >>  Mult_acc_2: 0.8004  Mult_acc_3: 0.6645  Mult_acc_5: 0.4013  F1_score: 0.7965  MAE: 0.4021  Corr: 0.6498  Loss: 0.4379 
2026-01-26 16:08:59,063 - MMSA [INFO] - TRAIN-(msalm) [2/15/1] >> loss: 0.378  Mult_acc_2: 0.8026  Mult_acc_3: 0.6879  Mult_acc_5: 0.4145  F1_score: 0.8049  MAE: 0.3625  Corr: 0.7332  clm loss: 3.1499 total loss: 4.9399 bn loss: 0.4427 av loss: 0.4776 lb loss: 0.0035 text loss: 0.4918
2026-01-26 16:09:00,768 - MMSA [INFO] - VAL-(msalm) >>  Mult_acc_2: 0.7741  Mult_acc_3: 0.6667  Mult_acc_5: 0.4189  F1_score: 0.7772  MAE: 0.3905  Corr: 0.6618  Loss: 0.4031 
2026-01-26 16:09:09,884 - MMSA [INFO] - TRAIN-(msalm) [1/16/1] >> loss: 0.3814  Mult_acc_2: 0.8216  Mult_acc_3: 0.7069  Mult_acc_5: 0.4291  F1_score: 0.8238  MAE: 0.3614  Corr: 0.7338  clm loss: 3.1039 total loss: 4.8737 bn loss: 0.4326 av loss: 0.4719 lb loss: 0.0038 text loss: 0.4838
2026-01-26 16:09:11,556 - MMSA [INFO] - VAL-(msalm) >>  Mult_acc_2: 0.7851  Mult_acc_3: 0.6667  Mult_acc_5: 0.4123  F1_score: 0.7885  MAE: 0.3872  Corr: 0.6717  Loss: 0.4056 
2026-01-26 16:09:19,615 - MMSA [INFO] - TRAIN-(msalm) [2/17/1] >> loss: 0.3647  Mult_acc_2: 0.8107  Mult_acc_3: 0.7164  Mult_acc_5: 0.4459  F1_score: 0.8133  MAE: 0.3435  Corr: 0.7570  clm loss: 3.0652 total loss: 4.8099 bn loss: 0.423 av loss: 0.4722 lb loss: 0.0042 text loss: 0.4848
2026-01-26 16:09:21,342 - MMSA [INFO] - VAL-(msalm) >>  Mult_acc_2: 0.7895  Mult_acc_3: 0.6557  Mult_acc_5: 0.3947  F1_score: 0.7921  MAE: 0.3875  Corr: 0.6734  Loss: 0.4108 
2026-01-26 16:09:29,626 - MMSA [INFO] - TRAIN-(msalm) [3/18/1] >> loss: 0.3735  Mult_acc_2: 0.8136  Mult_acc_3: 0.7003  Mult_acc_5: 0.4240  F1_score: 0.8147  MAE: 0.3571  Corr: 0.7342  clm loss: 3.097 total loss: 4.81 bn loss: 0.409 av loss: 0.4724 lb loss: 0.0043 text loss: 0.458
2026-01-26 16:09:31,336 - MMSA [INFO] - VAL-(msalm) >>  Mult_acc_2: 0.7697  Mult_acc_3: 0.6732  Mult_acc_5: 0.4320  F1_score: 0.7759  MAE: 0.3862  Corr: 0.6693  Loss: 0.4127 
2026-01-26 16:09:39,397 - MMSA [INFO] - TRAIN-(msalm) [4/19/1] >> loss: 0.3556  Mult_acc_2: 0.8151  Mult_acc_3: 0.7120  Mult_acc_5: 0.4488  F1_score: 0.8177  MAE: 0.3358  Corr: 0.7685  clm loss: 3.0545 total loss: 4.7168 bn loss: 0.4015 av loss: 0.4634 lb loss: 0.0043 text loss: 0.4417
2026-01-26 16:09:41,094 - MMSA [INFO] - VAL-(msalm) >>  Mult_acc_2: 0.7873  Mult_acc_3: 0.6645  Mult_acc_5: 0.4320  F1_score: 0.7927  MAE: 0.3852  Corr: 0.6687  Loss: 0.4032 
2026-01-26 16:09:49,314 - MMSA [INFO] - TRAIN-(msalm) [5/20/1] >> loss: 0.3457  Mult_acc_2: 0.8268  Mult_acc_3: 0.7237  Mult_acc_5: 0.4605  F1_score: 0.8293  MAE: 0.3265  Corr: 0.7783  clm loss: 3.0199 total loss: 4.6521 bn loss: 0.3872 av loss: 0.4592 lb loss: 0.0044 text loss: 0.44
2026-01-26 16:09:51,090 - MMSA [INFO] - VAL-(msalm) >>  Mult_acc_2: 0.7917  Mult_acc_3: 0.6908  Mult_acc_5: 0.4430  F1_score: 0.7927  MAE: 0.3849  Corr: 0.6678  Loss: 0.3980 
2026-01-26 16:10:00,461 - MMSA [INFO] - TRAIN-(msalm) [1/21/1] >> loss: 0.3379  Mult_acc_2: 0.8377  Mult_acc_3: 0.7310  Mult_acc_5: 0.4525  F1_score: 0.8402  MAE: 0.3242  Corr: 0.7885  clm loss: 2.9944 total loss: 4.6025 bn loss: 0.3813 av loss: 0.461 lb loss: 0.0043 text loss: 0.428
2026-01-26 16:10:02,258 - MMSA [INFO] - VAL-(msalm) >>  Mult_acc_2: 0.7763  Mult_acc_3: 0.6667  Mult_acc_5: 0.4320  F1_score: 0.7811  MAE: 0.3870  Corr: 0.6647  Loss: 0.4078 
2026-01-26 16:10:10,335 - MMSA [INFO] - TRAIN-(msalm) [2/22/1] >> loss: 0.341  Mult_acc_2: 0.8202  Mult_acc_3: 0.7215  Mult_acc_5: 0.4715  F1_score: 0.8240  MAE: 0.3226  Corr: 0.7826  clm loss: 2.9704 total loss: 4.6027 bn loss: 0.3965 av loss: 0.4687 lb loss: 0.0039 text loss: 0.4261
2026-01-26 16:10:12,110 - MMSA [INFO] - VAL-(msalm) >>  Mult_acc_2: 0.7851  Mult_acc_3: 0.6842  Mult_acc_5: 0.4364  F1_score: 0.7882  MAE: 0.3835  Corr: 0.6660  Loss: 0.4240 
2026-01-26 16:10:20,165 - MMSA [INFO] - TRAIN-(msalm) [3/23/1] >> loss: 0.3217  Mult_acc_2: 0.8260  Mult_acc_3: 0.7361  Mult_acc_5: 0.4956  F1_score: 0.8297  MAE: 0.3044  Corr: 0.7995  clm loss: 2.9569 total loss: 4.5429 bn loss: 0.3736 av loss: 0.4542 lb loss: 0.0041 text loss: 0.4365
2026-01-26 16:10:21,794 - MMSA [INFO] - VAL-(msalm) >>  Mult_acc_2: 0.7785  Mult_acc_3: 0.6732  Mult_acc_5: 0.4298  F1_score: 0.7834  MAE: 0.3856  Corr: 0.6643  Loss: 0.4117 
2026-01-26 16:10:29,849 - MMSA [INFO] - TRAIN-(msalm) [4/24/1] >> loss: 0.3233  Mult_acc_2: 0.8326  Mult_acc_3: 0.7354  Mult_acc_5: 0.4839  F1_score: 0.8357  MAE: 0.3050  Corr: 0.8067  clm loss: 2.9208 total loss: 4.4816 bn loss: 0.3567 av loss: 0.4565 lb loss: 0.0042 text loss: 0.4242
2026-01-26 16:10:31,541 - MMSA [INFO] - VAL-(msalm) >>  Mult_acc_2: 0.7763  Mult_acc_3: 0.6623  Mult_acc_5: 0.4013  F1_score: 0.7819  MAE: 0.3931  Corr: 0.6671  Loss: 0.4072 
2026-01-26 16:10:39,576 - MMSA [INFO] - TRAIN-(msalm) [5/25/1] >> loss: 0.2976  Mult_acc_2: 0.8436  Mult_acc_3: 0.7507  Mult_acc_5: 0.5161  F1_score: 0.8462  MAE: 0.2829  Corr: 0.8318  clm loss: 2.8843 total loss: 4.3863 bn loss: 0.3461 av loss: 0.4565 lb loss: 0.004 text loss: 0.4017
2026-01-26 16:10:41,380 - MMSA [INFO] - VAL-(msalm) >>  Mult_acc_2: 0.7895  Mult_acc_3: 0.6645  Mult_acc_5: 0.4167  F1_score: 0.7931  MAE: 0.3883  Corr: 0.6670  Loss: 0.4175 
2026-01-26 16:10:49,400 - MMSA [INFO] - TRAIN-(msalm) [6/26/1] >> loss: 0.3076  Mult_acc_2: 0.8304  Mult_acc_3: 0.7434  Mult_acc_5: 0.5022  F1_score: 0.8338  MAE: 0.2913  Corr: 0.8200  clm loss: 2.8795 total loss: 4.3779 bn loss: 0.3467 av loss: 0.4626 lb loss: 0.0039 text loss: 0.3813
2026-01-26 16:10:51,093 - MMSA [INFO] - VAL-(msalm) >>  Mult_acc_2: 0.7741  Mult_acc_3: 0.6667  Mult_acc_5: 0.4189  F1_score: 0.7799  MAE: 0.3918  Corr: 0.6625  Loss: 0.4174 
2026-01-26 16:10:59,106 - MMSA [INFO] - TRAIN-(msalm) [7/27/1] >> loss: 0.2806  Mult_acc_2: 0.8648  Mult_acc_3: 0.7858  Mult_acc_5: 0.5439  F1_score: 0.8677  MAE: 0.2628  Corr: 0.8557  clm loss: 2.8355 total loss: 4.2735 bn loss: 0.333 av loss: 0.4525 lb loss: 0.0039 text loss: 0.3718
2026-01-26 16:11:00,869 - MMSA [INFO] - VAL-(msalm) >>  Mult_acc_2: 0.7829  Mult_acc_3: 0.6732  Mult_acc_5: 0.4145  F1_score: 0.7862  MAE: 0.3929  Corr: 0.6587  Loss: 0.4099 
2026-01-26 16:11:08,934 - MMSA [INFO] - TRAIN-(msalm) [8/28/1] >> loss: 0.2815  Mult_acc_2: 0.8589  Mult_acc_3: 0.7697  Mult_acc_5: 0.5365  F1_score: 0.8619  MAE: 0.2680  Corr: 0.8485  clm loss: 2.8423 total loss: 4.3203 bn loss: 0.3437 av loss: 0.453 lb loss: 0.0037 text loss: 0.3997
2026-01-26 16:11:10,766 - MMSA [INFO] - VAL-(msalm) >>  Mult_acc_2: 0.7873  Mult_acc_3: 0.6645  Mult_acc_5: 0.4167  F1_score: 0.7891  MAE: 0.3931  Corr: 0.6609  Loss: 0.4071 
2026-01-26 16:11:19,064 - MMSA [INFO] - TRAIN-(msalm) [9/29/1] >> loss: 0.2914  Mult_acc_2: 0.8553  Mult_acc_3: 0.7632  Mult_acc_5: 0.5292  F1_score: 0.8575  MAE: 0.2753  Corr: 0.8417  clm loss: 2.8205 total loss: 4.3112 bn loss: 0.325 av loss: 0.4583 lb loss: 0.0039 text loss: 0.416
2026-01-26 16:11:21,052 - MMSA [INFO] - VAL-(msalm) >>  Mult_acc_2: 0.7829  Mult_acc_3: 0.6711  Mult_acc_5: 0.4035  F1_score: 0.7835  MAE: 0.3987  Corr: 0.6549  Loss: 0.4134 
2026-01-26 16:11:29,381 - MMSA [INFO] - TRAIN-(msalm) [10/30/1] >> loss: 0.2718  Mult_acc_2: 0.8582  Mult_acc_3: 0.7836  Mult_acc_5: 0.5658  F1_score: 0.8609  MAE: 0.2576  Corr: 0.8595  clm loss: 2.7945 total loss: 4.2274 bn loss: 0.3067 av loss: 0.4474 lb loss: 0.0041 text loss: 0.4069
2026-01-26 16:11:31,049 - MMSA [INFO] - VAL-(msalm) >>  Mult_acc_2: 0.7829  Mult_acc_3: 0.6667  Mult_acc_5: 0.4232  F1_score: 0.7874  MAE: 0.3874  Corr: 0.6640  Loss: 0.4109 
2026-01-26 16:11:33,378 - MMSA [INFO] - TEST-(msalm) >>  Mult_acc_2: 0.8381  Mult_acc_3: 0.7265  Mult_acc_5: 0.4617  F1_score: 0.8396  MAE: 0.3578  Corr: 0.7318  Loss: 0.3671 
2026-01-26 16:11:34,657 - MMSA [INFO] - Result for seed 1992: {'Mult_acc_2': 0.8381, 'Mult_acc_3': 0.7265, 'Mult_acc_5': 0.4617, 'F1_score': 0.8396, 'MAE': 0.3578, 'Corr': 0.7318, 'Loss': 0.3671, 'seed': 1992}
2026-01-26 16:11:34,684 - MMSA [INFO] - Results saved to MMSA/results/sims/lrs_0002/sparse-token-lvl-router/k_2/nf_16-track/lr_0002__k_2__nf_16-track/normal/sims_avg.csv.
