2026-01-17 16:39:17,653 - MMSA [INFO] - ======================================== Program Start ========================================
2026-01-17 16:39:17,716 - MMSA [INFO] - Running with args:
2026-01-17 16:39:17,716 - MMSA [INFO] - {'model_name': 'msalm', 'dataset_name': 'mosei', 'featurePath': '/leonardo_work/EUHPC_A04_051/alexfil/MSA-Datasets/CMU-MOSEI/Processed/unaligned_50.pkl', 'seq_lens': [50, 500, 375], 'feature_dims': [768, 74, 35], 'train_samples': 16326, 'num_classes': 3, 'language': 'en', 'KeyEval': 'Loss', 'missing_rate': [0.0, 0.0, 0.0], 'missing_seed': [1111, 1111, 1111], 'need_data_aligned': False, 'need_model_aligned': False, 'early_stop': 10, 'use_bert': False, 'use_bert_finetune': False, 'attn_mask': True, 'excludeZero': True, 'update_epochs': 8, 'use_augmentation': False, 'use_m3xup': False, 'hfPath': False, 'use_ulgm': False, 'update_labels_patience': 1, 'H': 3.0, 'del_model': True, 'max_token_len': 50, 'pad_token': '<|endoftext|>', 'lm': '/leonardo_work/EUHPC_A04_051/alexfil/gpt2-large', 'use_bf16': False, 'task_out': 1, 'use_clm': True, 'gamma': 1.0, 'l_bn': 1.0, 'l_av': 1.0, 'l_t': 1.0, 'warmup_epochs': 1, 'max_epochs': 20, 'beta_1': 0.9, 'beta_2': 0.95, 'use_lnorm': True, 'rescale': False, 'rescaler': 'sqrt', 'use_seqaug': True, 'n_bn_fusion': 14, 'modded_loss': True, 'embedding_attr_name': 'transformer.wte', 'decoder_layers_attr_name': 'transformer.h', 'mmgpt': {'type': 'gpt2', 'd_out': 64, 'combine': True, 'dropout': 0.1, 'mm_layer': [7, 14, 21, 28, 35], 'top_k': 3, 'layer_dropout': 0.0, 'dense': True, 'tie_ffn': True, 'n_embd': 1280, 'bias': True, 'kv_dim': 30, 'n_head': 16, 'd_mm': 1280, 'gating': 'sigmoid', 'init_gate': [0.0, 0.0, 0.0, 0.0, 0.0, 0.0, 0.0, 0.0, 0.0, 0.0], 'use_softperm': True, 'p_perm': 0.3, 'p_apply': 0.25, 'use_lora': False, 'lora': {'lora_alpha': 128, 'r': 64, 'lora_dropout': 0.05}}, 'av_enc': {'finetune': True, 'from_pretrained': True, 'path_to_pretrained': '/leonardo_work/EUHPC_A04_051/alexfil/DeepMLF-Reprod/checkpoints/bienc-mosei-1990/bienc-mosei-1990.pth', 'feature_dims': [768, 74, 35], 'd_enc': 30, 'n_embd': 30, 'n_head': 6, 'nlevels': 3, 'd_enc_out': 30, 'maxlen': 50, 'p_mask': 0.15, 'enc_attn_dropout': 0.1, 'enc_res_dropout': 0.1, 'enc_dropout': 0.1, 'use_softperm': True, 'p_perm': 0.2, 'mask_perm_ratio': 0.5, 'tf_fusion': False, 'use_bn': False, 'use_ln': False}, 'gpt': {'vocab_size': 50257, 'block_size': 1024, 'bias': True, 'n_embd': 1024, 'n_layer': 24, 'n_head': 16, 'dropout': 0.0}, 'batch_size': 32, 'grad_clip': 5.0, 'patience': 10, 'weight_decay_mmgpt': 0.1, 'weight_decay_av': 0.1, 'learning_rate_av': 0.0001, 'learning_rate_mmgpt': 0.0001, 'device': device(type='cuda', index=0), 'train_mode': 'regression', 'custom_feature': None, 'feature_T': '', 'feature_A': '', 'feature_V': ''}
2026-01-17 16:39:17,716 - MMSA [INFO] - Seeds: [1990, 1991, 1992, 1993, 1994]
2026-01-17 16:39:17,717 - MMSA [INFO] - ------------------------------ Running with seed 1990 [1/5] ------------------------------
2026-01-17 16:51:22,448 - MMSA [INFO] - The model has 914783116 trainable parameters
2026-01-17 16:56:21,083 - MMSA [INFO] - TRAIN-(msalm) [1/1/1] >> loss: 0.7879  Has0_acc_2: 0.6964  Has0_F1_score: 0.6979  Non0_acc_2: 0.6936  Non0_F1_score: 0.6859  Mult_acc_5: 0.4131  Mult_acc_7: 0.4123  MAE: 0.7882  Corr: 0.3954  clm loss: 4.2651 total loss: 7.699 bn loss: 0.8564 av loss: 0.9051 text loss: 0.8845
2026-01-17 16:56:30,169 - MMSA [INFO] - VAL-(msalm) >>  Has0_acc_2: 0.7680  Has0_F1_score: 0.7774  Non0_acc_2: 0.8053  Non0_F1_score: 0.8064  Mult_acc_5: 0.4842  Mult_acc_7: 0.4735  MAE: 0.6185  Corr: 0.6268  Loss: 0.6198 
2026-01-17 17:01:32,317 - MMSA [INFO] - TRAIN-(msalm) [1/2/1] >> loss: 0.6093  Has0_acc_2: 0.7821  Has0_F1_score: 0.7883  Non0_acc_2: 0.8202  Non0_F1_score: 0.8198  Mult_acc_5: 0.5110  Mult_acc_7: 0.4990  MAE: 0.6092  Corr: 0.6975  clm loss: 3.7716 total loss: 6.5147 bn loss: 0.6408 av loss: 0.8116 text loss: 0.6815
2026-01-17 17:01:41,178 - MMSA [INFO] - VAL-(msalm) >>  Has0_acc_2: 0.8129  Has0_F1_score: 0.8189  Non0_acc_2: 0.8561  Non0_F1_score: 0.8556  Mult_acc_5: 0.5559  Mult_acc_7: 0.5452  MAE: 0.5185  Corr: 0.7474  Loss: 0.5181 
2026-01-17 17:06:43,412 - MMSA [INFO] - TRAIN-(msalm) [1/3/1] >> loss: 0.5382  Has0_acc_2: 0.8113  Has0_F1_score: 0.8163  Non0_acc_2: 0.8534  Non0_F1_score: 0.8530  Mult_acc_5: 0.5583  Mult_acc_7: 0.5383  MAE: 0.5384  Corr: 0.7672  clm loss: 3.6157 total loss: 6.0816 bn loss: 0.5416 av loss: 0.7993 text loss: 0.5869
2026-01-17 17:06:52,215 - MMSA [INFO] - VAL-(msalm) >>  Has0_acc_2: 0.8332  Has0_F1_score: 0.8374  Non0_acc_2: 0.8672  Non0_F1_score: 0.8664  Mult_acc_5: 0.5703  Mult_acc_7: 0.5564  MAE: 0.4940  Corr: 0.7737  Loss: 0.4942 
2026-01-17 17:11:54,385 - MMSA [INFO] - TRAIN-(msalm) [1/4/1] >> loss: 0.5012  Has0_acc_2: 0.8254  Has0_F1_score: 0.8300  Non0_acc_2: 0.8711  Non0_F1_score: 0.8707  Mult_acc_5: 0.5873  Mult_acc_7: 0.5659  MAE: 0.5015  Corr: 0.8003  clm loss: 3.5459 total loss: 5.8891 bn loss: 0.5071 av loss: 0.7951 text loss: 0.5398
2026-01-17 17:12:03,159 - MMSA [INFO] - VAL-(msalm) >>  Has0_acc_2: 0.8097  Has0_F1_score: 0.8176  Non0_acc_2: 0.8616  Non0_F1_score: 0.8625  Mult_acc_5: 0.5815  Mult_acc_7: 0.5692  MAE: 0.4913  Corr: 0.7836  Loss: 0.4913 
2026-01-17 17:17:05,452 - MMSA [INFO] - TRAIN-(msalm) [1/5/1] >> loss: 0.4704  Has0_acc_2: 0.8315  Has0_F1_score: 0.8363  Non0_acc_2: 0.8831  Non0_F1_score: 0.8829  Mult_acc_5: 0.6109  Mult_acc_7: 0.5888  MAE: 0.4706  Corr: 0.8255  clm loss: 3.4875 total loss: 5.7324 bn loss: 0.4801 av loss: 0.7943 text loss: 0.5
2026-01-17 17:17:14,229 - MMSA [INFO] - VAL-(msalm) >>  Has0_acc_2: 0.8407  Has0_F1_score: 0.8450  Non0_acc_2: 0.8748  Non0_F1_score: 0.8744  Mult_acc_5: 0.5783  Mult_acc_7: 0.5633  MAE: 0.4868  Corr: 0.7837  Loss: 0.4880 
2026-01-17 17:22:16,734 - MMSA [INFO] - TRAIN-(msalm) [1/6/1] >> loss: 0.4501  Has0_acc_2: 0.8417  Has0_F1_score: 0.8460  Non0_acc_2: 0.8951  Non0_F1_score: 0.8948  Mult_acc_5: 0.6261  Mult_acc_7: 0.6031  MAE: 0.4503  Corr: 0.8398  clm loss: 3.452 total loss: 5.6091 bn loss: 0.4534 av loss: 0.7922 text loss: 0.4615
2026-01-17 17:22:25,535 - MMSA [INFO] - VAL-(msalm) >>  Has0_acc_2: 0.8188  Has0_F1_score: 0.8252  Non0_acc_2: 0.8616  Non0_F1_score: 0.8619  Mult_acc_5: 0.5847  Mult_acc_7: 0.5735  MAE: 0.4893  Corr: 0.7792  Loss: 0.4899 
2026-01-17 17:27:22,920 - MMSA [INFO] - TRAIN-(msalm) [2/7/1] >> loss: 0.4283  Has0_acc_2: 0.8491  Has0_F1_score: 0.8535  Non0_acc_2: 0.9069  Non0_F1_score: 0.9067  Mult_acc_5: 0.6424  Mult_acc_7: 0.6172  MAE: 0.4281  Corr: 0.8557  clm loss: 3.4153 total loss: 5.5054 bn loss: 0.4348 av loss: 0.7905 text loss: 0.4366
2026-01-17 17:27:31,713 - MMSA [INFO] - VAL-(msalm) >>  Has0_acc_2: 0.8242  Has0_F1_score: 0.8298  Non0_acc_2: 0.8644  Non0_F1_score: 0.8643  Mult_acc_5: 0.5660  Mult_acc_7: 0.5484  MAE: 0.4953  Corr: 0.7780  Loss: 0.4949 
2026-01-17 17:32:29,231 - MMSA [INFO] - TRAIN-(msalm) [3/8/1] >> loss: 0.4005  Has0_acc_2: 0.8493  Has0_F1_score: 0.8539  Non0_acc_2: 0.9131  Non0_F1_score: 0.9130  Mult_acc_5: 0.6669  Mult_acc_7: 0.6427  MAE: 0.4003  Corr: 0.8710  clm loss: 3.3842 total loss: 5.3952 bn loss: 0.4134 av loss: 0.7894 text loss: 0.4077
2026-01-17 17:32:38,558 - MMSA [INFO] - VAL-(msalm) >>  Has0_acc_2: 0.8065  Has0_F1_score: 0.8146  Non0_acc_2: 0.8567  Non0_F1_score: 0.8577  Mult_acc_5: 0.5714  Mult_acc_7: 0.5580  MAE: 0.4889  Corr: 0.7814  Loss: 0.4893 
2026-01-17 17:37:35,811 - MMSA [INFO] - TRAIN-(msalm) [4/9/1] >> loss: 0.3868  Has0_acc_2: 0.8562  Has0_F1_score: 0.8606  Non0_acc_2: 0.9201  Non0_F1_score: 0.9201  Mult_acc_5: 0.6811  Mult_acc_7: 0.6559  MAE: 0.3859  Corr: 0.8818  clm loss: 3.3628 total loss: 5.3218 bn loss: 0.3971 av loss: 0.7888 text loss: 0.3864
2026-01-17 17:37:44,579 - MMSA [INFO] - VAL-(msalm) >>  Has0_acc_2: 0.7985  Has0_F1_score: 0.8074  Non0_acc_2: 0.8526  Non0_F1_score: 0.8539  Mult_acc_5: 0.5730  Mult_acc_7: 0.5591  MAE: 0.4999  Corr: 0.7806  Loss: 0.4986 
2026-01-17 17:42:42,035 - MMSA [INFO] - TRAIN-(msalm) [5/10/1] >> loss: 0.3664  Has0_acc_2: 0.8629  Has0_F1_score: 0.8670  Non0_acc_2: 0.9301  Non0_F1_score: 0.9300  Mult_acc_5: 0.6980  Mult_acc_7: 0.6728  MAE: 0.3663  Corr: 0.8925  clm loss: 3.343 total loss: 5.2433 bn loss: 0.3809 av loss: 0.788 text loss: 0.3649
2026-01-17 17:42:50,847 - MMSA [INFO] - VAL-(msalm) >>  Has0_acc_2: 0.8108  Has0_F1_score: 0.8176  Non0_acc_2: 0.8533  Non0_F1_score: 0.8536  Mult_acc_5: 0.5687  Mult_acc_7: 0.5553  MAE: 0.5026  Corr: 0.7698  Loss: 0.5029 
2026-01-17 17:47:48,143 - MMSA [INFO] - TRAIN-(msalm) [6/11/1] >> loss: 0.3534  Has0_acc_2: 0.8610  Has0_F1_score: 0.8652  Non0_acc_2: 0.9304  Non0_F1_score: 0.9303  Mult_acc_5: 0.7084  Mult_acc_7: 0.6831  MAE: 0.3533  Corr: 0.9009  clm loss: 3.3261 total loss: 5.1757 bn loss: 0.362 av loss: 0.787 text loss: 0.3473
2026-01-17 17:47:57,206 - MMSA [INFO] - VAL-(msalm) >>  Has0_acc_2: 0.8124  Has0_F1_score: 0.8196  Non0_acc_2: 0.8547  Non0_F1_score: 0.8554  Mult_acc_5: 0.5676  Mult_acc_7: 0.5521  MAE: 0.5007  Corr: 0.7701  Loss: 0.5006 
2026-01-17 17:52:54,489 - MMSA [INFO] - TRAIN-(msalm) [7/12/1] >> loss: 0.3409  Has0_acc_2: 0.8616  Has0_F1_score: 0.8660  Non0_acc_2: 0.9346  Non0_F1_score: 0.9345  Mult_acc_5: 0.7207  Mult_acc_7: 0.6965  MAE: 0.3402  Corr: 0.9068  clm loss: 3.3105 total loss: 5.1232 bn loss: 0.3545 av loss: 0.787 text loss: 0.3303
2026-01-17 17:53:03,310 - MMSA [INFO] - VAL-(msalm) >>  Has0_acc_2: 0.8263  Has0_F1_score: 0.8307  Non0_acc_2: 0.8630  Non0_F1_score: 0.8620  Mult_acc_5: 0.5612  Mult_acc_7: 0.5468  MAE: 0.5045  Corr: 0.7717  Loss: 0.5034 
2026-01-17 17:58:01,424 - MMSA [INFO] - TRAIN-(msalm) [8/13/1] >> loss: 0.328  Has0_acc_2: 0.8667  Has0_F1_score: 0.8709  Non0_acc_2: 0.9402  Non0_F1_score: 0.9402  Mult_acc_5: 0.7290  Mult_acc_7: 0.7034  MAE: 0.3276  Corr: 0.9154  clm loss: 3.2955 total loss: 5.0653 bn loss: 0.3401 av loss: 0.7859 text loss: 0.3158
2026-01-17 17:58:10,297 - MMSA [INFO] - VAL-(msalm) >>  Has0_acc_2: 0.8049  Has0_F1_score: 0.8130  Non0_acc_2: 0.8526  Non0_F1_score: 0.8536  Mult_acc_5: 0.5724  Mult_acc_7: 0.5591  MAE: 0.4996  Corr: 0.7740  Loss: 0.4992 
2026-01-17 18:03:08,082 - MMSA [INFO] - TRAIN-(msalm) [9/14/1] >> loss: 0.3193  Has0_acc_2: 0.8662  Has0_F1_score: 0.8705  Non0_acc_2: 0.9424  Non0_F1_score: 0.9424  Mult_acc_5: 0.7360  Mult_acc_7: 0.7113  MAE: 0.3189  Corr: 0.9195  clm loss: 3.2805 total loss: 5.0184 bn loss: 0.3284 av loss: 0.7869 text loss: 0.3033
2026-01-17 18:03:17,032 - MMSA [INFO] - VAL-(msalm) >>  Has0_acc_2: 0.8391  Has0_F1_score: 0.8413  Non0_acc_2: 0.8637  Non0_F1_score: 0.8616  Mult_acc_5: 0.5553  Mult_acc_7: 0.5393  MAE: 0.5127  Corr: 0.7728  Loss: 0.5122 
2026-01-17 18:08:14,711 - MMSA [INFO] - TRAIN-(msalm) [10/15/1] >> loss: 0.3056  Has0_acc_2: 0.8681  Has0_F1_score: 0.8725  Non0_acc_2: 0.9478  Non0_F1_score: 0.9478  Mult_acc_5: 0.7549  Mult_acc_7: 0.7300  MAE: 0.3058  Corr: 0.9255  clm loss: 3.2638 total loss: 4.9643 bn loss: 0.3184 av loss: 0.785 text loss: 0.2915
2026-01-17 18:08:23,539 - MMSA [INFO] - VAL-(msalm) >>  Has0_acc_2: 0.7921  Has0_F1_score: 0.8016  Non0_acc_2: 0.8477  Non0_F1_score: 0.8492  Mult_acc_5: 0.5623  Mult_acc_7: 0.5484  MAE: 0.5050  Corr: 0.7725  Loss: 0.5078 
2026-01-17 18:08:45,226 - MMSA [INFO] - TEST-(msalm) >>  Has0_acc_2: 0.8360  Has0_F1_score: 0.8400  Non0_acc_2: 0.8737  Non0_F1_score: 0.8733  Mult_acc_5: 0.5776  Mult_acc_7: 0.5591  MAE: 0.4998  Corr: 0.8053  Loss: 0.4997 
2026-01-17 18:08:47,329 - MMSA [INFO] - Result for seed 1990: {'Has0_acc_2': 0.836, 'Has0_F1_score': 0.84, 'Non0_acc_2': 0.8737, 'Non0_F1_score': 0.8733, 'Mult_acc_5': 0.5776, 'Mult_acc_7': 0.5591, 'MAE': 0.4998, 'Corr': 0.8053, 'Loss': 0.4997, 'seed': 1990}
2026-01-17 18:08:47,330 - MMSA [INFO] - ------------------------------ Running with seed 1991 [2/5] ------------------------------
2026-01-17 18:20:32,429 - MMSA [INFO] - The model has 914783116 trainable parameters
2026-01-17 18:25:30,217 - MMSA [INFO] - TRAIN-(msalm) [1/1/2] >> loss: 0.8368  Has0_acc_2: 0.5632  Has0_F1_score: 0.5778  Non0_acc_2: 0.6134  Non0_F1_score: 0.6160  Mult_acc_5: 0.3975  Mult_acc_7: 0.3934  MAE: 0.8373  Corr: 0.3892  clm loss: 4.2437 total loss: 7.6265 bn loss: 0.8183 av loss: 0.8168 text loss: 0.911
2026-01-17 18:25:39,113 - MMSA [INFO] - VAL-(msalm) >>  Has0_acc_2: 0.7445  Has0_F1_score: 0.7580  Non0_acc_2: 0.7949  Non0_F1_score: 0.7987  Mult_acc_5: 0.4794  Mult_acc_7: 0.4677  MAE: 0.6324  Corr: 0.6293  Loss: 0.6342 
2026-01-17 18:30:41,690 - MMSA [INFO] - TRAIN-(msalm) [1/2/2] >> loss: 0.6147  Has0_acc_2: 0.7562  Has0_F1_score: 0.7667  Non0_acc_2: 0.8132  Non0_F1_score: 0.8155  Mult_acc_5: 0.5064  Mult_acc_7: 0.4908  MAE: 0.6148  Corr: 0.7071  clm loss: 3.7778 total loss: 6.4785 bn loss: 0.6192 av loss: 0.7995 text loss: 0.6673
2026-01-17 18:30:50,624 - MMSA [INFO] - VAL-(msalm) >>  Has0_acc_2: 0.8151  Has0_F1_score: 0.8219  Non0_acc_2: 0.8491  Non0_F1_score: 0.8501  Mult_acc_5: 0.5703  Mult_acc_7: 0.5553  MAE: 0.5245  Corr: 0.7448  Loss: 0.5263 
2026-01-17 18:35:53,771 - MMSA [INFO] - TRAIN-(msalm) [1/3/2] >> loss: 0.5366  Has0_acc_2: 0.8066  Has0_F1_score: 0.8127  Non0_acc_2: 0.8561  Non0_F1_score: 0.8562  Mult_acc_5: 0.5605  Mult_acc_7: 0.5405  MAE: 0.5362  Corr: 0.7699  clm loss: 3.6292 total loss: 6.075 bn loss: 0.5331 av loss: 0.796 text loss: 0.58
2026-01-17 18:36:03,005 - MMSA [INFO] - VAL-(msalm) >>  Has0_acc_2: 0.8028  Has0_F1_score: 0.8115  Non0_acc_2: 0.8498  Non0_F1_score: 0.8514  Mult_acc_5: 0.5842  Mult_acc_7: 0.5724  MAE: 0.5011  Corr: 0.7699  Loss: 0.5016 
2026-01-17 18:41:06,619 - MMSA [INFO] - TRAIN-(msalm) [1/4/2] >> loss: 0.5003  Has0_acc_2: 0.8240  Has0_F1_score: 0.8290  Non0_acc_2: 0.8713  Non0_F1_score: 0.8712  Mult_acc_5: 0.5837  Mult_acc_7: 0.5631  MAE: 0.5000  Corr: 0.8021  clm loss: 3.5472 total loss: 5.88 bn loss: 0.5015 av loss: 0.7928 text loss: 0.5383
2026-01-17 18:41:15,627 - MMSA [INFO] - VAL-(msalm) >>  Has0_acc_2: 0.8215  Has0_F1_score: 0.8281  Non0_acc_2: 0.8672  Non0_F1_score: 0.8676  Mult_acc_5: 0.5815  Mult_acc_7: 0.5676  MAE: 0.4965  Corr: 0.7809  Loss: 0.4963 
2026-01-17 18:46:18,749 - MMSA [INFO] - TRAIN-(msalm) [1/5/2] >> loss: 0.4722  Has0_acc_2: 0.8325  Has0_F1_score: 0.8375  Non0_acc_2: 0.8859  Non0_F1_score: 0.8858  Mult_acc_5: 0.6106  Mult_acc_7: 0.5861  MAE: 0.4723  Corr: 0.8229  clm loss: 3.4931 total loss: 5.7307 bn loss: 0.4743 av loss: 0.7913 text loss: 0.4997
2026-01-17 18:46:27,672 - MMSA [INFO] - VAL-(msalm) >>  Has0_acc_2: 0.8193  Has0_F1_score: 0.8267  Non0_acc_2: 0.8665  Non0_F1_score: 0.8675  Mult_acc_5: 0.5917  Mult_acc_7: 0.5767  MAE: 0.4851  Corr: 0.7808  Loss: 0.4856 
2026-01-17 18:51:30,279 - MMSA [INFO] - TRAIN-(msalm) [1/6/2] >> loss: 0.4461  Has0_acc_2: 0.8415  Has0_F1_score: 0.8462  Non0_acc_2: 0.8977  Non0_F1_score: 0.8976  Mult_acc_5: 0.6303  Mult_acc_7: 0.6066  MAE: 0.4458  Corr: 0.8441  clm loss: 3.4399 total loss: 5.5886 bn loss: 0.4516 av loss: 0.7893 text loss: 0.4618
2026-01-17 18:51:39,181 - MMSA [INFO] - VAL-(msalm) >>  Has0_acc_2: 0.8290  Has0_F1_score: 0.8347  Non0_acc_2: 0.8707  Non0_F1_score: 0.8708  Mult_acc_5: 0.5815  Mult_acc_7: 0.5644  MAE: 0.4870  Corr: 0.7838  Loss: 0.4880 
2026-01-17 18:56:36,735 - MMSA [INFO] - TRAIN-(msalm) [2/7/2] >> loss: 0.4213  Has0_acc_2: 0.8458  Has0_F1_score: 0.8504  Non0_acc_2: 0.9059  Non0_F1_score: 0.9058  Mult_acc_5: 0.6548  Mult_acc_7: 0.6332  MAE: 0.4206  Corr: 0.8587  clm loss: 3.4101 total loss: 5.4857 bn loss: 0.4319 av loss: 0.7886 text loss: 0.4338
2026-01-17 18:56:45,905 - MMSA [INFO] - VAL-(msalm) >>  Has0_acc_2: 0.8172  Has0_F1_score: 0.8234  Non0_acc_2: 0.8574  Non0_F1_score: 0.8575  Mult_acc_5: 0.5869  Mult_acc_7: 0.5703  MAE: 0.4941  Corr: 0.7752  Loss: 0.4945 
2026-01-17 19:01:43,615 - MMSA [INFO] - TRAIN-(msalm) [3/8/2] >> loss: 0.4002  Has0_acc_2: 0.8518  Has0_F1_score: 0.8561  Non0_acc_2: 0.9134  Non0_F1_score: 0.9133  Mult_acc_5: 0.6704  Mult_acc_7: 0.6454  MAE: 0.4005  Corr: 0.8715  clm loss: 3.3829 total loss: 5.3906 bn loss: 0.4115 av loss: 0.7879 text loss: 0.4079
2026-01-17 19:01:52,474 - MMSA [INFO] - VAL-(msalm) >>  Has0_acc_2: 0.8263  Has0_F1_score: 0.8317  Non0_acc_2: 0.8623  Non0_F1_score: 0.8623  Mult_acc_5: 0.5842  Mult_acc_7: 0.5649  MAE: 0.4938  Corr: 0.7827  Loss: 0.4932 
2026-01-17 19:06:50,257 - MMSA [INFO] - TRAIN-(msalm) [4/9/2] >> loss: 0.3859  Has0_acc_2: 0.8573  Has0_F1_score: 0.8616  Non0_acc_2: 0.9241  Non0_F1_score: 0.9240  Mult_acc_5: 0.6798  Mult_acc_7: 0.6540  MAE: 0.3854  Corr: 0.8814  clm loss: 3.3586 total loss: 5.3084 bn loss: 0.394 av loss: 0.7877 text loss: 0.3822
2026-01-17 19:06:59,162 - MMSA [INFO] - VAL-(msalm) >>  Has0_acc_2: 0.8423  Has0_F1_score: 0.8455  Non0_acc_2: 0.8707  Non0_F1_score: 0.8695  Mult_acc_5: 0.5772  Mult_acc_7: 0.5580  MAE: 0.5113  Corr: 0.7732  Loss: 0.5128 
2026-01-17 19:11:56,970 - MMSA [INFO] - TRAIN-(msalm) [5/10/2] >> loss: 0.366  Has0_acc_2: 0.8572  Has0_F1_score: 0.8617  Non0_acc_2: 0.9248  Non0_F1_score: 0.9247  Mult_acc_5: 0.6972  Mult_acc_7: 0.6735  MAE: 0.3656  Corr: 0.8934  clm loss: 3.3366 total loss: 5.2279 bn loss: 0.376 av loss: 0.7878 text loss: 0.3616
2026-01-17 19:12:05,867 - MMSA [INFO] - VAL-(msalm) >>  Has0_acc_2: 0.8193  Has0_F1_score: 0.8258  Non0_acc_2: 0.8574  Non0_F1_score: 0.8580  Mult_acc_5: 0.5788  Mult_acc_7: 0.5639  MAE: 0.4994  Corr: 0.7710  Loss: 0.5013 
2026-01-17 19:17:03,493 - MMSA [INFO] - TRAIN-(msalm) [6/11/2] >> loss: 0.3452  Has0_acc_2: 0.8662  Has0_F1_score: 0.8705  Non0_acc_2: 0.9377  Non0_F1_score: 0.9376  Mult_acc_5: 0.7153  Mult_acc_7: 0.6879  MAE: 0.3450  Corr: 0.9058  clm loss: 3.311 total loss: 5.1365 bn loss: 0.3564 av loss: 0.7858 text loss: 0.3379
2026-01-17 19:17:12,671 - MMSA [INFO] - VAL-(msalm) >>  Has0_acc_2: 0.8092  Has0_F1_score: 0.8167  Non0_acc_2: 0.8574  Non0_F1_score: 0.8581  Mult_acc_5: 0.5901  Mult_acc_7: 0.5740  MAE: 0.4977  Corr: 0.7746  Loss: 0.4977 
2026-01-17 19:22:10,422 - MMSA [INFO] - TRAIN-(msalm) [7/12/2] >> loss: 0.3301  Has0_acc_2: 0.8652  Has0_F1_score: 0.8695  Non0_acc_2: 0.9402  Non0_F1_score: 0.9402  Mult_acc_5: 0.7346  Mult_acc_7: 0.7097  MAE: 0.3304  Corr: 0.9123  clm loss: 3.2953 total loss: 5.0771 bn loss: 0.3439 av loss: 0.7844 text loss: 0.3233
2026-01-17 19:22:19,303 - MMSA [INFO] - VAL-(msalm) >>  Has0_acc_2: 0.8006  Has0_F1_score: 0.8092  Non0_acc_2: 0.8512  Non0_F1_score: 0.8524  Mult_acc_5: 0.5836  Mult_acc_7: 0.5681  MAE: 0.4974  Corr: 0.7748  Loss: 0.4962 
2026-01-17 19:27:17,223 - MMSA [INFO] - TRAIN-(msalm) [8/13/2] >> loss: 0.3234  Has0_acc_2: 0.8693  Has0_F1_score: 0.8736  Non0_acc_2: 0.9453  Non0_F1_score: 0.9453  Mult_acc_5: 0.7388  Mult_acc_7: 0.7144  MAE: 0.3234  Corr: 0.9160  clm loss: 3.2982 total loss: 5.0552 bn loss: 0.335 av loss: 0.7842 text loss: 0.3145
2026-01-17 19:27:26,116 - MMSA [INFO] - VAL-(msalm) >>  Has0_acc_2: 0.8300  Has0_F1_score: 0.8352  Non0_acc_2: 0.8651  Non0_F1_score: 0.8650  Mult_acc_5: 0.5724  Mult_acc_7: 0.5553  MAE: 0.5022  Corr: 0.7737  Loss: 0.5007 
2026-01-17 19:32:23,655 - MMSA [INFO] - TRAIN-(msalm) [9/14/2] >> loss: 0.315  Has0_acc_2: 0.8681  Has0_F1_score: 0.8724  Non0_acc_2: 0.9465  Non0_F1_score: 0.9464  Mult_acc_5: 0.7421  Mult_acc_7: 0.7170  MAE: 0.3151  Corr: 0.9203  clm loss: 3.2847 total loss: 5.0177 bn loss: 0.3285 av loss: 0.784 text loss: 0.3055
2026-01-17 19:32:32,830 - MMSA [INFO] - VAL-(msalm) >>  Has0_acc_2: 0.8049  Has0_F1_score: 0.8131  Non0_acc_2: 0.8519  Non0_F1_score: 0.8531  Mult_acc_5: 0.5810  Mult_acc_7: 0.5649  MAE: 0.5034  Corr: 0.7753  Loss: 0.5039 
2026-01-17 19:37:30,677 - MMSA [INFO] - TRAIN-(msalm) [10/15/2] >> loss: 0.3139  Has0_acc_2: 0.8678  Has0_F1_score: 0.8722  Non0_acc_2: 0.9474  Non0_F1_score: 0.9474  Mult_acc_5: 0.7447  Mult_acc_7: 0.7190  MAE: 0.3130  Corr: 0.9225  clm loss: 3.2686 total loss: 4.98 bn loss: 0.3173 av loss: 0.7842 text loss: 0.296
2026-01-17 19:37:39,617 - MMSA [INFO] - VAL-(msalm) >>  Has0_acc_2: 0.7841  Has0_F1_score: 0.7945  Non0_acc_2: 0.8414  Non0_F1_score: 0.8435  Mult_acc_5: 0.5783  Mult_acc_7: 0.5628  MAE: 0.5066  Corr: 0.7752  Loss: 0.5071 
2026-01-17 19:38:01,227 - MMSA [INFO] - TEST-(msalm) >>  Has0_acc_2: 0.8064  Has0_F1_score: 0.8135  Non0_acc_2: 0.8663  Non0_F1_score: 0.8669  Mult_acc_5: 0.5834  Mult_acc_7: 0.5615  MAE: 0.5056  Corr: 0.8043  Loss: 0.5057 
2026-01-17 19:38:03,493 - MMSA [INFO] - Result for seed 1991: {'Has0_acc_2': 0.8064, 'Has0_F1_score': 0.8135, 'Non0_acc_2': 0.8663, 'Non0_F1_score': 0.8669, 'Mult_acc_5': 0.5834, 'Mult_acc_7': 0.5615, 'MAE': 0.5056, 'Corr': 0.8043, 'Loss': 0.5057, 'seed': 1991}
2026-01-17 19:38:03,495 - MMSA [INFO] - ------------------------------ Running with seed 1992 [3/5] ------------------------------
2026-01-17 19:49:48,684 - MMSA [INFO] - The model has 914783116 trainable parameters
2026-01-17 19:54:46,380 - MMSA [INFO] - TRAIN-(msalm) [1/1/3] >> loss: 0.836  Has0_acc_2: 0.5834  Has0_F1_score: 0.6020  Non0_acc_2: 0.6190  Non0_F1_score: 0.6252  Mult_acc_5: 0.4000  Mult_acc_7: 0.3979  MAE: 0.8364  Corr: 0.3504  clm loss: 4.2443 total loss: 7.5688 bn loss: 0.8235 av loss: 0.8246 text loss: 0.8405
2026-01-17 19:54:55,274 - MMSA [INFO] - VAL-(msalm) >>  Has0_acc_2: 0.7445  Has0_F1_score: 0.7582  Non0_acc_2: 0.7962  Non0_F1_score: 0.8003  Mult_acc_5: 0.4901  Mult_acc_7: 0.4751  MAE: 0.6328  Corr: 0.6384  Loss: 0.6367 
2026-01-17 19:59:57,304 - MMSA [INFO] - TRAIN-(msalm) [1/2/3] >> loss: 0.6117  Has0_acc_2: 0.7701  Has0_F1_score: 0.7793  Non0_acc_2: 0.8200  Non0_F1_score: 0.8217  Mult_acc_5: 0.5007  Mult_acc_7: 0.4849  MAE: 0.6118  Corr: 0.7026  clm loss: 3.7515 total loss: 6.4621 bn loss: 0.6271 av loss: 0.8037 text loss: 0.6681
2026-01-17 20:00:06,217 - MMSA [INFO] - VAL-(msalm) >>  Has0_acc_2: 0.8108  Has0_F1_score: 0.8182  Non0_acc_2: 0.8567  Non0_F1_score: 0.8575  Mult_acc_5: 0.5607  Mult_acc_7: 0.5510  MAE: 0.5144  Corr: 0.7461  Loss: 0.5139 
2026-01-17 20:05:08,834 - MMSA [INFO] - TRAIN-(msalm) [1/3/3] >> loss: 0.5393  Has0_acc_2: 0.8079  Has0_F1_score: 0.8135  Non0_acc_2: 0.8534  Non0_F1_score: 0.8533  Mult_acc_5: 0.5577  Mult_acc_7: 0.5375  MAE: 0.5395  Corr: 0.7687  clm loss: 3.6095 total loss: 6.067 bn loss: 0.5376 av loss: 0.7972 text loss: 0.5834
2026-01-17 20:05:18,011 - MMSA [INFO] - VAL-(msalm) >>  Has0_acc_2: 0.8156  Has0_F1_score: 0.8222  Non0_acc_2: 0.8616  Non0_F1_score: 0.8618  Mult_acc_5: 0.5815  Mult_acc_7: 0.5660  MAE: 0.4931  Corr: 0.7675  Loss: 0.4928 
2026-01-17 20:10:20,783 - MMSA [INFO] - TRAIN-(msalm) [1/4/3] >> loss: 0.4971  Has0_acc_2: 0.8236  Has0_F1_score: 0.8287  Non0_acc_2: 0.8735  Non0_F1_score: 0.8733  Mult_acc_5: 0.5877  Mult_acc_7: 0.5660  MAE: 0.4966  Corr: 0.8058  clm loss: 3.5304 total loss: 5.8527 bn loss: 0.4962 av loss: 0.7958 text loss: 0.5332
2026-01-17 20:10:29,715 - MMSA [INFO] - VAL-(msalm) >>  Has0_acc_2: 0.8151  Has0_F1_score: 0.8227  Non0_acc_2: 0.8630  Non0_F1_score: 0.8640  Mult_acc_5: 0.5906  Mult_acc_7: 0.5735  MAE: 0.4869  Corr: 0.7802  Loss: 0.4864 
2026-01-17 20:15:32,420 - MMSA [INFO] - TRAIN-(msalm) [1/5/3] >> loss: 0.4674  Has0_acc_2: 0.8347  Has0_F1_score: 0.8396  Non0_acc_2: 0.8877  Non0_F1_score: 0.8876  Mult_acc_5: 0.6149  Mult_acc_7: 0.5921  MAE: 0.4671  Corr: 0.8274  clm loss: 3.4765 total loss: 5.7052 bn loss: 0.4711 av loss: 0.7948 text loss: 0.4954
2026-01-17 20:15:41,336 - MMSA [INFO] - VAL-(msalm) >>  Has0_acc_2: 0.8359  Has0_F1_score: 0.8407  Non0_acc_2: 0.8707  Non0_F1_score: 0.8705  Mult_acc_5: 0.5879  Mult_acc_7: 0.5708  MAE: 0.4873  Corr: 0.7812  Loss: 0.4868 
2026-01-17 20:20:39,187 - MMSA [INFO] - TRAIN-(msalm) [2/6/3] >> loss: 0.4461  Has0_acc_2: 0.8349  Has0_F1_score: 0.8400  Non0_acc_2: 0.8933  Non0_F1_score: 0.8932  Mult_acc_5: 0.6338  Mult_acc_7: 0.6090  MAE: 0.4454  Corr: 0.8421  clm loss: 3.439 total loss: 5.5888 bn loss: 0.4505 av loss: 0.7912 text loss: 0.462
2026-01-17 20:20:48,088 - MMSA [INFO] - VAL-(msalm) >>  Has0_acc_2: 0.7942  Has0_F1_score: 0.8037  Non0_acc_2: 0.8498  Non0_F1_score: 0.8514  Mult_acc_5: 0.5820  Mult_acc_7: 0.5655  MAE: 0.5036  Corr: 0.7812  Loss: 0.5031 
2026-01-17 20:25:45,700 - MMSA [INFO] - TRAIN-(msalm) [3/7/3] >> loss: 0.4194  Has0_acc_2: 0.8484  Has0_F1_score: 0.8529  Non0_acc_2: 0.9087  Non0_F1_score: 0.9086  Mult_acc_5: 0.6507  Mult_acc_7: 0.6265  MAE: 0.4192  Corr: 0.8603  clm loss: 3.4081 total loss: 5.4791 bn loss: 0.4295 av loss: 0.7903 text loss: 0.4317
2026-01-17 20:25:55,197 - MMSA [INFO] - VAL-(msalm) >>  Has0_acc_2: 0.8119  Has0_F1_score: 0.8195  Non0_acc_2: 0.8672  Non0_F1_score: 0.8678  Mult_acc_5: 0.5799  Mult_acc_7: 0.5623  MAE: 0.4966  Corr: 0.7850  Loss: 0.4974 
2026-01-17 20:30:52,770 - MMSA [INFO] - TRAIN-(msalm) [4/8/3] >> loss: 0.4001  Has0_acc_2: 0.8521  Has0_F1_score: 0.8564  Non0_acc_2: 0.9158  Non0_F1_score: 0.9155  Mult_acc_5: 0.6682  Mult_acc_7: 0.6430  MAE: 0.3988  Corr: 0.8738  clm loss: 3.379 total loss: 5.3828 bn loss: 0.4079 av loss: 0.7912 text loss: 0.4045
2026-01-17 20:31:01,681 - MMSA [INFO] - VAL-(msalm) >>  Has0_acc_2: 0.7980  Has0_F1_score: 0.8069  Non0_acc_2: 0.8540  Non0_F1_score: 0.8551  Mult_acc_5: 0.5852  Mult_acc_7: 0.5703  MAE: 0.4919  Corr: 0.7777  Loss: 0.4917 
2026-01-17 20:35:59,778 - MMSA [INFO] - TRAIN-(msalm) [5/9/3] >> loss: 0.376  Has0_acc_2: 0.8555  Has0_F1_score: 0.8600  Non0_acc_2: 0.9234  Non0_F1_score: 0.9234  Mult_acc_5: 0.6912  Mult_acc_7: 0.6672  MAE: 0.3758  Corr: 0.8856  clm loss: 3.3518 total loss: 5.284 bn loss: 0.3883 av loss: 0.7887 text loss: 0.3792
2026-01-17 20:36:08,740 - MMSA [INFO] - VAL-(msalm) >>  Has0_acc_2: 0.7964  Has0_F1_score: 0.8058  Non0_acc_2: 0.8505  Non0_F1_score: 0.8522  Mult_acc_5: 0.5660  Mult_acc_7: 0.5510  MAE: 0.5059  Corr: 0.7734  Loss: 0.5070 
2026-01-17 20:41:06,916 - MMSA [INFO] - TRAIN-(msalm) [6/10/3] >> loss: 0.3619  Has0_acc_2: 0.8590  Has0_F1_score: 0.8634  Non0_acc_2: 0.9292  Non0_F1_score: 0.9291  Mult_acc_5: 0.6991  Mult_acc_7: 0.6737  MAE: 0.3618  Corr: 0.8963  clm loss: 3.3397 total loss: 5.2219 bn loss: 0.3732 av loss: 0.7881 text loss: 0.359
2026-01-17 20:41:15,826 - MMSA [INFO] - VAL-(msalm) >>  Has0_acc_2: 0.8375  Has0_F1_score: 0.8404  Non0_acc_2: 0.8609  Non0_F1_score: 0.8595  Mult_acc_5: 0.5804  Mult_acc_7: 0.5649  MAE: 0.4987  Corr: 0.7749  Loss: 0.5003 
2026-01-17 20:46:13,460 - MMSA [INFO] - TRAIN-(msalm) [7/11/3] >> loss: 0.3479  Has0_acc_2: 0.8592  Has0_F1_score: 0.8638  Non0_acc_2: 0.9349  Non0_F1_score: 0.9349  Mult_acc_5: 0.7136  Mult_acc_7: 0.6888  MAE: 0.3480  Corr: 0.9032  clm loss: 3.3112 total loss: 5.1493 bn loss: 0.359 av loss: 0.7868 text loss: 0.3443
2026-01-17 20:46:22,478 - MMSA [INFO] - VAL-(msalm) >>  Has0_acc_2: 0.8359  Has0_F1_score: 0.8398  Non0_acc_2: 0.8623  Non0_F1_score: 0.8617  Mult_acc_5: 0.5778  Mult_acc_7: 0.5601  MAE: 0.5045  Corr: 0.7729  Loss: 0.5041 
2026-01-17 20:51:19,981 - MMSA [INFO] - TRAIN-(msalm) [8/12/3] >> loss: 0.3283  Has0_acc_2: 0.8669  Has0_F1_score: 0.8712  Non0_acc_2: 0.9423  Non0_F1_score: 0.9423  Mult_acc_5: 0.7307  Mult_acc_7: 0.7056  MAE: 0.3283  Corr: 0.9142  clm loss: 3.3033 total loss: 5.0827 bn loss: 0.3416 av loss: 0.7861 text loss: 0.3234
2026-01-17 20:51:28,887 - MMSA [INFO] - VAL-(msalm) >>  Has0_acc_2: 0.8343  Has0_F1_score: 0.8382  Non0_acc_2: 0.8658  Non0_F1_score: 0.8648  Mult_acc_5: 0.5751  Mult_acc_7: 0.5580  MAE: 0.5048  Corr: 0.7708  Loss: 0.5058 
2026-01-17 20:56:26,544 - MMSA [INFO] - TRAIN-(msalm) [9/13/3] >> loss: 0.3194  Has0_acc_2: 0.8705  Has0_F1_score: 0.8746  Non0_acc_2: 0.9438  Non0_F1_score: 0.9439  Mult_acc_5: 0.7376  Mult_acc_7: 0.7122  MAE: 0.3195  Corr: 0.9186  clm loss: 3.2863 total loss: 5.0327 bn loss: 0.331 av loss: 0.7854 text loss: 0.3106
2026-01-17 20:56:35,469 - MMSA [INFO] - VAL-(msalm) >>  Has0_acc_2: 0.8311  Has0_F1_score: 0.8356  Non0_acc_2: 0.8616  Non0_F1_score: 0.8611  Mult_acc_5: 0.5756  Mult_acc_7: 0.5601  MAE: 0.5038  Corr: 0.7734  Loss: 0.5016 
2026-01-17 21:01:33,266 - MMSA [INFO] - TRAIN-(msalm) [10/14/3] >> loss: 0.3135  Has0_acc_2: 0.8652  Has0_F1_score: 0.8699  Non0_acc_2: 0.9485  Non0_F1_score: 0.9486  Mult_acc_5: 0.7451  Mult_acc_7: 0.7202  MAE: 0.3133  Corr: 0.9214  clm loss: 3.2761 total loss: 4.9986 bn loss: 0.3226 av loss: 0.7861 text loss: 0.3002
2026-01-17 21:01:42,184 - MMSA [INFO] - VAL-(msalm) >>  Has0_acc_2: 0.8242  Has0_F1_score: 0.8302  Non0_acc_2: 0.8609  Non0_F1_score: 0.8613  Mult_acc_5: 0.5772  Mult_acc_7: 0.5612  MAE: 0.5044  Corr: 0.7728  Loss: 0.5053 
2026-01-17 21:02:03,876 - MMSA [INFO] - TEST-(msalm) >>  Has0_acc_2: 0.8088  Has0_F1_score: 0.8159  Non0_acc_2: 0.8676  Non0_F1_score: 0.8684  Mult_acc_5: 0.5731  Mult_acc_7: 0.5570  MAE: 0.5079  Corr: 0.7973  Loss: 0.5083 
2026-01-17 21:02:06,210 - MMSA [INFO] - Result for seed 1992: {'Has0_acc_2': 0.8088, 'Has0_F1_score': 0.8159, 'Non0_acc_2': 0.8676, 'Non0_F1_score': 0.8684, 'Mult_acc_5': 0.5731, 'Mult_acc_7': 0.557, 'MAE': 0.5079, 'Corr': 0.7973, 'Loss': 0.5083, 'seed': 1992}
2026-01-17 21:02:06,211 - MMSA [INFO] - ------------------------------ Running with seed 1993 [4/5] ------------------------------
2026-01-17 21:13:54,745 - MMSA [INFO] - The model has 914783116 trainable parameters
2026-01-17 21:18:52,534 - MMSA [INFO] - TRAIN-(msalm) [1/1/4] >> loss: 0.9291  Has0_acc_2: 0.4655  Has0_F1_score: 0.4463  Non0_acc_2: 0.5368  Non0_F1_score: 0.5077  Mult_acc_5: 0.3596  Mult_acc_7: 0.3520  MAE: 0.9289  Corr: 0.3947  clm loss: 4.2713 total loss: 8.0314 bn loss: 0.8326 av loss: 1.1464 text loss: 0.8519
2026-01-17 21:19:01,464 - MMSA [INFO] - VAL-(msalm) >>  Has0_acc_2: 0.6569  Has0_F1_score: 0.6740  Non0_acc_2: 0.7302  Non0_F1_score: 0.7353  Mult_acc_5: 0.4506  Mult_acc_7: 0.4361  MAE: 0.7316  Corr: 0.5960  Loss: 0.7312 
2026-01-17 21:24:03,944 - MMSA [INFO] - TRAIN-(msalm) [1/2/4] >> loss: 0.6879  Has0_acc_2: 0.6715  Has0_F1_score: 0.6849  Non0_acc_2: 0.7532  Non0_F1_score: 0.7568  Mult_acc_5: 0.4734  Mult_acc_7: 0.4553  MAE: 0.6883  Corr: 0.6881  clm loss: 3.8127 total loss: 6.6515 bn loss: 0.635 av loss: 0.8363 text loss: 0.6796
2026-01-17 21:24:12,867 - MMSA [INFO] - VAL-(msalm) >>  Has0_acc_2: 0.7435  Has0_F1_score: 0.7577  Non0_acc_2: 0.8171  Non0_F1_score: 0.8209  Mult_acc_5: 0.5323  Mult_acc_7: 0.5211  MAE: 0.5671  Corr: 0.7341  Loss: 0.5682 
2026-01-17 21:29:15,756 - MMSA [INFO] - TRAIN-(msalm) [1/3/4] >> loss: 0.5657  Has0_acc_2: 0.7663  Has0_F1_score: 0.7767  Non0_acc_2: 0.8351  Non0_F1_score: 0.8373  Mult_acc_5: 0.5417  Mult_acc_7: 0.5204  MAE: 0.5659  Corr: 0.7638  clm loss: 3.632 total loss: 6.1266 bn loss: 0.5368 av loss: 0.804 text loss: 0.5881
2026-01-17 21:29:25,201 - MMSA [INFO] - VAL-(msalm) >>  Has0_acc_2: 0.8012  Has0_F1_score: 0.8103  Non0_acc_2: 0.8602  Non0_F1_score: 0.8617  Mult_acc_5: 0.5730  Mult_acc_7: 0.5601  MAE: 0.5018  Corr: 0.7684  Loss: 0.5018 
2026-01-17 21:34:28,074 - MMSA [INFO] - TRAIN-(msalm) [1/4/4] >> loss: 0.5079  Has0_acc_2: 0.8131  Has0_F1_score: 0.8198  Non0_acc_2: 0.8688  Non0_F1_score: 0.8694  Mult_acc_5: 0.5850  Mult_acc_7: 0.5636  MAE: 0.5074  Corr: 0.7982  clm loss: 3.5403 total loss: 5.8884 bn loss: 0.5031 av loss: 0.7969 text loss: 0.5401
2026-01-17 21:34:36,982 - MMSA [INFO] - VAL-(msalm) >>  Has0_acc_2: 0.8151  Has0_F1_score: 0.8227  Non0_acc_2: 0.8609  Non0_F1_score: 0.8621  Mult_acc_5: 0.5852  Mult_acc_7: 0.5746  MAE: 0.4929  Corr: 0.7782  Loss: 0.4933 
2026-01-17 21:39:40,030 - MMSA [INFO] - TRAIN-(msalm) [1/5/4] >> loss: 0.4848  Has0_acc_2: 0.8287  Has0_F1_score: 0.8339  Non0_acc_2: 0.8796  Non0_F1_score: 0.8797  Mult_acc_5: 0.6002  Mult_acc_7: 0.5767  MAE: 0.4846  Corr: 0.8156  clm loss: 3.5005 total loss: 5.7683 bn loss: 0.4802 av loss: 0.7952 text loss: 0.5076
2026-01-17 21:39:48,937 - MMSA [INFO] - VAL-(msalm) >>  Has0_acc_2: 0.8065  Has0_F1_score: 0.8149  Non0_acc_2: 0.8609  Non0_F1_score: 0.8621  Mult_acc_5: 0.5836  Mult_acc_7: 0.5714  MAE: 0.4931  Corr: 0.7782  Loss: 0.4925 
2026-01-17 21:44:51,693 - MMSA [INFO] - TRAIN-(msalm) [1/6/4] >> loss: 0.4528  Has0_acc_2: 0.8406  Has0_F1_score: 0.8454  Non0_acc_2: 0.8963  Non0_F1_score: 0.8963  Mult_acc_5: 0.6249  Mult_acc_7: 0.6006  MAE: 0.4528  Corr: 0.8382  clm loss: 3.4502 total loss: 5.623 bn loss: 0.4568 av loss: 0.7935 text loss: 0.4696
2026-01-17 21:45:00,897 - MMSA [INFO] - VAL-(msalm) >>  Has0_acc_2: 0.8103  Has0_F1_score: 0.8178  Non0_acc_2: 0.8567  Non0_F1_score: 0.8576  Mult_acc_5: 0.5906  Mult_acc_7: 0.5762  MAE: 0.4898  Corr: 0.7827  Loss: 0.4896 
2026-01-17 21:50:03,726 - MMSA [INFO] - TRAIN-(msalm) [1/7/4] >> loss: 0.4255  Has0_acc_2: 0.8521  Has0_F1_score: 0.8566  Non0_acc_2: 0.9095  Non0_F1_score: 0.9095  Mult_acc_5: 0.6461  Mult_acc_7: 0.6202  MAE: 0.4251  Corr: 0.8575  clm loss: 3.4076 total loss: 5.4925 bn loss: 0.4316 av loss: 0.7914 text loss: 0.4364
2026-01-17 21:50:12,633 - MMSA [INFO] - VAL-(msalm) >>  Has0_acc_2: 0.8268  Has0_F1_score: 0.8333  Non0_acc_2: 0.8700  Non0_F1_score: 0.8706  Mult_acc_5: 0.5794  Mult_acc_7: 0.5639  MAE: 0.4906  Corr: 0.7810  Loss: 0.4907 
2026-01-17 21:55:10,472 - MMSA [INFO] - TRAIN-(msalm) [2/8/4] >> loss: 0.4056  Has0_acc_2: 0.8515  Has0_F1_score: 0.8561  Non0_acc_2: 0.9135  Non0_F1_score: 0.9135  Mult_acc_5: 0.6651  Mult_acc_7: 0.6423  MAE: 0.4055  Corr: 0.8672  clm loss: 3.386 total loss: 5.4071 bn loss: 0.4142 av loss: 0.7905 text loss: 0.4108
2026-01-17 21:55:19,365 - MMSA [INFO] - VAL-(msalm) >>  Has0_acc_2: 0.8103  Has0_F1_score: 0.8181  Non0_acc_2: 0.8554  Non0_F1_score: 0.8566  Mult_acc_5: 0.5879  Mult_acc_7: 0.5735  MAE: 0.4910  Corr: 0.7785  Loss: 0.4905 
2026-01-17 22:00:17,436 - MMSA [INFO] - TRAIN-(msalm) [3/9/4] >> loss: 0.3847  Has0_acc_2: 0.8586  Has0_F1_score: 0.8628  Non0_acc_2: 0.9201  Non0_F1_score: 0.9201  Mult_acc_5: 0.6846  Mult_acc_7: 0.6602  MAE: 0.3844  Corr: 0.8823  clm loss: 3.3589 total loss: 5.3121 bn loss: 0.393 av loss: 0.7888 text loss: 0.3868
2026-01-17 22:00:26,330 - MMSA [INFO] - VAL-(msalm) >>  Has0_acc_2: 0.8370  Has0_F1_score: 0.8405  Non0_acc_2: 0.8644  Non0_F1_score: 0.8634  Mult_acc_5: 0.5730  Mult_acc_7: 0.5564  MAE: 0.4996  Corr: 0.7753  Loss: 0.5009 
2026-01-17 22:05:24,059 - MMSA [INFO] - TRAIN-(msalm) [4/10/4] >> loss: 0.3655  Has0_acc_2: 0.8558  Has0_F1_score: 0.8605  Non0_acc_2: 0.9284  Non0_F1_score: 0.9284  Mult_acc_5: 0.6997  Mult_acc_7: 0.6746  MAE: 0.3655  Corr: 0.8934  clm loss: 3.3229 total loss: 5.2119 bn loss: 0.3738 av loss: 0.7887 text loss: 0.3611
2026-01-17 22:05:33,608 - MMSA [INFO] - VAL-(msalm) >>  Has0_acc_2: 0.8284  Has0_F1_score: 0.8328  Non0_acc_2: 0.8581  Non0_F1_score: 0.8575  Mult_acc_5: 0.5826  Mult_acc_7: 0.5697  MAE: 0.4954  Corr: 0.7730  Loss: 0.4957 
2026-01-17 22:10:31,294 - MMSA [INFO] - TRAIN-(msalm) [5/11/4] >> loss: 0.3479  Has0_acc_2: 0.8652  Has0_F1_score: 0.8692  Non0_acc_2: 0.9335  Non0_F1_score: 0.9334  Mult_acc_5: 0.7172  Mult_acc_7: 0.6925  MAE: 0.3476  Corr: 0.9030  clm loss: 3.3165 total loss: 5.1621 bn loss: 0.3609 av loss: 0.789 text loss: 0.3478
2026-01-17 22:10:40,160 - MMSA [INFO] - VAL-(msalm) >>  Has0_acc_2: 0.8322  Has0_F1_score: 0.8369  Non0_acc_2: 0.8644  Non0_F1_score: 0.8641  Mult_acc_5: 0.5708  Mult_acc_7: 0.5569  MAE: 0.4991  Corr: 0.7728  Loss: 0.4986 
2026-01-17 22:15:38,076 - MMSA [INFO] - TRAIN-(msalm) [6/12/4] >> loss: 0.3429  Has0_acc_2: 0.8660  Has0_F1_score: 0.8703  Non0_acc_2: 0.9379  Non0_F1_score: 0.9379  Mult_acc_5: 0.7203  Mult_acc_7: 0.6964  MAE: 0.3430  Corr: 0.9060  clm loss: 3.3027 total loss: 5.1123 bn loss: 0.3468 av loss: 0.7873 text loss: 0.3327
2026-01-17 22:15:46,991 - MMSA [INFO] - VAL-(msalm) >>  Has0_acc_2: 0.8199  Has0_F1_score: 0.8251  Non0_acc_2: 0.8519  Non0_F1_score: 0.8516  Mult_acc_5: 0.5730  Mult_acc_7: 0.5596  MAE: 0.4986  Corr: 0.7720  Loss: 0.4992 
2026-01-17 22:20:44,841 - MMSA [INFO] - TRAIN-(msalm) [7/13/4] >> loss: 0.3248  Has0_acc_2: 0.8719  Has0_F1_score: 0.8759  Non0_acc_2: 0.9449  Non0_F1_score: 0.9448  Mult_acc_5: 0.7346  Mult_acc_7: 0.7110  MAE: 0.3239  Corr: 0.9136  clm loss: 3.2894 total loss: 5.0544 bn loss: 0.3359 av loss: 0.7865 text loss: 0.3178
2026-01-17 22:20:53,726 - MMSA [INFO] - VAL-(msalm) >>  Has0_acc_2: 0.8242  Has0_F1_score: 0.8295  Non0_acc_2: 0.8574  Non0_F1_score: 0.8573  Mult_acc_5: 0.5719  Mult_acc_7: 0.5580  MAE: 0.4995  Corr: 0.7726  Loss: 0.4993 
2026-01-17 22:25:51,495 - MMSA [INFO] - TRAIN-(msalm) [8/14/4] >> loss: 0.3145  Has0_acc_2: 0.8698  Has0_F1_score: 0.8741  Non0_acc_2: 0.9469  Non0_F1_score: 0.9469  Mult_acc_5: 0.7459  Mult_acc_7: 0.7211  MAE: 0.3146  Corr: 0.9203  clm loss: 3.2647 total loss: 4.9926 bn loss: 0.3228 av loss: 0.7862 text loss: 0.3043
2026-01-17 22:26:00,799 - MMSA [INFO] - VAL-(msalm) >>  Has0_acc_2: 0.8167  Has0_F1_score: 0.8239  Non0_acc_2: 0.8581  Non0_F1_score: 0.8591  Mult_acc_5: 0.5724  Mult_acc_7: 0.5596  MAE: 0.4982  Corr: 0.7733  Loss: 0.4985 
2026-01-17 22:30:58,625 - MMSA [INFO] - TRAIN-(msalm) [9/15/4] >> loss: 0.3115  Has0_acc_2: 0.8704  Has0_F1_score: 0.8746  Non0_acc_2: 0.9475  Non0_F1_score: 0.9475  Mult_acc_5: 0.7469  Mult_acc_7: 0.7233  MAE: 0.3117  Corr: 0.9219  clm loss: 3.2719 total loss: 4.9849 bn loss: 0.3168 av loss: 0.7861 text loss: 0.2987
2026-01-17 22:31:07,771 - MMSA [INFO] - VAL-(msalm) >>  Has0_acc_2: 0.8284  Has0_F1_score: 0.8331  Non0_acc_2: 0.8602  Non0_F1_score: 0.8598  Mult_acc_5: 0.5730  Mult_acc_7: 0.5596  MAE: 0.4976  Corr: 0.7731  Loss: 0.4966 
2026-01-17 22:36:06,034 - MMSA [INFO] - TRAIN-(msalm) [10/16/4] >> loss: 0.3055  Has0_acc_2: 0.8733  Has0_F1_score: 0.8775  Non0_acc_2: 0.9496  Non0_F1_score: 0.9496  Mult_acc_5: 0.7530  Mult_acc_7: 0.7283  MAE: 0.3049  Corr: 0.9235  clm loss: 3.2668 total loss: 4.9647 bn loss: 0.3125 av loss: 0.7858 text loss: 0.2941
2026-01-17 22:36:14,916 - MMSA [INFO] - VAL-(msalm) >>  Has0_acc_2: 0.8370  Has0_F1_score: 0.8405  Non0_acc_2: 0.8644  Non0_F1_score: 0.8634  Mult_acc_5: 0.5708  Mult_acc_7: 0.5542  MAE: 0.5048  Corr: 0.7713  Loss: 0.5047 
2026-01-17 22:36:36,732 - MMSA [INFO] - TEST-(msalm) >>  Has0_acc_2: 0.8073  Has0_F1_score: 0.8138  Non0_acc_2: 0.8619  Non0_F1_score: 0.8622  Mult_acc_5: 0.5787  Mult_acc_7: 0.5578  MAE: 0.5043  Corr: 0.8068  Loss: 0.5048 
2026-01-17 22:36:39,008 - MMSA [INFO] - Result for seed 1993: {'Has0_acc_2': 0.8073, 'Has0_F1_score': 0.8138, 'Non0_acc_2': 0.8619, 'Non0_F1_score': 0.8622, 'Mult_acc_5': 0.5787, 'Mult_acc_7': 0.5578, 'MAE': 0.5043, 'Corr': 0.8068, 'Loss': 0.5048, 'seed': 1993}
2026-01-17 22:36:39,010 - MMSA [INFO] - ------------------------------ Running with seed 1994 [5/5] ------------------------------
2026-01-17 22:48:28,295 - MMSA [INFO] - The model has 914783116 trainable parameters
2026-01-17 22:53:25,919 - MMSA [INFO] - TRAIN-(msalm) [1/1/5] >> loss: 0.7868  Has0_acc_2: 0.6903  Has0_F1_score: 0.6955  Non0_acc_2: 0.6951  Non0_F1_score: 0.6909  Mult_acc_5: 0.4147  Mult_acc_7: 0.4138  MAE: 0.7867  Corr: 0.3972  clm loss: 4.2332 total loss: 7.5775 bn loss: 0.827 av loss: 0.8841 text loss: 0.8465
2026-01-17 22:53:34,859 - MMSA [INFO] - VAL-(msalm) >>  Has0_acc_2: 0.7803  Has0_F1_score: 0.7882  Non0_acc_2: 0.8150  Non0_F1_score: 0.8153  Mult_acc_5: 0.4810  Mult_acc_7: 0.4746  MAE: 0.6196  Corr: 0.6270  Loss: 0.6217 
2026-01-17 22:58:37,294 - MMSA [INFO] - TRAIN-(msalm) [1/2/5] >> loss: 0.6017  Has0_acc_2: 0.7877  Has0_F1_score: 0.7942  Non0_acc_2: 0.8291  Non0_F1_score: 0.8291  Mult_acc_5: 0.5043  Mult_acc_7: 0.4905  MAE: 0.6014  Corr: 0.7073  clm loss: 3.7596 total loss: 6.457 bn loss: 0.6149 av loss: 0.8093 text loss: 0.6716
2026-01-17 22:58:46,188 - MMSA [INFO] - VAL-(msalm) >>  Has0_acc_2: 0.8044  Has0_F1_score: 0.8121  Non0_acc_2: 0.8554  Non0_F1_score: 0.8559  Mult_acc_5: 0.5623  Mult_acc_7: 0.5494  MAE: 0.5132  Corr: 0.7493  Loss: 0.5150 
2026-01-17 23:03:49,004 - MMSA [INFO] - TRAIN-(msalm) [1/3/5] >> loss: 0.5282  Has0_acc_2: 0.8166  Has0_F1_score: 0.8219  Non0_acc_2: 0.8604  Non0_F1_score: 0.8604  Mult_acc_5: 0.5633  Mult_acc_7: 0.5436  MAE: 0.5281  Corr: 0.7795  clm loss: 3.6099 total loss: 6.0422 bn loss: 0.5277 av loss: 0.7981 text loss: 0.5783
2026-01-17 23:03:58,201 - MMSA [INFO] - VAL-(msalm) >>  Has0_acc_2: 0.8252  Has0_F1_score: 0.8312  Non0_acc_2: 0.8713  Non0_F1_score: 0.8714  Mult_acc_5: 0.5767  Mult_acc_7: 0.5612  MAE: 0.4962  Corr: 0.7713  Loss: 0.4966 
2026-01-17 23:09:01,071 - MMSA [INFO] - TRAIN-(msalm) [1/4/5] >> loss: 0.5027  Has0_acc_2: 0.8235  Has0_F1_score: 0.8285  Non0_acc_2: 0.8720  Non0_F1_score: 0.8719  Mult_acc_5: 0.5871  Mult_acc_7: 0.5654  MAE: 0.5027  Corr: 0.8022  clm loss: 3.5371 total loss: 5.8617 bn loss: 0.4968 av loss: 0.7949 text loss: 0.5302
2026-01-17 23:09:09,971 - MMSA [INFO] - VAL-(msalm) >>  Has0_acc_2: 0.8124  Has0_F1_score: 0.8200  Non0_acc_2: 0.8644  Non0_F1_score: 0.8651  Mult_acc_5: 0.5767  Mult_acc_7: 0.5639  MAE: 0.4962  Corr: 0.7788  Loss: 0.4948 
2026-01-17 23:14:13,012 - MMSA [INFO] - TRAIN-(msalm) [1/5/5] >> loss: 0.4651  Has0_acc_2: 0.8338  Has0_F1_score: 0.8388  Non0_acc_2: 0.8910  Non0_F1_score: 0.8909  Mult_acc_5: 0.6141  Mult_acc_7: 0.5915  MAE: 0.4650  Corr: 0.8295  clm loss: 3.4771 total loss: 5.6996 bn loss: 0.4718 av loss: 0.7921 text loss: 0.4935
2026-01-17 23:14:21,926 - MMSA [INFO] - VAL-(msalm) >>  Has0_acc_2: 0.8332  Has0_F1_score: 0.8376  Non0_acc_2: 0.8651  Non0_F1_score: 0.8645  Mult_acc_5: 0.5751  Mult_acc_7: 0.5617  MAE: 0.4898  Corr: 0.7798  Loss: 0.4879 
2026-01-17 23:19:24,837 - MMSA [INFO] - TRAIN-(msalm) [1/6/5] >> loss: 0.4427  Has0_acc_2: 0.8419  Has0_F1_score: 0.8466  Non0_acc_2: 0.9003  Non0_F1_score: 0.9001  Mult_acc_5: 0.6341  Mult_acc_7: 0.6109  MAE: 0.4427  Corr: 0.8452  clm loss: 3.4411 total loss: 5.5844 bn loss: 0.4459 av loss: 0.7922 text loss: 0.4625
2026-01-17 23:19:33,745 - MMSA [INFO] - VAL-(msalm) >>  Has0_acc_2: 0.8220  Has0_F1_score: 0.8273  Non0_acc_2: 0.8574  Non0_F1_score: 0.8571  Mult_acc_5: 0.5799  Mult_acc_7: 0.5671  MAE: 0.4913  Corr: 0.7758  Loss: 0.4922 
2026-01-17 23:24:31,772 - MMSA [INFO] - TRAIN-(msalm) [2/7/5] >> loss: 0.4212  Has0_acc_2: 0.8472  Has0_F1_score: 0.8516  Non0_acc_2: 0.9062  Non0_F1_score: 0.9060  Mult_acc_5: 0.6561  Mult_acc_7: 0.6318  MAE: 0.4199  Corr: 0.8590  clm loss: 3.4095 total loss: 5.4806 bn loss: 0.4287 av loss: 0.7899 text loss: 0.4313
2026-01-17 23:24:40,676 - MMSA [INFO] - VAL-(msalm) >>  Has0_acc_2: 0.7921  Has0_F1_score: 0.8019  Non0_acc_2: 0.8526  Non0_F1_score: 0.8542  Mult_acc_5: 0.5756  Mult_acc_7: 0.5633  MAE: 0.4984  Corr: 0.7756  Loss: 0.4987 
2026-01-17 23:29:38,426 - MMSA [INFO] - TRAIN-(msalm) [3/8/5] >> loss: 0.3953  Has0_acc_2: 0.8498  Has0_F1_score: 0.8545  Non0_acc_2: 0.9155  Non0_F1_score: 0.9155  Mult_acc_5: 0.6766  Mult_acc_7: 0.6527  MAE: 0.3948  Corr: 0.8752  clm loss: 3.3685 total loss: 5.3597 bn loss: 0.4036 av loss: 0.7888 text loss: 0.4035
2026-01-17 23:29:47,319 - MMSA [INFO] - VAL-(msalm) >>  Has0_acc_2: 0.8108  Has0_F1_score: 0.8185  Non0_acc_2: 0.8609  Non0_F1_score: 0.8617  Mult_acc_5: 0.5751  Mult_acc_7: 0.5623  MAE: 0.4964  Corr: 0.7757  Loss: 0.4964 
2026-01-17 23:34:45,289 - MMSA [INFO] - TRAIN-(msalm) [4/9/5] >> loss: 0.3822  Has0_acc_2: 0.8546  Has0_F1_score: 0.8592  Non0_acc_2: 0.9215  Non0_F1_score: 0.9214  Mult_acc_5: 0.6838  Mult_acc_7: 0.6597  MAE: 0.3824  Corr: 0.8852  clm loss: 3.3597 total loss: 5.2995 bn loss: 0.3891 av loss: 0.7873 text loss: 0.3812
2026-01-17 23:34:54,207 - MMSA [INFO] - VAL-(msalm) >>  Has0_acc_2: 0.8151  Has0_F1_score: 0.8225  Non0_acc_2: 0.8658  Non0_F1_score: 0.8665  Mult_acc_5: 0.5788  Mult_acc_7: 0.5649  MAE: 0.4956  Corr: 0.7769  Loss: 0.4948 
2026-01-17 23:39:52,098 - MMSA [INFO] - TRAIN-(msalm) [5/10/5] >> loss: 0.3606  Has0_acc_2: 0.8607  Has0_F1_score: 0.8650  Non0_acc_2: 0.9292  Non0_F1_score: 0.9291  Mult_acc_5: 0.7051  Mult_acc_7: 0.6797  MAE: 0.3608  Corr: 0.8962  clm loss: 3.3416 total loss: 5.2214 bn loss: 0.3702 av loss: 0.7876 text loss: 0.3613
2026-01-17 23:40:00,999 - MMSA [INFO] - VAL-(msalm) >>  Has0_acc_2: 0.7926  Has0_F1_score: 0.8020  Non0_acc_2: 0.8498  Non0_F1_score: 0.8512  Mult_acc_5: 0.5719  Mult_acc_7: 0.5601  MAE: 0.4984  Corr: 0.7776  Loss: 0.4980 
2026-01-17 23:44:58,805 - MMSA [INFO] - TRAIN-(msalm) [6/11/5] >> loss: 0.3463  Has0_acc_2: 0.8624  Has0_F1_score: 0.8668  Non0_acc_2: 0.9359  Non0_F1_score: 0.9358  Mult_acc_5: 0.7196  Mult_acc_7: 0.6937  MAE: 0.3464  Corr: 0.9050  clm loss: 3.3157 total loss: 5.1437 bn loss: 0.3553 av loss: 0.786 text loss: 0.3403
2026-01-17 23:45:07,690 - MMSA [INFO] - VAL-(msalm) >>  Has0_acc_2: 0.8316  Has0_F1_score: 0.8361  Non0_acc_2: 0.8644  Non0_F1_score: 0.8638  Mult_acc_5: 0.5660  Mult_acc_7: 0.5526  MAE: 0.5024  Corr: 0.7739  Loss: 0.5036 
2026-01-17 23:50:05,609 - MMSA [INFO] - TRAIN-(msalm) [7/12/5] >> loss: 0.3362  Has0_acc_2: 0.8676  Has0_F1_score: 0.8718  Non0_acc_2: 0.9408  Non0_F1_score: 0.9407  Mult_acc_5: 0.7245  Mult_acc_7: 0.6974  MAE: 0.3363  Corr: 0.9105  clm loss: 3.3039 total loss: 5.0939 bn loss: 0.3404 av loss: 0.7861 text loss: 0.3273
2026-01-17 23:50:14,526 - MMSA [INFO] - VAL-(msalm) >>  Has0_acc_2: 0.8033  Has0_F1_score: 0.8118  Non0_acc_2: 0.8554  Non0_F1_score: 0.8566  Mult_acc_5: 0.5692  Mult_acc_7: 0.5548  MAE: 0.5007  Corr: 0.7736  Loss: 0.4998 
2026-01-17 23:55:12,377 - MMSA [INFO] - TRAIN-(msalm) [8/13/5] >> loss: 0.321  Has0_acc_2: 0.8696  Has0_F1_score: 0.8737  Non0_acc_2: 0.9442  Non0_F1_score: 0.9442  Mult_acc_5: 0.7408  Mult_acc_7: 0.7143  MAE: 0.3209  Corr: 0.9177  clm loss: 3.2948 total loss: 5.0441 bn loss: 0.3294 av loss: 0.7855 text loss: 0.3133
2026-01-17 23:55:21,273 - MMSA [INFO] - VAL-(msalm) >>  Has0_acc_2: 0.8129  Has0_F1_score: 0.8202  Non0_acc_2: 0.8581  Non0_F1_score: 0.8589  Mult_acc_5: 0.5719  Mult_acc_7: 0.5575  MAE: 0.5017  Corr: 0.7745  Loss: 0.5012 
2026-01-18 00:00:19,291 - MMSA [INFO] - TRAIN-(msalm) [9/14/5] >> loss: 0.3174  Has0_acc_2: 0.8626  Has0_F1_score: 0.8672  Non0_acc_2: 0.9414  Non0_F1_score: 0.9414  Mult_acc_5: 0.7426  Mult_acc_7: 0.7181  MAE: 0.3163  Corr: 0.9217  clm loss: 3.276 total loss: 5.0031 bn loss: 0.3216 av loss: 0.7851 text loss: 0.303
2026-01-18 00:00:28,264 - MMSA [INFO] - VAL-(msalm) >>  Has0_acc_2: 0.8145  Has0_F1_score: 0.8215  Non0_acc_2: 0.8595  Non0_F1_score: 0.8601  Mult_acc_5: 0.5649  Mult_acc_7: 0.5521  MAE: 0.4984  Corr: 0.7767  Loss: 0.4972 
2026-01-18 00:05:26,367 - MMSA [INFO] - TRAIN-(msalm) [10/15/5] >> loss: 0.3047  Has0_acc_2: 0.8683  Has0_F1_score: 0.8728  Non0_acc_2: 0.9498  Non0_F1_score: 0.9498  Mult_acc_5: 0.7570  Mult_acc_7: 0.7326  MAE: 0.3048  Corr: 0.9241  clm loss: 3.2666 total loss: 4.9628 bn loss: 0.313 av loss: 0.7851 text loss: 0.2935
2026-01-18 00:05:35,311 - MMSA [INFO] - VAL-(msalm) >>  Has0_acc_2: 0.8284  Has0_F1_score: 0.8334  Non0_acc_2: 0.8623  Non0_F1_score: 0.8621  Mult_acc_5: 0.5655  Mult_acc_7: 0.5505  MAE: 0.5020  Corr: 0.7741  Loss: 0.5019 
2026-01-18 00:05:57,115 - MMSA [INFO] - TEST-(msalm) >>  Has0_acc_2: 0.8242  Has0_F1_score: 0.8291  Non0_acc_2: 0.8668  Non0_F1_score: 0.8667  Mult_acc_5: 0.5656  Mult_acc_7: 0.5486  MAE: 0.5095  Corr: 0.7968  Loss: 0.5094 
2026-01-18 00:05:59,471 - MMSA [INFO] - Result for seed 1994: {'Has0_acc_2': 0.8242, 'Has0_F1_score': 0.8291, 'Non0_acc_2': 0.8668, 'Non0_F1_score': 0.8667, 'Mult_acc_5': 0.5656, 'Mult_acc_7': 0.5486, 'MAE': 0.5095, 'Corr': 0.7968, 'Loss': 0.5094, 'seed': 1994}
2026-01-18 00:05:59,484 - MMSA [INFO] - Results saved to MMSA/results/mosei/nf14_k3_0001/thesis-mosei-nf14-k3-01/normal/mosei_avg.csv.
