2026-01-26 12:41:40,655 - MMSA [INFO] - ======================================== Program Start ========================================
2026-01-26 12:41:40,722 - MMSA [INFO] - Running with args:
2026-01-26 12:41:40,722 - MMSA [INFO] - {'model_name': 'msalm', 'dataset_name': 'sims', 'featurePath': '/leonardo_work/EUHPC_A04_051/alexfil/MSA-Datasets/CH-SIMS/unaligned_39.pkl', 'seq_lens': [39, 400, 55], 'feature_dims': [768, 33, 709], 'train_samples': 1368, 'num_classes': 3, 'language': 'cn', 'KeyEval': 'Loss', 'missing_rate': [0.0, 0.0, 0.0], 'missing_seed': [1111, 1111, 1111], 'need_data_aligned': False, 'need_model_aligned': False, 'early_stop': 10, 'use_bert': False, 'use_bert_finetune': False, 'attn_mask': True, 'excludeZero': True, 'update_epochs': 8, 'use_augmentation': False, 'use_m3xup': False, 'hfPath': False, 'use_ulgm': False, 'update_labels_patience': 1, 'H': 3.0, 'del_model': True, 'max_token_len': 39, 'pad_token': '<|endoftext|>', 'lm': '/leonardo_work/EUHPC_A04_051/alexfil/gpt2-chinese-cluecorpussmall', 'use_bf16': False, 'task_out': 1, 'use_clm': True, 'gamma': 1.0, 'l_bn': 1.0, 'l_av': 1.0, 'l_t': 1.0, 'l_lb': 0.01, 'warmup_epochs': 1, 'max_epochs': 100, 'beta_1': 0.9, 'beta_2': 0.95, 'use_lnorm': True, 'rescale': False, 'rescaler': 'sqrt', 'use_seqaug': True, 'n_bn_fusion': 16, 'modded_loss': True, 'embedding_attr_name': 'transformer.wte', 'decoder_layers_attr_name': 'transformer.h', 'mmgpt': {'type': 'gpt2', 'd_out': 64, 'combine': True, 'dropout': 0.1, 'mm_layer': [5, 6, 7, 8, 9, 10, 11], 'top_k': 1, 'layer_dropout': 0.0, 'dense': True, 'tie_ffn': True, 'n_embd': 768, 'bias': True, 'kv_dim': 30, 'n_head': 16, 'd_mm': 768, 'gating': 'sigmoid', 'init_gate': [0.0, 0.0, 0.0, 0.0, 0.0, 0.0, 0.0, 0.0, 0.0, 0.0], 'use_softperm': True, 'p_perm': 0.3, 'p_apply': 0.25, 'use_lora': False, 'lora': {'lora_alpha': 128, 'r': 64, 'lora_dropout': 0.05}}, 'av_enc': {'finetune': True, 'from_pretrained': True, 'path_to_pretrained': '/leonardo_work/EUHPC_A04_051/alexfil/DeepMLF-Reprod/checkpoints/bienc-sims-1990/bienc-sims-1990.pth', 'feature_dims': [768, 33, 709], 'd_enc': 30, 'n_embd': 30, 'n_head': 6, 'nlevels': 3, 'd_enc_out': 30, 'maxlen': 55, 'p_mask': 0.15, 'enc_attn_dropout': 0.1, 'enc_res_dropout': 0.1, 'enc_dropout': 0.1, 'use_softperm': True, 'p_perm': 0.2, 'mask_perm_ratio': 0.5, 'tf_fusion': False, 'use_bn': True, 'use_ln': False}, 'gpt': {'vocab_size': 50257, 'block_size': 1024, 'bias': True, 'n_embd': 1024, 'n_layer': 24, 'n_head': 16, 'dropout': 0.0}, 'batch_size': 32, 'grad_clip': 5.0, 'patience': 10, 'weight_decay_mmgpt': 0.1, 'weight_decay_av': 0.1, 'learning_rate_av': 0.0002, 'learning_rate_mmgpt': 0.0002, 'device': device(type='cuda', index=0), 'train_mode': 'regression', 'custom_feature': None, 'feature_T': '', 'feature_A': '', 'feature_V': ''}
2026-01-26 12:41:40,722 - MMSA [INFO] - Seeds: [1994]
2026-01-26 12:41:40,723 - MMSA [INFO] - ------------------------------ Running with seed 1994 [1/1] ------------------------------
2026-01-26 12:43:02,065 - MMSA [INFO] - The model has 173499052 trainable parameters
2026-01-26 12:43:11,799 - MMSA [INFO] - TRAIN-(msalm) [1/1/1] >> loss: 0.8652  Mult_acc_2: 0.3194  Mult_acc_3: 0.2990  Mult_acc_5: 0.1564  F1_score: 0.1969  MAE: 0.8572  Corr: -0.0056  clm loss: 7.5867 total loss: 11.0903 bn loss: 0.9953 av loss: 0.6718 lb loss: 0.0037 text loss: 0.9713
2026-01-26 12:43:13,719 - MMSA [INFO] - VAL-(msalm) >>  Mult_acc_2: 0.3268  Mult_acc_3: 0.2939  Mult_acc_5: 0.1645  F1_score: 0.2007  MAE: 0.8160  Corr: 0.1251  Loss: 0.8162 
2026-01-26 12:43:22,611 - MMSA [INFO] - TRAIN-(msalm) [1/2/1] >> loss: 0.8162  Mult_acc_2: 0.3553  Mult_acc_3: 0.3202  Mult_acc_5: 0.1725  F1_score: 0.2561  MAE: 0.8072  Corr: 0.1448  clm loss: 6.4703 total loss: 9.5506 bn loss: 0.7796 av loss: 0.6168 lb loss: 0.0032 text loss: 0.8677
2026-01-26 12:43:24,277 - MMSA [INFO] - VAL-(msalm) >>  Mult_acc_2: 0.3838  Mult_acc_3: 0.3246  Mult_acc_5: 0.1798  F1_score: 0.3174  MAE: 0.7173  Corr: 0.3045  Loss: 0.7249 
2026-01-26 12:43:32,949 - MMSA [INFO] - TRAIN-(msalm) [1/3/1] >> loss: 0.7575  Mult_acc_2: 0.3852  Mult_acc_3: 0.3553  Mult_acc_5: 0.1974  F1_score: 0.3079  MAE: 0.7436  Corr: 0.3684  clm loss: 5.4369 total loss: 8.1656 bn loss: 0.6335 av loss: 0.5879 lb loss: 0.0021 text loss: 0.7497
2026-01-26 12:43:34,618 - MMSA [INFO] - VAL-(msalm) >>  Mult_acc_2: 0.4518  Mult_acc_3: 0.3991  Mult_acc_5: 0.2193  F1_score: 0.4243  MAE: 0.6657  Corr: 0.4322  Loss: 0.6710 
2026-01-26 12:43:43,232 - MMSA [INFO] - TRAIN-(msalm) [1/4/1] >> loss: 0.7158  Mult_acc_2: 0.4627  Mult_acc_3: 0.4020  Mult_acc_5: 0.2273  F1_score: 0.4288  MAE: 0.6854  Corr: 0.4576  clm loss: 4.6435 total loss: 7.1663 bn loss: 0.5546 av loss: 0.5667 lb loss: 0.0015 text loss: 0.6856
2026-01-26 12:43:44,934 - MMSA [INFO] - VAL-(msalm) >>  Mult_acc_2: 0.4846  Mult_acc_3: 0.4057  Mult_acc_5: 0.2325  F1_score: 0.4661  MAE: 0.6898  Corr: 0.4790  Loss: 0.7531 
2026-01-26 12:43:52,531 - MMSA [INFO] - TRAIN-(msalm) [2/5/1] >> loss: 0.6828  Mult_acc_2: 0.5482  Mult_acc_3: 0.4854  Mult_acc_5: 0.2697  F1_score: 0.5445  MAE: 0.6198  Corr: 0.5251  clm loss: 4.1053 total loss: 6.5046 bn loss: 0.5395 av loss: 0.55 lb loss: 0.0011 text loss: 0.6269
2026-01-26 12:43:54,226 - MMSA [INFO] - VAL-(msalm) >>  Mult_acc_2: 0.5439  Mult_acc_3: 0.4737  Mult_acc_5: 0.2719  F1_score: 0.5439  MAE: 0.6384  Corr: 0.5055  Loss: 0.7323 
2026-01-26 12:44:02,011 - MMSA [INFO] - TRAIN-(msalm) [3/6/1] >> loss: 0.6675  Mult_acc_2: 0.5249  Mult_acc_3: 0.4547  Mult_acc_5: 0.2398  F1_score: 0.5175  MAE: 0.6220  Corr: 0.5296  clm loss: 3.8943 total loss: 6.2804 bn loss: 0.5392 av loss: 0.5373 lb loss: 0.0006 text loss: 0.6421
2026-01-26 12:44:03,755 - MMSA [INFO] - VAL-(msalm) >>  Mult_acc_2: 0.4539  Mult_acc_3: 0.4145  Mult_acc_5: 0.2390  F1_score: 0.4150  MAE: 0.7141  Corr: 0.5040  Loss: 0.7751 
2026-01-26 12:44:11,324 - MMSA [INFO] - TRAIN-(msalm) [4/7/1] >> loss: 0.6341  Mult_acc_2: 0.5344  Mult_acc_3: 0.4642  Mult_acc_5: 0.2573  F1_score: 0.5270  MAE: 0.6032  Corr: 0.5477  clm loss: 3.7427 total loss: 6.0414 bn loss: 0.5214 av loss: 0.5207 lb loss: 0.0004 text loss: 0.6226
2026-01-26 12:44:13,004 - MMSA [INFO] - VAL-(msalm) >>  Mult_acc_2: 0.5110  Mult_acc_3: 0.4583  Mult_acc_5: 0.2434  F1_score: 0.5001  MAE: 0.6528  Corr: 0.5029  Loss: 0.6920 
2026-01-26 12:44:20,584 - MMSA [INFO] - TRAIN-(msalm) [5/8/1] >> loss: 0.6155  Mult_acc_2: 0.5431  Mult_acc_3: 0.4759  Mult_acc_5: 0.2580  F1_score: 0.5395  MAE: 0.5885  Corr: 0.5624  clm loss: 3.5824 total loss: 5.7991 bn loss: 0.5139 av loss: 0.5022 lb loss: 0.0003 text loss: 0.5852
2026-01-26 12:44:22,238 - MMSA [INFO] - VAL-(msalm) >>  Mult_acc_2: 0.5417  Mult_acc_3: 0.5022  Mult_acc_5: 0.2851  F1_score: 0.5428  MAE: 0.6005  Corr: 0.5173  Loss: 0.6625 
2026-01-26 12:44:30,866 - MMSA [INFO] - TRAIN-(msalm) [1/9/1] >> loss: 0.5933  Mult_acc_2: 0.5607  Mult_acc_3: 0.4898  Mult_acc_5: 0.2675  F1_score: 0.5627  MAE: 0.5692  Corr: 0.5749  clm loss: 3.4129 total loss: 5.5708 bn loss: 0.5026 av loss: 0.491 lb loss: 0.0002 text loss: 0.5711
2026-01-26 12:44:32,577 - MMSA [INFO] - VAL-(msalm) >>  Mult_acc_2: 0.5570  Mult_acc_3: 0.4890  Mult_acc_5: 0.2741  F1_score: 0.5570  MAE: 0.5865  Corr: 0.5333  Loss: 0.6178 
2026-01-26 12:44:41,121 - MMSA [INFO] - TRAIN-(msalm) [1/10/1] >> loss: 0.5775  Mult_acc_2: 0.5775  Mult_acc_3: 0.5073  Mult_acc_5: 0.2734  F1_score: 0.5796  MAE: 0.5621  Corr: 0.5765  clm loss: 3.3779 total loss: 5.4992 bn loss: 0.499 av loss: 0.4842 lb loss: 0.0001 text loss: 0.5606
2026-01-26 12:44:42,748 - MMSA [INFO] - VAL-(msalm) >>  Mult_acc_2: 0.6031  Mult_acc_3: 0.5439  Mult_acc_5: 0.3289  F1_score: 0.6123  MAE: 0.5375  Corr: 0.5482  Loss: 0.5754 
2026-01-26 12:44:51,351 - MMSA [INFO] - TRAIN-(msalm) [1/11/1] >> loss: 0.5438  Mult_acc_2: 0.6301  Mult_acc_3: 0.5599  Mult_acc_5: 0.3173  F1_score: 0.6380  MAE: 0.5205  Corr: 0.6066  clm loss: 3.291 total loss: 5.3649 bn loss: 0.4897 av loss: 0.4786 lb loss: 0.0001 text loss: 0.5618
2026-01-26 12:44:53,081 - MMSA [INFO] - VAL-(msalm) >>  Mult_acc_2: 0.6096  Mult_acc_3: 0.5461  Mult_acc_5: 0.3355  F1_score: 0.6193  MAE: 0.5431  Corr: 0.5557  Loss: 0.5975 
2026-01-26 12:45:00,588 - MMSA [INFO] - TRAIN-(msalm) [2/12/1] >> loss: 0.5227  Mult_acc_2: 0.6338  Mult_acc_3: 0.5563  Mult_acc_5: 0.3158  F1_score: 0.6438  MAE: 0.5016  Corr: 0.6253  clm loss: 3.2739 total loss: 5.3154 bn loss: 0.4874 av loss: 0.4713 lb loss: 0.0 text loss: 0.5601
2026-01-26 12:45:02,267 - MMSA [INFO] - VAL-(msalm) >>  Mult_acc_2: 0.6601  Mult_acc_3: 0.5702  Mult_acc_5: 0.3421  F1_score: 0.6731  MAE: 0.4855  Corr: 0.5735  Loss: 0.5033 
2026-01-26 12:45:10,773 - MMSA [INFO] - TRAIN-(msalm) [1/13/1] >> loss: 0.4938  Mult_acc_2: 0.6623  Mult_acc_3: 0.5826  Mult_acc_5: 0.3253  F1_score: 0.6720  MAE: 0.4795  Corr: 0.6662  clm loss: 3.2041 total loss: 5.1608 bn loss: 0.4755 av loss: 0.4668 lb loss: 0.0 text loss: 0.5206
2026-01-26 12:45:12,770 - MMSA [INFO] - VAL-(msalm) >>  Mult_acc_2: 0.5877  Mult_acc_3: 0.5285  Mult_acc_5: 0.3136  F1_score: 0.5945  MAE: 0.5334  Corr: 0.5842  Loss: 0.5541 
2026-01-26 12:45:20,232 - MMSA [INFO] - TRAIN-(msalm) [2/14/1] >> loss: 0.4871  Mult_acc_2: 0.6462  Mult_acc_3: 0.5914  Mult_acc_5: 0.3319  F1_score: 0.6557  MAE: 0.4730  Corr: 0.6534  clm loss: 3.2218 total loss: 5.1544 bn loss: 0.4663 av loss: 0.4724 lb loss: 0.0 text loss: 0.5069
2026-01-26 12:45:21,907 - MMSA [INFO] - VAL-(msalm) >>  Mult_acc_2: 0.5548  Mult_acc_3: 0.5022  Mult_acc_5: 0.2895  F1_score: 0.5574  MAE: 0.5831  Corr: 0.5727  Loss: 0.6211 
2026-01-26 12:45:29,343 - MMSA [INFO] - TRAIN-(msalm) [3/15/1] >> loss: 0.4679  Mult_acc_2: 0.6952  Mult_acc_3: 0.6045  Mult_acc_5: 0.3560  F1_score: 0.7060  MAE: 0.4475  Corr: 0.6720  clm loss: 3.1845 total loss: 5.0897 bn loss: 0.4589 av loss: 0.4651 lb loss: 0.0 text loss: 0.5133
2026-01-26 12:45:31,019 - MMSA [INFO] - VAL-(msalm) >>  Mult_acc_2: 0.6316  Mult_acc_3: 0.5768  Mult_acc_5: 0.3377  F1_score: 0.6428  MAE: 0.5005  Corr: 0.6005  Loss: 0.5541 
2026-01-26 12:45:38,487 - MMSA [INFO] - TRAIN-(msalm) [4/16/1] >> loss: 0.4535  Mult_acc_2: 0.7098  Mult_acc_3: 0.6418  Mult_acc_5: 0.3626  F1_score: 0.7201  MAE: 0.4327  Corr: 0.6931  clm loss: 3.1612 total loss: 5.0154 bn loss: 0.4508 av loss: 0.4694 lb loss: 0.0001 text loss: 0.4806
2026-01-26 12:45:40,111 - MMSA [INFO] - VAL-(msalm) >>  Mult_acc_2: 0.6513  Mult_acc_3: 0.5811  Mult_acc_5: 0.3443  F1_score: 0.6639  MAE: 0.4745  Corr: 0.6087  Loss: 0.5051 
2026-01-26 12:45:47,580 - MMSA [INFO] - TRAIN-(msalm) [5/17/1] >> loss: 0.4284  Mult_acc_2: 0.7178  Mult_acc_3: 0.6367  Mult_acc_5: 0.3852  F1_score: 0.7283  MAE: 0.4105  Corr: 0.7065  clm loss: 3.1371 total loss: 4.9383 bn loss: 0.4348 av loss: 0.4672 lb loss: 0.0001 text loss: 0.4708
2026-01-26 12:45:49,262 - MMSA [INFO] - VAL-(msalm) >>  Mult_acc_2: 0.6447  Mult_acc_3: 0.5899  Mult_acc_5: 0.3487  F1_score: 0.6563  MAE: 0.4813  Corr: 0.6198  Loss: 0.5190 
2026-01-26 12:45:56,774 - MMSA [INFO] - TRAIN-(msalm) [6/18/1] >> loss: 0.4166  Mult_acc_2: 0.7332  Mult_acc_3: 0.6594  Mult_acc_5: 0.3852  F1_score: 0.7435  MAE: 0.4000  Corr: 0.7256  clm loss: 3.081 total loss: 4.8782 bn loss: 0.4342 av loss: 0.4654 lb loss: 0.0 text loss: 0.4811
2026-01-26 12:45:58,461 - MMSA [INFO] - VAL-(msalm) >>  Mult_acc_2: 0.6579  Mult_acc_3: 0.5987  Mult_acc_5: 0.3684  F1_score: 0.6701  MAE: 0.4555  Corr: 0.6421  Loss: 0.4828 
2026-01-26 12:46:06,979 - MMSA [INFO] - TRAIN-(msalm) [1/19/1] >> loss: 0.4113  Mult_acc_2: 0.7485  Mult_acc_3: 0.6659  Mult_acc_5: 0.3933  F1_score: 0.7583  MAE: 0.3950  Corr: 0.7157  clm loss: 3.11 total loss: 4.8747 bn loss: 0.4231 av loss: 0.4632 lb loss: 0.0 text loss: 0.467
2026-01-26 12:46:08,633 - MMSA [INFO] - VAL-(msalm) >>  Mult_acc_2: 0.7390  Mult_acc_3: 0.6382  Mult_acc_5: 0.4057  F1_score: 0.7482  MAE: 0.4127  Corr: 0.6503  Loss: 0.4463 
2026-01-26 12:46:17,192 - MMSA [INFO] - TRAIN-(msalm) [1/20/1] >> loss: 0.3961  Mult_acc_2: 0.7749  Mult_acc_3: 0.6893  Mult_acc_5: 0.4174  F1_score: 0.7835  MAE: 0.3783  Corr: 0.7324  clm loss: 3.0481 total loss: 4.7873 bn loss: 0.4118 av loss: 0.4637 lb loss: 0.0 text loss: 0.4677
2026-01-26 12:46:18,897 - MMSA [INFO] - VAL-(msalm) >>  Mult_acc_2: 0.7325  Mult_acc_3: 0.6382  Mult_acc_5: 0.3882  F1_score: 0.7427  MAE: 0.4068  Corr: 0.6619  Loss: 0.4544 
2026-01-26 12:46:26,450 - MMSA [INFO] - TRAIN-(msalm) [2/21/1] >> loss: 0.3758  Mult_acc_2: 0.7756  Mult_acc_3: 0.6981  Mult_acc_5: 0.4123  F1_score: 0.7840  MAE: 0.3605  Corr: 0.7601  clm loss: 3.0301 total loss: 4.7158 bn loss: 0.4027 av loss: 0.4637 lb loss: 0.0 text loss: 0.4436
2026-01-26 12:46:28,366 - MMSA [INFO] - VAL-(msalm) >>  Mult_acc_2: 0.7610  Mult_acc_3: 0.6689  Mult_acc_5: 0.4123  F1_score: 0.7671  MAE: 0.3925  Corr: 0.6687  Loss: 0.4397 
2026-01-26 12:46:36,879 - MMSA [INFO] - TRAIN-(msalm) [1/22/1] >> loss: 0.377  Mult_acc_2: 0.7902  Mult_acc_3: 0.6864  Mult_acc_5: 0.4115  F1_score: 0.7978  MAE: 0.3627  Corr: 0.7501  clm loss: 3.0115 total loss: 4.7106 bn loss: 0.3978 av loss: 0.4674 lb loss: 0.0 text loss: 0.457
2026-01-26 12:46:38,600 - MMSA [INFO] - VAL-(msalm) >>  Mult_acc_2: 0.7873  Mult_acc_3: 0.6842  Mult_acc_5: 0.4232  F1_score: 0.7927  MAE: 0.3845  Corr: 0.6808  Loss: 0.4357 
2026-01-26 12:46:47,177 - MMSA [INFO] - TRAIN-(msalm) [1/23/1] >> loss: 0.3608  Mult_acc_2: 0.7997  Mult_acc_3: 0.7186  Mult_acc_5: 0.4466  F1_score: 0.8068  MAE: 0.3399  Corr: 0.7794  clm loss: 2.9756 total loss: 4.6669 bn loss: 0.3883 av loss: 0.4516 lb loss: 0.0 text loss: 0.4905
2026-01-26 12:46:48,834 - MMSA [INFO] - VAL-(msalm) >>  Mult_acc_2: 0.7829  Mult_acc_3: 0.6645  Mult_acc_5: 0.4101  F1_score: 0.7882  MAE: 0.3803  Corr: 0.6878  Loss: 0.4144 
2026-01-26 12:46:57,382 - MMSA [INFO] - TRAIN-(msalm) [1/24/1] >> loss: 0.3487  Mult_acc_2: 0.8151  Mult_acc_3: 0.7251  Mult_acc_5: 0.4583  F1_score: 0.8207  MAE: 0.3300  Corr: 0.7830  clm loss: 2.9652 total loss: 4.6263 bn loss: 0.3884 av loss: 0.4618 lb loss: 0.0 text loss: 0.4621
2026-01-26 12:46:59,057 - MMSA [INFO] - VAL-(msalm) >>  Mult_acc_2: 0.7675  Mult_acc_3: 0.6579  Mult_acc_5: 0.4101  F1_score: 0.7751  MAE: 0.3914  Corr: 0.6860  Loss: 0.4222 
2026-01-26 12:47:06,532 - MMSA [INFO] - TRAIN-(msalm) [2/25/1] >> loss: 0.3288  Mult_acc_2: 0.8246  Mult_acc_3: 0.7442  Mult_acc_5: 0.4722  F1_score: 0.8296  MAE: 0.3162  Corr: 0.8068  clm loss: 2.927 total loss: 4.5336 bn loss: 0.3806 av loss: 0.4523 lb loss: 0.0 text loss: 0.4449
2026-01-26 12:47:08,177 - MMSA [INFO] - VAL-(msalm) >>  Mult_acc_2: 0.7412  Mult_acc_3: 0.6491  Mult_acc_5: 0.3904  F1_score: 0.7513  MAE: 0.4041  Corr: 0.6874  Loss: 0.4289 
2026-01-26 12:47:15,587 - MMSA [INFO] - TRAIN-(msalm) [3/26/1] >> loss: 0.335  Mult_acc_2: 0.8238  Mult_acc_3: 0.7383  Mult_acc_5: 0.4693  F1_score: 0.8291  MAE: 0.3184  Corr: 0.7950  clm loss: 2.9129 total loss: 4.5348 bn loss: 0.3825 av loss: 0.4548 lb loss: 0.0 text loss: 0.4496
2026-01-26 12:47:17,240 - MMSA [INFO] - VAL-(msalm) >>  Mult_acc_2: 0.6732  Mult_acc_3: 0.6096  Mult_acc_5: 0.3553  F1_score: 0.6857  MAE: 0.4412  Corr: 0.6699  Loss: 0.4744 
2026-01-26 12:47:24,673 - MMSA [INFO] - TRAIN-(msalm) [4/27/1] >> loss: 0.3216  Mult_acc_2: 0.8231  Mult_acc_3: 0.7310  Mult_acc_5: 0.4766  F1_score: 0.8283  MAE: 0.3063  Corr: 0.8097  clm loss: 2.896 total loss: 4.4834 bn loss: 0.3679 av loss: 0.4509 lb loss: 0.0 text loss: 0.4471
2026-01-26 12:47:26,306 - MMSA [INFO] - VAL-(msalm) >>  Mult_acc_2: 0.7829  Mult_acc_3: 0.6689  Mult_acc_5: 0.4079  F1_score: 0.7889  MAE: 0.3898  Corr: 0.6825  Loss: 0.4107 
2026-01-26 12:47:34,932 - MMSA [INFO] - TRAIN-(msalm) [1/28/1] >> loss: 0.3083  Mult_acc_2: 0.8399  Mult_acc_3: 0.7522  Mult_acc_5: 0.4978  F1_score: 0.8438  MAE: 0.2930  Corr: 0.8274  clm loss: 2.8656 total loss: 4.4365 bn loss: 0.3729 av loss: 0.4537 lb loss: 0.0 text loss: 0.4359
2026-01-26 12:47:36,589 - MMSA [INFO] - VAL-(msalm) >>  Mult_acc_2: 0.7873  Mult_acc_3: 0.6776  Mult_acc_5: 0.4167  F1_score: 0.7927  MAE: 0.3828  Corr: 0.6832  Loss: 0.4234 
2026-01-26 12:47:44,236 - MMSA [INFO] - TRAIN-(msalm) [2/29/1] >> loss: 0.2974  Mult_acc_2: 0.8458  Mult_acc_3: 0.7602  Mult_acc_5: 0.5278  F1_score: 0.8501  MAE: 0.2766  Corr: 0.8366  clm loss: 2.8512 total loss: 4.3596 bn loss: 0.3436 av loss: 0.448 lb loss: 0.0 text loss: 0.4194
2026-01-26 12:47:45,922 - MMSA [INFO] - VAL-(msalm) >>  Mult_acc_2: 0.7325  Mult_acc_3: 0.6645  Mult_acc_5: 0.4167  F1_score: 0.7430  MAE: 0.4021  Corr: 0.6787  Loss: 0.4292 
2026-01-26 12:47:53,467 - MMSA [INFO] - TRAIN-(msalm) [3/30/1] >> loss: 0.3007  Mult_acc_2: 0.8509  Mult_acc_3: 0.7529  Mult_acc_5: 0.5088  F1_score: 0.8542  MAE: 0.2857  Corr: 0.8319  clm loss: 2.816 total loss: 4.3306 bn loss: 0.3394 av loss: 0.4529 lb loss: 0.0 text loss: 0.4215
2026-01-26 12:47:55,124 - MMSA [INFO] - VAL-(msalm) >>  Mult_acc_2: 0.7522  Mult_acc_3: 0.6667  Mult_acc_5: 0.3904  F1_score: 0.7616  MAE: 0.4012  Corr: 0.6741  Loss: 0.4221 
2026-01-26 12:48:02,593 - MMSA [INFO] - TRAIN-(msalm) [4/31/1] >> loss: 0.2951  Mult_acc_2: 0.8487  Mult_acc_3: 0.7624  Mult_acc_5: 0.5197  F1_score: 0.8520  MAE: 0.2806  Corr: 0.8384  clm loss: 2.8505 total loss: 4.3116 bn loss: 0.3245 av loss: 0.4535 lb loss: 0.0 text loss: 0.388
2026-01-26 12:48:04,272 - MMSA [INFO] - VAL-(msalm) >>  Mult_acc_2: 0.7895  Mult_acc_3: 0.6732  Mult_acc_5: 0.4101  F1_score: 0.7942  MAE: 0.3818  Corr: 0.6825  Loss: 0.4063 
2026-01-26 12:48:12,803 - MMSA [INFO] - TRAIN-(msalm) [1/32/1] >> loss: 0.2772  Mult_acc_2: 0.8538  Mult_acc_3: 0.7661  Mult_acc_5: 0.5541  F1_score: 0.8575  MAE: 0.2596  Corr: 0.8535  clm loss: 2.8027 total loss: 4.2504 bn loss: 0.3171 av loss: 0.4603 lb loss: 0.0 text loss: 0.3931
2026-01-26 12:48:14,472 - MMSA [INFO] - VAL-(msalm) >>  Mult_acc_2: 0.8048  Mult_acc_3: 0.6776  Mult_acc_5: 0.4101  F1_score: 0.8083  MAE: 0.3782  Corr: 0.6865  Loss: 0.4019 
2026-01-26 12:48:22,899 - MMSA [INFO] - TRAIN-(msalm) [1/33/1] >> loss: 0.269  Mult_acc_2: 0.8750  Mult_acc_3: 0.7800  Mult_acc_5: 0.5519  F1_score: 0.8775  MAE: 0.2517  Corr: 0.8665  clm loss: 2.7551 total loss: 4.1651 bn loss: 0.3082 av loss: 0.4545 lb loss: 0.0 text loss: 0.3783
2026-01-26 12:48:24,536 - MMSA [INFO] - VAL-(msalm) >>  Mult_acc_2: 0.7939  Mult_acc_3: 0.6842  Mult_acc_5: 0.4145  F1_score: 0.7977  MAE: 0.3785  Corr: 0.6846  Loss: 0.3973 
2026-01-26 12:48:33,137 - MMSA [INFO] - TRAIN-(msalm) [1/34/1] >> loss: 0.2737  Mult_acc_2: 0.8487  Mult_acc_3: 0.7858  Mult_acc_5: 0.5621  F1_score: 0.8526  MAE: 0.2554  Corr: 0.8596  clm loss: 2.7309 total loss: 4.1271 bn loss: 0.3033 av loss: 0.4534 lb loss: 0.0 text loss: 0.3659
2026-01-26 12:48:34,845 - MMSA [INFO] - VAL-(msalm) >>  Mult_acc_2: 0.7939  Mult_acc_3: 0.6754  Mult_acc_5: 0.4079  F1_score: 0.7968  MAE: 0.3760  Corr: 0.6897  Loss: 0.4029 
2026-01-26 12:48:42,324 - MMSA [INFO] - TRAIN-(msalm) [2/35/1] >> loss: 0.2669  Mult_acc_2: 0.8611  Mult_acc_3: 0.7792  Mult_acc_5: 0.5673  F1_score: 0.8642  MAE: 0.2493  Corr: 0.8704  clm loss: 2.7011 total loss: 4.0888 bn loss: 0.2996 av loss: 0.4541 lb loss: 0.0 text loss: 0.3672
2026-01-26 12:48:43,924 - MMSA [INFO] - VAL-(msalm) >>  Mult_acc_2: 0.7873  Mult_acc_3: 0.6689  Mult_acc_5: 0.4079  F1_score: 0.7917  MAE: 0.3795  Corr: 0.6883  Loss: 0.3894 
2026-01-26 12:48:53,166 - MMSA [INFO] - TRAIN-(msalm) [1/36/1] >> loss: 0.2445  Mult_acc_2: 0.8640  Mult_acc_3: 0.8026  Mult_acc_5: 0.6045  F1_score: 0.8674  MAE: 0.2267  Corr: 0.8899  clm loss: 2.7121 total loss: 4.0394 bn loss: 0.2904 av loss: 0.448 lb loss: 0.0 text loss: 0.3444
2026-01-26 12:48:54,941 - MMSA [INFO] - VAL-(msalm) >>  Mult_acc_2: 0.7785  Mult_acc_3: 0.6776  Mult_acc_5: 0.4057  F1_score: 0.7842  MAE: 0.3798  Corr: 0.6857  Loss: 0.3976 
2026-01-26 12:49:02,390 - MMSA [INFO] - TRAIN-(msalm) [2/37/1] >> loss: 0.2503  Mult_acc_2: 0.8611  Mult_acc_3: 0.7990  Mult_acc_5: 0.5965  F1_score: 0.8649  MAE: 0.2285  Corr: 0.8909  clm loss: 2.66 total loss: 3.9996 bn loss: 0.2803 av loss: 0.4541 lb loss: 0.0 text loss: 0.3549
2026-01-26 12:49:04,022 - MMSA [INFO] - VAL-(msalm) >>  Mult_acc_2: 0.8004  Mult_acc_3: 0.6864  Mult_acc_5: 0.4211  F1_score: 0.8034  MAE: 0.3760  Corr: 0.6859  Loss: 0.3941 
2026-01-26 12:49:11,223 - MMSA [INFO] - TRAIN-(msalm) [3/38/1] >> loss: 0.2442  Mult_acc_2: 0.8787  Mult_acc_3: 0.7997  Mult_acc_5: 0.5928  F1_score: 0.8811  MAE: 0.2293  Corr: 0.8902  clm loss: 2.6503 total loss: 3.9703 bn loss: 0.2743 av loss: 0.4444 lb loss: 0.0 text loss: 0.357
2026-01-26 12:49:12,865 - MMSA [INFO] - VAL-(msalm) >>  Mult_acc_2: 0.8136  Mult_acc_3: 0.6776  Mult_acc_5: 0.4123  F1_score: 0.8148  MAE: 0.3809  Corr: 0.6789  Loss: 0.4050 
2026-01-26 12:49:20,132 - MMSA [INFO] - TRAIN-(msalm) [4/39/1] >> loss: 0.2363  Mult_acc_2: 0.8867  Mult_acc_3: 0.8012  Mult_acc_5: 0.5958  F1_score: 0.8893  MAE: 0.2184  Corr: 0.9021  clm loss: 2.6105 total loss: 3.9071 bn loss: 0.2649 av loss: 0.4465 lb loss: 0.0 text loss: 0.3488
2026-01-26 12:49:21,749 - MMSA [INFO] - VAL-(msalm) >>  Mult_acc_2: 0.7939  Mult_acc_3: 0.6908  Mult_acc_5: 0.4320  F1_score: 0.7985  MAE: 0.3769  Corr: 0.6818  Loss: 0.3923 
2026-01-26 12:49:29,056 - MMSA [INFO] - TRAIN-(msalm) [5/40/1] >> loss: 0.2336  Mult_acc_2: 0.8640  Mult_acc_3: 0.7909  Mult_acc_5: 0.6140  F1_score: 0.8676  MAE: 0.2137  Corr: 0.9014  clm loss: 2.5944 total loss: 3.8896 bn loss: 0.2582 av loss: 0.4462 lb loss: 0.0 text loss: 0.3572
2026-01-26 12:49:30,661 - MMSA [INFO] - VAL-(msalm) >>  Mult_acc_2: 0.7939  Mult_acc_3: 0.6754  Mult_acc_5: 0.4013  F1_score: 0.7990  MAE: 0.3849  Corr: 0.6763  Loss: 0.3913 
2026-01-26 12:49:37,967 - MMSA [INFO] - TRAIN-(msalm) [6/41/1] >> loss: 0.2207  Mult_acc_2: 0.8867  Mult_acc_3: 0.8260  Mult_acc_5: 0.6360  F1_score: 0.8892  MAE: 0.2064  Corr: 0.9117  clm loss: 2.5509 total loss: 3.7949 bn loss: 0.2525 av loss: 0.4417 lb loss: 0.0 text loss: 0.329
2026-01-26 12:49:39,631 - MMSA [INFO] - VAL-(msalm) >>  Mult_acc_2: 0.7785  Mult_acc_3: 0.6623  Mult_acc_5: 0.4232  F1_score: 0.7849  MAE: 0.3867  Corr: 0.6756  Loss: 0.4096 
2026-01-26 12:49:46,941 - MMSA [INFO] - TRAIN-(msalm) [7/42/1] >> loss: 0.219  Mult_acc_2: 0.8692  Mult_acc_3: 0.8092  Mult_acc_5: 0.6389  F1_score: 0.8725  MAE: 0.2025  Corr: 0.9145  clm loss: 2.5486 total loss: 3.7714 bn loss: 0.2473 av loss: 0.4425 lb loss: 0.0 text loss: 0.314
2026-01-26 12:49:48,558 - MMSA [INFO] - VAL-(msalm) >>  Mult_acc_2: 0.7675  Mult_acc_3: 0.6579  Mult_acc_5: 0.4232  F1_score: 0.7746  MAE: 0.3840  Corr: 0.6766  Loss: 0.3990 
2026-01-26 12:49:55,834 - MMSA [INFO] - TRAIN-(msalm) [8/43/1] >> loss: 0.2187  Mult_acc_2: 0.8735  Mult_acc_3: 0.8238  Mult_acc_5: 0.6499  F1_score: 0.8769  MAE: 0.1972  Corr: 0.9147  clm loss: 2.5335 total loss: 3.7538 bn loss: 0.243 av loss: 0.4439 lb loss: 0.0 text loss: 0.3146
2026-01-26 12:49:57,422 - MMSA [INFO] - VAL-(msalm) >>  Mult_acc_2: 0.7807  Mult_acc_3: 0.6711  Mult_acc_5: 0.4276  F1_score: 0.7857  MAE: 0.3827  Corr: 0.6770  Loss: 0.4029 
2026-01-26 12:50:04,758 - MMSA [INFO] - TRAIN-(msalm) [9/44/1] >> loss: 0.2154  Mult_acc_2: 0.8699  Mult_acc_3: 0.8085  Mult_acc_5: 0.6352  F1_score: 0.8731  MAE: 0.1976  Corr: 0.9197  clm loss: 2.5198 total loss: 3.7414 bn loss: 0.2386 av loss: 0.4475 lb loss: 0.0 text loss: 0.3202
2026-01-26 12:50:06,405 - MMSA [INFO] - VAL-(msalm) >>  Mult_acc_2: 0.7851  Mult_acc_3: 0.6711  Mult_acc_5: 0.4145  F1_score: 0.7914  MAE: 0.3959  Corr: 0.6741  Loss: 0.3995 
2026-01-26 12:50:13,815 - MMSA [INFO] - TRAIN-(msalm) [10/45/1] >> loss: 0.2053  Mult_acc_2: 0.8896  Mult_acc_3: 0.8180  Mult_acc_5: 0.6520  F1_score: 0.8924  MAE: 0.1883  Corr: 0.9291  clm loss: 2.474 total loss: 3.6445 bn loss: 0.2286 av loss: 0.4398 lb loss: 0.0 text loss: 0.2969
2026-01-26 12:50:15,443 - MMSA [INFO] - VAL-(msalm) >>  Mult_acc_2: 0.7873  Mult_acc_3: 0.6886  Mult_acc_5: 0.4430  F1_score: 0.7934  MAE: 0.3842  Corr: 0.6747  Loss: 0.3943 
2026-01-26 12:50:17,552 - MMSA [INFO] - TEST-(msalm) >>  Mult_acc_2: 0.8359  Mult_acc_3: 0.7002  Mult_acc_5: 0.4617  F1_score: 0.8386  MAE: 0.3432  Corr: 0.7456  Loss: 0.3516 
2026-01-26 12:50:18,823 - MMSA [INFO] - Result for seed 1994: {'Mult_acc_2': 0.8359, 'Mult_acc_3': 0.7002, 'Mult_acc_5': 0.4617, 'F1_score': 0.8386, 'MAE': 0.3432, 'Corr': 0.7456, 'Loss': 0.3516, 'seed': 1994}
2026-01-26 12:50:18,915 - MMSA [INFO] - Results saved to MMSA/results/sims/lrs_0002/sparse-mm-token-lvl-router/k_1/nf_16-lb-0_01-track/lr_0002__k_1__nf_16-lb-0_01-track/normal/sims_avg.csv.
