2026-01-25 22:06:50,899 - MMSA [INFO] - ======================================== Program Start ========================================
2026-01-25 22:06:50,981 - MMSA [INFO] - Running with args:
2026-01-25 22:06:50,981 - MMSA [INFO] - {'model_name': 'msalm', 'dataset_name': 'sims', 'featurePath': '/leonardo_work/EUHPC_A04_051/alexfil/MSA-Datasets/CH-SIMS/unaligned_39.pkl', 'seq_lens': [39, 400, 55], 'feature_dims': [768, 33, 709], 'train_samples': 1368, 'num_classes': 3, 'language': 'cn', 'KeyEval': 'Loss', 'missing_rate': [0.0, 0.0, 0.0], 'missing_seed': [1111, 1111, 1111], 'need_data_aligned': False, 'need_model_aligned': False, 'early_stop': 10, 'use_bert': False, 'use_bert_finetune': False, 'attn_mask': True, 'excludeZero': True, 'update_epochs': 8, 'use_augmentation': False, 'use_m3xup': False, 'hfPath': False, 'use_ulgm': False, 'update_labels_patience': 1, 'H': 3.0, 'del_model': True, 'max_token_len': 39, 'pad_token': '<|endoftext|>', 'lm': '/leonardo_work/EUHPC_A04_051/alexfil/gpt2-chinese-cluecorpussmall', 'use_bf16': False, 'task_out': 1, 'use_clm': True, 'gamma': 1.0, 'l_bn': 1.0, 'l_av': 1.0, 'l_t': 1.0, 'l_lb': 0.25, 'warmup_epochs': 1, 'max_epochs': 100, 'beta_1': 0.9, 'beta_2': 0.95, 'use_lnorm': True, 'rescale': False, 'rescaler': 'sqrt', 'use_seqaug': True, 'n_bn_fusion': 16, 'modded_loss': True, 'embedding_attr_name': 'transformer.wte', 'decoder_layers_attr_name': 'transformer.h', 'mmgpt': {'type': 'gpt2', 'd_out': 64, 'combine': True, 'dropout': 0.1, 'mm_layer': [5, 6, 7, 8, 9, 10, 11], 'top_k': 2, 'layer_dropout': 0.0, 'dense': True, 'tie_ffn': True, 'n_embd': 768, 'bias': True, 'kv_dim': 30, 'n_head': 16, 'd_mm': 768, 'gating': 'sigmoid', 'init_gate': [0.0, 0.0, 0.0, 0.0, 0.0, 0.0, 0.0, 0.0, 0.0, 0.0], 'use_softperm': True, 'p_perm': 0.3, 'p_apply': 0.25, 'use_lora': False, 'lora': {'lora_alpha': 128, 'r': 64, 'lora_dropout': 0.05}}, 'av_enc': {'finetune': True, 'from_pretrained': True, 'path_to_pretrained': '/leonardo_work/EUHPC_A04_051/alexfil/DeepMLF-Reprod/checkpoints/bienc-sims-1990/bienc-sims-1990.pth', 'feature_dims': [768, 33, 709], 'd_enc': 30, 'n_embd': 30, 'n_head': 6, 'nlevels': 3, 'd_enc_out': 30, 'maxlen': 55, 'p_mask': 0.15, 'enc_attn_dropout': 0.1, 'enc_res_dropout': 0.1, 'enc_dropout': 0.1, 'use_softperm': True, 'p_perm': 0.2, 'mask_perm_ratio': 0.5, 'tf_fusion': False, 'use_bn': True, 'use_ln': False}, 'gpt': {'vocab_size': 50257, 'block_size': 1024, 'bias': True, 'n_embd': 1024, 'n_layer': 24, 'n_head': 16, 'dropout': 0.0}, 'batch_size': 32, 'grad_clip': 5.0, 'patience': 10, 'weight_decay_mmgpt': 0.1, 'weight_decay_av': 0.1, 'learning_rate_av': 0.0001, 'learning_rate_mmgpt': 0.0001, 'device': device(type='cuda', index=0), 'train_mode': 'regression', 'custom_feature': None, 'feature_T': '', 'feature_A': '', 'feature_V': ''}
2026-01-25 22:06:50,981 - MMSA [INFO] - Seeds: [1990, 1991, 1992, 1993, 1994]
2026-01-25 22:06:50,982 - MMSA [INFO] - ------------------------------ Running with seed 1990 [1/5] ------------------------------
2026-01-25 22:08:09,783 - MMSA [INFO] - The model has 173499052 trainable parameters
2026-01-25 22:08:20,016 - MMSA [INFO] - TRAIN-(msalm) [1/1/1] >> loss: 0.6211  Mult_acc_2: 0.6440  Mult_acc_3: 0.4678  Mult_acc_5: 0.2091  F1_score: 0.5975  MAE: 0.6188  Corr: 0.0595  clm loss: 7.7703 total loss: 10.8922 bn loss: 0.8901 av loss: 0.6673 lb loss: 0.001 text loss: 0.9433
2026-01-25 22:08:22,014 - MMSA [INFO] - VAL-(msalm) >>  Mult_acc_2: 0.6425  Mult_acc_3: 0.4496  Mult_acc_5: 0.1864  F1_score: 0.6273  MAE: 0.5985  Corr: 0.1504  Loss: 0.5989 
2026-01-25 22:08:31,517 - MMSA [INFO] - TRAIN-(msalm) [1/2/1] >> loss: 0.5832  Mult_acc_2: 0.6776  Mult_acc_3: 0.5080  Mult_acc_5: 0.2383  F1_score: 0.6367  MAE: 0.5820  Corr: 0.1939  clm loss: 6.907 total loss: 9.7024 bn loss: 0.7361 av loss: 0.6323 lb loss: 0.0009 text loss: 0.8436
2026-01-25 22:08:33,293 - MMSA [INFO] - VAL-(msalm) >>  Mult_acc_2: 0.6908  Mult_acc_3: 0.5088  Mult_acc_5: 0.1930  F1_score: 0.6745  MAE: 0.5517  Corr: 0.3497  Loss: 0.5575 
2026-01-25 22:08:42,629 - MMSA [INFO] - TRAIN-(msalm) [1/3/1] >> loss: 0.5541  Mult_acc_2: 0.7003  Mult_acc_3: 0.5395  Mult_acc_5: 0.2537  F1_score: 0.6757  MAE: 0.5506  Corr: 0.3337  clm loss: 6.1231 total loss: 8.6553 bn loss: 0.6354 av loss: 0.6055 lb loss: 0.0008 text loss: 0.7369
2026-01-25 22:08:44,443 - MMSA [INFO] - VAL-(msalm) >>  Mult_acc_2: 0.7215  Mult_acc_3: 0.5570  Mult_acc_5: 0.2654  F1_score: 0.7122  MAE: 0.5227  Corr: 0.4372  Loss: 0.5275 
2026-01-25 22:08:53,848 - MMSA [INFO] - TRAIN-(msalm) [1/4/1] >> loss: 0.5235  Mult_acc_2: 0.7325  Mult_acc_3: 0.5841  Mult_acc_5: 0.2829  F1_score: 0.7237  MAE: 0.5136  Corr: 0.4423  clm loss: 5.4555 total loss: 7.8327 bn loss: 0.581 av loss: 0.582 lb loss: 0.0012 text loss: 0.6905
2026-01-25 22:08:55,635 - MMSA [INFO] - VAL-(msalm) >>  Mult_acc_2: 0.6798  Mult_acc_3: 0.5680  Mult_acc_5: 0.2917  F1_score: 0.6900  MAE: 0.5134  Corr: 0.4705  Loss: 0.5244 
2026-01-25 22:09:05,036 - MMSA [INFO] - TRAIN-(msalm) [1/5/1] >> loss: 0.4974  Mult_acc_2: 0.7580  Mult_acc_3: 0.6213  Mult_acc_5: 0.3355  F1_score: 0.7563  MAE: 0.4769  Corr: 0.5162  clm loss: 4.9051 total loss: 7.1549 bn loss: 0.559 av loss: 0.5679 lb loss: 0.0017 text loss: 0.6249
2026-01-25 22:09:06,856 - MMSA [INFO] - VAL-(msalm) >>  Mult_acc_2: 0.6732  Mult_acc_3: 0.5614  Mult_acc_5: 0.2851  F1_score: 0.6843  MAE: 0.5234  Corr: 0.4689  Loss: 0.5376 
2026-01-25 22:09:15,306 - MMSA [INFO] - TRAIN-(msalm) [2/6/1] >> loss: 0.4942  Mult_acc_2: 0.7588  Mult_acc_3: 0.6345  Mult_acc_5: 0.3487  F1_score: 0.7573  MAE: 0.4659  Corr: 0.5421  clm loss: 4.4611 total loss: 6.6482 bn loss: 0.5417 av loss: 0.5517 lb loss: 0.002 text loss: 0.5989
2026-01-25 22:09:17,145 - MMSA [INFO] - VAL-(msalm) >>  Mult_acc_2: 0.6732  Mult_acc_3: 0.5680  Mult_acc_5: 0.3026  F1_score: 0.6853  MAE: 0.5291  Corr: 0.4698  Loss: 0.5506 
2026-01-25 22:09:25,408 - MMSA [INFO] - TRAIN-(msalm) [3/7/1] >> loss: 0.4739  Mult_acc_2: 0.7690  Mult_acc_3: 0.6404  Mult_acc_5: 0.3596  F1_score: 0.7663  MAE: 0.4593  Corr: 0.5581  clm loss: 4.1879 total loss: 6.3385 bn loss: 0.5321 av loss: 0.5381 lb loss: 0.002 text loss: 0.606
2026-01-25 22:09:27,178 - MMSA [INFO] - VAL-(msalm) >>  Mult_acc_2: 0.7039  Mult_acc_3: 0.5877  Mult_acc_5: 0.3268  F1_score: 0.7125  MAE: 0.4975  Corr: 0.5034  Loss: 0.5078 
2026-01-25 22:09:36,603 - MMSA [INFO] - TRAIN-(msalm) [1/8/1] >> loss: 0.4835  Mult_acc_2: 0.7471  Mult_acc_3: 0.6104  Mult_acc_5: 0.3304  F1_score: 0.7443  MAE: 0.4711  Corr: 0.5332  clm loss: 3.9603 total loss: 6.0865 bn loss: 0.5246 av loss: 0.526 lb loss: 0.002 text loss: 0.5916
2026-01-25 22:09:38,341 - MMSA [INFO] - VAL-(msalm) >>  Mult_acc_2: 0.7215  Mult_acc_3: 0.6096  Mult_acc_5: 0.3662  F1_score: 0.7273  MAE: 0.4753  Corr: 0.5321  Loss: 0.4851 
2026-01-25 22:09:47,687 - MMSA [INFO] - TRAIN-(msalm) [1/9/1] >> loss: 0.4673  Mult_acc_2: 0.7610  Mult_acc_3: 0.6301  Mult_acc_5: 0.3392  F1_score: 0.7594  MAE: 0.4561  Corr: 0.5683  clm loss: 3.7486 total loss: 5.832 bn loss: 0.5181 av loss: 0.5151 lb loss: 0.002 text loss: 0.5824
2026-01-25 22:09:49,496 - MMSA [INFO] - VAL-(msalm) >>  Mult_acc_2: 0.7434  Mult_acc_3: 0.6184  Mult_acc_5: 0.3794  F1_score: 0.7437  MAE: 0.4688  Corr: 0.5391  Loss: 0.4964 
2026-01-25 22:09:57,817 - MMSA [INFO] - TRAIN-(msalm) [2/10/1] >> loss: 0.4539  Mult_acc_2: 0.7610  Mult_acc_3: 0.6360  Mult_acc_5: 0.3633  F1_score: 0.7606  MAE: 0.4388  Corr: 0.5864  clm loss: 3.6335 total loss: 5.6888 bn loss: 0.5166 av loss: 0.5115 lb loss: 0.0021 text loss: 0.5728
2026-01-25 22:09:59,575 - MMSA [INFO] - VAL-(msalm) >>  Mult_acc_2: 0.7237  Mult_acc_3: 0.6140  Mult_acc_5: 0.3596  F1_score: 0.7276  MAE: 0.4657  Corr: 0.5427  Loss: 0.5057 
2026-01-25 22:10:07,886 - MMSA [INFO] - TRAIN-(msalm) [3/11/1] >> loss: 0.4461  Mult_acc_2: 0.7595  Mult_acc_3: 0.6447  Mult_acc_5: 0.3648  F1_score: 0.7589  MAE: 0.4346  Corr: 0.6024  clm loss: 3.4864 total loss: 5.5247 bn loss: 0.5158 av loss: 0.496 lb loss: 0.0019 text loss: 0.5799
2026-01-25 22:10:09,693 - MMSA [INFO] - VAL-(msalm) >>  Mult_acc_2: 0.6820  Mult_acc_3: 0.5877  Mult_acc_5: 0.3180  F1_score: 0.6932  MAE: 0.4742  Corr: 0.5490  Loss: 0.4990 
2026-01-25 22:10:17,964 - MMSA [INFO] - TRAIN-(msalm) [4/12/1] >> loss: 0.4353  Mult_acc_2: 0.7646  Mult_acc_3: 0.6477  Mult_acc_5: 0.3721  F1_score: 0.7652  MAE: 0.4220  Corr: 0.6144  clm loss: 3.4377 total loss: 5.424 bn loss: 0.502 av loss: 0.4843 lb loss: 0.0019 text loss: 0.5642
2026-01-25 22:10:19,750 - MMSA [INFO] - VAL-(msalm) >>  Mult_acc_2: 0.7018  Mult_acc_3: 0.5899  Mult_acc_5: 0.3224  F1_score: 0.7117  MAE: 0.4715  Corr: 0.5515  Loss: 0.5128 
2026-01-25 22:10:28,013 - MMSA [INFO] - TRAIN-(msalm) [5/13/1] >> loss: 0.4408  Mult_acc_2: 0.7705  Mult_acc_3: 0.6572  Mult_acc_5: 0.3845  F1_score: 0.7709  MAE: 0.4255  Corr: 0.6139  clm loss: 3.3353 total loss: 5.2982 bn loss: 0.4925 av loss: 0.4704 lb loss: 0.0018 text loss: 0.5587
2026-01-25 22:10:29,755 - MMSA [INFO] - VAL-(msalm) >>  Mult_acc_2: 0.6952  Mult_acc_3: 0.6009  Mult_acc_5: 0.3465  F1_score: 0.7061  MAE: 0.4711  Corr: 0.5482  Loss: 0.4957 
2026-01-25 22:10:38,165 - MMSA [INFO] - TRAIN-(msalm) [6/14/1] >> loss: 0.4256  Mult_acc_2: 0.7712  Mult_acc_3: 0.6572  Mult_acc_5: 0.3889  F1_score: 0.7726  MAE: 0.4110  Corr: 0.6483  clm loss: 3.3061 total loss: 5.2366 bn loss: 0.4938 av loss: 0.4756 lb loss: 0.0018 text loss: 0.535
2026-01-25 22:10:39,925 - MMSA [INFO] - VAL-(msalm) >>  Mult_acc_2: 0.6908  Mult_acc_3: 0.6031  Mult_acc_5: 0.3377  F1_score: 0.7023  MAE: 0.4657  Corr: 0.5579  Loss: 0.4946 
2026-01-25 22:10:48,215 - MMSA [INFO] - TRAIN-(msalm) [7/15/1] >> loss: 0.4276  Mult_acc_2: 0.7763  Mult_acc_3: 0.6586  Mult_acc_5: 0.3823  F1_score: 0.7783  MAE: 0.4145  Corr: 0.6439  clm loss: 3.3123 total loss: 5.2327 bn loss: 0.4826 av loss: 0.472 lb loss: 0.0017 text loss: 0.5378
2026-01-25 22:10:50,022 - MMSA [INFO] - VAL-(msalm) >>  Mult_acc_2: 0.7281  Mult_acc_3: 0.6447  Mult_acc_5: 0.3904  F1_score: 0.7358  MAE: 0.4481  Corr: 0.5652  Loss: 0.4788 
2026-01-25 22:10:59,352 - MMSA [INFO] - TRAIN-(msalm) [1/16/1] >> loss: 0.4137  Mult_acc_2: 0.7792  Mult_acc_3: 0.6689  Mult_acc_5: 0.4028  F1_score: 0.7815  MAE: 0.3935  Corr: 0.6725  clm loss: 3.287 total loss: 5.1923 bn loss: 0.4805 av loss: 0.4693 lb loss: 0.0018 text loss: 0.5413
2026-01-25 22:11:01,128 - MMSA [INFO] - VAL-(msalm) >>  Mult_acc_2: 0.7325  Mult_acc_3: 0.6382  Mult_acc_5: 0.3750  F1_score: 0.7395  MAE: 0.4400  Corr: 0.5739  Loss: 0.4808 
2026-01-25 22:11:09,443 - MMSA [INFO] - TRAIN-(msalm) [2/17/1] >> loss: 0.417  Mult_acc_2: 0.7829  Mult_acc_3: 0.6506  Mult_acc_5: 0.3947  F1_score: 0.7842  MAE: 0.4025  Corr: 0.6660  clm loss: 3.2489 total loss: 5.1366 bn loss: 0.4816 av loss: 0.4662 lb loss: 0.0018 text loss: 0.5225
2026-01-25 22:11:11,176 - MMSA [INFO] - VAL-(msalm) >>  Mult_acc_2: 0.7171  Mult_acc_3: 0.6316  Mult_acc_5: 0.3618  F1_score: 0.7272  MAE: 0.4380  Corr: 0.5858  Loss: 0.4598 
2026-01-25 22:11:20,429 - MMSA [INFO] - TRAIN-(msalm) [1/18/1] >> loss: 0.4109  Mult_acc_2: 0.7792  Mult_acc_3: 0.6667  Mult_acc_5: 0.3772  F1_score: 0.7806  MAE: 0.4001  Corr: 0.6782  clm loss: 3.2635 total loss: 5.1247 bn loss: 0.4719 av loss: 0.4655 lb loss: 0.0018 text loss: 0.5125
2026-01-25 22:11:22,163 - MMSA [INFO] - VAL-(msalm) >>  Mult_acc_2: 0.7390  Mult_acc_3: 0.6447  Mult_acc_5: 0.3882  F1_score: 0.7454  MAE: 0.4248  Corr: 0.5968  Loss: 0.4476 
2026-01-25 22:11:31,529 - MMSA [INFO] - TRAIN-(msalm) [1/19/1] >> loss: 0.403  Mult_acc_2: 0.7865  Mult_acc_3: 0.6806  Mult_acc_5: 0.4050  F1_score: 0.7884  MAE: 0.3899  Corr: 0.6796  clm loss: 3.2813 total loss: 5.117 bn loss: 0.4614 av loss: 0.4575 lb loss: 0.0018 text loss: 0.5133
2026-01-25 22:11:33,307 - MMSA [INFO] - VAL-(msalm) >>  Mult_acc_2: 0.7325  Mult_acc_3: 0.6425  Mult_acc_5: 0.3794  F1_score: 0.7392  MAE: 0.4276  Corr: 0.5958  Loss: 0.4551 
2026-01-25 22:11:41,564 - MMSA [INFO] - TRAIN-(msalm) [2/20/1] >> loss: 0.4066  Mult_acc_2: 0.7865  Mult_acc_3: 0.6725  Mult_acc_5: 0.4101  F1_score: 0.7899  MAE: 0.3919  Corr: 0.6794  clm loss: 3.2282 total loss: 5.0796 bn loss: 0.4661 av loss: 0.4684 lb loss: 0.0018 text loss: 0.51
2026-01-25 22:11:43,332 - MMSA [INFO] - VAL-(msalm) >>  Mult_acc_2: 0.7149  Mult_acc_3: 0.6272  Mult_acc_5: 0.3816  F1_score: 0.7257  MAE: 0.4328  Corr: 0.6060  Loss: 0.4420 
2026-01-25 22:11:52,631 - MMSA [INFO] - TRAIN-(msalm) [1/21/1] >> loss: 0.3907  Mult_acc_2: 0.7939  Mult_acc_3: 0.6827  Mult_acc_5: 0.4189  F1_score: 0.7966  MAE: 0.3755  Corr: 0.7086  clm loss: 3.1917 total loss: 5.0309 bn loss: 0.461 av loss: 0.4626 lb loss: 0.0016 text loss: 0.5246
2026-01-25 22:11:54,676 - MMSA [INFO] - VAL-(msalm) >>  Mult_acc_2: 0.7061  Mult_acc_3: 0.6140  Mult_acc_5: 0.3575  F1_score: 0.7175  MAE: 0.4329  Corr: 0.6160  Loss: 0.4464 
2026-01-25 22:12:03,035 - MMSA [INFO] - TRAIN-(msalm) [2/22/1] >> loss: 0.3941  Mult_acc_2: 0.7939  Mult_acc_3: 0.6864  Mult_acc_5: 0.4079  F1_score: 0.7971  MAE: 0.3801  Corr: 0.6985  clm loss: 3.1601 total loss: 4.9749 bn loss: 0.4588 av loss: 0.4558 lb loss: 0.0016 text loss: 0.5057
2026-01-25 22:12:04,770 - MMSA [INFO] - VAL-(msalm) >>  Mult_acc_2: 0.7127  Mult_acc_3: 0.6469  Mult_acc_5: 0.3904  F1_score: 0.7231  MAE: 0.4200  Corr: 0.6268  Loss: 0.4426 
2026-01-25 22:12:13,123 - MMSA [INFO] - TRAIN-(msalm) [3/23/1] >> loss: 0.3719  Mult_acc_2: 0.8107  Mult_acc_3: 0.7083  Mult_acc_5: 0.4320  F1_score: 0.8128  MAE: 0.3606  Corr: 0.7269  clm loss: 3.1533 total loss: 4.8971 bn loss: 0.4408 av loss: 0.4516 lb loss: 0.0017 text loss: 0.4792
2026-01-25 22:12:14,927 - MMSA [INFO] - VAL-(msalm) >>  Mult_acc_2: 0.7039  Mult_acc_3: 0.6316  Mult_acc_5: 0.3728  F1_score: 0.7154  MAE: 0.4246  Corr: 0.6301  Loss: 0.4484 
2026-01-25 22:12:23,269 - MMSA [INFO] - TRAIN-(msalm) [4/24/1] >> loss: 0.3831  Mult_acc_2: 0.7961  Mult_acc_3: 0.6930  Mult_acc_5: 0.4211  F1_score: 0.7991  MAE: 0.3696  Corr: 0.7179  clm loss: 3.192 total loss: 4.9752 bn loss: 0.4489 av loss: 0.4655 lb loss: 0.0017 text loss: 0.4853
2026-01-25 22:12:25,067 - MMSA [INFO] - VAL-(msalm) >>  Mult_acc_2: 0.6908  Mult_acc_3: 0.6075  Mult_acc_5: 0.3553  F1_score: 0.7030  MAE: 0.4312  Corr: 0.6363  Loss: 0.4452 
2026-01-25 22:12:33,469 - MMSA [INFO] - TRAIN-(msalm) [5/25/1] >> loss: 0.3711  Mult_acc_2: 0.8063  Mult_acc_3: 0.6908  Mult_acc_5: 0.4225  F1_score: 0.8087  MAE: 0.3558  Corr: 0.7347  clm loss: 3.1345 total loss: 4.8668 bn loss: 0.4348 av loss: 0.4531 lb loss: 0.0019 text loss: 0.4728
2026-01-25 22:12:35,255 - MMSA [INFO] - VAL-(msalm) >>  Mult_acc_2: 0.7478  Mult_acc_3: 0.6732  Mult_acc_5: 0.4276  F1_score: 0.7555  MAE: 0.4032  Corr: 0.6433  Loss: 0.4159 
2026-01-25 22:12:44,566 - MMSA [INFO] - TRAIN-(msalm) [1/26/1] >> loss: 0.3732  Mult_acc_2: 0.8012  Mult_acc_3: 0.6908  Mult_acc_5: 0.4364  F1_score: 0.8042  MAE: 0.3543  Corr: 0.7323  clm loss: 3.1033 total loss: 4.8504 bn loss: 0.4374 av loss: 0.4601 lb loss: 0.0019 text loss: 0.476
2026-01-25 22:12:46,302 - MMSA [INFO] - VAL-(msalm) >>  Mult_acc_2: 0.7566  Mult_acc_3: 0.6776  Mult_acc_5: 0.4254  F1_score: 0.7636  MAE: 0.3985  Corr: 0.6524  Loss: 0.4203 
2026-01-25 22:12:54,595 - MMSA [INFO] - TRAIN-(msalm) [2/27/1] >> loss: 0.3663  Mult_acc_2: 0.8136  Mult_acc_3: 0.6944  Mult_acc_5: 0.3918  F1_score: 0.8163  MAE: 0.3546  Corr: 0.7486  clm loss: 3.1154 total loss: 4.8411 bn loss: 0.4281 av loss: 0.461 lb loss: 0.0019 text loss: 0.4696
2026-01-25 22:12:56,390 - MMSA [INFO] - VAL-(msalm) >>  Mult_acc_2: 0.7456  Mult_acc_3: 0.6645  Mult_acc_5: 0.4101  F1_score: 0.7539  MAE: 0.4008  Corr: 0.6584  Loss: 0.4157 
2026-01-25 22:13:05,730 - MMSA [INFO] - TRAIN-(msalm) [1/28/1] >> loss: 0.3539  Mult_acc_2: 0.8136  Mult_acc_3: 0.7149  Mult_acc_5: 0.4525  F1_score: 0.8168  MAE: 0.3387  Corr: 0.7639  clm loss: 3.083 total loss: 4.7604 bn loss: 0.4107 av loss: 0.4489 lb loss: 0.0018 text loss: 0.4633
2026-01-25 22:13:07,493 - MMSA [INFO] - VAL-(msalm) >>  Mult_acc_2: 0.7478  Mult_acc_3: 0.6732  Mult_acc_5: 0.4232  F1_score: 0.7557  MAE: 0.3954  Corr: 0.6607  Loss: 0.4220 
2026-01-25 22:13:15,948 - MMSA [INFO] - TRAIN-(msalm) [2/29/1] >> loss: 0.3598  Mult_acc_2: 0.8034  Mult_acc_3: 0.7069  Mult_acc_5: 0.4627  F1_score: 0.8065  MAE: 0.3399  Corr: 0.7480  clm loss: 3.0894 total loss: 4.7934 bn loss: 0.4172 av loss: 0.4656 lb loss: 0.0017 text loss: 0.4609
2026-01-25 22:13:17,766 - MMSA [INFO] - VAL-(msalm) >>  Mult_acc_2: 0.7281  Mult_acc_3: 0.6513  Mult_acc_5: 0.4123  F1_score: 0.7377  MAE: 0.4059  Corr: 0.6592  Loss: 0.4392 
2026-01-25 22:13:26,032 - MMSA [INFO] - TRAIN-(msalm) [3/30/1] >> loss: 0.3454  Mult_acc_2: 0.8238  Mult_acc_3: 0.7142  Mult_acc_5: 0.4474  F1_score: 0.8269  MAE: 0.3320  Corr: 0.7670  clm loss: 3.0974 total loss: 4.7673 bn loss: 0.4032 av loss: 0.4544 lb loss: 0.0017 text loss: 0.4665
2026-01-25 22:13:27,808 - MMSA [INFO] - VAL-(msalm) >>  Mult_acc_2: 0.7127  Mult_acc_3: 0.6338  Mult_acc_5: 0.3772  F1_score: 0.7240  MAE: 0.4161  Corr: 0.6610  Loss: 0.4421 
2026-01-25 22:13:36,079 - MMSA [INFO] - TRAIN-(msalm) [4/31/1] >> loss: 0.3498  Mult_acc_2: 0.8194  Mult_acc_3: 0.7171  Mult_acc_5: 0.4481  F1_score: 0.8217  MAE: 0.3409  Corr: 0.7616  clm loss: 3.0782 total loss: 4.7361 bn loss: 0.4011 av loss: 0.4583 lb loss: 0.0017 text loss: 0.4484
2026-01-25 22:13:37,806 - MMSA [INFO] - VAL-(msalm) >>  Mult_acc_2: 0.7390  Mult_acc_3: 0.6469  Mult_acc_5: 0.3838  F1_score: 0.7483  MAE: 0.4035  Corr: 0.6644  Loss: 0.4106 
2026-01-25 22:13:47,127 - MMSA [INFO] - TRAIN-(msalm) [1/32/1] >> loss: 0.3442  Mult_acc_2: 0.8297  Mult_acc_3: 0.7076  Mult_acc_5: 0.4554  F1_score: 0.8316  MAE: 0.3333  Corr: 0.7696  clm loss: 3.0505 total loss: 4.6923 bn loss: 0.3971 av loss: 0.4564 lb loss: 0.0016 text loss: 0.4437
2026-01-25 22:13:48,863 - MMSA [INFO] - VAL-(msalm) >>  Mult_acc_2: 0.7675  Mult_acc_3: 0.6711  Mult_acc_5: 0.4167  F1_score: 0.7743  MAE: 0.3896  Corr: 0.6713  Loss: 0.4136 
2026-01-25 22:13:57,200 - MMSA [INFO] - TRAIN-(msalm) [2/33/1] >> loss: 0.3332  Mult_acc_2: 0.8348  Mult_acc_3: 0.7398  Mult_acc_5: 0.4993  F1_score: 0.8374  MAE: 0.3191  Corr: 0.7806  clm loss: 3.0552 total loss: 4.6791 bn loss: 0.3881 av loss: 0.4606 lb loss: 0.0017 text loss: 0.4415
2026-01-25 22:13:58,970 - MMSA [INFO] - VAL-(msalm) >>  Mult_acc_2: 0.7434  Mult_acc_3: 0.6601  Mult_acc_5: 0.4276  F1_score: 0.7526  MAE: 0.3934  Corr: 0.6719  Loss: 0.4229 
2026-01-25 22:14:07,273 - MMSA [INFO] - TRAIN-(msalm) [3/34/1] >> loss: 0.3344  Mult_acc_2: 0.8180  Mult_acc_3: 0.7186  Mult_acc_5: 0.4708  F1_score: 0.8212  MAE: 0.3178  Corr: 0.7865  clm loss: 3.0014 total loss: 4.6025 bn loss: 0.3794 av loss: 0.4517 lb loss: 0.0016 text loss: 0.4353
2026-01-25 22:14:09,003 - MMSA [INFO] - VAL-(msalm) >>  Mult_acc_2: 0.7434  Mult_acc_3: 0.6491  Mult_acc_5: 0.3772  F1_score: 0.7526  MAE: 0.3986  Corr: 0.6707  Loss: 0.4120 
2026-01-25 22:14:17,290 - MMSA [INFO] - TRAIN-(msalm) [4/35/1] >> loss: 0.3344  Mult_acc_2: 0.8173  Mult_acc_3: 0.7230  Mult_acc_5: 0.4678  F1_score: 0.8207  MAE: 0.3199  Corr: 0.7833  clm loss: 3.0018 total loss: 4.5993 bn loss: 0.3809 av loss: 0.4538 lb loss: 0.0015 text loss: 0.428
2026-01-25 22:14:19,082 - MMSA [INFO] - VAL-(msalm) >>  Mult_acc_2: 0.7588  Mult_acc_3: 0.6601  Mult_acc_5: 0.3969  F1_score: 0.7663  MAE: 0.3987  Corr: 0.6715  Loss: 0.4120 
2026-01-25 22:14:27,386 - MMSA [INFO] - TRAIN-(msalm) [5/36/1] >> loss: 0.3268  Mult_acc_2: 0.8165  Mult_acc_3: 0.7230  Mult_acc_5: 0.4883  F1_score: 0.8193  MAE: 0.3147  Corr: 0.7914  clm loss: 2.9832 total loss: 4.5706 bn loss: 0.3696 av loss: 0.4543 lb loss: 0.0016 text loss: 0.4362
2026-01-25 22:14:29,180 - MMSA [INFO] - VAL-(msalm) >>  Mult_acc_2: 0.7632  Mult_acc_3: 0.6513  Mult_acc_5: 0.4079  F1_score: 0.7712  MAE: 0.3930  Corr: 0.6764  Loss: 0.4090 
2026-01-25 22:14:38,684 - MMSA [INFO] - TRAIN-(msalm) [1/37/1] >> loss: 0.3296  Mult_acc_2: 0.8304  Mult_acc_3: 0.7368  Mult_acc_5: 0.4868  F1_score: 0.8333  MAE: 0.3147  Corr: 0.7896  clm loss: 3.0069 total loss: 4.5974 bn loss: 0.3679 av loss: 0.4578 lb loss: 0.0016 text loss: 0.4348
2026-01-25 22:14:40,459 - MMSA [INFO] - VAL-(msalm) >>  Mult_acc_2: 0.7500  Mult_acc_3: 0.6645  Mult_acc_5: 0.4145  F1_score: 0.7588  MAE: 0.3934  Corr: 0.6743  Loss: 0.4104 
2026-01-25 22:14:48,732 - MMSA [INFO] - TRAIN-(msalm) [2/38/1] >> loss: 0.319  Mult_acc_2: 0.8333  Mult_acc_3: 0.7390  Mult_acc_5: 0.5102  F1_score: 0.8361  MAE: 0.3063  Corr: 0.8008  clm loss: 2.9673 total loss: 4.5266 bn loss: 0.368 av loss: 0.4519 lb loss: 0.0015 text loss: 0.4201
2026-01-25 22:14:50,538 - MMSA [INFO] - VAL-(msalm) >>  Mult_acc_2: 0.7632  Mult_acc_3: 0.6623  Mult_acc_5: 0.4013  F1_score: 0.7709  MAE: 0.3976  Corr: 0.6725  Loss: 0.4112 
2026-01-25 22:14:58,869 - MMSA [INFO] - TRAIN-(msalm) [3/39/1] >> loss: 0.3168  Mult_acc_2: 0.8333  Mult_acc_3: 0.7420  Mult_acc_5: 0.4912  F1_score: 0.8361  MAE: 0.3047  Corr: 0.8040  clm loss: 2.9964 total loss: 4.5445 bn loss: 0.3593 av loss: 0.4503 lb loss: 0.0014 text loss: 0.4213
2026-01-25 22:15:00,673 - MMSA [INFO] - VAL-(msalm) >>  Mult_acc_2: 0.7675  Mult_acc_3: 0.6711  Mult_acc_5: 0.4013  F1_score: 0.7746  MAE: 0.3971  Corr: 0.6700  Loss: 0.4084 
2026-01-25 22:15:09,998 - MMSA [INFO] - TRAIN-(msalm) [1/40/1] >> loss: 0.3204  Mult_acc_2: 0.8289  Mult_acc_3: 0.7434  Mult_acc_5: 0.5022  F1_score: 0.8316  MAE: 0.3104  Corr: 0.7970  clm loss: 2.9833 total loss: 4.5454 bn loss: 0.361 av loss: 0.4555 lb loss: 0.0014 text loss: 0.4248
2026-01-25 22:15:11,812 - MMSA [INFO] - VAL-(msalm) >>  Mult_acc_2: 0.7741  Mult_acc_3: 0.6711  Mult_acc_5: 0.4211  F1_score: 0.7804  MAE: 0.3880  Corr: 0.6724  Loss: 0.4062 
2026-01-25 22:15:21,283 - MMSA [INFO] - TRAIN-(msalm) [1/41/1] >> loss: 0.3116  Mult_acc_2: 0.8304  Mult_acc_3: 0.7456  Mult_acc_5: 0.5227  F1_score: 0.8343  MAE: 0.2979  Corr: 0.8055  clm loss: 2.9534 total loss: 4.484 bn loss: 0.3491 av loss: 0.4505 lb loss: 0.0014 text loss: 0.4191
2026-01-25 22:15:23,079 - MMSA [INFO] - VAL-(msalm) >>  Mult_acc_2: 0.7741  Mult_acc_3: 0.6667  Mult_acc_5: 0.4123  F1_score: 0.7804  MAE: 0.3874  Corr: 0.6726  Loss: 0.3971 
2026-01-25 22:15:32,413 - MMSA [INFO] - TRAIN-(msalm) [1/42/1] >> loss: 0.3143  Mult_acc_2: 0.8282  Mult_acc_3: 0.7500  Mult_acc_5: 0.5051  F1_score: 0.8312  MAE: 0.3008  Corr: 0.8036  clm loss: 2.9408 total loss: 4.4532 bn loss: 0.3463 av loss: 0.45 lb loss: 0.0013 text loss: 0.4014
2026-01-25 22:15:34,175 - MMSA [INFO] - VAL-(msalm) >>  Mult_acc_2: 0.7807  Mult_acc_3: 0.6689  Mult_acc_5: 0.3991  F1_score: 0.7854  MAE: 0.3875  Corr: 0.6721  Loss: 0.4106 
2026-01-25 22:15:42,500 - MMSA [INFO] - TRAIN-(msalm) [2/43/1] >> loss: 0.3157  Mult_acc_2: 0.8450  Mult_acc_3: 0.7368  Mult_acc_5: 0.4927  F1_score: 0.8474  MAE: 0.2999  Corr: 0.8093  clm loss: 2.9533 total loss: 4.4775 bn loss: 0.351 av loss: 0.4513 lb loss: 0.0012 text loss: 0.4059
