2026-01-16 22:21:15,756 - MMSA [INFO] - ======================================== Program Start ========================================
2026-01-16 22:21:15,819 - MMSA [INFO] - Running with args:
2026-01-16 22:21:15,819 - MMSA [INFO] - {'model_name': 'msalm', 'dataset_name': 'mosei', 'featurePath': '/leonardo_work/EUHPC_A04_051/alexfil/MSA-Datasets/CMU-MOSEI/Processed/unaligned_50.pkl', 'seq_lens': [50, 500, 375], 'feature_dims': [768, 74, 35], 'train_samples': 16326, 'num_classes': 3, 'language': 'en', 'KeyEval': 'Loss', 'missing_rate': [0.0, 0.0, 0.0], 'missing_seed': [1111, 1111, 1111], 'need_data_aligned': False, 'need_model_aligned': False, 'early_stop': 10, 'use_bert': False, 'use_bert_finetune': False, 'attn_mask': True, 'excludeZero': True, 'update_epochs': 8, 'use_augmentation': False, 'use_m3xup': False, 'hfPath': False, 'use_ulgm': False, 'update_labels_patience': 1, 'H': 3.0, 'del_model': True, 'max_token_len': 50, 'pad_token': '<|endoftext|>', 'lm': '/leonardo_work/EUHPC_A04_051/alexfil/gpt2-large', 'use_bf16': False, 'task_out': 1, 'use_clm': True, 'gamma': 1.0, 'l_bn': 1.0, 'l_av': 1.0, 'l_t': 1.0, 'warmup_epochs': 1, 'max_epochs': 20, 'beta_1': 0.9, 'beta_2': 0.95, 'use_lnorm': True, 'rescale': False, 'rescaler': 'sqrt', 'use_seqaug': True, 'n_bn_fusion': 12, 'modded_loss': True, 'embedding_attr_name': 'transformer.wte', 'decoder_layers_attr_name': 'transformer.h', 'mmgpt': {'type': 'gpt2', 'd_out': 64, 'combine': True, 'dropout': 0.1, 'mm_layer': [7, 14, 21, 28, 35], 'top_k': 1, 'layer_dropout': 0.0, 'dense': True, 'tie_ffn': True, 'n_embd': 1280, 'bias': True, 'kv_dim': 30, 'n_head': 16, 'd_mm': 1280, 'gating': 'sigmoid', 'init_gate': [0.0, 0.0, 0.0, 0.0, 0.0, 0.0, 0.0, 0.0, 0.0, 0.0], 'use_softperm': True, 'p_perm': 0.3, 'p_apply': 0.25, 'use_lora': False, 'lora': {'lora_alpha': 128, 'r': 64, 'lora_dropout': 0.05}}, 'av_enc': {'finetune': True, 'from_pretrained': True, 'path_to_pretrained': '/leonardo_work/EUHPC_A04_051/alexfil/DeepMLF-Reprod/checkpoints/bienc-mosei-1990/bienc-mosei-1990.pth', 'feature_dims': [768, 74, 35], 'd_enc': 30, 'n_embd': 30, 'n_head': 6, 'nlevels': 3, 'd_enc_out': 30, 'maxlen': 50, 'p_mask': 0.15, 'enc_attn_dropout': 0.1, 'enc_res_dropout': 0.1, 'enc_dropout': 0.1, 'use_softperm': True, 'p_perm': 0.2, 'mask_perm_ratio': 0.5, 'tf_fusion': False, 'use_bn': False, 'use_ln': False}, 'gpt': {'vocab_size': 50257, 'block_size': 1024, 'bias': True, 'n_embd': 1024, 'n_layer': 24, 'n_head': 16, 'dropout': 0.0}, 'batch_size': 32, 'grad_clip': 5.0, 'patience': 10, 'weight_decay_mmgpt': 0.1, 'weight_decay_av': 0.1, 'learning_rate_av': 0.0001, 'learning_rate_mmgpt': 0.0001, 'device': device(type='cuda', index=0), 'train_mode': 'regression', 'custom_feature': None, 'feature_T': '', 'feature_A': '', 'feature_V': ''}
2026-01-16 22:21:15,819 - MMSA [INFO] - Seeds: [1990, 1991, 1992, 1993, 1994]
2026-01-16 22:21:15,820 - MMSA [INFO] - ------------------------------ Running with seed 1990 [1/5] ------------------------------
2026-01-16 22:32:40,659 - MMSA [INFO] - The model has 914780556 trainable parameters
2026-01-16 22:37:09,867 - MMSA [INFO] - TRAIN-(msalm) [1/1/1] >> loss: 0.7721  Has0_acc_2: 0.6928  Has0_F1_score: 0.6984  Non0_acc_2: 0.7028  Non0_F1_score: 0.6986  Mult_acc_5: 0.4220  Mult_acc_7: 0.4209  MAE: 0.7728  Corr: 0.4274  clm loss: 4.245 total loss: 7.6015 bn loss: 0.8351 av loss: 0.8647 text loss: 0.8846
2026-01-16 22:37:18,744 - MMSA [INFO] - VAL-(msalm) >>  Has0_acc_2: 0.7814  Has0_F1_score: 0.7843  Non0_acc_2: 0.7928  Non0_F1_score: 0.7892  Mult_acc_5: 0.4837  Mult_acc_7: 0.4789  MAE: 0.6252  Corr: 0.6267  Loss: 0.6252 
2026-01-16 22:41:49,692 - MMSA [INFO] - TRAIN-(msalm) [1/2/1] >> loss: 0.6106  Has0_acc_2: 0.7774  Has0_F1_score: 0.7841  Non0_acc_2: 0.8178  Non0_F1_score: 0.8176  Mult_acc_5: 0.5025  Mult_acc_7: 0.4896  MAE: 0.6104  Corr: 0.6988  clm loss: 3.7611 total loss: 6.4957 bn loss: 0.6395 av loss: 0.8056 text loss: 0.6788
2026-01-16 22:41:58,108 - MMSA [INFO] - VAL-(msalm) >>  Has0_acc_2: 0.8306  Has0_F1_score: 0.8336  Non0_acc_2: 0.8574  Non0_F1_score: 0.8557  Mult_acc_5: 0.5521  Mult_acc_7: 0.5393  MAE: 0.5244  Corr: 0.7456  Loss: 0.5235 
2026-01-16 22:46:27,078 - MMSA [INFO] - TRAIN-(msalm) [1/3/1] >> loss: 0.5343  Has0_acc_2: 0.8115  Has0_F1_score: 0.8167  Non0_acc_2: 0.8563  Non0_F1_score: 0.8560  Mult_acc_5: 0.5605  Mult_acc_7: 0.5412  MAE: 0.5345  Corr: 0.7722  clm loss: 3.6102 total loss: 6.06 bn loss: 0.537 av loss: 0.7976 text loss: 0.5808
2026-01-16 22:46:35,578 - MMSA [INFO] - VAL-(msalm) >>  Has0_acc_2: 0.8327  Has0_F1_score: 0.8376  Non0_acc_2: 0.8644  Non0_F1_score: 0.8644  Mult_acc_5: 0.5660  Mult_acc_7: 0.5505  MAE: 0.5019  Corr: 0.7630  Loss: 0.5033 
2026-01-16 22:51:06,759 - MMSA [INFO] - TRAIN-(msalm) [1/4/1] >> loss: 0.5028  Has0_acc_2: 0.8210  Has0_F1_score: 0.8260  Non0_acc_2: 0.8686  Non0_F1_score: 0.8683  Mult_acc_5: 0.5842  Mult_acc_7: 0.5622  MAE: 0.5027  Corr: 0.7994  clm loss: 3.5481 total loss: 5.8849 bn loss: 0.5034 av loss: 0.7955 text loss: 0.5351
2026-01-16 22:51:15,013 - MMSA [INFO] - VAL-(msalm) >>  Has0_acc_2: 0.8343  Has0_F1_score: 0.8384  Non0_acc_2: 0.8630  Non0_F1_score: 0.8624  Mult_acc_5: 0.5842  Mult_acc_7: 0.5671  MAE: 0.4891  Corr: 0.7814  Loss: 0.4879 
2026-01-16 22:55:43,483 - MMSA [INFO] - TRAIN-(msalm) [1/5/1] >> loss: 0.472  Has0_acc_2: 0.8331  Has0_F1_score: 0.8379  Non0_acc_2: 0.8861  Non0_F1_score: 0.8859  Mult_acc_5: 0.6095  Mult_acc_7: 0.5871  MAE: 0.4721  Corr: 0.8241  clm loss: 3.4792 total loss: 5.7142 bn loss: 0.4768 av loss: 0.7917 text loss: 0.4945
2026-01-16 22:55:51,716 - MMSA [INFO] - VAL-(msalm) >>  Has0_acc_2: 0.8076  Has0_F1_score: 0.8155  Non0_acc_2: 0.8581  Non0_F1_score: 0.8591  Mult_acc_5: 0.5767  Mult_acc_7: 0.5623  MAE: 0.4982  Corr: 0.7771  Loss: 0.4978 
2026-01-16 23:00:17,795 - MMSA [INFO] - TRAIN-(msalm) [2/6/1] >> loss: 0.4487  Has0_acc_2: 0.8371  Has0_F1_score: 0.8420  Non0_acc_2: 0.8947  Non0_F1_score: 0.8946  Mult_acc_5: 0.6250  Mult_acc_7: 0.6008  MAE: 0.4490  Corr: 0.8408  clm loss: 3.4441 total loss: 5.6023 bn loss: 0.4549 av loss: 0.7909 text loss: 0.4637
2026-01-16 23:00:26,084 - MMSA [INFO] - VAL-(msalm) >>  Has0_acc_2: 0.8252  Has0_F1_score: 0.8310  Non0_acc_2: 0.8658  Non0_F1_score: 0.8659  Mult_acc_5: 0.5671  Mult_acc_7: 0.5500  MAE: 0.4918  Corr: 0.7785  Loss: 0.4921 
2026-01-16 23:04:49,849 - MMSA [INFO] - TRAIN-(msalm) [3/7/1] >> loss: 0.4225  Has0_acc_2: 0.8485  Has0_F1_score: 0.8528  Non0_acc_2: 0.9079  Non0_F1_score: 0.9077  Mult_acc_5: 0.6469  Mult_acc_7: 0.6219  MAE: 0.4224  Corr: 0.8596  clm loss: 3.4139 total loss: 5.4925 bn loss: 0.4324 av loss: 0.7895 text loss: 0.4342
2026-01-16 23:04:58,288 - MMSA [INFO] - VAL-(msalm) >>  Has0_acc_2: 0.8204  Has0_F1_score: 0.8265  Non0_acc_2: 0.8567  Non0_F1_score: 0.8571  Mult_acc_5: 0.5740  Mult_acc_7: 0.5559  MAE: 0.4924  Corr: 0.7816  Loss: 0.4931 
2026-01-16 23:09:23,375 - MMSA [INFO] - TRAIN-(msalm) [4/8/1] >> loss: 0.4034  Has0_acc_2: 0.8473  Has0_F1_score: 0.8520  Non0_acc_2: 0.9124  Non0_F1_score: 0.9123  Mult_acc_5: 0.6601  Mult_acc_7: 0.6363  MAE: 0.4032  Corr: 0.8729  clm loss: 3.3868 total loss: 5.4004 bn loss: 0.4136 av loss: 0.7894 text loss: 0.4072
2026-01-16 23:09:31,514 - MMSA [INFO] - VAL-(msalm) >>  Has0_acc_2: 0.8322  Has0_F1_score: 0.8365  Non0_acc_2: 0.8630  Non0_F1_score: 0.8625  Mult_acc_5: 0.5762  Mult_acc_7: 0.5601  MAE: 0.4932  Corr: 0.7782  Loss: 0.4939 
2026-01-16 23:13:55,450 - MMSA [INFO] - TRAIN-(msalm) [5/9/1] >> loss: 0.3859  Has0_acc_2: 0.8588  Has0_F1_score: 0.8629  Non0_acc_2: 0.9235  Non0_F1_score: 0.9234  Mult_acc_5: 0.6783  Mult_acc_7: 0.6540  MAE: 0.3855  Corr: 0.8831  clm loss: 3.3618 total loss: 5.315 bn loss: 0.3945 av loss: 0.7888 text loss: 0.384
2026-01-16 23:14:03,920 - MMSA [INFO] - VAL-(msalm) >>  Has0_acc_2: 0.8365  Has0_F1_score: 0.8386  Non0_acc_2: 0.8602  Non0_F1_score: 0.8580  Mult_acc_5: 0.5575  Mult_acc_7: 0.5387  MAE: 0.5262  Corr: 0.7736  Loss: 0.5284 
2026-01-16 23:18:30,628 - MMSA [INFO] - TRAIN-(msalm) [6/10/1] >> loss: 0.3662  Has0_acc_2: 0.8596  Has0_F1_score: 0.8639  Non0_acc_2: 0.9252  Non0_F1_score: 0.9251  Mult_acc_5: 0.7037  Mult_acc_7: 0.6792  MAE: 0.3659  Corr: 0.8925  clm loss: 3.3413 total loss: 5.2417 bn loss: 0.3791 av loss: 0.7873 text loss: 0.3678
2026-01-16 23:18:38,781 - MMSA [INFO] - VAL-(msalm) >>  Has0_acc_2: 0.8108  Has0_F1_score: 0.8185  Non0_acc_2: 0.8574  Non0_F1_score: 0.8584  Mult_acc_5: 0.5783  Mult_acc_7: 0.5607  MAE: 0.4943  Corr: 0.7776  Loss: 0.4952 
2026-01-16 23:23:03,942 - MMSA [INFO] - TRAIN-(msalm) [7/11/1] >> loss: 0.351  Has0_acc_2: 0.8601  Has0_F1_score: 0.8647  Non0_acc_2: 0.9342  Non0_F1_score: 0.9342  Mult_acc_5: 0.7140  Mult_acc_7: 0.6908  MAE: 0.3509  Corr: 0.8998  clm loss: 3.3238 total loss: 5.1718 bn loss: 0.3634 av loss: 0.787 text loss: 0.3466
2026-01-16 23:23:12,261 - MMSA [INFO] - VAL-(msalm) >>  Has0_acc_2: 0.8226  Has0_F1_score: 0.8289  Non0_acc_2: 0.8616  Non0_F1_score: 0.8622  Mult_acc_5: 0.5810  Mult_acc_7: 0.5649  MAE: 0.4999  Corr: 0.7762  Loss: 0.5002 
2026-01-16 23:27:38,820 - MMSA [INFO] - TRAIN-(msalm) [8/12/1] >> loss: 0.3408  Has0_acc_2: 0.8621  Has0_F1_score: 0.8664  Non0_acc_2: 0.9336  Non0_F1_score: 0.9335  Mult_acc_5: 0.7210  Mult_acc_7: 0.6969  MAE: 0.3411  Corr: 0.9080  clm loss: 3.3077 total loss: 5.1102 bn loss: 0.347 av loss: 0.7862 text loss: 0.3283
2026-01-16 23:27:47,099 - MMSA [INFO] - VAL-(msalm) >>  Has0_acc_2: 0.8327  Has0_F1_score: 0.8370  Non0_acc_2: 0.8637  Non0_F1_score: 0.8631  Mult_acc_5: 0.5756  Mult_acc_7: 0.5591  MAE: 0.5010  Corr: 0.7729  Loss: 0.5008 
2026-01-16 23:32:12,889 - MMSA [INFO] - TRAIN-(msalm) [9/13/1] >> loss: 0.3238  Has0_acc_2: 0.8635  Has0_F1_score: 0.8680  Non0_acc_2: 0.9414  Non0_F1_score: 0.9414  Mult_acc_5: 0.7334  Mult_acc_7: 0.7078  MAE: 0.3236  Corr: 0.9169  clm loss: 3.2922 total loss: 5.0539 bn loss: 0.3373 av loss: 0.7859 text loss: 0.3147
2026-01-16 23:32:21,133 - MMSA [INFO] - VAL-(msalm) >>  Has0_acc_2: 0.8231  Has0_F1_score: 0.8293  Non0_acc_2: 0.8561  Non0_F1_score: 0.8568  Mult_acc_5: 0.5730  Mult_acc_7: 0.5569  MAE: 0.4991  Corr: 0.7748  Loss: 0.4996 
2026-01-16 23:36:47,396 - MMSA [INFO] - TRAIN-(msalm) [10/14/1] >> loss: 0.3183  Has0_acc_2: 0.8701  Has0_F1_score: 0.8744  Non0_acc_2: 0.9470  Non0_F1_score: 0.9470  Mult_acc_5: 0.7453  Mult_acc_7: 0.7203  MAE: 0.3170  Corr: 0.9202  clm loss: 3.2805 total loss: 5.0188 bn loss: 0.3271 av loss: 0.7861 text loss: 0.3068
2026-01-16 23:36:55,821 - MMSA [INFO] - VAL-(msalm) >>  Has0_acc_2: 0.8503  Has0_F1_score: 0.8528  Non0_acc_2: 0.8693  Non0_F1_score: 0.8682  Mult_acc_5: 0.5660  Mult_acc_7: 0.5484  MAE: 0.5164  Corr: 0.7717  Loss: 0.5155 
2026-01-16 23:37:15,992 - MMSA [INFO] - TEST-(msalm) >>  Has0_acc_2: 0.8298  Has0_F1_score: 0.8337  Non0_acc_2: 0.8632  Non0_F1_score: 0.8628  Mult_acc_5: 0.5737  Mult_acc_7: 0.5538  MAE: 0.5083  Corr: 0.8013  Loss: 0.5079 
2026-01-16 23:37:18,037 - MMSA [INFO] - Result for seed 1990: {'Has0_acc_2': 0.8298, 'Has0_F1_score': 0.8337, 'Non0_acc_2': 0.8632, 'Non0_F1_score': 0.8628, 'Mult_acc_5': 0.5737, 'Mult_acc_7': 0.5538, 'MAE': 0.5083, 'Corr': 0.8013, 'Loss': 0.5079, 'seed': 1990}
2026-01-16 23:37:18,038 - MMSA [INFO] - ------------------------------ Running with seed 1991 [2/5] ------------------------------
2026-01-16 23:48:56,357 - MMSA [INFO] - The model has 914780556 trainable parameters
2026-01-16 23:53:25,768 - MMSA [INFO] - TRAIN-(msalm) [1/1/2] >> loss: 0.795  Has0_acc_2: 0.7051  Has0_F1_score: 0.6984  Non0_acc_2: 0.6934  Non0_F1_score: 0.6772  Mult_acc_5: 0.4030  Mult_acc_7: 0.4018  MAE: 0.7948  Corr: 0.3884  clm loss: 4.2536 total loss: 7.6762 bn loss: 0.8695 av loss: 0.8454 text loss: 0.9127
2026-01-16 23:53:34,394 - MMSA [INFO] - VAL-(msalm) >>  Has0_acc_2: 0.7734  Has0_F1_score: 0.7781  Non0_acc_2: 0.7893  Non0_F1_score: 0.7869  Mult_acc_5: 0.4789  Mult_acc_7: 0.4698  MAE: 0.6322  Corr: 0.6224  Loss: 0.6329 
2026-01-16 23:58:06,846 - MMSA [INFO] - TRAIN-(msalm) [1/2/2] >> loss: 0.61  Has0_acc_2: 0.7874  Has0_F1_score: 0.7924  Non0_acc_2: 0.8176  Non0_F1_score: 0.8166  Mult_acc_5: 0.4997  Mult_acc_7: 0.4867  MAE: 0.6100  Corr: 0.6984  clm loss: 3.7657 total loss: 6.505 bn loss: 0.6445 av loss: 0.8075 text loss: 0.6774
2026-01-16 23:58:15,592 - MMSA [INFO] - VAL-(msalm) >>  Has0_acc_2: 0.8028  Has0_F1_score: 0.8107  Non0_acc_2: 0.8561  Non0_F1_score: 0.8566  Mult_acc_5: 0.5521  Mult_acc_7: 0.5387  MAE: 0.5245  Corr: 0.7381  Loss: 0.5254 
2026-01-17 00:02:46,081 - MMSA [INFO] - TRAIN-(msalm) [1/3/2] >> loss: 0.5349  Has0_acc_2: 0.8167  Has0_F1_score: 0.8219  Non0_acc_2: 0.8602  Non0_F1_score: 0.8601  Mult_acc_5: 0.5603  Mult_acc_7: 0.5407  MAE: 0.5352  Corr: 0.7708  clm loss: 3.6135 total loss: 6.0677 bn loss: 0.5402 av loss: 0.7989 text loss: 0.5802
2026-01-17 00:02:54,605 - MMSA [INFO] - VAL-(msalm) >>  Has0_acc_2: 0.8215  Has0_F1_score: 0.8282  Non0_acc_2: 0.8644  Non0_F1_score: 0.8651  Mult_acc_5: 0.5665  Mult_acc_7: 0.5505  MAE: 0.4989  Corr: 0.7669  Loss: 0.4989 
2026-01-17 00:07:27,565 - MMSA [INFO] - TRAIN-(msalm) [1/4/2] >> loss: 0.4978  Has0_acc_2: 0.8284  Has0_F1_score: 0.8333  Non0_acc_2: 0.8771  Non0_F1_score: 0.8769  Mult_acc_5: 0.5854  Mult_acc_7: 0.5640  MAE: 0.4982  Corr: 0.8030  clm loss: 3.532 total loss: 5.8584 bn loss: 0.5043 av loss: 0.7947 text loss: 0.5296
2026-01-17 00:07:36,455 - MMSA [INFO] - VAL-(msalm) >>  Has0_acc_2: 0.8279  Has0_F1_score: 0.8329  Non0_acc_2: 0.8679  Non0_F1_score: 0.8673  Mult_acc_5: 0.5804  Mult_acc_7: 0.5649  MAE: 0.4897  Corr: 0.7745  Loss: 0.4886 
2026-01-17 00:12:08,302 - MMSA [INFO] - TRAIN-(msalm) [1/5/2] >> loss: 0.4722  Has0_acc_2: 0.8330  Has0_F1_score: 0.8379  Non0_acc_2: 0.8853  Non0_F1_score: 0.8851  Mult_acc_5: 0.6109  Mult_acc_7: 0.5866  MAE: 0.4723  Corr: 0.8240  clm loss: 3.4845 total loss: 5.7191 bn loss: 0.478 av loss: 0.7931 text loss: 0.4913
2026-01-17 00:12:16,914 - MMSA [INFO] - VAL-(msalm) >>  Has0_acc_2: 0.8439  Has0_F1_score: 0.8478  Non0_acc_2: 0.8720  Non0_F1_score: 0.8716  Mult_acc_5: 0.5767  Mult_acc_7: 0.5596  MAE: 0.4915  Corr: 0.7772  Loss: 0.4910 
2026-01-17 00:16:45,370 - MMSA [INFO] - TRAIN-(msalm) [2/6/2] >> loss: 0.4465  Has0_acc_2: 0.8400  Has0_F1_score: 0.8447  Non0_acc_2: 0.8965  Non0_F1_score: 0.8964  Mult_acc_5: 0.6295  Mult_acc_7: 0.6068  MAE: 0.4465  Corr: 0.8406  clm loss: 3.4323 total loss: 5.5827 bn loss: 0.4528 av loss: 0.7913 text loss: 0.4598
2026-01-17 00:16:53,935 - MMSA [INFO] - VAL-(msalm) >>  Has0_acc_2: 0.8215  Has0_F1_score: 0.8273  Non0_acc_2: 0.8595  Non0_F1_score: 0.8596  Mult_acc_5: 0.5772  Mult_acc_7: 0.5623  MAE: 0.4888  Corr: 0.7749  Loss: 0.4895 
2026-01-17 00:21:20,606 - MMSA [INFO] - TRAIN-(msalm) [3/7/2] >> loss: 0.42  Has0_acc_2: 0.8464  Has0_F1_score: 0.8509  Non0_acc_2: 0.9060  Non0_F1_score: 0.9059  Mult_acc_5: 0.6529  Mult_acc_7: 0.6297  MAE: 0.4196  Corr: 0.8595  clm loss: 3.4064 total loss: 5.4756 bn loss: 0.4318 av loss: 0.7898 text loss: 0.4276
2026-01-17 00:21:29,660 - MMSA [INFO] - VAL-(msalm) >>  Has0_acc_2: 0.7948  Has0_F1_score: 0.8044  Non0_acc_2: 0.8491  Non0_F1_score: 0.8509  Mult_acc_5: 0.5799  Mult_acc_7: 0.5655  MAE: 0.4969  Corr: 0.7780  Loss: 0.4970 
2026-01-17 00:25:58,013 - MMSA [INFO] - TRAIN-(msalm) [4/8/2] >> loss: 0.4006  Has0_acc_2: 0.8491  Has0_F1_score: 0.8538  Non0_acc_2: 0.9115  Non0_F1_score: 0.9115  Mult_acc_5: 0.6698  Mult_acc_7: 0.6454  MAE: 0.4005  Corr: 0.8718  clm loss: 3.3811 total loss: 5.381 bn loss: 0.4097 av loss: 0.788 text loss: 0.4016
2026-01-17 00:26:06,656 - MMSA [INFO] - VAL-(msalm) >>  Has0_acc_2: 0.8370  Has0_F1_score: 0.8405  Non0_acc_2: 0.8637  Non0_F1_score: 0.8627  Mult_acc_5: 0.5671  Mult_acc_7: 0.5510  MAE: 0.4998  Corr: 0.7714  Loss: 0.4992 
2026-01-17 00:30:34,385 - MMSA [INFO] - TRAIN-(msalm) [5/9/2] >> loss: 0.3821  Has0_acc_2: 0.8537  Has0_F1_score: 0.8584  Non0_acc_2: 0.9204  Non0_F1_score: 0.9204  Mult_acc_5: 0.6853  Mult_acc_7: 0.6596  MAE: 0.3820  Corr: 0.8838  clm loss: 3.3578 total loss: 5.2972 bn loss: 0.3914 av loss: 0.7877 text loss: 0.3781
2026-01-17 00:30:43,052 - MMSA [INFO] - VAL-(msalm) >>  Has0_acc_2: 0.8199  Has0_F1_score: 0.8264  Non0_acc_2: 0.8602  Non0_F1_score: 0.8607  Mult_acc_5: 0.5724  Mult_acc_7: 0.5569  MAE: 0.4989  Corr: 0.7717  Loss: 0.4993 
2026-01-17 00:35:10,962 - MMSA [INFO] - TRAIN-(msalm) [6/10/2] >> loss: 0.3575  Has0_acc_2: 0.8603  Has0_F1_score: 0.8648  Non0_acc_2: 0.9305  Non0_F1_score: 0.9306  Mult_acc_5: 0.7012  Mult_acc_7: 0.6763  MAE: 0.3576  Corr: 0.8991  clm loss: 3.3347 total loss: 5.2058 bn loss: 0.3717 av loss: 0.7868 text loss: 0.3551
2026-01-17 00:35:19,486 - MMSA [INFO] - VAL-(msalm) >>  Has0_acc_2: 0.8076  Has0_F1_score: 0.8156  Non0_acc_2: 0.8526  Non0_F1_score: 0.8538  Mult_acc_5: 0.5740  Mult_acc_7: 0.5607  MAE: 0.4998  Corr: 0.7707  Loss: 0.4989 
2026-01-17 00:39:47,802 - MMSA [INFO] - TRAIN-(msalm) [7/11/2] >> loss: 0.3441  Has0_acc_2: 0.8621  Has0_F1_score: 0.8665  Non0_acc_2: 0.9352  Non0_F1_score: 0.9351  Mult_acc_5: 0.7155  Mult_acc_7: 0.6905  MAE: 0.3443  Corr: 0.9070  clm loss: 3.3066 total loss: 5.1226 bn loss: 0.3526 av loss: 0.7861 text loss: 0.3333
2026-01-17 00:39:56,505 - MMSA [INFO] - VAL-(msalm) >>  Has0_acc_2: 0.8103  Has0_F1_score: 0.8182  Non0_acc_2: 0.8547  Non0_F1_score: 0.8560  Mult_acc_5: 0.5751  Mult_acc_7: 0.5591  MAE: 0.5044  Corr: 0.7687  Loss: 0.5047 
2026-01-17 00:44:24,874 - MMSA [INFO] - TRAIN-(msalm) [8/12/2] >> loss: 0.3361  Has0_acc_2: 0.8656  Has0_F1_score: 0.8698  Non0_acc_2: 0.9371  Non0_F1_score: 0.9370  Mult_acc_5: 0.7264  Mult_acc_7: 0.7019  MAE: 0.3362  Corr: 0.9111  clm loss: 3.2911 total loss: 5.08 bn loss: 0.3435 av loss: 0.7861 text loss: 0.3232
2026-01-17 00:44:33,796 - MMSA [INFO] - VAL-(msalm) >>  Has0_acc_2: 0.7942  Has0_F1_score: 0.8040  Non0_acc_2: 0.8470  Non0_F1_score: 0.8490  Mult_acc_5: 0.5708  Mult_acc_7: 0.5559  MAE: 0.5032  Corr: 0.7726  Loss: 0.5015 
2026-01-17 00:49:02,285 - MMSA [INFO] - TRAIN-(msalm) [9/13/2] >> loss: 0.3266  Has0_acc_2: 0.8646  Has0_F1_score: 0.8691  Non0_acc_2: 0.9418  Non0_F1_score: 0.9418  Mult_acc_5: 0.7371  Mult_acc_7: 0.7129  MAE: 0.3262  Corr: 0.9139  clm loss: 3.2918 total loss: 5.0528 bn loss: 0.3356 av loss: 0.7851 text loss: 0.3138
2026-01-17 00:49:10,921 - MMSA [INFO] - VAL-(msalm) >>  Has0_acc_2: 0.7798  Has0_F1_score: 0.7906  Non0_acc_2: 0.8373  Non0_F1_score: 0.8395  Mult_acc_5: 0.5639  Mult_acc_7: 0.5500  MAE: 0.5108  Corr: 0.7652  Loss: 0.5115 
2026-01-17 00:53:36,675 - MMSA [INFO] - TRAIN-(msalm) [10/14/2] >> loss: 0.3095  Has0_acc_2: 0.8678  Has0_F1_score: 0.8720  Non0_acc_2: 0.9446  Non0_F1_score: 0.9446  Mult_acc_5: 0.7497  Mult_acc_7: 0.7266  MAE: 0.3095  Corr: 0.9237  clm loss: 3.2799 total loss: 4.9965 bn loss: 0.3232 av loss: 0.7845 text loss: 0.2994
2026-01-17 00:53:45,295 - MMSA [INFO] - VAL-(msalm) >>  Has0_acc_2: 0.8108  Has0_F1_score: 0.8180  Non0_acc_2: 0.8505  Non0_F1_score: 0.8513  Mult_acc_5: 0.5831  Mult_acc_7: 0.5671  MAE: 0.5056  Corr: 0.7663  Loss: 0.5037 
2026-01-17 00:54:06,895 - MMSA [INFO] - TEST-(msalm) >>  Has0_acc_2: 0.8246  Has0_F1_score: 0.8291  Non0_acc_2: 0.8624  Non0_F1_score: 0.8621  Mult_acc_5: 0.5677  Mult_acc_7: 0.5501  MAE: 0.5067  Corr: 0.7941  Loss: 0.5068 
2026-01-17 00:54:09,327 - MMSA [INFO] - Result for seed 1991: {'Has0_acc_2': 0.8246, 'Has0_F1_score': 0.8291, 'Non0_acc_2': 0.8624, 'Non0_F1_score': 0.8621, 'Mult_acc_5': 0.5677, 'Mult_acc_7': 0.5501, 'MAE': 0.5067, 'Corr': 0.7941, 'Loss': 0.5068, 'seed': 1991}
2026-01-17 00:54:09,329 - MMSA [INFO] - ------------------------------ Running with seed 1992 [3/5] ------------------------------
2026-01-17 01:05:39,178 - MMSA [INFO] - The model has 914780556 trainable parameters
2026-01-17 01:10:06,473 - MMSA [INFO] - TRAIN-(msalm) [1/1/3] >> loss: 0.7753  Has0_acc_2: 0.6738  Has0_F1_score: 0.6855  Non0_acc_2: 0.6947  Non0_F1_score: 0.6961  Mult_acc_5: 0.4167  Mult_acc_7: 0.4146  MAE: 0.7754  Corr: 0.4334  clm loss: 4.2535 total loss: 7.6202 bn loss: 0.8514 av loss: 0.8533 text loss: 0.8866
2026-01-17 01:10:15,053 - MMSA [INFO] - VAL-(msalm) >>  Has0_acc_2: 0.7696  Has0_F1_score: 0.7786  Non0_acc_2: 0.8025  Non0_F1_score: 0.8035  Mult_acc_5: 0.4730  Mult_acc_7: 0.4645  MAE: 0.6232  Corr: 0.6315  Loss: 0.6210 
2026-01-17 01:14:45,280 - MMSA [INFO] - TRAIN-(msalm) [1/2/3] >> loss: 0.6024  Has0_acc_2: 0.7884  Has0_F1_score: 0.7949  Non0_acc_2: 0.8292  Non0_F1_score: 0.8293  Mult_acc_5: 0.5064  Mult_acc_7: 0.4915  MAE: 0.6024  Corr: 0.7059  clm loss: 3.7513 total loss: 6.4736 bn loss: 0.6328 av loss: 0.8112 text loss: 0.676
2026-01-17 01:14:54,080 - MMSA [INFO] - VAL-(msalm) >>  Has0_acc_2: 0.8076  Has0_F1_score: 0.8151  Non0_acc_2: 0.8470  Non0_F1_score: 0.8480  Mult_acc_5: 0.5585  Mult_acc_7: 0.5414  MAE: 0.5253  Corr: 0.7396  Loss: 0.5239 
2026-01-17 01:19:25,644 - MMSA [INFO] - TRAIN-(msalm) [1/3/3] >> loss: 0.537  Has0_acc_2: 0.8083  Has0_F1_score: 0.8141  Non0_acc_2: 0.8541  Non0_F1_score: 0.8541  Mult_acc_5: 0.5614  Mult_acc_7: 0.5399  MAE: 0.5369  Corr: 0.7709  clm loss: 3.6197 total loss: 6.076 bn loss: 0.5388 av loss: 0.8013 text loss: 0.5792
2026-01-17 01:19:34,291 - MMSA [INFO] - VAL-(msalm) >>  Has0_acc_2: 0.8113  Has0_F1_score: 0.8195  Non0_acc_2: 0.8581  Non0_F1_score: 0.8596  Mult_acc_5: 0.5746  Mult_acc_7: 0.5580  MAE: 0.5035  Corr: 0.7742  Loss: 0.5029 
2026-01-17 01:24:04,427 - MMSA [INFO] - TRAIN-(msalm) [1/4/3] >> loss: 0.4984  Has0_acc_2: 0.8262  Has0_F1_score: 0.8313  Non0_acc_2: 0.8760  Non0_F1_score: 0.8759  Mult_acc_5: 0.5891  Mult_acc_7: 0.5674  MAE: 0.4981  Corr: 0.8043  clm loss: 3.5317 total loss: 5.8603 bn loss: 0.5001 av loss: 0.7987 text loss: 0.5314
2026-01-17 01:24:12,900 - MMSA [INFO] - VAL-(msalm) >>  Has0_acc_2: 0.7787  Has0_F1_score: 0.7901  Non0_acc_2: 0.8421  Non0_F1_score: 0.8446  Mult_acc_5: 0.5628  Mult_acc_7: 0.5500  MAE: 0.5073  Corr: 0.7760  Loss: 0.5076 
2026-01-17 01:28:38,079 - MMSA [INFO] - TRAIN-(msalm) [2/5/3] >> loss: 0.4728  Has0_acc_2: 0.8363  Has0_F1_score: 0.8410  Non0_acc_2: 0.8855  Non0_F1_score: 0.8854  Mult_acc_5: 0.6073  Mult_acc_7: 0.5840  MAE: 0.4727  Corr: 0.8234  clm loss: 3.4764 total loss: 5.7148 bn loss: 0.4764 av loss: 0.7951 text loss: 0.4942
2026-01-17 01:28:46,744 - MMSA [INFO] - VAL-(msalm) >>  Has0_acc_2: 0.8226  Has0_F1_score: 0.8291  Non0_acc_2: 0.8623  Non0_F1_score: 0.8631  Mult_acc_5: 0.5794  Mult_acc_7: 0.5633  MAE: 0.4980  Corr: 0.7738  Loss: 0.4969 
2026-01-17 01:33:16,767 - MMSA [INFO] - TRAIN-(msalm) [1/6/3] >> loss: 0.4449  Has0_acc_2: 0.8411  Has0_F1_score: 0.8458  Non0_acc_2: 0.8964  Non0_F1_score: 0.8964  Mult_acc_5: 0.6316  Mult_acc_7: 0.6084  MAE: 0.4448  Corr: 0.8439  clm loss: 3.4397 total loss: 5.5935 bn loss: 0.4524 av loss: 0.7952 text loss: 0.4614
2026-01-17 01:33:25,297 - MMSA [INFO] - VAL-(msalm) >>  Has0_acc_2: 0.8386  Has0_F1_score: 0.8431  Non0_acc_2: 0.8679  Non0_F1_score: 0.8678  Mult_acc_5: 0.5703  Mult_acc_7: 0.5526  MAE: 0.4932  Corr: 0.7809  Loss: 0.4936 
2026-01-17 01:37:57,325 - MMSA [INFO] - TRAIN-(msalm) [1/7/3] >> loss: 0.4243  Has0_acc_2: 0.8436  Has0_F1_score: 0.8484  Non0_acc_2: 0.9033  Non0_F1_score: 0.9033  Mult_acc_5: 0.6467  Mult_acc_7: 0.6217  MAE: 0.4242  Corr: 0.8577  clm loss: 3.4102 total loss: 5.4879 bn loss: 0.4305 av loss: 0.7922 text loss: 0.4307
2026-01-17 01:38:05,688 - MMSA [INFO] - VAL-(msalm) >>  Has0_acc_2: 0.8290  Has0_F1_score: 0.8346  Non0_acc_2: 0.8679  Non0_F1_score: 0.8680  Mult_acc_5: 0.5756  Mult_acc_7: 0.5559  MAE: 0.5052  Corr: 0.7794  Loss: 0.5051 
2026-01-17 01:42:31,098 - MMSA [INFO] - TRAIN-(msalm) [2/8/3] >> loss: 0.397  Has0_acc_2: 0.8533  Has0_F1_score: 0.8577  Non0_acc_2: 0.9162  Non0_F1_score: 0.9160  Mult_acc_5: 0.6724  Mult_acc_7: 0.6484  MAE: 0.3967  Corr: 0.8748  clm loss: 3.3813 total loss: 5.3832 bn loss: 0.4102 av loss: 0.7915 text loss: 0.4033
2026-01-17 01:42:39,647 - MMSA [INFO] - VAL-(msalm) >>  Has0_acc_2: 0.8140  Has0_F1_score: 0.8212  Non0_acc_2: 0.8547  Non0_F1_score: 0.8556  Mult_acc_5: 0.5740  Mult_acc_7: 0.5607  MAE: 0.5032  Corr: 0.7759  Loss: 0.5041 
2026-01-17 01:47:04,812 - MMSA [INFO] - TRAIN-(msalm) [3/9/3] >> loss: 0.3801  Has0_acc_2: 0.8545  Has0_F1_score: 0.8590  Non0_acc_2: 0.9226  Non0_F1_score: 0.9225  Mult_acc_5: 0.6872  Mult_acc_7: 0.6630  MAE: 0.3802  Corr: 0.8844  clm loss: 3.3561 total loss: 5.298 bn loss: 0.3926 av loss: 0.7904 text loss: 0.3788
2026-01-17 01:47:13,504 - MMSA [INFO] - VAL-(msalm) >>  Has0_acc_2: 0.8188  Has0_F1_score: 0.8256  Non0_acc_2: 0.8588  Non0_F1_score: 0.8596  Mult_acc_5: 0.5746  Mult_acc_7: 0.5575  MAE: 0.5050  Corr: 0.7745  Loss: 0.5051 
2026-01-17 01:51:38,933 - MMSA [INFO] - TRAIN-(msalm) [4/10/3] >> loss: 0.3664  Has0_acc_2: 0.8577  Has0_F1_score: 0.8621  Non0_acc_2: 0.9262  Non0_F1_score: 0.9261  Mult_acc_5: 0.6999  Mult_acc_7: 0.6747  MAE: 0.3662  Corr: 0.8935  clm loss: 3.3447 total loss: 5.2382 bn loss: 0.3762 av loss: 0.7903 text loss: 0.3606
2026-01-17 01:51:47,472 - MMSA [INFO] - VAL-(msalm) >>  Has0_acc_2: 0.7964  Has0_F1_score: 0.8055  Non0_acc_2: 0.8470  Non0_F1_score: 0.8486  Mult_acc_5: 0.5751  Mult_acc_7: 0.5596  MAE: 0.5026  Corr: 0.7744  Loss: 0.5044 
2026-01-17 01:56:12,853 - MMSA [INFO] - TRAIN-(msalm) [5/11/3] >> loss: 0.3498  Has0_acc_2: 0.8603  Has0_F1_score: 0.8648  Non0_acc_2: 0.9342  Non0_F1_score: 0.9341  Mult_acc_5: 0.7122  Mult_acc_7: 0.6871  MAE: 0.3499  Corr: 0.9023  clm loss: 3.317 total loss: 5.1567 bn loss: 0.3609 av loss: 0.7892 text loss: 0.3397
2026-01-17 01:56:22,038 - MMSA [INFO] - VAL-(msalm) >>  Has0_acc_2: 0.8044  Has0_F1_score: 0.8126  Non0_acc_2: 0.8519  Non0_F1_score: 0.8530  Mult_acc_5: 0.5692  Mult_acc_7: 0.5542  MAE: 0.5015  Corr: 0.7723  Loss: 0.5019 
2026-01-17 02:00:47,335 - MMSA [INFO] - TRAIN-(msalm) [6/12/3] >> loss: 0.337  Has0_acc_2: 0.8635  Has0_F1_score: 0.8680  Non0_acc_2: 0.9392  Non0_F1_score: 0.9392  Mult_acc_5: 0.7252  Mult_acc_7: 0.6999  MAE: 0.3374  Corr: 0.9094  clm loss: 3.3065 total loss: 5.1036 bn loss: 0.3471 av loss: 0.7881 text loss: 0.3249
2026-01-17 02:00:55,947 - MMSA [INFO] - VAL-(msalm) >>  Has0_acc_2: 0.8215  Has0_F1_score: 0.8276  Non0_acc_2: 0.8567  Non0_F1_score: 0.8572  Mult_acc_5: 0.5767  Mult_acc_7: 0.5585  MAE: 0.5073  Corr: 0.7713  Loss: 0.5087 
2026-01-17 02:05:21,645 - MMSA [INFO] - TRAIN-(msalm) [7/13/3] >> loss: 0.3225  Has0_acc_2: 0.8671  Has0_F1_score: 0.8714  Non0_acc_2: 0.9444  Non0_F1_score: 0.9443  Mult_acc_5: 0.7400  Mult_acc_7: 0.7145  MAE: 0.3227  Corr: 0.9171  clm loss: 3.2893 total loss: 5.0465 bn loss: 0.3345 av loss: 0.7883 text loss: 0.3119
2026-01-17 02:05:30,026 - MMSA [INFO] - VAL-(msalm) >>  Has0_acc_2: 0.8242  Has0_F1_score: 0.8304  Non0_acc_2: 0.8588  Non0_F1_score: 0.8595  Mult_acc_5: 0.5708  Mult_acc_7: 0.5559  MAE: 0.5100  Corr: 0.7690  Loss: 0.5093 
2026-01-17 02:09:55,386 - MMSA [INFO] - TRAIN-(msalm) [8/14/3] >> loss: 0.3107  Has0_acc_2: 0.8700  Has0_F1_score: 0.8742  Non0_acc_2: 0.9474  Non0_F1_score: 0.9473  Mult_acc_5: 0.7487  Mult_acc_7: 0.7233  MAE: 0.3106  Corr: 0.9222  clm loss: 3.2759 total loss: 5.0031 bn loss: 0.3273 av loss: 0.7877 text loss: 0.3016
2026-01-17 02:10:04,016 - MMSA [INFO] - VAL-(msalm) >>  Has0_acc_2: 0.8188  Has0_F1_score: 0.8254  Non0_acc_2: 0.8581  Non0_F1_score: 0.8587  Mult_acc_5: 0.5708  Mult_acc_7: 0.5532  MAE: 0.5090  Corr: 0.7705  Loss: 0.5070 
2026-01-17 02:14:29,364 - MMSA [INFO] - TRAIN-(msalm) [9/15/3] >> loss: 0.3073  Has0_acc_2: 0.8689  Has0_F1_score: 0.8733  Non0_acc_2: 0.9498  Non0_F1_score: 0.9498  Mult_acc_5: 0.7511  Mult_acc_7: 0.7266  MAE: 0.3065  Corr: 0.9244  clm loss: 3.2832 total loss: 4.9939 bn loss: 0.319 av loss: 0.7872 text loss: 0.2971
2026-01-17 02:14:37,879 - MMSA [INFO] - VAL-(msalm) >>  Has0_acc_2: 0.8044  Has0_F1_score: 0.8130  Non0_acc_2: 0.8519  Non0_F1_score: 0.8534  Mult_acc_5: 0.5703  Mult_acc_7: 0.5532  MAE: 0.5080  Corr: 0.7666  Loss: 0.5086 
2026-01-17 02:19:05,936 - MMSA [INFO] - TRAIN-(msalm) [10/16/3] >> loss: 0.3036  Has0_acc_2: 0.8679  Has0_F1_score: 0.8724  Non0_acc_2: 0.9502  Non0_F1_score: 0.9501  Mult_acc_5: 0.7569  Mult_acc_7: 0.7307  MAE: 0.3035  Corr: 0.9263  clm loss: 3.2721 total loss: 4.9666 bn loss: 0.3141 av loss: 0.7869 text loss: 0.2899
2026-01-17 02:19:14,491 - MMSA [INFO] - VAL-(msalm) >>  Has0_acc_2: 0.8119  Has0_F1_score: 0.8194  Non0_acc_2: 0.8540  Non0_F1_score: 0.8551  Mult_acc_5: 0.5708  Mult_acc_7: 0.5532  MAE: 0.5096  Corr: 0.7686  Loss: 0.5127 
2026-01-17 02:19:35,722 - MMSA [INFO] - TEST-(msalm) >>  Has0_acc_2: 0.8300  Has0_F1_score: 0.8344  Non0_acc_2: 0.8698  Non0_F1_score: 0.8696  Mult_acc_5: 0.5724  Mult_acc_7: 0.5531  MAE: 0.5066  Corr: 0.8018  Loss: 0.5060 
2026-01-17 02:19:37,812 - MMSA [INFO] - Result for seed 1992: {'Has0_acc_2': 0.83, 'Has0_F1_score': 0.8344, 'Non0_acc_2': 0.8698, 'Non0_F1_score': 0.8696, 'Mult_acc_5': 0.5724, 'Mult_acc_7': 0.5531, 'MAE': 0.5066, 'Corr': 0.8018, 'Loss': 0.506, 'seed': 1992}
2026-01-17 02:19:37,814 - MMSA [INFO] - ------------------------------ Running with seed 1993 [4/5] ------------------------------
2026-01-17 02:31:08,071 - MMSA [INFO] - The model has 914780556 trainable parameters
2026-01-17 02:35:33,993 - MMSA [INFO] - TRAIN-(msalm) [1/1/4] >> loss: 0.8684  Has0_acc_2: 0.5306  Has0_F1_score: 0.5368  Non0_acc_2: 0.5946  Non0_F1_score: 0.5897  Mult_acc_5: 0.3773  Mult_acc_7: 0.3733  MAE: 0.8684  Corr: 0.4114  clm loss: 4.2268 total loss: 7.8005 bn loss: 0.844 av loss: 0.9235 text loss: 0.9378
2026-01-17 02:35:42,872 - MMSA [INFO] - VAL-(msalm) >>  Has0_acc_2: 0.6654  Has0_F1_score: 0.6825  Non0_acc_2: 0.7427  Non0_F1_score: 0.7478  Mult_acc_5: 0.4490  Mult_acc_7: 0.4335  MAE: 0.7115  Corr: 0.6210  Loss: 0.7118 
2026-01-17 02:40:12,661 - MMSA [INFO] - TRAIN-(msalm) [1/2/4] >> loss: 0.6383  Has0_acc_2: 0.7208  Has0_F1_score: 0.7336  Non0_acc_2: 0.7899  Non0_F1_score: 0.7935  Mult_acc_5: 0.4969  Mult_acc_7: 0.4813  MAE: 0.6385  Corr: 0.6990  clm loss: 3.7546 total loss: 6.5176 bn loss: 0.6279 av loss: 0.8173 text loss: 0.6794
2026-01-17 02:40:21,206 - MMSA [INFO] - VAL-(msalm) >>  Has0_acc_2: 0.7547  Has0_F1_score: 0.7680  Non0_acc_2: 0.8255  Non0_F1_score: 0.8288  Mult_acc_5: 0.5468  Mult_acc_7: 0.5355  MAE: 0.5380  Corr: 0.7506  Loss: 0.5379 
2026-01-17 02:44:52,426 - MMSA [INFO] - TRAIN-(msalm) [1/3/4] >> loss: 0.5446  Has0_acc_2: 0.7925  Has0_F1_score: 0.8004  Non0_acc_2: 0.8482  Non0_F1_score: 0.8493  Mult_acc_5: 0.5538  Mult_acc_7: 0.5352  MAE: 0.5442  Corr: 0.7691  clm loss: 3.6046 total loss: 6.0686 bn loss: 0.5352 av loss: 0.8008 text loss: 0.5834
2026-01-17 02:45:01,171 - MMSA [INFO] - VAL-(msalm) >>  Has0_acc_2: 0.8375  Has0_F1_score: 0.8411  Non0_acc_2: 0.8665  Non0_F1_score: 0.8655  Mult_acc_5: 0.5740  Mult_acc_7: 0.5580  MAE: 0.4971  Corr: 0.7721  Loss: 0.4970 
2026-01-17 02:49:31,151 - MMSA [INFO] - TRAIN-(msalm) [1/4/4] >> loss: 0.5007  Has0_acc_2: 0.8230  Has0_F1_score: 0.8284  Non0_acc_2: 0.8725  Non0_F1_score: 0.8726  Mult_acc_5: 0.5911  Mult_acc_7: 0.5696  MAE: 0.5003  Corr: 0.8036  clm loss: 3.5279 total loss: 5.8596 bn loss: 0.5015 av loss: 0.7964 text loss: 0.5332
2026-01-17 02:49:39,873 - MMSA [INFO] - VAL-(msalm) >>  Has0_acc_2: 0.8220  Has0_F1_score: 0.8283  Non0_acc_2: 0.8616  Non0_F1_score: 0.8621  Mult_acc_5: 0.5762  Mult_acc_7: 0.5596  MAE: 0.4961  Corr: 0.7787  Loss: 0.4972 
2026-01-17 02:54:04,873 - MMSA [INFO] - TRAIN-(msalm) [2/5/4] >> loss: 0.4741  Has0_acc_2: 0.8279  Has0_F1_score: 0.8330  Non0_acc_2: 0.8811  Non0_F1_score: 0.8810  Mult_acc_5: 0.6130  Mult_acc_7: 0.5900  MAE: 0.4741  Corr: 0.8207  clm loss: 3.4914 total loss: 5.7307 bn loss: 0.4765 av loss: 0.7938 text loss: 0.4949
2026-01-17 02:54:13,454 - MMSA [INFO] - VAL-(msalm) >>  Has0_acc_2: 0.8204  Has0_F1_score: 0.8261  Non0_acc_2: 0.8595  Non0_F1_score: 0.8594  Mult_acc_5: 0.5772  Mult_acc_7: 0.5601  MAE: 0.4911  Corr: 0.7810  Loss: 0.4932 
2026-01-17 02:58:44,691 - MMSA [INFO] - TRAIN-(msalm) [1/6/4] >> loss: 0.4467  Has0_acc_2: 0.8373  Has0_F1_score: 0.8421  Non0_acc_2: 0.8929  Non0_F1_score: 0.8928  Mult_acc_5: 0.6288  Mult_acc_7: 0.6044  MAE: 0.4465  Corr: 0.8433  clm loss: 3.4431 total loss: 5.6023 bn loss: 0.4559 av loss: 0.7925 text loss: 0.464
2026-01-17 02:58:53,575 - MMSA [INFO] - VAL-(msalm) >>  Has0_acc_2: 0.8343  Has0_F1_score: 0.8390  Non0_acc_2: 0.8686  Non0_F1_score: 0.8683  Mult_acc_5: 0.5746  Mult_acc_7: 0.5612  MAE: 0.4920  Corr: 0.7804  Loss: 0.4918 
2026-01-17 03:03:23,529 - MMSA [INFO] - TRAIN-(msalm) [1/7/4] >> loss: 0.4244  Has0_acc_2: 0.8399  Has0_F1_score: 0.8450  Non0_acc_2: 0.9007  Non0_F1_score: 0.9007  Mult_acc_5: 0.6512  Mult_acc_7: 0.6264  MAE: 0.4243  Corr: 0.8594  clm loss: 3.4017 total loss: 5.4769 bn loss: 0.4273 av loss: 0.7924 text loss: 0.4311
2026-01-17 03:03:32,094 - MMSA [INFO] - VAL-(msalm) >>  Has0_acc_2: 0.8076  Has0_F1_score: 0.8152  Non0_acc_2: 0.8498  Non0_F1_score: 0.8507  Mult_acc_5: 0.5820  Mult_acc_7: 0.5660  MAE: 0.4931  Corr: 0.7789  Loss: 0.4923 
2026-01-17 03:07:58,918 - MMSA [INFO] - TRAIN-(msalm) [2/8/4] >> loss: 0.4008  Has0_acc_2: 0.8527  Has0_F1_score: 0.8573  Non0_acc_2: 0.9170  Non0_F1_score: 0.9170  Mult_acc_5: 0.6680  Mult_acc_7: 0.6421  MAE: 0.4010  Corr: 0.8727  clm loss: 3.3826 total loss: 5.3911 bn loss: 0.4142 av loss: 0.7896 text loss: 0.4039
2026-01-17 03:08:07,466 - MMSA [INFO] - VAL-(msalm) >>  Has0_acc_2: 0.8391  Has0_F1_score: 0.8429  Non0_acc_2: 0.8700  Non0_F1_score: 0.8692  Mult_acc_5: 0.5735  Mult_acc_7: 0.5569  MAE: 0.5003  Corr: 0.7806  Loss: 0.4989 
2026-01-17 03:12:33,862 - MMSA [INFO] - TRAIN-(msalm) [3/9/4] >> loss: 0.38  Has0_acc_2: 0.8595  Has0_F1_score: 0.8637  Non0_acc_2: 0.9228  Non0_F1_score: 0.9227  Mult_acc_5: 0.6847  Mult_acc_7: 0.6597  MAE: 0.3798  Corr: 0.8845  clm loss: 3.3555 total loss: 5.301 bn loss: 0.3932 av loss: 0.7896 text loss: 0.3828
2026-01-17 03:12:42,547 - MMSA [INFO] - VAL-(msalm) >>  Has0_acc_2: 0.8087  Has0_F1_score: 0.8158  Non0_acc_2: 0.8519  Non0_F1_score: 0.8524  Mult_acc_5: 0.5767  Mult_acc_7: 0.5612  MAE: 0.4977  Corr: 0.7790  Loss: 0.4980 
2026-01-17 03:17:07,648 - MMSA [INFO] - TRAIN-(msalm) [4/10/4] >> loss: 0.3641  Has0_acc_2: 0.8556  Has0_F1_score: 0.8604  Non0_acc_2: 0.9274  Non0_F1_score: 0.9275  Mult_acc_5: 0.6978  Mult_acc_7: 0.6726  MAE: 0.3642  Corr: 0.8962  clm loss: 3.3211 total loss: 5.2031 bn loss: 0.3734 av loss: 0.7891 text loss: 0.3554
2026-01-17 03:17:16,056 - MMSA [INFO] - VAL-(msalm) >>  Has0_acc_2: 0.8263  Has0_F1_score: 0.8320  Non0_acc_2: 0.8588  Non0_F1_score: 0.8592  Mult_acc_5: 0.5820  Mult_acc_7: 0.5660  MAE: 0.4943  Corr: 0.7783  Loss: 0.4934 
2026-01-17 03:21:41,630 - MMSA [INFO] - TRAIN-(msalm) [5/11/4] >> loss: 0.3464  Has0_acc_2: 0.8662  Has0_F1_score: 0.8704  Non0_acc_2: 0.9380  Non0_F1_score: 0.9380  Mult_acc_5: 0.7133  Mult_acc_7: 0.6894  MAE: 0.3465  Corr: 0.9048  clm loss: 3.3132 total loss: 5.1462 bn loss: 0.3588 av loss: 0.7873 text loss: 0.3406
2026-01-17 03:21:50,409 - MMSA [INFO] - VAL-(msalm) >>  Has0_acc_2: 0.8263  Has0_F1_score: 0.8314  Non0_acc_2: 0.8595  Non0_F1_score: 0.8593  Mult_acc_5: 0.5826  Mult_acc_7: 0.5660  MAE: 0.5023  Corr: 0.7757  Loss: 0.5020 
2026-01-17 03:26:15,318 - MMSA [INFO] - TRAIN-(msalm) [6/12/4] >> loss: 0.3388  Has0_acc_2: 0.8644  Has0_F1_score: 0.8688  Non0_acc_2: 0.9360  Non0_F1_score: 0.9360  Mult_acc_5: 0.7209  Mult_acc_7: 0.6956  MAE: 0.3387  Corr: 0.9091  clm loss: 3.3035 total loss: 5.1071 bn loss: 0.3488 av loss: 0.7872 text loss: 0.3288
2026-01-17 03:26:23,907 - MMSA [INFO] - VAL-(msalm) >>  Has0_acc_2: 0.8322  Has0_F1_score: 0.8365  Non0_acc_2: 0.8595  Non0_F1_score: 0.8591  Mult_acc_5: 0.5756  Mult_acc_7: 0.5607  MAE: 0.4999  Corr: 0.7754  Loss: 0.4991 
2026-01-17 03:30:48,612 - MMSA [INFO] - TRAIN-(msalm) [7/13/4] >> loss: 0.328  Has0_acc_2: 0.8629  Has0_F1_score: 0.8674  Non0_acc_2: 0.9394  Non0_F1_score: 0.9394  Mult_acc_5: 0.7311  Mult_acc_7: 0.7051  MAE: 0.3280  Corr: 0.9142  clm loss: 3.2863 total loss: 5.0453 bn loss: 0.3337 av loss: 0.7863 text loss: 0.311
2026-01-17 03:30:57,255 - MMSA [INFO] - VAL-(msalm) >>  Has0_acc_2: 0.8220  Has0_F1_score: 0.8279  Non0_acc_2: 0.8588  Non0_F1_score: 0.8590  Mult_acc_5: 0.5815  Mult_acc_7: 0.5655  MAE: 0.5036  Corr: 0.7761  Loss: 0.5034 
2026-01-17 03:35:21,904 - MMSA [INFO] - TRAIN-(msalm) [8/14/4] >> loss: 0.312  Has0_acc_2: 0.8678  Has0_F1_score: 0.8722  Non0_acc_2: 0.9463  Non0_F1_score: 0.9464  Mult_acc_5: 0.7460  Mult_acc_7: 0.7199  MAE: 0.3120  Corr: 0.9227  clm loss: 3.2647 total loss: 4.98 bn loss: 0.321 av loss: 0.786 text loss: 0.2963
2026-01-17 03:35:30,633 - MMSA [INFO] - VAL-(msalm) >>  Has0_acc_2: 0.8081  Has0_F1_score: 0.8158  Non0_acc_2: 0.8505  Non0_F1_score: 0.8515  Mult_acc_5: 0.5836  Mult_acc_7: 0.5703  MAE: 0.4977  Corr: 0.7719  Loss: 0.4976 
2026-01-17 03:39:55,518 - MMSA [INFO] - TRAIN-(msalm) [9/15/4] >> loss: 0.3137  Has0_acc_2: 0.8635  Has0_F1_score: 0.8681  Non0_acc_2: 0.9457  Non0_F1_score: 0.9457  Mult_acc_5: 0.7399  Mult_acc_7: 0.7146  MAE: 0.3134  Corr: 0.9213  clm loss: 3.2742 total loss: 4.9874 bn loss: 0.3184 av loss: 0.7855 text loss: 0.2957
2026-01-17 03:40:04,110 - MMSA [INFO] - VAL-(msalm) >>  Has0_acc_2: 0.8097  Has0_F1_score: 0.8170  Non0_acc_2: 0.8470  Non0_F1_score: 0.8480  Mult_acc_5: 0.5836  Mult_acc_7: 0.5676  MAE: 0.5007  Corr: 0.7768  Loss: 0.5007 
2026-01-17 03:44:28,803 - MMSA [INFO] - TRAIN-(msalm) [10/16/4] >> loss: 0.3024  Has0_acc_2: 0.8711  Has0_F1_score: 0.8755  Non0_acc_2: 0.9494  Non0_F1_score: 0.9494  Mult_acc_5: 0.7538  Mult_acc_7: 0.7278  MAE: 0.3019  Corr: 0.9280  clm loss: 3.265 total loss: 4.9511 bn loss: 0.311 av loss: 0.7867 text loss: 0.2861
2026-01-17 03:44:37,960 - MMSA [INFO] - VAL-(msalm) >>  Has0_acc_2: 0.8300  Has0_F1_score: 0.8338  Non0_acc_2: 0.8567  Non0_F1_score: 0.8557  Mult_acc_5: 0.5746  Mult_acc_7: 0.5580  MAE: 0.5057  Corr: 0.7765  Loss: 0.5075 
2026-01-17 03:44:58,673 - MMSA [INFO] - TEST-(msalm) >>  Has0_acc_2: 0.8242  Has0_F1_score: 0.8291  Non0_acc_2: 0.8668  Non0_F1_score: 0.8667  Mult_acc_5: 0.5703  Mult_acc_7: 0.5508  MAE: 0.5089  Corr: 0.7992  Loss: 0.5088 
2026-01-17 03:45:00,802 - MMSA [INFO] - Result for seed 1993: {'Has0_acc_2': 0.8242, 'Has0_F1_score': 0.8291, 'Non0_acc_2': 0.8668, 'Non0_F1_score': 0.8667, 'Mult_acc_5': 0.5703, 'Mult_acc_7': 0.5508, 'MAE': 0.5089, 'Corr': 0.7992, 'Loss': 0.5088, 'seed': 1993}
2026-01-17 03:45:00,803 - MMSA [INFO] - ------------------------------ Running with seed 1994 [5/5] ------------------------------
2026-01-17 03:56:29,340 - MMSA [INFO] - The model has 914780556 trainable parameters
2026-01-17 04:00:54,964 - MMSA [INFO] - TRAIN-(msalm) [1/1/5] >> loss: 0.8132  Has0_acc_2: 0.6161  Has0_F1_score: 0.6336  Non0_acc_2: 0.6391  Non0_F1_score: 0.6449  Mult_acc_5: 0.4085  Mult_acc_7: 0.4068  MAE: 0.8135  Corr: 0.3645  clm loss: 4.247 total loss: 7.628 bn loss: 0.8648 av loss: 0.8367 text loss: 0.8664
2026-01-17 04:01:03,882 - MMSA [INFO] - VAL-(msalm) >>  Has0_acc_2: 0.7557  Has0_F1_score: 0.7669  Non0_acc_2: 0.7990  Non0_F1_score: 0.8012  Mult_acc_5: 0.4730  Mult_acc_7: 0.4613  MAE: 0.6336  Corr: 0.6220  Loss: 0.6329 
2026-01-17 04:05:32,854 - MMSA [INFO] - TRAIN-(msalm) [1/2/5] >> loss: 0.6042  Has0_acc_2: 0.7726  Has0_F1_score: 0.7809  Non0_acc_2: 0.8187  Non0_F1_score: 0.8198  Mult_acc_5: 0.5107  Mult_acc_7: 0.4966  MAE: 0.6044  Corr: 0.7033  clm loss: 3.7677 total loss: 6.4939 bn loss: 0.6337 av loss: 0.8041 text loss: 0.6842
2026-01-17 04:05:41,732 - MMSA [INFO] - VAL-(msalm) >>  Has0_acc_2: 0.8108  Has0_F1_score: 0.8188  Non0_acc_2: 0.8609  Non0_F1_score: 0.8620  Mult_acc_5: 0.5500  Mult_acc_7: 0.5382  MAE: 0.5276  Corr: 0.7454  Loss: 0.5260 
2026-01-17 04:10:11,093 - MMSA [INFO] - TRAIN-(msalm) [1/3/5] >> loss: 0.5358  Has0_acc_2: 0.8158  Has0_F1_score: 0.8210  Non0_acc_2: 0.8592  Non0_F1_score: 0.8591  Mult_acc_5: 0.5563  Mult_acc_7: 0.5368  MAE: 0.5349  Corr: 0.7732  clm loss: 3.611 total loss: 6.0725 bn loss: 0.5371 av loss: 0.7994 text loss: 0.5892
2026-01-17 04:10:19,657 - MMSA [INFO] - VAL-(msalm) >>  Has0_acc_2: 0.8413  Has0_F1_score: 0.8449  Non0_acc_2: 0.8713  Non0_F1_score: 0.8706  Mult_acc_5: 0.5826  Mult_acc_7: 0.5676  MAE: 0.5016  Corr: 0.7709  Loss: 0.5017 
2026-01-17 04:14:50,435 - MMSA [INFO] - TRAIN-(msalm) [1/4/5] >> loss: 0.4994  Has0_acc_2: 0.8262  Has0_F1_score: 0.8310  Non0_acc_2: 0.8742  Non0_F1_score: 0.8740  Mult_acc_5: 0.5911  Mult_acc_7: 0.5686  MAE: 0.4992  Corr: 0.8027  clm loss: 3.5409 total loss: 5.8812 bn loss: 0.5021 av loss: 0.7958 text loss: 0.543
2026-01-17 04:14:59,231 - MMSA [INFO] - VAL-(msalm) >>  Has0_acc_2: 0.8381  Has0_F1_score: 0.8421  Non0_acc_2: 0.8713  Non0_F1_score: 0.8706  Mult_acc_5: 0.5746  Mult_acc_7: 0.5601  MAE: 0.4906  Corr: 0.7767  Loss: 0.4896 
2026-01-17 04:19:29,477 - MMSA [INFO] - TRAIN-(msalm) [1/5/5] >> loss: 0.4699  Has0_acc_2: 0.8308  Has0_F1_score: 0.8359  Non0_acc_2: 0.8862  Non0_F1_score: 0.8861  Mult_acc_5: 0.6106  Mult_acc_7: 0.5872  MAE: 0.4702  Corr: 0.8255  clm loss: 3.4811 total loss: 5.713 bn loss: 0.4722 av loss: 0.7931 text loss: 0.4967
2026-01-17 04:19:38,296 - MMSA [INFO] - VAL-(msalm) >>  Has0_acc_2: 0.8455  Has0_F1_score: 0.8488  Non0_acc_2: 0.8700  Non0_F1_score: 0.8692  Mult_acc_5: 0.5831  Mult_acc_7: 0.5687  MAE: 0.4900  Corr: 0.7776  Loss: 0.4904 
2026-01-17 04:24:02,752 - MMSA [INFO] - TRAIN-(msalm) [2/6/5] >> loss: 0.4444  Has0_acc_2: 0.8436  Has0_F1_score: 0.8478  Non0_acc_2: 0.8964  Non0_F1_score: 0.8961  Mult_acc_5: 0.6318  Mult_acc_7: 0.6086  MAE: 0.4442  Corr: 0.8428  clm loss: 3.4427 total loss: 5.5958 bn loss: 0.4524 av loss: 0.7915 text loss: 0.4648
2026-01-17 04:24:11,462 - MMSA [INFO] - VAL-(msalm) >>  Has0_acc_2: 0.8236  Has0_F1_score: 0.8293  Non0_acc_2: 0.8602  Non0_F1_score: 0.8603  Mult_acc_5: 0.5746  Mult_acc_7: 0.5601  MAE: 0.4937  Corr: 0.7754  Loss: 0.4941 
2026-01-17 04:28:35,920 - MMSA [INFO] - TRAIN-(msalm) [3/7/5] >> loss: 0.4228  Has0_acc_2: 0.8422  Has0_F1_score: 0.8471  Non0_acc_2: 0.9030  Non0_F1_score: 0.9030  Mult_acc_5: 0.6506  Mult_acc_7: 0.6267  MAE: 0.4226  Corr: 0.8588  clm loss: 3.412 total loss: 5.4919 bn loss: 0.4299 av loss: 0.791 text loss: 0.4362
2026-01-17 04:28:44,616 - MMSA [INFO] - VAL-(msalm) >>  Has0_acc_2: 0.8434  Has0_F1_score: 0.8467  Non0_acc_2: 0.8713  Non0_F1_score: 0.8704  Mult_acc_5: 0.5714  Mult_acc_7: 0.5569  MAE: 0.5027  Corr: 0.7729  Loss: 0.5015 
2026-01-17 04:33:09,093 - MMSA [INFO] - TRAIN-(msalm) [4/8/5] >> loss: 0.3985  Has0_acc_2: 0.8541  Has0_F1_score: 0.8581  Non0_acc_2: 0.9109  Non0_F1_score: 0.9107  Mult_acc_5: 0.6686  Mult_acc_7: 0.6451  MAE: 0.3981  Corr: 0.8745  clm loss: 3.3727 total loss: 5.369 bn loss: 0.4037 av loss: 0.79 text loss: 0.4041
2026-01-17 04:33:17,606 - MMSA [INFO] - VAL-(msalm) >>  Has0_acc_2: 0.8423  Has0_F1_score: 0.8428  Non0_acc_2: 0.8554  Non0_F1_score: 0.8522  Mult_acc_5: 0.5665  Mult_acc_7: 0.5489  MAE: 0.5153  Corr: 0.7697  Loss: 0.5156 
2026-01-17 04:37:42,239 - MMSA [INFO] - TRAIN-(msalm) [5/9/5] >> loss: 0.38  Has0_acc_2: 0.8550  Has0_F1_score: 0.8594  Non0_acc_2: 0.9202  Non0_F1_score: 0.9202  Mult_acc_5: 0.6891  Mult_acc_7: 0.6628  MAE: 0.3801  Corr: 0.8848  clm loss: 3.3619 total loss: 5.3106 bn loss: 0.392 av loss: 0.7895 text loss: 0.3871
2026-01-17 04:37:50,804 - MMSA [INFO] - VAL-(msalm) >>  Has0_acc_2: 0.8332  Has0_F1_score: 0.8379  Non0_acc_2: 0.8686  Non0_F1_score: 0.8682  Mult_acc_5: 0.5714  Mult_acc_7: 0.5553  MAE: 0.5075  Corr: 0.7697  Loss: 0.5072 
2026-01-17 04:42:15,420 - MMSA [INFO] - TRAIN-(msalm) [6/10/5] >> loss: 0.3629  Has0_acc_2: 0.8583  Has0_F1_score: 0.8627  Non0_acc_2: 0.9260  Non0_F1_score: 0.9259  Mult_acc_5: 0.7019  Mult_acc_7: 0.6776  MAE: 0.3625  Corr: 0.8953  clm loss: 3.3407 total loss: 5.2318 bn loss: 0.3744 av loss: 0.7878 text loss: 0.366
2026-01-17 04:42:23,994 - MMSA [INFO] - VAL-(msalm) >>  Has0_acc_2: 0.7771  Has0_F1_score: 0.7885  Non0_acc_2: 0.8449  Non0_F1_score: 0.8472  Mult_acc_5: 0.5772  Mult_acc_7: 0.5633  MAE: 0.5069  Corr: 0.7749  Loss: 0.5066 
2026-01-17 04:46:48,567 - MMSA [INFO] - TRAIN-(msalm) [7/11/5] >> loss: 0.3421  Has0_acc_2: 0.8617  Has0_F1_score: 0.8662  Non0_acc_2: 0.9355  Non0_F1_score: 0.9355  Mult_acc_5: 0.7170  Mult_acc_7: 0.6935  MAE: 0.3420  Corr: 0.9060  clm loss: 3.3108 total loss: 5.1452 bn loss: 0.3584 av loss: 0.7873 text loss: 0.3466
2026-01-17 04:46:57,090 - MMSA [INFO] - VAL-(msalm) >>  Has0_acc_2: 0.8322  Has0_F1_score: 0.8372  Non0_acc_2: 0.8693  Non0_F1_score: 0.8691  Mult_acc_5: 0.5788  Mult_acc_7: 0.5628  MAE: 0.4986  Corr: 0.7716  Loss: 0.4989 
2026-01-17 04:51:21,490 - MMSA [INFO] - TRAIN-(msalm) [8/12/5] >> loss: 0.3292  Has0_acc_2: 0.8660  Has0_F1_score: 0.8704  Non0_acc_2: 0.9424  Non0_F1_score: 0.9424  Mult_acc_5: 0.7330  Mult_acc_7: 0.7084  MAE: 0.3290  Corr: 0.9119  clm loss: 3.3026 total loss: 5.0944 bn loss: 0.3448 av loss: 0.7875 text loss: 0.3304
2026-01-17 04:51:29,942 - MMSA [INFO] - VAL-(msalm) >>  Has0_acc_2: 0.7878  Has0_F1_score: 0.7984  Non0_acc_2: 0.8428  Non0_F1_score: 0.8453  Mult_acc_5: 0.5633  Mult_acc_7: 0.5484  MAE: 0.5098  Corr: 0.7703  Loss: 0.5102 
2026-01-17 04:55:54,446 - MMSA [INFO] - TRAIN-(msalm) [9/13/5] >> loss: 0.3222  Has0_acc_2: 0.8664  Has0_F1_score: 0.8707  Non0_acc_2: 0.9413  Non0_F1_score: 0.9412  Mult_acc_5: 0.7368  Mult_acc_7: 0.7097  MAE: 0.3220  Corr: 0.9188  clm loss: 3.292 total loss: 5.0502 bn loss: 0.333 av loss: 0.7871 text loss: 0.3159
2026-01-17 04:56:02,992 - MMSA [INFO] - VAL-(msalm) >>  Has0_acc_2: 0.8028  Has0_F1_score: 0.8114  Non0_acc_2: 0.8554  Non0_F1_score: 0.8567  Mult_acc_5: 0.5665  Mult_acc_7: 0.5532  MAE: 0.5021  Corr: 0.7706  Loss: 0.5032 
2026-01-17 05:00:27,536 - MMSA [INFO] - TRAIN-(msalm) [10/14/5] >> loss: 0.3125  Has0_acc_2: 0.8683  Has0_F1_score: 0.8726  Non0_acc_2: 0.9468  Non0_F1_score: 0.9468  Mult_acc_5: 0.7482  Mult_acc_7: 0.7238  MAE: 0.3126  Corr: 0.9227  clm loss: 3.2733 total loss: 4.9979 bn loss: 0.322 av loss: 0.7864 text loss: 0.3038
2026-01-17 05:00:36,293 - MMSA [INFO] - VAL-(msalm) >>  Has0_acc_2: 0.8172  Has0_F1_score: 0.8243  Non0_acc_2: 0.8651  Non0_F1_score: 0.8658  Mult_acc_5: 0.5772  Mult_acc_7: 0.5628  MAE: 0.5014  Corr: 0.7723  Loss: 0.5036 
2026-01-17 05:00:57,612 - MMSA [INFO] - TEST-(msalm) >>  Has0_acc_2: 0.8347  Has0_F1_score: 0.8388  Non0_acc_2: 0.8729  Non0_F1_score: 0.8725  Mult_acc_5: 0.5709  Mult_acc_7: 0.5523  MAE: 0.5053  Corr: 0.7998  Loss: 0.5058 
2026-01-17 05:00:59,938 - MMSA [INFO] - Result for seed 1994: {'Has0_acc_2': 0.8347, 'Has0_F1_score': 0.8388, 'Non0_acc_2': 0.8729, 'Non0_F1_score': 0.8725, 'Mult_acc_5': 0.5709, 'Mult_acc_7': 0.5523, 'MAE': 0.5053, 'Corr': 0.7998, 'Loss': 0.5058, 'seed': 1994}
2026-01-17 05:00:59,994 - MMSA [INFO] - Results saved to MMSA/results/mosei/nf12_k1_0001/thesis-mosei-nf12-k1-01/normal/mosei_avg.csv.
