2026-01-17 16:39:20,015 - MMSA [INFO] - ======================================== Program Start ========================================
2026-01-17 16:39:20,085 - MMSA [INFO] - Running with args:
2026-01-17 16:39:20,085 - MMSA [INFO] - {'model_name': 'msalm', 'dataset_name': 'mosei', 'featurePath': '/leonardo_work/EUHPC_A04_051/alexfil/MSA-Datasets/CMU-MOSEI/Processed/unaligned_50.pkl', 'seq_lens': [50, 500, 375], 'feature_dims': [768, 74, 35], 'train_samples': 16326, 'num_classes': 3, 'language': 'en', 'KeyEval': 'Loss', 'missing_rate': [0.0, 0.0, 0.0], 'missing_seed': [1111, 1111, 1111], 'need_data_aligned': False, 'need_model_aligned': False, 'early_stop': 10, 'use_bert': False, 'use_bert_finetune': False, 'attn_mask': True, 'excludeZero': True, 'update_epochs': 8, 'use_augmentation': False, 'use_m3xup': False, 'hfPath': False, 'use_ulgm': False, 'update_labels_patience': 1, 'H': 3.0, 'del_model': True, 'max_token_len': 50, 'pad_token': '<|endoftext|>', 'lm': '/leonardo_work/EUHPC_A04_051/alexfil/gpt2-large', 'use_bf16': False, 'task_out': 1, 'use_clm': True, 'gamma': 1.0, 'l_bn': 1.0, 'l_av': 1.0, 'l_t': 1.0, 'warmup_epochs': 1, 'max_epochs': 20, 'beta_1': 0.9, 'beta_2': 0.95, 'use_lnorm': True, 'rescale': False, 'rescaler': 'sqrt', 'use_seqaug': True, 'n_bn_fusion': 14, 'modded_loss': True, 'embedding_attr_name': 'transformer.wte', 'decoder_layers_attr_name': 'transformer.h', 'mmgpt': {'type': 'gpt2', 'd_out': 64, 'combine': True, 'dropout': 0.1, 'mm_layer': [7, 14, 21, 28, 35], 'top_k': 1, 'layer_dropout': 0.0, 'dense': True, 'tie_ffn': True, 'n_embd': 1280, 'bias': True, 'kv_dim': 30, 'n_head': 16, 'd_mm': 1280, 'gating': 'sigmoid', 'init_gate': [0.0, 0.0, 0.0, 0.0, 0.0, 0.0, 0.0, 0.0, 0.0, 0.0], 'use_softperm': True, 'p_perm': 0.3, 'p_apply': 0.25, 'use_lora': False, 'lora': {'lora_alpha': 128, 'r': 64, 'lora_dropout': 0.05}}, 'av_enc': {'finetune': True, 'from_pretrained': True, 'path_to_pretrained': '/leonardo_work/EUHPC_A04_051/alexfil/DeepMLF-Reprod/checkpoints/bienc-mosei-1990/bienc-mosei-1990.pth', 'feature_dims': [768, 74, 35], 'd_enc': 30, 'n_embd': 30, 'n_head': 6, 'nlevels': 3, 'd_enc_out': 30, 'maxlen': 50, 'p_mask': 0.15, 'enc_attn_dropout': 0.1, 'enc_res_dropout': 0.1, 'enc_dropout': 0.1, 'use_softperm': True, 'p_perm': 0.2, 'mask_perm_ratio': 0.5, 'tf_fusion': False, 'use_bn': False, 'use_ln': False}, 'gpt': {'vocab_size': 50257, 'block_size': 1024, 'bias': True, 'n_embd': 1024, 'n_layer': 24, 'n_head': 16, 'dropout': 0.0}, 'batch_size': 32, 'grad_clip': 5.0, 'patience': 10, 'weight_decay_mmgpt': 0.1, 'weight_decay_av': 0.1, 'learning_rate_av': 0.0001, 'learning_rate_mmgpt': 0.0001, 'device': device(type='cuda', index=0), 'train_mode': 'regression', 'custom_feature': None, 'feature_T': '', 'feature_A': '', 'feature_V': ''}
2026-01-17 16:39:20,085 - MMSA [INFO] - Seeds: [1990, 1991, 1992, 1993, 1994]
2026-01-17 16:39:20,086 - MMSA [INFO] - ------------------------------ Running with seed 1990 [1/5] ------------------------------
2026-01-17 16:51:16,791 - MMSA [INFO] - The model has 914783116 trainable parameters
2026-01-17 16:56:10,564 - MMSA [INFO] - TRAIN-(msalm) [1/1/1] >> loss: 0.7884  Has0_acc_2: 0.6959  Has0_F1_score: 0.6974  Non0_acc_2: 0.6933  Non0_F1_score: 0.6855  Mult_acc_5: 0.4121  Mult_acc_7: 0.4111  MAE: 0.7887  Corr: 0.3940  clm loss: 4.267 total loss: 7.7033 bn loss: 0.8577 av loss: 0.9052 text loss: 0.885
2026-01-17 16:56:20,774 - MMSA [INFO] - VAL-(msalm) >>  Has0_acc_2: 0.7675  Has0_F1_score: 0.7767  Non0_acc_2: 0.8025  Non0_F1_score: 0.8035  Mult_acc_5: 0.4762  Mult_acc_7: 0.4655  MAE: 0.6228  Corr: 0.6236  Loss: 0.6241 
2026-01-17 17:01:18,578 - MMSA [INFO] - TRAIN-(msalm) [1/2/1] >> loss: 0.6121  Has0_acc_2: 0.7799  Has0_F1_score: 0.7863  Non0_acc_2: 0.8165  Non0_F1_score: 0.8163  Mult_acc_5: 0.5086  Mult_acc_7: 0.4967  MAE: 0.6120  Corr: 0.6950  clm loss: 3.7759 total loss: 6.527 bn loss: 0.6449 av loss: 0.8115 text loss: 0.6827
2026-01-17 17:01:28,372 - MMSA [INFO] - VAL-(msalm) >>  Has0_acc_2: 0.8119  Has0_F1_score: 0.8183  Non0_acc_2: 0.8561  Non0_F1_score: 0.8560  Mult_acc_5: 0.5639  Mult_acc_7: 0.5521  MAE: 0.5204  Corr: 0.7446  Loss: 0.5201 
2026-01-17 17:06:27,267 - MMSA [INFO] - TRAIN-(msalm) [1/3/1] >> loss: 0.5384  Has0_acc_2: 0.8119  Has0_F1_score: 0.8170  Non0_acc_2: 0.8545  Non0_F1_score: 0.8542  Mult_acc_5: 0.5580  Mult_acc_7: 0.5384  MAE: 0.5386  Corr: 0.7666  clm loss: 3.6166 total loss: 6.084 bn loss: 0.5431 av loss: 0.7993 text loss: 0.5866
2026-01-17 17:06:36,970 - MMSA [INFO] - VAL-(msalm) >>  Has0_acc_2: 0.8300  Has0_F1_score: 0.8347  Non0_acc_2: 0.8672  Non0_F1_score: 0.8666  Mult_acc_5: 0.5681  Mult_acc_7: 0.5537  MAE: 0.4971  Corr: 0.7680  Loss: 0.4973 
2026-01-17 17:11:34,994 - MMSA [INFO] - TRAIN-(msalm) [1/4/1] >> loss: 0.5011  Has0_acc_2: 0.8240  Has0_F1_score: 0.8286  Non0_acc_2: 0.8693  Non0_F1_score: 0.8688  Mult_acc_5: 0.5875  Mult_acc_7: 0.5663  MAE: 0.5013  Corr: 0.8004  clm loss: 3.5469 total loss: 5.8901 bn loss: 0.5083 av loss: 0.7951 text loss: 0.5388
2026-01-17 17:11:45,063 - MMSA [INFO] - VAL-(msalm) >>  Has0_acc_2: 0.8071  Has0_F1_score: 0.8151  Non0_acc_2: 0.8602  Non0_F1_score: 0.8611  Mult_acc_5: 0.5714  Mult_acc_7: 0.5569  MAE: 0.4954  Corr: 0.7802  Loss: 0.4955 
2026-01-17 17:16:43,172 - MMSA [INFO] - TRAIN-(msalm) [1/5/1] >> loss: 0.4706  Has0_acc_2: 0.8334  Has0_F1_score: 0.8380  Non0_acc_2: 0.8839  Non0_F1_score: 0.8837  Mult_acc_5: 0.6099  Mult_acc_7: 0.5871  MAE: 0.4708  Corr: 0.8256  clm loss: 3.4834 total loss: 5.7279 bn loss: 0.4807 av loss: 0.7942 text loss: 0.499
2026-01-17 17:16:52,837 - MMSA [INFO] - VAL-(msalm) >>  Has0_acc_2: 0.8429  Has0_F1_score: 0.8474  Non0_acc_2: 0.8741  Non0_F1_score: 0.8742  Mult_acc_5: 0.5815  Mult_acc_7: 0.5665  MAE: 0.4882  Corr: 0.7825  Loss: 0.4895 
2026-01-17 17:21:51,611 - MMSA [INFO] - TRAIN-(msalm) [1/6/1] >> loss: 0.4497  Has0_acc_2: 0.8417  Has0_F1_score: 0.8460  Non0_acc_2: 0.8957  Non0_F1_score: 0.8953  Mult_acc_5: 0.6287  Mult_acc_7: 0.6047  MAE: 0.4499  Corr: 0.8402  clm loss: 3.4497 total loss: 5.608 bn loss: 0.4544 av loss: 0.7922 text loss: 0.462
2026-01-17 17:22:01,370 - MMSA [INFO] - VAL-(msalm) >>  Has0_acc_2: 0.8124  Has0_F1_score: 0.8194  Non0_acc_2: 0.8581  Non0_F1_score: 0.8586  Mult_acc_5: 0.5911  Mult_acc_7: 0.5799  MAE: 0.4891  Corr: 0.7800  Loss: 0.4895 
2026-01-17 17:26:53,963 - MMSA [INFO] - TRAIN-(msalm) [2/7/1] >> loss: 0.428  Has0_acc_2: 0.8483  Has0_F1_score: 0.8528  Non0_acc_2: 0.9068  Non0_F1_score: 0.9067  Mult_acc_5: 0.6452  Mult_acc_7: 0.6204  MAE: 0.4277  Corr: 0.8558  clm loss: 3.4144 total loss: 5.503 bn loss: 0.435 av loss: 0.7905 text loss: 0.435
2026-01-17 17:27:04,160 - MMSA [INFO] - VAL-(msalm) >>  Has0_acc_2: 0.8300  Has0_F1_score: 0.8351  Non0_acc_2: 0.8693  Non0_F1_score: 0.8689  Mult_acc_5: 0.5751  Mult_acc_7: 0.5569  MAE: 0.4928  Corr: 0.7786  Loss: 0.4924 
2026-01-17 17:31:56,434 - MMSA [INFO] - TRAIN-(msalm) [3/8/1] >> loss: 0.3993  Has0_acc_2: 0.8507  Has0_F1_score: 0.8552  Non0_acc_2: 0.9133  Non0_F1_score: 0.9132  Mult_acc_5: 0.6704  Mult_acc_7: 0.6464  MAE: 0.3990  Corr: 0.8714  clm loss: 3.3834 total loss: 5.3915 bn loss: 0.4137 av loss: 0.7894 text loss: 0.4058
2026-01-17 17:32:06,168 - MMSA [INFO] - VAL-(msalm) >>  Has0_acc_2: 0.8129  Has0_F1_score: 0.8202  Non0_acc_2: 0.8609  Non0_F1_score: 0.8615  Mult_acc_5: 0.5799  Mult_acc_7: 0.5660  MAE: 0.4899  Corr: 0.7815  Loss: 0.4904 
2026-01-17 17:36:58,681 - MMSA [INFO] - TRAIN-(msalm) [4/9/1] >> loss: 0.3855  Has0_acc_2: 0.8569  Has0_F1_score: 0.8612  Non0_acc_2: 0.9206  Non0_F1_score: 0.9205  Mult_acc_5: 0.6804  Mult_acc_7: 0.6557  MAE: 0.3847  Corr: 0.8826  clm loss: 3.3617 total loss: 5.3166 bn loss: 0.397 av loss: 0.7887 text loss: 0.3837
2026-01-17 17:37:08,392 - MMSA [INFO] - VAL-(msalm) >>  Has0_acc_2: 0.8028  Has0_F1_score: 0.8114  Non0_acc_2: 0.8547  Non0_F1_score: 0.8560  Mult_acc_5: 0.5783  Mult_acc_7: 0.5644  MAE: 0.5000  Corr: 0.7799  Loss: 0.4987 
2026-01-17 17:42:00,634 - MMSA [INFO] - TRAIN-(msalm) [5/10/1] >> loss: 0.3652  Has0_acc_2: 0.8608  Has0_F1_score: 0.8650  Non0_acc_2: 0.9279  Non0_F1_score: 0.9278  Mult_acc_5: 0.7002  Mult_acc_7: 0.6749  MAE: 0.3650  Corr: 0.8927  clm loss: 3.3416 total loss: 5.2379 bn loss: 0.3798 av loss: 0.788 text loss: 0.3633
2026-01-17 17:42:10,331 - MMSA [INFO] - VAL-(msalm) >>  Has0_acc_2: 0.8156  Has0_F1_score: 0.8217  Non0_acc_2: 0.8547  Non0_F1_score: 0.8546  Mult_acc_5: 0.5665  Mult_acc_7: 0.5505  MAE: 0.5019  Corr: 0.7701  Loss: 0.5022 
2026-01-17 17:47:02,877 - MMSA [INFO] - TRAIN-(msalm) [6/11/1] >> loss: 0.3517  Has0_acc_2: 0.8629  Has0_F1_score: 0.8671  Non0_acc_2: 0.9327  Non0_F1_score: 0.9326  Mult_acc_5: 0.7109  Mult_acc_7: 0.6847  MAE: 0.3516  Corr: 0.9021  clm loss: 3.3249 total loss: 5.1692 bn loss: 0.3612 av loss: 0.787 text loss: 0.3444
2026-01-17 17:47:12,583 - MMSA [INFO] - VAL-(msalm) >>  Has0_acc_2: 0.8161  Has0_F1_score: 0.8232  Non0_acc_2: 0.8581  Non0_F1_score: 0.8590  Mult_acc_5: 0.5762  Mult_acc_7: 0.5607  MAE: 0.4993  Corr: 0.7717  Loss: 0.4993 
2026-01-17 17:52:04,700 - MMSA [INFO] - TRAIN-(msalm) [7/12/1] >> loss: 0.3404  Has0_acc_2: 0.8624  Has0_F1_score: 0.8668  Non0_acc_2: 0.9359  Non0_F1_score: 0.9358  Mult_acc_5: 0.7197  Mult_acc_7: 0.6956  MAE: 0.3396  Corr: 0.9073  clm loss: 3.3093 total loss: 5.1203 bn loss: 0.3544 av loss: 0.787 text loss: 0.3292
2026-01-17 17:52:14,952 - MMSA [INFO] - VAL-(msalm) >>  Has0_acc_2: 0.8236  Has0_F1_score: 0.8288  Non0_acc_2: 0.8609  Non0_F1_score: 0.8605  Mult_acc_5: 0.5655  Mult_acc_7: 0.5494  MAE: 0.5051  Corr: 0.7705  Loss: 0.5040 
2026-01-17 17:57:07,072 - MMSA [INFO] - TRAIN-(msalm) [8/13/1] >> loss: 0.327  Has0_acc_2: 0.8694  Has0_F1_score: 0.8736  Non0_acc_2: 0.9427  Non0_F1_score: 0.9426  Mult_acc_5: 0.7294  Mult_acc_7: 0.7038  MAE: 0.3267  Corr: 0.9159  clm loss: 3.2945 total loss: 5.061 bn loss: 0.3397 av loss: 0.7858 text loss: 0.3139
2026-01-17 17:57:16,766 - MMSA [INFO] - VAL-(msalm) >>  Has0_acc_2: 0.8081  Has0_F1_score: 0.8159  Non0_acc_2: 0.8547  Non0_F1_score: 0.8556  Mult_acc_5: 0.5783  Mult_acc_7: 0.5649  MAE: 0.4989  Corr: 0.7740  Loss: 0.4987 
2026-01-17 18:02:09,157 - MMSA [INFO] - TRAIN-(msalm) [9/14/1] >> loss: 0.3176  Has0_acc_2: 0.8672  Has0_F1_score: 0.8715  Non0_acc_2: 0.9426  Non0_F1_score: 0.9425  Mult_acc_5: 0.7379  Mult_acc_7: 0.7133  MAE: 0.3171  Corr: 0.9201  clm loss: 3.2792 total loss: 5.0131 bn loss: 0.3281 av loss: 0.7869 text loss: 0.3012
2026-01-17 18:02:18,904 - MMSA [INFO] - VAL-(msalm) >>  Has0_acc_2: 0.8348  Has0_F1_score: 0.8373  Non0_acc_2: 0.8602  Non0_F1_score: 0.8582  Mult_acc_5: 0.5516  Mult_acc_7: 0.5361  MAE: 0.5110  Corr: 0.7733  Loss: 0.5104 
2026-01-17 18:07:11,264 - MMSA [INFO] - TRAIN-(msalm) [10/15/1] >> loss: 0.3039  Has0_acc_2: 0.8688  Has0_F1_score: 0.8732  Non0_acc_2: 0.9489  Non0_F1_score: 0.9488  Mult_acc_5: 0.7574  Mult_acc_7: 0.7322  MAE: 0.3041  Corr: 0.9261  clm loss: 3.2628 total loss: 4.9599 bn loss: 0.3182 av loss: 0.785 text loss: 0.2899
2026-01-17 18:07:21,190 - MMSA [INFO] - VAL-(msalm) >>  Has0_acc_2: 0.7953  Has0_F1_score: 0.8046  Non0_acc_2: 0.8491  Non0_F1_score: 0.8507  Mult_acc_5: 0.5714  Mult_acc_7: 0.5564  MAE: 0.5048  Corr: 0.7724  Loss: 0.5076 
2026-01-17 18:07:45,039 - MMSA [INFO] - TEST-(msalm) >>  Has0_acc_2: 0.8315  Has0_F1_score: 0.8357  Non0_acc_2: 0.8704  Non0_F1_score: 0.8700  Mult_acc_5: 0.5729  Mult_acc_7: 0.5533  MAE: 0.5038  Corr: 0.8037  Loss: 0.5036 
2026-01-17 18:07:47,442 - MMSA [INFO] - Result for seed 1990: {'Has0_acc_2': 0.8315, 'Has0_F1_score': 0.8357, 'Non0_acc_2': 0.8704, 'Non0_F1_score': 0.87, 'Mult_acc_5': 0.5729, 'Mult_acc_7': 0.5533, 'MAE': 0.5038, 'Corr': 0.8037, 'Loss': 0.5036, 'seed': 1990}
2026-01-17 18:07:47,444 - MMSA [INFO] - ------------------------------ Running with seed 1991 [2/5] ------------------------------
2026-01-17 18:21:54,420 - MMSA [INFO] - The model has 914783116 trainable parameters
2026-01-17 18:26:47,652 - MMSA [INFO] - TRAIN-(msalm) [1/1/2] >> loss: 0.8392  Has0_acc_2: 0.5614  Has0_F1_score: 0.5760  Non0_acc_2: 0.6110  Non0_F1_score: 0.6135  Mult_acc_5: 0.3966  Mult_acc_7: 0.3927  MAE: 0.8397  Corr: 0.3823  clm loss: 4.2667 total loss: 7.6573 bn loss: 0.8231 av loss: 0.8168 text loss: 0.9116
2026-01-17 18:26:57,588 - MMSA [INFO] - VAL-(msalm) >>  Has0_acc_2: 0.7413  Has0_F1_score: 0.7549  Non0_acc_2: 0.7914  Non0_F1_score: 0.7951  Mult_acc_5: 0.4800  Mult_acc_7: 0.4698  MAE: 0.6342  Corr: 0.6228  Loss: 0.6362 
2026-01-17 18:31:56,364 - MMSA [INFO] - TRAIN-(msalm) [1/2/2] >> loss: 0.6212  Has0_acc_2: 0.7541  Has0_F1_score: 0.7648  Non0_acc_2: 0.8115  Non0_F1_score: 0.8140  Mult_acc_5: 0.5015  Mult_acc_7: 0.4873  MAE: 0.6213  Corr: 0.6997  clm loss: 3.794 total loss: 6.515 bn loss: 0.6293 av loss: 0.7995 text loss: 0.671
2026-01-17 18:32:06,283 - MMSA [INFO] - VAL-(msalm) >>  Has0_acc_2: 0.8199  Has0_F1_score: 0.8259  Non0_acc_2: 0.8498  Non0_F1_score: 0.8503  Mult_acc_5: 0.5687  Mult_acc_7: 0.5564  MAE: 0.5236  Corr: 0.7460  Loss: 0.5255 
2026-01-17 18:37:04,590 - MMSA [INFO] - TRAIN-(msalm) [1/3/2] >> loss: 0.5373  Has0_acc_2: 0.8073  Has0_F1_score: 0.8135  Non0_acc_2: 0.8566  Non0_F1_score: 0.8568  Mult_acc_5: 0.5591  Mult_acc_7: 0.5398  MAE: 0.5369  Corr: 0.7697  clm loss: 3.6292 total loss: 6.0782 bn loss: 0.5353 av loss: 0.796 text loss: 0.5805
2026-01-17 18:37:14,728 - MMSA [INFO] - VAL-(msalm) >>  Has0_acc_2: 0.8087  Has0_F1_score: 0.8168  Non0_acc_2: 0.8519  Non0_F1_score: 0.8533  Mult_acc_5: 0.5863  Mult_acc_7: 0.5730  MAE: 0.5014  Corr: 0.7712  Loss: 0.5019 
2026-01-17 18:42:12,592 - MMSA [INFO] - TRAIN-(msalm) [1/4/2] >> loss: 0.5007  Has0_acc_2: 0.8217  Has0_F1_score: 0.8270  Non0_acc_2: 0.8692  Non0_F1_score: 0.8692  Mult_acc_5: 0.5824  Mult_acc_7: 0.5614  MAE: 0.5004  Corr: 0.8022  clm loss: 3.545 total loss: 5.8775 bn loss: 0.5029 av loss: 0.7928 text loss: 0.536
2026-01-17 18:42:22,400 - MMSA [INFO] - VAL-(msalm) >>  Has0_acc_2: 0.8316  Has0_F1_score: 0.8377  Non0_acc_2: 0.8734  Non0_F1_score: 0.8740  Mult_acc_5: 0.5762  Mult_acc_7: 0.5607  MAE: 0.5028  Corr: 0.7810  Loss: 0.5028 
2026-01-17 18:47:14,993 - MMSA [INFO] - TRAIN-(msalm) [2/5/2] >> loss: 0.4717  Has0_acc_2: 0.8330  Has0_F1_score: 0.8378  Non0_acc_2: 0.8854  Non0_F1_score: 0.8853  Mult_acc_5: 0.6117  Mult_acc_7: 0.5881  MAE: 0.4718  Corr: 0.8233  clm loss: 3.4913 total loss: 5.7277 bn loss: 0.4746 av loss: 0.7913 text loss: 0.4988
2026-01-17 18:47:24,823 - MMSA [INFO] - VAL-(msalm) >>  Has0_acc_2: 0.8097  Has0_F1_score: 0.8177  Non0_acc_2: 0.8623  Non0_F1_score: 0.8633  Mult_acc_5: 0.5901  Mult_acc_7: 0.5767  MAE: 0.4856  Corr: 0.7852  Loss: 0.4864 
2026-01-17 18:52:22,698 - MMSA [INFO] - TRAIN-(msalm) [1/6/2] >> loss: 0.4469  Has0_acc_2: 0.8417  Has0_F1_score: 0.8463  Non0_acc_2: 0.8964  Non0_F1_score: 0.8963  Mult_acc_5: 0.6307  Mult_acc_7: 0.6073  MAE: 0.4466  Corr: 0.8435  clm loss: 3.4384 total loss: 5.5903 bn loss: 0.4541 av loss: 0.7892 text loss: 0.4617
2026-01-17 18:52:32,538 - MMSA [INFO] - VAL-(msalm) >>  Has0_acc_2: 0.8252  Has0_F1_score: 0.8313  Non0_acc_2: 0.8658  Non0_F1_score: 0.8662  Mult_acc_5: 0.5911  Mult_acc_7: 0.5719  MAE: 0.4888  Corr: 0.7810  Loss: 0.4900 
2026-01-17 18:57:24,849 - MMSA [INFO] - TRAIN-(msalm) [2/7/2] >> loss: 0.4218  Has0_acc_2: 0.8453  Has0_F1_score: 0.8500  Non0_acc_2: 0.9061  Non0_F1_score: 0.9061  Mult_acc_5: 0.6544  Mult_acc_7: 0.6319  MAE: 0.4212  Corr: 0.8588  clm loss: 3.4088 total loss: 5.4846 bn loss: 0.433 av loss: 0.7885 text loss: 0.4325
2026-01-17 18:57:35,393 - MMSA [INFO] - VAL-(msalm) >>  Has0_acc_2: 0.8193  Has0_F1_score: 0.8252  Non0_acc_2: 0.8602  Non0_F1_score: 0.8601  Mult_acc_5: 0.5847  Mult_acc_7: 0.5708  MAE: 0.4933  Corr: 0.7750  Loss: 0.4936 
2026-01-17 19:02:27,640 - MMSA [INFO] - TRAIN-(msalm) [3/8/2] >> loss: 0.4006  Has0_acc_2: 0.8511  Has0_F1_score: 0.8556  Non0_acc_2: 0.9136  Non0_F1_score: 0.9135  Mult_acc_5: 0.6678  Mult_acc_7: 0.6427  MAE: 0.4009  Corr: 0.8717  clm loss: 3.3823 total loss: 5.3897 bn loss: 0.4121 av loss: 0.7879 text loss: 0.4067
2026-01-17 19:02:37,460 - MMSA [INFO] - VAL-(msalm) >>  Has0_acc_2: 0.8252  Has0_F1_score: 0.8308  Non0_acc_2: 0.8630  Non0_F1_score: 0.8630  Mult_acc_5: 0.5815  Mult_acc_7: 0.5639  MAE: 0.4953  Corr: 0.7820  Loss: 0.4946 
2026-01-17 19:07:29,833 - MMSA [INFO] - TRAIN-(msalm) [4/9/2] >> loss: 0.3857  Has0_acc_2: 0.8578  Has0_F1_score: 0.8621  Non0_acc_2: 0.9238  Non0_F1_score: 0.9237  Mult_acc_5: 0.6783  Mult_acc_7: 0.6531  MAE: 0.3852  Corr: 0.8812  clm loss: 3.359 total loss: 5.309 bn loss: 0.3953 av loss: 0.7876 text loss: 0.3813
2026-01-17 19:07:39,666 - MMSA [INFO] - VAL-(msalm) >>  Has0_acc_2: 0.8407  Has0_F1_score: 0.8437  Non0_acc_2: 0.8693  Non0_F1_score: 0.8679  Mult_acc_5: 0.5735  Mult_acc_7: 0.5537  MAE: 0.5167  Corr: 0.7772  Loss: 0.5182 
2026-01-17 19:12:31,967 - MMSA [INFO] - TRAIN-(msalm) [5/10/2] >> loss: 0.3654  Has0_acc_2: 0.8578  Has0_F1_score: 0.8623  Non0_acc_2: 0.9259  Non0_F1_score: 0.9259  Mult_acc_5: 0.6969  Mult_acc_7: 0.6735  MAE: 0.3650  Corr: 0.8945  clm loss: 3.3363 total loss: 5.2276 bn loss: 0.3777 av loss: 0.7877 text loss: 0.3604
2026-01-17 19:12:42,192 - MMSA [INFO] - VAL-(msalm) >>  Has0_acc_2: 0.8188  Has0_F1_score: 0.8253  Non0_acc_2: 0.8574  Non0_F1_score: 0.8580  Mult_acc_5: 0.5724  Mult_acc_7: 0.5585  MAE: 0.5029  Corr: 0.7678  Loss: 0.5047 
2026-01-17 19:17:34,390 - MMSA [INFO] - TRAIN-(msalm) [6/11/2] >> loss: 0.3453  Has0_acc_2: 0.8651  Has0_F1_score: 0.8693  Non0_acc_2: 0.9365  Non0_F1_score: 0.9365  Mult_acc_5: 0.7133  Mult_acc_7: 0.6865  MAE: 0.3452  Corr: 0.9057  clm loss: 3.3117 total loss: 5.1373 bn loss: 0.3573 av loss: 0.7858 text loss: 0.3373
2026-01-17 19:17:44,210 - MMSA [INFO] - VAL-(msalm) >>  Has0_acc_2: 0.8060  Has0_F1_score: 0.8136  Non0_acc_2: 0.8526  Non0_F1_score: 0.8533  Mult_acc_5: 0.5804  Mult_acc_7: 0.5649  MAE: 0.4981  Corr: 0.7752  Loss: 0.4979 
2026-01-17 19:22:36,588 - MMSA [INFO] - TRAIN-(msalm) [7/12/2] >> loss: 0.3292  Has0_acc_2: 0.8629  Has0_F1_score: 0.8673  Non0_acc_2: 0.9395  Non0_F1_score: 0.9395  Mult_acc_5: 0.7345  Mult_acc_7: 0.7093  MAE: 0.3295  Corr: 0.9126  clm loss: 3.2953 total loss: 5.0761 bn loss: 0.3442 av loss: 0.7844 text loss: 0.3229
2026-01-17 19:22:46,356 - MMSA [INFO] - VAL-(msalm) >>  Has0_acc_2: 0.8044  Has0_F1_score: 0.8129  Non0_acc_2: 0.8554  Non0_F1_score: 0.8567  Mult_acc_5: 0.5810  Mult_acc_7: 0.5639  MAE: 0.4984  Corr: 0.7739  Loss: 0.4974 
2026-01-17 19:27:38,672 - MMSA [INFO] - TRAIN-(msalm) [8/13/2] >> loss: 0.3235  Has0_acc_2: 0.8692  Has0_F1_score: 0.8735  Non0_acc_2: 0.9448  Non0_F1_score: 0.9448  Mult_acc_5: 0.7391  Mult_acc_7: 0.7147  MAE: 0.3235  Corr: 0.9152  clm loss: 3.2984 total loss: 5.0568 bn loss: 0.3362 av loss: 0.7841 text loss: 0.3146
2026-01-17 19:27:48,477 - MMSA [INFO] - VAL-(msalm) >>  Has0_acc_2: 0.8316  Has0_F1_score: 0.8369  Non0_acc_2: 0.8672  Non0_F1_score: 0.8672  Mult_acc_5: 0.5767  Mult_acc_7: 0.5601  MAE: 0.5011  Corr: 0.7730  Loss: 0.4999 
2026-01-17 19:32:40,687 - MMSA [INFO] - TRAIN-(msalm) [9/14/2] >> loss: 0.3137  Has0_acc_2: 0.8675  Has0_F1_score: 0.8719  Non0_acc_2: 0.9460  Non0_F1_score: 0.9459  Mult_acc_5: 0.7439  Mult_acc_7: 0.7188  MAE: 0.3139  Corr: 0.9207  clm loss: 3.2848 total loss: 5.0155 bn loss: 0.3286 av loss: 0.7839 text loss: 0.3045
2026-01-17 19:32:50,393 - MMSA [INFO] - VAL-(msalm) >>  Has0_acc_2: 0.8022  Has0_F1_score: 0.8107  Non0_acc_2: 0.8512  Non0_F1_score: 0.8525  Mult_acc_5: 0.5740  Mult_acc_7: 0.5575  MAE: 0.5042  Corr: 0.7746  Loss: 0.5048 
2026-01-17 19:37:42,713 - MMSA [INFO] - TRAIN-(msalm) [10/15/2] >> loss: 0.3131  Has0_acc_2: 0.8684  Has0_F1_score: 0.8729  Non0_acc_2: 0.9492  Non0_F1_score: 0.9492  Mult_acc_5: 0.7456  Mult_acc_7: 0.7193  MAE: 0.3121  Corr: 0.9231  clm loss: 3.2688 total loss: 4.9795 bn loss: 0.3186 av loss: 0.7841 text loss: 0.2949
2026-01-17 19:37:52,532 - MMSA [INFO] - VAL-(msalm) >>  Has0_acc_2: 0.7862  Has0_F1_score: 0.7965  Non0_acc_2: 0.8428  Non0_F1_score: 0.8449  Mult_acc_5: 0.5714  Mult_acc_7: 0.5575  MAE: 0.5073  Corr: 0.7747  Loss: 0.5079 
2026-01-17 19:38:20,879 - MMSA [INFO] - TEST-(msalm) >>  Has0_acc_2: 0.8008  Has0_F1_score: 0.8085  Non0_acc_2: 0.8610  Non0_F1_score: 0.8620  Mult_acc_5: 0.5802  Mult_acc_7: 0.5587  MAE: 0.5061  Corr: 0.8050  Loss: 0.5061 
2026-01-17 19:38:23,630 - MMSA [INFO] - Result for seed 1991: {'Has0_acc_2': 0.8008, 'Has0_F1_score': 0.8085, 'Non0_acc_2': 0.861, 'Non0_F1_score': 0.862, 'Mult_acc_5': 0.5802, 'Mult_acc_7': 0.5587, 'MAE': 0.5061, 'Corr': 0.805, 'Loss': 0.5061, 'seed': 1991}
2026-01-17 19:38:23,632 - MMSA [INFO] - ------------------------------ Running with seed 1992 [3/5] ------------------------------
2026-01-17 19:51:43,728 - MMSA [INFO] - The model has 914783116 trainable parameters
2026-01-17 19:56:37,178 - MMSA [INFO] - TRAIN-(msalm) [1/1/3] >> loss: 0.8379  Has0_acc_2: 0.5831  Has0_F1_score: 0.6017  Non0_acc_2: 0.6175  Non0_F1_score: 0.6237  Mult_acc_5: 0.3981  Mult_acc_7: 0.3964  MAE: 0.8384  Corr: 0.3438  clm loss: 4.2599 total loss: 7.5907 bn loss: 0.8269 av loss: 0.8247 text loss: 0.8413
2026-01-17 19:56:47,107 - MMSA [INFO] - VAL-(msalm) >>  Has0_acc_2: 0.7440  Has0_F1_score: 0.7575  Non0_acc_2: 0.7949  Non0_F1_score: 0.7987  Mult_acc_5: 0.4789  Mult_acc_7: 0.4666  MAE: 0.6389  Corr: 0.6312  Loss: 0.6429 
2026-01-17 20:01:45,349 - MMSA [INFO] - TRAIN-(msalm) [1/2/3] >> loss: 0.6162  Has0_acc_2: 0.7680  Has0_F1_score: 0.7773  Non0_acc_2: 0.8182  Non0_F1_score: 0.8199  Mult_acc_5: 0.5005  Mult_acc_7: 0.4859  MAE: 0.6163  Corr: 0.6967  clm loss: 3.7736 total loss: 6.5002 bn loss: 0.6365 av loss: 0.8037 text loss: 0.6702
2026-01-17 20:01:55,260 - MMSA [INFO] - VAL-(msalm) >>  Has0_acc_2: 0.8167  Has0_F1_score: 0.8231  Non0_acc_2: 0.8595  Non0_F1_score: 0.8598  Mult_acc_5: 0.5564  Mult_acc_7: 0.5457  MAE: 0.5174  Corr: 0.7419  Loss: 0.5170 
2026-01-17 20:06:53,921 - MMSA [INFO] - TRAIN-(msalm) [1/3/3] >> loss: 0.5428  Has0_acc_2: 0.8082  Has0_F1_score: 0.8138  Non0_acc_2: 0.8523  Non0_F1_score: 0.8523  Mult_acc_5: 0.5575  Mult_acc_7: 0.5374  MAE: 0.5430  Corr: 0.7653  clm loss: 3.6254 total loss: 6.0927 bn loss: 0.5434 av loss: 0.7971 text loss: 0.584
2026-01-17 20:07:04,188 - MMSA [INFO] - VAL-(msalm) >>  Has0_acc_2: 0.8236  Has0_F1_score: 0.8298  Non0_acc_2: 0.8700  Non0_F1_score: 0.8700  Mult_acc_5: 0.5826  Mult_acc_7: 0.5660  MAE: 0.4890  Corr: 0.7756  Loss: 0.4887 
2026-01-17 20:12:02,602 - MMSA [INFO] - TRAIN-(msalm) [1/4/3] >> loss: 0.501  Has0_acc_2: 0.8232  Has0_F1_score: 0.8282  Non0_acc_2: 0.8718  Non0_F1_score: 0.8716  Mult_acc_5: 0.5837  Mult_acc_7: 0.5609  MAE: 0.5007  Corr: 0.8026  clm loss: 3.5407 total loss: 5.8741 bn loss: 0.5017 av loss: 0.7959 text loss: 0.5346
2026-01-17 20:12:12,485 - MMSA [INFO] - VAL-(msalm) >>  Has0_acc_2: 0.8247  Has0_F1_score: 0.8316  Non0_acc_2: 0.8720  Non0_F1_score: 0.8729  Mult_acc_5: 0.5885  Mult_acc_7: 0.5724  MAE: 0.4855  Corr: 0.7814  Loss: 0.4852 
2026-01-17 20:17:11,186 - MMSA [INFO] - TRAIN-(msalm) [1/5/3] >> loss: 0.471  Has0_acc_2: 0.8351  Has0_F1_score: 0.8399  Non0_acc_2: 0.8876  Non0_F1_score: 0.8875  Mult_acc_5: 0.6137  Mult_acc_7: 0.5910  MAE: 0.4706  Corr: 0.8243  clm loss: 3.4846 total loss: 5.7267 bn loss: 0.4765 av loss: 0.7948 text loss: 0.4998
2026-01-17 20:17:21,062 - MMSA [INFO] - VAL-(msalm) >>  Has0_acc_2: 0.8332  Has0_F1_score: 0.8386  Non0_acc_2: 0.8707  Non0_F1_score: 0.8708  Mult_acc_5: 0.5906  Mult_acc_7: 0.5746  MAE: 0.4877  Corr: 0.7804  Loss: 0.4868 
2026-01-17 20:22:13,419 - MMSA [INFO] - TRAIN-(msalm) [2/6/3] >> loss: 0.4499  Has0_acc_2: 0.8330  Has0_F1_score: 0.8382  Non0_acc_2: 0.8911  Non0_F1_score: 0.8910  Mult_acc_5: 0.6294  Mult_acc_7: 0.6059  MAE: 0.4491  Corr: 0.8398  clm loss: 3.446 total loss: 5.6055 bn loss: 0.454 av loss: 0.7913 text loss: 0.4643
2026-01-17 20:22:23,678 - MMSA [INFO] - VAL-(msalm) >>  Has0_acc_2: 0.8044  Has0_F1_score: 0.8129  Non0_acc_2: 0.8540  Non0_F1_score: 0.8554  Mult_acc_5: 0.5799  Mult_acc_7: 0.5628  MAE: 0.4966  Corr: 0.7814  Loss: 0.4962 
2026-01-17 20:27:15,962 - MMSA [INFO] - TRAIN-(msalm) [3/7/3] >> loss: 0.4217  Has0_acc_2: 0.8483  Has0_F1_score: 0.8529  Non0_acc_2: 0.9064  Non0_F1_score: 0.9063  Mult_acc_5: 0.6480  Mult_acc_7: 0.6237  MAE: 0.4216  Corr: 0.8589  clm loss: 3.4143 total loss: 5.4941 bn loss: 0.4342 av loss: 0.7903 text loss: 0.4336
2026-01-17 20:27:25,855 - MMSA [INFO] - VAL-(msalm) >>  Has0_acc_2: 0.8156  Has0_F1_score: 0.8232  Non0_acc_2: 0.8693  Non0_F1_score: 0.8700  Mult_acc_5: 0.5831  Mult_acc_7: 0.5649  MAE: 0.4923  Corr: 0.7852  Loss: 0.4929 
2026-01-17 20:32:18,143 - MMSA [INFO] - TRAIN-(msalm) [4/8/3] >> loss: 0.4032  Has0_acc_2: 0.8513  Has0_F1_score: 0.8558  Non0_acc_2: 0.9161  Non0_F1_score: 0.9159  Mult_acc_5: 0.6666  Mult_acc_7: 0.6416  MAE: 0.4019  Corr: 0.8708  clm loss: 3.3846 total loss: 5.3988 bn loss: 0.4124 av loss: 0.7912 text loss: 0.4074
2026-01-17 20:32:28,004 - MMSA [INFO] - VAL-(msalm) >>  Has0_acc_2: 0.8071  Has0_F1_score: 0.8148  Non0_acc_2: 0.8581  Non0_F1_score: 0.8588  Mult_acc_5: 0.5778  Mult_acc_7: 0.5623  MAE: 0.4887  Corr: 0.7793  Loss: 0.4883 
2026-01-17 20:37:20,186 - MMSA [INFO] - TRAIN-(msalm) [5/9/3] >> loss: 0.3783  Has0_acc_2: 0.8544  Has0_F1_score: 0.8590  Non0_acc_2: 0.9217  Non0_F1_score: 0.9217  Mult_acc_5: 0.6868  Mult_acc_7: 0.6623  MAE: 0.3780  Corr: 0.8846  clm loss: 3.3563 total loss: 5.2959 bn loss: 0.3918 av loss: 0.7887 text loss: 0.3809
2026-01-17 20:37:30,528 - MMSA [INFO] - VAL-(msalm) >>  Has0_acc_2: 0.8044  Has0_F1_score: 0.8129  Non0_acc_2: 0.8526  Non0_F1_score: 0.8540  Mult_acc_5: 0.5676  Mult_acc_7: 0.5510  MAE: 0.5041  Corr: 0.7730  Loss: 0.5049 
2026-01-17 20:42:22,525 - MMSA [INFO] - TRAIN-(msalm) [6/10/3] >> loss: 0.3648  Has0_acc_2: 0.8570  Has0_F1_score: 0.8615  Non0_acc_2: 0.9284  Non0_F1_score: 0.9283  Mult_acc_5: 0.6969  Mult_acc_7: 0.6720  MAE: 0.3646  Corr: 0.8947  clm loss: 3.3443 total loss: 5.2349 bn loss: 0.3773 av loss: 0.788 text loss: 0.3604
2026-01-17 20:42:32,333 - MMSA [INFO] - VAL-(msalm) >>  Has0_acc_2: 0.8466  Has0_F1_score: 0.8495  Non0_acc_2: 0.8713  Non0_F1_score: 0.8703  Mult_acc_5: 0.5799  Mult_acc_7: 0.5633  MAE: 0.5008  Corr: 0.7772  Loss: 0.5023 
2026-01-17 20:47:24,405 - MMSA [INFO] - TRAIN-(msalm) [7/11/3] >> loss: 0.3507  Has0_acc_2: 0.8569  Has0_F1_score: 0.8617  Non0_acc_2: 0.9320  Non0_F1_score: 0.9320  Mult_acc_5: 0.7106  Mult_acc_7: 0.6864  MAE: 0.3507  Corr: 0.9016  clm loss: 3.3154 total loss: 5.1605 bn loss: 0.3627 av loss: 0.7868 text loss: 0.345
2026-01-17 20:47:34,886 - MMSA [INFO] - VAL-(msalm) >>  Has0_acc_2: 0.8429  Has0_F1_score: 0.8457  Non0_acc_2: 0.8644  Non0_F1_score: 0.8633  Mult_acc_5: 0.5697  Mult_acc_7: 0.5537  MAE: 0.5044  Corr: 0.7750  Loss: 0.5044 
2026-01-17 20:52:26,971 - MMSA [INFO] - TRAIN-(msalm) [8/12/3] >> loss: 0.3311  Has0_acc_2: 0.8659  Has0_F1_score: 0.8702  Non0_acc_2: 0.9415  Non0_F1_score: 0.9415  Mult_acc_5: 0.7301  Mult_acc_7: 0.7051  MAE: 0.3312  Corr: 0.9127  clm loss: 3.3074 total loss: 5.0942 bn loss: 0.3459 av loss: 0.786 text loss: 0.3237
2026-01-17 20:52:36,802 - MMSA [INFO] - VAL-(msalm) >>  Has0_acc_2: 0.8434  Has0_F1_score: 0.8470  Non0_acc_2: 0.8679  Non0_F1_score: 0.8673  Mult_acc_5: 0.5660  Mult_acc_7: 0.5484  MAE: 0.5063  Corr: 0.7714  Loss: 0.5074 
2026-01-17 20:57:28,957 - MMSA [INFO] - TRAIN-(msalm) [9/13/3] >> loss: 0.3219  Has0_acc_2: 0.8682  Has0_F1_score: 0.8726  Non0_acc_2: 0.9428  Non0_F1_score: 0.9429  Mult_acc_5: 0.7370  Mult_acc_7: 0.7129  MAE: 0.3219  Corr: 0.9172  clm loss: 3.2903 total loss: 5.0459 bn loss: 0.336 av loss: 0.7853 text loss: 0.3124
2026-01-17 20:57:38,760 - MMSA [INFO] - VAL-(msalm) >>  Has0_acc_2: 0.8365  Has0_F1_score: 0.8403  Non0_acc_2: 0.8644  Non0_F1_score: 0.8636  Mult_acc_5: 0.5788  Mult_acc_7: 0.5617  MAE: 0.5061  Corr: 0.7752  Loss: 0.5038 
