2026-01-17 16:39:17,674 - MMSA [INFO] - ======================================== Program Start ========================================
2026-01-17 16:39:17,754 - MMSA [INFO] - Running with args:
2026-01-17 16:39:17,755 - MMSA [INFO] - {'model_name': 'msalm', 'dataset_name': 'mosei', 'featurePath': '/leonardo_work/EUHPC_A04_051/alexfil/MSA-Datasets/CMU-MOSEI/Processed/unaligned_50.pkl', 'seq_lens': [50, 500, 375], 'feature_dims': [768, 74, 35], 'train_samples': 16326, 'num_classes': 3, 'language': 'en', 'KeyEval': 'Loss', 'missing_rate': [0.0, 0.0, 0.0], 'missing_seed': [1111, 1111, 1111], 'need_data_aligned': False, 'need_model_aligned': False, 'early_stop': 10, 'use_bert': False, 'use_bert_finetune': False, 'attn_mask': True, 'excludeZero': True, 'update_epochs': 8, 'use_augmentation': False, 'use_m3xup': False, 'hfPath': False, 'use_ulgm': False, 'update_labels_patience': 1, 'H': 3.0, 'del_model': True, 'max_token_len': 50, 'pad_token': '<|endoftext|>', 'lm': '/leonardo_work/EUHPC_A04_051/alexfil/gpt2-large', 'use_bf16': False, 'task_out': 1, 'use_clm': True, 'gamma': 1.0, 'l_bn': 1.0, 'l_av': 1.0, 'l_t': 1.0, 'warmup_epochs': 1, 'max_epochs': 20, 'beta_1': 0.9, 'beta_2': 0.95, 'use_lnorm': True, 'rescale': False, 'rescaler': 'sqrt', 'use_seqaug': True, 'n_bn_fusion': 14, 'modded_loss': True, 'embedding_attr_name': 'transformer.wte', 'decoder_layers_attr_name': 'transformer.h', 'mmgpt': {'type': 'gpt2', 'd_out': 64, 'combine': True, 'dropout': 0.1, 'mm_layer': [7, 14, 21, 28, 35], 'top_k': 1, 'layer_dropout': 0.0, 'dense': True, 'tie_ffn': True, 'n_embd': 1280, 'bias': True, 'kv_dim': 30, 'n_head': 16, 'd_mm': 1280, 'gating': 'sigmoid', 'init_gate': [0.0, 0.0, 0.0, 0.0, 0.0, 0.0, 0.0, 0.0, 0.0, 0.0], 'use_softperm': True, 'p_perm': 0.3, 'p_apply': 0.25, 'use_lora': False, 'lora': {'lora_alpha': 128, 'r': 64, 'lora_dropout': 0.05}}, 'av_enc': {'finetune': True, 'from_pretrained': True, 'path_to_pretrained': '/leonardo_work/EUHPC_A04_051/alexfil/DeepMLF-Reprod/checkpoints/bienc-mosei-1990/bienc-mosei-1990.pth', 'feature_dims': [768, 74, 35], 'd_enc': 30, 'n_embd': 30, 'n_head': 6, 'nlevels': 3, 'd_enc_out': 30, 'maxlen': 50, 'p_mask': 0.15, 'enc_attn_dropout': 0.1, 'enc_res_dropout': 0.1, 'enc_dropout': 0.1, 'use_softperm': True, 'p_perm': 0.2, 'mask_perm_ratio': 0.5, 'tf_fusion': False, 'use_bn': False, 'use_ln': False}, 'gpt': {'vocab_size': 50257, 'block_size': 1024, 'bias': True, 'n_embd': 1024, 'n_layer': 24, 'n_head': 16, 'dropout': 0.0}, 'batch_size': 32, 'grad_clip': 5.0, 'patience': 10, 'weight_decay_mmgpt': 0.1, 'weight_decay_av': 0.1, 'learning_rate_av': 0.0002, 'learning_rate_mmgpt': 0.0002, 'device': device(type='cuda', index=0), 'train_mode': 'regression', 'custom_feature': None, 'feature_T': '', 'feature_A': '', 'feature_V': ''}
2026-01-17 16:39:17,755 - MMSA [INFO] - Seeds: [1990, 1991, 1992, 1993, 1994]
2026-01-17 16:39:17,756 - MMSA [INFO] - ------------------------------ Running with seed 1990 [1/5] ------------------------------
2026-01-17 16:51:22,444 - MMSA [INFO] - The model has 914783116 trainable parameters
2026-01-17 16:56:10,291 - MMSA [INFO] - TRAIN-(msalm) [1/1/1] >> loss: 0.7504  Has0_acc_2: 0.7126  Has0_F1_score: 0.7166  Non0_acc_2: 0.7201  Non0_F1_score: 0.7155  Mult_acc_5: 0.4320  Mult_acc_7: 0.4289  MAE: 0.7507  Corr: 0.4775  clm loss: 4.1689 total loss: 7.4667 bn loss: 0.8233 av loss: 0.8806 text loss: 0.8435
2026-01-17 16:56:19,420 - MMSA [INFO] - VAL-(msalm) >>  Has0_acc_2: 0.7926  Has0_F1_score: 0.8013  Non0_acc_2: 0.8380  Non0_F1_score: 0.8392  Mult_acc_5: 0.5216  Mult_acc_7: 0.5104  MAE: 0.5698  Corr: 0.6904  Loss: 0.5710 
2026-01-17 17:01:09,621 - MMSA [INFO] - TRAIN-(msalm) [1/2/1] >> loss: 0.566  Has0_acc_2: 0.8023  Has0_F1_score: 0.8077  Non0_acc_2: 0.8433  Non0_F1_score: 0.8429  Mult_acc_5: 0.5418  Mult_acc_7: 0.5241  MAE: 0.5657  Corr: 0.7448  clm loss: 3.6619 total loss: 6.2184 bn loss: 0.5724 av loss: 0.8047 text loss: 0.6134
2026-01-17 17:01:18,476 - MMSA [INFO] - VAL-(msalm) >>  Has0_acc_2: 0.8413  Has0_F1_score: 0.8451  Non0_acc_2: 0.8727  Non0_F1_score: 0.8720  Mult_acc_5: 0.5607  Mult_acc_7: 0.5462  MAE: 0.4993  Corr: 0.7721  Loss: 0.4983 
2026-01-17 17:06:09,281 - MMSA [INFO] - TRAIN-(msalm) [1/3/1] >> loss: 0.5052  Has0_acc_2: 0.8256  Has0_F1_score: 0.8301  Non0_acc_2: 0.8706  Non0_F1_score: 0.8702  Mult_acc_5: 0.5864  Mult_acc_7: 0.5653  MAE: 0.5054  Corr: 0.7942  clm loss: 3.518 total loss: 5.8609 bn loss: 0.5113 av loss: 0.7949 text loss: 0.5315
2026-01-17 17:06:18,122 - MMSA [INFO] - VAL-(msalm) >>  Has0_acc_2: 0.8226  Has0_F1_score: 0.8273  Non0_acc_2: 0.8609  Non0_F1_score: 0.8600  Mult_acc_5: 0.5714  Mult_acc_7: 0.5564  MAE: 0.5043  Corr: 0.7645  Loss: 0.5045 
2026-01-17 17:11:04,069 - MMSA [INFO] - TRAIN-(msalm) [2/4/1] >> loss: 0.4631  Has0_acc_2: 0.8381  Has0_F1_score: 0.8425  Non0_acc_2: 0.8889  Non0_F1_score: 0.8886  Mult_acc_5: 0.6163  Mult_acc_7: 0.5934  MAE: 0.4633  Corr: 0.8296  clm loss: 3.4459 total loss: 5.6453 bn loss: 0.4697 av loss: 0.7916 text loss: 0.475
2026-01-17 17:11:13,004 - MMSA [INFO] - VAL-(msalm) >>  Has0_acc_2: 0.8124  Has0_F1_score: 0.8196  Non0_acc_2: 0.8623  Non0_F1_score: 0.8627  Mult_acc_5: 0.5869  Mult_acc_7: 0.5719  MAE: 0.4921  Corr: 0.7763  Loss: 0.4916 
2026-01-17 17:16:04,570 - MMSA [INFO] - TRAIN-(msalm) [1/5/1] >> loss: 0.4205  Has0_acc_2: 0.8493  Has0_F1_score: 0.8536  Non0_acc_2: 0.9086  Non0_F1_score: 0.9084  Mult_acc_5: 0.6502  Mult_acc_7: 0.6250  MAE: 0.4206  Corr: 0.8607  clm loss: 3.3701 total loss: 5.4371 bn loss: 0.4316 av loss: 0.7914 text loss: 0.4235
2026-01-17 17:16:13,474 - MMSA [INFO] - VAL-(msalm) >>  Has0_acc_2: 0.8332  Has0_F1_score: 0.8371  Non0_acc_2: 0.8672  Non0_F1_score: 0.8661  Mult_acc_5: 0.5735  Mult_acc_7: 0.5569  MAE: 0.4956  Corr: 0.7697  Loss: 0.4967 
2026-01-17 17:20:59,969 - MMSA [INFO] - TRAIN-(msalm) [2/6/1] >> loss: 0.3905  Has0_acc_2: 0.8570  Has0_F1_score: 0.8611  Non0_acc_2: 0.9190  Non0_F1_score: 0.9188  Mult_acc_5: 0.6754  Mult_acc_7: 0.6508  MAE: 0.3906  Corr: 0.8800  clm loss: 3.324 total loss: 5.2718 bn loss: 0.3923 av loss: 0.7888 text loss: 0.3762
2026-01-17 17:21:08,844 - MMSA [INFO] - VAL-(msalm) >>  Has0_acc_2: 0.8065  Has0_F1_score: 0.8142  Non0_acc_2: 0.8540  Non0_F1_score: 0.8548  Mult_acc_5: 0.5676  Mult_acc_7: 0.5559  MAE: 0.4993  Corr: 0.7660  Loss: 0.4995 
2026-01-17 17:25:55,279 - MMSA [INFO] - TRAIN-(msalm) [3/7/1] >> loss: 0.3571  Has0_acc_2: 0.8610  Has0_F1_score: 0.8654  Non0_acc_2: 0.9309  Non0_F1_score: 0.9309  Mult_acc_5: 0.7052  Mult_acc_7: 0.6787  MAE: 0.3570  Corr: 0.8990  clm loss: 3.2742 total loss: 5.1242 bn loss: 0.364 av loss: 0.7869 text loss: 0.3421
2026-01-17 17:26:04,147 - MMSA [INFO] - VAL-(msalm) >>  Has0_acc_2: 0.8263  Has0_F1_score: 0.8320  Non0_acc_2: 0.8707  Non0_F1_score: 0.8705  Mult_acc_5: 0.5756  Mult_acc_7: 0.5612  MAE: 0.4981  Corr: 0.7685  Loss: 0.4974 
2026-01-17 17:30:50,660 - MMSA [INFO] - TRAIN-(msalm) [4/8/1] >> loss: 0.3274  Has0_acc_2: 0.8649  Has0_F1_score: 0.8693  Non0_acc_2: 0.9406  Non0_F1_score: 0.9406  Mult_acc_5: 0.7339  Mult_acc_7: 0.7079  MAE: 0.3271  Corr: 0.9131  clm loss: 3.2311 total loss: 4.9917 bn loss: 0.3369 av loss: 0.7849 text loss: 0.3114
2026-01-17 17:30:59,542 - MMSA [INFO] - VAL-(msalm) >>  Has0_acc_2: 0.8060  Has0_F1_score: 0.8134  Non0_acc_2: 0.8484  Non0_F1_score: 0.8491  Mult_acc_5: 0.5783  Mult_acc_7: 0.5633  MAE: 0.4965  Corr: 0.7687  Loss: 0.4970 
2026-01-17 17:35:45,935 - MMSA [INFO] - TRAIN-(msalm) [5/9/1] >> loss: 0.3131  Has0_acc_2: 0.8714  Has0_F1_score: 0.8756  Non0_acc_2: 0.9472  Non0_F1_score: 0.9472  Mult_acc_5: 0.7483  Mult_acc_7: 0.7217  MAE: 0.3124  Corr: 0.9225  clm loss: 3.1942 total loss: 4.8952 bn loss: 0.3154 av loss: 0.7841 text loss: 0.2884
2026-01-17 17:35:54,813 - MMSA [INFO] - VAL-(msalm) >>  Has0_acc_2: 0.7985  Has0_F1_score: 0.8074  Non0_acc_2: 0.8477  Non0_F1_score: 0.8493  Mult_acc_5: 0.5735  Mult_acc_7: 0.5596  MAE: 0.5067  Corr: 0.7697  Loss: 0.5054 
2026-01-17 17:40:41,213 - MMSA [INFO] - TRAIN-(msalm) [6/10/1] >> loss: 0.2911  Has0_acc_2: 0.8742  Has0_F1_score: 0.8784  Non0_acc_2: 0.9549  Non0_F1_score: 0.9549  Mult_acc_5: 0.7627  Mult_acc_7: 0.7363  MAE: 0.2910  Corr: 0.9323  clm loss: 3.1603 total loss: 4.7983 bn loss: 0.294 av loss: 0.7833 text loss: 0.2696
2026-01-17 17:40:50,088 - MMSA [INFO] - VAL-(msalm) >>  Has0_acc_2: 0.8327  Has0_F1_score: 0.8363  Non0_acc_2: 0.8630  Non0_F1_score: 0.8617  Mult_acc_5: 0.5692  Mult_acc_7: 0.5537  MAE: 0.5087  Corr: 0.7649  Loss: 0.5087 
2026-01-17 17:45:36,635 - MMSA [INFO] - TRAIN-(msalm) [7/11/1] >> loss: 0.2807  Has0_acc_2: 0.8744  Has0_F1_score: 0.8786  Non0_acc_2: 0.9560  Non0_F1_score: 0.9559  Mult_acc_5: 0.7715  Mult_acc_7: 0.7465  MAE: 0.2806  Corr: 0.9382  clm loss: 3.1286 total loss: 4.7114 bn loss: 0.2722 av loss: 0.7816 text loss: 0.2482
2026-01-17 17:45:45,517 - MMSA [INFO] - VAL-(msalm) >>  Has0_acc_2: 0.8268  Has0_F1_score: 0.8319  Non0_acc_2: 0.8588  Non0_F1_score: 0.8587  Mult_acc_5: 0.5617  Mult_acc_7: 0.5468  MAE: 0.5101  Corr: 0.7612  Loss: 0.5102 
2026-01-17 17:50:31,584 - MMSA [INFO] - TRAIN-(msalm) [8/12/1] >> loss: 0.2701  Has0_acc_2: 0.8712  Has0_F1_score: 0.8757  Non0_acc_2: 0.9582  Non0_F1_score: 0.9582  Mult_acc_5: 0.7878  Mult_acc_7: 0.7629  MAE: 0.2693  Corr: 0.9423  clm loss: 3.0989 total loss: 4.646 bn loss: 0.2603 av loss: 0.7812 text loss: 0.2354
2026-01-17 17:50:40,452 - MMSA [INFO] - VAL-(msalm) >>  Has0_acc_2: 0.8306  Has0_F1_score: 0.8349  Non0_acc_2: 0.8644  Non0_F1_score: 0.8636  Mult_acc_5: 0.5714  Mult_acc_7: 0.5548  MAE: 0.5102  Corr: 0.7679  Loss: 0.5087 
2026-01-17 17:55:26,164 - MMSA [INFO] - TRAIN-(msalm) [9/13/1] >> loss: 0.257  Has0_acc_2: 0.8785  Has0_F1_score: 0.8827  Non0_acc_2: 0.9672  Non0_F1_score: 0.9672  Mult_acc_5: 0.7962  Mult_acc_7: 0.7709  MAE: 0.2566  Corr: 0.9493  clm loss: 3.0717 total loss: 4.5717 bn loss: 0.2425 av loss: 0.78 text loss: 0.2205
2026-01-17 17:55:35,076 - MMSA [INFO] - VAL-(msalm) >>  Has0_acc_2: 0.8135  Has0_F1_score: 0.8202  Non0_acc_2: 0.8547  Non0_F1_score: 0.8551  Mult_acc_5: 0.5783  Mult_acc_7: 0.5612  MAE: 0.5005  Corr: 0.7681  Loss: 0.5003 
2026-01-17 18:00:21,048 - MMSA [INFO] - TRAIN-(msalm) [10/14/1] >> loss: 0.2496  Has0_acc_2: 0.8776  Has0_F1_score: 0.8818  Non0_acc_2: 0.9643  Non0_F1_score: 0.9643  Mult_acc_5: 0.8012  Mult_acc_7: 0.7774  MAE: 0.2492  Corr: 0.9515  clm loss: 3.045 total loss: 4.5136 bn loss: 0.2302 av loss: 0.7806 text loss: 0.2082
2026-01-17 18:00:29,941 - MMSA [INFO] - VAL-(msalm) >>  Has0_acc_2: 0.8397  Has0_F1_score: 0.8419  Non0_acc_2: 0.8616  Non0_F1_score: 0.8598  Mult_acc_5: 0.5623  Mult_acc_7: 0.5457  MAE: 0.5128  Corr: 0.7675  Loss: 0.5119 
2026-01-17 18:00:51,870 - MMSA [INFO] - TEST-(msalm) >>  Has0_acc_2: 0.8122  Has0_F1_score: 0.8184  Non0_acc_2: 0.8657  Non0_F1_score: 0.8660  Mult_acc_5: 0.5765  Mult_acc_7: 0.5574  MAE: 0.5048  Corr: 0.8027  Loss: 0.5049 
2026-01-17 18:00:53,994 - MMSA [INFO] - Result for seed 1990: {'Has0_acc_2': 0.8122, 'Has0_F1_score': 0.8184, 'Non0_acc_2': 0.8657, 'Non0_F1_score': 0.866, 'Mult_acc_5': 0.5765, 'Mult_acc_7': 0.5574, 'MAE': 0.5048, 'Corr': 0.8027, 'Loss': 0.5049, 'seed': 1990}
2026-01-17 18:00:53,996 - MMSA [INFO] - ------------------------------ Running with seed 1991 [2/5] ------------------------------
2026-01-17 18:12:44,762 - MMSA [INFO] - The model has 914783116 trainable parameters
2026-01-17 18:17:32,452 - MMSA [INFO] - TRAIN-(msalm) [1/1/2] >> loss: 0.7902  Has0_acc_2: 0.6079  Has0_F1_score: 0.6238  Non0_acc_2: 0.6609  Non0_F1_score: 0.6653  Mult_acc_5: 0.4167  Mult_acc_7: 0.4092  MAE: 0.7906  Corr: 0.4762  clm loss: 4.1192 total loss: 7.3525 bn loss: 0.7767 av loss: 0.8128 text loss: 0.8536
2026-01-17 18:17:41,557 - MMSA [INFO] - VAL-(msalm) >>  Has0_acc_2: 0.7921  Has0_F1_score: 0.8001  Non0_acc_2: 0.8324  Non0_F1_score: 0.8332  Mult_acc_5: 0.5281  Mult_acc_7: 0.5163  MAE: 0.5652  Corr: 0.6942  Loss: 0.5665 
2026-01-17 18:22:33,726 - MMSA [INFO] - TRAIN-(msalm) [1/2/2] >> loss: 0.563  Has0_acc_2: 0.7935  Has0_F1_score: 0.8006  Non0_acc_2: 0.8412  Non0_F1_score: 0.8419  Mult_acc_5: 0.5405  Mult_acc_7: 0.5227  MAE: 0.5628  Corr: 0.7476  clm loss: 3.6511 total loss: 6.1777 bn loss: 0.5628 av loss: 0.7954 text loss: 0.6054
2026-01-17 18:22:42,782 - MMSA [INFO] - VAL-(msalm) >>  Has0_acc_2: 0.8450  Has0_F1_score: 0.8481  Non0_acc_2: 0.8686  Non0_F1_score: 0.8676  Mult_acc_5: 0.5751  Mult_acc_7: 0.5617  MAE: 0.5041  Corr: 0.7690  Loss: 0.5059 
2026-01-17 18:27:34,915 - MMSA [INFO] - TRAIN-(msalm) [1/3/2] >> loss: 0.5008  Has0_acc_2: 0.8276  Has0_F1_score: 0.8322  Non0_acc_2: 0.8735  Non0_F1_score: 0.8732  Mult_acc_5: 0.5859  Mult_acc_7: 0.5638  MAE: 0.5004  Corr: 0.8009  clm loss: 3.5175 total loss: 5.8323 bn loss: 0.4987 av loss: 0.7926 text loss: 0.5225
2026-01-17 18:27:44,220 - MMSA [INFO] - VAL-(msalm) >>  Has0_acc_2: 0.8161  Has0_F1_score: 0.8236  Non0_acc_2: 0.8616  Non0_F1_score: 0.8627  Mult_acc_5: 0.5804  Mult_acc_7: 0.5692  MAE: 0.4899  Corr: 0.7791  Loss: 0.4900 
2026-01-17 18:32:36,030 - MMSA [INFO] - TRAIN-(msalm) [1/4/2] >> loss: 0.4567  Has0_acc_2: 0.8362  Has0_F1_score: 0.8410  Non0_acc_2: 0.8907  Non0_F1_score: 0.8905  Mult_acc_5: 0.6237  Mult_acc_7: 0.6010  MAE: 0.4565  Corr: 0.8347  clm loss: 3.4326 total loss: 5.6116 bn loss: 0.4637 av loss: 0.7891 text loss: 0.4694
2026-01-17 18:32:45,070 - MMSA [INFO] - VAL-(msalm) >>  Has0_acc_2: 0.8231  Has0_F1_score: 0.8292  Non0_acc_2: 0.8665  Non0_F1_score: 0.8666  Mult_acc_5: 0.5885  Mult_acc_7: 0.5746  MAE: 0.4944  Corr: 0.7827  Loss: 0.4948 
2026-01-17 18:37:31,641 - MMSA [INFO] - TRAIN-(msalm) [2/5/2] >> loss: 0.4173  Has0_acc_2: 0.8474  Has0_F1_score: 0.8520  Non0_acc_2: 0.9082  Non0_F1_score: 0.9081  Mult_acc_5: 0.6548  Mult_acc_7: 0.6292  MAE: 0.4173  Corr: 0.8616  clm loss: 3.3717 total loss: 5.4232 bn loss: 0.4238 av loss: 0.7873 text loss: 0.423
2026-01-17 18:37:40,631 - MMSA [INFO] - VAL-(msalm) >>  Has0_acc_2: 0.8001  Has0_F1_score: 0.8085  Non0_acc_2: 0.8512  Non0_F1_score: 0.8522  Mult_acc_5: 0.5826  Mult_acc_7: 0.5703  MAE: 0.4940  Corr: 0.7762  Loss: 0.4952 
2026-01-17 18:42:26,631 - MMSA [INFO] - TRAIN-(msalm) [3/6/2] >> loss: 0.3823  Has0_acc_2: 0.8591  Has0_F1_score: 0.8633  Non0_acc_2: 0.9225  Non0_F1_score: 0.9224  Mult_acc_5: 0.6808  Mult_acc_7: 0.6550  MAE: 0.3819  Corr: 0.8856  clm loss: 3.3071 total loss: 5.2358 bn loss: 0.3901 av loss: 0.7853 text loss: 0.371
2026-01-17 18:42:35,729 - MMSA [INFO] - VAL-(msalm) >>  Has0_acc_2: 0.8177  Has0_F1_score: 0.8244  Non0_acc_2: 0.8651  Non0_F1_score: 0.8654  Mult_acc_5: 0.5917  Mult_acc_7: 0.5756  MAE: 0.4921  Corr: 0.7758  Loss: 0.4934 
2026-01-17 18:47:21,368 - MMSA [INFO] - TRAIN-(msalm) [4/7/2] >> loss: 0.3515  Has0_acc_2: 0.8644  Has0_F1_score: 0.8685  Non0_acc_2: 0.9329  Non0_F1_score: 0.9328  Mult_acc_5: 0.7137  Mult_acc_7: 0.6886  MAE: 0.3508  Corr: 0.9009  clm loss: 3.2642 total loss: 5.0972 bn loss: 0.3598 av loss: 0.7843 text loss: 0.3375
2026-01-17 18:47:30,304 - MMSA [INFO] - VAL-(msalm) >>  Has0_acc_2: 0.8327  Has0_F1_score: 0.8379  Non0_acc_2: 0.8686  Non0_F1_score: 0.8686  Mult_acc_5: 0.5842  Mult_acc_7: 0.5714  MAE: 0.4975  Corr: 0.7756  Loss: 0.4987 
2026-01-17 18:52:16,344 - MMSA [INFO] - TRAIN-(msalm) [5/8/2] >> loss: 0.3298  Has0_acc_2: 0.8643  Has0_F1_score: 0.8687  Non0_acc_2: 0.9384  Non0_F1_score: 0.9383  Mult_acc_5: 0.7322  Mult_acc_7: 0.7050  MAE: 0.3300  Corr: 0.9146  clm loss: 3.2238 total loss: 4.9752 bn loss: 0.3309 av loss: 0.7832 text loss: 0.3074
2026-01-17 18:52:25,375 - MMSA [INFO] - VAL-(msalm) >>  Has0_acc_2: 0.8423  Has0_F1_score: 0.8455  Non0_acc_2: 0.8686  Non0_F1_score: 0.8675  Mult_acc_5: 0.5714  Mult_acc_7: 0.5532  MAE: 0.5052  Corr: 0.7755  Loss: 0.5048 
2026-01-17 18:57:11,822 - MMSA [INFO] - TRAIN-(msalm) [6/9/2] >> loss: 0.314  Has0_acc_2: 0.8686  Has0_F1_score: 0.8729  Non0_acc_2: 0.9463  Non0_F1_score: 0.9463  Mult_acc_5: 0.7392  Mult_acc_7: 0.7119  MAE: 0.3133  Corr: 0.9236  clm loss: 3.1848 total loss: 4.8781 bn loss: 0.31 av loss: 0.7824 text loss: 0.287
2026-01-17 18:57:21,000 - MMSA [INFO] - VAL-(msalm) >>  Has0_acc_2: 0.8397  Has0_F1_score: 0.8430  Non0_acc_2: 0.8700  Non0_F1_score: 0.8688  Mult_acc_5: 0.5703  Mult_acc_7: 0.5526  MAE: 0.5055  Corr: 0.7742  Loss: 0.5065 
2026-01-17 19:02:07,359 - MMSA [INFO] - TRAIN-(msalm) [7/10/2] >> loss: 0.2928  Has0_acc_2: 0.8697  Has0_F1_score: 0.8742  Non0_acc_2: 0.9514  Non0_F1_score: 0.9514  Mult_acc_5: 0.7636  Mult_acc_7: 0.7385  MAE: 0.2923  Corr: 0.9335  clm loss: 3.148 total loss: 4.7705 bn loss: 0.2857 av loss: 0.782 text loss: 0.262
2026-01-17 19:02:16,359 - MMSA [INFO] - VAL-(msalm) >>  Has0_acc_2: 0.8258  Has0_F1_score: 0.8317  Non0_acc_2: 0.8616  Non0_F1_score: 0.8621  Mult_acc_5: 0.5751  Mult_acc_7: 0.5607  MAE: 0.4971  Corr: 0.7723  Loss: 0.4989 
2026-01-17 19:07:02,827 - MMSA [INFO] - TRAIN-(msalm) [8/11/2] >> loss: 0.2747  Has0_acc_2: 0.8738  Has0_F1_score: 0.8782  Non0_acc_2: 0.9596  Non0_F1_score: 0.9596  Mult_acc_5: 0.7818  Mult_acc_7: 0.7551  MAE: 0.2746  Corr: 0.9416  clm loss: 3.1092 total loss: 4.6673 bn loss: 0.2633 av loss: 0.7801 text loss: 0.2401
2026-01-17 19:07:11,811 - MMSA [INFO] - VAL-(msalm) >>  Has0_acc_2: 0.8188  Has0_F1_score: 0.8256  Non0_acc_2: 0.8644  Non0_F1_score: 0.8649  Mult_acc_5: 0.5772  Mult_acc_7: 0.5607  MAE: 0.4992  Corr: 0.7744  Loss: 0.4999 
2026-01-17 19:11:58,207 - MMSA [INFO] - TRAIN-(msalm) [9/12/2] >> loss: 0.261  Has0_acc_2: 0.8730  Has0_F1_score: 0.8774  Non0_acc_2: 0.9625  Non0_F1_score: 0.9625  Mult_acc_5: 0.7970  Mult_acc_7: 0.7719  MAE: 0.2610  Corr: 0.9465  clm loss: 3.0783 total loss: 4.5942 bn loss: 0.2476 av loss: 0.7781 text loss: 0.2292
2026-01-17 19:12:07,219 - MMSA [INFO] - VAL-(msalm) >>  Has0_acc_2: 0.8279  Has0_F1_score: 0.8340  Non0_acc_2: 0.8651  Non0_F1_score: 0.8657  Mult_acc_5: 0.5799  Mult_acc_7: 0.5639  MAE: 0.4909  Corr: 0.7776  Loss: 0.4897 
2026-01-17 19:16:59,113 - MMSA [INFO] - TRAIN-(msalm) [1/13/2] >> loss: 0.2568  Has0_acc_2: 0.8796  Has0_F1_score: 0.8838  Non0_acc_2: 0.9658  Non0_F1_score: 0.9658  Mult_acc_5: 0.7984  Mult_acc_7: 0.7720  MAE: 0.2569  Corr: 0.9477  clm loss: 3.0693 total loss: 4.5628 bn loss: 0.2388 av loss: 0.7781 text loss: 0.2199
2026-01-17 19:17:08,093 - MMSA [INFO] - VAL-(msalm) >>  Has0_acc_2: 0.8445  Has0_F1_score: 0.8482  Non0_acc_2: 0.8727  Non0_F1_score: 0.8722  Mult_acc_5: 0.5762  Mult_acc_7: 0.5591  MAE: 0.5017  Corr: 0.7749  Loss: 0.5009 
2026-01-17 19:21:54,495 - MMSA [INFO] - TRAIN-(msalm) [2/14/2] >> loss: 0.2461  Has0_acc_2: 0.8749  Has0_F1_score: 0.8793  Non0_acc_2: 0.9670  Non0_F1_score: 0.9670  Mult_acc_5: 0.8040  Mult_acc_7: 0.7802  MAE: 0.2460  Corr: 0.9513  clm loss: 3.0425 total loss: 4.5025 bn loss: 0.2269 av loss: 0.7777 text loss: 0.2093
2026-01-17 19:22:03,473 - MMSA [INFO] - VAL-(msalm) >>  Has0_acc_2: 0.8151  Has0_F1_score: 0.8229  Non0_acc_2: 0.8595  Non0_F1_score: 0.8609  Mult_acc_5: 0.5783  Mult_acc_7: 0.5617  MAE: 0.4993  Corr: 0.7772  Loss: 0.4998 
2026-01-17 19:26:49,984 - MMSA [INFO] - TRAIN-(msalm) [3/15/2] >> loss: 0.2472  Has0_acc_2: 0.8749  Has0_F1_score: 0.8793  Non0_acc_2: 0.9660  Non0_F1_score: 0.9660  Mult_acc_5: 0.8071  Mult_acc_7: 0.7843  MAE: 0.2463  Corr: 0.9534  clm loss: 3.0162 total loss: 4.4557 bn loss: 0.2165 av loss: 0.7777 text loss: 0.1981
2026-01-17 19:26:59,147 - MMSA [INFO] - VAL-(msalm) >>  Has0_acc_2: 0.7942  Has0_F1_score: 0.8041  Non0_acc_2: 0.8470  Non0_F1_score: 0.8491  Mult_acc_5: 0.5644  Mult_acc_7: 0.5510  MAE: 0.4976  Corr: 0.7756  Loss: 0.4980 
2026-01-17 19:31:45,059 - MMSA [INFO] - TRAIN-(msalm) [4/16/2] >> loss: 0.2373  Has0_acc_2: 0.8796  Has0_F1_score: 0.8838  Non0_acc_2: 0.9704  Non0_F1_score: 0.9703  Mult_acc_5: 0.8179  Mult_acc_7: 0.7934  MAE: 0.2374  Corr: 0.9551  clm loss: 2.9967 total loss: 4.4121 bn loss: 0.208 av loss: 0.7757 text loss: 0.1943
2026-01-17 19:31:54,017 - MMSA [INFO] - VAL-(msalm) >>  Has0_acc_2: 0.8092  Has0_F1_score: 0.8175  Non0_acc_2: 0.8505  Non0_F1_score: 0.8522  Mult_acc_5: 0.5692  Mult_acc_7: 0.5548  MAE: 0.4984  Corr: 0.7742  Loss: 0.4979 
2026-01-17 19:36:40,064 - MMSA [INFO] - TRAIN-(msalm) [5/17/2] >> loss: 0.2377  Has0_acc_2: 0.8791  Has0_F1_score: 0.8834  Non0_acc_2: 0.9705  Non0_F1_score: 0.9705  Mult_acc_5: 0.8194  Mult_acc_7: 0.7954  MAE: 0.2375  Corr: 0.9555  clm loss: 2.9979 total loss: 4.4038 bn loss: 0.2025 av loss: 0.7768 text loss: 0.1889
2026-01-17 19:36:49,079 - MMSA [INFO] - VAL-(msalm) >>  Has0_acc_2: 0.8258  Has0_F1_score: 0.8319  Non0_acc_2: 0.8574  Non0_F1_score: 0.8582  Mult_acc_5: 0.5708  Mult_acc_7: 0.5559  MAE: 0.4919  Corr: 0.7749  Loss: 0.4928 
2026-01-17 19:41:35,302 - MMSA [INFO] - TRAIN-(msalm) [6/18/2] >> loss: 0.2298  Has0_acc_2: 0.8795  Has0_F1_score: 0.8838  Non0_acc_2: 0.9717  Non0_F1_score: 0.9717  Mult_acc_5: 0.8210  Mult_acc_7: 0.7973  MAE: 0.2293  Corr: 0.9595  clm loss: 2.9734 total loss: 4.3549 bn loss: 0.1957 av loss: 0.7761 text loss: 0.1798
2026-01-17 19:41:44,562 - MMSA [INFO] - VAL-(msalm) >>  Has0_acc_2: 0.8151  Has0_F1_score: 0.8226  Non0_acc_2: 0.8554  Non0_F1_score: 0.8567  Mult_acc_5: 0.5708  Mult_acc_7: 0.5548  MAE: 0.4954  Corr: 0.7761  Loss: 0.4952 
2026-01-17 19:46:30,373 - MMSA [INFO] - TRAIN-(msalm) [7/19/2] >> loss: 0.229  Has0_acc_2: 0.8789  Has0_F1_score: 0.8832  Non0_acc_2: 0.9715  Non0_F1_score: 0.9714  Mult_acc_5: 0.8273  Mult_acc_7: 0.8031  MAE: 0.2285  Corr: 0.9589  clm loss: 2.9745 total loss: 4.3509 bn loss: 0.1936 av loss: 0.7762 text loss: 0.1776
2026-01-17 19:46:39,325 - MMSA [INFO] - VAL-(msalm) >>  Has0_acc_2: 0.8231  Has0_F1_score: 0.8296  Non0_acc_2: 0.8616  Non0_F1_score: 0.8624  Mult_acc_5: 0.5756  Mult_acc_7: 0.5617  MAE: 0.4930  Corr: 0.7760  Loss: 0.4915 
2026-01-17 19:51:25,100 - MMSA [INFO] - TRAIN-(msalm) [8/20/2] >> loss: 0.2293  Has0_acc_2: 0.8796  Has0_F1_score: 0.8838  Non0_acc_2: 0.9714  Non0_F1_score: 0.9714  Mult_acc_5: 0.8290  Mult_acc_7: 0.8063  MAE: 0.2282  Corr: 0.9588  clm loss: 2.9778 total loss: 4.3545 bn loss: 0.1931 av loss: 0.7758 text loss: 0.1786
2026-01-17 19:51:34,026 - MMSA [INFO] - VAL-(msalm) >>  Has0_acc_2: 0.8001  Has0_F1_score: 0.8093  Non0_acc_2: 0.8498  Non0_F1_score: 0.8516  Mult_acc_5: 0.5697  Mult_acc_7: 0.5542  MAE: 0.4983  Corr: 0.7758  Loss: 0.4992 
2026-01-17 19:56:19,778 - MMSA [INFO] - TRAIN-(msalm) [9/21/2] >> loss: 0.2345  Has0_acc_2: 0.8789  Has0_F1_score: 0.8831  Non0_acc_2: 0.9704  Non0_F1_score: 0.9704  Mult_acc_5: 0.8192  Mult_acc_7: 0.7959  MAE: 0.2338  Corr: 0.9578  clm loss: 2.9853 total loss: 4.3734 bn loss: 0.1952 av loss: 0.7761 text loss: 0.1822
2026-01-17 19:56:29,083 - MMSA [INFO] - VAL-(msalm) >>  Has0_acc_2: 0.8391  Has0_F1_score: 0.8435  Non0_acc_2: 0.8707  Non0_F1_score: 0.8704  Mult_acc_5: 0.5804  Mult_acc_7: 0.5628  MAE: 0.5020  Corr: 0.7749  Loss: 0.5021 
2026-01-17 20:01:14,766 - MMSA [INFO] - TRAIN-(msalm) [10/22/2] >> loss: 0.2494  Has0_acc_2: 0.8755  Has0_F1_score: 0.8798  Non0_acc_2: 0.9639  Non0_F1_score: 0.9639  Mult_acc_5: 0.8070  Mult_acc_7: 0.7829  MAE: 0.2496  Corr: 0.9516  clm loss: 2.9961 total loss: 4.4609 bn loss: 0.2258 av loss: 0.7776 text loss: 0.212
2026-01-17 20:01:23,752 - MMSA [INFO] - VAL-(msalm) >>  Has0_acc_2: 0.8145  Has0_F1_score: 0.8213  Non0_acc_2: 0.8595  Non0_F1_score: 0.8599  Mult_acc_5: 0.5703  Mult_acc_7: 0.5532  MAE: 0.5119  Corr: 0.7711  Loss: 0.5132 
2026-01-17 20:01:45,661 - MMSA [INFO] - TEST-(msalm) >>  Has0_acc_2: 0.8223  Has0_F1_score: 0.8279  Non0_acc_2: 0.8685  Non0_F1_score: 0.8688  Mult_acc_5: 0.5727  Mult_acc_7: 0.5531  MAE: 0.5120  Corr: 0.7944  Loss: 0.5126 
2026-01-17 20:01:48,040 - MMSA [INFO] - Result for seed 1991: {'Has0_acc_2': 0.8223, 'Has0_F1_score': 0.8279, 'Non0_acc_2': 0.8685, 'Non0_F1_score': 0.8688, 'Mult_acc_5': 0.5727, 'Mult_acc_7': 0.5531, 'MAE': 0.512, 'Corr': 0.7944, 'Loss': 0.5126, 'seed': 1991}
2026-01-17 20:01:48,041 - MMSA [INFO] - ------------------------------ Running with seed 1992 [3/5] ------------------------------
2026-01-17 20:13:39,012 - MMSA [INFO] - The model has 914783116 trainable parameters
2026-01-17 20:18:26,347 - MMSA [INFO] - TRAIN-(msalm) [1/1/3] >> loss: 0.7911  Has0_acc_2: 0.6254  Has0_F1_score: 0.6426  Non0_acc_2: 0.6616  Non0_F1_score: 0.6673  Mult_acc_5: 0.4184  Mult_acc_7: 0.4135  MAE: 0.7915  Corr: 0.4469  clm loss: 4.1586 total loss: 7.3693 bn loss: 0.7912 av loss: 0.8193 text loss: 0.8092
2026-01-17 20:18:35,411 - MMSA [INFO] - VAL-(msalm) >>  Has0_acc_2: 0.7916  Has0_F1_score: 0.7999  Non0_acc_2: 0.8317  Non0_F1_score: 0.8328  Mult_acc_5: 0.5126  Mult_acc_7: 0.5019  MAE: 0.5737  Corr: 0.6955  Loss: 0.5765 
2026-01-17 20:23:26,933 - MMSA [INFO] - TRAIN-(msalm) [1/2/3] >> loss: 0.5684  Has0_acc_2: 0.7985  Has0_F1_score: 0.8045  Non0_acc_2: 0.8401  Non0_F1_score: 0.8401  Mult_acc_5: 0.5356  Mult_acc_7: 0.5164  MAE: 0.5685  Corr: 0.7435  clm loss: 3.664 total loss: 6.2172 bn loss: 0.5742 av loss: 0.7987 text loss: 0.6118
2026-01-17 20:23:35,993 - MMSA [INFO] - VAL-(msalm) >>  Has0_acc_2: 0.8236  Has0_F1_score: 0.8292  Non0_acc_2: 0.8644  Non0_F1_score: 0.8642  Mult_acc_5: 0.5623  Mult_acc_7: 0.5489  MAE: 0.5000  Corr: 0.7664  Loss: 0.4997 
2026-01-17 20:28:27,649 - MMSA [INFO] - TRAIN-(msalm) [1/3/3] >> loss: 0.5082  Has0_acc_2: 0.8183  Has0_F1_score: 0.8236  Non0_acc_2: 0.8664  Non0_F1_score: 0.8663  Mult_acc_5: 0.5860  Mult_acc_7: 0.5638  MAE: 0.5083  Corr: 0.7943  clm loss: 3.527 total loss: 5.8676 bn loss: 0.506 av loss: 0.7931 text loss: 0.5334
2026-01-17 20:28:37,252 - MMSA [INFO] - VAL-(msalm) >>  Has0_acc_2: 0.8236  Has0_F1_score: 0.8294  Non0_acc_2: 0.8637  Non0_F1_score: 0.8637  Mult_acc_5: 0.5954  Mult_acc_7: 0.5799  MAE: 0.4838  Corr: 0.7767  Loss: 0.4829 
2026-01-17 20:33:28,902 - MMSA [INFO] - TRAIN-(msalm) [1/4/3] >> loss: 0.4583  Has0_acc_2: 0.8399  Has0_F1_score: 0.8443  Non0_acc_2: 0.8947  Non0_F1_score: 0.8944  Mult_acc_5: 0.6191  Mult_acc_7: 0.5943  MAE: 0.4579  Corr: 0.8346  clm loss: 3.4364 total loss: 5.6192 bn loss: 0.4606 av loss: 0.7931 text loss: 0.4708
2026-01-17 20:33:37,921 - MMSA [INFO] - VAL-(msalm) >>  Has0_acc_2: 0.8161  Has0_F1_score: 0.8239  Non0_acc_2: 0.8623  Non0_F1_score: 0.8636  Mult_acc_5: 0.5799  Mult_acc_7: 0.5665  MAE: 0.4908  Corr: 0.7812  Loss: 0.4907 
2026-01-17 20:38:24,446 - MMSA [INFO] - TRAIN-(msalm) [2/5/3] >> loss: 0.4176  Has0_acc_2: 0.8486  Has0_F1_score: 0.8533  Non0_acc_2: 0.9096  Non0_F1_score: 0.9096  Mult_acc_5: 0.6567  Mult_acc_7: 0.6320  MAE: 0.4173  Corr: 0.8623  clm loss: 3.3701 total loss: 5.4181 bn loss: 0.4217 av loss: 0.7916 text loss: 0.4172
2026-01-17 20:38:33,512 - MMSA [INFO] - VAL-(msalm) >>  Has0_acc_2: 0.8375  Has0_F1_score: 0.8421  Non0_acc_2: 0.8693  Non0_F1_score: 0.8691  Mult_acc_5: 0.5810  Mult_acc_7: 0.5671  MAE: 0.4909  Corr: 0.7804  Loss: 0.4902 
2026-01-17 20:43:19,803 - MMSA [INFO] - TRAIN-(msalm) [3/6/3] >> loss: 0.3872  Has0_acc_2: 0.8494  Has0_F1_score: 0.8543  Non0_acc_2: 0.9176  Non0_F1_score: 0.9176  Mult_acc_5: 0.6790  Mult_acc_7: 0.6533  MAE: 0.3865  Corr: 0.8812  clm loss: 3.318 total loss: 5.2615 bn loss: 0.3914 av loss: 0.7882 text loss: 0.3766
2026-01-17 20:43:29,484 - MMSA [INFO] - VAL-(msalm) >>  Has0_acc_2: 0.7723  Has0_F1_score: 0.7839  Non0_acc_2: 0.8359  Non0_F1_score: 0.8384  Mult_acc_5: 0.5772  Mult_acc_7: 0.5617  MAE: 0.5084  Corr: 0.7738  Loss: 0.5079 
2026-01-17 20:48:15,783 - MMSA [INFO] - TRAIN-(msalm) [4/7/3] >> loss: 0.3534  Has0_acc_2: 0.8662  Has0_F1_score: 0.8705  Non0_acc_2: 0.9356  Non0_F1_score: 0.9356  Mult_acc_5: 0.7113  Mult_acc_7: 0.6860  MAE: 0.3533  Corr: 0.9008  clm loss: 3.2725 total loss: 5.115 bn loss: 0.3615 av loss: 0.7866 text loss: 0.3409
2026-01-17 20:48:24,751 - MMSA [INFO] - VAL-(msalm) >>  Has0_acc_2: 0.8242  Has0_F1_score: 0.8302  Non0_acc_2: 0.8672  Non0_F1_score: 0.8673  Mult_acc_5: 0.5820  Mult_acc_7: 0.5649  MAE: 0.5089  Corr: 0.7779  Loss: 0.5102 
2026-01-17 20:53:10,329 - MMSA [INFO] - TRAIN-(msalm) [5/8/3] >> loss: 0.3299  Has0_acc_2: 0.8660  Has0_F1_score: 0.8703  Non0_acc_2: 0.9418  Non0_F1_score: 0.9417  Mult_acc_5: 0.7299  Mult_acc_7: 0.7038  MAE: 0.3288  Corr: 0.9155  clm loss: 3.2292 total loss: 4.983 bn loss: 0.3297 av loss: 0.7873 text loss: 0.307
2026-01-17 20:53:19,278 - MMSA [INFO] - VAL-(msalm) >>  Has0_acc_2: 0.8038  Has0_F1_score: 0.8121  Non0_acc_2: 0.8519  Non0_F1_score: 0.8531  Mult_acc_5: 0.5681  Mult_acc_7: 0.5537  MAE: 0.4980  Corr: 0.7688  Loss: 0.4970 
2026-01-17 20:58:04,791 - MMSA [INFO] - TRAIN-(msalm) [6/9/3] >> loss: 0.3066  Has0_acc_2: 0.8683  Has0_F1_score: 0.8728  Non0_acc_2: 0.9490  Non0_F1_score: 0.9490  Mult_acc_5: 0.7505  Mult_acc_7: 0.7249  MAE: 0.3062  Corr: 0.9251  clm loss: 3.1874 total loss: 4.8651 bn loss: 0.3036 av loss: 0.7844 text loss: 0.2831
2026-01-17 20:58:13,801 - MMSA [INFO] - VAL-(msalm) >>  Has0_acc_2: 0.8172  Has0_F1_score: 0.8242  Non0_acc_2: 0.8581  Non0_F1_score: 0.8590  Mult_acc_5: 0.5724  Mult_acc_7: 0.5564  MAE: 0.4958  Corr: 0.7723  Loss: 0.4965 
