2026-01-16 10:13:40,377 - MMSA [INFO] - ======================================== Program Start ========================================
2026-01-16 10:13:40,453 - MMSA [INFO] - Running with args:
2026-01-16 10:13:40,453 - MMSA [INFO] - {'model_name': 'msalm', 'dataset_name': 'sims', 'featurePath': '/leonardo_work/EUHPC_A04_051/alexfil/MSA-Datasets/CH-SIMS/unaligned_39.pkl', 'seq_lens': [39, 400, 55], 'feature_dims': [768, 33, 709], 'train_samples': 1368, 'num_classes': 3, 'language': 'cn', 'KeyEval': 'Loss', 'missing_rate': [0.0, 0.0, 0.0], 'missing_seed': [1111, 1111, 1111], 'need_data_aligned': False, 'need_model_aligned': False, 'early_stop': 10, 'use_bert': False, 'use_bert_finetune': False, 'attn_mask': True, 'excludeZero': True, 'update_epochs': 8, 'use_augmentation': False, 'use_m3xup': False, 'hfPath': False, 'use_ulgm': False, 'update_labels_patience': 1, 'H': 3.0, 'del_model': True, 'max_token_len': 39, 'pad_token': '<|endoftext|>', 'lm': '/leonardo_work/EUHPC_A04_051/alexfil/gpt2-chinese-cluecorpussmall', 'use_bf16': False, 'task_out': 1, 'use_clm': True, 'gamma': 1.0, 'l_bn': 1.0, 'l_av': 1.0, 'l_t': 1.0, 'warmup_epochs': 1, 'max_epochs': 100, 'beta_1': 0.9, 'beta_2': 0.95, 'use_lnorm': True, 'rescale': False, 'rescaler': 'sqrt', 'use_seqaug': True, 'n_bn_fusion': 16, 'modded_loss': True, 'embedding_attr_name': 'transformer.wte', 'decoder_layers_attr_name': 'transformer.h', 'mmgpt': {'type': 'gpt2', 'd_out': 64, 'combine': True, 'dropout': 0.1, 'mm_layer': [5, 6, 7, 8, 9, 10, 11], 'top_k': 2, 'layer_dropout': 0.0, 'dense': True, 'tie_ffn': True, 'n_embd': 768, 'bias': True, 'kv_dim': 30, 'n_head': 16, 'd_mm': 768, 'gating': 'sigmoid', 'init_gate': [0.0, 0.0, 0.0, 0.0, 0.0, 0.0, 0.0, 0.0, 0.0, 0.0], 'use_softperm': True, 'p_perm': 0.3, 'p_apply': 0.25, 'use_lora': False, 'lora': {'lora_alpha': 128, 'r': 64, 'lora_dropout': 0.05}}, 'av_enc': {'finetune': True, 'from_pretrained': True, 'path_to_pretrained': '/leonardo_work/EUHPC_A04_051/alexfil/DeepMLF-Reprod/checkpoints/bienc-sims-1990/bienc-sims-1990.pth', 'feature_dims': [768, 33, 709], 'd_enc': 30, 'n_embd': 30, 'n_head': 6, 'nlevels': 3, 'd_enc_out': 30, 'maxlen': 55, 'p_mask': 0.15, 'enc_attn_dropout': 0.1, 'enc_res_dropout': 0.1, 'enc_dropout': 0.1, 'use_softperm': True, 'p_perm': 0.2, 'mask_perm_ratio': 0.5, 'tf_fusion': False, 'use_bn': True, 'use_ln': False}, 'gpt': {'vocab_size': 50257, 'block_size': 1024, 'bias': True, 'n_embd': 1024, 'n_layer': 24, 'n_head': 16, 'dropout': 0.0}, 'batch_size': 32, 'grad_clip': 5.0, 'patience': 10, 'weight_decay_mmgpt': 0.1, 'weight_decay_av': 0.1, 'learning_rate_av': 0.0002, 'learning_rate_mmgpt': 0.0002, 'device': device(type='cuda', index=0), 'train_mode': 'regression', 'custom_feature': None, 'feature_T': '', 'feature_A': '', 'feature_V': ''}
2026-01-16 10:13:40,453 - MMSA [INFO] - Seeds: [1990, 1991, 1992, 1993, 1994]
2026-01-16 10:13:40,454 - MMSA [INFO] - ------------------------------ Running with seed 1990 [1/5] ------------------------------
2026-01-16 10:14:58,477 - MMSA [INFO] - The model has 181756595 trainable parameters
2026-01-16 10:15:07,890 - MMSA [INFO] - TRAIN-(msalm) [1/1/1] >> loss: 0.7184  Mult_acc_2: 0.4196  Mult_acc_3: 0.3202  Mult_acc_5: 0.1579  F1_score: 0.4202  MAE: 0.7168  Corr: 0.0168  clm loss: 7.5916 total loss: 10.8452 bn loss: 0.876 av loss: 0.6547 text loss: 1.0046
2026-01-16 10:15:09,794 - MMSA [INFO] - VAL-(msalm) >>  Mult_acc_2: 0.4474  Mult_acc_3: 0.3618  Mult_acc_5: 0.1930  F1_score: 0.4344  MAE: 0.6942  Corr: 0.1317  Loss: 0.6830 
2026-01-16 10:15:19,287 - MMSA [INFO] - TRAIN-(msalm) [1/2/1] >> loss: 0.6718  Mult_acc_2: 0.4817  Mult_acc_3: 0.3845  Mult_acc_5: 0.1915  F1_score: 0.4858  MAE: 0.6692  Corr: 0.1601  clm loss: 6.3575 total loss: 9.2242 bn loss: 0.7481 av loss: 0.6213 text loss: 0.8255
2026-01-16 10:15:21,228 - MMSA [INFO] - VAL-(msalm) >>  Mult_acc_2: 0.4825  Mult_acc_3: 0.4035  Mult_acc_5: 0.1996  F1_score: 0.4816  MAE: 0.6389  Corr: 0.2933  Loss: 0.6329 
2026-01-16 10:15:30,553 - MMSA [INFO] - TRAIN-(msalm) [1/3/1] >> loss: 0.6302  Mult_acc_2: 0.5365  Mult_acc_3: 0.4386  Mult_acc_5: 0.2142  F1_score: 0.5449  MAE: 0.6280  Corr: 0.2789  clm loss: 5.1667 total loss: 7.7365 bn loss: 0.6585 av loss: 0.5903 text loss: 0.6909
2026-01-16 10:15:32,356 - MMSA [INFO] - VAL-(msalm) >>  Mult_acc_2: 0.4430  Mult_acc_3: 0.3618  Mult_acc_5: 0.1776  F1_score: 0.4249  MAE: 0.6506  Corr: 0.3447  Loss: 0.6427 
2026-01-16 10:15:40,643 - MMSA [INFO] - TRAIN-(msalm) [2/4/1] >> loss: 0.6006  Mult_acc_2: 0.5804  Mult_acc_3: 0.4598  Mult_acc_5: 0.2317  F1_score: 0.5938  MAE: 0.5952  Corr: 0.3463  clm loss: 4.4664 total loss: 6.889 bn loss: 0.6263 av loss: 0.5726 text loss: 0.6233
2026-01-16 10:15:42,418 - MMSA [INFO] - VAL-(msalm) >>  Mult_acc_2: 0.4232  Mult_acc_3: 0.3377  Mult_acc_5: 0.1886  F1_score: 0.3855  MAE: 0.6894  Corr: 0.3485  Loss: 0.7077 
2026-01-16 10:15:50,779 - MMSA [INFO] - TRAIN-(msalm) [3/5/1] >> loss: 0.5759  Mult_acc_2: 0.6031  Mult_acc_3: 0.5029  Mult_acc_5: 0.2442  F1_score: 0.6174  MAE: 0.5709  Corr: 0.3948  clm loss: 3.9875 total loss: 6.3209 bn loss: 0.6006 av loss: 0.5549 text loss: 0.602
2026-01-16 10:15:52,604 - MMSA [INFO] - VAL-(msalm) >>  Mult_acc_2: 0.5044  Mult_acc_3: 0.4386  Mult_acc_5: 0.2303  F1_score: 0.4939  MAE: 0.6490  Corr: 0.4314  Loss: 0.6680 
2026-01-16 10:16:01,004 - MMSA [INFO] - TRAIN-(msalm) [4/6/1] >> loss: 0.5401  Mult_acc_2: 0.6550  Mult_acc_3: 0.5504  Mult_acc_5: 0.2997  F1_score: 0.6682  MAE: 0.5200  Corr: 0.5023  clm loss: 3.7249 total loss: 5.9613 bn loss: 0.568 av loss: 0.5281 text loss: 0.6002
2026-01-16 10:16:02,835 - MMSA [INFO] - VAL-(msalm) >>  Mult_acc_2: 0.4934  Mult_acc_3: 0.4320  Mult_acc_5: 0.2456  F1_score: 0.4752  MAE: 0.7062  Corr: 0.4618  Loss: 0.7830 
2026-01-16 10:16:11,210 - MMSA [INFO] - TRAIN-(msalm) [5/7/1] >> loss: 0.528  Mult_acc_2: 0.6784  Mult_acc_3: 0.5841  Mult_acc_5: 0.3282  F1_score: 0.6909  MAE: 0.5003  Corr: 0.5391  clm loss: 3.6166 total loss: 5.7593 bn loss: 0.5416 av loss: 0.5073 text loss: 0.5657
2026-01-16 10:16:13,065 - MMSA [INFO] - VAL-(msalm) >>  Mult_acc_2: 0.4693  Mult_acc_3: 0.4189  Mult_acc_5: 0.2544  F1_score: 0.4398  MAE: 0.6732  Corr: 0.4880  Loss: 0.7302 
2026-01-16 10:16:21,376 - MMSA [INFO] - TRAIN-(msalm) [6/8/1] >> loss: 0.5169  Mult_acc_2: 0.6959  Mult_acc_3: 0.5833  Mult_acc_5: 0.2997  F1_score: 0.7077  MAE: 0.5037  Corr: 0.5250  clm loss: 3.4587 total loss: 5.5793 bn loss: 0.5395 av loss: 0.4948 text loss: 0.5693
2026-01-16 10:16:23,175 - MMSA [INFO] - VAL-(msalm) >>  Mult_acc_2: 0.6754  Mult_acc_3: 0.5614  Mult_acc_5: 0.3026  F1_score: 0.6883  MAE: 0.4964  Corr: 0.5536  Loss: 0.4998 
2026-01-16 10:16:32,655 - MMSA [INFO] - TRAIN-(msalm) [1/9/1] >> loss: 0.4861  Mult_acc_2: 0.6959  Mult_acc_3: 0.5885  Mult_acc_5: 0.3092  F1_score: 0.7073  MAE: 0.4763  Corr: 0.5672  clm loss: 3.3262 total loss: 5.4185 bn loss: 0.5477 av loss: 0.4852 text loss: 0.5732
2026-01-16 10:16:34,535 - MMSA [INFO] - VAL-(msalm) >>  Mult_acc_2: 0.7237  Mult_acc_3: 0.6009  Mult_acc_5: 0.3311  F1_score: 0.7272  MAE: 0.4521  Corr: 0.5698  Loss: 0.4687 
2026-01-16 10:16:43,939 - MMSA [INFO] - TRAIN-(msalm) [1/10/1] >> loss: 0.4669  Mult_acc_2: 0.7200  Mult_acc_3: 0.6148  Mult_acc_5: 0.3589  F1_score: 0.7299  MAE: 0.4492  Corr: 0.5972  clm loss: 3.2999 total loss: 5.3625 bn loss: 0.5457 av loss: 0.4802 text loss: 0.5698
2026-01-16 10:16:45,766 - MMSA [INFO] - VAL-(msalm) >>  Mult_acc_2: 0.7149  Mult_acc_3: 0.5943  Mult_acc_5: 0.3333  F1_score: 0.7252  MAE: 0.4612  Corr: 0.5742  Loss: 0.4896 
2026-01-16 10:16:54,054 - MMSA [INFO] - TRAIN-(msalm) [2/11/1] >> loss: 0.459  Mult_acc_2: 0.7325  Mult_acc_3: 0.6243  Mult_acc_5: 0.3480  F1_score: 0.7408  MAE: 0.4408  Corr: 0.6090  clm loss: 3.2516 total loss: 5.2387 bn loss: 0.5042 av loss: 0.476 text loss: 0.548
2026-01-16 10:16:55,795 - MMSA [INFO] - VAL-(msalm) >>  Mult_acc_2: 0.6360  Mult_acc_3: 0.5351  Mult_acc_5: 0.3180  F1_score: 0.6470  MAE: 0.5007  Corr: 0.5780  Loss: 0.5278 
2026-01-16 10:17:04,070 - MMSA [INFO] - TRAIN-(msalm) [3/12/1] >> loss: 0.4416  Mult_acc_2: 0.7537  Mult_acc_3: 0.6330  Mult_acc_5: 0.3735  F1_score: 0.7613  MAE: 0.4261  Corr: 0.6312  clm loss: 3.237 total loss: 5.1518 bn loss: 0.4904 av loss: 0.4705 text loss: 0.5123
2026-01-16 10:17:05,942 - MMSA [INFO] - VAL-(msalm) >>  Mult_acc_2: 0.6776  Mult_acc_3: 0.5987  Mult_acc_5: 0.3531  F1_score: 0.6902  MAE: 0.4576  Corr: 0.5867  Loss: 0.4877 
2026-01-16 10:17:14,270 - MMSA [INFO] - TRAIN-(msalm) [4/13/1] >> loss: 0.4251  Mult_acc_2: 0.7580  Mult_acc_3: 0.6594  Mult_acc_5: 0.3823  F1_score: 0.7649  MAE: 0.4044  Corr: 0.6664  clm loss: 3.1689 total loss: 5.0418 bn loss: 0.4789 av loss: 0.459 text loss: 0.5099
2026-01-16 10:17:16,104 - MMSA [INFO] - VAL-(msalm) >>  Mult_acc_2: 0.6886  Mult_acc_3: 0.5987  Mult_acc_5: 0.3706  F1_score: 0.7009  MAE: 0.4583  Corr: 0.5978  Loss: 0.4975 
2026-01-16 10:17:24,641 - MMSA [INFO] - TRAIN-(msalm) [5/14/1] >> loss: 0.4309  Mult_acc_2: 0.7507  Mult_acc_3: 0.6513  Mult_acc_5: 0.3772  F1_score: 0.7573  MAE: 0.4152  Corr: 0.6488  clm loss: 3.1495 total loss: 5.0357 bn loss: 0.4825 av loss: 0.4658 text loss: 0.5071
2026-01-16 10:17:26,513 - MMSA [INFO] - VAL-(msalm) >>  Mult_acc_2: 0.6864  Mult_acc_3: 0.6053  Mult_acc_5: 0.3750  F1_score: 0.6988  MAE: 0.4504  Corr: 0.6012  Loss: 0.4767 
2026-01-16 10:17:34,836 - MMSA [INFO] - TRAIN-(msalm) [6/15/1] >> loss: 0.4161  Mult_acc_2: 0.7749  Mult_acc_3: 0.6586  Mult_acc_5: 0.3904  F1_score: 0.7800  MAE: 0.3988  Corr: 0.6697  clm loss: 3.1484 total loss: 5.0128 bn loss: 0.4851 av loss: 0.4648 text loss: 0.4984
2026-01-16 10:17:36,703 - MMSA [INFO] - VAL-(msalm) >>  Mult_acc_2: 0.7434  Mult_acc_3: 0.6250  Mult_acc_5: 0.3816  F1_score: 0.7513  MAE: 0.4340  Corr: 0.6119  Loss: 0.4700 
2026-01-16 10:17:45,001 - MMSA [INFO] - TRAIN-(msalm) [7/16/1] >> loss: 0.4216  Mult_acc_2: 0.7836  Mult_acc_3: 0.6667  Mult_acc_5: 0.3962  F1_score: 0.7881  MAE: 0.4035  Corr: 0.6655  clm loss: 3.1236 total loss: 4.979 bn loss: 0.4741 av loss: 0.4718 text loss: 0.4879
2026-01-16 10:17:46,798 - MMSA [INFO] - VAL-(msalm) >>  Mult_acc_2: 0.6820  Mult_acc_3: 0.6096  Mult_acc_5: 0.3925  F1_score: 0.6946  MAE: 0.4405  Corr: 0.6293  Loss: 0.4599 
2026-01-16 10:17:56,201 - MMSA [INFO] - TRAIN-(msalm) [1/17/1] >> loss: 0.3922  Mult_acc_2: 0.7946  Mult_acc_3: 0.6966  Mult_acc_5: 0.4167  F1_score: 0.7996  MAE: 0.3724  Corr: 0.7196  clm loss: 3.0955 total loss: 4.8854 bn loss: 0.473 av loss: 0.4594 text loss: 0.4653
2026-01-16 10:17:57,991 - MMSA [INFO] - VAL-(msalm) >>  Mult_acc_2: 0.7412  Mult_acc_3: 0.6382  Mult_acc_5: 0.3904  F1_score: 0.7502  MAE: 0.4149  Corr: 0.6418  Loss: 0.4346 
2026-01-16 10:18:07,450 - MMSA [INFO] - TRAIN-(msalm) [1/18/1] >> loss: 0.3899  Mult_acc_2: 0.7946  Mult_acc_3: 0.6835  Mult_acc_5: 0.3962  F1_score: 0.7992  MAE: 0.3726  Corr: 0.7216  clm loss: 3.1027 total loss: 4.9009 bn loss: 0.4777 av loss: 0.4552 text loss: 0.4755
2026-01-16 10:18:09,327 - MMSA [INFO] - VAL-(msalm) >>  Mult_acc_2: 0.7061  Mult_acc_3: 0.6338  Mult_acc_5: 0.3816  F1_score: 0.7178  MAE: 0.4306  Corr: 0.6488  Loss: 0.4546 
2026-01-16 10:18:17,663 - MMSA [INFO] - TRAIN-(msalm) [2/19/1] >> loss: 0.3879  Mult_acc_2: 0.7917  Mult_acc_3: 0.6901  Mult_acc_5: 0.4371  F1_score: 0.7958  MAE: 0.3654  Corr: 0.7202  clm loss: 3.1064 total loss: 4.8799 bn loss: 0.4652 av loss: 0.4591 text loss: 0.4613
2026-01-16 10:18:19,494 - MMSA [INFO] - VAL-(msalm) >>  Mult_acc_2: 0.7237  Mult_acc_3: 0.6338  Mult_acc_5: 0.3969  F1_score: 0.7343  MAE: 0.4212  Corr: 0.6487  Loss: 0.4700 
2026-01-16 10:18:27,780 - MMSA [INFO] - TRAIN-(msalm) [3/20/1] >> loss: 0.3842  Mult_acc_2: 0.7975  Mult_acc_3: 0.6937  Mult_acc_5: 0.4094  F1_score: 0.8026  MAE: 0.3673  Corr: 0.7214  clm loss: 3.0637 total loss: 4.822 bn loss: 0.4649 av loss: 0.4627 text loss: 0.4466
2026-01-16 10:18:29,537 - MMSA [INFO] - VAL-(msalm) >>  Mult_acc_2: 0.6996  Mult_acc_3: 0.6206  Mult_acc_5: 0.3728  F1_score: 0.7115  MAE: 0.4253  Corr: 0.6604  Loss: 0.4440 
2026-01-16 10:18:37,889 - MMSA [INFO] - TRAIN-(msalm) [4/21/1] >> loss: 0.3739  Mult_acc_2: 0.8034  Mult_acc_3: 0.7098  Mult_acc_5: 0.4349  F1_score: 0.8074  MAE: 0.3597  Corr: 0.7281  clm loss: 3.0114 total loss: 4.7394 bn loss: 0.4533 av loss: 0.4576 text loss: 0.4432
2026-01-16 10:18:39,964 - MMSA [INFO] - VAL-(msalm) >>  Mult_acc_2: 0.7325  Mult_acc_3: 0.6382  Mult_acc_5: 0.3882  F1_score: 0.7419  MAE: 0.4135  Corr: 0.6627  Loss: 0.4407 
2026-01-16 10:18:48,394 - MMSA [INFO] - TRAIN-(msalm) [5/22/1] >> loss: 0.3649  Mult_acc_2: 0.7961  Mult_acc_3: 0.6944  Mult_acc_5: 0.4430  F1_score: 0.8005  MAE: 0.3486  Corr: 0.7426  clm loss: 2.9607 total loss: 4.6723 bn loss: 0.4492 av loss: 0.4648 text loss: 0.4328
2026-01-16 10:18:50,163 - MMSA [INFO] - VAL-(msalm) >>  Mult_acc_2: 0.7390  Mult_acc_3: 0.6250  Mult_acc_5: 0.3794  F1_score: 0.7487  MAE: 0.4202  Corr: 0.6615  Loss: 0.4465 
2026-01-16 10:18:58,564 - MMSA [INFO] - TRAIN-(msalm) [6/23/1] >> loss: 0.3625  Mult_acc_2: 0.8107  Mult_acc_3: 0.7105  Mult_acc_5: 0.4298  F1_score: 0.8143  MAE: 0.3456  Corr: 0.7528  clm loss: 2.943 total loss: 4.6081 bn loss: 0.4186 av loss: 0.4595 text loss: 0.4246
2026-01-16 10:19:00,334 - MMSA [INFO] - VAL-(msalm) >>  Mult_acc_2: 0.7588  Mult_acc_3: 0.6645  Mult_acc_5: 0.4123  F1_score: 0.7660  MAE: 0.3957  Corr: 0.6635  Loss: 0.4050 
2026-01-16 10:19:09,786 - MMSA [INFO] - TRAIN-(msalm) [1/24/1] >> loss: 0.354  Mult_acc_2: 0.8194  Mult_acc_3: 0.7178  Mult_acc_5: 0.4605  F1_score: 0.8227  MAE: 0.3371  Corr: 0.7693  clm loss: 2.9799 total loss: 4.636 bn loss: 0.4085 av loss: 0.4591 text loss: 0.4344
2026-01-16 10:19:11,661 - MMSA [INFO] - VAL-(msalm) >>  Mult_acc_2: 0.7500  Mult_acc_3: 0.6601  Mult_acc_5: 0.4167  F1_score: 0.7584  MAE: 0.4002  Corr: 0.6616  Loss: 0.4374 
2026-01-16 10:19:20,064 - MMSA [INFO] - TRAIN-(msalm) [2/25/1] >> loss: 0.343  Mult_acc_2: 0.8187  Mult_acc_3: 0.7200  Mult_acc_5: 0.4547  F1_score: 0.8226  MAE: 0.3282  Corr: 0.7726  clm loss: 2.9129 total loss: 4.5264 bn loss: 0.3996 av loss: 0.452 text loss: 0.4189
2026-01-16 10:19:21,926 - MMSA [INFO] - VAL-(msalm) >>  Mult_acc_2: 0.7522  Mult_acc_3: 0.6338  Mult_acc_5: 0.3838  F1_score: 0.7616  MAE: 0.4074  Corr: 0.6655  Loss: 0.4241 
2026-01-16 10:19:30,282 - MMSA [INFO] - TRAIN-(msalm) [3/26/1] >> loss: 0.3316  Mult_acc_2: 0.8304  Mult_acc_3: 0.7325  Mult_acc_5: 0.4649  F1_score: 0.8339  MAE: 0.3188  Corr: 0.7902  clm loss: 2.877 total loss: 4.4633 bn loss: 0.3887 av loss: 0.4484 text loss: 0.4176
2026-01-16 10:19:32,089 - MMSA [INFO] - VAL-(msalm) >>  Mult_acc_2: 0.7500  Mult_acc_3: 0.6491  Mult_acc_5: 0.4123  F1_score: 0.7587  MAE: 0.4027  Corr: 0.6612  Loss: 0.4277 
2026-01-16 10:19:40,441 - MMSA [INFO] - TRAIN-(msalm) [4/27/1] >> loss: 0.331  Mult_acc_2: 0.8311  Mult_acc_3: 0.7383  Mult_acc_5: 0.4832  F1_score: 0.8340  MAE: 0.3128  Corr: 0.7960  clm loss: 2.8709 total loss: 4.4663 bn loss: 0.395 av loss: 0.4566 text loss: 0.4129
2026-01-16 10:19:42,315 - MMSA [INFO] - VAL-(msalm) >>  Mult_acc_2: 0.7368  Mult_acc_3: 0.6272  Mult_acc_5: 0.3947  F1_score: 0.7469  MAE: 0.4179  Corr: 0.6531  Loss: 0.4502 
2026-01-16 10:19:50,673 - MMSA [INFO] - TRAIN-(msalm) [5/28/1] >> loss: 0.3143  Mult_acc_2: 0.8465  Mult_acc_3: 0.7515  Mult_acc_5: 0.4978  F1_score: 0.8493  MAE: 0.2971  Corr: 0.8153  clm loss: 2.829 total loss: 4.3754 bn loss: 0.3793 av loss: 0.4506 text loss: 0.4021
2026-01-16 10:19:52,449 - MMSA [INFO] - VAL-(msalm) >>  Mult_acc_2: 0.7325  Mult_acc_3: 0.6425  Mult_acc_5: 0.4123  F1_score: 0.7428  MAE: 0.4086  Corr: 0.6590  Loss: 0.4335 
2026-01-16 10:20:00,935 - MMSA [INFO] - TRAIN-(msalm) [6/29/1] >> loss: 0.3113  Mult_acc_2: 0.8421  Mult_acc_3: 0.7537  Mult_acc_5: 0.5037  F1_score: 0.8454  MAE: 0.2958  Corr: 0.8177  clm loss: 2.8115 total loss: 4.3441 bn loss: 0.3705 av loss: 0.4512 text loss: 0.3997
2026-01-16 10:20:02,726 - MMSA [INFO] - VAL-(msalm) >>  Mult_acc_2: 0.7785  Mult_acc_3: 0.6601  Mult_acc_5: 0.4298  F1_score: 0.7839  MAE: 0.3903  Corr: 0.6641  Loss: 0.4123 
2026-01-16 10:20:11,183 - MMSA [INFO] - TRAIN-(msalm) [7/30/1] >> loss: 0.3136  Mult_acc_2: 0.8319  Mult_acc_3: 0.7544  Mult_acc_5: 0.4978  F1_score: 0.8359  MAE: 0.2996  Corr: 0.8141  clm loss: 2.8215 total loss: 4.337 bn loss: 0.3566 av loss: 0.448 text loss: 0.3973
2026-01-16 10:20:12,999 - MMSA [INFO] - VAL-(msalm) >>  Mult_acc_2: 0.7939  Mult_acc_3: 0.6623  Mult_acc_5: 0.4518  F1_score: 0.7965  MAE: 0.3867  Corr: 0.6649  Loss: 0.4176 
2026-01-16 10:20:21,403 - MMSA [INFO] - TRAIN-(msalm) [8/31/1] >> loss: 0.3031  Mult_acc_2: 0.8275  Mult_acc_3: 0.7412  Mult_acc_5: 0.5197  F1_score: 0.8314  MAE: 0.2858  Corr: 0.8212  clm loss: 2.7949 total loss: 4.2935 bn loss: 0.3554 av loss: 0.4522 text loss: 0.388
2026-01-16 10:20:23,397 - MMSA [INFO] - VAL-(msalm) >>  Mult_acc_2: 0.7522  Mult_acc_3: 0.6579  Mult_acc_5: 0.4167  F1_score: 0.7607  MAE: 0.4019  Corr: 0.6610  Loss: 0.4304 
2026-01-16 10:20:31,750 - MMSA [INFO] - TRAIN-(msalm) [9/32/1] >> loss: 0.2852  Mult_acc_2: 0.8443  Mult_acc_3: 0.7690  Mult_acc_5: 0.5380  F1_score: 0.8479  MAE: 0.2725  Corr: 0.8446  clm loss: 2.7383 total loss: 4.166 bn loss: 0.3384 av loss: 0.4445 text loss: 0.3597
2026-01-16 10:20:33,539 - MMSA [INFO] - VAL-(msalm) >>  Mult_acc_2: 0.7675  Mult_acc_3: 0.6535  Mult_acc_5: 0.4145  F1_score: 0.7750  MAE: 0.3977  Corr: 0.6592  Loss: 0.4152 
2026-01-16 10:20:41,882 - MMSA [INFO] - TRAIN-(msalm) [10/33/1] >> loss: 0.2828  Mult_acc_2: 0.8494  Mult_acc_3: 0.7639  Mult_acc_5: 0.5548  F1_score: 0.8523  MAE: 0.2686  Corr: 0.8443  clm loss: 2.7277 total loss: 4.1676 bn loss: 0.3376 av loss: 0.4485 text loss: 0.3711
2026-01-16 10:20:43,777 - MMSA [INFO] - VAL-(msalm) >>  Mult_acc_2: 0.7588  Mult_acc_3: 0.6645  Mult_acc_5: 0.4254  F1_score: 0.7663  MAE: 0.3994  Corr: 0.6519  Loss: 0.4236 
2026-01-16 10:20:46,038 - MMSA [INFO] - TEST-(msalm) >>  Mult_acc_2: 0.8206  Mult_acc_3: 0.6980  Mult_acc_5: 0.4376  F1_score: 0.8248  MAE: 0.3721  Corr: 0.7117  Loss: 0.3936 
2026-01-16 10:20:47,345 - MMSA [INFO] - Result for seed 1990: {'Mult_acc_2': 0.8206, 'Mult_acc_3': 0.698, 'Mult_acc_5': 0.4376, 'F1_score': 0.8248, 'MAE': 0.3721, 'Corr': 0.7117, 'Loss': 0.3936, 'seed': 1990}
2026-01-16 10:20:47,346 - MMSA [INFO] - ------------------------------ Running with seed 1991 [2/5] ------------------------------
2026-01-16 10:22:04,078 - MMSA [INFO] - The model has 181756595 trainable parameters
2026-01-16 10:22:12,384 - MMSA [INFO] - TRAIN-(msalm) [1/1/2] >> loss: 0.6555  Mult_acc_2: 0.5446  Mult_acc_3: 0.3889  Mult_acc_5: 0.1857  F1_score: 0.5494  MAE: 0.6545  Corr: -0.0417  clm loss: 7.5773 total loss: 10.7176 bn loss: 0.8934 av loss: 0.616 text loss: 0.9753
2026-01-16 10:22:14,170 - MMSA [INFO] - VAL-(msalm) >>  Mult_acc_2: 0.5789  Mult_acc_3: 0.4013  Mult_acc_5: 0.1886  F1_score: 0.5956  MAE: 0.6110  Corr: 0.1691  Loss: 0.5999 
2026-01-16 10:22:23,656 - MMSA [INFO] - TRAIN-(msalm) [1/2/2] >> loss: 0.6029  Mult_acc_2: 0.6235  Mult_acc_3: 0.4474  Mult_acc_5: 0.2047  F1_score: 0.6263  MAE: 0.6019  Corr: 0.1641  clm loss: 6.3227 total loss: 9.0499 bn loss: 0.7645 av loss: 0.5829 text loss: 0.777
2026-01-16 10:22:25,448 - MMSA [INFO] - VAL-(msalm) >>  Mult_acc_2: 0.6228  Mult_acc_3: 0.4430  Mult_acc_5: 0.1798  F1_score: 0.6250  MAE: 0.5753  Corr: 0.2285  Loss: 0.5732 
2026-01-16 10:22:34,990 - MMSA [INFO] - TRAIN-(msalm) [1/3/2] >> loss: 0.5777  Mult_acc_2: 0.6352  Mult_acc_3: 0.4854  Mult_acc_5: 0.2368  F1_score: 0.6372  MAE: 0.5754  Corr: 0.2274  clm loss: 5.1004 total loss: 7.5668 bn loss: 0.6649 av loss: 0.5551 text loss: 0.6687
2026-01-16 10:22:36,885 - MMSA [INFO] - VAL-(msalm) >>  Mult_acc_2: 0.6075  Mult_acc_3: 0.4452  Mult_acc_5: 0.1952  F1_score: 0.6227  MAE: 0.5700  Corr: 0.3274  Loss: 0.5828 
2026-01-16 10:22:45,227 - MMSA [INFO] - TRAIN-(msalm) [2/4/2] >> loss: 0.5673  Mult_acc_2: 0.6550  Mult_acc_3: 0.5285  Mult_acc_5: 0.2442  F1_score: 0.6561  MAE: 0.5638  Corr: 0.2966  clm loss: 4.3875 total loss: 6.7556 bn loss: 0.6271 av loss: 0.5393 text loss: 0.6344
2026-01-16 10:22:47,033 - MMSA [INFO] - VAL-(msalm) >>  Mult_acc_2: 0.6447  Mult_acc_3: 0.4803  Mult_acc_5: 0.2303  F1_score: 0.6588  MAE: 0.5491  Corr: 0.4464  Loss: 0.5450 
2026-01-16 10:22:56,590 - MMSA [INFO] - TRAIN-(msalm) [1/5/2] >> loss: 0.5038  Mult_acc_2: 0.7091  Mult_acc_3: 0.5746  Mult_acc_5: 0.2946  F1_score: 0.7089  MAE: 0.4988  Corr: 0.4765  clm loss: 4.0002 total loss: 6.23 bn loss: 0.6124 av loss: 0.5134 text loss: 0.6002
2026-01-16 10:22:58,385 - MMSA [INFO] - VAL-(msalm) >>  Mult_acc_2: 0.7127  Mult_acc_3: 0.5789  Mult_acc_5: 0.2610  F1_score: 0.7231  MAE: 0.4918  Corr: 0.5550  Loss: 0.5001 
2026-01-16 10:23:08,012 - MMSA [INFO] - TRAIN-(msalm) [1/6/2] >> loss: 0.4937  Mult_acc_2: 0.7471  Mult_acc_3: 0.6367  Mult_acc_5: 0.3363  F1_score: 0.7506  MAE: 0.4731  Corr: 0.5309  clm loss: 3.753 total loss: 5.9025 bn loss: 0.5629 av loss: 0.5063 text loss: 0.5866
2026-01-16 10:23:09,861 - MMSA [INFO] - VAL-(msalm) >>  Mult_acc_2: 0.7346  Mult_acc_3: 0.5943  Mult_acc_5: 0.3224  F1_score: 0.7432  MAE: 0.4780  Corr: 0.5685  Loss: 0.5134 
2026-01-16 10:23:18,236 - MMSA [INFO] - TRAIN-(msalm) [2/7/2] >> loss: 0.4814  Mult_acc_2: 0.7463  Mult_acc_3: 0.6265  Mult_acc_5: 0.3538  F1_score: 0.7512  MAE: 0.4560  Corr: 0.5660  clm loss: 3.5912 total loss: 5.6668 bn loss: 0.5417 av loss: 0.4861 text loss: 0.5664
2026-01-16 10:23:20,050 - MMSA [INFO] - VAL-(msalm) >>  Mult_acc_2: 0.7654  Mult_acc_3: 0.6447  Mult_acc_5: 0.3487  F1_score: 0.7673  MAE: 0.4514  Corr: 0.5807  Loss: 0.4640 
2026-01-16 10:23:29,635 - MMSA [INFO] - TRAIN-(msalm) [1/8/2] >> loss: 0.4613  Mult_acc_2: 0.7463  Mult_acc_3: 0.6367  Mult_acc_5: 0.3443  F1_score: 0.7489  MAE: 0.4475  Corr: 0.5886  clm loss: 3.4238 total loss: 5.4464 bn loss: 0.5241 av loss: 0.4778 text loss: 0.5593
2026-01-16 10:23:31,494 - MMSA [INFO] - VAL-(msalm) >>  Mult_acc_2: 0.7478  Mult_acc_3: 0.6118  Mult_acc_5: 0.3355  F1_score: 0.7508  MAE: 0.4558  Corr: 0.5720  Loss: 0.4772 
2026-01-16 10:23:39,783 - MMSA [INFO] - TRAIN-(msalm) [2/9/2] >> loss: 0.449  Mult_acc_2: 0.7529  Mult_acc_3: 0.6491  Mult_acc_5: 0.3516  F1_score: 0.7559  MAE: 0.4374  Corr: 0.6108  clm loss: 3.3579 total loss: 5.3633 bn loss: 0.5138 av loss: 0.4747 text loss: 0.5678
2026-01-16 10:23:41,815 - MMSA [INFO] - VAL-(msalm) >>  Mult_acc_2: 0.7346  Mult_acc_3: 0.6404  Mult_acc_5: 0.3706  F1_score: 0.7401  MAE: 0.4495  Corr: 0.5716  Loss: 0.4676 
2026-01-16 10:23:50,149 - MMSA [INFO] - TRAIN-(msalm) [3/10/2] >> loss: 0.4326  Mult_acc_2: 0.7829  Mult_acc_3: 0.6623  Mult_acc_5: 0.3874  F1_score: 0.7853  MAE: 0.4116  Corr: 0.6301  clm loss: 3.2709 total loss: 5.2305 bn loss: 0.5009 av loss: 0.4718 text loss: 0.5544
2026-01-16 10:23:51,927 - MMSA [INFO] - VAL-(msalm) >>  Mult_acc_2: 0.7588  Mult_acc_3: 0.6382  Mult_acc_5: 0.3794  F1_score: 0.7614  MAE: 0.4363  Corr: 0.5859  Loss: 0.4661 
2026-01-16 10:24:00,288 - MMSA [INFO] - TRAIN-(msalm) [4/11/2] >> loss: 0.4319  Mult_acc_2: 0.7602  Mult_acc_3: 0.6455  Mult_acc_5: 0.3808  F1_score: 0.7639  MAE: 0.4093  Corr: 0.6509  clm loss: 3.2597 total loss: 5.1856 bn loss: 0.5034 av loss: 0.475 text loss: 0.5156
2026-01-16 10:24:02,189 - MMSA [INFO] - VAL-(msalm) >>  Mult_acc_2: 0.7719  Mult_acc_3: 0.6579  Mult_acc_5: 0.3904  F1_score: 0.7724  MAE: 0.4227  Corr: 0.6084  Loss: 0.4491 
2026-01-16 10:24:11,727 - MMSA [INFO] - TRAIN-(msalm) [1/12/2] >> loss: 0.4226  Mult_acc_2: 0.7705  Mult_acc_3: 0.6623  Mult_acc_5: 0.3962  F1_score: 0.7739  MAE: 0.4048  Corr: 0.6567  clm loss: 3.2516 total loss: 5.1329 bn loss: 0.4843 av loss: 0.4718 text loss: 0.5027
2026-01-16 10:24:13,571 - MMSA [INFO] - VAL-(msalm) >>  Mult_acc_2: 0.7632  Mult_acc_3: 0.6535  Mult_acc_5: 0.3838  F1_score: 0.7662  MAE: 0.4220  Corr: 0.6179  Loss: 0.4521 
2026-01-16 10:24:21,854 - MMSA [INFO] - TRAIN-(msalm) [2/13/2] >> loss: 0.4185  Mult_acc_2: 0.7800  Mult_acc_3: 0.6652  Mult_acc_5: 0.4079  F1_score: 0.7824  MAE: 0.3948  Corr: 0.6638  clm loss: 3.1849 total loss: 5.0538 bn loss: 0.4722 av loss: 0.4684 text loss: 0.5099
2026-01-16 10:24:23,668 - MMSA [INFO] - VAL-(msalm) >>  Mult_acc_2: 0.7390  Mult_acc_3: 0.6469  Mult_acc_5: 0.3794  F1_score: 0.7465  MAE: 0.4308  Corr: 0.6208  Loss: 0.4588 
2026-01-16 10:24:31,951 - MMSA [INFO] - TRAIN-(msalm) [3/14/2] >> loss: 0.4128  Mult_acc_2: 0.7822  Mult_acc_3: 0.6689  Mult_acc_5: 0.3838  F1_score: 0.7845  MAE: 0.3961  Corr: 0.6759  clm loss: 3.1873 total loss: 5.0582 bn loss: 0.48 av loss: 0.4625 text loss: 0.5157
2026-01-16 10:24:33,865 - MMSA [INFO] - VAL-(msalm) >>  Mult_acc_2: 0.7675  Mult_acc_3: 0.6469  Mult_acc_5: 0.3860  F1_score: 0.7685  MAE: 0.4121  Corr: 0.6366  Loss: 0.4339 
2026-01-16 10:24:43,398 - MMSA [INFO] - TRAIN-(msalm) [1/15/2] >> loss: 0.3976  Mult_acc_2: 0.7880  Mult_acc_3: 0.6769  Mult_acc_5: 0.4130  F1_score: 0.7911  MAE: 0.3807  Corr: 0.6904  clm loss: 3.187 total loss: 5.0269 bn loss: 0.4772 av loss: 0.46 text loss: 0.5051
2026-01-16 10:24:45,204 - MMSA [INFO] - VAL-(msalm) >>  Mult_acc_2: 0.7851  Mult_acc_3: 0.6557  Mult_acc_5: 0.3947  F1_score: 0.7832  MAE: 0.4054  Corr: 0.6438  Loss: 0.4530 
2026-01-16 10:24:53,587 - MMSA [INFO] - TRAIN-(msalm) [2/16/2] >> loss: 0.3928  Mult_acc_2: 0.8012  Mult_acc_3: 0.7032  Mult_acc_5: 0.4327  F1_score: 0.8044  MAE: 0.3696  Corr: 0.7155  clm loss: 3.1405 total loss: 4.9479 bn loss: 0.4572 av loss: 0.4533 text loss: 0.5041
2026-01-16 10:24:55,407 - MMSA [INFO] - VAL-(msalm) >>  Mult_acc_2: 0.7544  Mult_acc_3: 0.6557  Mult_acc_5: 0.4035  F1_score: 0.7613  MAE: 0.4095  Corr: 0.6445  Loss: 0.4264 
2026-01-16 10:25:04,913 - MMSA [INFO] - TRAIN-(msalm) [1/17/2] >> loss: 0.3762  Mult_acc_2: 0.8114  Mult_acc_3: 0.7098  Mult_acc_5: 0.4298  F1_score: 0.8136  MAE: 0.3613  Corr: 0.7293  clm loss: 3.1202 total loss: 4.9133 bn loss: 0.4669 av loss: 0.453 text loss: 0.4971
2026-01-16 10:25:07,046 - MMSA [INFO] - VAL-(msalm) >>  Mult_acc_2: 0.7303  Mult_acc_3: 0.6360  Mult_acc_5: 0.3838  F1_score: 0.7392  MAE: 0.4169  Corr: 0.6461  Loss: 0.4255 
2026-01-16 10:25:16,443 - MMSA [INFO] - TRAIN-(msalm) [1/18/2] >> loss: 0.3716  Mult_acc_2: 0.7990  Mult_acc_3: 0.6959  Mult_acc_5: 0.4108  F1_score: 0.8017  MAE: 0.3586  Corr: 0.7440  clm loss: 3.0781 total loss: 4.818 bn loss: 0.4322 av loss: 0.4486 text loss: 0.4876
2026-01-16 10:25:18,310 - MMSA [INFO] - VAL-(msalm) >>  Mult_acc_2: 0.7873  Mult_acc_3: 0.6623  Mult_acc_5: 0.4123  F1_score: 0.7883  MAE: 0.3989  Corr: 0.6505  Loss: 0.4289 
2026-01-16 10:25:26,670 - MMSA [INFO] - TRAIN-(msalm) [2/19/2] >> loss: 0.385  Mult_acc_2: 0.8034  Mult_acc_3: 0.7003  Mult_acc_5: 0.4152  F1_score: 0.8060  MAE: 0.3671  Corr: 0.7178  clm loss: 3.0752 total loss: 4.8164 bn loss: 0.4289 av loss: 0.4607 text loss: 0.4665
2026-01-16 10:25:28,556 - MMSA [INFO] - VAL-(msalm) >>  Mult_acc_2: 0.7412  Mult_acc_3: 0.6382  Mult_acc_5: 0.3991  F1_score: 0.7499  MAE: 0.4104  Corr: 0.6504  Loss: 0.4391 
2026-01-16 10:25:36,861 - MMSA [INFO] - TRAIN-(msalm) [3/20/2] >> loss: 0.3659  Mult_acc_2: 0.8026  Mult_acc_3: 0.6974  Mult_acc_5: 0.4291  F1_score: 0.8063  MAE: 0.3484  Corr: 0.7495  clm loss: 3.0818 total loss: 4.7807 bn loss: 0.4191 av loss: 0.4629 text loss: 0.4509
2026-01-16 10:25:38,672 - MMSA [INFO] - VAL-(msalm) >>  Mult_acc_2: 0.7368  Mult_acc_3: 0.6491  Mult_acc_5: 0.3969  F1_score: 0.7466  MAE: 0.4135  Corr: 0.6592  Loss: 0.4361 
2026-01-16 10:25:47,049 - MMSA [INFO] - TRAIN-(msalm) [4/21/2] >> loss: 0.3605  Mult_acc_2: 0.8231  Mult_acc_3: 0.7222  Mult_acc_5: 0.4437  F1_score: 0.8253  MAE: 0.3418  Corr: 0.7595  clm loss: 3.0253 total loss: 4.7087 bn loss: 0.4129 av loss: 0.461 text loss: 0.449
2026-01-16 10:25:48,889 - MMSA [INFO] - VAL-(msalm) >>  Mult_acc_2: 0.7741  Mult_acc_3: 0.6601  Mult_acc_5: 0.4211  F1_score: 0.7796  MAE: 0.3933  Corr: 0.6671  Loss: 0.4198 
2026-01-16 10:25:58,374 - MMSA [INFO] - TRAIN-(msalm) [1/22/2] >> loss: 0.345  Mult_acc_2: 0.8173  Mult_acc_3: 0.7259  Mult_acc_5: 0.4686  F1_score: 0.8202  MAE: 0.3292  Corr: 0.7732  clm loss: 3.0016 total loss: 4.6261 bn loss: 0.3978 av loss: 0.4576 text loss: 0.4241
2026-01-16 10:26:00,228 - MMSA [INFO] - VAL-(msalm) >>  Mult_acc_2: 0.7522  Mult_acc_3: 0.6557  Mult_acc_5: 0.4123  F1_score: 0.7600  MAE: 0.3986  Corr: 0.6671  Loss: 0.4122 
2026-01-16 10:26:09,663 - MMSA [INFO] - TRAIN-(msalm) [1/23/2] >> loss: 0.3376  Mult_acc_2: 0.8297  Mult_acc_3: 0.7310  Mult_acc_5: 0.4569  F1_score: 0.8328  MAE: 0.3222  Corr: 0.7839  clm loss: 2.9777 total loss: 4.5884 bn loss: 0.3914 av loss: 0.4524 text loss: 0.4292
2026-01-16 10:26:11,501 - MMSA [INFO] - VAL-(msalm) >>  Mult_acc_2: 0.7566  Mult_acc_3: 0.6425  Mult_acc_5: 0.3860  F1_score: 0.7644  MAE: 0.4088  Corr: 0.6625  Loss: 0.4253 
2026-01-16 10:26:19,813 - MMSA [INFO] - TRAIN-(msalm) [2/24/2] >> loss: 0.3316  Mult_acc_2: 0.8304  Mult_acc_3: 0.7390  Mult_acc_5: 0.4722  F1_score: 0.8326  MAE: 0.3164  Corr: 0.7937  clm loss: 2.97 total loss: 4.5694 bn loss: 0.3883 av loss: 0.4463 text loss: 0.4332
2026-01-16 10:26:21,643 - MMSA [INFO] - VAL-(msalm) >>  Mult_acc_2: 0.7456  Mult_acc_3: 0.6338  Mult_acc_5: 0.3882  F1_score: 0.7546  MAE: 0.4098  Corr: 0.6586  Loss: 0.4376 
2026-01-16 10:26:30,019 - MMSA [INFO] - TRAIN-(msalm) [3/25/2] >> loss: 0.334  Mult_acc_2: 0.8268  Mult_acc_3: 0.7332  Mult_acc_5: 0.4722  F1_score: 0.8289  MAE: 0.3166  Corr: 0.7922  clm loss: 2.9537 total loss: 4.5599 bn loss: 0.3884 av loss: 0.4519 text loss: 0.4319
2026-01-16 10:26:32,143 - MMSA [INFO] - VAL-(msalm) >>  Mult_acc_2: 0.7522  Mult_acc_3: 0.6645  Mult_acc_5: 0.4079  F1_score: 0.7606  MAE: 0.4076  Corr: 0.6593  Loss: 0.4371 
2026-01-16 10:26:40,426 - MMSA [INFO] - TRAIN-(msalm) [4/26/2] >> loss: 0.3234  Mult_acc_2: 0.8319  Mult_acc_3: 0.7368  Mult_acc_5: 0.4912  F1_score: 0.8350  MAE: 0.3088  Corr: 0.7998  clm loss: 2.8958 total loss: 4.4583 bn loss: 0.3717 av loss: 0.4498 text loss: 0.4175
2026-01-16 10:26:42,305 - MMSA [INFO] - VAL-(msalm) >>  Mult_acc_2: 0.7829  Mult_acc_3: 0.6667  Mult_acc_5: 0.4101  F1_score: 0.7871  MAE: 0.3968  Corr: 0.6589  Loss: 0.4252 
2026-01-16 10:26:50,649 - MMSA [INFO] - TRAIN-(msalm) [5/27/2] >> loss: 0.3184  Mult_acc_2: 0.8341  Mult_acc_3: 0.7522  Mult_acc_5: 0.4898  F1_score: 0.8374  MAE: 0.3036  Corr: 0.8091  clm loss: 2.8949 total loss: 4.4511 bn loss: 0.3672 av loss: 0.4568 text loss: 0.4138
2026-01-16 10:26:52,455 - MMSA [INFO] - VAL-(msalm) >>  Mult_acc_2: 0.7961  Mult_acc_3: 0.6513  Mult_acc_5: 0.3904  F1_score: 0.7936  MAE: 0.3985  Corr: 0.6597  Loss: 0.4314 
2026-01-16 10:27:00,873 - MMSA [INFO] - TRAIN-(msalm) [6/28/2] >> loss: 0.2985  Mult_acc_2: 0.8311  Mult_acc_3: 0.7522  Mult_acc_5: 0.5139  F1_score: 0.8347  MAE: 0.2823  Corr: 0.8345  clm loss: 2.8914 total loss: 4.4065 bn loss: 0.3582 av loss: 0.4464 text loss: 0.4121
2026-01-16 10:27:02,717 - MMSA [INFO] - VAL-(msalm) >>  Mult_acc_2: 0.8004  Mult_acc_3: 0.6645  Mult_acc_5: 0.4079  F1_score: 0.8014  MAE: 0.3947  Corr: 0.6601  Loss: 0.4268 
2026-01-16 10:27:11,043 - MMSA [INFO] - TRAIN-(msalm) [7/29/2] >> loss: 0.3032  Mult_acc_2: 0.8355  Mult_acc_3: 0.7398  Mult_acc_5: 0.4905  F1_score: 0.8383  MAE: 0.2853  Corr: 0.8287  clm loss: 2.8348 total loss: 4.3487 bn loss: 0.3584 av loss: 0.446 text loss: 0.4063
2026-01-16 10:27:12,926 - MMSA [INFO] - VAL-(msalm) >>  Mult_acc_2: 0.8026  Mult_acc_3: 0.6491  Mult_acc_5: 0.3772  F1_score: 0.8030  MAE: 0.4020  Corr: 0.6558  Loss: 0.4158 
2026-01-16 10:27:21,288 - MMSA [INFO] - TRAIN-(msalm) [8/30/2] >> loss: 0.3049  Mult_acc_2: 0.8487  Mult_acc_3: 0.7719  Mult_acc_5: 0.5066  F1_score: 0.8506  MAE: 0.2928  Corr: 0.8223  clm loss: 2.8342 total loss: 4.3594 bn loss: 0.37 av loss: 0.4542 text loss: 0.396
2026-01-16 10:27:23,199 - MMSA [INFO] - VAL-(msalm) >>  Mult_acc_2: 0.7961  Mult_acc_3: 0.6711  Mult_acc_5: 0.4057  F1_score: 0.7981  MAE: 0.3973  Corr: 0.6600  Loss: 0.4143 
2026-01-16 10:27:31,580 - MMSA [INFO] - TRAIN-(msalm) [9/31/2] >> loss: 0.2808  Mult_acc_2: 0.8501  Mult_acc_3: 0.7712  Mult_acc_5: 0.5490  F1_score: 0.8526  MAE: 0.2675  Corr: 0.8467  clm loss: 2.8035 total loss: 4.2692 bn loss: 0.3666 av loss: 0.4423 text loss: 0.376
2026-01-16 10:27:33,486 - MMSA [INFO] - VAL-(msalm) >>  Mult_acc_2: 0.7719  Mult_acc_3: 0.6754  Mult_acc_5: 0.4035  F1_score: 0.7776  MAE: 0.4052  Corr: 0.6564  Loss: 0.4389 
2026-01-16 10:27:41,750 - MMSA [INFO] - TRAIN-(msalm) [10/32/2] >> loss: 0.2782  Mult_acc_2: 0.8575  Mult_acc_3: 0.7756  Mult_acc_5: 0.5504  F1_score: 0.8600  MAE: 0.2633  Corr: 0.8535  clm loss: 2.7596 total loss: 4.1922 bn loss: 0.3417 av loss: 0.4499 text loss: 0.3628
2026-01-16 10:27:43,502 - MMSA [INFO] - VAL-(msalm) >>  Mult_acc_2: 0.7675  Mult_acc_3: 0.6667  Mult_acc_5: 0.3728  F1_score: 0.7739  MAE: 0.4137  Corr: 0.6493  Loss: 0.4327 
2026-01-16 10:27:45,780 - MMSA [INFO] - TEST-(msalm) >>  Mult_acc_2: 0.8096  Mult_acc_3: 0.6980  Mult_acc_5: 0.4376  F1_score: 0.8142  MAE: 0.3753  Corr: 0.7118  Loss: 0.3987 
2026-01-16 10:27:47,077 - MMSA [INFO] - Result for seed 1991: {'Mult_acc_2': 0.8096, 'Mult_acc_3': 0.698, 'Mult_acc_5': 0.4376, 'F1_score': 0.8142, 'MAE': 0.3753, 'Corr': 0.7118, 'Loss': 0.3987, 'seed': 1991}
2026-01-16 10:27:47,079 - MMSA [INFO] - ------------------------------ Running with seed 1992 [3/5] ------------------------------
2026-01-16 10:29:04,187 - MMSA [INFO] - The model has 181756595 trainable parameters
2026-01-16 10:29:12,498 - MMSA [INFO] - TRAIN-(msalm) [1/1/3] >> loss: 0.6558  Mult_acc_2: 0.5205  Mult_acc_3: 0.3882  Mult_acc_5: 0.1871  F1_score: 0.5384  MAE: 0.6560  Corr: 0.0249  clm loss: 7.5351 total loss: 10.5728 bn loss: 0.8612 av loss: 0.5777 text loss: 0.9431
2026-01-16 10:29:14,282 - MMSA [INFO] - VAL-(msalm) >>  Mult_acc_2: 0.5614  Mult_acc_3: 0.3991  Mult_acc_5: 0.1864  F1_score: 0.5772  MAE: 0.6265  Corr: 0.1525  Loss: 0.6248 
2026-01-16 10:29:23,864 - MMSA [INFO] - TRAIN-(msalm) [1/2/3] >> loss: 0.6083  Mult_acc_2: 0.5855  Mult_acc_3: 0.4408  Mult_acc_5: 0.2127  F1_score: 0.6009  MAE: 0.6083  Corr: 0.1983  clm loss: 6.284 total loss: 8.9151 bn loss: 0.7166 av loss: 0.5498 text loss: 0.7564
2026-01-16 10:29:25,649 - MMSA [INFO] - VAL-(msalm) >>  Mult_acc_2: 0.5197  Mult_acc_3: 0.4013  Mult_acc_5: 0.2127  F1_score: 0.5240  MAE: 0.6119  Corr: 0.3144  Loss: 0.6072 
2026-01-16 10:29:35,161 - MMSA [INFO] - TRAIN-(msalm) [1/3/3] >> loss: 0.5647  Mult_acc_2: 0.6345  Mult_acc_3: 0.5007  Mult_acc_5: 0.2281  F1_score: 0.6479  MAE: 0.5626  Corr: 0.3386  clm loss: 5.0401 total loss: 7.4195 bn loss: 0.6281 av loss: 0.5183 text loss: 0.6684
2026-01-16 10:29:37,030 - MMSA [INFO] - VAL-(msalm) >>  Mult_acc_2: 0.5811  Mult_acc_3: 0.4868  Mult_acc_5: 0.2456  F1_score: 0.5908  MAE: 0.5678  Corr: 0.4882  Loss: 0.5682 
2026-01-16 10:29:46,560 - MMSA [INFO] - TRAIN-(msalm) [1/4/3] >> loss: 0.5016  Mult_acc_2: 0.6952  Mult_acc_3: 0.5636  Mult_acc_5: 0.2997  F1_score: 0.7053  MAE: 0.4952  Corr: 0.5015  clm loss: 4.3082 total loss: 6.5241 bn loss: 0.5783 av loss: 0.5072 text loss: 0.6288
2026-01-16 10:29:48,317 - MMSA [INFO] - VAL-(msalm) >>  Mult_acc_2: 0.6513  Mult_acc_3: 0.5395  Mult_acc_5: 0.2741  F1_score: 0.6648  MAE: 0.5699  Corr: 0.4858  Loss: 0.6250 
2026-01-16 10:29:56,682 - MMSA [INFO] - TRAIN-(msalm) [2/5/3] >> loss: 0.5086  Mult_acc_2: 0.7156  Mult_acc_3: 0.6031  Mult_acc_5: 0.3406  F1_score: 0.7236  MAE: 0.4874  Corr: 0.5159  clm loss: 3.8791 total loss: 6.0119 bn loss: 0.5462 av loss: 0.4952 text loss: 0.583
2026-01-16 10:29:58,512 - MMSA [INFO] - VAL-(msalm) >>  Mult_acc_2: 0.6425  Mult_acc_3: 0.5592  Mult_acc_5: 0.2851  F1_score: 0.6564  MAE: 0.5487  Corr: 0.5050  Loss: 0.6243 
2026-01-16 10:30:06,922 - MMSA [INFO] - TRAIN-(msalm) [3/6/3] >> loss: 0.4787  Mult_acc_2: 0.7303  Mult_acc_3: 0.6192  Mult_acc_5: 0.3509  F1_score: 0.7371  MAE: 0.4627  Corr: 0.5624  clm loss: 3.6463 total loss: 5.6919 bn loss: 0.5222 av loss: 0.4869 text loss: 0.5579
2026-01-16 10:30:08,789 - MMSA [INFO] - VAL-(msalm) >>  Mult_acc_2: 0.7018  Mult_acc_3: 0.5877  Mult_acc_5: 0.3070  F1_score: 0.7119  MAE: 0.4829  Corr: 0.5492  Loss: 0.4904 
2026-01-16 10:30:18,302 - MMSA [INFO] - TRAIN-(msalm) [1/7/3] >> loss: 0.4607  Mult_acc_2: 0.7405  Mult_acc_3: 0.6235  Mult_acc_5: 0.3348  F1_score: 0.7470  MAE: 0.4497  Corr: 0.5911  clm loss: 3.4727 total loss: 5.4764 bn loss: 0.5129 av loss: 0.4774 text loss: 0.5526
2026-01-16 10:30:20,094 - MMSA [INFO] - VAL-(msalm) >>  Mult_acc_2: 0.7061  Mult_acc_3: 0.6031  Mult_acc_5: 0.3070  F1_score: 0.7132  MAE: 0.4580  Corr: 0.5669  Loss: 0.4611 
2026-01-16 10:30:29,595 - MMSA [INFO] - TRAIN-(msalm) [1/8/3] >> loss: 0.4722  Mult_acc_2: 0.7420  Mult_acc_3: 0.6140  Mult_acc_5: 0.3421  F1_score: 0.7489  MAE: 0.4586  Corr: 0.5670  clm loss: 3.3893 total loss: 5.4397 bn loss: 0.5208 av loss: 0.4774 text loss: 0.58
2026-01-16 10:30:31,500 - MMSA [INFO] - VAL-(msalm) >>  Mult_acc_2: 0.7259  Mult_acc_3: 0.6053  Mult_acc_5: 0.3092  F1_score: 0.7319  MAE: 0.4522  Corr: 0.5859  Loss: 0.4632 
2026-01-16 10:30:39,855 - MMSA [INFO] - TRAIN-(msalm) [2/9/3] >> loss: 0.4428  Mult_acc_2: 0.7529  Mult_acc_3: 0.6228  Mult_acc_5: 0.3596  F1_score: 0.7579  MAE: 0.4292  Corr: 0.6188  clm loss: 3.3326 total loss: 5.3637 bn loss: 0.5261 av loss: 0.4752 text loss: 0.587
2026-01-16 10:30:41,945 - MMSA [INFO] - VAL-(msalm) >>  Mult_acc_2: 0.7412  Mult_acc_3: 0.6338  Mult_acc_5: 0.3706  F1_score: 0.7427  MAE: 0.4333  Corr: 0.5885  Loss: 0.4606 
2026-01-16 10:30:51,459 - MMSA [INFO] - TRAIN-(msalm) [1/10/3] >> loss: 0.4472  Mult_acc_2: 0.7515  Mult_acc_3: 0.6469  Mult_acc_5: 0.3838  F1_score: 0.7567  MAE: 0.4246  Corr: 0.6253  clm loss: 3.307 total loss: 5.3016 bn loss: 0.5212 av loss: 0.4663 text loss: 0.56
2026-01-16 10:30:53,346 - MMSA [INFO] - VAL-(msalm) >>  Mult_acc_2: 0.7654  Mult_acc_3: 0.6404  Mult_acc_5: 0.4079  F1_score: 0.7614  MAE: 0.4345  Corr: 0.5848  Loss: 0.4737 
2026-01-16 10:31:01,751 - MMSA [INFO] - TRAIN-(msalm) [2/11/3] >> loss: 0.4181  Mult_acc_2: 0.7844  Mult_acc_3: 0.6806  Mult_acc_5: 0.4006  F1_score: 0.7887  MAE: 0.3947  Corr: 0.6809  clm loss: 3.2268 total loss: 5.1299 bn loss: 0.498 av loss: 0.4591 text loss: 0.5279
2026-01-16 10:31:03,490 - MMSA [INFO] - VAL-(msalm) >>  Mult_acc_2: 0.7588  Mult_acc_3: 0.6447  Mult_acc_5: 0.3904  F1_score: 0.7511  MAE: 0.4244  Corr: 0.6147  Loss: 0.4464 
2026-01-16 10:31:12,949 - MMSA [INFO] - TRAIN-(msalm) [1/12/3] >> loss: 0.4242  Mult_acc_2: 0.7844  Mult_acc_3: 0.6601  Mult_acc_5: 0.3838  F1_score: 0.7865  MAE: 0.4076  Corr: 0.6552  clm loss: 3.2353 total loss: 5.1352 bn loss: 0.4945 av loss: 0.4635 text loss: 0.5178
2026-01-16 10:31:14,766 - MMSA [INFO] - VAL-(msalm) >>  Mult_acc_2: 0.7719  Mult_acc_3: 0.6491  Mult_acc_5: 0.4123  F1_score: 0.7647  MAE: 0.4212  Corr: 0.6118  Loss: 0.4517 
2026-01-16 10:31:23,118 - MMSA [INFO] - TRAIN-(msalm) [2/13/3] >> loss: 0.4084  Mult_acc_2: 0.7851  Mult_acc_3: 0.6615  Mult_acc_5: 0.3896  F1_score: 0.7870  MAE: 0.3901  Corr: 0.6828  clm loss: 3.2071 total loss: 5.0716 bn loss: 0.4778 av loss: 0.455 text loss: 0.5233
2026-01-16 10:31:24,945 - MMSA [INFO] - VAL-(msalm) >>  Mult_acc_2: 0.7763  Mult_acc_3: 0.6557  Mult_acc_5: 0.4057  F1_score: 0.7749  MAE: 0.4111  Corr: 0.6222  Loss: 0.4379 
2026-01-16 10:31:34,469 - MMSA [INFO] - TRAIN-(msalm) [1/14/3] >> loss: 0.4111  Mult_acc_2: 0.7961  Mult_acc_3: 0.6754  Mult_acc_5: 0.4013  F1_score: 0.7983  MAE: 0.3921  Corr: 0.6817  clm loss: 3.1706 total loss: 5.027 bn loss: 0.4736 av loss: 0.4654 text loss: 0.5064
2026-01-16 10:31:36,201 - MMSA [INFO] - VAL-(msalm) >>  Mult_acc_2: 0.7610  Mult_acc_3: 0.6535  Mult_acc_5: 0.3860  F1_score: 0.7626  MAE: 0.4090  Corr: 0.6294  Loss: 0.4269 
2026-01-16 10:31:45,805 - MMSA [INFO] - TRAIN-(msalm) [1/15/3] >> loss: 0.3918  Mult_acc_2: 0.7931  Mult_acc_3: 0.6842  Mult_acc_5: 0.4094  F1_score: 0.7967  MAE: 0.3710  Corr: 0.7140  clm loss: 3.1702 total loss: 4.9691 bn loss: 0.4666 av loss: 0.4581 text loss: 0.4823
2026-01-16 10:31:47,722 - MMSA [INFO] - VAL-(msalm) >>  Mult_acc_2: 0.7149  Mult_acc_3: 0.6338  Mult_acc_5: 0.3640  F1_score: 0.7252  MAE: 0.4269  Corr: 0.6340  Loss: 0.4555 
2026-01-16 10:31:56,192 - MMSA [INFO] - TRAIN-(msalm) [2/16/3] >> loss: 0.4048  Mult_acc_2: 0.7946  Mult_acc_3: 0.6776  Mult_acc_5: 0.3874  F1_score: 0.7970  MAE: 0.3852  Corr: 0.6907  clm loss: 3.1171 total loss: 4.9418 bn loss: 0.4596 av loss: 0.4678 text loss: 0.4926
2026-01-16 10:31:58,033 - MMSA [INFO] - VAL-(msalm) >>  Mult_acc_2: 0.7456  Mult_acc_3: 0.6557  Mult_acc_5: 0.3925  F1_score: 0.7528  MAE: 0.4120  Corr: 0.6500  Loss: 0.4321 
2026-01-16 10:32:06,402 - MMSA [INFO] - TRAIN-(msalm) [3/17/3] >> loss: 0.368  Mult_acc_2: 0.8165  Mult_acc_3: 0.7105  Mult_acc_5: 0.4298  F1_score: 0.8181  MAE: 0.3517  Corr: 0.7425  clm loss: 3.0794 total loss: 4.8115 bn loss: 0.433 av loss: 0.4576 text loss: 0.4735
2026-01-16 10:32:08,558 - MMSA [INFO] - VAL-(msalm) >>  Mult_acc_2: 0.7895  Mult_acc_3: 0.6820  Mult_acc_5: 0.4386  F1_score: 0.7918  MAE: 0.3897  Corr: 0.6616  Loss: 0.4145 
2026-01-16 10:32:18,176 - MMSA [INFO] - TRAIN-(msalm) [1/18/3] >> loss: 0.3734  Mult_acc_2: 0.8085  Mult_acc_3: 0.7156  Mult_acc_5: 0.4313  F1_score: 0.8110  MAE: 0.3575  Corr: 0.7390  clm loss: 3.1097 total loss: 4.8188 bn loss: 0.417 av loss: 0.4528 text loss: 0.466
2026-01-16 10:32:19,885 - MMSA [INFO] - VAL-(msalm) >>  Mult_acc_2: 0.7785  Mult_acc_3: 0.6798  Mult_acc_5: 0.4364  F1_score: 0.7818  MAE: 0.3853  Corr: 0.6636  Loss: 0.4282 
2026-01-16 10:32:28,224 - MMSA [INFO] - TRAIN-(msalm) [2/19/3] >> loss: 0.3725  Mult_acc_2: 0.8216  Mult_acc_3: 0.7113  Mult_acc_5: 0.4254  F1_score: 0.8245  MAE: 0.3524  Corr: 0.7422  clm loss: 3.0637 total loss: 4.7685 bn loss: 0.4254 av loss: 0.4625 text loss: 0.4445
2026-01-16 10:32:30,057 - MMSA [INFO] - VAL-(msalm) >>  Mult_acc_2: 0.7851  Mult_acc_3: 0.6754  Mult_acc_5: 0.4123  F1_score: 0.7871  MAE: 0.3901  Corr: 0.6594  Loss: 0.4365 
2026-01-16 10:32:38,337 - MMSA [INFO] - TRAIN-(msalm) [3/20/3] >> loss: 0.3525  Mult_acc_2: 0.8246  Mult_acc_3: 0.7222  Mult_acc_5: 0.4591  F1_score: 0.8275  MAE: 0.3363  Corr: 0.7652  clm loss: 3.0206 total loss: 4.6485 bn loss: 0.3996 av loss: 0.4458 text loss: 0.4298
2026-01-16 10:32:40,170 - MMSA [INFO] - VAL-(msalm) >>  Mult_acc_2: 0.7829  Mult_acc_3: 0.6645  Mult_acc_5: 0.3991  F1_score: 0.7835  MAE: 0.3976  Corr: 0.6530  Loss: 0.4121 
2026-01-16 10:32:49,742 - MMSA [INFO] - TRAIN-(msalm) [1/21/3] >> loss: 0.3466  Mult_acc_2: 0.8370  Mult_acc_3: 0.7120  Mult_acc_5: 0.4437  F1_score: 0.8384  MAE: 0.3332  Corr: 0.7698  clm loss: 3.0024 total loss: 4.6412 bn loss: 0.3998 av loss: 0.4511 text loss: 0.4413
2026-01-16 10:32:51,535 - MMSA [INFO] - VAL-(msalm) >>  Mult_acc_2: 0.8004  Mult_acc_3: 0.6535  Mult_acc_5: 0.3947  F1_score: 0.8010  MAE: 0.3978  Corr: 0.6532  Loss: 0.4249 
2026-01-16 10:32:59,810 - MMSA [INFO] - TRAIN-(msalm) [2/22/3] >> loss: 0.3602  Mult_acc_2: 0.8224  Mult_acc_3: 0.7098  Mult_acc_5: 0.4298  F1_score: 0.8245  MAE: 0.3405  Corr: 0.7552  clm loss: 2.9818 total loss: 4.6199 bn loss: 0.3973 av loss: 0.4599 text loss: 0.4208
2026-01-16 10:33:01,667 - MMSA [INFO] - VAL-(msalm) >>  Mult_acc_2: 0.7961  Mult_acc_3: 0.6645  Mult_acc_5: 0.4232  F1_score: 0.7974  MAE: 0.3963  Corr: 0.6528  Loss: 0.4425 
2026-01-16 10:33:09,966 - MMSA [INFO] - TRAIN-(msalm) [3/23/3] >> loss: 0.3401  Mult_acc_2: 0.8202  Mult_acc_3: 0.7405  Mult_acc_5: 0.4781  F1_score: 0.8241  MAE: 0.3201  Corr: 0.7857  clm loss: 2.9693 total loss: 4.5659 bn loss: 0.3828 av loss: 0.4495 text loss: 0.4242
2026-01-16 10:33:11,771 - MMSA [INFO] - VAL-(msalm) >>  Mult_acc_2: 0.7632  Mult_acc_3: 0.6447  Mult_acc_5: 0.3947  F1_score: 0.7698  MAE: 0.3983  Corr: 0.6608  Loss: 0.4100 
2026-01-16 10:33:21,197 - MMSA [INFO] - TRAIN-(msalm) [1/24/3] >> loss: 0.3305  Mult_acc_2: 0.8341  Mult_acc_3: 0.7376  Mult_acc_5: 0.4474  F1_score: 0.8375  MAE: 0.3190  Corr: 0.7973  clm loss: 2.9393 total loss: 4.5159 bn loss: 0.3779 av loss: 0.4493 text loss: 0.4189
2026-01-16 10:33:22,977 - MMSA [INFO] - VAL-(msalm) >>  Mult_acc_2: 0.7829  Mult_acc_3: 0.6645  Mult_acc_5: 0.4079  F1_score: 0.7865  MAE: 0.3963  Corr: 0.6588  Loss: 0.4279 
2026-01-16 10:33:31,226 - MMSA [INFO] - TRAIN-(msalm) [2/25/3] >> loss: 0.3279  Mult_acc_2: 0.8363  Mult_acc_3: 0.7442  Mult_acc_5: 0.4956  F1_score: 0.8394  MAE: 0.3113  Corr: 0.7963  clm loss: 2.8938 total loss: 4.4648 bn loss: 0.3767 av loss: 0.4545 text loss: 0.4119
2026-01-16 10:33:33,123 - MMSA [INFO] - VAL-(msalm) >>  Mult_acc_2: 0.7917  Mult_acc_3: 0.6557  Mult_acc_5: 0.4408  F1_score: 0.7938  MAE: 0.3930  Corr: 0.6567  Loss: 0.4389 
2026-01-16 10:33:41,845 - MMSA [INFO] - TRAIN-(msalm) [3/26/3] >> loss: 0.3125  Mult_acc_2: 0.8472  Mult_acc_3: 0.7449  Mult_acc_5: 0.5168  F1_score: 0.8492  MAE: 0.2945  Corr: 0.8141  clm loss: 2.8922 total loss: 4.4285 bn loss: 0.3646 av loss: 0.4471 text loss: 0.4121
2026-01-16 10:33:43,699 - MMSA [INFO] - VAL-(msalm) >>  Mult_acc_2: 0.7939  Mult_acc_3: 0.6579  Mult_acc_5: 0.4167  F1_score: 0.7951  MAE: 0.3959  Corr: 0.6578  Loss: 0.4240 
2026-01-16 10:33:52,169 - MMSA [INFO] - TRAIN-(msalm) [4/27/3] >> loss: 0.302  Mult_acc_2: 0.8399  Mult_acc_3: 0.7646  Mult_acc_5: 0.5175  F1_score: 0.8430  MAE: 0.2857  Corr: 0.8285  clm loss: 2.8552 total loss: 4.3457 bn loss: 0.3545 av loss: 0.4475 text loss: 0.3864
2026-01-16 10:33:53,944 - MMSA [INFO] - VAL-(msalm) >>  Mult_acc_2: 0.8092  Mult_acc_3: 0.6645  Mult_acc_5: 0.4298  F1_score: 0.8105  MAE: 0.3894  Corr: 0.6679  Loss: 0.4084 
2026-01-16 10:34:03,469 - MMSA [INFO] - TRAIN-(msalm) [1/28/3] >> loss: 0.2912  Mult_acc_2: 0.8494  Mult_acc_3: 0.7646  Mult_acc_5: 0.5409  F1_score: 0.8519  MAE: 0.2757  Corr: 0.8362  clm loss: 2.8771 total loss: 4.374 bn loss: 0.3575 av loss: 0.4435 text loss: 0.4045
2026-01-16 10:34:05,267 - MMSA [INFO] - VAL-(msalm) >>  Mult_acc_2: 0.7873  Mult_acc_3: 0.6820  Mult_acc_5: 0.4167  F1_score: 0.7908  MAE: 0.3907  Corr: 0.6673  Loss: 0.4187 
2026-01-16 10:34:13,566 - MMSA [INFO] - TRAIN-(msalm) [2/29/3] >> loss: 0.2948  Mult_acc_2: 0.8567  Mult_acc_3: 0.7690  Mult_acc_5: 0.5256  F1_score: 0.8603  MAE: 0.2780  Corr: 0.8430  clm loss: 2.8304 total loss: 4.3318 bn loss: 0.3515 av loss: 0.453 text loss: 0.4021
2026-01-16 10:34:15,462 - MMSA [INFO] - VAL-(msalm) >>  Mult_acc_2: 0.7939  Mult_acc_3: 0.6776  Mult_acc_5: 0.4430  F1_score: 0.7968  MAE: 0.3893  Corr: 0.6643  Loss: 0.4318 
2026-01-16 10:34:23,885 - MMSA [INFO] - TRAIN-(msalm) [3/30/3] >> loss: 0.3025  Mult_acc_2: 0.8531  Mult_acc_3: 0.7588  Mult_acc_5: 0.5380  F1_score: 0.8555  MAE: 0.2841  Corr: 0.8253  clm loss: 2.7969 total loss: 4.3143 bn loss: 0.3502 av loss: 0.4527 text loss: 0.412
2026-01-16 10:34:25,674 - MMSA [INFO] - VAL-(msalm) >>  Mult_acc_2: 0.7719  Mult_acc_3: 0.6842  Mult_acc_5: 0.4298  F1_score: 0.7788  MAE: 0.3929  Corr: 0.6620  Loss: 0.4020 
2026-01-16 10:34:35,205 - MMSA [INFO] - TRAIN-(msalm) [1/31/3] >> loss: 0.2784  Mult_acc_2: 0.8472  Mult_acc_3: 0.7749  Mult_acc_5: 0.5665  F1_score: 0.8505  MAE: 0.2637  Corr: 0.8502  clm loss: 2.7785 total loss: 4.2142 bn loss: 0.3337 av loss: 0.4428 text loss: 0.3808
2026-01-16 10:34:37,066 - MMSA [INFO] - VAL-(msalm) >>  Mult_acc_2: 0.7719  Mult_acc_3: 0.6754  Mult_acc_5: 0.4101  F1_score: 0.7788  MAE: 0.3941  Corr: 0.6657  Loss: 0.4129 
2026-01-16 10:34:45,321 - MMSA [INFO] - TRAIN-(msalm) [2/32/3] >> loss: 0.2773  Mult_acc_2: 0.8487  Mult_acc_3: 0.7646  Mult_acc_5: 0.5548  F1_score: 0.8525  MAE: 0.2625  Corr: 0.8532  clm loss: 2.7809 total loss: 4.1953 bn loss: 0.3232 av loss: 0.4449 text loss: 0.3689
2026-01-16 10:34:47,088 - MMSA [INFO] - VAL-(msalm) >>  Mult_acc_2: 0.7632  Mult_acc_3: 0.6798  Mult_acc_5: 0.4276  F1_score: 0.7717  MAE: 0.3951  Corr: 0.6701  Loss: 0.4074 
2026-01-16 10:34:55,637 - MMSA [INFO] - TRAIN-(msalm) [3/33/3] >> loss: 0.2681  Mult_acc_2: 0.8501  Mult_acc_3: 0.7763  Mult_acc_5: 0.5607  F1_score: 0.8534  MAE: 0.2548  Corr: 0.8585  clm loss: 2.7307 total loss: 4.1133 bn loss: 0.3147 av loss: 0.4427 text loss: 0.357
2026-01-16 10:34:57,474 - MMSA [INFO] - VAL-(msalm) >>  Mult_acc_2: 0.7807  Mult_acc_3: 0.6732  Mult_acc_5: 0.4035  F1_score: 0.7857  MAE: 0.3981  Corr: 0.6603  Loss: 0.4194 
2026-01-16 10:35:05,829 - MMSA [INFO] - TRAIN-(msalm) [4/34/3] >> loss: 0.2624  Mult_acc_2: 0.8626  Mult_acc_3: 0.7858  Mult_acc_5: 0.5694  F1_score: 0.8651  MAE: 0.2488  Corr: 0.8709  clm loss: 2.7041 total loss: 4.06 bn loss: 0.3125 av loss: 0.4398 text loss: 0.3411
2026-01-16 10:35:07,610 - MMSA [INFO] - VAL-(msalm) >>  Mult_acc_2: 0.7807  Mult_acc_3: 0.6711  Mult_acc_5: 0.4123  F1_score: 0.7857  MAE: 0.3937  Corr: 0.6648  Loss: 0.4085 
2026-01-16 10:35:16,018 - MMSA [INFO] - TRAIN-(msalm) [5/35/3] >> loss: 0.2607  Mult_acc_2: 0.8684  Mult_acc_3: 0.8012  Mult_acc_5: 0.5914  F1_score: 0.8711  MAE: 0.2429  Corr: 0.8750  clm loss: 2.6578 total loss: 4.0226 bn loss: 0.3172 av loss: 0.4466 text loss: 0.3404
2026-01-16 10:35:17,863 - MMSA [INFO] - VAL-(msalm) >>  Mult_acc_2: 0.7851  Mult_acc_3: 0.6842  Mult_acc_5: 0.4101  F1_score: 0.7907  MAE: 0.3962  Corr: 0.6656  Loss: 0.4100 
2026-01-16 10:35:26,205 - MMSA [INFO] - TRAIN-(msalm) [6/36/3] >> loss: 0.2579  Mult_acc_2: 0.8582  Mult_acc_3: 0.7844  Mult_acc_5: 0.5855  F1_score: 0.8609  MAE: 0.2387  Corr: 0.8776  clm loss: 2.644 total loss: 3.9861 bn loss: 0.2998 av loss: 0.447 text loss: 0.3374
2026-01-16 10:35:28,032 - MMSA [INFO] - VAL-(msalm) >>  Mult_acc_2: 0.7917  Mult_acc_3: 0.6711  Mult_acc_5: 0.4254  F1_score: 0.7938  MAE: 0.3987  Corr: 0.6591  Loss: 0.4260 
2026-01-16 10:35:36,443 - MMSA [INFO] - TRAIN-(msalm) [7/37/3] >> loss: 0.2474  Mult_acc_2: 0.8670  Mult_acc_3: 0.7887  Mult_acc_5: 0.5936  F1_score: 0.8696  MAE: 0.2247  Corr: 0.8911  clm loss: 2.6259 total loss: 3.9415 bn loss: 0.2899 av loss: 0.4434 text loss: 0.3349
2026-01-16 10:35:38,238 - MMSA [INFO] - VAL-(msalm) >>  Mult_acc_2: 0.7851  Mult_acc_3: 0.6623  Mult_acc_5: 0.3925  F1_score: 0.7878  MAE: 0.4055  Corr: 0.6478  Loss: 0.4379 
2026-01-16 10:35:46,646 - MMSA [INFO] - TRAIN-(msalm) [8/38/3] >> loss: 0.247  Mult_acc_2: 0.8655  Mult_acc_3: 0.8070  Mult_acc_5: 0.6162  F1_score: 0.8685  MAE: 0.2276  Corr: 0.8873  clm loss: 2.5928 total loss: 3.8833 bn loss: 0.2844 av loss: 0.4442 text loss: 0.3149
2026-01-16 10:35:48,542 - MMSA [INFO] - VAL-(msalm) >>  Mult_acc_2: 0.7763  Mult_acc_3: 0.6645  Mult_acc_5: 0.3925  F1_score: 0.7814  MAE: 0.4031  Corr: 0.6530  Loss: 0.4219 
2026-01-16 10:35:56,882 - MMSA [INFO] - TRAIN-(msalm) [9/39/3] >> loss: 0.2331  Mult_acc_2: 0.8648  Mult_acc_3: 0.7990  Mult_acc_5: 0.6177  F1_score: 0.8678  MAE: 0.2166  Corr: 0.8977  clm loss: 2.5808 total loss: 3.8535 bn loss: 0.2889 av loss: 0.444 text loss: 0.3067
2026-01-16 10:35:58,768 - MMSA [INFO] - VAL-(msalm) >>  Mult_acc_2: 0.7741  Mult_acc_3: 0.6711  Mult_acc_5: 0.3904  F1_score: 0.7802  MAE: 0.4007  Corr: 0.6597  Loss: 0.4167 
2026-01-16 10:36:07,207 - MMSA [INFO] - TRAIN-(msalm) [10/40/3] >> loss: 0.2313  Mult_acc_2: 0.8721  Mult_acc_3: 0.8092  Mult_acc_5: 0.6265  F1_score: 0.8750  MAE: 0.2193  Corr: 0.8995  clm loss: 2.5769 total loss: 3.8521 bn loss: 0.2835 av loss: 0.4475 text loss: 0.3129
2026-01-16 10:36:09,078 - MMSA [INFO] - VAL-(msalm) >>  Mult_acc_2: 0.7697  Mult_acc_3: 0.6689  Mult_acc_5: 0.4013  F1_score: 0.7761  MAE: 0.3979  Corr: 0.6605  Loss: 0.4213 
2026-01-16 10:36:11,303 - MMSA [INFO] - TEST-(msalm) >>  Mult_acc_2: 0.8271  Mult_acc_3: 0.7090  Mult_acc_5: 0.4508  F1_score: 0.8311  MAE: 0.3672  Corr: 0.7101  Loss: 0.3885 
2026-01-16 10:36:12,599 - MMSA [INFO] - Result for seed 1992: {'Mult_acc_2': 0.8271, 'Mult_acc_3': 0.709, 'Mult_acc_5': 0.4508, 'F1_score': 0.8311, 'MAE': 0.3672, 'Corr': 0.7101, 'Loss': 0.3885, 'seed': 1992}
2026-01-16 10:36:12,600 - MMSA [INFO] - ------------------------------ Running with seed 1993 [4/5] ------------------------------
2026-01-16 10:37:29,091 - MMSA [INFO] - The model has 181756595 trainable parameters
2026-01-16 10:37:37,357 - MMSA [INFO] - TRAIN-(msalm) [1/1/4] >> loss: 0.6609  Mult_acc_2: 0.5307  Mult_acc_3: 0.3692  Mult_acc_5: 0.1806  F1_score: 0.5448  MAE: 0.6599  Corr: -0.0238  clm loss: 7.5835 total loss: 10.8445 bn loss: 0.8437 av loss: 0.7945 text loss: 0.9619
2026-01-16 10:37:39,143 - MMSA [INFO] - VAL-(msalm) >>  Mult_acc_2: 0.4956  Mult_acc_3: 0.3618  Mult_acc_5: 0.1579  F1_score: 0.5101  MAE: 0.6470  Corr: 0.1086  Loss: 0.6469 
2026-01-16 10:37:48,666 - MMSA [INFO] - TRAIN-(msalm) [1/2/4] >> loss: 0.611  Mult_acc_2: 0.5950  Mult_acc_3: 0.4364  Mult_acc_5: 0.2083  F1_score: 0.6055  MAE: 0.6103  Corr: 0.1482  clm loss: 6.3381 total loss: 9.2025 bn loss: 0.7233 av loss: 0.6953 text loss: 0.8348
2026-01-16 10:37:50,530 - MMSA [INFO] - VAL-(msalm) >>  Mult_acc_2: 0.4956  Mult_acc_3: 0.3575  Mult_acc_5: 0.1557  F1_score: 0.5086  MAE: 0.6452  Corr: 0.2136  Loss: 0.6405 
2026-01-16 10:37:59,950 - MMSA [INFO] - TRAIN-(msalm) [1/3/4] >> loss: 0.5787  Mult_acc_2: 0.6067  Mult_acc_3: 0.4773  Mult_acc_5: 0.2273  F1_score: 0.6166  MAE: 0.5771  Corr: 0.2530  clm loss: 5.1586 total loss: 7.7111 bn loss: 0.6553 av loss: 0.6346 text loss: 0.6838
2026-01-16 10:38:01,850 - MMSA [INFO] - VAL-(msalm) >>  Mult_acc_2: 0.4627  Mult_acc_3: 0.3487  Mult_acc_5: 0.1491  F1_score: 0.4594  MAE: 0.6449  Corr: 0.3204  Loss: 0.6311 
2026-01-16 10:38:11,438 - MMSA [INFO] - TRAIN-(msalm) [1/4/4] >> loss: 0.563  Mult_acc_2: 0.6433  Mult_acc_3: 0.4985  Mult_acc_5: 0.2259  F1_score: 0.6504  MAE: 0.5595  Corr: 0.3207  clm loss: 4.4037 total loss: 6.8386 bn loss: 0.6224 av loss: 0.608 text loss: 0.6415
2026-01-16 10:38:13,347 - MMSA [INFO] - VAL-(msalm) >>  Mult_acc_2: 0.6162  Mult_acc_3: 0.5197  Mult_acc_5: 0.2149  F1_score: 0.6313  MAE: 0.5561  Corr: 0.4123  Loss: 0.5548 
2026-01-16 10:38:22,890 - MMSA [INFO] - TRAIN-(msalm) [1/5/4] >> loss: 0.5412  Mult_acc_2: 0.6615  Mult_acc_3: 0.5292  Mult_acc_5: 0.2456  F1_score: 0.6673  MAE: 0.5376  Corr: 0.3756  clm loss: 3.9501 total loss: 6.2993 bn loss: 0.6126 av loss: 0.5925 text loss: 0.6029
2026-01-16 10:38:24,668 - MMSA [INFO] - VAL-(msalm) >>  Mult_acc_2: 0.6206  Mult_acc_3: 0.5219  Mult_acc_5: 0.2303  F1_score: 0.6351  MAE: 0.5489  Corr: 0.4765  Loss: 0.5471 
2026-01-16 10:38:34,228 - MMSA [INFO] - TRAIN-(msalm) [1/6/4] >> loss: 0.5304  Mult_acc_2: 0.6820  Mult_acc_3: 0.5563  Mult_acc_5: 0.2705  F1_score: 0.6866  MAE: 0.5232  Corr: 0.4013  clm loss: 3.7579 total loss: 6.0591 bn loss: 0.6023 av loss: 0.583 text loss: 0.5855
2026-01-16 10:38:36,167 - MMSA [INFO] - VAL-(msalm) >>  Mult_acc_2: 0.6206  Mult_acc_3: 0.5395  Mult_acc_5: 0.2632  F1_score: 0.6336  MAE: 0.5403  Corr: 0.5122  Loss: 0.5421 
2026-01-16 10:38:45,707 - MMSA [INFO] - TRAIN-(msalm) [1/7/4] >> loss: 0.5261  Mult_acc_2: 0.6813  Mult_acc_3: 0.5446  Mult_acc_5: 0.2785  F1_score: 0.6859  MAE: 0.5185  Corr: 0.4243  clm loss: 3.5839 total loss: 5.8469 bn loss: 0.5916 av loss: 0.5741 text loss: 0.5712
2026-01-16 10:38:47,527 - MMSA [INFO] - VAL-(msalm) >>  Mult_acc_2: 0.6886  Mult_acc_3: 0.5373  Mult_acc_5: 0.2917  F1_score: 0.6994  MAE: 0.4825  Corr: 0.5302  Loss: 0.4830 
2026-01-16 10:38:57,050 - MMSA [INFO] - TRAIN-(msalm) [1/8/4] >> loss: 0.4945  Mult_acc_2: 0.7142  Mult_acc_3: 0.5994  Mult_acc_5: 0.3173  F1_score: 0.7197  MAE: 0.4822  Corr: 0.5104  clm loss: 3.4488 total loss: 5.6236 bn loss: 0.5695 av loss: 0.5653 text loss: 0.5455
2026-01-16 10:38:58,915 - MMSA [INFO] - VAL-(msalm) >>  Mult_acc_2: 0.7171  Mult_acc_3: 0.5658  Mult_acc_5: 0.3399  F1_score: 0.7255  MAE: 0.4632  Corr: 0.5660  Loss: 0.4866 
2026-01-16 10:39:07,467 - MMSA [INFO] - TRAIN-(msalm) [2/9/4] >> loss: 0.4769  Mult_acc_2: 0.7383  Mult_acc_3: 0.6221  Mult_acc_5: 0.3333  F1_score: 0.7424  MAE: 0.4594  Corr: 0.5700  clm loss: 3.3454 total loss: 5.4725 bn loss: 0.5588 av loss: 0.5525 text loss: 0.5389
2026-01-16 10:39:09,265 - MMSA [INFO] - VAL-(msalm) >>  Mult_acc_2: 0.6864  Mult_acc_3: 0.5768  Mult_acc_5: 0.3333  F1_score: 0.6984  MAE: 0.4545  Corr: 0.6078  Loss: 0.4751 
2026-01-16 10:39:18,802 - MMSA [INFO] - TRAIN-(msalm) [1/10/4] >> loss: 0.462  Mult_acc_2: 0.7566  Mult_acc_3: 0.6462  Mult_acc_5: 0.3560  F1_score: 0.7603  MAE: 0.4358  Corr: 0.6079  clm loss: 3.3204 total loss: 5.3877 bn loss: 0.5348 av loss: 0.5336 text loss: 0.5368
2026-01-16 10:39:20,706 - MMSA [INFO] - VAL-(msalm) >>  Mult_acc_2: 0.6952  Mult_acc_3: 0.6075  Mult_acc_5: 0.3553  F1_score: 0.7065  MAE: 0.4372  Corr: 0.6296  Loss: 0.4716 
2026-01-16 10:39:30,224 - MMSA [INFO] - TRAIN-(msalm) [1/11/4] >> loss: 0.4507  Mult_acc_2: 0.7719  Mult_acc_3: 0.6499  Mult_acc_5: 0.3801  F1_score: 0.7759  MAE: 0.4161  Corr: 0.6392  clm loss: 3.2527 total loss: 5.262 bn loss: 0.5017 av loss: 0.5152 text loss: 0.5417
2026-01-16 10:39:32,189 - MMSA [INFO] - VAL-(msalm) >>  Mult_acc_2: 0.7785  Mult_acc_3: 0.6557  Mult_acc_5: 0.3947  F1_score: 0.7792  MAE: 0.4100  Corr: 0.6397  Loss: 0.4550 
2026-01-16 10:39:41,539 - MMSA [INFO] - TRAIN-(msalm) [1/12/4] >> loss: 0.4327  Mult_acc_2: 0.7749  Mult_acc_3: 0.6732  Mult_acc_5: 0.3772  F1_score: 0.7777  MAE: 0.4082  Corr: 0.6608  clm loss: 3.2447 total loss: 5.2197 bn loss: 0.5014 av loss: 0.5031 text loss: 0.5379
2026-01-16 10:39:43,326 - MMSA [INFO] - VAL-(msalm) >>  Mult_acc_2: 0.7895  Mult_acc_3: 0.6754  Mult_acc_5: 0.4145  F1_score: 0.7851  MAE: 0.4036  Corr: 0.6496  Loss: 0.4475 
2026-01-16 10:39:52,843 - MMSA [INFO] - TRAIN-(msalm) [1/13/4] >> loss: 0.4234  Mult_acc_2: 0.7770  Mult_acc_3: 0.6652  Mult_acc_5: 0.3904  F1_score: 0.7790  MAE: 0.4078  Corr: 0.6565  clm loss: 3.228 total loss: 5.1298 bn loss: 0.469 av loss: 0.4814 text loss: 0.5279
2026-01-16 10:39:54,677 - MMSA [INFO] - VAL-(msalm) >>  Mult_acc_2: 0.7939  Mult_acc_3: 0.6338  Mult_acc_5: 0.3860  F1_score: 0.7847  MAE: 0.4179  Corr: 0.6444  Loss: 0.4665 
2026-01-16 10:40:02,914 - MMSA [INFO] - TRAIN-(msalm) [2/14/4] >> loss: 0.4073  Mult_acc_2: 0.7931  Mult_acc_3: 0.6820  Mult_acc_5: 0.3940  F1_score: 0.7954  MAE: 0.3911  Corr: 0.6845  clm loss: 3.1577 total loss: 5.0267 bn loss: 0.4593 av loss: 0.4844 text loss: 0.518
2026-01-16 10:40:04,756 - MMSA [INFO] - VAL-(msalm) >>  Mult_acc_2: 0.7917  Mult_acc_3: 0.6667  Mult_acc_5: 0.4167  F1_score: 0.7881  MAE: 0.4070  Corr: 0.6483  Loss: 0.4517 
2026-01-16 10:40:13,047 - MMSA [INFO] - TRAIN-(msalm) [3/15/4] >> loss: 0.385  Mult_acc_2: 0.8026  Mult_acc_3: 0.6857  Mult_acc_5: 0.4123  F1_score: 0.8061  MAE: 0.3661  Corr: 0.7173  clm loss: 3.1553 total loss: 4.963 bn loss: 0.4428 av loss: 0.4708 text loss: 0.5091
2026-01-16 10:40:14,873 - MMSA [INFO] - VAL-(msalm) >>  Mult_acc_2: 0.7390  Mult_acc_3: 0.6513  Mult_acc_5: 0.4035  F1_score: 0.7472  MAE: 0.4050  Corr: 0.6537  Loss: 0.4466 
2026-01-16 10:40:24,549 - MMSA [INFO] - TRAIN-(msalm) [1/16/4] >> loss: 0.3883  Mult_acc_2: 0.7851  Mult_acc_3: 0.6835  Mult_acc_5: 0.4284  F1_score: 0.7882  MAE: 0.3680  Corr: 0.7171  clm loss: 3.1486 total loss: 4.9188 bn loss: 0.4446 av loss: 0.4755 text loss: 0.4617
2026-01-16 10:40:26,390 - MMSA [INFO] - VAL-(msalm) >>  Mult_acc_2: 0.7193  Mult_acc_3: 0.6404  Mult_acc_5: 0.3794  F1_score: 0.7298  MAE: 0.4075  Corr: 0.6632  Loss: 0.4279 
2026-01-16 10:40:35,916 - MMSA [INFO] - TRAIN-(msalm) [1/17/4] >> loss: 0.3916  Mult_acc_2: 0.7997  Mult_acc_3: 0.6849  Mult_acc_5: 0.4152  F1_score: 0.8021  MAE: 0.3754  Corr: 0.7001  clm loss: 3.1348 total loss: 4.9005 bn loss: 0.4345 av loss: 0.4713 text loss: 0.4683
2026-01-16 10:40:37,711 - MMSA [INFO] - VAL-(msalm) >>  Mult_acc_2: 0.7412  Mult_acc_3: 0.6513  Mult_acc_5: 0.3794  F1_score: 0.7490  MAE: 0.4029  Corr: 0.6615  Loss: 0.4293 
2026-01-16 10:40:46,083 - MMSA [INFO] - TRAIN-(msalm) [2/18/4] >> loss: 0.371  Mult_acc_2: 0.8143  Mult_acc_3: 0.7039  Mult_acc_5: 0.4481  F1_score: 0.8172  MAE: 0.3575  Corr: 0.7267  clm loss: 3.0851 total loss: 4.8066 bn loss: 0.4186 av loss: 0.4682 text loss: 0.4636
2026-01-16 10:40:47,968 - MMSA [INFO] - VAL-(msalm) >>  Mult_acc_2: 0.7610  Mult_acc_3: 0.6601  Mult_acc_5: 0.3750  F1_score: 0.7676  MAE: 0.3994  Corr: 0.6655  Loss: 0.4246 
2026-01-16 10:40:57,520 - MMSA [INFO] - TRAIN-(msalm) [1/19/4] >> loss: 0.368  Mult_acc_2: 0.8143  Mult_acc_3: 0.7135  Mult_acc_5: 0.4481  F1_score: 0.8166  MAE: 0.3466  Corr: 0.7491  clm loss: 3.0891 total loss: 4.8057 bn loss: 0.4185 av loss: 0.4649 text loss: 0.4652
2026-01-16 10:40:59,429 - MMSA [INFO] - VAL-(msalm) >>  Mult_acc_2: 0.7456  Mult_acc_3: 0.6667  Mult_acc_5: 0.3947  F1_score: 0.7539  MAE: 0.4050  Corr: 0.6635  Loss: 0.4345 
2026-01-16 10:41:07,679 - MMSA [INFO] - TRAIN-(msalm) [2/20/4] >> loss: 0.3589  Mult_acc_2: 0.8136  Mult_acc_3: 0.7047  Mult_acc_5: 0.4496  F1_score: 0.8157  MAE: 0.3403  Corr: 0.7512  clm loss: 3.0581 total loss: 4.7468 bn loss: 0.4065 av loss: 0.4648 text loss: 0.4586
2026-01-16 10:41:09,652 - MMSA [INFO] - VAL-(msalm) >>  Mult_acc_2: 0.7522  Mult_acc_3: 0.6557  Mult_acc_5: 0.3860  F1_score: 0.7600  MAE: 0.4047  Corr: 0.6600  Loss: 0.4349 
2026-01-16 10:41:17,950 - MMSA [INFO] - TRAIN-(msalm) [3/21/4] >> loss: 0.3526  Mult_acc_2: 0.8129  Mult_acc_3: 0.7098  Mult_acc_5: 0.4518  F1_score: 0.8167  MAE: 0.3314  Corr: 0.7716  clm loss: 2.9924 total loss: 4.6686 bn loss: 0.4015 av loss: 0.4692 text loss: 0.4529
2026-01-16 10:41:19,842 - MMSA [INFO] - VAL-(msalm) >>  Mult_acc_2: 0.7522  Mult_acc_3: 0.6776  Mult_acc_5: 0.3816  F1_score: 0.7593  MAE: 0.4006  Corr: 0.6631  Loss: 0.4160 
2026-01-16 10:41:29,363 - MMSA [INFO] - TRAIN-(msalm) [1/22/4] >> loss: 0.3425  Mult_acc_2: 0.8187  Mult_acc_3: 0.7222  Mult_acc_5: 0.4598  F1_score: 0.8218  MAE: 0.3304  Corr: 0.7686  clm loss: 3.0371 total loss: 4.7041 bn loss: 0.3916 av loss: 0.4636 text loss: 0.4693
2026-01-16 10:41:31,232 - MMSA [INFO] - VAL-(msalm) >>  Mult_acc_2: 0.7675  Mult_acc_3: 0.6557  Mult_acc_5: 0.3772  F1_score: 0.7722  MAE: 0.3931  Corr: 0.6705  Loss: 0.4265 
2026-01-16 10:41:39,549 - MMSA [INFO] - TRAIN-(msalm) [2/23/4] >> loss: 0.3427  Mult_acc_2: 0.8224  Mult_acc_3: 0.7390  Mult_acc_5: 0.4803  F1_score: 0.8250  MAE: 0.3213  Corr: 0.7783  clm loss: 3.0042 total loss: 4.6233 bn loss: 0.3853 av loss: 0.4639 text loss: 0.4273
2026-01-16 10:41:41,362 - MMSA [INFO] - VAL-(msalm) >>  Mult_acc_2: 0.7632  Mult_acc_3: 0.6645  Mult_acc_5: 0.4013  F1_score: 0.7685  MAE: 0.3896  Corr: 0.6752  Loss: 0.4138 
2026-01-16 10:41:50,851 - MMSA [INFO] - TRAIN-(msalm) [1/24/4] >> loss: 0.3311  Mult_acc_2: 0.8392  Mult_acc_3: 0.7456  Mult_acc_5: 0.4890  F1_score: 0.8415  MAE: 0.3130  Corr: 0.7967  clm loss: 2.9596 total loss: 4.5518 bn loss: 0.3765 av loss: 0.4596 text loss: 0.4251
2026-01-16 10:41:52,887 - MMSA [INFO] - VAL-(msalm) >>  Mult_acc_2: 0.7544  Mult_acc_3: 0.6645  Mult_acc_5: 0.4057  F1_score: 0.7616  MAE: 0.3918  Corr: 0.6747  Loss: 0.4097 
2026-01-16 10:42:02,382 - MMSA [INFO] - TRAIN-(msalm) [1/25/4] >> loss: 0.314  Mult_acc_2: 0.8582  Mult_acc_3: 0.7529  Mult_acc_5: 0.5000  F1_score: 0.8605  MAE: 0.2981  Corr: 0.8153  clm loss: 2.9303 total loss: 4.4745 bn loss: 0.3748 av loss: 0.461 text loss: 0.3944
2026-01-16 10:42:04,154 - MMSA [INFO] - VAL-(msalm) >>  Mult_acc_2: 0.7763  Mult_acc_3: 0.6623  Mult_acc_5: 0.4057  F1_score: 0.7811  MAE: 0.3876  Corr: 0.6748  Loss: 0.4035 
2026-01-16 10:42:13,568 - MMSA [INFO] - TRAIN-(msalm) [1/26/4] >> loss: 0.311  Mult_acc_2: 0.8377  Mult_acc_3: 0.7500  Mult_acc_5: 0.5029  F1_score: 0.8402  MAE: 0.2955  Corr: 0.8205  clm loss: 2.9237 total loss: 4.4432 bn loss: 0.352 av loss: 0.4546 text loss: 0.4019
2026-01-16 10:42:15,467 - MMSA [INFO] - VAL-(msalm) >>  Mult_acc_2: 0.7763  Mult_acc_3: 0.6645  Mult_acc_5: 0.4123  F1_score: 0.7819  MAE: 0.3894  Corr: 0.6723  Loss: 0.3986 
2026-01-16 10:42:25,013 - MMSA [INFO] - TRAIN-(msalm) [1/27/4] >> loss: 0.3141  Mult_acc_2: 0.8450  Mult_acc_3: 0.7507  Mult_acc_5: 0.4905  F1_score: 0.8478  MAE: 0.2942  Corr: 0.8196  clm loss: 2.8875 total loss: 4.4114 bn loss: 0.3483 av loss: 0.4586 text loss: 0.4029
2026-01-16 10:42:26,827 - MMSA [INFO] - VAL-(msalm) >>  Mult_acc_2: 0.7785  Mult_acc_3: 0.6557  Mult_acc_5: 0.4167  F1_score: 0.7834  MAE: 0.3898  Corr: 0.6662  Loss: 0.4218 
2026-01-16 10:42:35,157 - MMSA [INFO] - TRAIN-(msalm) [2/28/4] >> loss: 0.3022  Mult_acc_2: 0.8275  Mult_acc_3: 0.7463  Mult_acc_5: 0.5175  F1_score: 0.8308  MAE: 0.2871  Corr: 0.8208  clm loss: 2.8537 total loss: 4.357 bn loss: 0.3537 av loss: 0.4645 text loss: 0.3828
2026-01-16 10:42:37,024 - MMSA [INFO] - VAL-(msalm) >>  Mult_acc_2: 0.7654  Mult_acc_3: 0.6491  Mult_acc_5: 0.4079  F1_score: 0.7719  MAE: 0.4003  Corr: 0.6544  Loss: 0.4363 
2026-01-16 10:42:45,373 - MMSA [INFO] - TRAIN-(msalm) [3/29/4] >> loss: 0.2965  Mult_acc_2: 0.8414  Mult_acc_3: 0.7566  Mult_acc_5: 0.5175  F1_score: 0.8438  MAE: 0.2818  Corr: 0.8348  clm loss: 2.8556 total loss: 4.3294 bn loss: 0.3447 av loss: 0.4531 text loss: 0.3796
2026-01-16 10:42:47,148 - MMSA [INFO] - VAL-(msalm) >>  Mult_acc_2: 0.7566  Mult_acc_3: 0.6623  Mult_acc_5: 0.4189  F1_score: 0.7631  MAE: 0.3976  Corr: 0.6572  Loss: 0.4190 
2026-01-16 10:42:55,410 - MMSA [INFO] - TRAIN-(msalm) [4/30/4] >> loss: 0.2905  Mult_acc_2: 0.8509  Mult_acc_3: 0.7785  Mult_acc_5: 0.5446  F1_score: 0.8541  MAE: 0.2692  Corr: 0.8508  clm loss: 2.8377 total loss: 4.2848 bn loss: 0.3398 av loss: 0.4442 text loss: 0.3726
2026-01-16 10:42:57,280 - MMSA [INFO] - VAL-(msalm) >>  Mult_acc_2: 0.7588  Mult_acc_3: 0.6623  Mult_acc_5: 0.4145  F1_score: 0.7651  MAE: 0.3958  Corr: 0.6582  Loss: 0.4339 
2026-01-16 10:43:05,528 - MMSA [INFO] - TRAIN-(msalm) [5/31/4] >> loss: 0.2904  Mult_acc_2: 0.8487  Mult_acc_3: 0.7580  Mult_acc_5: 0.5241  F1_score: 0.8514  MAE: 0.2727  Corr: 0.8468  clm loss: 2.8117 total loss: 4.2638 bn loss: 0.3374 av loss: 0.4577 text loss: 0.3667
2026-01-16 10:43:07,385 - MMSA [INFO] - VAL-(msalm) >>  Mult_acc_2: 0.7390  Mult_acc_3: 0.6469  Mult_acc_5: 0.3969  F1_score: 0.7472  MAE: 0.4036  Corr: 0.6512  Loss: 0.4106 
2026-01-16 10:43:15,825 - MMSA [INFO] - TRAIN-(msalm) [6/32/4] >> loss: 0.2666  Mult_acc_2: 0.8582  Mult_acc_3: 0.7909  Mult_acc_5: 0.5811  F1_score: 0.8614  MAE: 0.2485  Corr: 0.8668  clm loss: 2.7689 total loss: 4.1811 bn loss: 0.3225 av loss: 0.4558 text loss: 0.3673
2026-01-16 10:43:17,599 - MMSA [INFO] - VAL-(msalm) >>  Mult_acc_2: 0.7215  Mult_acc_3: 0.6294  Mult_acc_5: 0.3728  F1_score: 0.7321  MAE: 0.4176  Corr: 0.6513  Loss: 0.4328 
2026-01-16 10:43:25,935 - MMSA [INFO] - TRAIN-(msalm) [7/33/4] >> loss: 0.2647  Mult_acc_2: 0.8472  Mult_acc_3: 0.7844  Mult_acc_5: 0.5760  F1_score: 0.8509  MAE: 0.2446  Corr: 0.8706  clm loss: 2.7323 total loss: 4.116 bn loss: 0.3116 av loss: 0.4568 text loss: 0.3505
2026-01-16 10:43:27,792 - MMSA [INFO] - VAL-(msalm) >>  Mult_acc_2: 0.7632  Mult_acc_3: 0.6579  Mult_acc_5: 0.4320  F1_score: 0.7682  MAE: 0.3942  Corr: 0.6506  Loss: 0.4169 
2026-01-16 10:43:36,010 - MMSA [INFO] - TRAIN-(msalm) [8/34/4] >> loss: 0.2695  Mult_acc_2: 0.8611  Mult_acc_3: 0.7807  Mult_acc_5: 0.5651  F1_score: 0.8637  MAE: 0.2522  Corr: 0.8642  clm loss: 2.7346 total loss: 4.1145 bn loss: 0.3081 av loss: 0.4536 text loss: 0.3487
2026-01-16 10:43:37,833 - MMSA [INFO] - VAL-(msalm) >>  Mult_acc_2: 0.7763  Mult_acc_3: 0.6667  Mult_acc_5: 0.4298  F1_score: 0.7798  MAE: 0.3938  Corr: 0.6515  Loss: 0.4080 
2026-01-16 10:43:46,125 - MMSA [INFO] - TRAIN-(msalm) [9/35/4] >> loss: 0.2499  Mult_acc_2: 0.8699  Mult_acc_3: 0.7917  Mult_acc_5: 0.6075  F1_score: 0.8723  MAE: 0.2305  Corr: 0.8850  clm loss: 2.6687 total loss: 3.9871 bn loss: 0.2907 av loss: 0.45 text loss: 0.3279
2026-01-16 10:43:47,977 - MMSA [INFO] - VAL-(msalm) >>  Mult_acc_2: 0.7522  Mult_acc_3: 0.6623  Mult_acc_5: 0.4035  F1_score: 0.7583  MAE: 0.3991  Corr: 0.6469  Loss: 0.4068 
2026-01-16 10:43:56,168 - MMSA [INFO] - TRAIN-(msalm) [10/36/4] >> loss: 0.2426  Mult_acc_2: 0.8772  Mult_acc_3: 0.7997  Mult_acc_5: 0.6075  F1_score: 0.8797  MAE: 0.2241  Corr: 0.8927  clm loss: 2.6536 total loss: 3.9592 bn loss: 0.2848 av loss: 0.4467 text loss: 0.3316
2026-01-16 10:43:57,954 - MMSA [INFO] - VAL-(msalm) >>  Mult_acc_2: 0.7478  Mult_acc_3: 0.6535  Mult_acc_5: 0.3904  F1_score: 0.7559  MAE: 0.4120  Corr: 0.6408  Loss: 0.4246 
2026-01-16 10:44:00,343 - MMSA [INFO] - TEST-(msalm) >>  Mult_acc_2: 0.8228  Mult_acc_3: 0.6958  Mult_acc_5: 0.4289  F1_score: 0.8257  MAE: 0.3701  Corr: 0.7069  Loss: 0.3782 
2026-01-16 10:44:01,630 - MMSA [INFO] - Result for seed 1993: {'Mult_acc_2': 0.8228, 'Mult_acc_3': 0.6958, 'Mult_acc_5': 0.4289, 'F1_score': 0.8257, 'MAE': 0.3701, 'Corr': 0.7069, 'Loss': 0.3782, 'seed': 1993}
2026-01-16 10:44:01,631 - MMSA [INFO] - ------------------------------ Running with seed 1994 [5/5] ------------------------------
2026-01-16 10:45:18,330 - MMSA [INFO] - The model has 181756595 trainable parameters
2026-01-16 10:45:26,663 - MMSA [INFO] - TRAIN-(msalm) [1/1/5] >> loss: 0.7431  Mult_acc_2: 0.3787  Mult_acc_3: 0.3070  Mult_acc_5: 0.1725  F1_score: 0.3403  MAE: 0.7431  Corr: -0.0174  clm loss: 7.6026 total loss: 10.9074 bn loss: 0.8644 av loss: 0.6814 text loss: 1.0159
2026-01-16 10:45:28,473 - MMSA [INFO] - VAL-(msalm) >>  Mult_acc_2: 0.4956  Mult_acc_3: 0.3268  Mult_acc_5: 0.1711  F1_score: 0.5153  MAE: 0.6580  Corr: -0.0332  Loss: 0.6614 
2026-01-16 10:45:38,070 - MMSA [INFO] - TRAIN-(msalm) [1/2/5] >> loss: 0.7  Mult_acc_2: 0.4108  Mult_acc_3: 0.3406  Mult_acc_5: 0.1659  F1_score: 0.3841  MAE: 0.6989  Corr: 0.1759  clm loss: 6.3964 total loss: 9.3177 bn loss: 0.7386 av loss: 0.6343 text loss: 0.8484
2026-01-16 10:45:39,974 - MMSA [INFO] - VAL-(msalm) >>  Mult_acc_2: 0.5943  Mult_acc_3: 0.4101  Mult_acc_5: 0.1930  F1_score: 0.6016  MAE: 0.6027  Corr: 0.1505  Loss: 0.5905 
2026-01-16 10:45:49,477 - MMSA [INFO] - TRAIN-(msalm) [1/3/5] >> loss: 0.6821  Mult_acc_2: 0.4481  Mult_acc_3: 0.3648  Mult_acc_5: 0.1762  F1_score: 0.4363  MAE: 0.6811  Corr: 0.1888  clm loss: 5.2703 total loss: 7.928 bn loss: 0.661 av loss: 0.5929 text loss: 0.7216
2026-01-16 10:45:51,311 - MMSA [INFO] - VAL-(msalm) >>  Mult_acc_2: 0.5132  Mult_acc_3: 0.3421  Mult_acc_5: 0.1667  F1_score: 0.5275  MAE: 0.6223  Corr: 0.2494  Loss: 0.6169 
2026-01-16 10:45:59,602 - MMSA [INFO] - TRAIN-(msalm) [2/4/5] >> loss: 0.6369  Mult_acc_2: 0.5037  Mult_acc_3: 0.3808  Mult_acc_5: 0.1952  F1_score: 0.5041  MAE: 0.6349  Corr: 0.3177  clm loss: 4.4884 total loss: 6.9774 bn loss: 0.6375 av loss: 0.573 text loss: 0.6416
2026-01-16 10:46:01,470 - MMSA [INFO] - VAL-(msalm) >>  Mult_acc_2: 0.4846  Mult_acc_3: 0.3531  Mult_acc_5: 0.1557  F1_score: 0.4914  MAE: 0.6402  Corr: 0.2979  Loss: 0.6458 
2026-01-16 10:46:09,786 - MMSA [INFO] - TRAIN-(msalm) [3/5/5] >> loss: 0.6165  Mult_acc_2: 0.5307  Mult_acc_3: 0.4306  Mult_acc_5: 0.1930  F1_score: 0.5386  MAE: 0.6140  Corr: 0.3768  clm loss: 4.0047 total loss: 6.4074 bn loss: 0.6037 av loss: 0.5631 text loss: 0.6194
2026-01-16 10:46:11,751 - MMSA [INFO] - VAL-(msalm) >>  Mult_acc_2: 0.4890  Mult_acc_3: 0.3925  Mult_acc_5: 0.1820  F1_score: 0.4819  MAE: 0.6404  Corr: 0.4054  Loss: 0.6310 
2026-01-16 10:46:20,031 - MMSA [INFO] - TRAIN-(msalm) [4/6/5] >> loss: 0.5628  Mult_acc_2: 0.6009  Mult_acc_3: 0.5007  Mult_acc_5: 0.2398  F1_score: 0.6123  MAE: 0.5569  Corr: 0.4904  clm loss: 3.8082 total loss: 6.0967 bn loss: 0.5902 av loss: 0.5449 text loss: 0.5906
2026-01-16 10:46:21,813 - MMSA [INFO] - VAL-(msalm) >>  Mult_acc_2: 0.4846  Mult_acc_3: 0.4167  Mult_acc_5: 0.2325  F1_score: 0.4635  MAE: 0.6792  Corr: 0.5023  Loss: 0.7350 
2026-01-16 10:46:30,098 - MMSA [INFO] - TRAIN-(msalm) [5/7/5] >> loss: 0.5427  Mult_acc_2: 0.6615  Mult_acc_3: 0.5709  Mult_acc_5: 0.2909  F1_score: 0.6741  MAE: 0.5206  Corr: 0.5452  clm loss: 3.6468 total loss: 5.8611 bn loss: 0.5537 av loss: 0.5181 text loss: 0.5999
2026-01-16 10:46:31,951 - MMSA [INFO] - VAL-(msalm) >>  Mult_acc_2: 0.5921  Mult_acc_3: 0.5285  Mult_acc_5: 0.3136  F1_score: 0.6038  MAE: 0.5971  Corr: 0.5043  Loss: 0.6901 
2026-01-16 10:46:40,161 - MMSA [INFO] - TRAIN-(msalm) [6/8/5] >> loss: 0.5232  Mult_acc_2: 0.6827  Mult_acc_3: 0.5958  Mult_acc_5: 0.3377  F1_score: 0.6951  MAE: 0.4853  Corr: 0.5841  clm loss: 3.4716 total loss: 5.6373 bn loss: 0.5318 av loss: 0.4917 text loss: 0.6189
2026-01-16 10:46:41,927 - MMSA [INFO] - VAL-(msalm) >>  Mult_acc_2: 0.6842  Mult_acc_3: 0.5768  Mult_acc_5: 0.3202  F1_score: 0.6959  MAE: 0.5050  Corr: 0.5525  Loss: 0.5892 
2026-01-16 10:46:51,519 - MMSA [INFO] - TRAIN-(msalm) [1/9/5] >> loss: 0.4961  Mult_acc_2: 0.7010  Mult_acc_3: 0.6126  Mult_acc_5: 0.3077  F1_score: 0.7127  MAE: 0.4746  Corr: 0.6036  clm loss: 3.3582 total loss: 5.4682 bn loss: 0.5219 av loss: 0.4848 text loss: 0.6072
2026-01-16 10:46:53,287 - MMSA [INFO] - VAL-(msalm) >>  Mult_acc_2: 0.6798  Mult_acc_3: 0.5702  Mult_acc_5: 0.3224  F1_score: 0.6925  MAE: 0.4785  Corr: 0.5870  Loss: 0.4940 
2026-01-16 10:47:03,081 - MMSA [INFO] - TRAIN-(msalm) [1/10/5] >> loss: 0.4845  Mult_acc_2: 0.6937  Mult_acc_3: 0.5841  Mult_acc_5: 0.2851  F1_score: 0.7057  MAE: 0.4769  Corr: 0.5915  clm loss: 3.338 total loss: 5.3593 bn loss: 0.4985 av loss: 0.4784 text loss: 0.5598
2026-01-16 10:47:04,815 - MMSA [INFO] - VAL-(msalm) >>  Mult_acc_2: 0.7281  Mult_acc_3: 0.6206  Mult_acc_5: 0.3531  F1_score: 0.7355  MAE: 0.4469  Corr: 0.5864  Loss: 0.4569 
2026-01-16 10:47:14,280 - MMSA [INFO] - TRAIN-(msalm) [1/11/5] >> loss: 0.4641  Mult_acc_2: 0.7222  Mult_acc_3: 0.6177  Mult_acc_5: 0.3224  F1_score: 0.7328  MAE: 0.4493  Corr: 0.6294  clm loss: 3.2862 total loss: 5.2542 bn loss: 0.4882 av loss: 0.4727 text loss: 0.5429
2026-01-16 10:47:16,101 - MMSA [INFO] - VAL-(msalm) >>  Mult_acc_2: 0.7018  Mult_acc_3: 0.6031  Mult_acc_5: 0.3794  F1_score: 0.7126  MAE: 0.4583  Corr: 0.5842  Loss: 0.5054 
2026-01-16 10:47:24,323 - MMSA [INFO] - TRAIN-(msalm) [2/12/5] >> loss: 0.4378  Mult_acc_2: 0.7317  Mult_acc_3: 0.6557  Mult_acc_5: 0.3655  F1_score: 0.7418  MAE: 0.4188  Corr: 0.6683  clm loss: 3.2639 total loss: 5.1932 bn loss: 0.4972 av loss: 0.4713 text loss: 0.523
2026-01-16 10:47:26,156 - MMSA [INFO] - VAL-(msalm) >>  Mult_acc_2: 0.6842  Mult_acc_3: 0.5877  Mult_acc_5: 0.3443  F1_score: 0.6964  MAE: 0.4526  Corr: 0.6057  Loss: 0.5005 
2026-01-16 10:47:34,539 - MMSA [INFO] - TRAIN-(msalm) [3/13/5] >> loss: 0.4435  Mult_acc_2: 0.7507  Mult_acc_3: 0.6572  Mult_acc_5: 0.3699  F1_score: 0.7598  MAE: 0.4195  Corr: 0.6760  clm loss: 3.2139 total loss: 5.0897 bn loss: 0.4696 av loss: 0.4607 text loss: 0.5021
2026-01-16 10:47:36,327 - MMSA [INFO] - VAL-(msalm) >>  Mult_acc_2: 0.7588  Mult_acc_3: 0.6447  Mult_acc_5: 0.4123  F1_score: 0.7639  MAE: 0.4220  Corr: 0.6163  Loss: 0.4767 
2026-01-16 10:47:44,622 - MMSA [INFO] - TRAIN-(msalm) [4/14/5] >> loss: 0.409  Mult_acc_2: 0.7558  Mult_acc_3: 0.6645  Mult_acc_5: 0.4035  F1_score: 0.7642  MAE: 0.3888  Corr: 0.6967  clm loss: 3.216 total loss: 5.0588 bn loss: 0.4667 av loss: 0.4663 text loss: 0.5008
2026-01-16 10:47:46,392 - MMSA [INFO] - VAL-(msalm) >>  Mult_acc_2: 0.7675  Mult_acc_3: 0.6425  Mult_acc_5: 0.4211  F1_score: 0.7716  MAE: 0.4176  Corr: 0.6208  Loss: 0.4575 
2026-01-16 10:47:54,696 - MMSA [INFO] - TRAIN-(msalm) [5/15/5] >> loss: 0.4066  Mult_acc_2: 0.7931  Mult_acc_3: 0.6813  Mult_acc_5: 0.3896  F1_score: 0.7995  MAE: 0.3931  Corr: 0.7051  clm loss: 3.1688 total loss: 5.0029 bn loss: 0.457 av loss: 0.4695 text loss: 0.501
2026-01-16 10:47:56,542 - MMSA [INFO] - VAL-(msalm) >>  Mult_acc_2: 0.7829  Mult_acc_3: 0.6447  Mult_acc_5: 0.4101  F1_score: 0.7831  MAE: 0.4087  Corr: 0.6391  Loss: 0.4316 
2026-01-16 10:48:06,110 - MMSA [INFO] - TRAIN-(msalm) [1/16/5] >> loss: 0.3849  Mult_acc_2: 0.7975  Mult_acc_3: 0.6981  Mult_acc_5: 0.4225  F1_score: 0.8033  MAE: 0.3702  Corr: 0.7247  clm loss: 3.1526 total loss: 4.9221 bn loss: 0.4361 av loss: 0.4602 text loss: 0.4882
2026-01-16 10:48:08,007 - MMSA [INFO] - VAL-(msalm) >>  Mult_acc_2: 0.7610  Mult_acc_3: 0.6447  Mult_acc_5: 0.4189  F1_score: 0.7668  MAE: 0.4065  Corr: 0.6335  Loss: 0.4391 
2026-01-16 10:48:16,325 - MMSA [INFO] - TRAIN-(msalm) [2/17/5] >> loss: 0.3844  Mult_acc_2: 0.8004  Mult_acc_3: 0.6944  Mult_acc_5: 0.4137  F1_score: 0.8060  MAE: 0.3642  Corr: 0.7323  clm loss: 3.1309 total loss: 4.8951 bn loss: 0.4425 av loss: 0.4677 text loss: 0.4696
2026-01-16 10:48:18,101 - MMSA [INFO] - VAL-(msalm) >>  Mult_acc_2: 0.7763  Mult_acc_3: 0.6623  Mult_acc_5: 0.4276  F1_score: 0.7792  MAE: 0.4039  Corr: 0.6374  Loss: 0.4679 
2026-01-16 10:48:26,631 - MMSA [INFO] - TRAIN-(msalm) [3/18/5] >> loss: 0.3863  Mult_acc_2: 0.8048  Mult_acc_3: 0.7054  Mult_acc_5: 0.4203  F1_score: 0.8099  MAE: 0.3650  Corr: 0.7262  clm loss: 3.0826 total loss: 4.8376 bn loss: 0.425 av loss: 0.4629 text loss: 0.4809
2026-01-16 10:48:28,424 - MMSA [INFO] - VAL-(msalm) >>  Mult_acc_2: 0.7610  Mult_acc_3: 0.6711  Mult_acc_5: 0.4232  F1_score: 0.7671  MAE: 0.3992  Corr: 0.6471  Loss: 0.4430 
2026-01-16 10:48:36,685 - MMSA [INFO] - TRAIN-(msalm) [4/19/5] >> loss: 0.3763  Mult_acc_2: 0.7902  Mult_acc_3: 0.6930  Mult_acc_5: 0.4357  F1_score: 0.7951  MAE: 0.3537  Corr: 0.7397  clm loss: 3.119 total loss: 4.8394 bn loss: 0.4134 av loss: 0.462 text loss: 0.4688
2026-01-16 10:48:38,410 - MMSA [INFO] - VAL-(msalm) >>  Mult_acc_2: 0.7873  Mult_acc_3: 0.6645  Mult_acc_5: 0.4254  F1_score: 0.7908  MAE: 0.4052  Corr: 0.6311  Loss: 0.4582 
2026-01-16 10:48:46,689 - MMSA [INFO] - TRAIN-(msalm) [5/20/5] >> loss: 0.3623  Mult_acc_2: 0.8180  Mult_acc_3: 0.7259  Mult_acc_5: 0.4591  F1_score: 0.8217  MAE: 0.3426  Corr: 0.7562  clm loss: 3.0497 total loss: 4.7275 bn loss: 0.4069 av loss: 0.4573 text loss: 0.4513
2026-01-16 10:48:48,564 - MMSA [INFO] - VAL-(msalm) >>  Mult_acc_2: 0.7873  Mult_acc_3: 0.6645  Mult_acc_5: 0.4123  F1_score: 0.7895  MAE: 0.4036  Corr: 0.6330  Loss: 0.4463 
2026-01-16 10:48:56,858 - MMSA [INFO] - TRAIN-(msalm) [6/21/5] >> loss: 0.3534  Mult_acc_2: 0.8341  Mult_acc_3: 0.7215  Mult_acc_5: 0.4444  F1_score: 0.8366  MAE: 0.3353  Corr: 0.7713  clm loss: 3.0419 total loss: 4.6843 bn loss: 0.398 av loss: 0.4477 text loss: 0.4433
2026-01-16 10:48:58,591 - MMSA [INFO] - VAL-(msalm) >>  Mult_acc_2: 0.7895  Mult_acc_3: 0.6513  Mult_acc_5: 0.3991  F1_score: 0.7895  MAE: 0.4090  Corr: 0.6293  Loss: 0.4470 
2026-01-16 10:49:06,837 - MMSA [INFO] - TRAIN-(msalm) [7/22/5] >> loss: 0.3524  Mult_acc_2: 0.8034  Mult_acc_3: 0.7178  Mult_acc_5: 0.4569  F1_score: 0.8076  MAE: 0.3350  Corr: 0.7640  clm loss: 3.0132 total loss: 4.6911 bn loss: 0.4173 av loss: 0.4583 text loss: 0.4499
2026-01-16 10:49:08,638 - MMSA [INFO] - VAL-(msalm) >>  Mult_acc_2: 0.7807  Mult_acc_3: 0.6382  Mult_acc_5: 0.3882  F1_score: 0.7828  MAE: 0.4096  Corr: 0.6258  Loss: 0.4368 
2026-01-16 10:49:16,984 - MMSA [INFO] - TRAIN-(msalm) [8/23/5] >> loss: 0.3419  Mult_acc_2: 0.8363  Mult_acc_3: 0.7332  Mult_acc_5: 0.4554  F1_score: 0.8391  MAE: 0.3272  Corr: 0.7820  clm loss: 2.9819 total loss: 4.5969 bn loss: 0.3882 av loss: 0.4534 text loss: 0.4315
2026-01-16 10:49:18,949 - MMSA [INFO] - VAL-(msalm) >>  Mult_acc_2: 0.7917  Mult_acc_3: 0.6491  Mult_acc_5: 0.4167  F1_score: 0.7910  MAE: 0.4008  Corr: 0.6466  Loss: 0.4294 
2026-01-16 10:49:28,541 - MMSA [INFO] - TRAIN-(msalm) [1/24/5] >> loss: 0.3352  Mult_acc_2: 0.8304  Mult_acc_3: 0.7368  Mult_acc_5: 0.4656  F1_score: 0.8329  MAE: 0.3147  Corr: 0.7928  clm loss: 2.9828 total loss: 4.6179 bn loss: 0.3895 av loss: 0.4562 text loss: 0.4542
2026-01-16 10:49:30,316 - MMSA [INFO] - VAL-(msalm) >>  Mult_acc_2: 0.7829  Mult_acc_3: 0.6645  Mult_acc_5: 0.4298  F1_score: 0.7877  MAE: 0.3882  Corr: 0.6609  Loss: 0.4186 
2026-01-16 10:49:39,826 - MMSA [INFO] - TRAIN-(msalm) [1/25/5] >> loss: 0.3263  Mult_acc_2: 0.8385  Mult_acc_3: 0.7456  Mult_acc_5: 0.4854  F1_score: 0.8417  MAE: 0.3045  Corr: 0.7982  clm loss: 2.935 total loss: 4.5268 bn loss: 0.3736 av loss: 0.4592 text loss: 0.4325
2026-01-16 10:49:41,645 - MMSA [INFO] - VAL-(msalm) >>  Mult_acc_2: 0.7982  Mult_acc_3: 0.6754  Mult_acc_5: 0.4496  F1_score: 0.7982  MAE: 0.3921  Corr: 0.6593  Loss: 0.4486 
2026-01-16 10:49:50,120 - MMSA [INFO] - TRAIN-(msalm) [2/26/5] >> loss: 0.3146  Mult_acc_2: 0.8406  Mult_acc_3: 0.7485  Mult_acc_5: 0.4861  F1_score: 0.8439  MAE: 0.3014  Corr: 0.8183  clm loss: 2.923 total loss: 4.5219 bn loss: 0.3775 av loss: 0.4507 text loss: 0.456
2026-01-16 10:49:51,926 - MMSA [INFO] - VAL-(msalm) >>  Mult_acc_2: 0.8026  Mult_acc_3: 0.6667  Mult_acc_5: 0.4276  F1_score: 0.7995  MAE: 0.3968  Corr: 0.6639  Loss: 0.4278 
2026-01-16 10:50:00,199 - MMSA [INFO] - TRAIN-(msalm) [3/27/5] >> loss: 0.315  Mult_acc_2: 0.8443  Mult_acc_3: 0.7354  Mult_acc_5: 0.4993  F1_score: 0.8470  MAE: 0.2952  Corr: 0.8169  clm loss: 2.9158 total loss: 4.4935 bn loss: 0.3827 av loss: 0.448 text loss: 0.4319
2026-01-16 10:50:02,078 - MMSA [INFO] - VAL-(msalm) >>  Mult_acc_2: 0.7807  Mult_acc_3: 0.6711  Mult_acc_5: 0.4583  F1_score: 0.7848  MAE: 0.3825  Corr: 0.6731  Loss: 0.4209 
2026-01-16 10:50:10,360 - MMSA [INFO] - TRAIN-(msalm) [4/28/5] >> loss: 0.3025  Mult_acc_2: 0.8399  Mult_acc_3: 0.7456  Mult_acc_5: 0.5110  F1_score: 0.8433  MAE: 0.2823  Corr: 0.8312  clm loss: 2.8724 total loss: 4.4077 bn loss: 0.3702 av loss: 0.4477 text loss: 0.415
2026-01-16 10:50:12,159 - MMSA [INFO] - VAL-(msalm) >>  Mult_acc_2: 0.7610  Mult_acc_3: 0.6513  Mult_acc_5: 0.4189  F1_score: 0.7694  MAE: 0.3949  Corr: 0.6731  Loss: 0.4189 
2026-01-16 10:50:20,529 - MMSA [INFO] - TRAIN-(msalm) [5/29/5] >> loss: 0.2975  Mult_acc_2: 0.8399  Mult_acc_3: 0.7493  Mult_acc_5: 0.5161  F1_score: 0.8435  MAE: 0.2827  Corr: 0.8339  clm loss: 2.8634 total loss: 4.3993 bn loss: 0.3762 av loss: 0.4513 text loss: 0.4109
2026-01-16 10:50:22,308 - MMSA [INFO] - VAL-(msalm) >>  Mult_acc_2: 0.7763  Mult_acc_3: 0.6601  Mult_acc_5: 0.4189  F1_score: 0.7822  MAE: 0.3816  Corr: 0.6787  Loss: 0.4149 
2026-01-16 10:50:31,836 - MMSA [INFO] - TRAIN-(msalm) [1/30/5] >> loss: 0.3043  Mult_acc_2: 0.8487  Mult_acc_3: 0.7580  Mult_acc_5: 0.5044  F1_score: 0.8522  MAE: 0.2885  Corr: 0.8273  clm loss: 2.82 total loss: 4.3113 bn loss: 0.3623 av loss: 0.4544 text loss: 0.3703
2026-01-16 10:50:33,695 - MMSA [INFO] - VAL-(msalm) >>  Mult_acc_2: 0.7961  Mult_acc_3: 0.6776  Mult_acc_5: 0.4430  F1_score: 0.8003  MAE: 0.3795  Corr: 0.6795  Loss: 0.4040 
2026-01-16 10:50:43,185 - MMSA [INFO] - TRAIN-(msalm) [1/31/5] >> loss: 0.2946  Mult_acc_2: 0.8450  Mult_acc_3: 0.7749  Mult_acc_5: 0.5270  F1_score: 0.8480  MAE: 0.2795  Corr: 0.8333  clm loss: 2.8679 total loss: 4.3497 bn loss: 0.3584 av loss: 0.4511 text loss: 0.3778
2026-01-16 10:50:45,000 - MMSA [INFO] - VAL-(msalm) >>  Mult_acc_2: 0.8070  Mult_acc_3: 0.6776  Mult_acc_5: 0.4474  F1_score: 0.8091  MAE: 0.3837  Corr: 0.6749  Loss: 0.4045 
2026-01-16 10:50:53,279 - MMSA [INFO] - TRAIN-(msalm) [2/32/5] >> loss: 0.2869  Mult_acc_2: 0.8523  Mult_acc_3: 0.7741  Mult_acc_5: 0.5409  F1_score: 0.8555  MAE: 0.2693  Corr: 0.8464  clm loss: 2.807 total loss: 4.2378 bn loss: 0.3339 av loss: 0.4509 text loss: 0.3591
2026-01-16 10:50:55,057 - MMSA [INFO] - VAL-(msalm) >>  Mult_acc_2: 0.8048  Mult_acc_3: 0.6798  Mult_acc_5: 0.4452  F1_score: 0.8081  MAE: 0.3816  Corr: 0.6742  Loss: 0.4069 
2026-01-16 10:51:03,342 - MMSA [INFO] - TRAIN-(msalm) [3/33/5] >> loss: 0.2814  Mult_acc_2: 0.8611  Mult_acc_3: 0.7807  Mult_acc_5: 0.5512  F1_score: 0.8640  MAE: 0.2651  Corr: 0.8510  clm loss: 2.7619 total loss: 4.1886 bn loss: 0.3346 av loss: 0.4523 text loss: 0.3583
2026-01-16 10:51:05,086 - MMSA [INFO] - VAL-(msalm) >>  Mult_acc_2: 0.8026  Mult_acc_3: 0.6908  Mult_acc_5: 0.4561  F1_score: 0.8063  MAE: 0.3776  Corr: 0.6791  Loss: 0.4068 
2026-01-16 10:51:13,528 - MMSA [INFO] - TRAIN-(msalm) [4/34/5] >> loss: 0.2685  Mult_acc_2: 0.8589  Mult_acc_3: 0.7807  Mult_acc_5: 0.5614  F1_score: 0.8622  MAE: 0.2534  Corr: 0.8623  clm loss: 2.7352 total loss: 4.1308 bn loss: 0.3225 av loss: 0.4446 text loss: 0.36
2026-01-16 10:51:15,354 - MMSA [INFO] - VAL-(msalm) >>  Mult_acc_2: 0.8026  Mult_acc_3: 0.6864  Mult_acc_5: 0.4539  F1_score: 0.8066  MAE: 0.3753  Corr: 0.6842  Loss: 0.4051 
2026-01-16 10:51:23,622 - MMSA [INFO] - TRAIN-(msalm) [5/35/5] >> loss: 0.2617  Mult_acc_2: 0.8553  Mult_acc_3: 0.7792  Mult_acc_5: 0.5680  F1_score: 0.8586  MAE: 0.2445  Corr: 0.8766  clm loss: 2.7118 total loss: 4.0901 bn loss: 0.3167 av loss: 0.4475 text loss: 0.3525
2026-01-16 10:51:25,396 - MMSA [INFO] - VAL-(msalm) >>  Mult_acc_2: 0.7829  Mult_acc_3: 0.6754  Mult_acc_5: 0.4211  F1_score: 0.7887  MAE: 0.3835  Corr: 0.6801  Loss: 0.3945 
2026-01-16 10:51:34,953 - MMSA [INFO] - TRAIN-(msalm) [1/36/5] >> loss: 0.2699  Mult_acc_2: 0.8750  Mult_acc_3: 0.7814  Mult_acc_5: 0.5504  F1_score: 0.8773  MAE: 0.2598  Corr: 0.8639  clm loss: 2.7094 total loss: 4.0962 bn loss: 0.3109 av loss: 0.4492 text loss: 0.3568
2026-01-16 10:51:36,788 - MMSA [INFO] - VAL-(msalm) >>  Mult_acc_2: 0.7939  Mult_acc_3: 0.6864  Mult_acc_5: 0.4474  F1_score: 0.7983  MAE: 0.3816  Corr: 0.6787  Loss: 0.3990 
2026-01-16 10:51:45,029 - MMSA [INFO] - TRAIN-(msalm) [2/37/5] >> loss: 0.2558  Mult_acc_2: 0.8662  Mult_acc_3: 0.7975  Mult_acc_5: 0.5870  F1_score: 0.8693  MAE: 0.2378  Corr: 0.8802  clm loss: 2.6634 total loss: 4.0133 bn loss: 0.3041 av loss: 0.453 text loss: 0.3369
2026-01-16 10:51:46,792 - MMSA [INFO] - VAL-(msalm) >>  Mult_acc_2: 0.7719  Mult_acc_3: 0.6732  Mult_acc_5: 0.4539  F1_score: 0.7788  MAE: 0.3824  Corr: 0.6770  Loss: 0.4214 
2026-01-16 10:51:55,076 - MMSA [INFO] - TRAIN-(msalm) [3/38/5] >> loss: 0.2472  Mult_acc_2: 0.8596  Mult_acc_3: 0.8012  Mult_acc_5: 0.6199  F1_score: 0.8631  MAE: 0.2252  Corr: 0.8847  clm loss: 2.6659 total loss: 3.9875 bn loss: 0.2986 av loss: 0.4497 text loss: 0.3261
2026-01-16 10:51:56,910 - MMSA [INFO] - VAL-(msalm) >>  Mult_acc_2: 0.7851  Mult_acc_3: 0.6776  Mult_acc_5: 0.4364  F1_score: 0.7914  MAE: 0.3851  Corr: 0.6750  Loss: 0.4046 
2026-01-16 10:52:05,278 - MMSA [INFO] - TRAIN-(msalm) [4/39/5] >> loss: 0.2432  Mult_acc_2: 0.8765  Mult_acc_3: 0.8114  Mult_acc_5: 0.6023  F1_score: 0.8794  MAE: 0.2261  Corr: 0.8949  clm loss: 2.6194 total loss: 3.9431 bn loss: 0.3019 av loss: 0.4446 text loss: 0.334
2026-01-16 10:52:07,080 - MMSA [INFO] - VAL-(msalm) >>  Mult_acc_2: 0.7873  Mult_acc_3: 0.6711  Mult_acc_5: 0.4254  F1_score: 0.7908  MAE: 0.3857  Corr: 0.6737  Loss: 0.4010 
2026-01-16 10:52:15,386 - MMSA [INFO] - TRAIN-(msalm) [5/40/5] >> loss: 0.2361  Mult_acc_2: 0.8823  Mult_acc_3: 0.8158  Mult_acc_5: 0.6111  F1_score: 0.8849  MAE: 0.2211  Corr: 0.8980  clm loss: 2.6042 total loss: 3.8882 bn loss: 0.2847 av loss: 0.4492 text loss: 0.314
2026-01-16 10:52:17,178 - MMSA [INFO] - VAL-(msalm) >>  Mult_acc_2: 0.7982  Mult_acc_3: 0.6908  Mult_acc_5: 0.4474  F1_score: 0.7998  MAE: 0.3870  Corr: 0.6656  Loss: 0.4117 
2026-01-16 10:52:25,530 - MMSA [INFO] - TRAIN-(msalm) [6/41/5] >> loss: 0.2341  Mult_acc_2: 0.8743  Mult_acc_3: 0.7953  Mult_acc_5: 0.6192  F1_score: 0.8773  MAE: 0.2151  Corr: 0.8996  clm loss: 2.5639 total loss: 3.8443 bn loss: 0.2768 av loss: 0.4439 text loss: 0.3256
2026-01-16 10:52:27,304 - MMSA [INFO] - VAL-(msalm) >>  Mult_acc_2: 0.7917  Mult_acc_3: 0.6798  Mult_acc_5: 0.4408  F1_score: 0.7945  MAE: 0.3861  Corr: 0.6637  Loss: 0.4013 
2026-01-16 10:52:35,693 - MMSA [INFO] - TRAIN-(msalm) [7/42/5] >> loss: 0.2255  Mult_acc_2: 0.8772  Mult_acc_3: 0.8085  Mult_acc_5: 0.6199  F1_score: 0.8800  MAE: 0.2045  Corr: 0.9123  clm loss: 2.5532 total loss: 3.8091 bn loss: 0.2695 av loss: 0.4492 text loss: 0.3117
2026-01-16 10:52:37,506 - MMSA [INFO] - VAL-(msalm) >>  Mult_acc_2: 0.7807  Mult_acc_3: 0.6711  Mult_acc_5: 0.4342  F1_score: 0.7851  MAE: 0.3826  Corr: 0.6693  Loss: 0.3956 
2026-01-16 10:52:45,806 - MMSA [INFO] - TRAIN-(msalm) [8/43/5] >> loss: 0.2253  Mult_acc_2: 0.8713  Mult_acc_3: 0.8121  Mult_acc_5: 0.6243  F1_score: 0.8747  MAE: 0.2071  Corr: 0.9079  clm loss: 2.5491 total loss: 3.7853 bn loss: 0.2721 av loss: 0.4402 text loss: 0.2986
2026-01-16 10:52:47,675 - MMSA [INFO] - VAL-(msalm) >>  Mult_acc_2: 0.7895  Mult_acc_3: 0.6645  Mult_acc_5: 0.4408  F1_score: 0.7931  MAE: 0.3816  Corr: 0.6717  Loss: 0.3979 
2026-01-16 10:52:55,960 - MMSA [INFO] - TRAIN-(msalm) [9/44/5] >> loss: 0.2223  Mult_acc_2: 0.8662  Mult_acc_3: 0.8041  Mult_acc_5: 0.6272  F1_score: 0.8698  MAE: 0.2051  Corr: 0.9117  clm loss: 2.5365 total loss: 3.7747 bn loss: 0.2653 av loss: 0.4489 text loss: 0.3017
2026-01-16 10:52:57,772 - MMSA [INFO] - VAL-(msalm) >>  Mult_acc_2: 0.7873  Mult_acc_3: 0.6711  Mult_acc_5: 0.4276  F1_score: 0.7911  MAE: 0.3893  Corr: 0.6647  Loss: 0.4023 
2026-01-16 10:53:06,105 - MMSA [INFO] - TRAIN-(msalm) [10/45/5] >> loss: 0.2044  Mult_acc_2: 0.8874  Mult_acc_3: 0.8143  Mult_acc_5: 0.6594  F1_score: 0.8900  MAE: 0.1862  Corr: 0.9276  clm loss: 2.4952 total loss: 3.6876 bn loss: 0.257 av loss: 0.4378 text loss: 0.2932
2026-01-16 10:53:07,902 - MMSA [INFO] - VAL-(msalm) >>  Mult_acc_2: 0.7719  Mult_acc_3: 0.6754  Mult_acc_5: 0.4386  F1_score: 0.7771  MAE: 0.3897  Corr: 0.6675  Loss: 0.3941 
2026-01-16 10:53:17,382 - MMSA [INFO] - TRAIN-(msalm) [1/46/5] >> loss: 0.2084  Mult_acc_2: 0.8808  Mult_acc_3: 0.8143  Mult_acc_5: 0.6594  F1_score: 0.8835  MAE: 0.1901  Corr: 0.9224  clm loss: 2.4753 total loss: 3.6619 bn loss: 0.2535 av loss: 0.4341 text loss: 0.2906
2026-01-16 10:53:19,206 - MMSA [INFO] - VAL-(msalm) >>  Mult_acc_2: 0.7675  Mult_acc_3: 0.6689  Mult_acc_5: 0.4298  F1_score: 0.7741  MAE: 0.3925  Corr: 0.6699  Loss: 0.3989 
2026-01-16 10:53:27,564 - MMSA [INFO] - TRAIN-(msalm) [2/47/5] >> loss: 0.2045  Mult_acc_2: 0.8801  Mult_acc_3: 0.8129  Mult_acc_5: 0.6586  F1_score: 0.8831  MAE: 0.1853  Corr: 0.9278  clm loss: 2.4325 total loss: 3.5944 bn loss: 0.2479 av loss: 0.4345 text loss: 0.275
2026-01-16 10:53:29,361 - MMSA [INFO] - VAL-(msalm) >>  Mult_acc_2: 0.7544  Mult_acc_3: 0.6667  Mult_acc_5: 0.4232  F1_score: 0.7624  MAE: 0.3962  Corr: 0.6704  Loss: 0.4137 
2026-01-16 10:53:37,574 - MMSA [INFO] - TRAIN-(msalm) [3/48/5] >> loss: 0.2034  Mult_acc_2: 0.8757  Mult_acc_3: 0.8282  Mult_acc_5: 0.6491  F1_score: 0.8790  MAE: 0.1873  Corr: 0.9282  clm loss: 2.4098 total loss: 3.5739 bn loss: 0.2472 av loss: 0.4448 text loss: 0.2687
2026-01-16 10:53:39,450 - MMSA [INFO] - VAL-(msalm) >>  Mult_acc_2: 0.7368  Mult_acc_3: 0.6689  Mult_acc_5: 0.4211  F1_score: 0.7468  MAE: 0.4002  Corr: 0.6772  Loss: 0.4068 
2026-01-16 10:53:47,754 - MMSA [INFO] - TRAIN-(msalm) [4/49/5] >> loss: 0.2008  Mult_acc_2: 0.8787  Mult_acc_3: 0.8253  Mult_acc_5: 0.6762  F1_score: 0.8817  MAE: 0.1825  Corr: 0.9298  clm loss: 2.4032 total loss: 3.564 bn loss: 0.243 av loss: 0.4447 text loss: 0.2723
2026-01-16 10:53:49,680 - MMSA [INFO] - VAL-(msalm) >>  Mult_acc_2: 0.7368  Mult_acc_3: 0.6601  Mult_acc_5: 0.4167  F1_score: 0.7463  MAE: 0.3929  Corr: 0.6807  Loss: 0.4030 
2026-01-16 10:53:58,174 - MMSA [INFO] - TRAIN-(msalm) [5/50/5] >> loss: 0.2032  Mult_acc_2: 0.8852  Mult_acc_3: 0.8246  Mult_acc_5: 0.6594  F1_score: 0.8877  MAE: 0.1836  Corr: 0.9298  clm loss: 2.3881 total loss: 3.5402 bn loss: 0.2348 av loss: 0.4413 text loss: 0.2727
2026-01-16 10:54:00,032 - MMSA [INFO] - VAL-(msalm) >>  Mult_acc_2: 0.7829  Mult_acc_3: 0.6776  Mult_acc_5: 0.4211  F1_score: 0.7868  MAE: 0.3862  Corr: 0.6778  Loss: 0.3958 
2026-01-16 10:54:08,317 - MMSA [INFO] - TRAIN-(msalm) [6/51/5] >> loss: 0.1916  Mult_acc_2: 0.8779  Mult_acc_3: 0.8282  Mult_acc_5: 0.6681  F1_score: 0.8811  MAE: 0.1757  Corr: 0.9355  clm loss: 2.3505 total loss: 3.4781 bn loss: 0.2306 av loss: 0.4369 text loss: 0.2685
2026-01-16 10:54:10,065 - MMSA [INFO] - VAL-(msalm) >>  Mult_acc_2: 0.7895  Mult_acc_3: 0.6776  Mult_acc_5: 0.4452  F1_score: 0.7937  MAE: 0.3818  Corr: 0.6815  Loss: 0.4001 
2026-01-16 10:54:18,374 - MMSA [INFO] - TRAIN-(msalm) [7/52/5] >> loss: 0.1859  Mult_acc_2: 0.8933  Mult_acc_3: 0.8458  Mult_acc_5: 0.7076  F1_score: 0.8958  MAE: 0.1678  Corr: 0.9405  clm loss: 2.3262 total loss: 3.4278 bn loss: 0.2235 av loss: 0.4317 text loss: 0.2607
2026-01-16 10:54:20,229 - MMSA [INFO] - VAL-(msalm) >>  Mult_acc_2: 0.7719  Mult_acc_3: 0.6645  Mult_acc_5: 0.4079  F1_score: 0.7784  MAE: 0.3875  Corr: 0.6801  Loss: 0.3934 
2026-01-16 10:54:29,682 - MMSA [INFO] - TRAIN-(msalm) [1/53/5] >> loss: 0.1906  Mult_acc_2: 0.8816  Mult_acc_3: 0.8333  Mult_acc_5: 0.6849  F1_score: 0.8847  MAE: 0.1723  Corr: 0.9386  clm loss: 2.3003 total loss: 3.424 bn loss: 0.2319 av loss: 0.4443 text loss: 0.2569
2026-01-16 10:54:31,557 - MMSA [INFO] - VAL-(msalm) >>  Mult_acc_2: 0.7654  Mult_acc_3: 0.6798  Mult_acc_5: 0.4386  F1_score: 0.7716  MAE: 0.3850  Corr: 0.6789  Loss: 0.3960 
2026-01-16 10:54:39,819 - MMSA [INFO] - TRAIN-(msalm) [2/54/5] >> loss: 0.1819  Mult_acc_2: 0.8874  Mult_acc_3: 0.8289  Mult_acc_5: 0.6901  F1_score: 0.8903  MAE: 0.1632  Corr: 0.9447  clm loss: 2.2812 total loss: 3.3803 bn loss: 0.2213 av loss: 0.4427 text loss: 0.2532
2026-01-16 10:54:41,678 - MMSA [INFO] - VAL-(msalm) >>  Mult_acc_2: 0.7544  Mult_acc_3: 0.6667  Mult_acc_5: 0.4276  F1_score: 0.7629  MAE: 0.3923  Corr: 0.6828  Loss: 0.3996 
2026-01-16 10:54:49,964 - MMSA [INFO] - TRAIN-(msalm) [3/55/5] >> loss: 0.1791  Mult_acc_2: 0.8779  Mult_acc_3: 0.8187  Mult_acc_5: 0.6871  F1_score: 0.8811  MAE: 0.1621  Corr: 0.9456  clm loss: 2.2642 total loss: 3.3568 bn loss: 0.2157 av loss: 0.4399 text loss: 0.2578
2026-01-16 10:54:51,739 - MMSA [INFO] - VAL-(msalm) >>  Mult_acc_2: 0.7719  Mult_acc_3: 0.6754  Mult_acc_5: 0.4320  F1_score: 0.7781  MAE: 0.3892  Corr: 0.6817  Loss: 0.3997 
2026-01-16 10:55:00,076 - MMSA [INFO] - TRAIN-(msalm) [4/56/5] >> loss: 0.1677  Mult_acc_2: 0.8889  Mult_acc_3: 0.8465  Mult_acc_5: 0.7251  F1_score: 0.8919  MAE: 0.1522  Corr: 0.9524  clm loss: 2.2501 total loss: 3.32 bn loss: 0.2104 av loss: 0.4425 text loss: 0.2493
2026-01-16 10:55:01,945 - MMSA [INFO] - VAL-(msalm) >>  Mult_acc_2: 0.7851  Mult_acc_3: 0.6820  Mult_acc_5: 0.4364  F1_score: 0.7891  MAE: 0.3866  Corr: 0.6739  Loss: 0.4076 
2026-01-16 10:55:10,251 - MMSA [INFO] - TRAIN-(msalm) [5/57/5] >> loss: 0.1834  Mult_acc_2: 0.8969  Mult_acc_3: 0.8355  Mult_acc_5: 0.6849  F1_score: 0.8994  MAE: 0.1663  Corr: 0.9453  clm loss: 2.264 total loss: 3.347 bn loss: 0.2125 av loss: 0.4379 text loss: 0.2492
2026-01-16 10:55:12,097 - MMSA [INFO] - VAL-(msalm) >>  Mult_acc_2: 0.7895  Mult_acc_3: 0.6711  Mult_acc_5: 0.4167  F1_score: 0.7940  MAE: 0.3911  Corr: 0.6704  Loss: 0.4149 
2026-01-16 10:55:20,566 - MMSA [INFO] - TRAIN-(msalm) [6/58/5] >> loss: 0.1787  Mult_acc_2: 0.8816  Mult_acc_3: 0.8363  Mult_acc_5: 0.7069  F1_score: 0.8846  MAE: 0.1583  Corr: 0.9471  clm loss: 2.2164 total loss: 3.2809 bn loss: 0.2102 av loss: 0.4422 text loss: 0.2334
2026-01-16 10:55:22,413 - MMSA [INFO] - VAL-(msalm) >>  Mult_acc_2: 0.7851  Mult_acc_3: 0.6711  Mult_acc_5: 0.4145  F1_score: 0.7902  MAE: 0.3865  Corr: 0.6797  Loss: 0.3936 
2026-01-16 10:55:30,595 - MMSA [INFO] - TRAIN-(msalm) [7/59/5] >> loss: 0.1726  Mult_acc_2: 0.8794  Mult_acc_3: 0.8406  Mult_acc_5: 0.7113  F1_score: 0.8828  MAE: 0.1563  Corr: 0.9505  clm loss: 2.1615 total loss: 3.2089 bn loss: 0.2056 av loss: 0.4396 text loss: 0.2296
2026-01-16 10:55:32,413 - MMSA [INFO] - VAL-(msalm) >>  Mult_acc_2: 0.7873  Mult_acc_3: 0.6732  Mult_acc_5: 0.4079  F1_score: 0.7911  MAE: 0.3861  Corr: 0.6787  Loss: 0.3854 
2026-01-16 10:55:41,864 - MMSA [INFO] - TRAIN-(msalm) [1/60/5] >> loss: 0.1739  Mult_acc_2: 0.9006  Mult_acc_3: 0.8348  Mult_acc_5: 0.7135  F1_score: 0.9027  MAE: 0.1598  Corr: 0.9496  clm loss: 2.169 total loss: 3.2293 bn loss: 0.2039 av loss: 0.4437 text loss: 0.2388
2026-01-16 10:55:43,607 - MMSA [INFO] - VAL-(msalm) >>  Mult_acc_2: 0.7829  Mult_acc_3: 0.6689  Mult_acc_5: 0.4145  F1_score: 0.7862  MAE: 0.3899  Corr: 0.6739  Loss: 0.4000 
2026-01-16 10:55:51,907 - MMSA [INFO] - TRAIN-(msalm) [2/61/5] >> loss: 0.1633  Mult_acc_2: 0.8904  Mult_acc_3: 0.8385  Mult_acc_5: 0.7149  F1_score: 0.8929  MAE: 0.1455  Corr: 0.9566  clm loss: 2.1593 total loss: 3.1887 bn loss: 0.2008 av loss: 0.4371 text loss: 0.2282
2026-01-16 10:55:53,732 - MMSA [INFO] - VAL-(msalm) >>  Mult_acc_2: 0.7588  Mult_acc_3: 0.6754  Mult_acc_5: 0.4167  F1_score: 0.7660  MAE: 0.3900  Corr: 0.6814  Loss: 0.3979 
2026-01-16 10:56:02,093 - MMSA [INFO] - TRAIN-(msalm) [3/62/5] >> loss: 0.1785  Mult_acc_2: 0.8794  Mult_acc_3: 0.8363  Mult_acc_5: 0.7061  F1_score: 0.8827  MAE: 0.1554  Corr: 0.9470  clm loss: 2.1454 total loss: 3.1874 bn loss: 0.1999 av loss: 0.4345 text loss: 0.2292
2026-01-16 10:56:03,826 - MMSA [INFO] - VAL-(msalm) >>  Mult_acc_2: 0.7566  Mult_acc_3: 0.6754  Mult_acc_5: 0.4101  F1_score: 0.7638  MAE: 0.3907  Corr: 0.6781  Loss: 0.3929 
2026-01-16 10:56:12,106 - MMSA [INFO] - TRAIN-(msalm) [4/63/5] >> loss: 0.1718  Mult_acc_2: 0.8984  Mult_acc_3: 0.8297  Mult_acc_5: 0.7010  F1_score: 0.9010  MAE: 0.1544  Corr: 0.9527  clm loss: 2.1135 total loss: 3.1487 bn loss: 0.1962 av loss: 0.4365 text loss: 0.2306
2026-01-16 10:56:13,972 - MMSA [INFO] - VAL-(msalm) >>  Mult_acc_2: 0.7610  Mult_acc_3: 0.6732  Mult_acc_5: 0.4145  F1_score: 0.7685  MAE: 0.3937  Corr: 0.6793  Loss: 0.4052 
2026-01-16 10:56:22,212 - MMSA [INFO] - TRAIN-(msalm) [5/64/5] >> loss: 0.1806  Mult_acc_2: 0.8940  Mult_acc_3: 0.8216  Mult_acc_5: 0.7091  F1_score: 0.8963  MAE: 0.1632  Corr: 0.9457  clm loss: 2.1357 total loss: 3.1796 bn loss: 0.1976 av loss: 0.4352 text loss: 0.2304
2026-01-16 10:56:24,013 - MMSA [INFO] - VAL-(msalm) >>  Mult_acc_2: 0.7675  Mult_acc_3: 0.6820  Mult_acc_5: 0.4035  F1_score: 0.7743  MAE: 0.3888  Corr: 0.6811  Loss: 0.3966 
2026-01-16 10:56:32,339 - MMSA [INFO] - TRAIN-(msalm) [6/65/5] >> loss: 0.1685  Mult_acc_2: 0.8904  Mult_acc_3: 0.8545  Mult_acc_5: 0.7310  F1_score: 0.8932  MAE: 0.1520  Corr: 0.9536  clm loss: 2.0969 total loss: 3.1172 bn loss: 0.192 av loss: 0.4408 text loss: 0.219
2026-01-16 10:56:34,113 - MMSA [INFO] - VAL-(msalm) >>  Mult_acc_2: 0.7785  Mult_acc_3: 0.6711  Mult_acc_5: 0.4101  F1_score: 0.7842  MAE: 0.3917  Corr: 0.6772  Loss: 0.3965 
2026-01-16 10:56:42,536 - MMSA [INFO] - TRAIN-(msalm) [7/66/5] >> loss: 0.1693  Mult_acc_2: 0.9020  Mult_acc_3: 0.8465  Mult_acc_5: 0.7186  F1_score: 0.9045  MAE: 0.1519  Corr: 0.9517  clm loss: 2.0839 total loss: 3.1028 bn loss: 0.1885 av loss: 0.4419 text loss: 0.2191
2026-01-16 10:56:44,813 - MMSA [INFO] - VAL-(msalm) >>  Mult_acc_2: 0.7807  Mult_acc_3: 0.6689  Mult_acc_5: 0.4101  F1_score: 0.7854  MAE: 0.3880  Corr: 0.6775  Loss: 0.3978 
2026-01-16 10:56:53,151 - MMSA [INFO] - TRAIN-(msalm) [8/67/5] >> loss: 0.1582  Mult_acc_2: 0.8918  Mult_acc_3: 0.8589  Mult_acc_5: 0.7383  F1_score: 0.8948  MAE: 0.1408  Corr: 0.9591  clm loss: 2.0642 total loss: 3.0546 bn loss: 0.1854 av loss: 0.4358 text loss: 0.211
2026-01-16 10:56:54,996 - MMSA [INFO] - VAL-(msalm) >>  Mult_acc_2: 0.7588  Mult_acc_3: 0.6645  Mult_acc_5: 0.4232  F1_score: 0.7663  MAE: 0.3909  Corr: 0.6800  Loss: 0.3924 
2026-01-16 10:57:03,314 - MMSA [INFO] - TRAIN-(msalm) [9/68/5] >> loss: 0.1603  Mult_acc_2: 0.8962  Mult_acc_3: 0.8596  Mult_acc_5: 0.7420  F1_score: 0.8990  MAE: 0.1403  Corr: 0.9585  clm loss: 2.0206 total loss: 3.0128 bn loss: 0.1883 av loss: 0.4348 text loss: 0.2089
2026-01-16 10:57:05,154 - MMSA [INFO] - VAL-(msalm) >>  Mult_acc_2: 0.7566  Mult_acc_3: 0.6667  Mult_acc_5: 0.4145  F1_score: 0.7651  MAE: 0.3925  Corr: 0.6872  Loss: 0.3971 
2026-01-16 10:57:13,472 - MMSA [INFO] - TRAIN-(msalm) [10/69/5] >> loss: 0.1486  Mult_acc_2: 0.9094  Mult_acc_3: 0.8516  Mult_acc_5: 0.7493  F1_score: 0.9116  MAE: 0.1327  Corr: 0.9637  clm loss: 2.0255 total loss: 3.0104 bn loss: 0.1849 av loss: 0.4412 text loss: 0.2102
2026-01-16 10:57:15,385 - MMSA [INFO] - VAL-(msalm) >>  Mult_acc_2: 0.7566  Mult_acc_3: 0.6754  Mult_acc_5: 0.4123  F1_score: 0.7640  MAE: 0.3927  Corr: 0.6796  Loss: 0.3983 
2026-01-16 10:57:17,737 - MMSA [INFO] - TEST-(msalm) >>  Mult_acc_2: 0.8009  Mult_acc_3: 0.6718  Mult_acc_5: 0.4420  F1_score: 0.8041  MAE: 0.3834  Corr: 0.6930  Loss: 0.4031 
2026-01-16 10:57:19,038 - MMSA [INFO] - Result for seed 1994: {'Mult_acc_2': 0.8009, 'Mult_acc_3': 0.6718, 'Mult_acc_5': 0.442, 'F1_score': 0.8041, 'MAE': 0.3834, 'Corr': 0.693, 'Loss': 0.4031, 'seed': 1994}
2026-01-16 10:57:19,050 - MMSA [INFO] - Results saved to MMSA/results/sims/lrs_0002/sparse-mm-token-lvl-router/k_2/nf_16-gca-delta-update-fix2/lr_0002__k_2__nf_16-exp-delta-update-fix2/normal/sims_avg.csv.
