2026-01-16 22:34:40,841 - MMSA [INFO] - ======================================== Program Start ========================================
2026-01-16 22:34:40,905 - MMSA [INFO] - Running with args:
2026-01-16 22:34:40,905 - MMSA [INFO] - {'model_name': 'msalm', 'dataset_name': 'mosei', 'featurePath': '/leonardo_work/EUHPC_A04_051/alexfil/MSA-Datasets/CMU-MOSEI/Processed/unaligned_50.pkl', 'seq_lens': [50, 500, 375], 'feature_dims': [768, 74, 35], 'train_samples': 16326, 'num_classes': 3, 'language': 'en', 'KeyEval': 'Loss', 'missing_rate': [0.0, 0.0, 0.0], 'missing_seed': [1111, 1111, 1111], 'need_data_aligned': False, 'need_model_aligned': False, 'early_stop': 10, 'use_bert': False, 'use_bert_finetune': False, 'attn_mask': True, 'excludeZero': True, 'update_epochs': 8, 'use_augmentation': False, 'use_m3xup': False, 'hfPath': False, 'use_ulgm': False, 'update_labels_patience': 1, 'H': 3.0, 'del_model': True, 'max_token_len': 50, 'pad_token': '<|endoftext|>', 'lm': '/leonardo_work/EUHPC_A04_051/alexfil/gpt2-large', 'use_bf16': False, 'task_out': 1, 'use_clm': True, 'gamma': 1.0, 'l_bn': 1.0, 'l_av': 1.0, 'l_t': 1.0, 'warmup_epochs': 1, 'max_epochs': 20, 'beta_1': 0.9, 'beta_2': 0.95, 'use_lnorm': True, 'rescale': False, 'rescaler': 'sqrt', 'use_seqaug': True, 'n_bn_fusion': 12, 'modded_loss': True, 'embedding_attr_name': 'transformer.wte', 'decoder_layers_attr_name': 'transformer.h', 'mmgpt': {'type': 'gpt2', 'd_out': 64, 'combine': True, 'dropout': 0.1, 'mm_layer': [7, 14, 21, 28, 35], 'top_k': 2, 'layer_dropout': 0.0, 'dense': True, 'tie_ffn': True, 'n_embd': 1280, 'bias': True, 'kv_dim': 30, 'n_head': 16, 'd_mm': 1280, 'gating': 'sigmoid', 'init_gate': [0.0, 0.0, 0.0, 0.0, 0.0, 0.0, 0.0, 0.0, 0.0, 0.0], 'use_softperm': True, 'p_perm': 0.3, 'p_apply': 0.25, 'use_lora': False, 'lora': {'lora_alpha': 128, 'r': 64, 'lora_dropout': 0.05}}, 'av_enc': {'finetune': True, 'from_pretrained': True, 'path_to_pretrained': '/leonardo_work/EUHPC_A04_051/alexfil/DeepMLF-Reprod/checkpoints/bienc-mosei-1990/bienc-mosei-1990.pth', 'feature_dims': [768, 74, 35], 'd_enc': 30, 'n_embd': 30, 'n_head': 6, 'nlevels': 3, 'd_enc_out': 30, 'maxlen': 50, 'p_mask': 0.15, 'enc_attn_dropout': 0.1, 'enc_res_dropout': 0.1, 'enc_dropout': 0.1, 'use_softperm': True, 'p_perm': 0.2, 'mask_perm_ratio': 0.5, 'tf_fusion': False, 'use_bn': False, 'use_ln': False}, 'gpt': {'vocab_size': 50257, 'block_size': 1024, 'bias': True, 'n_embd': 1024, 'n_layer': 24, 'n_head': 16, 'dropout': 0.0}, 'batch_size': 32, 'grad_clip': 5.0, 'patience': 10, 'weight_decay_mmgpt': 0.1, 'weight_decay_av': 0.1, 'learning_rate_av': 0.0001, 'learning_rate_mmgpt': 0.0001, 'device': device(type='cuda', index=0), 'train_mode': 'regression', 'custom_feature': None, 'feature_T': '', 'feature_A': '', 'feature_V': ''}
2026-01-16 22:34:40,906 - MMSA [INFO] - Seeds: [1990, 1991, 1992, 1993, 1994]
2026-01-16 22:34:40,906 - MMSA [INFO] - ------------------------------ Running with seed 1990 [1/5] ------------------------------
2026-01-16 22:46:27,546 - MMSA [INFO] - The model has 914780556 trainable parameters
2026-01-16 22:50:59,247 - MMSA [INFO] - TRAIN-(msalm) [1/1/1] >> loss: 0.7724  Has0_acc_2: 0.6942  Has0_F1_score: 0.6997  Non0_acc_2: 0.7050  Non0_F1_score: 0.7007  Mult_acc_5: 0.4210  Mult_acc_7: 0.4199  MAE: 0.7731  Corr: 0.4262  clm loss: 4.2528 total loss: 7.6098 bn loss: 0.835 av loss: 0.8647 text loss: 0.8849
2026-01-16 22:51:08,255 - MMSA [INFO] - VAL-(msalm) >>  Has0_acc_2: 0.7825  Has0_F1_score: 0.7846  Non0_acc_2: 0.7928  Non0_F1_score: 0.7884  Mult_acc_5: 0.4842  Mult_acc_7: 0.4794  MAE: 0.6297  Corr: 0.6246  Loss: 0.6299 
2026-01-16 22:55:43,364 - MMSA [INFO] - TRAIN-(msalm) [1/2/1] >> loss: 0.6121  Has0_acc_2: 0.7762  Has0_F1_score: 0.7829  Non0_acc_2: 0.8162  Non0_F1_score: 0.8161  Mult_acc_5: 0.5029  Mult_acc_7: 0.4905  MAE: 0.6120  Corr: 0.6969  clm loss: 3.7713 total loss: 6.512 bn loss: 0.6406 av loss: 0.8056 text loss: 0.6824
2026-01-16 22:55:52,081 - MMSA [INFO] - VAL-(msalm) >>  Has0_acc_2: 0.8338  Has0_F1_score: 0.8363  Non0_acc_2: 0.8574  Non0_F1_score: 0.8555  Mult_acc_5: 0.5494  Mult_acc_7: 0.5366  MAE: 0.5274  Corr: 0.7427  Loss: 0.5267 
2026-01-16 23:00:27,722 - MMSA [INFO] - TRAIN-(msalm) [1/3/1] >> loss: 0.5349  Has0_acc_2: 0.8112  Has0_F1_score: 0.8164  Non0_acc_2: 0.8555  Non0_F1_score: 0.8551  Mult_acc_5: 0.5594  Mult_acc_7: 0.5401  MAE: 0.5351  Corr: 0.7715  clm loss: 3.6155 total loss: 6.067 bn loss: 0.5358 av loss: 0.7977 text loss: 0.5831
2026-01-16 23:00:36,332 - MMSA [INFO] - VAL-(msalm) >>  Has0_acc_2: 0.8316  Has0_F1_score: 0.8363  Non0_acc_2: 0.8609  Non0_F1_score: 0.8607  Mult_acc_5: 0.5708  Mult_acc_7: 0.5559  MAE: 0.5019  Corr: 0.7602  Loss: 0.5033 
2026-01-16 23:05:11,878 - MMSA [INFO] - TRAIN-(msalm) [1/4/1] >> loss: 0.5037  Has0_acc_2: 0.8214  Has0_F1_score: 0.8264  Non0_acc_2: 0.8692  Non0_F1_score: 0.8690  Mult_acc_5: 0.5851  Mult_acc_7: 0.5628  MAE: 0.5036  Corr: 0.7983  clm loss: 3.5504 total loss: 5.8893 bn loss: 0.5027 av loss: 0.7955 text loss: 0.537
2026-01-16 23:05:20,787 - MMSA [INFO] - VAL-(msalm) >>  Has0_acc_2: 0.8338  Has0_F1_score: 0.8378  Non0_acc_2: 0.8609  Non0_F1_score: 0.8603  Mult_acc_5: 0.5890  Mult_acc_7: 0.5735  MAE: 0.4869  Corr: 0.7796  Loss: 0.4857 
2026-01-16 23:09:56,316 - MMSA [INFO] - TRAIN-(msalm) [1/5/1] >> loss: 0.4722  Has0_acc_2: 0.8328  Has0_F1_score: 0.8376  Non0_acc_2: 0.8857  Non0_F1_score: 0.8854  Mult_acc_5: 0.6116  Mult_acc_7: 0.5886  MAE: 0.4723  Corr: 0.8229  clm loss: 3.4807 total loss: 5.7178 bn loss: 0.4768 av loss: 0.7916 text loss: 0.4964
2026-01-16 23:10:04,978 - MMSA [INFO] - VAL-(msalm) >>  Has0_acc_2: 0.8055  Has0_F1_score: 0.8138  Non0_acc_2: 0.8567  Non0_F1_score: 0.8579  Mult_acc_5: 0.5826  Mult_acc_7: 0.5692  MAE: 0.4944  Corr: 0.7809  Loss: 0.4939 
2026-01-16 23:14:36,533 - MMSA [INFO] - TRAIN-(msalm) [2/6/1] >> loss: 0.4499  Has0_acc_2: 0.8355  Has0_F1_score: 0.8404  Non0_acc_2: 0.8926  Non0_F1_score: 0.8925  Mult_acc_5: 0.6235  Mult_acc_7: 0.5987  MAE: 0.4501  Corr: 0.8395  clm loss: 3.4462 total loss: 5.608 bn loss: 0.4542 av loss: 0.7909 text loss: 0.4668
2026-01-16 23:14:45,208 - MMSA [INFO] - VAL-(msalm) >>  Has0_acc_2: 0.8332  Has0_F1_score: 0.8384  Non0_acc_2: 0.8727  Non0_F1_score: 0.8726  Mult_acc_5: 0.5703  Mult_acc_7: 0.5548  MAE: 0.4883  Corr: 0.7809  Loss: 0.4886 
2026-01-16 23:19:16,828 - MMSA [INFO] - TRAIN-(msalm) [3/7/1] >> loss: 0.4237  Has0_acc_2: 0.8464  Has0_F1_score: 0.8510  Non0_acc_2: 0.9069  Non0_F1_score: 0.9068  Mult_acc_5: 0.6476  Mult_acc_7: 0.6229  MAE: 0.4236  Corr: 0.8586  clm loss: 3.4156 total loss: 5.4978 bn loss: 0.4322 av loss: 0.7896 text loss: 0.4367
2026-01-16 23:19:25,538 - MMSA [INFO] - VAL-(msalm) >>  Has0_acc_2: 0.8210  Has0_F1_score: 0.8277  Non0_acc_2: 0.8609  Non0_F1_score: 0.8617  Mult_acc_5: 0.5783  Mult_acc_7: 0.5601  MAE: 0.4915  Corr: 0.7821  Loss: 0.4921 
2026-01-16 23:23:56,990 - MMSA [INFO] - TRAIN-(msalm) [4/8/1] >> loss: 0.4036  Has0_acc_2: 0.8484  Has0_F1_score: 0.8531  Non0_acc_2: 0.9119  Non0_F1_score: 0.9119  Mult_acc_5: 0.6615  Mult_acc_7: 0.6378  MAE: 0.4032  Corr: 0.8729  clm loss: 3.3874 total loss: 5.4 bn loss: 0.4125 av loss: 0.7894 text loss: 0.4071
2026-01-16 23:24:06,020 - MMSA [INFO] - VAL-(msalm) >>  Has0_acc_2: 0.8386  Has0_F1_score: 0.8426  Non0_acc_2: 0.8672  Non0_F1_score: 0.8667  Mult_acc_5: 0.5730  Mult_acc_7: 0.5553  MAE: 0.4914  Corr: 0.7806  Loss: 0.4921 
2026-01-16 23:28:36,867 - MMSA [INFO] - TRAIN-(msalm) [5/9/1] >> loss: 0.3866  Has0_acc_2: 0.8586  Has0_F1_score: 0.8628  Non0_acc_2: 0.9241  Non0_F1_score: 0.9239  Mult_acc_5: 0.6789  Mult_acc_7: 0.6539  MAE: 0.3861  Corr: 0.8830  clm loss: 3.3622 total loss: 5.3159 bn loss: 0.3938 av loss: 0.7887 text loss: 0.3846
2026-01-16 23:28:45,598 - MMSA [INFO] - VAL-(msalm) >>  Has0_acc_2: 0.8413  Has0_F1_score: 0.8438  Non0_acc_2: 0.8672  Non0_F1_score: 0.8655  Mult_acc_5: 0.5639  Mult_acc_7: 0.5452  MAE: 0.5212  Corr: 0.7751  Loss: 0.5232 
2026-01-16 23:33:16,595 - MMSA [INFO] - TRAIN-(msalm) [6/10/1] >> loss: 0.3684  Has0_acc_2: 0.8589  Has0_F1_score: 0.8632  Non0_acc_2: 0.9246  Non0_F1_score: 0.9245  Mult_acc_5: 0.7012  Mult_acc_7: 0.6769  MAE: 0.3681  Corr: 0.8914  clm loss: 3.3413 total loss: 5.2471 bn loss: 0.3797 av loss: 0.7873 text loss: 0.3704
2026-01-16 23:33:25,309 - MMSA [INFO] - VAL-(msalm) >>  Has0_acc_2: 0.8145  Has0_F1_score: 0.8221  Non0_acc_2: 0.8595  Non0_F1_score: 0.8607  Mult_acc_5: 0.5778  Mult_acc_7: 0.5607  MAE: 0.4943  Corr: 0.7784  Loss: 0.4949 
2026-01-16 23:37:56,055 - MMSA [INFO] - TRAIN-(msalm) [7/11/1] >> loss: 0.3511  Has0_acc_2: 0.8617  Has0_F1_score: 0.8661  Non0_acc_2: 0.9341  Non0_F1_score: 0.9340  Mult_acc_5: 0.7132  Mult_acc_7: 0.6885  MAE: 0.3510  Corr: 0.8999  clm loss: 3.3241 total loss: 5.1734 bn loss: 0.3633 av loss: 0.787 text loss: 0.3479
2026-01-16 23:38:04,907 - MMSA [INFO] - VAL-(msalm) >>  Has0_acc_2: 0.8177  Has0_F1_score: 0.8245  Non0_acc_2: 0.8602  Non0_F1_score: 0.8608  Mult_acc_5: 0.5767  Mult_acc_7: 0.5607  MAE: 0.4974  Corr: 0.7757  Loss: 0.4976 
2026-01-16 23:42:35,967 - MMSA [INFO] - TRAIN-(msalm) [8/12/1] >> loss: 0.3406  Has0_acc_2: 0.8627  Has0_F1_score: 0.8671  Non0_acc_2: 0.9344  Non0_F1_score: 0.9343  Mult_acc_5: 0.7184  Mult_acc_7: 0.6942  MAE: 0.3409  Corr: 0.9080  clm loss: 3.3078 total loss: 5.1102 bn loss: 0.3457 av loss: 0.7862 text loss: 0.3299
2026-01-16 23:42:44,711 - MMSA [INFO] - VAL-(msalm) >>  Has0_acc_2: 0.8397  Has0_F1_score: 0.8437  Non0_acc_2: 0.8672  Non0_F1_score: 0.8668  Mult_acc_5: 0.5671  Mult_acc_7: 0.5510  MAE: 0.4990  Corr: 0.7739  Loss: 0.4989 
2026-01-16 23:47:15,618 - MMSA [INFO] - TRAIN-(msalm) [9/13/1] >> loss: 0.3237  Has0_acc_2: 0.8642  Has0_F1_score: 0.8687  Non0_acc_2: 0.9424  Non0_F1_score: 0.9423  Mult_acc_5: 0.7348  Mult_acc_7: 0.7093  MAE: 0.3235  Corr: 0.9168  clm loss: 3.2928 total loss: 5.0544 bn loss: 0.3367 av loss: 0.7859 text loss: 0.3153
2026-01-16 23:47:24,298 - MMSA [INFO] - VAL-(msalm) >>  Has0_acc_2: 0.8204  Has0_F1_score: 0.8270  Non0_acc_2: 0.8567  Non0_F1_score: 0.8576  Mult_acc_5: 0.5735  Mult_acc_7: 0.5585  MAE: 0.4963  Corr: 0.7751  Loss: 0.4968 
2026-01-16 23:51:55,127 - MMSA [INFO] - TRAIN-(msalm) [10/14/1] >> loss: 0.3179  Has0_acc_2: 0.8701  Has0_F1_score: 0.8743  Non0_acc_2: 0.9459  Non0_F1_score: 0.9459  Mult_acc_5: 0.7472  Mult_acc_7: 0.7209  MAE: 0.3167  Corr: 0.9200  clm loss: 3.2808 total loss: 5.0184 bn loss: 0.3265 av loss: 0.7862 text loss: 0.307
2026-01-16 23:52:04,056 - MMSA [INFO] - VAL-(msalm) >>  Has0_acc_2: 0.8520  Has0_F1_score: 0.8544  Non0_acc_2: 0.8720  Non0_F1_score: 0.8710  Mult_acc_5: 0.5639  Mult_acc_7: 0.5457  MAE: 0.5162  Corr: 0.7732  Loss: 0.5153 
2026-01-16 23:52:28,826 - MMSA [INFO] - TEST-(msalm) >>  Has0_acc_2: 0.8285  Has0_F1_score: 0.8325  Non0_acc_2: 0.8632  Non0_F1_score: 0.8628  Mult_acc_5: 0.5763  Mult_acc_7: 0.5559  MAE: 0.5078  Corr: 0.8013  Loss: 0.5075 
2026-01-16 23:52:31,028 - MMSA [INFO] - Result for seed 1990: {'Has0_acc_2': 0.8285, 'Has0_F1_score': 0.8325, 'Non0_acc_2': 0.8632, 'Non0_F1_score': 0.8628, 'Mult_acc_5': 0.5763, 'Mult_acc_7': 0.5559, 'MAE': 0.5078, 'Corr': 0.8013, 'Loss': 0.5075, 'seed': 1990}
2026-01-16 23:52:31,029 - MMSA [INFO] - ------------------------------ Running with seed 1991 [2/5] ------------------------------
2026-01-17 00:04:22,424 - MMSA [INFO] - The model has 914780556 trainable parameters
2026-01-17 00:08:54,226 - MMSA [INFO] - TRAIN-(msalm) [1/1/2] >> loss: 0.7955  Has0_acc_2: 0.7053  Has0_F1_score: 0.6983  Non0_acc_2: 0.6933  Non0_F1_score: 0.6768  Mult_acc_5: 0.4037  Mult_acc_7: 0.4022  MAE: 0.7952  Corr: 0.3875  clm loss: 4.2614 total loss: 7.6863 bn loss: 0.8698 av loss: 0.8454 text loss: 0.9142
2026-01-17 00:09:03,030 - MMSA [INFO] - VAL-(msalm) >>  Has0_acc_2: 0.7787  Has0_F1_score: 0.7837  Non0_acc_2: 0.7949  Non0_F1_score: 0.7931  Mult_acc_5: 0.4826  Mult_acc_7: 0.4751  MAE: 0.6300  Corr: 0.6214  Loss: 0.6306 
2026-01-17 00:13:38,927 - MMSA [INFO] - TRAIN-(msalm) [1/2/2] >> loss: 0.6109  Has0_acc_2: 0.7875  Has0_F1_score: 0.7924  Non0_acc_2: 0.8189  Non0_F1_score: 0.8178  Mult_acc_5: 0.4993  Mult_acc_7: 0.4867  MAE: 0.6108  Corr: 0.6966  clm loss: 3.7753 total loss: 6.5179 bn loss: 0.6444 av loss: 0.8074 text loss: 0.68
2026-01-17 00:13:47,773 - MMSA [INFO] - VAL-(msalm) >>  Has0_acc_2: 0.8076  Has0_F1_score: 0.8152  Non0_acc_2: 0.8581  Non0_F1_score: 0.8587  Mult_acc_5: 0.5575  Mult_acc_7: 0.5430  MAE: 0.5216  Corr: 0.7387  Loss: 0.5225 
2026-01-17 00:18:24,302 - MMSA [INFO] - TRAIN-(msalm) [1/3/2] >> loss: 0.5356  Has0_acc_2: 0.8165  Has0_F1_score: 0.8217  Non0_acc_2: 0.8597  Non0_F1_score: 0.8596  Mult_acc_5: 0.5592  Mult_acc_7: 0.5393  MAE: 0.5359  Corr: 0.7701  clm loss: 3.6187 total loss: 6.0756 bn loss: 0.5397 av loss: 0.7988 text loss: 0.5829
2026-01-17 00:18:33,019 - MMSA [INFO] - VAL-(msalm) >>  Has0_acc_2: 0.8274  Has0_F1_score: 0.8335  Non0_acc_2: 0.8700  Non0_F1_score: 0.8704  Mult_acc_5: 0.5692  Mult_acc_7: 0.5542  MAE: 0.4995  Corr: 0.7673  Loss: 0.4993 
2026-01-17 00:23:08,973 - MMSA [INFO] - TRAIN-(msalm) [1/4/2] >> loss: 0.4993  Has0_acc_2: 0.8264  Has0_F1_score: 0.8312  Non0_acc_2: 0.8745  Non0_F1_score: 0.8742  Mult_acc_5: 0.5862  Mult_acc_7: 0.5649  MAE: 0.4997  Corr: 0.8020  clm loss: 3.535 total loss: 5.8653 bn loss: 0.5036 av loss: 0.7946 text loss: 0.5328
2026-01-17 00:23:17,891 - MMSA [INFO] - VAL-(msalm) >>  Has0_acc_2: 0.8290  Has0_F1_score: 0.8338  Non0_acc_2: 0.8651  Non0_F1_score: 0.8646  Mult_acc_5: 0.5783  Mult_acc_7: 0.5639  MAE: 0.4887  Corr: 0.7747  Loss: 0.4879 
2026-01-17 00:27:54,040 - MMSA [INFO] - TRAIN-(msalm) [1/5/2] >> loss: 0.4731  Has0_acc_2: 0.8328  Has0_F1_score: 0.8376  Non0_acc_2: 0.8850  Non0_F1_score: 0.8848  Mult_acc_5: 0.6111  Mult_acc_7: 0.5869  MAE: 0.4733  Corr: 0.8232  clm loss: 3.4865 total loss: 5.7252 bn loss: 0.4781 av loss: 0.7931 text loss: 0.4944
2026-01-17 00:28:02,664 - MMSA [INFO] - VAL-(msalm) >>  Has0_acc_2: 0.8386  Has0_F1_score: 0.8433  Non0_acc_2: 0.8707  Non0_F1_score: 0.8707  Mult_acc_5: 0.5772  Mult_acc_7: 0.5601  MAE: 0.4902  Corr: 0.7764  Loss: 0.4894 
2026-01-17 00:32:34,019 - MMSA [INFO] - TRAIN-(msalm) [2/6/2] >> loss: 0.4464  Has0_acc_2: 0.8407  Has0_F1_score: 0.8454  Non0_acc_2: 0.8963  Non0_F1_score: 0.8962  Mult_acc_5: 0.6292  Mult_acc_7: 0.6060  MAE: 0.4464  Corr: 0.8416  clm loss: 3.4339 total loss: 5.5844 bn loss: 0.4519 av loss: 0.7913 text loss: 0.4609
2026-01-17 00:32:42,824 - MMSA [INFO] - VAL-(msalm) >>  Has0_acc_2: 0.8210  Has0_F1_score: 0.8271  Non0_acc_2: 0.8651  Non0_F1_score: 0.8652  Mult_acc_5: 0.5815  Mult_acc_7: 0.5681  MAE: 0.4891  Corr: 0.7744  Loss: 0.4897 
2026-01-17 00:37:13,658 - MMSA [INFO] - TRAIN-(msalm) [3/7/2] >> loss: 0.4212  Has0_acc_2: 0.8461  Has0_F1_score: 0.8508  Non0_acc_2: 0.9061  Non0_F1_score: 0.9060  Mult_acc_5: 0.6523  Mult_acc_7: 0.6286  MAE: 0.4208  Corr: 0.8584  clm loss: 3.4077 total loss: 5.4797 bn loss: 0.4314 av loss: 0.7898 text loss: 0.4295
2026-01-17 00:37:22,303 - MMSA [INFO] - VAL-(msalm) >>  Has0_acc_2: 0.7969  Has0_F1_score: 0.8064  Non0_acc_2: 0.8561  Non0_F1_score: 0.8577  Mult_acc_5: 0.5874  Mult_acc_7: 0.5724  MAE: 0.4969  Corr: 0.7796  Loss: 0.4969 
2026-01-17 00:41:53,417 - MMSA [INFO] - TRAIN-(msalm) [4/8/2] >> loss: 0.4008  Has0_acc_2: 0.8514  Has0_F1_score: 0.8559  Non0_acc_2: 0.9132  Non0_F1_score: 0.9131  Mult_acc_5: 0.6681  Mult_acc_7: 0.6438  MAE: 0.4007  Corr: 0.8727  clm loss: 3.3818 total loss: 5.3827 bn loss: 0.4083 av loss: 0.7881 text loss: 0.4037
2026-01-17 00:42:02,511 - MMSA [INFO] - VAL-(msalm) >>  Has0_acc_2: 0.8418  Has0_F1_score: 0.8453  Non0_acc_2: 0.8693  Non0_F1_score: 0.8684  Mult_acc_5: 0.5735  Mult_acc_7: 0.5591  MAE: 0.4989  Corr: 0.7737  Loss: 0.4982 
2026-01-17 00:46:33,700 - MMSA [INFO] - TRAIN-(msalm) [5/9/2] >> loss: 0.383  Has0_acc_2: 0.8541  Has0_F1_score: 0.8588  Non0_acc_2: 0.9219  Non0_F1_score: 0.9219  Mult_acc_5: 0.6828  Mult_acc_7: 0.6571  MAE: 0.3830  Corr: 0.8838  clm loss: 3.3587 total loss: 5.2984 bn loss: 0.391 av loss: 0.7878 text loss: 0.3779
2026-01-17 00:46:42,290 - MMSA [INFO] - VAL-(msalm) >>  Has0_acc_2: 0.8161  Has0_F1_score: 0.8230  Non0_acc_2: 0.8595  Non0_F1_score: 0.8601  Mult_acc_5: 0.5756  Mult_acc_7: 0.5601  MAE: 0.4994  Corr: 0.7729  Loss: 0.5000 
2026-01-17 00:51:14,120 - MMSA [INFO] - TRAIN-(msalm) [6/10/2] >> loss: 0.3571  Has0_acc_2: 0.8591  Has0_F1_score: 0.8636  Non0_acc_2: 0.9284  Non0_F1_score: 0.9283  Mult_acc_5: 0.7022  Mult_acc_7: 0.6773  MAE: 0.3572  Corr: 0.8990  clm loss: 3.3355 total loss: 5.2063 bn loss: 0.3712 av loss: 0.7869 text loss: 0.3555
2026-01-17 00:51:22,873 - MMSA [INFO] - VAL-(msalm) >>  Has0_acc_2: 0.8076  Has0_F1_score: 0.8153  Non0_acc_2: 0.8498  Non0_F1_score: 0.8509  Mult_acc_5: 0.5676  Mult_acc_7: 0.5532  MAE: 0.5025  Corr: 0.7705  Loss: 0.5019 
2026-01-17 00:55:54,366 - MMSA [INFO] - TRAIN-(msalm) [7/11/2] >> loss: 0.3446  Has0_acc_2: 0.8616  Has0_F1_score: 0.8660  Non0_acc_2: 0.9345  Non0_F1_score: 0.9344  Mult_acc_5: 0.7147  Mult_acc_7: 0.6896  MAE: 0.3449  Corr: 0.9070  clm loss: 3.3076 total loss: 5.1247 bn loss: 0.3519 av loss: 0.7862 text loss: 0.3343
2026-01-17 00:56:03,113 - MMSA [INFO] - VAL-(msalm) >>  Has0_acc_2: 0.8022  Has0_F1_score: 0.8109  Non0_acc_2: 0.8491  Non0_F1_score: 0.8507  Mult_acc_5: 0.5735  Mult_acc_7: 0.5564  MAE: 0.5054  Corr: 0.7687  Loss: 0.5057 
2026-01-17 01:00:34,148 - MMSA [INFO] - TRAIN-(msalm) [8/12/2] >> loss: 0.3357  Has0_acc_2: 0.8667  Has0_F1_score: 0.8710  Non0_acc_2: 0.9394  Non0_F1_score: 0.9394  Mult_acc_5: 0.7256  Mult_acc_7: 0.7009  MAE: 0.3357  Corr: 0.9110  clm loss: 3.2924 total loss: 5.0808 bn loss: 0.3428 av loss: 0.7862 text loss: 0.3238
2026-01-17 01:00:42,925 - MMSA [INFO] - VAL-(msalm) >>  Has0_acc_2: 0.7985  Has0_F1_score: 0.8079  Non0_acc_2: 0.8484  Non0_F1_score: 0.8503  Mult_acc_5: 0.5703  Mult_acc_7: 0.5569  MAE: 0.5074  Corr: 0.7696  Loss: 0.5059 
2026-01-17 01:05:14,150 - MMSA [INFO] - TRAIN-(msalm) [9/13/2] >> loss: 0.3264  Has0_acc_2: 0.8655  Has0_F1_score: 0.8699  Non0_acc_2: 0.9427  Non0_F1_score: 0.9427  Mult_acc_5: 0.7384  Mult_acc_7: 0.7133  MAE: 0.3260  Corr: 0.9138  clm loss: 3.2932 total loss: 5.0533 bn loss: 0.334 av loss: 0.7852 text loss: 0.3146
2026-01-17 01:05:22,861 - MMSA [INFO] - VAL-(msalm) >>  Has0_acc_2: 0.7814  Has0_F1_score: 0.7921  Non0_acc_2: 0.8359  Non0_F1_score: 0.8382  Mult_acc_5: 0.5617  Mult_acc_7: 0.5478  MAE: 0.5111  Corr: 0.7646  Loss: 0.5119 
2026-01-17 01:09:53,901 - MMSA [INFO] - TRAIN-(msalm) [10/14/2] >> loss: 0.31  Has0_acc_2: 0.8672  Has0_F1_score: 0.8715  Non0_acc_2: 0.9447  Non0_F1_score: 0.9447  Mult_acc_5: 0.7499  Mult_acc_7: 0.7274  MAE: 0.3099  Corr: 0.9232  clm loss: 3.2809 total loss: 4.9972 bn loss: 0.3219 av loss: 0.7846 text loss: 0.2998
2026-01-17 01:10:02,661 - MMSA [INFO] - VAL-(msalm) >>  Has0_acc_2: 0.8092  Has0_F1_score: 0.8166  Non0_acc_2: 0.8491  Non0_F1_score: 0.8501  Mult_acc_5: 0.5714  Mult_acc_7: 0.5553  MAE: 0.5082  Corr: 0.7665  Loss: 0.5065 
2026-01-17 01:10:27,691 - MMSA [INFO] - TEST-(msalm) >>  Has0_acc_2: 0.8242  Has0_F1_score: 0.8285  Non0_acc_2: 0.8610  Non0_F1_score: 0.8606  Mult_acc_5: 0.5739  Mult_acc_7: 0.5570  MAE: 0.5028  Corr: 0.7975  Loss: 0.5028 
2026-01-17 01:10:29,914 - MMSA [INFO] - Result for seed 1991: {'Has0_acc_2': 0.8242, 'Has0_F1_score': 0.8285, 'Non0_acc_2': 0.861, 'Non0_F1_score': 0.8606, 'Mult_acc_5': 0.5739, 'Mult_acc_7': 0.557, 'MAE': 0.5028, 'Corr': 0.7975, 'Loss': 0.5028, 'seed': 1991}
2026-01-17 01:10:29,915 - MMSA [INFO] - ------------------------------ Running with seed 1992 [3/5] ------------------------------
2026-01-17 01:22:20,061 - MMSA [INFO] - The model has 914780556 trainable parameters
2026-01-17 01:26:51,465 - MMSA [INFO] - TRAIN-(msalm) [1/1/3] >> loss: 0.7756  Has0_acc_2: 0.6746  Has0_F1_score: 0.6863  Non0_acc_2: 0.6951  Non0_F1_score: 0.6965  Mult_acc_5: 0.4176  Mult_acc_7: 0.4155  MAE: 0.7756  Corr: 0.4328  clm loss: 4.2553 total loss: 7.6233 bn loss: 0.8519 av loss: 0.8533 text loss: 0.8872
2026-01-17 01:27:00,326 - MMSA [INFO] - VAL-(msalm) >>  Has0_acc_2: 0.7702  Has0_F1_score: 0.7789  Non0_acc_2: 0.8053  Non0_F1_score: 0.8060  Mult_acc_5: 0.4719  Mult_acc_7: 0.4634  MAE: 0.6226  Corr: 0.6330  Loss: 0.6204 
2026-01-17 01:31:36,326 - MMSA [INFO] - TRAIN-(msalm) [1/2/3] >> loss: 0.6035  Has0_acc_2: 0.7885  Has0_F1_score: 0.7950  Non0_acc_2: 0.8292  Non0_F1_score: 0.8294  Mult_acc_5: 0.5078  Mult_acc_7: 0.4931  MAE: 0.6036  Corr: 0.7050  clm loss: 3.7598 total loss: 6.4829 bn loss: 0.6315 av loss: 0.8111 text loss: 0.677
2026-01-17 01:31:45,203 - MMSA [INFO] - VAL-(msalm) >>  Has0_acc_2: 0.8071  Has0_F1_score: 0.8146  Non0_acc_2: 0.8519  Non0_F1_score: 0.8527  Mult_acc_5: 0.5580  Mult_acc_7: 0.5409  MAE: 0.5236  Corr: 0.7403  Loss: 0.5224 
2026-01-17 01:36:21,356 - MMSA [INFO] - TRAIN-(msalm) [1/3/3] >> loss: 0.5377  Has0_acc_2: 0.8092  Has0_F1_score: 0.8148  Non0_acc_2: 0.8537  Non0_F1_score: 0.8537  Mult_acc_5: 0.5593  Mult_acc_7: 0.5385  MAE: 0.5377  Corr: 0.7703  clm loss: 3.6237 total loss: 6.0829 bn loss: 0.5385 av loss: 0.8012 text loss: 0.5818
2026-01-17 01:36:30,158 - MMSA [INFO] - VAL-(msalm) >>  Has0_acc_2: 0.8129  Has0_F1_score: 0.8210  Non0_acc_2: 0.8595  Non0_F1_score: 0.8609  Mult_acc_5: 0.5751  Mult_acc_7: 0.5575  MAE: 0.5057  Corr: 0.7714  Loss: 0.5052 
2026-01-17 01:41:06,029 - MMSA [INFO] - TRAIN-(msalm) [1/4/3] >> loss: 0.4996  Has0_acc_2: 0.8259  Has0_F1_score: 0.8310  Non0_acc_2: 0.8762  Non0_F1_score: 0.8762  Mult_acc_5: 0.5889  Mult_acc_7: 0.5671  MAE: 0.4993  Corr: 0.8037  clm loss: 3.534 total loss: 5.8669 bn loss: 0.5006 av loss: 0.7987 text loss: 0.5341
2026-01-17 01:41:14,814 - MMSA [INFO] - VAL-(msalm) >>  Has0_acc_2: 0.7916  Has0_F1_score: 0.8021  Non0_acc_2: 0.8533  Non0_F1_score: 0.8556  Mult_acc_5: 0.5730  Mult_acc_7: 0.5585  MAE: 0.5007  Corr: 0.7770  Loss: 0.5009 
2026-01-17 01:45:51,217 - MMSA [INFO] - TRAIN-(msalm) [1/5/3] >> loss: 0.4731  Has0_acc_2: 0.8362  Has0_F1_score: 0.8408  Non0_acc_2: 0.8855  Non0_F1_score: 0.8854  Mult_acc_5: 0.6066  Mult_acc_7: 0.5837  MAE: 0.4730  Corr: 0.8229  clm loss: 3.4783 total loss: 5.7183 bn loss: 0.4759 av loss: 0.795 text loss: 0.496
2026-01-17 01:46:00,082 - MMSA [INFO] - VAL-(msalm) >>  Has0_acc_2: 0.8268  Has0_F1_score: 0.8328  Non0_acc_2: 0.8637  Non0_F1_score: 0.8642  Mult_acc_5: 0.5826  Mult_acc_7: 0.5655  MAE: 0.4965  Corr: 0.7757  Loss: 0.4955 
2026-01-17 01:50:36,982 - MMSA [INFO] - TRAIN-(msalm) [1/6/3] >> loss: 0.4449  Has0_acc_2: 0.8429  Has0_F1_score: 0.8474  Non0_acc_2: 0.8977  Non0_F1_score: 0.8975  Mult_acc_5: 0.6312  Mult_acc_7: 0.6070  MAE: 0.4448  Corr: 0.8445  clm loss: 3.4412 total loss: 5.5944 bn loss: 0.4504 av loss: 0.7951 text loss: 0.4627
2026-01-17 01:50:45,829 - MMSA [INFO] - VAL-(msalm) >>  Has0_acc_2: 0.8402  Has0_F1_score: 0.8444  Non0_acc_2: 0.8693  Non0_F1_score: 0.8690  Mult_acc_5: 0.5847  Mult_acc_7: 0.5681  MAE: 0.4884  Corr: 0.7835  Loss: 0.4889 
2026-01-17 01:55:22,318 - MMSA [INFO] - TRAIN-(msalm) [1/7/3] >> loss: 0.4245  Has0_acc_2: 0.8448  Has0_F1_score: 0.8495  Non0_acc_2: 0.9028  Non0_F1_score: 0.9028  Mult_acc_5: 0.6509  Mult_acc_7: 0.6256  MAE: 0.4245  Corr: 0.8577  clm loss: 3.4117 total loss: 5.4899 bn loss: 0.4297 av loss: 0.7921 text loss: 0.4319
2026-01-17 01:55:31,466 - MMSA [INFO] - VAL-(msalm) >>  Has0_acc_2: 0.8322  Has0_F1_score: 0.8378  Non0_acc_2: 0.8741  Non0_F1_score: 0.8743  Mult_acc_5: 0.5804  Mult_acc_7: 0.5617  MAE: 0.5027  Corr: 0.7812  Loss: 0.5023 
2026-01-17 02:00:03,164 - MMSA [INFO] - TRAIN-(msalm) [2/8/3] >> loss: 0.3972  Has0_acc_2: 0.8512  Has0_F1_score: 0.8557  Non0_acc_2: 0.9141  Non0_F1_score: 0.9140  Mult_acc_5: 0.6708  Mult_acc_7: 0.6468  MAE: 0.3969  Corr: 0.8744  clm loss: 3.383 total loss: 5.3847 bn loss: 0.4091 av loss: 0.7914 text loss: 0.4039
2026-01-17 02:00:11,875 - MMSA [INFO] - VAL-(msalm) >>  Has0_acc_2: 0.8193  Has0_F1_score: 0.8263  Non0_acc_2: 0.8602  Non0_F1_score: 0.8612  Mult_acc_5: 0.5756  Mult_acc_7: 0.5601  MAE: 0.5021  Corr: 0.7768  Loss: 0.5029 
2026-01-17 02:04:43,455 - MMSA [INFO] - TRAIN-(msalm) [3/9/3] >> loss: 0.38  Has0_acc_2: 0.8552  Has0_F1_score: 0.8597  Non0_acc_2: 0.9235  Non0_F1_score: 0.9234  Mult_acc_5: 0.6870  Mult_acc_7: 0.6629  MAE: 0.3801  Corr: 0.8842  clm loss: 3.3572 total loss: 5.297 bn loss: 0.3906 av loss: 0.7903 text loss: 0.3789
2026-01-17 02:04:52,313 - MMSA [INFO] - VAL-(msalm) >>  Has0_acc_2: 0.8124  Has0_F1_score: 0.8200  Non0_acc_2: 0.8540  Non0_F1_score: 0.8551  Mult_acc_5: 0.5804  Mult_acc_7: 0.5644  MAE: 0.5047  Corr: 0.7767  Loss: 0.5047 
2026-01-17 02:09:23,787 - MMSA [INFO] - TRAIN-(msalm) [4/10/3] >> loss: 0.3667  Has0_acc_2: 0.8581  Has0_F1_score: 0.8626  Non0_acc_2: 0.9270  Non0_F1_score: 0.9269  Mult_acc_5: 0.6975  Mult_acc_7: 0.6728  MAE: 0.3664  Corr: 0.8928  clm loss: 3.3445 total loss: 5.2364 bn loss: 0.374 av loss: 0.7902 text loss: 0.3611
2026-01-17 02:09:32,842 - MMSA [INFO] - VAL-(msalm) >>  Has0_acc_2: 0.7958  Has0_F1_score: 0.8053  Non0_acc_2: 0.8498  Non0_F1_score: 0.8515  Mult_acc_5: 0.5799  Mult_acc_7: 0.5655  MAE: 0.5006  Corr: 0.7762  Loss: 0.5022 
2026-01-17 02:14:04,447 - MMSA [INFO] - TRAIN-(msalm) [5/11/3] >> loss: 0.3497  Has0_acc_2: 0.8610  Has0_F1_score: 0.8654  Non0_acc_2: 0.9357  Non0_F1_score: 0.9356  Mult_acc_5: 0.7116  Mult_acc_7: 0.6866  MAE: 0.3498  Corr: 0.9026  clm loss: 3.3175 total loss: 5.1529 bn loss: 0.3588 av loss: 0.7891 text loss: 0.3378
2026-01-17 02:14:13,311 - MMSA [INFO] - VAL-(msalm) >>  Has0_acc_2: 0.8065  Has0_F1_score: 0.8149  Non0_acc_2: 0.8533  Non0_F1_score: 0.8547  Mult_acc_5: 0.5820  Mult_acc_7: 0.5687  MAE: 0.5000  Corr: 0.7744  Loss: 0.5006 
2026-01-17 02:18:45,140 - MMSA [INFO] - TRAIN-(msalm) [6/12/3] >> loss: 0.3373  Has0_acc_2: 0.8641  Has0_F1_score: 0.8684  Non0_acc_2: 0.9388  Non0_F1_score: 0.9387  Mult_acc_5: 0.7263  Mult_acc_7: 0.7012  MAE: 0.3375  Corr: 0.9098  clm loss: 3.3069 total loss: 5.1028 bn loss: 0.3448 av loss: 0.788 text loss: 0.3258
2026-01-17 02:18:54,099 - MMSA [INFO] - VAL-(msalm) >>  Has0_acc_2: 0.8215  Has0_F1_score: 0.8276  Non0_acc_2: 0.8574  Non0_F1_score: 0.8578  Mult_acc_5: 0.5783  Mult_acc_7: 0.5612  MAE: 0.5027  Corr: 0.7739  Loss: 0.5042 
2026-01-17 02:23:25,435 - MMSA [INFO] - TRAIN-(msalm) [7/13/3] >> loss: 0.3219  Has0_acc_2: 0.8665  Has0_F1_score: 0.8709  Non0_acc_2: 0.9446  Non0_F1_score: 0.9446  Mult_acc_5: 0.7402  Mult_acc_7: 0.7150  MAE: 0.3221  Corr: 0.9176  clm loss: 3.2899 total loss: 5.0454 bn loss: 0.3336 av loss: 0.7883 text loss: 0.3118
2026-01-17 02:23:34,322 - MMSA [INFO] - VAL-(msalm) >>  Has0_acc_2: 0.8279  Has0_F1_score: 0.8336  Non0_acc_2: 0.8637  Non0_F1_score: 0.8640  Mult_acc_5: 0.5703  Mult_acc_7: 0.5553  MAE: 0.5062  Corr: 0.7727  Loss: 0.5055 
2026-01-17 02:28:05,644 - MMSA [INFO] - TRAIN-(msalm) [8/14/3] >> loss: 0.3101  Has0_acc_2: 0.8714  Has0_F1_score: 0.8756  Non0_acc_2: 0.9486  Non0_F1_score: 0.9486  Mult_acc_5: 0.7516  Mult_acc_7: 0.7258  MAE: 0.3100  Corr: 0.9227  clm loss: 3.2761 total loss: 5.0004 bn loss: 0.3251 av loss: 0.7877 text loss: 0.3014
2026-01-17 02:28:14,759 - MMSA [INFO] - VAL-(msalm) >>  Has0_acc_2: 0.8156  Has0_F1_score: 0.8225  Non0_acc_2: 0.8567  Non0_F1_score: 0.8574  Mult_acc_5: 0.5783  Mult_acc_7: 0.5591  MAE: 0.5062  Corr: 0.7730  Loss: 0.5039 
2026-01-17 02:32:46,038 - MMSA [INFO] - TRAIN-(msalm) [9/15/3] >> loss: 0.3064  Has0_acc_2: 0.8682  Has0_F1_score: 0.8726  Non0_acc_2: 0.9490  Non0_F1_score: 0.9490  Mult_acc_5: 0.7529  Mult_acc_7: 0.7290  MAE: 0.3057  Corr: 0.9250  clm loss: 3.2828 total loss: 4.9906 bn loss: 0.3172 av loss: 0.7871 text loss: 0.2969
2026-01-17 02:32:54,855 - MMSA [INFO] - VAL-(msalm) >>  Has0_acc_2: 0.8044  Has0_F1_score: 0.8130  Non0_acc_2: 0.8526  Non0_F1_score: 0.8542  Mult_acc_5: 0.5746  Mult_acc_7: 0.5596  MAE: 0.5044  Corr: 0.7693  Loss: 0.5050 
2026-01-17 02:37:26,050 - MMSA [INFO] - TRAIN-(msalm) [10/16/3] >> loss: 0.3024  Has0_acc_2: 0.8678  Has0_F1_score: 0.8722  Non0_acc_2: 0.9495  Non0_F1_score: 0.9494  Mult_acc_5: 0.7570  Mult_acc_7: 0.7320  MAE: 0.3024  Corr: 0.9268  clm loss: 3.272 total loss: 4.9632 bn loss: 0.3122 av loss: 0.7868 text loss: 0.2898
2026-01-17 02:37:34,869 - MMSA [INFO] - VAL-(msalm) >>  Has0_acc_2: 0.8172  Has0_F1_score: 0.8244  Non0_acc_2: 0.8616  Non0_F1_score: 0.8625  Mult_acc_5: 0.5756  Mult_acc_7: 0.5596  MAE: 0.5043  Corr: 0.7716  Loss: 0.5075 
2026-01-17 02:37:56,344 - MMSA [INFO] - TEST-(msalm) >>  Has0_acc_2: 0.8332  Has0_F1_score: 0.8373  Non0_acc_2: 0.8704  Non0_F1_score: 0.8701  Mult_acc_5: 0.5752  Mult_acc_7: 0.5566  MAE: 0.5037  Corr: 0.8027  Loss: 0.5031 
2026-01-17 02:37:58,664 - MMSA [INFO] - Result for seed 1992: {'Has0_acc_2': 0.8332, 'Has0_F1_score': 0.8373, 'Non0_acc_2': 0.8704, 'Non0_F1_score': 0.8701, 'Mult_acc_5': 0.5752, 'Mult_acc_7': 0.5566, 'MAE': 0.5037, 'Corr': 0.8027, 'Loss': 0.5031, 'seed': 1992}
2026-01-17 02:37:58,667 - MMSA [INFO] - ------------------------------ Running with seed 1993 [4/5] ------------------------------
2026-01-17 02:49:51,201 - MMSA [INFO] - The model has 914780556 trainable parameters
2026-01-17 02:54:22,650 - MMSA [INFO] - TRAIN-(msalm) [1/1/4] >> loss: 0.8682  Has0_acc_2: 0.5319  Has0_F1_score: 0.5381  Non0_acc_2: 0.5955  Non0_F1_score: 0.5907  Mult_acc_5: 0.3798  Mult_acc_7: 0.3756  MAE: 0.8682  Corr: 0.4115  clm loss: 4.2284 total loss: 7.8008 bn loss: 0.8426 av loss: 0.9235 text loss: 0.938
2026-01-17 02:54:31,497 - MMSA [INFO] - VAL-(msalm) >>  Has0_acc_2: 0.6633  Has0_F1_score: 0.6802  Non0_acc_2: 0.7448  Non0_F1_score: 0.7498  Mult_acc_5: 0.4484  Mult_acc_7: 0.4329  MAE: 0.7156  Corr: 0.6215  Loss: 0.7159 
2026-01-17 02:59:07,013 - MMSA [INFO] - TRAIN-(msalm) [1/2/4] >> loss: 0.6364  Has0_acc_2: 0.7234  Has0_F1_score: 0.7361  Non0_acc_2: 0.7919  Non0_F1_score: 0.7954  Mult_acc_5: 0.4994  Mult_acc_7: 0.4841  MAE: 0.6366  Corr: 0.7019  clm loss: 3.7521 total loss: 6.508 bn loss: 0.6221 av loss: 0.8174 text loss: 0.68
2026-01-17 02:59:15,874 - MMSA [INFO] - VAL-(msalm) >>  Has0_acc_2: 0.7520  Has0_F1_score: 0.7655  Non0_acc_2: 0.8234  Non0_F1_score: 0.8267  Mult_acc_5: 0.5436  Mult_acc_7: 0.5318  MAE: 0.5389  Corr: 0.7514  Loss: 0.5385 
2026-01-17 03:03:51,674 - MMSA [INFO] - TRAIN-(msalm) [1/3/4] >> loss: 0.5435  Has0_acc_2: 0.7931  Has0_F1_score: 0.8009  Non0_acc_2: 0.8483  Non0_F1_score: 0.8494  Mult_acc_5: 0.5534  Mult_acc_7: 0.5348  MAE: 0.5432  Corr: 0.7700  clm loss: 3.6059 total loss: 6.0684 bn loss: 0.5326 av loss: 0.8007 text loss: 0.5856
2026-01-17 03:04:00,491 - MMSA [INFO] - VAL-(msalm) >>  Has0_acc_2: 0.8327  Has0_F1_score: 0.8369  Non0_acc_2: 0.8679  Non0_F1_score: 0.8670  Mult_acc_5: 0.5778  Mult_acc_7: 0.5617  MAE: 0.4963  Corr: 0.7732  Loss: 0.4963 
2026-01-17 03:08:36,215 - MMSA [INFO] - TRAIN-(msalm) [1/4/4] >> loss: 0.5016  Has0_acc_2: 0.8212  Has0_F1_score: 0.8269  Non0_acc_2: 0.8713  Non0_F1_score: 0.8715  Mult_acc_5: 0.5896  Mult_acc_7: 0.5684  MAE: 0.5012  Corr: 0.8030  clm loss: 3.5286 total loss: 5.8623 bn loss: 0.5013 av loss: 0.7964 text loss: 0.5344
2026-01-17 03:08:45,182 - MMSA [INFO] - VAL-(msalm) >>  Has0_acc_2: 0.8220  Has0_F1_score: 0.8281  Non0_acc_2: 0.8581  Non0_F1_score: 0.8586  Mult_acc_5: 0.5767  Mult_acc_7: 0.5623  MAE: 0.4955  Corr: 0.7826  Loss: 0.4966 
2026-01-17 03:13:15,916 - MMSA [INFO] - TRAIN-(msalm) [2/5/4] >> loss: 0.4734  Has0_acc_2: 0.8278  Has0_F1_score: 0.8330  Non0_acc_2: 0.8808  Non0_F1_score: 0.8807  Mult_acc_5: 0.6138  Mult_acc_7: 0.5910  MAE: 0.4733  Corr: 0.8213  clm loss: 3.4919 total loss: 5.7314 bn loss: 0.4757 av loss: 0.7938 text loss: 0.4966
2026-01-17 03:13:24,736 - MMSA [INFO] - VAL-(msalm) >>  Has0_acc_2: 0.8151  Has0_F1_score: 0.8214  Non0_acc_2: 0.8588  Non0_F1_score: 0.8588  Mult_acc_5: 0.5788  Mult_acc_7: 0.5633  MAE: 0.4904  Corr: 0.7815  Loss: 0.4922 
2026-01-17 03:18:00,697 - MMSA [INFO] - TRAIN-(msalm) [1/6/4] >> loss: 0.4477  Has0_acc_2: 0.8366  Has0_F1_score: 0.8416  Non0_acc_2: 0.8932  Non0_F1_score: 0.8932  Mult_acc_5: 0.6290  Mult_acc_7: 0.6054  MAE: 0.4474  Corr: 0.8423  clm loss: 3.4436 total loss: 5.6065 bn loss: 0.4565 av loss: 0.7925 text loss: 0.4661
2026-01-17 03:18:09,486 - MMSA [INFO] - VAL-(msalm) >>  Has0_acc_2: 0.8236  Has0_F1_score: 0.8289  Non0_acc_2: 0.8567  Non0_F1_score: 0.8566  Mult_acc_5: 0.5788  Mult_acc_7: 0.5649  MAE: 0.4897  Corr: 0.7835  Loss: 0.4894 
2026-01-17 03:22:45,231 - MMSA [INFO] - TRAIN-(msalm) [1/7/4] >> loss: 0.4246  Has0_acc_2: 0.8395  Has0_F1_score: 0.8447  Non0_acc_2: 0.9008  Non0_F1_score: 0.9009  Mult_acc_5: 0.6505  Mult_acc_7: 0.6260  MAE: 0.4245  Corr: 0.8593  clm loss: 3.4026 total loss: 5.479 bn loss: 0.4265 av loss: 0.7924 text loss: 0.4329
2026-01-17 03:22:54,025 - MMSA [INFO] - VAL-(msalm) >>  Has0_acc_2: 0.8001  Has0_F1_score: 0.8084  Non0_acc_2: 0.8470  Non0_F1_score: 0.8481  Mult_acc_5: 0.5863  Mult_acc_7: 0.5730  MAE: 0.4943  Corr: 0.7772  Loss: 0.4934 
2026-01-17 03:27:24,724 - MMSA [INFO] - TRAIN-(msalm) [2/8/4] >> loss: 0.4003  Has0_acc_2: 0.8524  Has0_F1_score: 0.8570  Non0_acc_2: 0.9165  Non0_F1_score: 0.9164  Mult_acc_5: 0.6683  Mult_acc_7: 0.6425  MAE: 0.4005  Corr: 0.8731  clm loss: 3.3832 total loss: 5.3929 bn loss: 0.413 av loss: 0.7896 text loss: 0.4068
2026-01-17 03:27:33,507 - MMSA [INFO] - VAL-(msalm) >>  Has0_acc_2: 0.8348  Has0_F1_score: 0.8387  Non0_acc_2: 0.8630  Non0_F1_score: 0.8622  Mult_acc_5: 0.5708  Mult_acc_7: 0.5548  MAE: 0.4991  Corr: 0.7793  Loss: 0.4977 
2026-01-17 03:32:04,853 - MMSA [INFO] - TRAIN-(msalm) [3/9/4] >> loss: 0.3802  Has0_acc_2: 0.8587  Has0_F1_score: 0.8629  Non0_acc_2: 0.9214  Non0_F1_score: 0.9213  Mult_acc_5: 0.6871  Mult_acc_7: 0.6624  MAE: 0.3799  Corr: 0.8850  clm loss: 3.3554 total loss: 5.3007 bn loss: 0.3919 av loss: 0.7896 text loss: 0.3836
2026-01-17 03:32:13,710 - MMSA [INFO] - VAL-(msalm) >>  Has0_acc_2: 0.8097  Has0_F1_score: 0.8167  Non0_acc_2: 0.8547  Non0_F1_score: 0.8549  Mult_acc_5: 0.5852  Mult_acc_7: 0.5703  MAE: 0.4965  Corr: 0.7785  Loss: 0.4967 
2026-01-17 03:36:44,556 - MMSA [INFO] - TRAIN-(msalm) [4/10/4] >> loss: 0.3646  Has0_acc_2: 0.8540  Has0_F1_score: 0.8589  Non0_acc_2: 0.9273  Non0_F1_score: 0.9274  Mult_acc_5: 0.6978  Mult_acc_7: 0.6730  MAE: 0.3646  Corr: 0.8955  clm loss: 3.321 total loss: 5.2045 bn loss: 0.3734 av loss: 0.7891 text loss: 0.3563
2026-01-17 03:36:53,306 - MMSA [INFO] - VAL-(msalm) >>  Has0_acc_2: 0.8226  Has0_F1_score: 0.8285  Non0_acc_2: 0.8588  Non0_F1_score: 0.8592  Mult_acc_5: 0.5799  Mult_acc_7: 0.5633  MAE: 0.4973  Corr: 0.7773  Loss: 0.4964 
2026-01-17 03:41:24,239 - MMSA [INFO] - TRAIN-(msalm) [5/11/4] >> loss: 0.3471  Has0_acc_2: 0.8638  Has0_F1_score: 0.8682  Non0_acc_2: 0.9366  Non0_F1_score: 0.9366  Mult_acc_5: 0.7122  Mult_acc_7: 0.6879  MAE: 0.3473  Corr: 0.9045  clm loss: 3.3133 total loss: 5.1485 bn loss: 0.3589 av loss: 0.7873 text loss: 0.3419
2026-01-17 03:41:33,024 - MMSA [INFO] - VAL-(msalm) >>  Has0_acc_2: 0.8113  Has0_F1_score: 0.8173  Non0_acc_2: 0.8484  Non0_F1_score: 0.8482  Mult_acc_5: 0.5799  Mult_acc_7: 0.5639  MAE: 0.5031  Corr: 0.7725  Loss: 0.5025 
2026-01-17 03:46:03,765 - MMSA [INFO] - TRAIN-(msalm) [6/12/4] >> loss: 0.3394  Has0_acc_2: 0.8620  Has0_F1_score: 0.8666  Non0_acc_2: 0.9361  Non0_F1_score: 0.9362  Mult_acc_5: 0.7185  Mult_acc_7: 0.6930  MAE: 0.3393  Corr: 0.9095  clm loss: 3.3035 total loss: 5.109 bn loss: 0.3485 av loss: 0.7872 text loss: 0.3305
2026-01-17 03:46:12,583 - MMSA [INFO] - VAL-(msalm) >>  Has0_acc_2: 0.8204  Has0_F1_score: 0.8254  Non0_acc_2: 0.8512  Non0_F1_score: 0.8507  Mult_acc_5: 0.5799  Mult_acc_7: 0.5639  MAE: 0.5037  Corr: 0.7727  Loss: 0.5026 
2026-01-17 03:50:43,636 - MMSA [INFO] - TRAIN-(msalm) [7/13/4] >> loss: 0.3284  Has0_acc_2: 0.8643  Has0_F1_score: 0.8688  Non0_acc_2: 0.9400  Non0_F1_score: 0.9400  Mult_acc_5: 0.7323  Mult_acc_7: 0.7070  MAE: 0.3284  Corr: 0.9143  clm loss: 3.2868 total loss: 5.0473 bn loss: 0.3335 av loss: 0.7864 text loss: 0.3122
2026-01-17 03:50:52,421 - MMSA [INFO] - VAL-(msalm) >>  Has0_acc_2: 0.8108  Has0_F1_score: 0.8172  Non0_acc_2: 0.8484  Non0_F1_score: 0.8485  Mult_acc_5: 0.5778  Mult_acc_7: 0.5607  MAE: 0.5050  Corr: 0.7743  Loss: 0.5048 
2026-01-17 03:55:23,330 - MMSA [INFO] - TRAIN-(msalm) [8/14/4] >> loss: 0.3122  Has0_acc_2: 0.8667  Has0_F1_score: 0.8711  Non0_acc_2: 0.9467  Non0_F1_score: 0.9467  Mult_acc_5: 0.7476  Mult_acc_7: 0.7219  MAE: 0.3122  Corr: 0.9227  clm loss: 3.2653 total loss: 4.9822 bn loss: 0.321 av loss: 0.7861 text loss: 0.2975
2026-01-17 03:55:32,147 - MMSA [INFO] - VAL-(msalm) >>  Has0_acc_2: 0.8049  Has0_F1_score: 0.8126  Non0_acc_2: 0.8484  Non0_F1_score: 0.8492  Mult_acc_5: 0.5799  Mult_acc_7: 0.5655  MAE: 0.5003  Corr: 0.7700  Loss: 0.5002 
2026-01-17 04:00:03,750 - MMSA [INFO] - TRAIN-(msalm) [9/15/4] >> loss: 0.3133  Has0_acc_2: 0.8646  Has0_F1_score: 0.8692  Non0_acc_2: 0.9463  Non0_F1_score: 0.9464  Mult_acc_5: 0.7393  Mult_acc_7: 0.7141  MAE: 0.3131  Corr: 0.9212  clm loss: 3.2746 total loss: 4.9883 bn loss: 0.3181 av loss: 0.7855 text loss: 0.2967
2026-01-17 04:00:12,541 - MMSA [INFO] - VAL-(msalm) >>  Has0_acc_2: 0.8065  Has0_F1_score: 0.8141  Non0_acc_2: 0.8484  Non0_F1_score: 0.8493  Mult_acc_5: 0.5778  Mult_acc_7: 0.5633  MAE: 0.5039  Corr: 0.7735  Loss: 0.5038 
2026-01-17 04:04:43,640 - MMSA [INFO] - TRAIN-(msalm) [10/16/4] >> loss: 0.3021  Has0_acc_2: 0.8711  Has0_F1_score: 0.8754  Non0_acc_2: 0.9511  Non0_F1_score: 0.9511  Mult_acc_5: 0.7547  Mult_acc_7: 0.7290  MAE: 0.3017  Corr: 0.9279  clm loss: 3.2654 total loss: 4.9512 bn loss: 0.3103 av loss: 0.7867 text loss: 0.2867
2026-01-17 04:04:52,689 - MMSA [INFO] - VAL-(msalm) >>  Has0_acc_2: 0.8242  Has0_F1_score: 0.8281  Non0_acc_2: 0.8505  Non0_F1_score: 0.8493  Mult_acc_5: 0.5671  Mult_acc_7: 0.5505  MAE: 0.5066  Corr: 0.7736  Loss: 0.5079 
2026-01-17 04:05:13,727 - MMSA [INFO] - TEST-(msalm) >>  Has0_acc_2: 0.8210  Has0_F1_score: 0.8264  Non0_acc_2: 0.8643  Non0_F1_score: 0.8645  Mult_acc_5: 0.5733  Mult_acc_7: 0.5525  MAE: 0.5091  Corr: 0.8000  Loss: 0.5091 
2026-01-17 04:05:16,166 - MMSA [INFO] - Result for seed 1993: {'Has0_acc_2': 0.821, 'Has0_F1_score': 0.8264, 'Non0_acc_2': 0.8643, 'Non0_F1_score': 0.8645, 'Mult_acc_5': 0.5733, 'Mult_acc_7': 0.5525, 'MAE': 0.5091, 'Corr': 0.8, 'Loss': 0.5091, 'seed': 1993}
2026-01-17 04:05:16,167 - MMSA [INFO] - ------------------------------ Running with seed 1994 [5/5] ------------------------------
2026-01-17 04:17:28,981 - MMSA [INFO] - The model has 914780556 trainable parameters
2026-01-17 04:22:00,068 - MMSA [INFO] - TRAIN-(msalm) [1/1/5] >> loss: 0.8125  Has0_acc_2: 0.6172  Has0_F1_score: 0.6347  Non0_acc_2: 0.6408  Non0_F1_score: 0.6465  Mult_acc_5: 0.4098  Mult_acc_7: 0.4083  MAE: 0.8128  Corr: 0.3657  clm loss: 4.2386 total loss: 7.6163 bn loss: 0.8627 av loss: 0.8367 text loss: 0.8658
2026-01-17 04:22:08,718 - MMSA [INFO] - VAL-(msalm) >>  Has0_acc_2: 0.7654  Has0_F1_score: 0.7751  Non0_acc_2: 0.8060  Non0_F1_score: 0.8071  Mult_acc_5: 0.4746  Mult_acc_7: 0.4618  MAE: 0.6346  Corr: 0.6234  Loss: 0.6340 
2026-01-17 04:26:43,877 - MMSA [INFO] - TRAIN-(msalm) [1/2/5] >> loss: 0.6022  Has0_acc_2: 0.7758  Has0_F1_score: 0.7840  Non0_acc_2: 0.8214  Non0_F1_score: 0.8224  Mult_acc_5: 0.5116  Mult_acc_7: 0.4977  MAE: 0.6023  Corr: 0.7058  clm loss: 3.7599 total loss: 6.4775 bn loss: 0.6287 av loss: 0.8041 text loss: 0.6826
2026-01-17 04:26:52,548 - MMSA [INFO] - VAL-(msalm) >>  Has0_acc_2: 0.8049  Has0_F1_score: 0.8134  Non0_acc_2: 0.8554  Non0_F1_score: 0.8567  Mult_acc_5: 0.5478  Mult_acc_7: 0.5361  MAE: 0.5258  Corr: 0.7465  Loss: 0.5243 
2026-01-17 04:31:28,570 - MMSA [INFO] - TRAIN-(msalm) [1/3/5] >> loss: 0.5339  Has0_acc_2: 0.8146  Has0_F1_score: 0.8199  Non0_acc_2: 0.8584  Non0_F1_score: 0.8583  Mult_acc_5: 0.5584  Mult_acc_7: 0.5381  MAE: 0.5330  Corr: 0.7750  clm loss: 3.6083 total loss: 6.0635 bn loss: 0.5349 av loss: 0.7994 text loss: 0.587
2026-01-17 04:31:37,349 - MMSA [INFO] - VAL-(msalm) >>  Has0_acc_2: 0.8391  Has0_F1_score: 0.8428  Non0_acc_2: 0.8672  Non0_F1_score: 0.8664  Mult_acc_5: 0.5804  Mult_acc_7: 0.5655  MAE: 0.5007  Corr: 0.7684  Loss: 0.5010 
2026-01-17 04:36:13,366 - MMSA [INFO] - TRAIN-(msalm) [1/4/5] >> loss: 0.4985  Has0_acc_2: 0.8264  Has0_F1_score: 0.8312  Non0_acc_2: 0.8734  Non0_F1_score: 0.8731  Mult_acc_5: 0.5908  Mult_acc_7: 0.5685  MAE: 0.4982  Corr: 0.8034  clm loss: 3.5398 total loss: 5.8773 bn loss: 0.5007 av loss: 0.7958 text loss: 0.5426
2026-01-17 04:36:22,652 - MMSA [INFO] - VAL-(msalm) >>  Has0_acc_2: 0.8402  Has0_F1_score: 0.8442  Non0_acc_2: 0.8713  Non0_F1_score: 0.8708  Mult_acc_5: 0.5687  Mult_acc_7: 0.5548  MAE: 0.4912  Corr: 0.7772  Loss: 0.4903 
2026-01-17 04:40:58,930 - MMSA [INFO] - TRAIN-(msalm) [1/5/5] >> loss: 0.4681  Has0_acc_2: 0.8327  Has0_F1_score: 0.8376  Non0_acc_2: 0.8870  Non0_F1_score: 0.8869  Mult_acc_5: 0.6132  Mult_acc_7: 0.5891  MAE: 0.4684  Corr: 0.8273  clm loss: 3.481 total loss: 5.7087 bn loss: 0.4702 av loss: 0.7932 text loss: 0.4962
2026-01-17 04:41:07,710 - MMSA [INFO] - VAL-(msalm) >>  Has0_acc_2: 0.8418  Has0_F1_score: 0.8455  Non0_acc_2: 0.8727  Non0_F1_score: 0.8720  Mult_acc_5: 0.5794  Mult_acc_7: 0.5644  MAE: 0.4939  Corr: 0.7750  Loss: 0.4945 
2026-01-17 04:45:38,655 - MMSA [INFO] - TRAIN-(msalm) [2/6/5] >> loss: 0.4442  Has0_acc_2: 0.8423  Has0_F1_score: 0.8467  Non0_acc_2: 0.8962  Non0_F1_score: 0.8959  Mult_acc_5: 0.6321  Mult_acc_7: 0.6096  MAE: 0.4439  Corr: 0.8432  clm loss: 3.4418 total loss: 5.5935 bn loss: 0.4515 av loss: 0.7915 text loss: 0.4645
2026-01-17 04:45:47,340 - MMSA [INFO] - VAL-(msalm) >>  Has0_acc_2: 0.8188  Has0_F1_score: 0.8251  Non0_acc_2: 0.8561  Non0_F1_score: 0.8565  Mult_acc_5: 0.5756  Mult_acc_7: 0.5601  MAE: 0.4939  Corr: 0.7771  Loss: 0.4943 
2026-01-17 04:50:18,140 - MMSA [INFO] - TRAIN-(msalm) [3/7/5] >> loss: 0.4224  Has0_acc_2: 0.8433  Has0_F1_score: 0.8482  Non0_acc_2: 0.9045  Non0_F1_score: 0.9046  Mult_acc_5: 0.6523  Mult_acc_7: 0.6280  MAE: 0.4221  Corr: 0.8592  clm loss: 3.4112 total loss: 5.489 bn loss: 0.429 av loss: 0.7911 text loss: 0.4354
2026-01-17 04:50:27,394 - MMSA [INFO] - VAL-(msalm) >>  Has0_acc_2: 0.8322  Has0_F1_score: 0.8362  Non0_acc_2: 0.8637  Non0_F1_score: 0.8628  Mult_acc_5: 0.5708  Mult_acc_7: 0.5564  MAE: 0.5016  Corr: 0.7745  Loss: 0.5005 
2026-01-17 04:54:57,805 - MMSA [INFO] - TRAIN-(msalm) [4/8/5] >> loss: 0.3987  Has0_acc_2: 0.8535  Has0_F1_score: 0.8576  Non0_acc_2: 0.9108  Non0_F1_score: 0.9106  Mult_acc_5: 0.6703  Mult_acc_7: 0.6466  MAE: 0.3983  Corr: 0.8745  clm loss: 3.3727 total loss: 5.3688 bn loss: 0.4027 av loss: 0.7899 text loss: 0.4048
2026-01-17 04:55:06,550 - MMSA [INFO] - VAL-(msalm) >>  Has0_acc_2: 0.8461  Has0_F1_score: 0.8460  Non0_acc_2: 0.8581  Non0_F1_score: 0.8547  Mult_acc_5: 0.5665  Mult_acc_7: 0.5494  MAE: 0.5165  Corr: 0.7692  Loss: 0.5167 
2026-01-17 04:59:38,121 - MMSA [INFO] - TRAIN-(msalm) [5/9/5] >> loss: 0.3802  Has0_acc_2: 0.8553  Has0_F1_score: 0.8598  Non0_acc_2: 0.9209  Non0_F1_score: 0.9209  Mult_acc_5: 0.6910  Mult_acc_7: 0.6641  MAE: 0.3803  Corr: 0.8850  clm loss: 3.362 total loss: 5.3087 bn loss: 0.3906 av loss: 0.7895 text loss: 0.3865
2026-01-17 04:59:46,885 - MMSA [INFO] - VAL-(msalm) >>  Has0_acc_2: 0.8300  Has0_F1_score: 0.8352  Non0_acc_2: 0.8665  Non0_F1_score: 0.8664  Mult_acc_5: 0.5623  Mult_acc_7: 0.5441  MAE: 0.5070  Corr: 0.7702  Loss: 0.5065 
2026-01-17 05:04:18,158 - MMSA [INFO] - TRAIN-(msalm) [6/10/5] >> loss: 0.3629  Has0_acc_2: 0.8592  Has0_F1_score: 0.8635  Non0_acc_2: 0.9252  Non0_F1_score: 0.9251  Mult_acc_5: 0.7031  Mult_acc_7: 0.6785  MAE: 0.3626  Corr: 0.8950  clm loss: 3.3405 total loss: 5.2333 bn loss: 0.3741 av loss: 0.7878 text loss: 0.368
2026-01-17 05:04:26,898 - MMSA [INFO] - VAL-(msalm) >>  Has0_acc_2: 0.7793  Has0_F1_score: 0.7904  Non0_acc_2: 0.8449  Non0_F1_score: 0.8472  Mult_acc_5: 0.5730  Mult_acc_7: 0.5596  MAE: 0.5076  Corr: 0.7752  Loss: 0.5074 
2026-01-17 05:08:58,381 - MMSA [INFO] - TRAIN-(msalm) [7/11/5] >> loss: 0.3424  Has0_acc_2: 0.8604  Has0_F1_score: 0.8650  Non0_acc_2: 0.9355  Non0_F1_score: 0.9355  Mult_acc_5: 0.7202  Mult_acc_7: 0.6964  MAE: 0.3422  Corr: 0.9062  clm loss: 3.3112 total loss: 5.1476 bn loss: 0.3591 av loss: 0.7874 text loss: 0.3475
2026-01-17 05:09:07,054 - MMSA [INFO] - VAL-(msalm) >>  Has0_acc_2: 0.8252  Has0_F1_score: 0.8306  Non0_acc_2: 0.8609  Non0_F1_score: 0.8609  Mult_acc_5: 0.5724  Mult_acc_7: 0.5569  MAE: 0.5005  Corr: 0.7716  Loss: 0.5010 
2026-01-17 05:13:38,654 - MMSA [INFO] - TRAIN-(msalm) [8/12/5] >> loss: 0.3296  Has0_acc_2: 0.8657  Has0_F1_score: 0.8701  Non0_acc_2: 0.9417  Non0_F1_score: 0.9417  Mult_acc_5: 0.7306  Mult_acc_7: 0.7062  MAE: 0.3295  Corr: 0.9118  clm loss: 3.3028 total loss: 5.0958 bn loss: 0.3454 av loss: 0.7876 text loss: 0.3304
2026-01-17 05:13:47,413 - MMSA [INFO] - VAL-(msalm) >>  Has0_acc_2: 0.7894  Has0_F1_score: 0.7997  Non0_acc_2: 0.8428  Non0_F1_score: 0.8452  Mult_acc_5: 0.5665  Mult_acc_7: 0.5510  MAE: 0.5074  Corr: 0.7727  Loss: 0.5079 
2026-01-17 05:18:18,993 - MMSA [INFO] - TRAIN-(msalm) [9/13/5] >> loss: 0.3219  Has0_acc_2: 0.8659  Has0_F1_score: 0.8703  Non0_acc_2: 0.9420  Non0_F1_score: 0.9420  Mult_acc_5: 0.7378  Mult_acc_7: 0.7107  MAE: 0.3216  Corr: 0.9189  clm loss: 3.292 total loss: 5.0493 bn loss: 0.3324 av loss: 0.7871 text loss: 0.3159
2026-01-17 05:18:27,690 - MMSA [INFO] - VAL-(msalm) >>  Has0_acc_2: 0.8012  Has0_F1_score: 0.8098  Non0_acc_2: 0.8498  Non0_F1_score: 0.8512  Mult_acc_5: 0.5633  Mult_acc_7: 0.5494  MAE: 0.5036  Corr: 0.7709  Loss: 0.5046 
2026-01-17 05:22:58,568 - MMSA [INFO] - TRAIN-(msalm) [10/14/5] >> loss: 0.312  Has0_acc_2: 0.8693  Has0_F1_score: 0.8736  Non0_acc_2: 0.9481  Non0_F1_score: 0.9481  Mult_acc_5: 0.7486  Mult_acc_7: 0.7234  MAE: 0.3120  Corr: 0.9230  clm loss: 3.2736 total loss: 4.9968 bn loss: 0.3211 av loss: 0.7864 text loss: 0.3037
2026-01-17 05:23:07,550 - MMSA [INFO] - VAL-(msalm) >>  Has0_acc_2: 0.8113  Has0_F1_score: 0.8188  Non0_acc_2: 0.8574  Non0_F1_score: 0.8583  Mult_acc_5: 0.5708  Mult_acc_7: 0.5569  MAE: 0.5001  Corr: 0.7728  Loss: 0.5021 
2026-01-17 05:23:28,556 - MMSA [INFO] - TEST-(msalm) >>  Has0_acc_2: 0.8337  Has0_F1_score: 0.8378  Non0_acc_2: 0.8745  Non0_F1_score: 0.8742  Mult_acc_5: 0.5705  Mult_acc_7: 0.5518  MAE: 0.5052  Corr: 0.7998  Loss: 0.5058 
2026-01-17 05:23:30,658 - MMSA [INFO] - Result for seed 1994: {'Has0_acc_2': 0.8337, 'Has0_F1_score': 0.8378, 'Non0_acc_2': 0.8745, 'Non0_F1_score': 0.8742, 'Mult_acc_5': 0.5705, 'Mult_acc_7': 0.5518, 'MAE': 0.5052, 'Corr': 0.7998, 'Loss': 0.5058, 'seed': 1994}
2026-01-17 05:23:30,757 - MMSA [INFO] - Results saved to MMSA/results/mosei/nf12_k1_0002/thesis-mosei-nf12-k1-02/normal/mosei_avg.csv.
