2026-01-17 16:39:50,179 - MMSA [INFO] - ======================================== Program Start ========================================
2026-01-17 16:39:50,254 - MMSA [INFO] - Running with args:
2026-01-17 16:39:50,254 - MMSA [INFO] - {'model_name': 'msalm', 'dataset_name': 'mosei', 'featurePath': '/leonardo_work/EUHPC_A04_051/alexfil/MSA-Datasets/CMU-MOSEI/Processed/unaligned_50.pkl', 'seq_lens': [50, 500, 375], 'feature_dims': [768, 74, 35], 'train_samples': 16326, 'num_classes': 3, 'language': 'en', 'KeyEval': 'Loss', 'missing_rate': [0.0, 0.0, 0.0], 'missing_seed': [1111, 1111, 1111], 'need_data_aligned': False, 'need_model_aligned': False, 'early_stop': 10, 'use_bert': False, 'use_bert_finetune': False, 'attn_mask': True, 'excludeZero': True, 'update_epochs': 8, 'use_augmentation': False, 'use_m3xup': False, 'hfPath': False, 'use_ulgm': False, 'update_labels_patience': 1, 'H': 3.0, 'del_model': True, 'max_token_len': 50, 'pad_token': '<|endoftext|>', 'lm': '/leonardo_work/EUHPC_A04_051/alexfil/gpt2-large', 'use_bf16': False, 'task_out': 1, 'use_clm': True, 'gamma': 1.0, 'l_bn': 1.0, 'l_av': 1.0, 'l_t': 1.0, 'warmup_epochs': 1, 'max_epochs': 20, 'beta_1': 0.9, 'beta_2': 0.95, 'use_lnorm': True, 'rescale': False, 'rescaler': 'sqrt', 'use_seqaug': True, 'n_bn_fusion': 14, 'modded_loss': True, 'embedding_attr_name': 'transformer.wte', 'decoder_layers_attr_name': 'transformer.h', 'mmgpt': {'type': 'gpt2', 'd_out': 64, 'combine': True, 'dropout': 0.1, 'mm_layer': [7, 14, 21, 28, 35], 'top_k': 3, 'layer_dropout': 0.0, 'dense': True, 'tie_ffn': True, 'n_embd': 1280, 'bias': True, 'kv_dim': 30, 'n_head': 16, 'd_mm': 1280, 'gating': 'sigmoid', 'init_gate': [0.0, 0.0, 0.0, 0.0, 0.0, 0.0, 0.0, 0.0, 0.0, 0.0], 'use_softperm': True, 'p_perm': 0.3, 'p_apply': 0.25, 'use_lora': False, 'lora': {'lora_alpha': 128, 'r': 64, 'lora_dropout': 0.05}}, 'av_enc': {'finetune': True, 'from_pretrained': True, 'path_to_pretrained': '/leonardo_work/EUHPC_A04_051/alexfil/DeepMLF-Reprod/checkpoints/bienc-mosei-1990/bienc-mosei-1990.pth', 'feature_dims': [768, 74, 35], 'd_enc': 30, 'n_embd': 30, 'n_head': 6, 'nlevels': 3, 'd_enc_out': 30, 'maxlen': 50, 'p_mask': 0.15, 'enc_attn_dropout': 0.1, 'enc_res_dropout': 0.1, 'enc_dropout': 0.1, 'use_softperm': True, 'p_perm': 0.2, 'mask_perm_ratio': 0.5, 'tf_fusion': False, 'use_bn': False, 'use_ln': False}, 'gpt': {'vocab_size': 50257, 'block_size': 1024, 'bias': True, 'n_embd': 1024, 'n_layer': 24, 'n_head': 16, 'dropout': 0.0}, 'batch_size': 32, 'grad_clip': 5.0, 'patience': 10, 'weight_decay_mmgpt': 0.1, 'weight_decay_av': 0.1, 'learning_rate_av': 0.0002, 'learning_rate_mmgpt': 0.0002, 'device': device(type='cuda', index=0), 'train_mode': 'regression', 'custom_feature': None, 'feature_T': '', 'feature_A': '', 'feature_V': ''}
2026-01-17 16:39:50,254 - MMSA [INFO] - Seeds: [1990, 1991, 1992, 1993, 1994]
2026-01-17 16:39:50,255 - MMSA [INFO] - ------------------------------ Running with seed 1990 [1/5] ------------------------------
2026-01-17 16:51:49,371 - MMSA [INFO] - The model has 914783116 trainable parameters
2026-01-17 16:56:48,784 - MMSA [INFO] - TRAIN-(msalm) [1/1/1] >> loss: 0.7499  Has0_acc_2: 0.7140  Has0_F1_score: 0.7183  Non0_acc_2: 0.7233  Non0_F1_score: 0.7190  Mult_acc_5: 0.4326  Mult_acc_7: 0.4291  MAE: 0.7502  Corr: 0.4782  clm loss: 4.1773 total loss: 7.4754 bn loss: 0.8236 av loss: 0.8806 text loss: 0.844
2026-01-17 16:56:57,910 - MMSA [INFO] - VAL-(msalm) >>  Has0_acc_2: 0.7926  Has0_F1_score: 0.8005  Non0_acc_2: 0.8331  Non0_F1_score: 0.8337  Mult_acc_5: 0.5249  Mult_acc_7: 0.5136  MAE: 0.5673  Corr: 0.6935  Loss: 0.5683 
2026-01-17 17:02:00,066 - MMSA [INFO] - TRAIN-(msalm) [1/2/1] >> loss: 0.5673  Has0_acc_2: 0.8009  Has0_F1_score: 0.8063  Non0_acc_2: 0.8408  Non0_F1_score: 0.8404  Mult_acc_5: 0.5391  Mult_acc_7: 0.5210  MAE: 0.5670  Corr: 0.7432  clm loss: 3.6711 total loss: 6.2307 bn loss: 0.5727 av loss: 0.8047 text loss: 0.6149
2026-01-17 17:02:08,930 - MMSA [INFO] - VAL-(msalm) >>  Has0_acc_2: 0.8284  Has0_F1_score: 0.8333  Non0_acc_2: 0.8700  Non0_F1_score: 0.8693  Mult_acc_5: 0.5697  Mult_acc_7: 0.5569  MAE: 0.5047  Corr: 0.7684  Loss: 0.5038 
2026-01-17 17:07:12,103 - MMSA [INFO] - TRAIN-(msalm) [1/3/1] >> loss: 0.5068  Has0_acc_2: 0.8219  Has0_F1_score: 0.8268  Non0_acc_2: 0.8683  Non0_F1_score: 0.8680  Mult_acc_5: 0.5833  Mult_acc_7: 0.5615  MAE: 0.5069  Corr: 0.7930  clm loss: 3.524 total loss: 5.8716 bn loss: 0.5125 av loss: 0.7949 text loss: 0.5334
2026-01-17 17:07:21,001 - MMSA [INFO] - VAL-(msalm) >>  Has0_acc_2: 0.8332  Has0_F1_score: 0.8374  Non0_acc_2: 0.8693  Non0_F1_score: 0.8684  Mult_acc_5: 0.5714  Mult_acc_7: 0.5559  MAE: 0.5041  Corr: 0.7668  Loss: 0.5042 
2026-01-17 17:12:18,759 - MMSA [INFO] - TRAIN-(msalm) [2/4/1] >> loss: 0.4653  Has0_acc_2: 0.8404  Has0_F1_score: 0.8445  Non0_acc_2: 0.8892  Non0_F1_score: 0.8888  Mult_acc_5: 0.6185  Mult_acc_7: 0.5953  MAE: 0.4655  Corr: 0.8279  clm loss: 3.4481 total loss: 5.6525 bn loss: 0.4706 av loss: 0.7915 text loss: 0.4769
2026-01-17 17:12:27,680 - MMSA [INFO] - VAL-(msalm) >>  Has0_acc_2: 0.8129  Has0_F1_score: 0.8195  Non0_acc_2: 0.8574  Non0_F1_score: 0.8575  Mult_acc_5: 0.5847  Mult_acc_7: 0.5703  MAE: 0.4965  Corr: 0.7738  Loss: 0.4961 
2026-01-17 17:17:30,692 - MMSA [INFO] - TRAIN-(msalm) [1/5/1] >> loss: 0.4233  Has0_acc_2: 0.8482  Has0_F1_score: 0.8525  Non0_acc_2: 0.9058  Non0_F1_score: 0.9056  Mult_acc_5: 0.6475  Mult_acc_7: 0.6221  MAE: 0.4234  Corr: 0.8593  clm loss: 3.3719 total loss: 5.4492 bn loss: 0.4338 av loss: 0.7913 text loss: 0.4288
2026-01-17 17:17:39,624 - MMSA [INFO] - VAL-(msalm) >>  Has0_acc_2: 0.8375  Has0_F1_score: 0.8409  Non0_acc_2: 0.8665  Non0_F1_score: 0.8653  Mult_acc_5: 0.5740  Mult_acc_7: 0.5607  MAE: 0.4929  Corr: 0.7744  Loss: 0.4937 
2026-01-17 17:22:42,532 - MMSA [INFO] - TRAIN-(msalm) [1/6/1] >> loss: 0.3938  Has0_acc_2: 0.8562  Has0_F1_score: 0.8603  Non0_acc_2: 0.9178  Non0_F1_score: 0.9176  Mult_acc_5: 0.6738  Mult_acc_7: 0.6498  MAE: 0.3939  Corr: 0.8780  clm loss: 3.3259 total loss: 5.2833 bn loss: 0.3959 av loss: 0.7887 text loss: 0.3791
2026-01-17 17:22:51,414 - MMSA [INFO] - VAL-(msalm) >>  Has0_acc_2: 0.8017  Has0_F1_score: 0.8095  Non0_acc_2: 0.8512  Non0_F1_score: 0.8518  Mult_acc_5: 0.5815  Mult_acc_7: 0.5703  MAE: 0.4934  Corr: 0.7773  Loss: 0.4942 
2026-01-17 17:27:49,221 - MMSA [INFO] - TRAIN-(msalm) [2/7/1] >> loss: 0.3598  Has0_acc_2: 0.8626  Has0_F1_score: 0.8668  Non0_acc_2: 0.9309  Non0_F1_score: 0.9308  Mult_acc_5: 0.7006  Mult_acc_7: 0.6731  MAE: 0.3597  Corr: 0.8982  clm loss: 3.2762 total loss: 5.1362 bn loss: 0.3665 av loss: 0.7871 text loss: 0.3465
2026-01-17 17:27:58,386 - MMSA [INFO] - VAL-(msalm) >>  Has0_acc_2: 0.8268  Has0_F1_score: 0.8318  Non0_acc_2: 0.8658  Non0_F1_score: 0.8652  Mult_acc_5: 0.5719  Mult_acc_7: 0.5575  MAE: 0.5003  Corr: 0.7672  Loss: 0.4994 
2026-01-17 17:32:56,360 - MMSA [INFO] - TRAIN-(msalm) [3/8/1] >> loss: 0.3273  Has0_acc_2: 0.8635  Has0_F1_score: 0.8680  Non0_acc_2: 0.9384  Non0_F1_score: 0.9383  Mult_acc_5: 0.7331  Mult_acc_7: 0.7072  MAE: 0.3270  Corr: 0.9137  clm loss: 3.2327 total loss: 4.9928 bn loss: 0.3355 av loss: 0.785 text loss: 0.3123
2026-01-17 17:33:05,269 - MMSA [INFO] - VAL-(msalm) >>  Has0_acc_2: 0.8135  Has0_F1_score: 0.8204  Non0_acc_2: 0.8554  Non0_F1_score: 0.8560  Mult_acc_5: 0.5697  Mult_acc_7: 0.5564  MAE: 0.5006  Corr: 0.7678  Loss: 0.5013 
2026-01-17 17:38:03,057 - MMSA [INFO] - TRAIN-(msalm) [4/9/1] >> loss: 0.3155  Has0_acc_2: 0.8711  Has0_F1_score: 0.8753  Non0_acc_2: 0.9476  Non0_F1_score: 0.9476  Mult_acc_5: 0.7456  Mult_acc_7: 0.7198  MAE: 0.3148  Corr: 0.9221  clm loss: 3.1952 total loss: 4.9049 bn loss: 0.317 av loss: 0.7841 text loss: 0.2932
2026-01-17 17:38:11,947 - MMSA [INFO] - VAL-(msalm) >>  Has0_acc_2: 0.8065  Has0_F1_score: 0.8146  Non0_acc_2: 0.8512  Non0_F1_score: 0.8524  Mult_acc_5: 0.5804  Mult_acc_7: 0.5665  MAE: 0.5017  Corr: 0.7730  Loss: 0.4998 
2026-01-17 17:43:09,942 - MMSA [INFO] - TRAIN-(msalm) [5/10/1] >> loss: 0.2917  Has0_acc_2: 0.8746  Has0_F1_score: 0.8788  Non0_acc_2: 0.9539  Non0_F1_score: 0.9539  Mult_acc_5: 0.7648  Mult_acc_7: 0.7383  MAE: 0.2916  Corr: 0.9325  clm loss: 3.161 total loss: 4.7981 bn loss: 0.2922 av loss: 0.7834 text loss: 0.2699
2026-01-17 17:43:18,852 - MMSA [INFO] - VAL-(msalm) >>  Has0_acc_2: 0.8236  Has0_F1_score: 0.8288  Non0_acc_2: 0.8588  Non0_F1_score: 0.8585  Mult_acc_5: 0.5703  Mult_acc_7: 0.5553  MAE: 0.5063  Corr: 0.7695  Loss: 0.5066 
2026-01-17 17:48:16,646 - MMSA [INFO] - TRAIN-(msalm) [6/11/1] >> loss: 0.2823  Has0_acc_2: 0.8722  Has0_F1_score: 0.8765  Non0_acc_2: 0.9543  Non0_F1_score: 0.9543  Mult_acc_5: 0.7748  Mult_acc_7: 0.7503  MAE: 0.2822  Corr: 0.9374  clm loss: 3.1296 total loss: 4.7176 bn loss: 0.2737 av loss: 0.7818 text loss: 0.2503
2026-01-17 17:48:25,536 - MMSA [INFO] - VAL-(msalm) >>  Has0_acc_2: 0.8365  Has0_F1_score: 0.8406  Non0_acc_2: 0.8651  Non0_F1_score: 0.8646  Mult_acc_5: 0.5617  Mult_acc_7: 0.5473  MAE: 0.5040  Corr: 0.7692  Loss: 0.5042 
2026-01-17 17:53:23,524 - MMSA [INFO] - TRAIN-(msalm) [7/12/1] >> loss: 0.2706  Has0_acc_2: 0.8733  Has0_F1_score: 0.8776  Non0_acc_2: 0.9582  Non0_F1_score: 0.9581  Mult_acc_5: 0.7905  Mult_acc_7: 0.7654  MAE: 0.2698  Corr: 0.9427  clm loss: 3.1 total loss: 4.6451 bn loss: 0.2591 av loss: 0.7814 text loss: 0.234
2026-01-17 17:53:32,447 - MMSA [INFO] - VAL-(msalm) >>  Has0_acc_2: 0.8311  Has0_F1_score: 0.8355  Non0_acc_2: 0.8644  Non0_F1_score: 0.8637  Mult_acc_5: 0.5671  Mult_acc_7: 0.5505  MAE: 0.5052  Corr: 0.7694  Loss: 0.5039 
2026-01-17 17:58:30,881 - MMSA [INFO] - TRAIN-(msalm) [8/13/1] >> loss: 0.259  Has0_acc_2: 0.8793  Has0_F1_score: 0.8835  Non0_acc_2: 0.9667  Non0_F1_score: 0.9667  Mult_acc_5: 0.7953  Mult_acc_7: 0.7696  MAE: 0.2585  Corr: 0.9488  clm loss: 3.0732 total loss: 4.5784 bn loss: 0.243 av loss: 0.7801 text loss: 0.2231
2026-01-17 17:58:39,878 - MMSA [INFO] - VAL-(msalm) >>  Has0_acc_2: 0.8151  Has0_F1_score: 0.8217  Non0_acc_2: 0.8540  Non0_F1_score: 0.8545  Mult_acc_5: 0.5730  Mult_acc_7: 0.5575  MAE: 0.5014  Corr: 0.7692  Loss: 0.5014 
2026-01-17 18:03:38,311 - MMSA [INFO] - TRAIN-(msalm) [9/14/1] >> loss: 0.2502  Has0_acc_2: 0.8793  Has0_F1_score: 0.8833  Non0_acc_2: 0.9657  Non0_F1_score: 0.9657  Mult_acc_5: 0.8019  Mult_acc_7: 0.7770  MAE: 0.2498  Corr: 0.9507  clm loss: 3.0467 total loss: 4.5165 bn loss: 0.2298 av loss: 0.7807 text loss: 0.209
2026-01-17 18:03:47,226 - MMSA [INFO] - VAL-(msalm) >>  Has0_acc_2: 0.8386  Has0_F1_score: 0.8407  Non0_acc_2: 0.8588  Non0_F1_score: 0.8569  Mult_acc_5: 0.5607  Mult_acc_7: 0.5446  MAE: 0.5135  Corr: 0.7706  Loss: 0.5126 
2026-01-17 18:08:45,568 - MMSA [INFO] - TRAIN-(msalm) [10/15/1] >> loss: 0.2379  Has0_acc_2: 0.8808  Has0_F1_score: 0.8850  Non0_acc_2: 0.9726  Non0_F1_score: 0.9726  Mult_acc_5: 0.8169  Mult_acc_7: 0.7917  MAE: 0.2379  Corr: 0.9558  clm loss: 3.0188 total loss: 4.4525 bn loss: 0.2184 av loss: 0.7788 text loss: 0.1986
2026-01-17 18:08:54,525 - MMSA [INFO] - VAL-(msalm) >>  Has0_acc_2: 0.8076  Has0_F1_score: 0.8152  Non0_acc_2: 0.8533  Non0_F1_score: 0.8541  Mult_acc_5: 0.5660  Mult_acc_7: 0.5526  MAE: 0.5009  Corr: 0.7702  Loss: 0.5030 
2026-01-17 18:09:16,655 - MMSA [INFO] - TEST-(msalm) >>  Has0_acc_2: 0.8347  Has0_F1_score: 0.8381  Non0_acc_2: 0.8696  Non0_F1_score: 0.8687  Mult_acc_5: 0.5729  Mult_acc_7: 0.5551  MAE: 0.4997  Corr: 0.8016  Loss: 0.4996 
2026-01-17 18:09:18,931 - MMSA [INFO] - Result for seed 1990: {'Has0_acc_2': 0.8347, 'Has0_F1_score': 0.8381, 'Non0_acc_2': 0.8696, 'Non0_F1_score': 0.8687, 'Mult_acc_5': 0.5729, 'Mult_acc_7': 0.5551, 'MAE': 0.4997, 'Corr': 0.8016, 'Loss': 0.4996, 'seed': 1990}
2026-01-17 18:09:18,932 - MMSA [INFO] - ------------------------------ Running with seed 1991 [2/5] ------------------------------
2026-01-17 18:21:02,466 - MMSA [INFO] - The model has 914783116 trainable parameters
2026-01-17 18:26:00,762 - MMSA [INFO] - TRAIN-(msalm) [1/1/2] >> loss: 0.7922  Has0_acc_2: 0.6065  Has0_F1_score: 0.6224  Non0_acc_2: 0.6603  Non0_F1_score: 0.6647  Mult_acc_5: 0.4164  Mult_acc_7: 0.4095  MAE: 0.7927  Corr: 0.4730  clm loss: 4.1516 total loss: 7.3916 bn loss: 0.7793 av loss: 0.8129 text loss: 0.8557
2026-01-17 18:26:09,762 - MMSA [INFO] - VAL-(msalm) >>  Has0_acc_2: 0.7873  Has0_F1_score: 0.7954  Non0_acc_2: 0.8275  Non0_F1_score: 0.8281  Mult_acc_5: 0.5184  Mult_acc_7: 0.5067  MAE: 0.5712  Corr: 0.6862  Loss: 0.5726 
2026-01-17 18:31:13,089 - MMSA [INFO] - TRAIN-(msalm) [1/2/2] >> loss: 0.5668  Has0_acc_2: 0.7903  Has0_F1_score: 0.7977  Non0_acc_2: 0.8387  Non0_F1_score: 0.8395  Mult_acc_5: 0.5402  Mult_acc_7: 0.5219  MAE: 0.5666  Corr: 0.7441  clm loss: 3.6666 total loss: 6.2036 bn loss: 0.5648 av loss: 0.7955 text loss: 0.6099
2026-01-17 18:31:22,081 - MMSA [INFO] - VAL-(msalm) >>  Has0_acc_2: 0.8423  Has0_F1_score: 0.8447  Non0_acc_2: 0.8623  Non0_F1_score: 0.8608  Mult_acc_5: 0.5740  Mult_acc_7: 0.5601  MAE: 0.5096  Corr: 0.7681  Loss: 0.5114 
2026-01-17 18:36:25,618 - MMSA [INFO] - TRAIN-(msalm) [1/3/2] >> loss: 0.5031  Has0_acc_2: 0.8251  Has0_F1_score: 0.8297  Non0_acc_2: 0.8711  Non0_F1_score: 0.8707  Mult_acc_5: 0.5842  Mult_acc_7: 0.5620  MAE: 0.5027  Corr: 0.7986  clm loss: 3.5254 total loss: 5.8494 bn loss: 0.501 av loss: 0.7927 text loss: 0.5271
2026-01-17 18:36:35,060 - MMSA [INFO] - VAL-(msalm) >>  Has0_acc_2: 0.8161  Has0_F1_score: 0.8235  Non0_acc_2: 0.8609  Non0_F1_score: 0.8619  Mult_acc_5: 0.5858  Mult_acc_7: 0.5735  MAE: 0.4934  Corr: 0.7766  Loss: 0.4937 
2026-01-17 18:41:37,994 - MMSA [INFO] - TRAIN-(msalm) [1/4/2] >> loss: 0.4594  Has0_acc_2: 0.8355  Has0_F1_score: 0.8403  Non0_acc_2: 0.8889  Non0_F1_score: 0.8887  Mult_acc_5: 0.6211  Mult_acc_7: 0.5982  MAE: 0.4590  Corr: 0.8334  clm loss: 3.4395 total loss: 5.6237 bn loss: 0.4646 av loss: 0.7892 text loss: 0.471
2026-01-17 18:41:46,958 - MMSA [INFO] - VAL-(msalm) >>  Has0_acc_2: 0.8268  Has0_F1_score: 0.8329  Non0_acc_2: 0.8651  Non0_F1_score: 0.8656  Mult_acc_5: 0.5901  Mult_acc_7: 0.5762  MAE: 0.4958  Corr: 0.7853  Loss: 0.4960 
2026-01-17 18:46:45,411 - MMSA [INFO] - TRAIN-(msalm) [2/5/2] >> loss: 0.4204  Has0_acc_2: 0.8463  Has0_F1_score: 0.8510  Non0_acc_2: 0.9075  Non0_F1_score: 0.9075  Mult_acc_5: 0.6550  Mult_acc_7: 0.6292  MAE: 0.4205  Corr: 0.8599  clm loss: 3.3788 total loss: 5.4412 bn loss: 0.4258 av loss: 0.7875 text loss: 0.4286
2026-01-17 18:46:54,382 - MMSA [INFO] - VAL-(msalm) >>  Has0_acc_2: 0.8092  Has0_F1_score: 0.8168  Non0_acc_2: 0.8554  Non0_F1_score: 0.8563  Mult_acc_5: 0.5794  Mult_acc_7: 0.5660  MAE: 0.4950  Corr: 0.7769  Loss: 0.4960 
2026-01-17 18:51:52,615 - MMSA [INFO] - TRAIN-(msalm) [3/6/2] >> loss: 0.3845  Has0_acc_2: 0.8585  Has0_F1_score: 0.8627  Non0_acc_2: 0.9209  Non0_F1_score: 0.9208  Mult_acc_5: 0.6812  Mult_acc_7: 0.6556  MAE: 0.3840  Corr: 0.8840  clm loss: 3.3134 total loss: 5.2487 bn loss: 0.3906 av loss: 0.7855 text loss: 0.3747
2026-01-17 18:52:01,716 - MMSA [INFO] - VAL-(msalm) >>  Has0_acc_2: 0.8103  Has0_F1_score: 0.8173  Non0_acc_2: 0.8533  Non0_F1_score: 0.8538  Mult_acc_5: 0.5783  Mult_acc_7: 0.5617  MAE: 0.4967  Corr: 0.7769  Loss: 0.4977 
2026-01-17 18:57:00,456 - MMSA [INFO] - TRAIN-(msalm) [4/7/2] >> loss: 0.3524  Has0_acc_2: 0.8646  Has0_F1_score: 0.8687  Non0_acc_2: 0.9334  Non0_F1_score: 0.9334  Mult_acc_5: 0.7105  Mult_acc_7: 0.6873  MAE: 0.3528  Corr: 0.9002  clm loss: 3.2706 total loss: 5.1058 bn loss: 0.3586 av loss: 0.7844 text loss: 0.3397
2026-01-17 18:57:09,702 - MMSA [INFO] - VAL-(msalm) >>  Has0_acc_2: 0.8300  Has0_F1_score: 0.8346  Non0_acc_2: 0.8595  Non0_F1_score: 0.8591  Mult_acc_5: 0.5740  Mult_acc_7: 0.5559  MAE: 0.5019  Corr: 0.7740  Loss: 0.5026 
2026-01-17 19:02:08,832 - MMSA [INFO] - TRAIN-(msalm) [5/8/2] >> loss: 0.3316  Has0_acc_2: 0.8618  Has0_F1_score: 0.8663  Non0_acc_2: 0.9370  Non0_F1_score: 0.9371  Mult_acc_5: 0.7280  Mult_acc_7: 0.7014  MAE: 0.3318  Corr: 0.9133  clm loss: 3.2303 total loss: 4.9939 bn loss: 0.3356 av loss: 0.7832 text loss: 0.3131
2026-01-17 19:02:17,945 - MMSA [INFO] - VAL-(msalm) >>  Has0_acc_2: 0.8477  Has0_F1_score: 0.8500  Non0_acc_2: 0.8658  Non0_F1_score: 0.8645  Mult_acc_5: 0.5623  Mult_acc_7: 0.5446  MAE: 0.5017  Corr: 0.7774  Loss: 0.5013 
2026-01-17 19:07:17,119 - MMSA [INFO] - TRAIN-(msalm) [6/9/2] >> loss: 0.3155  Has0_acc_2: 0.8697  Has0_F1_score: 0.8738  Non0_acc_2: 0.9458  Non0_F1_score: 0.9457  Mult_acc_5: 0.7400  Mult_acc_7: 0.7130  MAE: 0.3148  Corr: 0.9226  clm loss: 3.1923 total loss: 4.8905 bn loss: 0.3117 av loss: 0.7824 text loss: 0.2886
2026-01-17 19:07:26,270 - MMSA [INFO] - VAL-(msalm) >>  Has0_acc_2: 0.8359  Has0_F1_score: 0.8398  Non0_acc_2: 0.8658  Non0_F1_score: 0.8650  Mult_acc_5: 0.5724  Mult_acc_7: 0.5548  MAE: 0.5050  Corr: 0.7763  Loss: 0.5063 
2026-01-17 19:12:25,123 - MMSA [INFO] - TRAIN-(msalm) [7/10/2] >> loss: 0.2941  Has0_acc_2: 0.8687  Has0_F1_score: 0.8731  Non0_acc_2: 0.9489  Non0_F1_score: 0.9490  Mult_acc_5: 0.7643  Mult_acc_7: 0.7393  MAE: 0.2937  Corr: 0.9322  clm loss: 3.1552 total loss: 4.7843 bn loss: 0.2868 av loss: 0.7821 text loss: 0.2662
2026-01-17 19:12:34,415 - MMSA [INFO] - VAL-(msalm) >>  Has0_acc_2: 0.8258  Has0_F1_score: 0.8316  Non0_acc_2: 0.8609  Non0_F1_score: 0.8613  Mult_acc_5: 0.5676  Mult_acc_7: 0.5526  MAE: 0.4958  Corr: 0.7734  Loss: 0.4976 
2026-01-17 19:17:32,964 - MMSA [INFO] - TRAIN-(msalm) [8/11/2] >> loss: 0.2757  Has0_acc_2: 0.8737  Has0_F1_score: 0.8780  Non0_acc_2: 0.9580  Non0_F1_score: 0.9580  Mult_acc_5: 0.7797  Mult_acc_7: 0.7535  MAE: 0.2756  Corr: 0.9408  clm loss: 3.1159 total loss: 4.6783 bn loss: 0.2638 av loss: 0.7802 text loss: 0.2428
2026-01-17 19:17:41,933 - MMSA [INFO] - VAL-(msalm) >>  Has0_acc_2: 0.8076  Has0_F1_score: 0.8150  Non0_acc_2: 0.8540  Non0_F1_score: 0.8545  Mult_acc_5: 0.5751  Mult_acc_7: 0.5559  MAE: 0.4994  Corr: 0.7746  Loss: 0.5000 
2026-01-17 19:22:40,565 - MMSA [INFO] - TRAIN-(msalm) [9/12/2] >> loss: 0.2621  Has0_acc_2: 0.8692  Has0_F1_score: 0.8739  Non0_acc_2: 0.9594  Non0_F1_score: 0.9594  Mult_acc_5: 0.7969  Mult_acc_7: 0.7724  MAE: 0.2623  Corr: 0.9461  clm loss: 3.086 total loss: 4.6028 bn loss: 0.2475 av loss: 0.7781 text loss: 0.2291
2026-01-17 19:22:49,585 - MMSA [INFO] - VAL-(msalm) >>  Has0_acc_2: 0.8220  Has0_F1_score: 0.8286  Non0_acc_2: 0.8616  Non0_F1_score: 0.8623  Mult_acc_5: 0.5751  Mult_acc_7: 0.5585  MAE: 0.4936  Corr: 0.7750  Loss: 0.4926 
2026-01-17 19:27:53,186 - MMSA [INFO] - TRAIN-(msalm) [1/13/2] >> loss: 0.2573  Has0_acc_2: 0.8806  Has0_F1_score: 0.8847  Non0_acc_2: 0.9674  Non0_F1_score: 0.9674  Mult_acc_5: 0.7973  Mult_acc_7: 0.7712  MAE: 0.2574  Corr: 0.9483  clm loss: 3.0768 total loss: 4.5731 bn loss: 0.2387 av loss: 0.7782 text loss: 0.2221
2026-01-17 19:28:02,177 - MMSA [INFO] - VAL-(msalm) >>  Has0_acc_2: 0.8391  Has0_F1_score: 0.8433  Non0_acc_2: 0.8651  Non0_F1_score: 0.8648  Mult_acc_5: 0.5724  Mult_acc_7: 0.5532  MAE: 0.5054  Corr: 0.7723  Loss: 0.5047 
2026-01-17 19:33:00,706 - MMSA [INFO] - TRAIN-(msalm) [2/14/2] >> loss: 0.2468  Has0_acc_2: 0.8742  Has0_F1_score: 0.8787  Non0_acc_2: 0.9665  Non0_F1_score: 0.9665  Mult_acc_5: 0.8034  Mult_acc_7: 0.7796  MAE: 0.2469  Corr: 0.9513  clm loss: 3.0504 total loss: 4.5132 bn loss: 0.2273 av loss: 0.7779 text loss: 0.2109
2026-01-17 19:33:09,984 - MMSA [INFO] - VAL-(msalm) >>  Has0_acc_2: 0.8124  Has0_F1_score: 0.8202  Non0_acc_2: 0.8540  Non0_F1_score: 0.8554  Mult_acc_5: 0.5804  Mult_acc_7: 0.5628  MAE: 0.5009  Corr: 0.7741  Loss: 0.5015 
2026-01-17 19:38:08,460 - MMSA [INFO] - TRAIN-(msalm) [3/15/2] >> loss: 0.2476  Has0_acc_2: 0.8744  Has0_F1_score: 0.8788  Non0_acc_2: 0.9661  Non0_F1_score: 0.9661  Mult_acc_5: 0.8064  Mult_acc_7: 0.7834  MAE: 0.2466  Corr: 0.9533  clm loss: 3.0235 total loss: 4.4657 bn loss: 0.2164 av loss: 0.7778 text loss: 0.2003
2026-01-17 19:38:17,482 - MMSA [INFO] - VAL-(msalm) >>  Has0_acc_2: 0.7964  Has0_F1_score: 0.8060  Non0_acc_2: 0.8498  Non0_F1_score: 0.8518  Mult_acc_5: 0.5639  Mult_acc_7: 0.5500  MAE: 0.4995  Corr: 0.7732  Loss: 0.4998 
2026-01-17 19:43:16,142 - MMSA [INFO] - TRAIN-(msalm) [4/16/2] >> loss: 0.2379  Has0_acc_2: 0.8782  Has0_F1_score: 0.8824  Non0_acc_2: 0.9686  Non0_F1_score: 0.9686  Mult_acc_5: 0.8155  Mult_acc_7: 0.7918  MAE: 0.2380  Corr: 0.9552  clm loss: 3.005 total loss: 4.4221 bn loss: 0.2083 av loss: 0.7758 text loss: 0.1949
2026-01-17 19:43:25,372 - MMSA [INFO] - VAL-(msalm) >>  Has0_acc_2: 0.8108  Has0_F1_score: 0.8190  Non0_acc_2: 0.8554  Non0_F1_score: 0.8569  Mult_acc_5: 0.5778  Mult_acc_7: 0.5633  MAE: 0.4987  Corr: 0.7732  Loss: 0.4983 
2026-01-17 19:48:24,228 - MMSA [INFO] - TRAIN-(msalm) [5/17/2] >> loss: 0.2385  Has0_acc_2: 0.8779  Has0_F1_score: 0.8822  Non0_acc_2: 0.9700  Non0_F1_score: 0.9700  Mult_acc_5: 0.8175  Mult_acc_7: 0.7937  MAE: 0.2383  Corr: 0.9556  clm loss: 3.006 total loss: 4.4152 bn loss: 0.2028 av loss: 0.7769 text loss: 0.191
2026-01-17 19:48:33,495 - MMSA [INFO] - VAL-(msalm) >>  Has0_acc_2: 0.8220  Has0_F1_score: 0.8283  Non0_acc_2: 0.8567  Non0_F1_score: 0.8574  Mult_acc_5: 0.5762  Mult_acc_7: 0.5607  MAE: 0.4926  Corr: 0.7740  Loss: 0.4936 
2026-01-17 19:53:32,460 - MMSA [INFO] - TRAIN-(msalm) [6/18/2] >> loss: 0.2297  Has0_acc_2: 0.8787  Has0_F1_score: 0.8830  Non0_acc_2: 0.9711  Non0_F1_score: 0.9711  Mult_acc_5: 0.8238  Mult_acc_7: 0.8005  MAE: 0.2293  Corr: 0.9593  clm loss: 2.9821 total loss: 4.3659 bn loss: 0.196 av loss: 0.7763 text loss: 0.1818
2026-01-17 19:53:41,532 - MMSA [INFO] - VAL-(msalm) >>  Has0_acc_2: 0.8167  Has0_F1_score: 0.8243  Non0_acc_2: 0.8595  Non0_F1_score: 0.8609  Mult_acc_5: 0.5767  Mult_acc_7: 0.5596  MAE: 0.4964  Corr: 0.7742  Loss: 0.4961 
2026-01-17 19:58:40,284 - MMSA [INFO] - TRAIN-(msalm) [7/19/2] >> loss: 0.2291  Has0_acc_2: 0.8782  Has0_F1_score: 0.8825  Non0_acc_2: 0.9710  Non0_F1_score: 0.9710  Mult_acc_5: 0.8273  Mult_acc_7: 0.8034  MAE: 0.2286  Corr: 0.9591  clm loss: 2.9825 total loss: 4.3606 bn loss: 0.1931 av loss: 0.7763 text loss: 0.1795
2026-01-17 19:58:49,357 - MMSA [INFO] - VAL-(msalm) >>  Has0_acc_2: 0.8167  Has0_F1_score: 0.8239  Non0_acc_2: 0.8574  Non0_F1_score: 0.8585  Mult_acc_5: 0.5714  Mult_acc_7: 0.5564  MAE: 0.4943  Corr: 0.7740  Loss: 0.4928 
2026-01-17 20:03:47,756 - MMSA [INFO] - TRAIN-(msalm) [8/20/2] >> loss: 0.2289  Has0_acc_2: 0.8792  Has0_F1_score: 0.8835  Non0_acc_2: 0.9725  Non0_F1_score: 0.9726  Mult_acc_5: 0.8290  Mult_acc_7: 0.8058  MAE: 0.2278  Corr: 0.9591  clm loss: 2.9862 total loss: 4.364 bn loss: 0.1933 av loss: 0.7759 text loss: 0.1797
2026-01-17 20:03:57,176 - MMSA [INFO] - VAL-(msalm) >>  Has0_acc_2: 0.7969  Has0_F1_score: 0.8063  Non0_acc_2: 0.8484  Non0_F1_score: 0.8503  Mult_acc_5: 0.5692  Mult_acc_7: 0.5537  MAE: 0.4999  Corr: 0.7741  Loss: 0.5006 
2026-01-17 20:08:55,797 - MMSA [INFO] - TRAIN-(msalm) [9/21/2] >> loss: 0.234  Has0_acc_2: 0.8761  Has0_F1_score: 0.8806  Non0_acc_2: 0.9678  Non0_F1_score: 0.9678  Mult_acc_5: 0.8199  Mult_acc_7: 0.7965  MAE: 0.2334  Corr: 0.9581  clm loss: 2.9937 total loss: 4.3822 bn loss: 0.1949 av loss: 0.7762 text loss: 0.1834
2026-01-17 20:09:04,873 - MMSA [INFO] - VAL-(msalm) >>  Has0_acc_2: 0.8413  Has0_F1_score: 0.8448  Non0_acc_2: 0.8665  Non0_F1_score: 0.8658  Mult_acc_5: 0.5751  Mult_acc_7: 0.5569  MAE: 0.5050  Corr: 0.7730  Loss: 0.5052 
2026-01-17 20:14:03,631 - MMSA [INFO] - TRAIN-(msalm) [10/22/2] >> loss: 0.2495  Has0_acc_2: 0.8755  Has0_F1_score: 0.8799  Non0_acc_2: 0.9644  Non0_F1_score: 0.9644  Mult_acc_5: 0.8057  Mult_acc_7: 0.7816  MAE: 0.2498  Corr: 0.9512  clm loss: 3.0041 total loss: 4.4701 bn loss: 0.2251 av loss: 0.7777 text loss: 0.2137
2026-01-17 20:14:12,644 - MMSA [INFO] - VAL-(msalm) >>  Has0_acc_2: 0.8210  Has0_F1_score: 0.8277  Non0_acc_2: 0.8672  Non0_F1_score: 0.8678  Mult_acc_5: 0.5740  Mult_acc_7: 0.5564  MAE: 0.5059  Corr: 0.7730  Loss: 0.5067 
2026-01-17 20:14:34,814 - MMSA [INFO] - TEST-(msalm) >>  Has0_acc_2: 0.8201  Has0_F1_score: 0.8260  Non0_acc_2: 0.8682  Non0_F1_score: 0.8686  Mult_acc_5: 0.5656  Mult_acc_7: 0.5463  MAE: 0.5133  Corr: 0.7944  Loss: 0.5138 
2026-01-17 20:14:37,073 - MMSA [INFO] - Result for seed 1991: {'Has0_acc_2': 0.8201, 'Has0_F1_score': 0.826, 'Non0_acc_2': 0.8682, 'Non0_F1_score': 0.8686, 'Mult_acc_5': 0.5656, 'Mult_acc_7': 0.5463, 'MAE': 0.5133, 'Corr': 0.7944, 'Loss': 0.5138, 'seed': 1991}
2026-01-17 20:14:37,075 - MMSA [INFO] - ------------------------------ Running with seed 1992 [3/5] ------------------------------
2026-01-17 20:26:16,093 - MMSA [INFO] - The model has 914783116 trainable parameters
2026-01-17 20:31:14,626 - MMSA [INFO] - TRAIN-(msalm) [1/1/3] >> loss: 0.7875  Has0_acc_2: 0.6289  Has0_F1_score: 0.6460  Non0_acc_2: 0.6647  Non0_F1_score: 0.6704  Mult_acc_5: 0.4174  Mult_acc_7: 0.4126  MAE: 0.7877  Corr: 0.4548  clm loss: 4.1271 total loss: 7.3247 bn loss: 0.7854 av loss: 0.8193 text loss: 0.8054
2026-01-17 20:31:23,604 - MMSA [INFO] - VAL-(msalm) >>  Has0_acc_2: 0.7980  Has0_F1_score: 0.8063  Non0_acc_2: 0.8373  Non0_F1_score: 0.8386  Mult_acc_5: 0.5249  Mult_acc_7: 0.5131  MAE: 0.5676  Corr: 0.7062  Loss: 0.5700 
2026-01-17 20:36:26,697 - MMSA [INFO] - TRAIN-(msalm) [1/2/3] >> loss: 0.564  Has0_acc_2: 0.8001  Has0_F1_score: 0.8062  Non0_acc_2: 0.8437  Non0_F1_score: 0.8437  Mult_acc_5: 0.5405  Mult_acc_7: 0.5214  MAE: 0.5641  Corr: 0.7483  clm loss: 3.6394 total loss: 6.1783 bn loss: 0.5678 av loss: 0.7987 text loss: 0.6084
2026-01-17 20:36:35,723 - MMSA [INFO] - VAL-(msalm) >>  Has0_acc_2: 0.8193  Has0_F1_score: 0.8252  Non0_acc_2: 0.8574  Non0_F1_score: 0.8575  Mult_acc_5: 0.5676  Mult_acc_7: 0.5542  MAE: 0.4972  Corr: 0.7648  Loss: 0.4965 
2026-01-17 20:41:39,217 - MMSA [INFO] - TRAIN-(msalm) [1/3/3] >> loss: 0.5037  Has0_acc_2: 0.8177  Has0_F1_score: 0.8231  Non0_acc_2: 0.8664  Non0_F1_score: 0.8664  Mult_acc_5: 0.5880  Mult_acc_7: 0.5663  MAE: 0.5038  Corr: 0.7977  clm loss: 3.5125 total loss: 5.8382 bn loss: 0.5011 av loss: 0.793 text loss: 0.5279
2026-01-17 20:41:48,716 - MMSA [INFO] - VAL-(msalm) >>  Has0_acc_2: 0.8172  Has0_F1_score: 0.8235  Non0_acc_2: 0.8644  Non0_F1_score: 0.8643  Mult_acc_5: 0.5927  Mult_acc_7: 0.5762  MAE: 0.4847  Corr: 0.7747  Loss: 0.4839 
2026-01-17 20:46:52,330 - MMSA [INFO] - TRAIN-(msalm) [1/4/3] >> loss: 0.454  Has0_acc_2: 0.8442  Has0_F1_score: 0.8484  Non0_acc_2: 0.8992  Non0_F1_score: 0.8989  Mult_acc_5: 0.6234  Mult_acc_7: 0.5990  MAE: 0.4536  Corr: 0.8379  clm loss: 3.4271 total loss: 5.5936 bn loss: 0.4545 av loss: 0.793 text loss: 0.465
2026-01-17 20:47:01,461 - MMSA [INFO] - VAL-(msalm) >>  Has0_acc_2: 0.8167  Has0_F1_score: 0.8245  Non0_acc_2: 0.8686  Non0_F1_score: 0.8697  Mult_acc_5: 0.5810  Mult_acc_7: 0.5687  MAE: 0.4903  Corr: 0.7829  Loss: 0.4901 
2026-01-17 20:52:00,092 - MMSA [INFO] - TRAIN-(msalm) [2/5/3] >> loss: 0.4146  Has0_acc_2: 0.8506  Has0_F1_score: 0.8553  Non0_acc_2: 0.9115  Non0_F1_score: 0.9116  Mult_acc_5: 0.6601  Mult_acc_7: 0.6347  MAE: 0.4144  Corr: 0.8638  clm loss: 3.3614 total loss: 5.4 bn loss: 0.4187 av loss: 0.7916 text loss: 0.4138
2026-01-17 20:52:09,141 - MMSA [INFO] - VAL-(msalm) >>  Has0_acc_2: 0.8322  Has0_F1_score: 0.8371  Non0_acc_2: 0.8609  Non0_F1_score: 0.8610  Mult_acc_5: 0.5778  Mult_acc_7: 0.5628  MAE: 0.4947  Corr: 0.7786  Loss: 0.4940 
2026-01-17 20:57:07,846 - MMSA [INFO] - TRAIN-(msalm) [3/6/3] >> loss: 0.3829  Has0_acc_2: 0.8503  Has0_F1_score: 0.8551  Non0_acc_2: 0.9186  Non0_F1_score: 0.9186  Mult_acc_5: 0.6839  Mult_acc_7: 0.6587  MAE: 0.3822  Corr: 0.8838  clm loss: 3.3101 total loss: 5.2406 bn loss: 0.3867 av loss: 0.7882 text loss: 0.3727
2026-01-17 20:57:16,841 - MMSA [INFO] - VAL-(msalm) >>  Has0_acc_2: 0.7851  Has0_F1_score: 0.7958  Non0_acc_2: 0.8470  Non0_F1_score: 0.8491  Mult_acc_5: 0.5740  Mult_acc_7: 0.5591  MAE: 0.5126  Corr: 0.7757  Loss: 0.5124 
2026-01-17 21:02:16,096 - MMSA [INFO] - TRAIN-(msalm) [4/7/3] >> loss: 0.3495  Has0_acc_2: 0.8657  Has0_F1_score: 0.8701  Non0_acc_2: 0.9369  Non0_F1_score: 0.9369  Mult_acc_5: 0.7119  Mult_acc_7: 0.6865  MAE: 0.3492  Corr: 0.9033  clm loss: 3.2649 total loss: 5.0959 bn loss: 0.3576 av loss: 0.7866 text loss: 0.3373
