2026-01-20 17:31:55,837 - MMSA [INFO] - ======================================== Program Start ========================================
2026-01-20 17:31:55,933 - MMSA [INFO] - Running with args:
2026-01-20 17:31:55,934 - MMSA [INFO] - {'model_name': 'msalm', 'dataset_name': 'sims', 'featurePath': '/leonardo_work/EUHPC_A04_051/alexfil/MSA-Datasets/CH-SIMS/unaligned_39.pkl', 'seq_lens': [39, 400, 55], 'feature_dims': [768, 33, 709], 'train_samples': 1368, 'num_classes': 3, 'language': 'cn', 'KeyEval': 'Loss', 'missing_rate': [0.0, 0.0, 0.0], 'missing_seed': [1111, 1111, 1111], 'need_data_aligned': False, 'need_model_aligned': False, 'early_stop': 10, 'use_bert': False, 'use_bert_finetune': False, 'attn_mask': True, 'excludeZero': True, 'update_epochs': 8, 'use_augmentation': False, 'use_m3xup': False, 'hfPath': False, 'use_ulgm': False, 'update_labels_patience': 1, 'H': 3.0, 'del_model': True, 'max_token_len': 39, 'pad_token': '<|endoftext|>', 'lm': '/leonardo_work/EUHPC_A04_051/alexfil/gpt2-chinese-cluecorpussmall', 'use_bf16': False, 'task_out': 1, 'use_clm': True, 'gamma': 1.0, 'l_bn': 1.0, 'l_av': 1.0, 'l_t': 1.0, 'warmup_epochs': 1, 'max_epochs': 100, 'beta_1': 0.9, 'beta_2': 0.95, 'use_lnorm': True, 'rescale': False, 'rescaler': 'sqrt', 'use_seqaug': True, 'n_bn_fusion': 16, 'modded_loss': True, 'embedding_attr_name': 'transformer.wte', 'decoder_layers_attr_name': 'transformer.h', 'mmgpt': {'type': 'gpt2', 'd_out': 64, 'combine': True, 'dropout': 0.1, 'mm_layer': [5, 6, 7, 8, 9, 10, 11], 'top_k': 1, 'layer_dropout': 0.0, 'dense': True, 'tie_ffn': True, 'n_embd': 768, 'bias': True, 'kv_dim': 30, 'n_head': 16, 'd_mm': 768, 'gating': 'sigmoid', 'init_gate': [0.0, 0.0, 0.0, 0.0, 0.0, 0.0, 0.0, 0.0, 0.0, 0.0], 'use_softperm': True, 'p_perm': 0.3, 'p_apply': 0.25, 'use_lora': False, 'lora': {'lora_alpha': 128, 'r': 64, 'lora_dropout': 0.05}}, 'av_enc': {'finetune': True, 'from_pretrained': True, 'path_to_pretrained': '/leonardo_work/EUHPC_A04_051/alexfil/DeepMLF-Reprod/checkpoints/bienc-sims-1990/bienc-sims-1990.pth', 'feature_dims': [768, 33, 709], 'd_enc': 30, 'n_embd': 30, 'n_head': 6, 'nlevels': 3, 'd_enc_out': 30, 'maxlen': 55, 'p_mask': 0.15, 'enc_attn_dropout': 0.1, 'enc_res_dropout': 0.1, 'enc_dropout': 0.1, 'use_softperm': True, 'p_perm': 0.2, 'mask_perm_ratio': 0.5, 'tf_fusion': False, 'use_bn': True, 'use_ln': False}, 'gpt': {'vocab_size': 50257, 'block_size': 1024, 'bias': True, 'n_embd': 1024, 'n_layer': 24, 'n_head': 16, 'dropout': 0.0}, 'batch_size': 32, 'grad_clip': 5.0, 'patience': 10, 'weight_decay_mmgpt': 0.1, 'weight_decay_av': 0.1, 'learning_rate_av': 0.0001, 'learning_rate_mmgpt': 0.0001, 'device': device(type='cuda', index=0), 'train_mode': 'regression', 'custom_feature': None, 'feature_T': '', 'feature_A': '', 'feature_V': ''}
2026-01-20 17:31:55,934 - MMSA [INFO] - Seeds: [1991]
2026-01-20 17:31:55,934 - MMSA [INFO] - ------------------------------ Running with seed 1991 [1/1] ------------------------------
2026-01-20 17:33:14,963 - MMSA [INFO] - The model has 173499052 trainable parameters
2026-01-20 17:33:25,220 - MMSA [INFO] - TRAIN-(msalm) [1/1/1] >> loss: 0.7121  Mult_acc_2: 0.4094  Mult_acc_3: 0.3260  Mult_acc_5: 0.1601  F1_score: 0.4110  MAE: 0.7120  Corr: 0.0127  clm loss: 7.761 total loss: 11.2142 bn loss: 1.0452 av loss: 0.6536 text loss: 1.0422
2026-01-20 17:33:27,112 - MMSA [INFO] - VAL-(msalm) >>  Mult_acc_2: 0.4715  Mult_acc_3: 0.3509  Mult_acc_5: 0.1776  F1_score: 0.4754  MAE: 0.6895  Corr: 0.0728  Loss: 0.6849 
2026-01-20 17:33:36,418 - MMSA [INFO] - TRAIN-(msalm) [1/2/1] >> loss: 0.6819  Mult_acc_2: 0.4642  Mult_acc_3: 0.3684  Mult_acc_5: 0.1849  F1_score: 0.4702  MAE: 0.6813  Corr: 0.0979  clm loss: 7.0683 total loss: 10.3141 bn loss: 0.9136 av loss: 0.6218 text loss: 1.0284
2026-01-20 17:33:38,114 - MMSA [INFO] - VAL-(msalm) >>  Mult_acc_2: 0.4715  Mult_acc_3: 0.3838  Mult_acc_5: 0.1974  F1_score: 0.4719  MAE: 0.6746  Corr: 0.1487  Loss: 0.6678 
2026-01-20 17:33:47,289 - MMSA [INFO] - TRAIN-(msalm) [1/3/1] >> loss: 0.6564  Mult_acc_2: 0.4868  Mult_acc_3: 0.3779  Mult_acc_5: 0.1740  F1_score: 0.4946  MAE: 0.6553  Corr: 0.1917  clm loss: 6.4171 total loss: 9.2996 bn loss: 0.754 av loss: 0.6067 text loss: 0.8654
2026-01-20 17:33:48,958 - MMSA [INFO] - VAL-(msalm) >>  Mult_acc_2: 0.5132  Mult_acc_3: 0.4013  Mult_acc_5: 0.2018  F1_score: 0.5236  MAE: 0.6494  Corr: 0.2055  Loss: 0.6550 
2026-01-20 17:33:58,080 - MMSA [INFO] - TRAIN-(msalm) [1/4/1] >> loss: 0.6492  Mult_acc_2: 0.5051  Mult_acc_3: 0.3991  Mult_acc_5: 0.1952  F1_score: 0.5138  MAE: 0.6484  Corr: 0.2152  clm loss: 5.8147 total loss: 8.5192 bn loss: 0.6825 av loss: 0.5974 text loss: 0.7754
2026-01-20 17:33:59,788 - MMSA [INFO] - VAL-(msalm) >>  Mult_acc_2: 0.5307  Mult_acc_3: 0.4079  Mult_acc_5: 0.1864  F1_score: 0.5449  MAE: 0.6251  Corr: 0.2692  Loss: 0.6355 
2026-01-20 17:34:08,926 - MMSA [INFO] - TRAIN-(msalm) [1/5/1] >> loss: 0.6123  Mult_acc_2: 0.5497  Mult_acc_3: 0.4401  Mult_acc_5: 0.2149  F1_score: 0.5593  MAE: 0.6105  Corr: 0.3113  clm loss: 5.335 total loss: 7.8764 bn loss: 0.6338 av loss: 0.5805 text loss: 0.7148
2026-01-20 17:34:10,557 - MMSA [INFO] - VAL-(msalm) >>  Mult_acc_2: 0.5461  Mult_acc_3: 0.4013  Mult_acc_5: 0.2018  F1_score: 0.5580  MAE: 0.6207  Corr: 0.3414  Loss: 0.6238 
2026-01-20 17:34:19,838 - MMSA [INFO] - TRAIN-(msalm) [1/6/1] >> loss: 0.5823  Mult_acc_2: 0.5702  Mult_acc_3: 0.4708  Mult_acc_5: 0.2427  F1_score: 0.5820  MAE: 0.5792  Corr: 0.3969  clm loss: 4.872 total loss: 7.2691 bn loss: 0.5938 av loss: 0.5609 text loss: 0.6601
2026-01-20 17:34:21,535 - MMSA [INFO] - VAL-(msalm) >>  Mult_acc_2: 0.5132  Mult_acc_3: 0.4167  Mult_acc_5: 0.2083  F1_score: 0.5132  MAE: 0.6154  Corr: 0.4441  Loss: 0.6158 
2026-01-20 17:34:30,572 - MMSA [INFO] - TRAIN-(msalm) [1/7/1] >> loss: 0.5421  Mult_acc_2: 0.6404  Mult_acc_3: 0.5387  Mult_acc_5: 0.2683  F1_score: 0.6525  MAE: 0.5363  Corr: 0.5023  clm loss: 4.507 total loss: 6.814 bn loss: 0.5764 av loss: 0.5468 text loss: 0.6417
2026-01-20 17:34:32,251 - MMSA [INFO] - VAL-(msalm) >>  Mult_acc_2: 0.5373  Mult_acc_3: 0.4693  Mult_acc_5: 0.2434  F1_score: 0.5427  MAE: 0.6026  Corr: 0.4983  Loss: 0.6297 
2026-01-20 17:34:40,298 - MMSA [INFO] - TRAIN-(msalm) [2/8/1] >> loss: 0.5327  Mult_acc_2: 0.6572  Mult_acc_3: 0.5592  Mult_acc_5: 0.3048  F1_score: 0.6699  MAE: 0.5171  Corr: 0.5322  clm loss: 4.2362 total loss: 6.498 bn loss: 0.5632 av loss: 0.5289 text loss: 0.6371
2026-01-20 17:34:41,947 - MMSA [INFO] - VAL-(msalm) >>  Mult_acc_2: 0.5877  Mult_acc_3: 0.5088  Mult_acc_5: 0.2829  F1_score: 0.6012  MAE: 0.5565  Corr: 0.5226  Loss: 0.5828 
2026-01-20 17:34:50,972 - MMSA [INFO] - TRAIN-(msalm) [1/9/1] >> loss: 0.5175  Mult_acc_2: 0.6689  Mult_acc_3: 0.5804  Mult_acc_5: 0.3026  F1_score: 0.6817  MAE: 0.4988  Corr: 0.5519  clm loss: 4.0782 total loss: 6.2544 bn loss: 0.5516 av loss: 0.5175 text loss: 0.5896
2026-01-20 17:34:52,602 - MMSA [INFO] - VAL-(msalm) >>  Mult_acc_2: 0.6557  Mult_acc_3: 0.5592  Mult_acc_5: 0.2982  F1_score: 0.6694  MAE: 0.5065  Corr: 0.5437  Loss: 0.5373 
2026-01-20 17:35:01,646 - MMSA [INFO] - TRAIN-(msalm) [1/10/1] >> loss: 0.5007  Mult_acc_2: 0.6915  Mult_acc_3: 0.5804  Mult_acc_5: 0.3187  F1_score: 0.7036  MAE: 0.4860  Corr: 0.5751  clm loss: 3.8735 total loss: 6.0155 bn loss: 0.5371 av loss: 0.5138 text loss: 0.5906
2026-01-20 17:35:03,384 - MMSA [INFO] - VAL-(msalm) >>  Mult_acc_2: 0.6798  Mult_acc_3: 0.5658  Mult_acc_5: 0.3246  F1_score: 0.6915  MAE: 0.4864  Corr: 0.5511  Loss: 0.5257 
2026-01-20 17:35:12,425 - MMSA [INFO] - TRAIN-(msalm) [1/11/1] >> loss: 0.496  Mult_acc_2: 0.6798  Mult_acc_3: 0.5826  Mult_acc_5: 0.3209  F1_score: 0.6923  MAE: 0.4781  Corr: 0.5939  clm loss: 3.7546 total loss: 5.8707 bn loss: 0.5352 av loss: 0.4978 text loss: 0.5872
2026-01-20 17:35:14,090 - MMSA [INFO] - VAL-(msalm) >>  Mult_acc_2: 0.6754  Mult_acc_3: 0.5570  Mult_acc_5: 0.3246  F1_score: 0.6874  MAE: 0.4809  Corr: 0.5593  Loss: 0.5122 
2026-01-20 17:35:23,086 - MMSA [INFO] - TRAIN-(msalm) [1/12/1] >> loss: 0.4801  Mult_acc_2: 0.7069  Mult_acc_3: 0.6118  Mult_acc_5: 0.3509  F1_score: 0.7183  MAE: 0.4664  Corr: 0.5888  clm loss: 3.6473 total loss: 5.7189 bn loss: 0.5234 av loss: 0.501 text loss: 0.5671
2026-01-20 17:35:24,822 - MMSA [INFO] - VAL-(msalm) >>  Mult_acc_2: 0.6689  Mult_acc_3: 0.5724  Mult_acc_5: 0.3443  F1_score: 0.6817  MAE: 0.4727  Corr: 0.5679  Loss: 0.5130 
2026-01-20 17:35:32,889 - MMSA [INFO] - TRAIN-(msalm) [2/13/1] >> loss: 0.4695  Mult_acc_2: 0.6996  Mult_acc_3: 0.6060  Mult_acc_5: 0.3385  F1_score: 0.7113  MAE: 0.4571  Corr: 0.6134  clm loss: 3.4876 total loss: 5.5186 bn loss: 0.5143 av loss: 0.4865 text loss: 0.5609
2026-01-20 17:35:34,519 - MMSA [INFO] - VAL-(msalm) >>  Mult_acc_2: 0.6864  Mult_acc_3: 0.5724  Mult_acc_5: 0.3553  F1_score: 0.6983  MAE: 0.4632  Corr: 0.5776  Loss: 0.4967 
2026-01-20 17:35:43,508 - MMSA [INFO] - TRAIN-(msalm) [1/14/1] >> loss: 0.4627  Mult_acc_2: 0.7310  Mult_acc_3: 0.6111  Mult_acc_5: 0.3289  F1_score: 0.7412  MAE: 0.4511  Corr: 0.6149  clm loss: 3.4377 total loss: 5.4654 bn loss: 0.5085 av loss: 0.4884 text loss: 0.5681
2026-01-20 17:35:45,189 - MMSA [INFO] - VAL-(msalm) >>  Mult_acc_2: 0.7083  Mult_acc_3: 0.6096  Mult_acc_5: 0.3838  F1_score: 0.7186  MAE: 0.4581  Corr: 0.5816  Loss: 0.4899 
2026-01-20 17:35:54,213 - MMSA [INFO] - TRAIN-(msalm) [1/15/1] >> loss: 0.4662  Mult_acc_2: 0.7325  Mult_acc_3: 0.6338  Mult_acc_5: 0.3699  F1_score: 0.7424  MAE: 0.4457  Corr: 0.6110  clm loss: 3.386 total loss: 5.3944 bn loss: 0.5021 av loss: 0.4815 text loss: 0.5586
2026-01-20 17:35:55,921 - MMSA [INFO] - VAL-(msalm) >>  Mult_acc_2: 0.6820  Mult_acc_3: 0.5877  Mult_acc_5: 0.3531  F1_score: 0.6944  MAE: 0.4692  Corr: 0.5844  Loss: 0.5181 
2026-01-20 17:36:03,859 - MMSA [INFO] - TRAIN-(msalm) [2/16/1] >> loss: 0.4511  Mult_acc_2: 0.7383  Mult_acc_3: 0.6301  Mult_acc_5: 0.3450  F1_score: 0.7479  MAE: 0.4317  Corr: 0.6406  clm loss: 3.3476 total loss: 5.3013 bn loss: 0.4921 av loss: 0.4711 text loss: 0.5394
2026-01-20 17:36:05,518 - MMSA [INFO] - VAL-(msalm) >>  Mult_acc_2: 0.6732  Mult_acc_3: 0.5789  Mult_acc_5: 0.3399  F1_score: 0.6861  MAE: 0.4679  Corr: 0.5854  Loss: 0.5266 
2026-01-20 17:36:13,353 - MMSA [INFO] - TRAIN-(msalm) [3/17/1] >> loss: 0.4321  Mult_acc_2: 0.7420  Mult_acc_3: 0.6338  Mult_acc_5: 0.3465  F1_score: 0.7515  MAE: 0.4154  Corr: 0.6770  clm loss: 3.3056 total loss: 5.2131 bn loss: 0.4849 av loss: 0.4722 text loss: 0.5182
2026-01-20 17:36:15,027 - MMSA [INFO] - VAL-(msalm) >>  Mult_acc_2: 0.7083  Mult_acc_3: 0.6096  Mult_acc_5: 0.3509  F1_score: 0.7184  MAE: 0.4444  Corr: 0.5978  Loss: 0.4759 
2026-01-20 17:36:23,994 - MMSA [INFO] - TRAIN-(msalm) [1/18/1] >> loss: 0.4261  Mult_acc_2: 0.7551  Mult_acc_3: 0.6513  Mult_acc_5: 0.3692  F1_score: 0.7636  MAE: 0.4104  Corr: 0.6765  clm loss: 3.2778 total loss: 5.1928 bn loss: 0.4948 av loss: 0.4743 text loss: 0.5197
2026-01-20 17:36:25,653 - MMSA [INFO] - VAL-(msalm) >>  Mult_acc_2: 0.7215  Mult_acc_3: 0.6162  Mult_acc_5: 0.3750  F1_score: 0.7309  MAE: 0.4352  Corr: 0.6089  Loss: 0.4780 
2026-01-20 17:36:33,508 - MMSA [INFO] - TRAIN-(msalm) [2/19/1] >> loss: 0.4268  Mult_acc_2: 0.7420  Mult_acc_3: 0.6499  Mult_acc_5: 0.3699  F1_score: 0.7510  MAE: 0.4080  Corr: 0.6772  clm loss: 3.279 total loss: 5.1685 bn loss: 0.4771 av loss: 0.4729 text loss: 0.5127
2026-01-20 17:36:35,195 - MMSA [INFO] - VAL-(msalm) >>  Mult_acc_2: 0.7215  Mult_acc_3: 0.6250  Mult_acc_5: 0.3860  F1_score: 0.7316  MAE: 0.4388  Corr: 0.6208  Loss: 0.4994 
2026-01-20 17:36:43,264 - MMSA [INFO] - TRAIN-(msalm) [3/20/1] >> loss: 0.412  Mult_acc_2: 0.7683  Mult_acc_3: 0.6732  Mult_acc_5: 0.3977  F1_score: 0.7756  MAE: 0.3895  Corr: 0.7014  clm loss: 3.2792 total loss: 5.1396 bn loss: 0.4577 av loss: 0.4716 text loss: 0.5191
2026-01-20 17:36:45,000 - MMSA [INFO] - VAL-(msalm) >>  Mult_acc_2: 0.7281  Mult_acc_3: 0.6272  Mult_acc_5: 0.3925  F1_score: 0.7381  MAE: 0.4385  Corr: 0.6248  Loss: 0.4928 
2026-01-20 17:36:52,838 - MMSA [INFO] - TRAIN-(msalm) [4/21/1] >> loss: 0.4013  Mult_acc_2: 0.7836  Mult_acc_3: 0.6835  Mult_acc_5: 0.4152  F1_score: 0.7904  MAE: 0.3810  Corr: 0.7142  clm loss: 3.2376 total loss: 5.0541 bn loss: 0.4561 av loss: 0.4604 text loss: 0.4987
2026-01-20 17:36:54,489 - MMSA [INFO] - VAL-(msalm) >>  Mult_acc_2: 0.7390  Mult_acc_3: 0.6360  Mult_acc_5: 0.3882  F1_score: 0.7480  MAE: 0.4300  Corr: 0.6237  Loss: 0.4977 
2026-01-20 17:37:02,342 - MMSA [INFO] - TRAIN-(msalm) [5/22/1] >> loss: 0.4174  Mult_acc_2: 0.7646  Mult_acc_3: 0.6601  Mult_acc_5: 0.3889  F1_score: 0.7718  MAE: 0.3985  Corr: 0.6828  clm loss: 3.2211 total loss: 5.0767 bn loss: 0.4627 av loss: 0.475 text loss: 0.5006
2026-01-20 17:37:04,004 - MMSA [INFO] - VAL-(msalm) >>  Mult_acc_2: 0.7303  Mult_acc_3: 0.6162  Mult_acc_5: 0.3794  F1_score: 0.7399  MAE: 0.4266  Corr: 0.6327  Loss: 0.4631 
2026-01-20 17:37:12,917 - MMSA [INFO] - TRAIN-(msalm) [1/23/1] >> loss: 0.4131  Mult_acc_2: 0.7836  Mult_acc_3: 0.6791  Mult_acc_5: 0.3808  F1_score: 0.7897  MAE: 0.3977  Corr: 0.6874  clm loss: 3.2026 total loss: 5.0361 bn loss: 0.4534 av loss: 0.471 text loss: 0.496
2026-01-20 17:37:14,618 - MMSA [INFO] - VAL-(msalm) >>  Mult_acc_2: 0.7390  Mult_acc_3: 0.6294  Mult_acc_5: 0.3838  F1_score: 0.7468  MAE: 0.4172  Corr: 0.6324  Loss: 0.4623 
2026-01-20 17:37:23,509 - MMSA [INFO] - TRAIN-(msalm) [1/24/1] >> loss: 0.3923  Mult_acc_2: 0.7844  Mult_acc_3: 0.6893  Mult_acc_5: 0.4064  F1_score: 0.7903  MAE: 0.3759  Corr: 0.7167  clm loss: 3.2056 total loss: 4.9938 bn loss: 0.4445 av loss: 0.472 text loss: 0.4793
2026-01-20 17:37:25,172 - MMSA [INFO] - VAL-(msalm) >>  Mult_acc_2: 0.7434  Mult_acc_3: 0.6535  Mult_acc_5: 0.4145  F1_score: 0.7465  MAE: 0.4137  Corr: 0.6275  Loss: 0.4668 
2026-01-20 17:37:32,981 - MMSA [INFO] - TRAIN-(msalm) [2/25/1] >> loss: 0.3828  Mult_acc_2: 0.7822  Mult_acc_3: 0.6981  Mult_acc_5: 0.4152  F1_score: 0.7881  MAE: 0.3660  Corr: 0.7271  clm loss: 3.1904 total loss: 4.938 bn loss: 0.4301 av loss: 0.4618 text loss: 0.4728
2026-01-20 17:37:34,655 - MMSA [INFO] - VAL-(msalm) >>  Mult_acc_2: 0.7412  Mult_acc_3: 0.6382  Mult_acc_5: 0.4013  F1_score: 0.7474  MAE: 0.4128  Corr: 0.6265  Loss: 0.4663 
2026-01-20 17:37:42,504 - MMSA [INFO] - TRAIN-(msalm) [3/26/1] >> loss: 0.3674  Mult_acc_2: 0.7807  Mult_acc_3: 0.6944  Mult_acc_5: 0.4481  F1_score: 0.7868  MAE: 0.3465  Corr: 0.7526  clm loss: 3.1475 total loss: 4.853 bn loss: 0.4257 av loss: 0.4588 text loss: 0.4536
2026-01-20 17:37:44,157 - MMSA [INFO] - VAL-(msalm) >>  Mult_acc_2: 0.7412  Mult_acc_3: 0.6338  Mult_acc_5: 0.3904  F1_score: 0.7483  MAE: 0.4145  Corr: 0.6314  Loss: 0.4784 
2026-01-20 17:37:52,079 - MMSA [INFO] - TRAIN-(msalm) [4/27/1] >> loss: 0.3728  Mult_acc_2: 0.8077  Mult_acc_3: 0.7127  Mult_acc_5: 0.4437  F1_score: 0.8125  MAE: 0.3520  Corr: 0.7457  clm loss: 3.1475 total loss: 4.8542 bn loss: 0.4114 av loss: 0.4627 text loss: 0.4598
2026-01-20 17:37:53,736 - MMSA [INFO] - VAL-(msalm) >>  Mult_acc_2: 0.7544  Mult_acc_3: 0.6469  Mult_acc_5: 0.4079  F1_score: 0.7608  MAE: 0.4058  Corr: 0.6435  Loss: 0.4668 
2026-01-20 17:38:01,722 - MMSA [INFO] - TRAIN-(msalm) [5/28/1] >> loss: 0.3639  Mult_acc_2: 0.7997  Mult_acc_3: 0.7098  Mult_acc_5: 0.4459  F1_score: 0.8039  MAE: 0.3429  Corr: 0.7577  clm loss: 3.1552 total loss: 4.8601 bn loss: 0.4167 av loss: 0.4671 text loss: 0.4573
2026-01-20 17:38:03,447 - MMSA [INFO] - VAL-(msalm) >>  Mult_acc_2: 0.7675  Mult_acc_3: 0.6579  Mult_acc_5: 0.4167  F1_score: 0.7716  MAE: 0.3992  Corr: 0.6442  Loss: 0.4450 
2026-01-20 17:38:12,318 - MMSA [INFO] - TRAIN-(msalm) [1/29/1] >> loss: 0.3627  Mult_acc_2: 0.8034  Mult_acc_3: 0.7230  Mult_acc_5: 0.4576  F1_score: 0.8083  MAE: 0.3433  Corr: 0.7547  clm loss: 3.1191 total loss: 4.7992 bn loss: 0.4086 av loss: 0.4605 text loss: 0.4483
2026-01-20 17:38:14,042 - MMSA [INFO] - VAL-(msalm) >>  Mult_acc_2: 0.7390  Mult_acc_3: 0.6557  Mult_acc_5: 0.4079  F1_score: 0.7470  MAE: 0.4049  Corr: 0.6468  Loss: 0.4599 
2026-01-20 17:38:21,869 - MMSA [INFO] - TRAIN-(msalm) [2/30/1] >> loss: 0.3677  Mult_acc_2: 0.8012  Mult_acc_3: 0.7113  Mult_acc_5: 0.4532  F1_score: 0.8065  MAE: 0.3511  Corr: 0.7442  clm loss: 3.1288 total loss: 4.8186 bn loss: 0.4069 av loss: 0.4644 text loss: 0.4508
2026-01-20 17:38:23,554 - MMSA [INFO] - VAL-(msalm) >>  Mult_acc_2: 0.7522  Mult_acc_3: 0.6469  Mult_acc_5: 0.3947  F1_score: 0.7588  MAE: 0.4008  Corr: 0.6557  Loss: 0.4430 
2026-01-20 17:38:32,364 - MMSA [INFO] - TRAIN-(msalm) [1/31/1] >> loss: 0.3444  Mult_acc_2: 0.8092  Mult_acc_3: 0.7098  Mult_acc_5: 0.4605  F1_score: 0.8144  MAE: 0.3252  Corr: 0.7778  clm loss: 3.0959 total loss: 4.744 bn loss: 0.3947 av loss: 0.4577 text loss: 0.4513
2026-01-20 17:38:34,448 - MMSA [INFO] - VAL-(msalm) >>  Mult_acc_2: 0.7478  Mult_acc_3: 0.6667  Mult_acc_5: 0.4145  F1_score: 0.7543  MAE: 0.3988  Corr: 0.6564  Loss: 0.4504 
2026-01-20 17:38:42,275 - MMSA [INFO] - TRAIN-(msalm) [2/32/1] >> loss: 0.3426  Mult_acc_2: 0.8260  Mult_acc_3: 0.7310  Mult_acc_5: 0.4817  F1_score: 0.8296  MAE: 0.3224  Corr: 0.7806  clm loss: 3.0809 total loss: 4.7349 bn loss: 0.4023 av loss: 0.4568 text loss: 0.4523
2026-01-20 17:38:43,913 - MMSA [INFO] - VAL-(msalm) >>  Mult_acc_2: 0.7719  Mult_acc_3: 0.6732  Mult_acc_5: 0.4232  F1_score: 0.7759  MAE: 0.3925  Corr: 0.6602  Loss: 0.4318 
2026-01-20 17:38:52,804 - MMSA [INFO] - TRAIN-(msalm) [1/33/1] >> loss: 0.3473  Mult_acc_2: 0.8238  Mult_acc_3: 0.7266  Mult_acc_5: 0.4547  F1_score: 0.8275  MAE: 0.3275  Corr: 0.7802  clm loss: 3.0694 total loss: 4.7038 bn loss: 0.3918 av loss: 0.4656 text loss: 0.4295
2026-01-20 17:38:54,464 - MMSA [INFO] - VAL-(msalm) >>  Mult_acc_2: 0.7654  Mult_acc_3: 0.6776  Mult_acc_5: 0.4167  F1_score: 0.7705  MAE: 0.3918  Corr: 0.6659  Loss: 0.4393 
2026-01-20 17:39:02,313 - MMSA [INFO] - TRAIN-(msalm) [2/34/1] >> loss: 0.3419  Mult_acc_2: 0.8180  Mult_acc_3: 0.7230  Mult_acc_5: 0.4656  F1_score: 0.8216  MAE: 0.3229  Corr: 0.7824  clm loss: 3.0558 total loss: 4.6757 bn loss: 0.3865 av loss: 0.4596 text loss: 0.4319
2026-01-20 17:39:03,967 - MMSA [INFO] - VAL-(msalm) >>  Mult_acc_2: 0.7544  Mult_acc_3: 0.6645  Mult_acc_5: 0.4079  F1_score: 0.7599  MAE: 0.3964  Corr: 0.6606  Loss: 0.4369 
2026-01-20 17:39:11,839 - MMSA [INFO] - TRAIN-(msalm) [3/35/1] >> loss: 0.3206  Mult_acc_2: 0.8428  Mult_acc_3: 0.7412  Mult_acc_5: 0.5022  F1_score: 0.8463  MAE: 0.3033  Corr: 0.8107  clm loss: 3.0533 total loss: 4.6369 bn loss: 0.3781 av loss: 0.4592 text loss: 0.4258
2026-01-20 17:39:13,542 - MMSA [INFO] - VAL-(msalm) >>  Mult_acc_2: 0.7478  Mult_acc_3: 0.6689  Mult_acc_5: 0.3969  F1_score: 0.7545  MAE: 0.4008  Corr: 0.6563  Loss: 0.4470 
2026-01-20 17:39:21,511 - MMSA [INFO] - TRAIN-(msalm) [4/36/1] >> loss: 0.3215  Mult_acc_2: 0.8385  Mult_acc_3: 0.7507  Mult_acc_5: 0.4949  F1_score: 0.8420  MAE: 0.2985  Corr: 0.8143  clm loss: 3.0363 total loss: 4.6156 bn loss: 0.3794 av loss: 0.4567 text loss: 0.4216
2026-01-20 17:39:23,177 - MMSA [INFO] - VAL-(msalm) >>  Mult_acc_2: 0.7632  Mult_acc_3: 0.6667  Mult_acc_5: 0.4101  F1_score: 0.7685  MAE: 0.3943  Corr: 0.6635  Loss: 0.4436 
2026-01-20 17:39:31,010 - MMSA [INFO] - TRAIN-(msalm) [5/37/1] >> loss: 0.3141  Mult_acc_2: 0.8414  Mult_acc_3: 0.7573  Mult_acc_5: 0.5095  F1_score: 0.8448  MAE: 0.2950  Corr: 0.8190  clm loss: 3.0283 total loss: 4.5779 bn loss: 0.3667 av loss: 0.4589 text loss: 0.4098
2026-01-20 17:39:32,692 - MMSA [INFO] - VAL-(msalm) >>  Mult_acc_2: 0.7763  Mult_acc_3: 0.6557  Mult_acc_5: 0.4013  F1_score: 0.7788  MAE: 0.3928  Corr: 0.6630  Loss: 0.4374 
2026-01-20 17:39:40,547 - MMSA [INFO] - TRAIN-(msalm) [6/38/1] >> loss: 0.3174  Mult_acc_2: 0.8538  Mult_acc_3: 0.7602  Mult_acc_5: 0.5146  F1_score: 0.8566  MAE: 0.3000  Corr: 0.8089  clm loss: 3.0069 total loss: 4.5823 bn loss: 0.3703 av loss: 0.4621 text loss: 0.4255
2026-01-20 17:39:42,282 - MMSA [INFO] - VAL-(msalm) >>  Mult_acc_2: 0.7697  Mult_acc_3: 0.6601  Mult_acc_5: 0.4035  F1_score: 0.7732  MAE: 0.3992  Corr: 0.6525  Loss: 0.4527 
2026-01-20 17:39:50,122 - MMSA [INFO] - TRAIN-(msalm) [7/39/1] >> loss: 0.3221  Mult_acc_2: 0.8355  Mult_acc_3: 0.7412  Mult_acc_5: 0.4934  F1_score: 0.8381  MAE: 0.3033  Corr: 0.8068  clm loss: 3.0379 total loss: 4.6059 bn loss: 0.3616 av loss: 0.4545 text loss: 0.4297
2026-01-20 17:39:51,814 - MMSA [INFO] - VAL-(msalm) >>  Mult_acc_2: 0.7610  Mult_acc_3: 0.6535  Mult_acc_5: 0.3947  F1_score: 0.7638  MAE: 0.4026  Corr: 0.6492  Loss: 0.4382 
2026-01-20 17:39:59,655 - MMSA [INFO] - TRAIN-(msalm) [8/40/1] >> loss: 0.3065  Mult_acc_2: 0.8319  Mult_acc_3: 0.7610  Mult_acc_5: 0.5175  F1_score: 0.8359  MAE: 0.2873  Corr: 0.8290  clm loss: 2.994 total loss: 4.4971 bn loss: 0.3551 av loss: 0.4498 text loss: 0.3918
2026-01-20 17:40:01,558 - MMSA [INFO] - VAL-(msalm) >>  Mult_acc_2: 0.7632  Mult_acc_3: 0.6601  Mult_acc_5: 0.4057  F1_score: 0.7679  MAE: 0.4038  Corr: 0.6494  Loss: 0.4441 
2026-01-20 17:40:09,434 - MMSA [INFO] - TRAIN-(msalm) [9/41/1] >> loss: 0.3042  Mult_acc_2: 0.8377  Mult_acc_3: 0.7529  Mult_acc_5: 0.5117  F1_score: 0.8411  MAE: 0.2897  Corr: 0.8273  clm loss: 2.9921 total loss: 4.5136 bn loss: 0.3511 av loss: 0.4561 text loss: 0.41
2026-01-20 17:40:11,150 - MMSA [INFO] - VAL-(msalm) >>  Mult_acc_2: 0.7741  Mult_acc_3: 0.6557  Mult_acc_5: 0.4035  F1_score: 0.7775  MAE: 0.3975  Corr: 0.6585  Loss: 0.4464 
2026-01-20 17:40:18,999 - MMSA [INFO] - TRAIN-(msalm) [10/42/1] >> loss: 0.3044  Mult_acc_2: 0.8472  Mult_acc_3: 0.7580  Mult_acc_5: 0.4912  F1_score: 0.8502  MAE: 0.2891  Corr: 0.8272  clm loss: 2.9818 total loss: 4.4948 bn loss: 0.3521 av loss: 0.4543 text loss: 0.4022
2026-01-20 17:40:20,659 - MMSA [INFO] - VAL-(msalm) >>  Mult_acc_2: 0.7719  Mult_acc_3: 0.6469  Mult_acc_5: 0.3969  F1_score: 0.7759  MAE: 0.3997  Corr: 0.6584  Loss: 0.4344 
2026-01-20 17:40:22,819 - MMSA [INFO] - TEST-(msalm) >>  Mult_acc_2: 0.8425  Mult_acc_3: 0.6958  Mult_acc_5: 0.4464  F1_score: 0.8444  MAE: 0.3637  Corr: 0.7261  Loss: 0.4164 
2026-01-20 17:40:24,089 - MMSA [INFO] - Result for seed 1991: {'Mult_acc_2': 0.8425, 'Mult_acc_3': 0.6958, 'Mult_acc_5': 0.4464, 'F1_score': 0.8444, 'MAE': 0.3637, 'Corr': 0.7261, 'Loss': 0.4164, 'seed': 1991}
2026-01-20 17:40:24,111 - MMSA [INFO] - Results saved to MMSA/results/sims/lrs_0001/sparse-mm-token-lvl-router/k_1/nf_16-track/lr_0001__k_1__nf_16-track/normal/sims_avg.csv.
