2026-01-17 08:37:34,192 - MMSA [INFO] - ======================================== Program Start ========================================
2026-01-17 08:37:34,277 - MMSA [INFO] - Running with args:
2026-01-17 08:37:34,277 - MMSA [INFO] - {'model_name': 'msalm', 'dataset_name': 'mosei', 'featurePath': '/leonardo_work/EUHPC_A04_051/alexfil/MSA-Datasets/CMU-MOSEI/Processed/unaligned_50.pkl', 'seq_lens': [50, 500, 375], 'feature_dims': [768, 74, 35], 'train_samples': 16326, 'num_classes': 3, 'language': 'en', 'KeyEval': 'Loss', 'missing_rate': [0.0, 0.0, 0.0], 'missing_seed': [1111, 1111, 1111], 'need_data_aligned': False, 'need_model_aligned': False, 'early_stop': 10, 'use_bert': False, 'use_bert_finetune': False, 'attn_mask': True, 'excludeZero': True, 'update_epochs': 8, 'use_augmentation': False, 'use_m3xup': False, 'hfPath': False, 'use_ulgm': False, 'update_labels_patience': 1, 'H': 3.0, 'del_model': True, 'max_token_len': 50, 'pad_token': '<|endoftext|>', 'lm': '/leonardo_work/EUHPC_A04_051/alexfil/gpt2-large', 'use_bf16': False, 'task_out': 1, 'use_clm': True, 'gamma': 1.0, 'l_bn': 1.0, 'l_av': 1.0, 'l_t': 1.0, 'warmup_epochs': 1, 'max_epochs': 20, 'beta_1': 0.9, 'beta_2': 0.95, 'use_lnorm': True, 'rescale': False, 'rescaler': 'sqrt', 'use_seqaug': True, 'n_bn_fusion': 10, 'modded_loss': True, 'embedding_attr_name': 'transformer.wte', 'decoder_layers_attr_name': 'transformer.h', 'mmgpt': {'type': 'gpt2', 'd_out': 64, 'combine': True, 'dropout': 0.1, 'mm_layer': [7, 14, 21, 28, 35], 'top_k': 1, 'layer_dropout': 0.0, 'dense': True, 'tie_ffn': True, 'n_embd': 1280, 'bias': True, 'kv_dim': 30, 'n_head': 16, 'd_mm': 1280, 'gating': 'sigmoid', 'init_gate': [0.0, 0.0, 0.0, 0.0, 0.0, 0.0, 0.0, 0.0, 0.0, 0.0], 'use_softperm': True, 'p_perm': 0.3, 'p_apply': 0.25, 'use_lora': False, 'lora': {'lora_alpha': 128, 'r': 64, 'lora_dropout': 0.05}}, 'av_enc': {'finetune': True, 'from_pretrained': True, 'path_to_pretrained': '/leonardo_work/EUHPC_A04_051/alexfil/DeepMLF-Reprod/checkpoints/bienc-mosei-1990/bienc-mosei-1990.pth', 'feature_dims': [768, 74, 35], 'd_enc': 30, 'n_embd': 30, 'n_head': 6, 'nlevels': 3, 'd_enc_out': 30, 'maxlen': 50, 'p_mask': 0.15, 'enc_attn_dropout': 0.1, 'enc_res_dropout': 0.1, 'enc_dropout': 0.1, 'use_softperm': True, 'p_perm': 0.2, 'mask_perm_ratio': 0.5, 'tf_fusion': False, 'use_bn': False, 'use_ln': False}, 'gpt': {'vocab_size': 50257, 'block_size': 1024, 'bias': True, 'n_embd': 1024, 'n_layer': 24, 'n_head': 16, 'dropout': 0.0}, 'batch_size': 32, 'grad_clip': 5.0, 'patience': 10, 'weight_decay_mmgpt': 0.1, 'weight_decay_av': 0.1, 'learning_rate_av': 0.0001, 'learning_rate_mmgpt': 0.0001, 'device': device(type='cuda', index=0), 'train_mode': 'regression', 'custom_feature': None, 'feature_T': '', 'feature_A': '', 'feature_V': ''}
2026-01-17 08:37:34,277 - MMSA [INFO] - Seeds: [1990, 1991, 1992, 1993, 1994]
2026-01-17 08:37:34,278 - MMSA [INFO] - ------------------------------ Running with seed 1990 [1/5] ------------------------------
2026-01-17 08:49:51,126 - MMSA [INFO] - The model has 914777996 trainable parameters
2026-01-17 08:54:16,086 - MMSA [INFO] - TRAIN-(msalm) [1/1/1] >> loss: 0.7968  Has0_acc_2: 0.6751  Has0_F1_score: 0.6825  Non0_acc_2: 0.6833  Non0_F1_score: 0.6805  Mult_acc_5: 0.4060  Mult_acc_7: 0.4051  MAE: 0.7969  Corr: 0.3848  clm loss: 4.2454 total loss: 7.82 bn loss: 0.853 av loss: 1.0827 text loss: 0.8421
2026-01-17 08:54:25,240 - MMSA [INFO] - VAL-(msalm) >>  Has0_acc_2: 0.7584  Has0_F1_score: 0.7688  Non0_acc_2: 0.7928  Non0_F1_score: 0.7947  Mult_acc_5: 0.4832  Mult_acc_7: 0.4789  MAE: 0.6303  Corr: 0.6127  Loss: 0.6304 
2026-01-17 08:58:52,325 - MMSA [INFO] - TRAIN-(msalm) [1/2/1] >> loss: 0.6114  Has0_acc_2: 0.7835  Has0_F1_score: 0.7902  Non0_acc_2: 0.8251  Non0_F1_score: 0.8253  Mult_acc_5: 0.4987  Mult_acc_7: 0.4840  MAE: 0.6115  Corr: 0.6988  clm loss: 3.7602 total loss: 6.5243 bn loss: 0.6425 av loss: 0.8398 text loss: 0.6704
2026-01-17 08:59:01,000 - MMSA [INFO] - VAL-(msalm) >>  Has0_acc_2: 0.7964  Has0_F1_score: 0.8045  Non0_acc_2: 0.8442  Non0_F1_score: 0.8450  Mult_acc_5: 0.5500  Mult_acc_7: 0.5404  MAE: 0.5269  Corr: 0.7358  Loss: 0.5263 
2026-01-17 09:03:28,645 - MMSA [INFO] - TRAIN-(msalm) [1/3/1] >> loss: 0.542  Has0_acc_2: 0.8089  Has0_F1_score: 0.8146  Non0_acc_2: 0.8552  Non0_F1_score: 0.8552  Mult_acc_5: 0.5540  Mult_acc_7: 0.5345  MAE: 0.5422  Corr: 0.7661  clm loss: 3.6179 total loss: 6.101 bn loss: 0.5522 av loss: 0.8052 text loss: 0.5837
2026-01-17 09:03:37,391 - MMSA [INFO] - VAL-(msalm) >>  Has0_acc_2: 0.8252  Has0_F1_score: 0.8305  Non0_acc_2: 0.8609  Non0_F1_score: 0.8607  Mult_acc_5: 0.5740  Mult_acc_7: 0.5601  MAE: 0.5059  Corr: 0.7635  Loss: 0.5065 
2026-01-17 09:08:04,694 - MMSA [INFO] - TRAIN-(msalm) [1/4/1] >> loss: 0.5081  Has0_acc_2: 0.8164  Has0_F1_score: 0.8217  Non0_acc_2: 0.8657  Non0_F1_score: 0.8654  Mult_acc_5: 0.5809  Mult_acc_7: 0.5603  MAE: 0.5082  Corr: 0.7951  clm loss: 3.5567 total loss: 5.9138 bn loss: 0.5122 av loss: 0.7988 text loss: 0.538
2026-01-17 09:08:13,740 - MMSA [INFO] - VAL-(msalm) >>  Has0_acc_2: 0.8226  Has0_F1_score: 0.8282  Non0_acc_2: 0.8644  Non0_F1_score: 0.8642  Mult_acc_5: 0.5815  Mult_acc_7: 0.5665  MAE: 0.4959  Corr: 0.7711  Loss: 0.4950 
2026-01-17 09:12:41,527 - MMSA [INFO] - TRAIN-(msalm) [1/5/1] >> loss: 0.4704  Has0_acc_2: 0.8355  Has0_F1_score: 0.8402  Non0_acc_2: 0.8865  Non0_F1_score: 0.8864  Mult_acc_5: 0.6087  Mult_acc_7: 0.5865  MAE: 0.4706  Corr: 0.8253  clm loss: 3.489 total loss: 5.7277 bn loss: 0.4773 av loss: 0.7958 text loss: 0.4951
2026-01-17 09:12:50,235 - MMSA [INFO] - VAL-(msalm) >>  Has0_acc_2: 0.8407  Has0_F1_score: 0.8442  Non0_acc_2: 0.8651  Non0_F1_score: 0.8643  Mult_acc_5: 0.5714  Mult_acc_7: 0.5564  MAE: 0.4972  Corr: 0.7773  Loss: 0.4957 
2026-01-17 09:17:12,706 - MMSA [INFO] - TRAIN-(msalm) [2/6/1] >> loss: 0.4532  Has0_acc_2: 0.8376  Has0_F1_score: 0.8423  Non0_acc_2: 0.8915  Non0_F1_score: 0.8914  Mult_acc_5: 0.6245  Mult_acc_7: 0.6006  MAE: 0.4534  Corr: 0.8375  clm loss: 3.4553 total loss: 5.623 bn loss: 0.4562 av loss: 0.7934 text loss: 0.4649
2026-01-17 09:17:21,752 - MMSA [INFO] - VAL-(msalm) >>  Has0_acc_2: 0.8188  Has0_F1_score: 0.8248  Non0_acc_2: 0.8651  Non0_F1_score: 0.8648  Mult_acc_5: 0.5869  Mult_acc_7: 0.5714  MAE: 0.4959  Corr: 0.7720  Loss: 0.4950 
2026-01-17 09:21:44,310 - MMSA [INFO] - TRAIN-(msalm) [3/7/1] >> loss: 0.4266  Has0_acc_2: 0.8432  Has0_F1_score: 0.8477  Non0_acc_2: 0.9036  Non0_F1_score: 0.9033  Mult_acc_5: 0.6506  Mult_acc_7: 0.6254  MAE: 0.4261  Corr: 0.8557  clm loss: 3.4267 total loss: 5.5189 bn loss: 0.4347 av loss: 0.7926 text loss: 0.4383
2026-01-17 09:21:52,994 - MMSA [INFO] - VAL-(msalm) >>  Has0_acc_2: 0.8450  Has0_F1_score: 0.8469  Non0_acc_2: 0.8679  Non0_F1_score: 0.8658  Mult_acc_5: 0.5703  Mult_acc_7: 0.5532  MAE: 0.5073  Corr: 0.7754  Loss: 0.5065 
2026-01-17 09:26:15,560 - MMSA [INFO] - TRAIN-(msalm) [4/8/1] >> loss: 0.4063  Has0_acc_2: 0.8452  Has0_F1_score: 0.8500  Non0_acc_2: 0.9092  Non0_F1_score: 0.9091  Mult_acc_5: 0.6609  Mult_acc_7: 0.6356  MAE: 0.4065  Corr: 0.8707  clm loss: 3.3921 total loss: 5.4135 bn loss: 0.4122 av loss: 0.7913 text loss: 0.4116
2026-01-17 09:26:24,254 - MMSA [INFO] - VAL-(msalm) >>  Has0_acc_2: 0.8092  Has0_F1_score: 0.8162  Non0_acc_2: 0.8567  Non0_F1_score: 0.8569  Mult_acc_5: 0.5719  Mult_acc_7: 0.5569  MAE: 0.5037  Corr: 0.7652  Loss: 0.5054 
2026-01-17 09:30:46,875 - MMSA [INFO] - TRAIN-(msalm) [5/9/1] >> loss: 0.3797  Has0_acc_2: 0.8557  Has0_F1_score: 0.8601  Non0_acc_2: 0.9234  Non0_F1_score: 0.9233  Mult_acc_5: 0.6820  Mult_acc_7: 0.6571  MAE: 0.3798  Corr: 0.8849  clm loss: 3.3675 total loss: 5.3157 bn loss: 0.3932 av loss: 0.7911 text loss: 0.3842
2026-01-17 09:30:55,547 - MMSA [INFO] - VAL-(msalm) >>  Has0_acc_2: 0.8338  Has0_F1_score: 0.8375  Non0_acc_2: 0.8630  Non0_F1_score: 0.8620  Mult_acc_5: 0.5730  Mult_acc_7: 0.5612  MAE: 0.4980  Corr: 0.7698  Loss: 0.4973 
2026-01-17 09:35:18,165 - MMSA [INFO] - TRAIN-(msalm) [6/10/1] >> loss: 0.3697  Has0_acc_2: 0.8561  Has0_F1_score: 0.8607  Non0_acc_2: 0.9259  Non0_F1_score: 0.9259  Mult_acc_5: 0.6914  Mult_acc_7: 0.6661  MAE: 0.3695  Corr: 0.8918  clm loss: 3.3479 total loss: 5.2531 bn loss: 0.3796 av loss: 0.7892 text loss: 0.3668
2026-01-17 09:35:26,895 - MMSA [INFO] - VAL-(msalm) >>  Has0_acc_2: 0.8092  Has0_F1_score: 0.8171  Non0_acc_2: 0.8595  Non0_F1_score: 0.8605  Mult_acc_5: 0.5703  Mult_acc_7: 0.5553  MAE: 0.5000  Corr: 0.7748  Loss: 0.4990 
2026-01-17 09:39:49,697 - MMSA [INFO] - TRAIN-(msalm) [7/11/1] >> loss: 0.3547  Has0_acc_2: 0.8610  Has0_F1_score: 0.8654  Non0_acc_2: 0.9319  Non0_F1_score: 0.9318  Mult_acc_5: 0.7121  Mult_acc_7: 0.6876  MAE: 0.3542  Corr: 0.9004  clm loss: 3.3307 total loss: 5.185 bn loss: 0.3629 av loss: 0.7882 text loss: 0.3485
2026-01-17 09:39:58,398 - MMSA [INFO] - VAL-(msalm) >>  Has0_acc_2: 0.8204  Has0_F1_score: 0.8259  Non0_acc_2: 0.8595  Non0_F1_score: 0.8592  Mult_acc_5: 0.5601  Mult_acc_7: 0.5452  MAE: 0.5111  Corr: 0.7671  Loss: 0.5097 
2026-01-17 09:44:20,894 - MMSA [INFO] - TRAIN-(msalm) [8/12/1] >> loss: 0.34  Has0_acc_2: 0.8599  Has0_F1_score: 0.8645  Non0_acc_2: 0.9362  Non0_F1_score: 0.9361  Mult_acc_5: 0.7228  Mult_acc_7: 0.6990  MAE: 0.3394  Corr: 0.9081  clm loss: 3.3151 total loss: 5.1236 bn loss: 0.3495 av loss: 0.7873 text loss: 0.3318
2026-01-17 09:44:30,157 - MMSA [INFO] - VAL-(msalm) >>  Has0_acc_2: 0.7990  Has0_F1_score: 0.8077  Non0_acc_2: 0.8512  Non0_F1_score: 0.8524  Mult_acc_5: 0.5639  Mult_acc_7: 0.5510  MAE: 0.5027  Corr: 0.7714  Loss: 0.5025 
2026-01-17 09:48:52,645 - MMSA [INFO] - TRAIN-(msalm) [9/13/1] >> loss: 0.3296  Has0_acc_2: 0.8655  Has0_F1_score: 0.8698  Non0_acc_2: 0.9419  Non0_F1_score: 0.9418  Mult_acc_5: 0.7247  Mult_acc_7: 0.6995  MAE: 0.3296  Corr: 0.9131  clm loss: 3.2995 total loss: 5.0727 bn loss: 0.3379 av loss: 0.7876 text loss: 0.3181
2026-01-17 09:49:01,320 - MMSA [INFO] - VAL-(msalm) >>  Has0_acc_2: 0.8028  Has0_F1_score: 0.8104  Non0_acc_2: 0.8505  Non0_F1_score: 0.8510  Mult_acc_5: 0.5580  Mult_acc_7: 0.5446  MAE: 0.5022  Corr: 0.7704  Loss: 0.5010 
2026-01-17 09:53:23,890 - MMSA [INFO] - TRAIN-(msalm) [10/14/1] >> loss: 0.3183  Has0_acc_2: 0.8650  Has0_F1_score: 0.8695  Non0_acc_2: 0.9429  Non0_F1_score: 0.9429  Mult_acc_5: 0.7443  Mult_acc_7: 0.7190  MAE: 0.3179  Corr: 0.9207  clm loss: 3.2876 total loss: 5.0231 bn loss: 0.325 av loss: 0.7873 text loss: 0.3048
2026-01-17 09:53:32,557 - MMSA [INFO] - VAL-(msalm) >>  Has0_acc_2: 0.8306  Has0_F1_score: 0.8352  Non0_acc_2: 0.8637  Non0_F1_score: 0.8633  Mult_acc_5: 0.5617  Mult_acc_7: 0.5468  MAE: 0.5075  Corr: 0.7702  Loss: 0.5070 
2026-01-17 09:53:53,698 - MMSA [INFO] - TEST-(msalm) >>  Has0_acc_2: 0.8210  Has0_F1_score: 0.8265  Non0_acc_2: 0.8668  Non0_F1_score: 0.8670  Mult_acc_5: 0.5553  Mult_acc_7: 0.5381  MAE: 0.5202  Corr: 0.7908  Loss: 0.5201 
2026-01-17 09:53:55,899 - MMSA [INFO] - Result for seed 1990: {'Has0_acc_2': 0.821, 'Has0_F1_score': 0.8265, 'Non0_acc_2': 0.8668, 'Non0_F1_score': 0.867, 'Mult_acc_5': 0.5553, 'Mult_acc_7': 0.5381, 'MAE': 0.5202, 'Corr': 0.7908, 'Loss': 0.5201, 'seed': 1990}
2026-01-17 09:53:55,900 - MMSA [INFO] - ------------------------------ Running with seed 1991 [2/5] ------------------------------
2026-01-17 10:05:50,626 - MMSA [INFO] - The model has 914777996 trainable parameters
2026-01-17 10:10:14,476 - MMSA [INFO] - TRAIN-(msalm) [1/1/2] >> loss: 0.8249  Has0_acc_2: 0.5810  Has0_F1_score: 0.5959  Non0_acc_2: 0.6297  Non0_F1_score: 0.6325  Mult_acc_5: 0.4013  Mult_acc_7: 0.3976  MAE: 0.8244  Corr: 0.4126  clm loss: 4.2379 total loss: 7.66 bn loss: 0.8527 av loss: 0.8519 text loss: 0.8927
2026-01-17 10:10:23,210 - MMSA [INFO] - VAL-(msalm) >>  Has0_acc_2: 0.7151  Has0_F1_score: 0.7309  Non0_acc_2: 0.7726  Non0_F1_score: 0.7774  Mult_acc_5: 0.4602  Mult_acc_7: 0.4490  MAE: 0.6483  Corr: 0.6099  Loss: 0.6479 
2026-01-17 10:14:51,786 - MMSA [INFO] - TRAIN-(msalm) [1/2/2] >> loss: 0.6236  Has0_acc_2: 0.7514  Has0_F1_score: 0.7623  Non0_acc_2: 0.8099  Non0_F1_score: 0.8124  Mult_acc_5: 0.4988  Mult_acc_7: 0.4840  MAE: 0.6235  Corr: 0.6957  clm loss: 3.7627 total loss: 6.5046 bn loss: 0.6321 av loss: 0.8069 text loss: 0.6793
2026-01-17 10:15:00,486 - MMSA [INFO] - VAL-(msalm) >>  Has0_acc_2: 0.8087  Has0_F1_score: 0.8165  Non0_acc_2: 0.8574  Non0_F1_score: 0.8584  Mult_acc_5: 0.5542  Mult_acc_7: 0.5414  MAE: 0.5179  Corr: 0.7464  Loss: 0.5169 
2026-01-17 10:19:28,768 - MMSA [INFO] - TRAIN-(msalm) [1/3/2] >> loss: 0.5363  Has0_acc_2: 0.8044  Has0_F1_score: 0.8110  Non0_acc_2: 0.8554  Non0_F1_score: 0.8559  Mult_acc_5: 0.5621  Mult_acc_7: 0.5433  MAE: 0.5367  Corr: 0.7716  clm loss: 3.6095 total loss: 6.0665 bn loss: 0.5383 av loss: 0.7991 text loss: 0.5834
2026-01-17 10:19:37,537 - MMSA [INFO] - VAL-(msalm) >>  Has0_acc_2: 0.8429  Has0_F1_score: 0.8466  Non0_acc_2: 0.8734  Non0_F1_score: 0.8728  Mult_acc_5: 0.5740  Mult_acc_7: 0.5596  MAE: 0.4974  Corr: 0.7707  Loss: 0.4963 
2026-01-17 10:24:05,573 - MMSA [INFO] - TRAIN-(msalm) [1/4/2] >> loss: 0.4967  Has0_acc_2: 0.8276  Has0_F1_score: 0.8327  Non0_acc_2: 0.8755  Non0_F1_score: 0.8756  Mult_acc_5: 0.5871  Mult_acc_7: 0.5659  MAE: 0.4963  Corr: 0.8048  clm loss: 3.5337 total loss: 5.8701 bn loss: 0.5066 av loss: 0.7952 text loss: 0.5378
2026-01-17 10:24:14,593 - MMSA [INFO] - VAL-(msalm) >>  Has0_acc_2: 0.8006  Has0_F1_score: 0.8100  Non0_acc_2: 0.8623  Non0_F1_score: 0.8638  Mult_acc_5: 0.5826  Mult_acc_7: 0.5692  MAE: 0.4973  Corr: 0.7727  Loss: 0.4962 
2026-01-17 10:28:42,926 - MMSA [INFO] - TRAIN-(msalm) [1/5/2] >> loss: 0.4771  Has0_acc_2: 0.8281  Has0_F1_score: 0.8334  Non0_acc_2: 0.8821  Non0_F1_score: 0.8821  Mult_acc_5: 0.6120  Mult_acc_7: 0.5896  MAE: 0.4770  Corr: 0.8197  clm loss: 3.4823 total loss: 5.7361 bn loss: 0.4811 av loss: 0.7936 text loss: 0.502
2026-01-17 10:28:51,767 - MMSA [INFO] - VAL-(msalm) >>  Has0_acc_2: 0.8215  Has0_F1_score: 0.8279  Non0_acc_2: 0.8700  Non0_F1_score: 0.8701  Mult_acc_5: 0.5783  Mult_acc_7: 0.5628  MAE: 0.4911  Corr: 0.7836  Loss: 0.4913 
2026-01-17 10:33:20,017 - MMSA [INFO] - TRAIN-(msalm) [1/6/2] >> loss: 0.4407  Has0_acc_2: 0.8407  Has0_F1_score: 0.8452  Non0_acc_2: 0.8950  Non0_F1_score: 0.8948  Mult_acc_5: 0.6374  Mult_acc_7: 0.6140  MAE: 0.4404  Corr: 0.8467  clm loss: 3.4345 total loss: 5.5862 bn loss: 0.4546 av loss: 0.7908 text loss: 0.4656
2026-01-17 10:33:28,741 - MMSA [INFO] - VAL-(msalm) >>  Has0_acc_2: 0.8386  Has0_F1_score: 0.8419  Non0_acc_2: 0.8672  Non0_F1_score: 0.8660  Mult_acc_5: 0.5655  Mult_acc_7: 0.5505  MAE: 0.4956  Corr: 0.7777  Loss: 0.4956 
2026-01-17 10:37:51,892 - MMSA [INFO] - TRAIN-(msalm) [2/7/2] >> loss: 0.4212  Has0_acc_2: 0.8454  Has0_F1_score: 0.8501  Non0_acc_2: 0.9057  Non0_F1_score: 0.9056  Mult_acc_5: 0.6499  Mult_acc_7: 0.6255  MAE: 0.4214  Corr: 0.8603  clm loss: 3.4086 total loss: 5.4834 bn loss: 0.4315 av loss: 0.7901 text loss: 0.432
2026-01-17 10:38:00,608 - MMSA [INFO] - VAL-(msalm) >>  Has0_acc_2: 0.8156  Has0_F1_score: 0.8220  Non0_acc_2: 0.8609  Non0_F1_score: 0.8609  Mult_acc_5: 0.5767  Mult_acc_7: 0.5633  MAE: 0.4967  Corr: 0.7680  Loss: 0.4980 
2026-01-17 10:42:23,938 - MMSA [INFO] - TRAIN-(msalm) [3/8/2] >> loss: 0.3979  Has0_acc_2: 0.8510  Has0_F1_score: 0.8555  Non0_acc_2: 0.9131  Non0_F1_score: 0.9130  Mult_acc_5: 0.6739  Mult_acc_7: 0.6501  MAE: 0.3974  Corr: 0.8738  clm loss: 3.3805 total loss: 5.3883 bn loss: 0.4125 av loss: 0.7892 text loss: 0.4082
2026-01-17 10:42:32,671 - MMSA [INFO] - VAL-(msalm) >>  Has0_acc_2: 0.8327  Has0_F1_score: 0.8368  Non0_acc_2: 0.8595  Non0_F1_score: 0.8589  Mult_acc_5: 0.5794  Mult_acc_7: 0.5649  MAE: 0.4979  Corr: 0.7734  Loss: 0.4986 
2026-01-17 10:46:55,704 - MMSA [INFO] - TRAIN-(msalm) [4/9/2] >> loss: 0.3782  Has0_acc_2: 0.8575  Has0_F1_score: 0.8620  Non0_acc_2: 0.9238  Non0_F1_score: 0.9238  Mult_acc_5: 0.6901  Mult_acc_7: 0.6654  MAE: 0.3779  Corr: 0.8853  clm loss: 3.3552 total loss: 5.3025 bn loss: 0.3964 av loss: 0.7885 text loss: 0.3842
2026-01-17 10:47:04,585 - MMSA [INFO] - VAL-(msalm) >>  Has0_acc_2: 0.8247  Has0_F1_score: 0.8305  Non0_acc_2: 0.8651  Non0_F1_score: 0.8652  Mult_acc_5: 0.5767  Mult_acc_7: 0.5628  MAE: 0.4961  Corr: 0.7788  Loss: 0.4944 
2026-01-17 10:51:27,800 - MMSA [INFO] - TRAIN-(msalm) [5/10/2] >> loss: 0.3606  Has0_acc_2: 0.8569  Has0_F1_score: 0.8615  Non0_acc_2: 0.9309  Non0_F1_score: 0.9308  Mult_acc_5: 0.7036  Mult_acc_7: 0.6781  MAE: 0.3603  Corr: 0.8969  clm loss: 3.3352 total loss: 5.2159 bn loss: 0.3743 av loss: 0.7867 text loss: 0.3591
2026-01-17 10:51:36,536 - MMSA [INFO] - VAL-(msalm) >>  Has0_acc_2: 0.8167  Has0_F1_score: 0.8228  Non0_acc_2: 0.8588  Non0_F1_score: 0.8588  Mult_acc_5: 0.5697  Mult_acc_7: 0.5537  MAE: 0.4983  Corr: 0.7764  Loss: 0.4969 
2026-01-17 10:55:59,900 - MMSA [INFO] - TRAIN-(msalm) [6/11/2] >> loss: 0.3488  Has0_acc_2: 0.8670  Has0_F1_score: 0.8712  Non0_acc_2: 0.9369  Non0_F1_score: 0.9369  Mult_acc_5: 0.7184  Mult_acc_7: 0.6931  MAE: 0.3478  Corr: 0.9052  clm loss: 3.311 total loss: 5.1437 bn loss: 0.3571 av loss: 0.7871 text loss: 0.3397
2026-01-17 10:56:08,946 - MMSA [INFO] - VAL-(msalm) >>  Has0_acc_2: 0.8135  Has0_F1_score: 0.8202  Non0_acc_2: 0.8595  Non0_F1_score: 0.8597  Mult_acc_5: 0.5708  Mult_acc_7: 0.5575  MAE: 0.4969  Corr: 0.7764  Loss: 0.4960 
2026-01-17 11:00:32,116 - MMSA [INFO] - TRAIN-(msalm) [7/12/2] >> loss: 0.3345  Has0_acc_2: 0.8672  Has0_F1_score: 0.8715  Non0_acc_2: 0.9416  Non0_F1_score: 0.9416  Mult_acc_5: 0.7270  Mult_acc_7: 0.7019  MAE: 0.3343  Corr: 0.9128  clm loss: 3.2921 total loss: 5.0815 bn loss: 0.3444 av loss: 0.7862 text loss: 0.3245
2026-01-17 11:00:40,820 - MMSA [INFO] - VAL-(msalm) >>  Has0_acc_2: 0.8124  Has0_F1_score: 0.8190  Non0_acc_2: 0.8554  Non0_F1_score: 0.8555  Mult_acc_5: 0.5687  Mult_acc_7: 0.5542  MAE: 0.5005  Corr: 0.7732  Loss: 0.5007 
2026-01-17 11:05:03,905 - MMSA [INFO] - TRAIN-(msalm) [8/13/2] >> loss: 0.3282  Has0_acc_2: 0.8670  Has0_F1_score: 0.8713  Non0_acc_2: 0.9439  Non0_F1_score: 0.9439  Mult_acc_5: 0.7340  Mult_acc_7: 0.7098  MAE: 0.3281  Corr: 0.9143  clm loss: 3.2941 total loss: 5.0619 bn loss: 0.3388 av loss: 0.7849 text loss: 0.3158
2026-01-17 11:05:12,606 - MMSA [INFO] - VAL-(msalm) >>  Has0_acc_2: 0.8161  Has0_F1_score: 0.8219  Non0_acc_2: 0.8561  Non0_F1_score: 0.8558  Mult_acc_5: 0.5703  Mult_acc_7: 0.5553  MAE: 0.5006  Corr: 0.7724  Loss: 0.5005 
2026-01-17 11:09:35,844 - MMSA [INFO] - TRAIN-(msalm) [9/14/2] >> loss: 0.3155  Has0_acc_2: 0.8683  Has0_F1_score: 0.8726  Non0_acc_2: 0.9481  Non0_F1_score: 0.9481  Mult_acc_5: 0.7421  Mult_acc_7: 0.7168  MAE: 0.3151  Corr: 0.9210  clm loss: 3.2832 total loss: 5.0129 bn loss: 0.3258 av loss: 0.7852 text loss: 0.3033
2026-01-17 11:09:44,844 - MMSA [INFO] - VAL-(msalm) >>  Has0_acc_2: 0.8119  Has0_F1_score: 0.8184  Non0_acc_2: 0.8533  Non0_F1_score: 0.8534  Mult_acc_5: 0.5676  Mult_acc_7: 0.5526  MAE: 0.5063  Corr: 0.7742  Loss: 0.5085 
2026-01-17 11:14:08,035 - MMSA [INFO] - TRAIN-(msalm) [10/15/2] >> loss: 0.3105  Has0_acc_2: 0.8702  Has0_F1_score: 0.8745  Non0_acc_2: 0.9492  Non0_F1_score: 0.9491  Mult_acc_5: 0.7491  Mult_acc_7: 0.7235  MAE: 0.3107  Corr: 0.9234  clm loss: 3.2649 total loss: 4.973 bn loss: 0.3181 av loss: 0.7853 text loss: 0.2941
2026-01-17 11:14:16,765 - MMSA [INFO] - VAL-(msalm) >>  Has0_acc_2: 0.8161  Has0_F1_score: 0.8220  Non0_acc_2: 0.8554  Non0_F1_score: 0.8552  Mult_acc_5: 0.5724  Mult_acc_7: 0.5575  MAE: 0.5038  Corr: 0.7707  Loss: 0.5033 
2026-01-17 11:14:38,235 - MMSA [INFO] - TEST-(msalm) >>  Has0_acc_2: 0.8167  Has0_F1_score: 0.8226  Non0_acc_2: 0.8668  Non0_F1_score: 0.8670  Mult_acc_5: 0.5718  Mult_acc_7: 0.5518  MAE: 0.5065  Corr: 0.8045  Loss: 0.5067 
2026-01-17 11:14:40,560 - MMSA [INFO] - Result for seed 1991: {'Has0_acc_2': 0.8167, 'Has0_F1_score': 0.8226, 'Non0_acc_2': 0.8668, 'Non0_F1_score': 0.867, 'Mult_acc_5': 0.5718, 'Mult_acc_7': 0.5518, 'MAE': 0.5065, 'Corr': 0.8045, 'Loss': 0.5067, 'seed': 1991}
2026-01-17 11:14:40,561 - MMSA [INFO] - ------------------------------ Running with seed 1992 [3/5] ------------------------------
2026-01-17 11:26:35,345 - MMSA [INFO] - The model has 914777996 trainable parameters
2026-01-17 11:30:59,874 - MMSA [INFO] - TRAIN-(msalm) [1/1/3] >> loss: 0.8016  Has0_acc_2: 0.6457  Has0_F1_score: 0.6594  Non0_acc_2: 0.6594  Non0_F1_score: 0.6622  Mult_acc_5: 0.4169  Mult_acc_7: 0.4151  MAE: 0.8022  Corr: 0.3765  clm loss: 4.2611 total loss: 7.6297 bn loss: 0.8326 av loss: 0.893 text loss: 0.8413
2026-01-17 11:31:08,558 - MMSA [INFO] - VAL-(msalm) >>  Has0_acc_2: 0.7664  Has0_F1_score: 0.7769  Non0_acc_2: 0.8039  Non0_F1_score: 0.8061  Mult_acc_5: 0.4816  Mult_acc_7: 0.4682  MAE: 0.6249  Corr: 0.6314  Loss: 0.6227 
2026-01-17 11:35:36,757 - MMSA [INFO] - TRAIN-(msalm) [1/2/3] >> loss: 0.606  Has0_acc_2: 0.7822  Has0_F1_score: 0.7892  Non0_acc_2: 0.8226  Non0_F1_score: 0.8231  Mult_acc_5: 0.5096  Mult_acc_7: 0.4957  MAE: 0.6052  Corr: 0.7028  clm loss: 3.7732 total loss: 6.4927 bn loss: 0.6287 av loss: 0.8108 text loss: 0.674
2026-01-17 11:35:45,477 - MMSA [INFO] - VAL-(msalm) >>  Has0_acc_2: 0.7948  Has0_F1_score: 0.8037  Non0_acc_2: 0.8498  Non0_F1_score: 0.8509  Mult_acc_5: 0.5628  Mult_acc_7: 0.5478  MAE: 0.5305  Corr: 0.7418  Loss: 0.5298 
2026-01-17 11:40:12,685 - MMSA [INFO] - TRAIN-(msalm) [1/3/3] >> loss: 0.5347  Has0_acc_2: 0.8102  Has0_F1_score: 0.8157  Non0_acc_2: 0.8551  Non0_F1_score: 0.8549  Mult_acc_5: 0.5603  Mult_acc_7: 0.5405  MAE: 0.5352  Corr: 0.7707  clm loss: 3.6332 total loss: 6.0878 bn loss: 0.5369 av loss: 0.7987 text loss: 0.5842
2026-01-17 11:40:21,413 - MMSA [INFO] - VAL-(msalm) >>  Has0_acc_2: 0.8247  Has0_F1_score: 0.8305  Non0_acc_2: 0.8658  Non0_F1_score: 0.8659  Mult_acc_5: 0.5756  Mult_acc_7: 0.5665  MAE: 0.4971  Corr: 0.7665  Loss: 0.4985 
2026-01-17 11:44:49,216 - MMSA [INFO] - TRAIN-(msalm) [1/4/3] >> loss: 0.5009  Has0_acc_2: 0.8231  Has0_F1_score: 0.8280  Non0_acc_2: 0.8717  Non0_F1_score: 0.8714  Mult_acc_5: 0.5862  Mult_acc_7: 0.5639  MAE: 0.5008  Corr: 0.8010  clm loss: 3.543 total loss: 5.8801 bn loss: 0.5043 av loss: 0.7952 text loss: 0.5366
2026-01-17 11:44:57,969 - MMSA [INFO] - VAL-(msalm) >>  Has0_acc_2: 0.8482  Has0_F1_score: 0.8495  Non0_acc_2: 0.8644  Non0_F1_score: 0.8622  Mult_acc_5: 0.5730  Mult_acc_7: 0.5569  MAE: 0.5056  Corr: 0.7762  Loss: 0.5044 
2026-01-17 11:49:20,880 - MMSA [INFO] - TRAIN-(msalm) [2/5/3] >> loss: 0.473  Has0_acc_2: 0.8318  Has0_F1_score: 0.8365  Non0_acc_2: 0.8830  Non0_F1_score: 0.8828  Mult_acc_5: 0.6066  Mult_acc_7: 0.5829  MAE: 0.4729  Corr: 0.8240  clm loss: 3.4878 total loss: 5.7328 bn loss: 0.4775 av loss: 0.794 text loss: 0.5004
2026-01-17 11:49:29,628 - MMSA [INFO] - VAL-(msalm) >>  Has0_acc_2: 0.8268  Has0_F1_score: 0.8321  Non0_acc_2: 0.8616  Non0_F1_score: 0.8615  Mult_acc_5: 0.5697  Mult_acc_7: 0.5548  MAE: 0.4918  Corr: 0.7793  Loss: 0.4914 
2026-01-17 11:53:57,766 - MMSA [INFO] - TRAIN-(msalm) [1/6/3] >> loss: 0.4509  Has0_acc_2: 0.8369  Has0_F1_score: 0.8417  Non0_acc_2: 0.8941  Non0_F1_score: 0.8939  Mult_acc_5: 0.6267  Mult_acc_7: 0.6030  MAE: 0.4511  Corr: 0.8398  clm loss: 3.4472 total loss: 5.6091 bn loss: 0.4524 av loss: 0.7914 text loss: 0.4672
2026-01-17 11:54:06,514 - MMSA [INFO] - VAL-(msalm) >>  Has0_acc_2: 0.8065  Has0_F1_score: 0.8148  Non0_acc_2: 0.8533  Non0_F1_score: 0.8547  Mult_acc_5: 0.5778  Mult_acc_7: 0.5676  MAE: 0.4880  Corr: 0.7803  Loss: 0.4873 
2026-01-17 11:58:34,557 - MMSA [INFO] - TRAIN-(msalm) [1/7/3] >> loss: 0.4248  Has0_acc_2: 0.8475  Has0_F1_score: 0.8521  Non0_acc_2: 0.9044  Non0_F1_score: 0.9044  Mult_acc_5: 0.6487  Mult_acc_7: 0.6240  MAE: 0.4250  Corr: 0.8560  clm loss: 3.4117 total loss: 5.4943 bn loss: 0.4334 av loss: 0.7899 text loss: 0.4345
2026-01-17 11:58:43,333 - MMSA [INFO] - VAL-(msalm) >>  Has0_acc_2: 0.8258  Has0_F1_score: 0.8308  Non0_acc_2: 0.8581  Non0_F1_score: 0.8579  Mult_acc_5: 0.5804  Mult_acc_7: 0.5665  MAE: 0.4894  Corr: 0.7785  Loss: 0.4888 
2026-01-17 12:03:06,293 - MMSA [INFO] - TRAIN-(msalm) [2/8/3] >> loss: 0.3995  Has0_acc_2: 0.8535  Has0_F1_score: 0.8579  Non0_acc_2: 0.9168  Non0_F1_score: 0.9167  Mult_acc_5: 0.6695  Mult_acc_7: 0.6447  MAE: 0.3997  Corr: 0.8732  clm loss: 3.383 total loss: 5.3883 bn loss: 0.4096 av loss: 0.7892 text loss: 0.407
2026-01-17 12:03:15,015 - MMSA [INFO] - VAL-(msalm) >>  Has0_acc_2: 0.8359  Has0_F1_score: 0.8406  Non0_acc_2: 0.8658  Non0_F1_score: 0.8658  Mult_acc_5: 0.5703  Mult_acc_7: 0.5569  MAE: 0.4972  Corr: 0.7762  Loss: 0.4959 
2026-01-17 12:07:37,712 - MMSA [INFO] - TRAIN-(msalm) [3/9/3] >> loss: 0.3827  Has0_acc_2: 0.8550  Has0_F1_score: 0.8595  Non0_acc_2: 0.9206  Non0_F1_score: 0.9206  Mult_acc_5: 0.6813  Mult_acc_7: 0.6567  MAE: 0.3829  Corr: 0.8853  clm loss: 3.358 total loss: 5.3033 bn loss: 0.3921 av loss: 0.7884 text loss: 0.3821
2026-01-17 12:07:46,458 - MMSA [INFO] - VAL-(msalm) >>  Has0_acc_2: 0.8220  Has0_F1_score: 0.8284  Non0_acc_2: 0.8588  Non0_F1_score: 0.8595  Mult_acc_5: 0.5756  Mult_acc_7: 0.5585  MAE: 0.5144  Corr: 0.7728  Loss: 0.5146 
2026-01-17 12:12:09,419 - MMSA [INFO] - TRAIN-(msalm) [4/10/3] >> loss: 0.3703  Has0_acc_2: 0.8553  Has0_F1_score: 0.8599  Non0_acc_2: 0.9252  Non0_F1_score: 0.9252  Mult_acc_5: 0.6950  Mult_acc_7: 0.6696  MAE: 0.3700  Corr: 0.8902  clm loss: 3.3478 total loss: 5.2514 bn loss: 0.3797 av loss: 0.7869 text loss: 0.3667
2026-01-17 12:12:18,173 - MMSA [INFO] - VAL-(msalm) >>  Has0_acc_2: 0.8365  Has0_F1_score: 0.8403  Non0_acc_2: 0.8644  Non0_F1_score: 0.8637  Mult_acc_5: 0.5607  Mult_acc_7: 0.5446  MAE: 0.5066  Corr: 0.7714  Loss: 0.5062 
2026-01-17 12:16:40,860 - MMSA [INFO] - TRAIN-(msalm) [5/11/3] >> loss: 0.346  Has0_acc_2: 0.8635  Has0_F1_score: 0.8679  Non0_acc_2: 0.9352  Non0_F1_score: 0.9351  Mult_acc_5: 0.7179  Mult_acc_7: 0.6928  MAE: 0.3463  Corr: 0.9052  clm loss: 3.314 total loss: 5.1462 bn loss: 0.3577 av loss: 0.7877 text loss: 0.3409
2026-01-17 12:16:49,584 - MMSA [INFO] - VAL-(msalm) >>  Has0_acc_2: 0.8226  Has0_F1_score: 0.8281  Non0_acc_2: 0.8547  Non0_F1_score: 0.8548  Mult_acc_5: 0.5735  Mult_acc_7: 0.5591  MAE: 0.4967  Corr: 0.7738  Loss: 0.4957 
2026-01-17 12:21:12,437 - MMSA [INFO] - TRAIN-(msalm) [6/12/3] >> loss: 0.3397  Has0_acc_2: 0.8649  Has0_F1_score: 0.8691  Non0_acc_2: 0.9381  Non0_F1_score: 0.9380  Mult_acc_5: 0.7228  Mult_acc_7: 0.6987  MAE: 0.3398  Corr: 0.9067  clm loss: 3.3035 total loss: 5.1126 bn loss: 0.3517 av loss: 0.7862 text loss: 0.3316
2026-01-17 12:21:21,208 - MMSA [INFO] - VAL-(msalm) >>  Has0_acc_2: 0.8092  Has0_F1_score: 0.8164  Non0_acc_2: 0.8519  Non0_F1_score: 0.8525  Mult_acc_5: 0.5740  Mult_acc_7: 0.5617  MAE: 0.4992  Corr: 0.7712  Loss: 0.4999 
2026-01-17 12:25:43,942 - MMSA [INFO] - TRAIN-(msalm) [7/13/3] >> loss: 0.3206  Has0_acc_2: 0.8659  Has0_F1_score: 0.8703  Non0_acc_2: 0.9432  Non0_F1_score: 0.9432  Mult_acc_5: 0.7385  Mult_acc_7: 0.7133  MAE: 0.3207  Corr: 0.9172  clm loss: 3.2898 total loss: 5.0456 bn loss: 0.3353 av loss: 0.786 text loss: 0.3139
2026-01-17 12:25:52,672 - MMSA [INFO] - VAL-(msalm) >>  Has0_acc_2: 0.8087  Has0_F1_score: 0.8161  Non0_acc_2: 0.8470  Non0_F1_score: 0.8480  Mult_acc_5: 0.5708  Mult_acc_7: 0.5564  MAE: 0.5061  Corr: 0.7694  Loss: 0.5060 
2026-01-17 12:30:15,448 - MMSA [INFO] - TRAIN-(msalm) [8/14/3] >> loss: 0.3173  Has0_acc_2: 0.8658  Has0_F1_score: 0.8703  Non0_acc_2: 0.9446  Non0_F1_score: 0.9446  Mult_acc_5: 0.7417  Mult_acc_7: 0.7163  MAE: 0.3167  Corr: 0.9215  clm loss: 3.2804 total loss: 5.0125 bn loss: 0.3248 av loss: 0.7863 text loss: 0.3038
2026-01-17 12:30:24,466 - MMSA [INFO] - VAL-(msalm) >>  Has0_acc_2: 0.8151  Has0_F1_score: 0.8214  Non0_acc_2: 0.8484  Non0_F1_score: 0.8489  Mult_acc_5: 0.5692  Mult_acc_7: 0.5548  MAE: 0.5040  Corr: 0.7681  Loss: 0.5032 
2026-01-17 12:34:47,111 - MMSA [INFO] - TRAIN-(msalm) [9/15/3] >> loss: 0.312  Has0_acc_2: 0.8675  Has0_F1_score: 0.8718  Non0_acc_2: 0.9456  Non0_F1_score: 0.9455  Mult_acc_5: 0.7437  Mult_acc_7: 0.7198  MAE: 0.3121  Corr: 0.9220  clm loss: 3.2872 total loss: 5.0031 bn loss: 0.32 av loss: 0.7853 text loss: 0.2985
2026-01-17 12:34:55,878 - MMSA [INFO] - VAL-(msalm) >>  Has0_acc_2: 0.8247  Has0_F1_score: 0.8298  Non0_acc_2: 0.8554  Non0_F1_score: 0.8552  Mult_acc_5: 0.5719  Mult_acc_7: 0.5569  MAE: 0.5059  Corr: 0.7672  Loss: 0.5051 
2026-01-17 12:39:18,817 - MMSA [INFO] - TRAIN-(msalm) [10/16/3] >> loss: 0.3099  Has0_acc_2: 0.8673  Has0_F1_score: 0.8717  Non0_acc_2: 0.9490  Non0_F1_score: 0.9489  Mult_acc_5: 0.7473  Mult_acc_7: 0.7216  MAE: 0.3098  Corr: 0.9236  clm loss: 3.2747 total loss: 4.9753 bn loss: 0.314 av loss: 0.785 text loss: 0.2918
2026-01-17 12:39:27,602 - MMSA [INFO] - VAL-(msalm) >>  Has0_acc_2: 0.8129  Has0_F1_score: 0.8199  Non0_acc_2: 0.8491  Non0_F1_score: 0.8499  Mult_acc_5: 0.5751  Mult_acc_7: 0.5612  MAE: 0.5027  Corr: 0.7698  Loss: 0.5035 
2026-01-17 12:39:48,651 - MMSA [INFO] - TEST-(msalm) >>  Has0_acc_2: 0.8045  Has0_F1_score: 0.8117  Non0_acc_2: 0.8591  Non0_F1_score: 0.8600  Mult_acc_5: 0.5718  Mult_acc_7: 0.5523  MAE: 0.5096  Corr: 0.8017  Loss: 0.5091 
2026-01-17 12:39:51,147 - MMSA [INFO] - Result for seed 1992: {'Has0_acc_2': 0.8045, 'Has0_F1_score': 0.8117, 'Non0_acc_2': 0.8591, 'Non0_F1_score': 0.86, 'Mult_acc_5': 0.5718, 'Mult_acc_7': 0.5523, 'MAE': 0.5096, 'Corr': 0.8017, 'Loss': 0.5091, 'seed': 1992}
2026-01-17 12:39:51,148 - MMSA [INFO] - ------------------------------ Running with seed 1993 [4/5] ------------------------------
2026-01-17 12:51:45,101 - MMSA [INFO] - The model has 914777996 trainable parameters
2026-01-17 12:56:09,880 - MMSA [INFO] - TRAIN-(msalm) [1/1/4] >> loss: 1.0765  Has0_acc_2: 0.4017  Has0_F1_score: 0.3435  Non0_acc_2: 0.4837  Non0_F1_score: 0.4194  Mult_acc_5: 0.2900  Mult_acc_7: 0.2764  MAE: 1.0770  Corr: 0.4065  clm loss: 4.2173 total loss: 7.8913 bn loss: 0.8372 av loss: 0.8885 text loss: 0.8718
2026-01-17 12:56:18,652 - MMSA [INFO] - VAL-(msalm) >>  Has0_acc_2: 0.5516  Has0_F1_score: 0.5566  Non0_acc_2: 0.6370  Non0_F1_score: 0.6311  Mult_acc_5: 0.3998  Mult_acc_7: 0.3789  MAE: 0.8870  Corr: 0.6008  Loss: 0.8894 
2026-01-17 13:00:46,763 - MMSA [INFO] - TRAIN-(msalm) [1/2/4] >> loss: 0.8155  Has0_acc_2: 0.5882  Has0_F1_score: 0.5941  Non0_acc_2: 0.6797  Non0_F1_score: 0.6776  Mult_acc_5: 0.4140  Mult_acc_7: 0.3885  MAE: 0.8159  Corr: 0.6805  clm loss: 3.7436 total loss: 6.6654 bn loss: 0.6206 av loss: 0.8117 text loss: 0.6741
2026-01-17 13:00:55,988 - MMSA [INFO] - VAL-(msalm) >>  Has0_acc_2: 0.6697  Has0_F1_score: 0.6862  Non0_acc_2: 0.7677  Non0_F1_score: 0.7726  Mult_acc_5: 0.4848  Mult_acc_7: 0.4634  MAE: 0.6604  Corr: 0.7280  Loss: 0.6595 
2026-01-17 13:05:24,469 - MMSA [INFO] - TRAIN-(msalm) [1/3/4] >> loss: 0.6378  Has0_acc_2: 0.6998  Has0_F1_score: 0.7127  Non0_acc_2: 0.7888  Non0_F1_score: 0.7923  Mult_acc_5: 0.5064  Mult_acc_7: 0.4841  MAE: 0.6367  Corr: 0.7575  clm loss: 3.5984 total loss: 6.1553 bn loss: 0.5335 av loss: 0.8017 text loss: 0.5839
2026-01-17 13:05:33,124 - MMSA [INFO] - VAL-(msalm) >>  Has0_acc_2: 0.7418  Has0_F1_score: 0.7562  Non0_acc_2: 0.8220  Non0_F1_score: 0.8257  Mult_acc_5: 0.5430  Mult_acc_7: 0.5211  MAE: 0.5687  Corr: 0.7661  Loss: 0.5689 
2026-01-17 13:10:01,184 - MMSA [INFO] - TRAIN-(msalm) [1/4/4] >> loss: 0.5394  Has0_acc_2: 0.7702  Has0_F1_score: 0.7805  Non0_acc_2: 0.8450  Non0_F1_score: 0.8471  Mult_acc_5: 0.5685  Mult_acc_7: 0.5442  MAE: 0.5400  Corr: 0.7927  clm loss: 3.5196 total loss: 5.8831 bn loss: 0.4971 av loss: 0.7964 text loss: 0.5306
2026-01-17 13:10:09,843 - MMSA [INFO] - VAL-(msalm) >>  Has0_acc_2: 0.8177  Has0_F1_score: 0.8248  Non0_acc_2: 0.8595  Non0_F1_score: 0.8604  Mult_acc_5: 0.5895  Mult_acc_7: 0.5730  MAE: 0.4997  Corr: 0.7732  Loss: 0.4991 
2026-01-17 13:14:37,806 - MMSA [INFO] - TRAIN-(msalm) [1/5/4] >> loss: 0.4893  Has0_acc_2: 0.8137  Has0_F1_score: 0.8207  Non0_acc_2: 0.8753  Non0_F1_score: 0.8761  Mult_acc_5: 0.5965  Mult_acc_7: 0.5735  MAE: 0.4896  Corr: 0.8177  clm loss: 3.4879 total loss: 5.7478 bn loss: 0.4786 av loss: 0.7948 text loss: 0.4971
2026-01-17 13:14:46,724 - MMSA [INFO] - VAL-(msalm) >>  Has0_acc_2: 0.8210  Has0_F1_score: 0.8260  Non0_acc_2: 0.8554  Non0_F1_score: 0.8548  Mult_acc_5: 0.5858  Mult_acc_7: 0.5708  MAE: 0.4897  Corr: 0.7790  Loss: 0.4901 
2026-01-17 13:19:14,657 - MMSA [INFO] - TRAIN-(msalm) [1/6/4] >> loss: 0.4552  Has0_acc_2: 0.8358  Has0_F1_score: 0.8411  Non0_acc_2: 0.8912  Non0_F1_score: 0.8914  Mult_acc_5: 0.6241  Mult_acc_7: 0.6004  MAE: 0.4552  Corr: 0.8386  clm loss: 3.4391 total loss: 5.6046 bn loss: 0.4535 av loss: 0.7941 text loss: 0.4627
2026-01-17 13:19:23,341 - MMSA [INFO] - VAL-(msalm) >>  Has0_acc_2: 0.8471  Has0_F1_score: 0.8503  Non0_acc_2: 0.8713  Non0_F1_score: 0.8706  Mult_acc_5: 0.5735  Mult_acc_7: 0.5575  MAE: 0.4994  Corr: 0.7810  Loss: 0.5002 
2026-01-17 13:23:45,953 - MMSA [INFO] - TRAIN-(msalm) [2/7/4] >> loss: 0.4317  Has0_acc_2: 0.8393  Has0_F1_score: 0.8443  Non0_acc_2: 0.8975  Non0_F1_score: 0.8975  Mult_acc_5: 0.6447  Mult_acc_7: 0.6224  MAE: 0.4312  Corr: 0.8553  clm loss: 3.3998 total loss: 5.4899 bn loss: 0.4337 av loss: 0.7913 text loss: 0.4334
2026-01-17 13:23:54,732 - MMSA [INFO] - VAL-(msalm) >>  Has0_acc_2: 0.8316  Has0_F1_score: 0.8367  Non0_acc_2: 0.8658  Non0_F1_score: 0.8658  Mult_acc_5: 0.5836  Mult_acc_7: 0.5687  MAE: 0.4938  Corr: 0.7753  Loss: 0.4926 
2026-01-17 13:28:17,417 - MMSA [INFO] - TRAIN-(msalm) [3/8/4] >> loss: 0.4112  Has0_acc_2: 0.8469  Has0_F1_score: 0.8519  Non0_acc_2: 0.9114  Non0_F1_score: 0.9115  Mult_acc_5: 0.6595  Mult_acc_7: 0.6353  MAE: 0.4108  Corr: 0.8674  clm loss: 3.3723 total loss: 5.3957 bn loss: 0.4135 av loss: 0.7903 text loss: 0.4084
2026-01-17 13:28:26,077 - MMSA [INFO] - VAL-(msalm) >>  Has0_acc_2: 0.8161  Has0_F1_score: 0.8234  Non0_acc_2: 0.8623  Non0_F1_score: 0.8631  Mult_acc_5: 0.5772  Mult_acc_7: 0.5633  MAE: 0.4904  Corr: 0.7794  Loss: 0.4893 
2026-01-17 13:32:54,016 - MMSA [INFO] - TRAIN-(msalm) [1/9/4] >> loss: 0.3844  Has0_acc_2: 0.8558  Has0_F1_score: 0.8603  Non0_acc_2: 0.9215  Non0_F1_score: 0.9215  Mult_acc_5: 0.6839  Mult_acc_7: 0.6596  MAE: 0.3843  Corr: 0.8823  clm loss: 3.3519 total loss: 5.3039 bn loss: 0.3931 av loss: 0.789 text loss: 0.3856
2026-01-17 13:33:02,690 - MMSA [INFO] - VAL-(msalm) >>  Has0_acc_2: 0.8231  Has0_F1_score: 0.8293  Non0_acc_2: 0.8609  Non0_F1_score: 0.8615  Mult_acc_5: 0.5724  Mult_acc_7: 0.5601  MAE: 0.4948  Corr: 0.7761  Loss: 0.4959 
2026-01-17 13:37:25,335 - MMSA [INFO] - TRAIN-(msalm) [2/10/4] >> loss: 0.3684  Has0_acc_2: 0.8609  Has0_F1_score: 0.8653  Non0_acc_2: 0.9280  Non0_F1_score: 0.9280  Mult_acc_5: 0.6974  Mult_acc_7: 0.6725  MAE: 0.3676  Corr: 0.8938  clm loss: 3.3142 total loss: 5.2016 bn loss: 0.373 av loss: 0.7881 text loss: 0.3579
2026-01-17 13:37:33,956 - MMSA [INFO] - VAL-(msalm) >>  Has0_acc_2: 0.8455  Has0_F1_score: 0.8475  Non0_acc_2: 0.8623  Non0_F1_score: 0.8607  Mult_acc_5: 0.5676  Mult_acc_7: 0.5516  MAE: 0.5056  Corr: 0.7734  Loss: 0.5050 
2026-01-17 13:41:56,462 - MMSA [INFO] - TRAIN-(msalm) [3/11/4] >> loss: 0.3565  Has0_acc_2: 0.8567  Has0_F1_score: 0.8615  Non0_acc_2: 0.9291  Non0_F1_score: 0.9291  Mult_acc_5: 0.7068  Mult_acc_7: 0.6839  MAE: 0.3563  Corr: 0.8992  clm loss: 3.3073 total loss: 5.1621 bn loss: 0.3637 av loss: 0.7871 text loss: 0.3474
2026-01-17 13:42:05,529 - MMSA [INFO] - VAL-(msalm) >>  Has0_acc_2: 0.8033  Has0_F1_score: 0.8117  Non0_acc_2: 0.8505  Non0_F1_score: 0.8518  Mult_acc_5: 0.5767  Mult_acc_7: 0.5628  MAE: 0.4970  Corr: 0.7778  Loss: 0.4957 
2026-01-17 13:46:28,251 - MMSA [INFO] - TRAIN-(msalm) [4/12/4] >> loss: 0.3386  Has0_acc_2: 0.8616  Has0_F1_score: 0.8662  Non0_acc_2: 0.9344  Non0_F1_score: 0.9344  Mult_acc_5: 0.7214  Mult_acc_7: 0.6956  MAE: 0.3378  Corr: 0.9092  clm loss: 3.2919 total loss: 5.0956 bn loss: 0.3468 av loss: 0.7877 text loss: 0.3306
2026-01-17 13:46:36,913 - MMSA [INFO] - VAL-(msalm) >>  Has0_acc_2: 0.8124  Has0_F1_score: 0.8199  Non0_acc_2: 0.8533  Non0_F1_score: 0.8544  Mult_acc_5: 0.5762  Mult_acc_7: 0.5628  MAE: 0.4987  Corr: 0.7795  Loss: 0.5023 
2026-01-17 13:50:59,619 - MMSA [INFO] - TRAIN-(msalm) [5/13/4] >> loss: 0.3322  Has0_acc_2: 0.8628  Has0_F1_score: 0.8675  Non0_acc_2: 0.9404  Non0_F1_score: 0.9405  Mult_acc_5: 0.7268  Mult_acc_7: 0.7023  MAE: 0.3318  Corr: 0.9123  clm loss: 3.275 total loss: 5.047 bn loss: 0.336 av loss: 0.7871 text loss: 0.3167
2026-01-17 13:51:08,907 - MMSA [INFO] - VAL-(msalm) >>  Has0_acc_2: 0.8274  Has0_F1_score: 0.8323  Non0_acc_2: 0.8567  Non0_F1_score: 0.8566  Mult_acc_5: 0.5708  Mult_acc_7: 0.5569  MAE: 0.4981  Corr: 0.7789  Loss: 0.4963 
2026-01-17 13:55:31,509 - MMSA [INFO] - TRAIN-(msalm) [6/14/4] >> loss: 0.3198  Has0_acc_2: 0.8672  Has0_F1_score: 0.8716  Non0_acc_2: 0.9429  Non0_F1_score: 0.9429  Mult_acc_5: 0.7405  Mult_acc_7: 0.7160  MAE: 0.3198  Corr: 0.9191  clm loss: 3.2579 total loss: 4.9946 bn loss: 0.3253 av loss: 0.7863 text loss: 0.3053
2026-01-17 13:55:40,172 - MMSA [INFO] - VAL-(msalm) >>  Has0_acc_2: 0.8316  Has0_F1_score: 0.8361  Non0_acc_2: 0.8616  Non0_F1_score: 0.8612  Mult_acc_5: 0.5681  Mult_acc_7: 0.5548  MAE: 0.5033  Corr: 0.7775  Loss: 0.5028 
2026-01-17 14:00:02,797 - MMSA [INFO] - TRAIN-(msalm) [7/15/4] >> loss: 0.3152  Has0_acc_2: 0.8630  Has0_F1_score: 0.8678  Non0_acc_2: 0.9435  Non0_F1_score: 0.9436  Mult_acc_5: 0.7483  Mult_acc_7: 0.7230  MAE: 0.3152  Corr: 0.9212  clm loss: 3.2657 total loss: 4.9849 bn loss: 0.3202 av loss: 0.7853 text loss: 0.2985
2026-01-17 14:00:11,585 - MMSA [INFO] - VAL-(msalm) >>  Has0_acc_2: 0.8306  Has0_F1_score: 0.8354  Non0_acc_2: 0.8602  Non0_F1_score: 0.8601  Mult_acc_5: 0.5719  Mult_acc_7: 0.5575  MAE: 0.5019  Corr: 0.7752  Loss: 0.5016 
2026-01-17 14:04:34,435 - MMSA [INFO] - TRAIN-(msalm) [8/16/4] >> loss: 0.309  Has0_acc_2: 0.8673  Has0_F1_score: 0.8718  Non0_acc_2: 0.9481  Non0_F1_score: 0.9482  Mult_acc_5: 0.7503  Mult_acc_7: 0.7258  MAE: 0.3088  Corr: 0.9247  clm loss: 3.2567 total loss: 4.9554 bn loss: 0.3133 av loss: 0.7866 text loss: 0.2899
2026-01-17 14:04:43,087 - MMSA [INFO] - VAL-(msalm) >>  Has0_acc_2: 0.8161  Has0_F1_score: 0.8229  Non0_acc_2: 0.8561  Non0_F1_score: 0.8567  Mult_acc_5: 0.5778  Mult_acc_7: 0.5649  MAE: 0.4979  Corr: 0.7755  Loss: 0.4977 
2026-01-17 14:09:06,046 - MMSA [INFO] - TRAIN-(msalm) [9/17/4] >> loss: 0.3062  Has0_acc_2: 0.8689  Has0_F1_score: 0.8733  Non0_acc_2: 0.9508  Non0_F1_score: 0.9508  Mult_acc_5: 0.7495  Mult_acc_7: 0.7253  MAE: 0.3060  Corr: 0.9260  clm loss: 3.2476 total loss: 4.9352 bn loss: 0.3086 av loss: 0.7856 text loss: 0.2873
2026-01-17 14:09:15,742 - MMSA [INFO] - VAL-(msalm) >>  Has0_acc_2: 0.8348  Has0_F1_score: 0.8390  Non0_acc_2: 0.8623  Non0_F1_score: 0.8619  Mult_acc_5: 0.5703  Mult_acc_7: 0.5559  MAE: 0.5011  Corr: 0.7761  Loss: 0.5012 
2026-01-17 14:13:38,906 - MMSA [INFO] - TRAIN-(msalm) [10/18/4] >> loss: 0.3003  Has0_acc_2: 0.8672  Has0_F1_score: 0.8717  Non0_acc_2: 0.9473  Non0_F1_score: 0.9473  Mult_acc_5: 0.7584  Mult_acc_7: 0.7331  MAE: 0.3004  Corr: 0.9291  clm loss: 3.2391 total loss: 4.9066 bn loss: 0.302 av loss: 0.7845 text loss: 0.2807
2026-01-17 14:13:47,547 - MMSA [INFO] - VAL-(msalm) >>  Has0_acc_2: 0.8242  Has0_F1_score: 0.8300  Non0_acc_2: 0.8623  Non0_F1_score: 0.8625  Mult_acc_5: 0.5724  Mult_acc_7: 0.5596  MAE: 0.4980  Corr: 0.7748  Loss: 0.4973 
2026-01-17 14:14:08,700 - MMSA [INFO] - TEST-(msalm) >>  Has0_acc_2: 0.8109  Has0_F1_score: 0.8174  Non0_acc_2: 0.8616  Non0_F1_score: 0.8622  Mult_acc_5: 0.5707  Mult_acc_7: 0.5518  MAE: 0.5106  Corr: 0.7997  Loss: 0.5106 
2026-01-17 14:14:11,079 - MMSA [INFO] - Result for seed 1993: {'Has0_acc_2': 0.8109, 'Has0_F1_score': 0.8174, 'Non0_acc_2': 0.8616, 'Non0_F1_score': 0.8622, 'Mult_acc_5': 0.5707, 'Mult_acc_7': 0.5518, 'MAE': 0.5106, 'Corr': 0.7997, 'Loss': 0.5106, 'seed': 1993}
2026-01-17 14:14:11,081 - MMSA [INFO] - ------------------------------ Running with seed 1994 [5/5] ------------------------------
2026-01-17 14:26:03,612 - MMSA [INFO] - The model has 914777996 trainable parameters
2026-01-17 14:30:27,516 - MMSA [INFO] - TRAIN-(msalm) [1/1/5] >> loss: 0.8875  Has0_acc_2: 0.5004  Has0_F1_score: 0.4995  Non0_acc_2: 0.5641  Non0_F1_score: 0.5523  Mult_acc_5: 0.3747  Mult_acc_7: 0.3705  MAE: 0.8877  Corr: 0.3712  clm loss: 4.2454 total loss: 7.671 bn loss: 0.8561 av loss: 0.8229 text loss: 0.8591
2026-01-17 14:30:36,279 - MMSA [INFO] - VAL-(msalm) >>  Has0_acc_2: 0.7012  Has0_F1_score: 0.7178  Non0_acc_2: 0.7684  Non0_F1_score: 0.7736  Mult_acc_5: 0.4490  Mult_acc_7: 0.4367  MAE: 0.6858  Corr: 0.5976  Loss: 0.6855 
2026-01-17 14:35:04,856 - MMSA [INFO] - TRAIN-(msalm) [1/2/5] >> loss: 0.6518  Has0_acc_2: 0.7108  Has0_F1_score: 0.7241  Non0_acc_2: 0.7780  Non0_F1_score: 0.7817  Mult_acc_5: 0.4879  Mult_acc_7: 0.4710  MAE: 0.6524  Corr: 0.6867  clm loss: 3.7551 total loss: 6.5227 bn loss: 0.6429 av loss: 0.8035 text loss: 0.6693
2026-01-17 14:35:13,622 - MMSA [INFO] - VAL-(msalm) >>  Has0_acc_2: 0.7782  Has0_F1_score: 0.7898  Non0_acc_2: 0.8463  Non0_F1_score: 0.8490  Mult_acc_5: 0.5505  Mult_acc_7: 0.5441  MAE: 0.5377  Corr: 0.7409  Loss: 0.5364 
2026-01-17 14:39:41,797 - MMSA [INFO] - TRAIN-(msalm) [1/3/5] >> loss: 0.5444  Has0_acc_2: 0.7900  Has0_F1_score: 0.7984  Non0_acc_2: 0.8496  Non0_F1_score: 0.8509  Mult_acc_5: 0.5559  Mult_acc_7: 0.5362  MAE: 0.5447  Corr: 0.7724  clm loss: 3.6043 total loss: 6.058 bn loss: 0.5371 av loss: 0.7965 text loss: 0.5757
2026-01-17 14:39:50,684 - MMSA [INFO] - VAL-(msalm) >>  Has0_acc_2: 0.8242  Has0_F1_score: 0.8306  Non0_acc_2: 0.8637  Non0_F1_score: 0.8644  Mult_acc_5: 0.5788  Mult_acc_7: 0.5681  MAE: 0.5007  Corr: 0.7673  Loss: 0.5028 
2026-01-17 14:44:19,137 - MMSA [INFO] - TRAIN-(msalm) [1/4/5] >> loss: 0.5062  Has0_acc_2: 0.8180  Has0_F1_score: 0.8237  Non0_acc_2: 0.8671  Non0_F1_score: 0.8673  Mult_acc_5: 0.5830  Mult_acc_7: 0.5609  MAE: 0.5059  Corr: 0.7990  clm loss: 3.5339 total loss: 5.8718 bn loss: 0.5025 av loss: 0.7935 text loss: 0.5357
2026-01-17 14:44:27,884 - MMSA [INFO] - VAL-(msalm) >>  Has0_acc_2: 0.8429  Has0_F1_score: 0.8469  Non0_acc_2: 0.8707  Non0_F1_score: 0.8704  Mult_acc_5: 0.5863  Mult_acc_7: 0.5708  MAE: 0.4950  Corr: 0.7744  Loss: 0.4956 
2026-01-17 14:48:56,576 - MMSA [INFO] - TRAIN-(msalm) [1/5/5] >> loss: 0.4764  Has0_acc_2: 0.8306  Has0_F1_score: 0.8357  Non0_acc_2: 0.8810  Non0_F1_score: 0.8810  Mult_acc_5: 0.6069  Mult_acc_7: 0.5842  MAE: 0.4762  Corr: 0.8219  clm loss: 3.478 total loss: 5.7146 bn loss: 0.4755 av loss: 0.7925 text loss: 0.4922
2026-01-17 14:49:05,330 - MMSA [INFO] - VAL-(msalm) >>  Has0_acc_2: 0.7862  Has0_F1_score: 0.7969  Non0_acc_2: 0.8526  Non0_F1_score: 0.8546  Mult_acc_5: 0.5687  Mult_acc_7: 0.5553  MAE: 0.5049  Corr: 0.7726  Loss: 0.5055 
2026-01-17 14:53:28,839 - MMSA [INFO] - TRAIN-(msalm) [2/6/5] >> loss: 0.4474  Has0_acc_2: 0.8395  Has0_F1_score: 0.8442  Non0_acc_2: 0.8951  Non0_F1_score: 0.8951  Mult_acc_5: 0.6282  Mult_acc_7: 0.6052  MAE: 0.4475  Corr: 0.8425  clm loss: 3.4371 total loss: 5.5857 bn loss: 0.4521 av loss: 0.7897 text loss: 0.4593
2026-01-17 14:53:37,629 - MMSA [INFO] - VAL-(msalm) >>  Has0_acc_2: 0.8236  Has0_F1_score: 0.8297  Non0_acc_2: 0.8672  Non0_F1_score: 0.8673  Mult_acc_5: 0.5756  Mult_acc_7: 0.5623  MAE: 0.4972  Corr: 0.7745  Loss: 0.4988 
2026-01-17 14:58:01,094 - MMSA [INFO] - TRAIN-(msalm) [3/7/5] >> loss: 0.424  Has0_acc_2: 0.8471  Has0_F1_score: 0.8518  Non0_acc_2: 0.9064  Non0_F1_score: 0.9064  Mult_acc_5: 0.6447  Mult_acc_7: 0.6209  MAE: 0.4240  Corr: 0.8561  clm loss: 3.4074 total loss: 5.4899 bn loss: 0.4339 av loss: 0.7902 text loss: 0.4346
2026-01-17 14:58:09,869 - MMSA [INFO] - VAL-(msalm) >>  Has0_acc_2: 0.8199  Has0_F1_score: 0.8261  Non0_acc_2: 0.8630  Non0_F1_score: 0.8632  Mult_acc_5: 0.5783  Mult_acc_7: 0.5644  MAE: 0.4924  Corr: 0.7772  Loss: 0.4922 
2026-01-17 15:02:38,680 - MMSA [INFO] - TRAIN-(msalm) [1/8/5] >> loss: 0.3974  Has0_acc_2: 0.8534  Has0_F1_score: 0.8579  Non0_acc_2: 0.9167  Non0_F1_score: 0.9167  Mult_acc_5: 0.6672  Mult_acc_7: 0.6438  MAE: 0.3969  Corr: 0.8756  clm loss: 3.3715 total loss: 5.3708 bn loss: 0.4096 av loss: 0.7884 text loss: 0.4038
2026-01-17 15:02:47,501 - MMSA [INFO] - VAL-(msalm) >>  Has0_acc_2: 0.8210  Has0_F1_score: 0.8270  Non0_acc_2: 0.8595  Non0_F1_score: 0.8597  Mult_acc_5: 0.5751  Mult_acc_7: 0.5607  MAE: 0.4974  Corr: 0.7746  Loss: 0.4972 
2026-01-17 15:07:10,935 - MMSA [INFO] - TRAIN-(msalm) [2/9/5] >> loss: 0.3809  Has0_acc_2: 0.8593  Has0_F1_score: 0.8636  Non0_acc_2: 0.9241  Non0_F1_score: 0.9241  Mult_acc_5: 0.6821  Mult_acc_7: 0.6574  MAE: 0.3802  Corr: 0.8857  clm loss: 3.3577 total loss: 5.3004 bn loss: 0.3921 av loss: 0.7869 text loss: 0.3829
2026-01-17 15:07:19,683 - MMSA [INFO] - VAL-(msalm) >>  Has0_acc_2: 0.8119  Has0_F1_score: 0.8193  Non0_acc_2: 0.8609  Non0_F1_score: 0.8616  Mult_acc_5: 0.5708  Mult_acc_7: 0.5607  MAE: 0.4946  Corr: 0.7758  Loss: 0.4937 
2026-01-17 15:11:43,082 - MMSA [INFO] - TRAIN-(msalm) [3/10/5] >> loss: 0.3674  Has0_acc_2: 0.8580  Has0_F1_score: 0.8624  Non0_acc_2: 0.9285  Non0_F1_score: 0.9284  Mult_acc_5: 0.6999  Mult_acc_7: 0.6741  MAE: 0.3674  Corr: 0.8934  clm loss: 3.3397 total loss: 5.2318 bn loss: 0.3752 av loss: 0.7861 text loss: 0.3636
2026-01-17 15:11:51,881 - MMSA [INFO] - VAL-(msalm) >>  Has0_acc_2: 0.8215  Has0_F1_score: 0.8279  Non0_acc_2: 0.8651  Non0_F1_score: 0.8654  Mult_acc_5: 0.5708  Mult_acc_7: 0.5564  MAE: 0.5025  Corr: 0.7722  Loss: 0.5026 
2026-01-17 15:16:15,354 - MMSA [INFO] - TRAIN-(msalm) [4/11/5] >> loss: 0.3525  Has0_acc_2: 0.8648  Has0_F1_score: 0.8689  Non0_acc_2: 0.9334  Non0_F1_score: 0.9334  Mult_acc_5: 0.7126  Mult_acc_7: 0.6877  MAE: 0.3523  Corr: 0.9020  clm loss: 3.3116 total loss: 5.1512 bn loss: 0.3602 av loss: 0.7857 text loss: 0.3412
2026-01-17 15:16:24,108 - MMSA [INFO] - VAL-(msalm) >>  Has0_acc_2: 0.8295  Has0_F1_score: 0.8349  Non0_acc_2: 0.8700  Non0_F1_score: 0.8699  Mult_acc_5: 0.5730  Mult_acc_7: 0.5596  MAE: 0.4962  Corr: 0.7760  Loss: 0.4953 
2026-01-17 15:20:47,381 - MMSA [INFO] - TRAIN-(msalm) [5/12/5] >> loss: 0.3366  Has0_acc_2: 0.8650  Has0_F1_score: 0.8693  Non0_acc_2: 0.9377  Non0_F1_score: 0.9376  Mult_acc_5: 0.7214  Mult_acc_7: 0.6966  MAE: 0.3363  Corr: 0.9094  clm loss: 3.3041 total loss: 5.1005 bn loss: 0.3462 av loss: 0.7866 text loss: 0.3269
2026-01-17 15:20:56,145 - MMSA [INFO] - VAL-(msalm) >>  Has0_acc_2: 0.8204  Has0_F1_score: 0.8267  Non0_acc_2: 0.8609  Non0_F1_score: 0.8613  Mult_acc_5: 0.5655  Mult_acc_7: 0.5510  MAE: 0.5003  Corr: 0.7720  Loss: 0.5005 
2026-01-17 15:25:19,287 - MMSA [INFO] - TRAIN-(msalm) [6/13/5] >> loss: 0.3225  Has0_acc_2: 0.8678  Has0_F1_score: 0.8721  Non0_acc_2: 0.9442  Non0_F1_score: 0.9442  Mult_acc_5: 0.7342  Mult_acc_7: 0.7103  MAE: 0.3223  Corr: 0.9172  clm loss: 3.2906 total loss: 5.0503 bn loss: 0.3365 av loss: 0.7858 text loss: 0.3148
2026-01-17 15:25:28,174 - MMSA [INFO] - VAL-(msalm) >>  Has0_acc_2: 0.8295  Has0_F1_score: 0.8348  Non0_acc_2: 0.8637  Non0_F1_score: 0.8638  Mult_acc_5: 0.5730  Mult_acc_7: 0.5591  MAE: 0.5016  Corr: 0.7708  Loss: 0.5025 
2026-01-17 15:29:51,194 - MMSA [INFO] - TRAIN-(msalm) [7/14/5] >> loss: 0.3214  Has0_acc_2: 0.8611  Has0_F1_score: 0.8658  Non0_acc_2: 0.9402  Non0_F1_score: 0.9403  Mult_acc_5: 0.7408  Mult_acc_7: 0.7165  MAE: 0.3215  Corr: 0.9174  clm loss: 3.2753 total loss: 5.016 bn loss: 0.3286 av loss: 0.7848 text loss: 0.3058
2026-01-17 15:29:59,999 - MMSA [INFO] - VAL-(msalm) >>  Has0_acc_2: 0.8097  Has0_F1_score: 0.8173  Non0_acc_2: 0.8547  Non0_F1_score: 0.8555  Mult_acc_5: 0.5692  Mult_acc_7: 0.5559  MAE: 0.5020  Corr: 0.7724  Loss: 0.5023 
2026-01-17 15:34:23,080 - MMSA [INFO] - TRAIN-(msalm) [8/15/5] >> loss: 0.3076  Has0_acc_2: 0.8650  Has0_F1_score: 0.8695  Non0_acc_2: 0.9441  Non0_F1_score: 0.9441  Mult_acc_5: 0.7549  Mult_acc_7: 0.7291  MAE: 0.3074  Corr: 0.9252  clm loss: 3.2679 total loss: 4.9681 bn loss: 0.3152 av loss: 0.7841 text loss: 0.2934
2026-01-17 15:34:31,848 - MMSA [INFO] - VAL-(msalm) >>  Has0_acc_2: 0.8332  Has0_F1_score: 0.8376  Non0_acc_2: 0.8658  Non0_F1_score: 0.8652  Mult_acc_5: 0.5681  Mult_acc_7: 0.5532  MAE: 0.5063  Corr: 0.7699  Loss: 0.5059 
2026-01-17 15:38:54,775 - MMSA [INFO] - TRAIN-(msalm) [9/16/5] >> loss: 0.3059  Has0_acc_2: 0.8673  Has0_F1_score: 0.8718  Non0_acc_2: 0.9478  Non0_F1_score: 0.9478  Mult_acc_5: 0.7524  Mult_acc_7: 0.7274  MAE: 0.3060  Corr: 0.9251  clm loss: 3.2704 total loss: 4.9651 bn loss: 0.3138 av loss: 0.7834 text loss: 0.2916
2026-01-17 15:39:03,821 - MMSA [INFO] - VAL-(msalm) >>  Has0_acc_2: 0.8327  Has0_F1_score: 0.8373  Non0_acc_2: 0.8672  Non0_F1_score: 0.8667  Mult_acc_5: 0.5671  Mult_acc_7: 0.5537  MAE: 0.5091  Corr: 0.7720  Loss: 0.5083 
2026-01-17 15:43:26,895 - MMSA [INFO] - TRAIN-(msalm) [10/17/5] >> loss: 0.3024  Has0_acc_2: 0.8734  Has0_F1_score: 0.8775  Non0_acc_2: 0.9500  Non0_F1_score: 0.9500  Mult_acc_5: 0.7581  Mult_acc_7: 0.7340  MAE: 0.3019  Corr: 0.9282  clm loss: 3.2577 total loss: 4.935 bn loss: 0.309 av loss: 0.7842 text loss: 0.2818
2026-01-17 15:43:35,672 - MMSA [INFO] - VAL-(msalm) >>  Has0_acc_2: 0.8316  Has0_F1_score: 0.8363  Non0_acc_2: 0.8686  Non0_F1_score: 0.8680  Mult_acc_5: 0.5708  Mult_acc_7: 0.5559  MAE: 0.5125  Corr: 0.7704  Loss: 0.5119 
2026-01-17 15:43:57,221 - MMSA [INFO] - TEST-(msalm) >>  Has0_acc_2: 0.8128  Has0_F1_score: 0.8191  Non0_acc_2: 0.8624  Non0_F1_score: 0.8629  Mult_acc_5: 0.5774  Mult_acc_7: 0.5600  MAE: 0.5037  Corr: 0.8033  Loss: 0.5039 
2026-01-17 15:43:59,627 - MMSA [INFO] - Result for seed 1994: {'Has0_acc_2': 0.8128, 'Has0_F1_score': 0.8191, 'Non0_acc_2': 0.8624, 'Non0_F1_score': 0.8629, 'Mult_acc_5': 0.5774, 'Mult_acc_7': 0.56, 'MAE': 0.5037, 'Corr': 0.8033, 'Loss': 0.5039, 'seed': 1994}
2026-01-17 15:43:59,681 - MMSA [INFO] - Results saved to MMSA/results/mosei/nf10_k1_0001/thesis-mosei-nf10-k1-01/normal/mosei_avg.csv.
