2026-01-17 08:37:34,192 - MMSA [INFO] - ======================================== Program Start ========================================
2026-01-17 08:37:34,290 - MMSA [INFO] - Running with args:
2026-01-17 08:37:34,290 - MMSA [INFO] - {'model_name': 'msalm', 'dataset_name': 'mosei', 'featurePath': '/leonardo_work/EUHPC_A04_051/alexfil/MSA-Datasets/CMU-MOSEI/Processed/unaligned_50.pkl', 'seq_lens': [50, 500, 375], 'feature_dims': [768, 74, 35], 'train_samples': 16326, 'num_classes': 3, 'language': 'en', 'KeyEval': 'Loss', 'missing_rate': [0.0, 0.0, 0.0], 'missing_seed': [1111, 1111, 1111], 'need_data_aligned': False, 'need_model_aligned': False, 'early_stop': 10, 'use_bert': False, 'use_bert_finetune': False, 'attn_mask': True, 'excludeZero': True, 'update_epochs': 8, 'use_augmentation': False, 'use_m3xup': False, 'hfPath': False, 'use_ulgm': False, 'update_labels_patience': 1, 'H': 3.0, 'del_model': True, 'max_token_len': 50, 'pad_token': '<|endoftext|>', 'lm': '/leonardo_work/EUHPC_A04_051/alexfil/gpt2-large', 'use_bf16': False, 'task_out': 1, 'use_clm': True, 'gamma': 1.0, 'l_bn': 1.0, 'l_av': 1.0, 'l_t': 1.0, 'warmup_epochs': 1, 'max_epochs': 20, 'beta_1': 0.9, 'beta_2': 0.95, 'use_lnorm': True, 'rescale': False, 'rescaler': 'sqrt', 'use_seqaug': True, 'n_bn_fusion': 10, 'modded_loss': True, 'embedding_attr_name': 'transformer.wte', 'decoder_layers_attr_name': 'transformer.h', 'mmgpt': {'type': 'gpt2', 'd_out': 64, 'combine': True, 'dropout': 0.1, 'mm_layer': [7, 14, 21, 28, 35], 'top_k': 1, 'layer_dropout': 0.0, 'dense': True, 'tie_ffn': True, 'n_embd': 1280, 'bias': True, 'kv_dim': 30, 'n_head': 16, 'd_mm': 1280, 'gating': 'sigmoid', 'init_gate': [0.0, 0.0, 0.0, 0.0, 0.0, 0.0, 0.0, 0.0, 0.0, 0.0], 'use_softperm': True, 'p_perm': 0.3, 'p_apply': 0.25, 'use_lora': False, 'lora': {'lora_alpha': 128, 'r': 64, 'lora_dropout': 0.05}}, 'av_enc': {'finetune': True, 'from_pretrained': True, 'path_to_pretrained': '/leonardo_work/EUHPC_A04_051/alexfil/DeepMLF-Reprod/checkpoints/bienc-mosei-1990/bienc-mosei-1990.pth', 'feature_dims': [768, 74, 35], 'd_enc': 30, 'n_embd': 30, 'n_head': 6, 'nlevels': 3, 'd_enc_out': 30, 'maxlen': 50, 'p_mask': 0.15, 'enc_attn_dropout': 0.1, 'enc_res_dropout': 0.1, 'enc_dropout': 0.1, 'use_softperm': True, 'p_perm': 0.2, 'mask_perm_ratio': 0.5, 'tf_fusion': False, 'use_bn': False, 'use_ln': False}, 'gpt': {'vocab_size': 50257, 'block_size': 1024, 'bias': True, 'n_embd': 1024, 'n_layer': 24, 'n_head': 16, 'dropout': 0.0}, 'batch_size': 32, 'grad_clip': 5.0, 'patience': 10, 'weight_decay_mmgpt': 0.1, 'weight_decay_av': 0.1, 'learning_rate_av': 0.0002, 'learning_rate_mmgpt': 0.0002, 'device': device(type='cuda', index=0), 'train_mode': 'regression', 'custom_feature': None, 'feature_T': '', 'feature_A': '', 'feature_V': ''}
2026-01-17 08:37:34,290 - MMSA [INFO] - Seeds: [1990, 1991, 1992, 1993, 1994]
2026-01-17 08:37:34,291 - MMSA [INFO] - ------------------------------ Running with seed 1990 [1/5] ------------------------------
2026-01-17 08:49:52,086 - MMSA [INFO] - The model has 914777996 trainable parameters
2026-01-17 08:54:14,827 - MMSA [INFO] - TRAIN-(msalm) [1/1/1] >> loss: 0.7624  Has0_acc_2: 0.6999  Has0_F1_score: 0.7080  Non0_acc_2: 0.7152  Non0_F1_score: 0.7142  Mult_acc_5: 0.4191  Mult_acc_7: 0.4158  MAE: 0.7626  Corr: 0.4701  clm loss: 4.1415 total loss: 7.5477 bn loss: 0.8179 av loss: 1.0175 text loss: 0.8085
2026-01-17 08:54:23,994 - MMSA [INFO] - VAL-(msalm) >>  Has0_acc_2: 0.7926  Has0_F1_score: 0.8014  Non0_acc_2: 0.8317  Non0_F1_score: 0.8333  Mult_acc_5: 0.5099  Mult_acc_7: 0.5003  MAE: 0.5695  Corr: 0.6926  Loss: 0.5692 
2026-01-17 08:58:50,087 - MMSA [INFO] - TRAIN-(msalm) [1/2/1] >> loss: 0.567  Has0_acc_2: 0.7972  Has0_F1_score: 0.8038  Non0_acc_2: 0.8416  Non0_F1_score: 0.8420  Mult_acc_5: 0.5302  Mult_acc_7: 0.5118  MAE: 0.5671  Corr: 0.7479  clm loss: 3.6479 total loss: 6.2038 bn loss: 0.5692 av loss: 0.8109 text loss: 0.6088
2026-01-17 08:58:58,746 - MMSA [INFO] - VAL-(msalm) >>  Has0_acc_2: 0.8038  Has0_F1_score: 0.8122  Non0_acc_2: 0.8616  Non0_F1_score: 0.8624  Mult_acc_5: 0.5724  Mult_acc_7: 0.5623  MAE: 0.5049  Corr: 0.7647  Loss: 0.5039 
2026-01-17 09:03:25,214 - MMSA [INFO] - TRAIN-(msalm) [1/3/1] >> loss: 0.5049  Has0_acc_2: 0.8230  Has0_F1_score: 0.8281  Non0_acc_2: 0.8732  Non0_F1_score: 0.8730  Mult_acc_5: 0.5842  Mult_acc_7: 0.5629  MAE: 0.5048  Corr: 0.7987  clm loss: 3.5152 total loss: 5.8514 bn loss: 0.5049 av loss: 0.7975 text loss: 0.5289
2026-01-17 09:03:33,806 - MMSA [INFO] - VAL-(msalm) >>  Has0_acc_2: 0.8498  Has0_F1_score: 0.8524  Non0_acc_2: 0.8734  Non0_F1_score: 0.8723  Mult_acc_5: 0.5740  Mult_acc_7: 0.5591  MAE: 0.4983  Corr: 0.7721  Loss: 0.4995 
2026-01-17 09:08:00,674 - MMSA [INFO] - TRAIN-(msalm) [1/4/1] >> loss: 0.4623  Has0_acc_2: 0.8341  Has0_F1_score: 0.8390  Non0_acc_2: 0.8907  Non0_F1_score: 0.8906  Mult_acc_5: 0.6161  Mult_acc_7: 0.5927  MAE: 0.4626  Corr: 0.8301  clm loss: 3.4436 total loss: 5.6347 bn loss: 0.4641 av loss: 0.7939 text loss: 0.4708
2026-01-17 09:08:09,651 - MMSA [INFO] - VAL-(msalm) >>  Has0_acc_2: 0.8450  Has0_F1_score: 0.8487  Non0_acc_2: 0.8755  Non0_F1_score: 0.8749  Mult_acc_5: 0.5724  Mult_acc_7: 0.5580  MAE: 0.4988  Corr: 0.7781  Loss: 0.4976 
2026-01-17 09:12:36,545 - MMSA [INFO] - TRAIN-(msalm) [1/5/1] >> loss: 0.4146  Has0_acc_2: 0.8526  Has0_F1_score: 0.8568  Non0_acc_2: 0.9105  Non0_F1_score: 0.9103  Mult_acc_5: 0.6561  Mult_acc_7: 0.6311  MAE: 0.4149  Corr: 0.8634  clm loss: 3.3675 total loss: 5.4144 bn loss: 0.4232 av loss: 0.7914 text loss: 0.4177
2026-01-17 09:12:45,149 - MMSA [INFO] - VAL-(msalm) >>  Has0_acc_2: 0.8343  Has0_F1_score: 0.8377  Non0_acc_2: 0.8623  Non0_F1_score: 0.8610  Mult_acc_5: 0.5703  Mult_acc_7: 0.5553  MAE: 0.5055  Corr: 0.7723  Loss: 0.5037 
2026-01-17 09:17:06,979 - MMSA [INFO] - TRAIN-(msalm) [2/6/1] >> loss: 0.3908  Has0_acc_2: 0.8545  Has0_F1_score: 0.8591  Non0_acc_2: 0.9200  Non0_F1_score: 0.9200  Mult_acc_5: 0.6785  Mult_acc_7: 0.6527  MAE: 0.3910  Corr: 0.8789  clm loss: 3.3221 total loss: 5.2746 bn loss: 0.3922 av loss: 0.7894 text loss: 0.3802
2026-01-17 09:17:15,485 - MMSA [INFO] - VAL-(msalm) >>  Has0_acc_2: 0.8365  Has0_F1_score: 0.8400  Non0_acc_2: 0.8623  Non0_F1_score: 0.8614  Mult_acc_5: 0.5751  Mult_acc_7: 0.5617  MAE: 0.4965  Corr: 0.7747  Loss: 0.4955 
2026-01-17 09:21:41,899 - MMSA [INFO] - TRAIN-(msalm) [1/7/1] >> loss: 0.3579  Has0_acc_2: 0.8612  Has0_F1_score: 0.8654  Non0_acc_2: 0.9318  Non0_F1_score: 0.9316  Mult_acc_5: 0.7093  Mult_acc_7: 0.6826  MAE: 0.3572  Corr: 0.8992  clm loss: 3.2807 total loss: 5.1303 bn loss: 0.3613 av loss: 0.7882 text loss: 0.3421
2026-01-17 09:21:50,521 - MMSA [INFO] - VAL-(msalm) >>  Has0_acc_2: 0.8397  Has0_F1_score: 0.8425  Non0_acc_2: 0.8679  Non0_F1_score: 0.8663  Mult_acc_5: 0.5708  Mult_acc_7: 0.5542  MAE: 0.5152  Corr: 0.7661  Loss: 0.5146 
2026-01-17 09:26:12,095 - MMSA [INFO] - TRAIN-(msalm) [2/8/1] >> loss: 0.3335  Has0_acc_2: 0.8637  Has0_F1_score: 0.8682  Non0_acc_2: 0.9392  Non0_F1_score: 0.9391  Mult_acc_5: 0.7288  Mult_acc_7: 0.7010  MAE: 0.3336  Corr: 0.9126  clm loss: 3.2342 total loss: 4.9985 bn loss: 0.3319 av loss: 0.7868 text loss: 0.312
2026-01-17 09:26:20,531 - MMSA [INFO] - VAL-(msalm) >>  Has0_acc_2: 0.8156  Has0_F1_score: 0.8221  Non0_acc_2: 0.8574  Non0_F1_score: 0.8577  Mult_acc_5: 0.5799  Mult_acc_7: 0.5655  MAE: 0.5067  Corr: 0.7667  Loss: 0.5089 
2026-01-17 09:30:42,085 - MMSA [INFO] - TRAIN-(msalm) [3/9/1] >> loss: 0.3052  Has0_acc_2: 0.8663  Has0_F1_score: 0.8708  Non0_acc_2: 0.9460  Non0_F1_score: 0.9459  Mult_acc_5: 0.7511  Mult_acc_7: 0.7260  MAE: 0.3053  Corr: 0.9269  clm loss: 3.195 total loss: 4.8737 bn loss: 0.3053 av loss: 0.7855 text loss: 0.2826
2026-01-17 09:30:50,708 - MMSA [INFO] - VAL-(msalm) >>  Has0_acc_2: 0.8332  Has0_F1_score: 0.8374  Non0_acc_2: 0.8630  Non0_F1_score: 0.8623  Mult_acc_5: 0.5788  Mult_acc_7: 0.5671  MAE: 0.4985  Corr: 0.7716  Loss: 0.4984 
2026-01-17 09:35:12,344 - MMSA [INFO] - TRAIN-(msalm) [4/10/1] >> loss: 0.2965  Has0_acc_2: 0.8662  Has0_F1_score: 0.8708  Non0_acc_2: 0.9489  Non0_F1_score: 0.9489  Mult_acc_5: 0.7596  Mult_acc_7: 0.7338  MAE: 0.2964  Corr: 0.9307  clm loss: 3.1619 total loss: 4.7983 bn loss: 0.2876 av loss: 0.7839 text loss: 0.2684
2026-01-17 09:35:21,108 - MMSA [INFO] - VAL-(msalm) >>  Has0_acc_2: 0.8001  Has0_F1_score: 0.8089  Non0_acc_2: 0.8567  Non0_F1_score: 0.8579  Mult_acc_5: 0.5660  Mult_acc_7: 0.5510  MAE: 0.5061  Corr: 0.7699  Loss: 0.5048 
2026-01-17 09:39:42,559 - MMSA [INFO] - TRAIN-(msalm) [5/11/1] >> loss: 0.2851  Has0_acc_2: 0.8719  Has0_F1_score: 0.8762  Non0_acc_2: 0.9560  Non0_F1_score: 0.9560  Mult_acc_5: 0.7723  Mult_acc_7: 0.7464  MAE: 0.2847  Corr: 0.9362  clm loss: 3.1294 total loss: 4.7184 bn loss: 0.2702 av loss: 0.7823 text loss: 0.2514
2026-01-17 09:39:51,168 - MMSA [INFO] - VAL-(msalm) >>  Has0_acc_2: 0.8268  Has0_F1_score: 0.8322  Non0_acc_2: 0.8588  Non0_F1_score: 0.8590  Mult_acc_5: 0.5697  Mult_acc_7: 0.5537  MAE: 0.5065  Corr: 0.7680  Loss: 0.5056 
2026-01-17 09:44:12,941 - MMSA [INFO] - TRAIN-(msalm) [6/12/1] >> loss: 0.2696  Has0_acc_2: 0.8735  Has0_F1_score: 0.8778  Non0_acc_2: 0.9585  Non0_F1_score: 0.9585  Mult_acc_5: 0.7859  Mult_acc_7: 0.7603  MAE: 0.2689  Corr: 0.9431  clm loss: 3.1003 total loss: 4.6402 bn loss: 0.2529 av loss: 0.7809 text loss: 0.2364
2026-01-17 09:44:21,596 - MMSA [INFO] - VAL-(msalm) >>  Has0_acc_2: 0.8145  Has0_F1_score: 0.8219  Non0_acc_2: 0.8602  Non0_F1_score: 0.8611  Mult_acc_5: 0.5665  Mult_acc_7: 0.5526  MAE: 0.5071  Corr: 0.7674  Loss: 0.5066 
2026-01-17 09:48:42,946 - MMSA [INFO] - TRAIN-(msalm) [7/13/1] >> loss: 0.2619  Has0_acc_2: 0.8784  Has0_F1_score: 0.8826  Non0_acc_2: 0.9651  Non0_F1_score: 0.9651  Mult_acc_5: 0.7931  Mult_acc_7: 0.7691  MAE: 0.2619  Corr: 0.9461  clm loss: 3.0723 total loss: 4.5754 bn loss: 0.2384 av loss: 0.7813 text loss: 0.2215
2026-01-17 09:48:51,536 - MMSA [INFO] - VAL-(msalm) >>  Has0_acc_2: 0.8076  Has0_F1_score: 0.8155  Non0_acc_2: 0.8595  Non0_F1_score: 0.8604  Mult_acc_5: 0.5676  Mult_acc_7: 0.5548  MAE: 0.5024  Corr: 0.7688  Loss: 0.5007 
2026-01-17 09:53:13,381 - MMSA [INFO] - TRAIN-(msalm) [8/14/1] >> loss: 0.2511  Has0_acc_2: 0.8761  Has0_F1_score: 0.8804  Non0_acc_2: 0.9657  Non0_F1_score: 0.9657  Mult_acc_5: 0.8027  Mult_acc_7: 0.7781  MAE: 0.2506  Corr: 0.9521  clm loss: 3.0478 total loss: 4.509 bn loss: 0.2225 av loss: 0.7803 text loss: 0.2073
2026-01-17 09:53:21,933 - MMSA [INFO] - VAL-(msalm) >>  Has0_acc_2: 0.8343  Has0_F1_score: 0.8384  Non0_acc_2: 0.8609  Non0_F1_score: 0.8604  Mult_acc_5: 0.5714  Mult_acc_7: 0.5559  MAE: 0.5089  Corr: 0.7697  Loss: 0.5079 
2026-01-17 09:57:44,296 - MMSA [INFO] - TRAIN-(msalm) [9/15/1] >> loss: 0.2376  Has0_acc_2: 0.8798  Has0_F1_score: 0.8839  Non0_acc_2: 0.9691  Non0_F1_score: 0.9691  Mult_acc_5: 0.8162  Mult_acc_7: 0.7928  MAE: 0.2377  Corr: 0.9562  clm loss: 3.023 total loss: 4.4528 bn loss: 0.2137 av loss: 0.7796 text loss: 0.1988
2026-01-17 09:57:53,166 - MMSA [INFO] - VAL-(msalm) >>  Has0_acc_2: 0.8183  Has0_F1_score: 0.8253  Non0_acc_2: 0.8581  Non0_F1_score: 0.8591  Mult_acc_5: 0.5708  Mult_acc_7: 0.5548  MAE: 0.5017  Corr: 0.7693  Loss: 0.5030 
2026-01-17 10:02:14,914 - MMSA [INFO] - TRAIN-(msalm) [10/16/1] >> loss: 0.2329  Has0_acc_2: 0.8806  Has0_F1_score: 0.8848  Non0_acc_2: 0.9712  Non0_F1_score: 0.9712  Mult_acc_5: 0.8194  Mult_acc_7: 0.7960  MAE: 0.2329  Corr: 0.9567  clm loss: 3.0233 total loss: 4.4424 bn loss: 0.2096 av loss: 0.779 text loss: 0.1976
2026-01-17 10:02:23,922 - MMSA [INFO] - VAL-(msalm) >>  Has0_acc_2: 0.8268  Has0_F1_score: 0.8318  Non0_acc_2: 0.8595  Non0_F1_score: 0.8593  Mult_acc_5: 0.5730  Mult_acc_7: 0.5580  MAE: 0.5020  Corr: 0.7688  Loss: 0.5021 
2026-01-17 10:02:45,305 - MMSA [INFO] - TEST-(msalm) >>  Has0_acc_2: 0.8315  Has0_F1_score: 0.8354  Non0_acc_2: 0.8663  Non0_F1_score: 0.8658  Mult_acc_5: 0.5712  Mult_acc_7: 0.5495  MAE: 0.5101  Corr: 0.7977  Loss: 0.5100 
2026-01-17 10:02:47,448 - MMSA [INFO] - Result for seed 1990: {'Has0_acc_2': 0.8315, 'Has0_F1_score': 0.8354, 'Non0_acc_2': 0.8663, 'Non0_F1_score': 0.8658, 'Mult_acc_5': 0.5712, 'Mult_acc_7': 0.5495, 'MAE': 0.5101, 'Corr': 0.7977, 'Loss': 0.51, 'seed': 1990}
2026-01-17 10:02:47,450 - MMSA [INFO] - ------------------------------ Running with seed 1991 [2/5] ------------------------------
2026-01-17 10:14:37,995 - MMSA [INFO] - The model has 914777996 trainable parameters
2026-01-17 10:19:00,967 - MMSA [INFO] - TRAIN-(msalm) [1/1/2] >> loss: 0.7837  Has0_acc_2: 0.6227  Has0_F1_score: 0.6385  Non0_acc_2: 0.6721  Non0_F1_score: 0.6766  Mult_acc_5: 0.4201  Mult_acc_7: 0.4135  MAE: 0.7833  Corr: 0.4873  clm loss: 4.1435 total loss: 7.4303 bn loss: 0.8119 av loss: 0.8424 text loss: 0.8488
2026-01-17 10:19:09,457 - MMSA [INFO] - VAL-(msalm) >>  Has0_acc_2: 0.7344  Has0_F1_score: 0.7490  Non0_acc_2: 0.8046  Non0_F1_score: 0.8086  Mult_acc_5: 0.5035  Mult_acc_7: 0.4933  MAE: 0.5966  Corr: 0.6929  Loss: 0.5951 
2026-01-17 10:23:36,491 - MMSA [INFO] - TRAIN-(msalm) [1/2/2] >> loss: 0.571  Has0_acc_2: 0.7888  Has0_F1_score: 0.7963  Non0_acc_2: 0.8370  Non0_F1_score: 0.8379  Mult_acc_5: 0.5330  Mult_acc_7: 0.5160  MAE: 0.5710  Corr: 0.7403  clm loss: 3.6799 total loss: 6.2409 bn loss: 0.5722 av loss: 0.8009 text loss: 0.6169
2026-01-17 10:23:44,990 - MMSA [INFO] - VAL-(msalm) >>  Has0_acc_2: 0.8279  Has0_F1_score: 0.8340  Non0_acc_2: 0.8658  Non0_F1_score: 0.8664  Mult_acc_5: 0.5639  Mult_acc_7: 0.5516  MAE: 0.5020  Corr: 0.7624  Loss: 0.5013 
2026-01-17 10:28:11,905 - MMSA [INFO] - TRAIN-(msalm) [1/3/2] >> loss: 0.5049  Has0_acc_2: 0.8200  Has0_F1_score: 0.8254  Non0_acc_2: 0.8703  Non0_F1_score: 0.8703  Mult_acc_5: 0.5820  Mult_acc_7: 0.5619  MAE: 0.5053  Corr: 0.7975  clm loss: 3.5263 total loss: 5.8645 bn loss: 0.5068 av loss: 0.7958 text loss: 0.5307
2026-01-17 10:28:20,636 - MMSA [INFO] - VAL-(msalm) >>  Has0_acc_2: 0.8407  Has0_F1_score: 0.8453  Non0_acc_2: 0.8734  Non0_F1_score: 0.8733  Mult_acc_5: 0.5639  Mult_acc_7: 0.5484  MAE: 0.4993  Corr: 0.7727  Loss: 0.4981 
2026-01-17 10:32:47,699 - MMSA [INFO] - TRAIN-(msalm) [1/4/2] >> loss: 0.4599  Has0_acc_2: 0.8360  Has0_F1_score: 0.8407  Non0_acc_2: 0.8883  Non0_F1_score: 0.8882  Mult_acc_5: 0.6220  Mult_acc_7: 0.5988  MAE: 0.4594  Corr: 0.8322  clm loss: 3.4385 total loss: 5.6314 bn loss: 0.468 av loss: 0.7924 text loss: 0.4726
2026-01-17 10:32:56,163 - MMSA [INFO] - VAL-(msalm) >>  Has0_acc_2: 0.8124  Has0_F1_score: 0.8201  Non0_acc_2: 0.8644  Non0_F1_score: 0.8652  Mult_acc_5: 0.5751  Mult_acc_7: 0.5628  MAE: 0.4922  Corr: 0.7715  Loss: 0.4913 
2026-01-17 10:37:23,667 - MMSA [INFO] - TRAIN-(msalm) [1/5/2] >> loss: 0.429  Has0_acc_2: 0.8422  Has0_F1_score: 0.8471  Non0_acc_2: 0.9018  Non0_F1_score: 0.9017  Mult_acc_5: 0.6462  Mult_acc_7: 0.6216  MAE: 0.4288  Corr: 0.8531  clm loss: 3.3744 total loss: 5.4503 bn loss: 0.4306 av loss: 0.7898 text loss: 0.4265
2026-01-17 10:37:32,184 - MMSA [INFO] - VAL-(msalm) >>  Has0_acc_2: 0.8322  Has0_F1_score: 0.8367  Non0_acc_2: 0.8644  Non0_F1_score: 0.8640  Mult_acc_5: 0.5799  Mult_acc_7: 0.5660  MAE: 0.4912  Corr: 0.7804  Loss: 0.4915 
2026-01-17 10:41:54,736 - MMSA [INFO] - TRAIN-(msalm) [2/6/2] >> loss: 0.3811  Has0_acc_2: 0.8597  Has0_F1_score: 0.8639  Non0_acc_2: 0.9226  Non0_F1_score: 0.9225  Mult_acc_5: 0.6857  Mult_acc_7: 0.6591  MAE: 0.3808  Corr: 0.8860  clm loss: 3.3141 total loss: 5.2504 bn loss: 0.3917 av loss: 0.7875 text loss: 0.3759
2026-01-17 10:42:03,250 - MMSA [INFO] - VAL-(msalm) >>  Has0_acc_2: 0.8231  Has0_F1_score: 0.8294  Non0_acc_2: 0.8602  Non0_F1_score: 0.8608  Mult_acc_5: 0.5607  Mult_acc_7: 0.5446  MAE: 0.5062  Corr: 0.7699  Loss: 0.5064 
2026-01-17 10:46:25,460 - MMSA [INFO] - TRAIN-(msalm) [3/7/2] >> loss: 0.3583  Has0_acc_2: 0.8629  Has0_F1_score: 0.8673  Non0_acc_2: 0.9327  Non0_F1_score: 0.9328  Mult_acc_5: 0.7075  Mult_acc_7: 0.6804  MAE: 0.3585  Corr: 0.8993  clm loss: 3.2725 total loss: 5.1203 bn loss: 0.3615 av loss: 0.7862 text loss: 0.3418
2026-01-17 10:46:33,904 - MMSA [INFO] - VAL-(msalm) >>  Has0_acc_2: 0.8135  Has0_F1_score: 0.8202  Non0_acc_2: 0.8561  Non0_F1_score: 0.8564  Mult_acc_5: 0.5676  Mult_acc_7: 0.5559  MAE: 0.5077  Corr: 0.7653  Loss: 0.5089 
2026-01-17 10:50:56,290 - MMSA [INFO] - TRAIN-(msalm) [4/8/2] >> loss: 0.3233  Has0_acc_2: 0.8697  Has0_F1_score: 0.8739  Non0_acc_2: 0.9432  Non0_F1_score: 0.9432  Mult_acc_5: 0.7380  Mult_acc_7: 0.7124  MAE: 0.3227  Corr: 0.9172  clm loss: 3.2294 total loss: 4.9834 bn loss: 0.3328 av loss: 0.7853 text loss: 0.3127
2026-01-17 10:51:04,755 - MMSA [INFO] - VAL-(msalm) >>  Has0_acc_2: 0.8306  Has0_F1_score: 0.8358  Non0_acc_2: 0.8713  Non0_F1_score: 0.8711  Mult_acc_5: 0.5730  Mult_acc_7: 0.5575  MAE: 0.5078  Corr: 0.7719  Loss: 0.5083 
2026-01-17 10:55:26,993 - MMSA [INFO] - TRAIN-(msalm) [5/9/2] >> loss: 0.3054  Has0_acc_2: 0.8662  Has0_F1_score: 0.8708  Non0_acc_2: 0.9480  Non0_F1_score: 0.9480  Mult_acc_5: 0.7537  Mult_acc_7: 0.7273  MAE: 0.3054  Corr: 0.9262  clm loss: 3.1917 total loss: 4.8829 bn loss: 0.3135 av loss: 0.7838 text loss: 0.2885
2026-01-17 10:55:35,478 - MMSA [INFO] - VAL-(msalm) >>  Has0_acc_2: 0.8124  Has0_F1_score: 0.8202  Non0_acc_2: 0.8602  Non0_F1_score: 0.8614  Mult_acc_5: 0.5719  Mult_acc_7: 0.5559  MAE: 0.5018  Corr: 0.7703  Loss: 0.4998 
2026-01-17 10:59:57,692 - MMSA [INFO] - TRAIN-(msalm) [6/10/2] >> loss: 0.2923  Has0_acc_2: 0.8703  Has0_F1_score: 0.8746  Non0_acc_2: 0.9526  Non0_F1_score: 0.9526  Mult_acc_5: 0.7668  Mult_acc_7: 0.7403  MAE: 0.2919  Corr: 0.9336  clm loss: 3.1566 total loss: 4.7807 bn loss: 0.286 av loss: 0.7818 text loss: 0.264
2026-01-17 11:00:06,786 - MMSA [INFO] - VAL-(msalm) >>  Has0_acc_2: 0.8220  Has0_F1_score: 0.8277  Non0_acc_2: 0.8595  Non0_F1_score: 0.8595  Mult_acc_5: 0.5665  Mult_acc_7: 0.5516  MAE: 0.5053  Corr: 0.7692  Loss: 0.5038 
2026-01-17 11:04:29,151 - MMSA [INFO] - TRAIN-(msalm) [7/11/2] >> loss: 0.2789  Has0_acc_2: 0.8748  Has0_F1_score: 0.8790  Non0_acc_2: 0.9572  Non0_F1_score: 0.9572  Mult_acc_5: 0.7796  Mult_acc_7: 0.7544  MAE: 0.2779  Corr: 0.9405  clm loss: 3.1177 total loss: 4.6897 bn loss: 0.2667 av loss: 0.7822 text loss: 0.2442
2026-01-17 11:04:37,640 - MMSA [INFO] - VAL-(msalm) >>  Has0_acc_2: 0.8119  Has0_F1_score: 0.8191  Non0_acc_2: 0.8554  Non0_F1_score: 0.8561  Mult_acc_5: 0.5697  Mult_acc_7: 0.5559  MAE: 0.4968  Corr: 0.7713  Loss: 0.4956 
2026-01-17 11:08:59,872 - MMSA [INFO] - TRAIN-(msalm) [8/12/2] >> loss: 0.2653  Has0_acc_2: 0.8761  Has0_F1_score: 0.8804  Non0_acc_2: 0.9608  Non0_F1_score: 0.9608  Mult_acc_5: 0.7916  Mult_acc_7: 0.7674  MAE: 0.2650  Corr: 0.9462  clm loss: 3.0848 total loss: 4.609 bn loss: 0.2483 av loss: 0.7808 text loss: 0.2298
2026-01-17 11:09:08,317 - MMSA [INFO] - VAL-(msalm) >>  Has0_acc_2: 0.8226  Has0_F1_score: 0.8288  Non0_acc_2: 0.8651  Non0_F1_score: 0.8654  Mult_acc_5: 0.5730  Mult_acc_7: 0.5585  MAE: 0.4984  Corr: 0.7686  Loss: 0.4992 
2026-01-17 11:13:30,639 - MMSA [INFO] - TRAIN-(msalm) [9/13/2] >> loss: 0.2596  Has0_acc_2: 0.8763  Has0_F1_score: 0.8806  Non0_acc_2: 0.9649  Non0_F1_score: 0.9649  Mult_acc_5: 0.7967  Mult_acc_7: 0.7721  MAE: 0.2597  Corr: 0.9478  clm loss: 3.0752 total loss: 4.5722 bn loss: 0.2389 av loss: 0.7786 text loss: 0.2198
2026-01-17 11:13:39,104 - MMSA [INFO] - VAL-(msalm) >>  Has0_acc_2: 0.8220  Has0_F1_score: 0.8283  Non0_acc_2: 0.8644  Non0_F1_score: 0.8647  Mult_acc_5: 0.5719  Mult_acc_7: 0.5548  MAE: 0.5004  Corr: 0.7707  Loss: 0.5007 
2026-01-17 11:18:02,184 - MMSA [INFO] - TRAIN-(msalm) [10/14/2] >> loss: 0.2504  Has0_acc_2: 0.8777  Has0_F1_score: 0.8820  Non0_acc_2: 0.9671  Non0_F1_score: 0.9671  Mult_acc_5: 0.8018  Mult_acc_7: 0.7774  MAE: 0.2500  Corr: 0.9503  clm loss: 3.0521 total loss: 4.5215 bn loss: 0.2281 av loss: 0.779 text loss: 0.2118
2026-01-17 11:18:10,627 - MMSA [INFO] - VAL-(msalm) >>  Has0_acc_2: 0.8284  Has0_F1_score: 0.8335  Non0_acc_2: 0.8630  Non0_F1_score: 0.8628  Mult_acc_5: 0.5724  Mult_acc_7: 0.5575  MAE: 0.4986  Corr: 0.7738  Loss: 0.4999 
2026-01-17 11:18:31,651 - MMSA [INFO] - TEST-(msalm) >>  Has0_acc_2: 0.8154  Has0_F1_score: 0.8219  Non0_acc_2: 0.8663  Non0_F1_score: 0.8670  Mult_acc_5: 0.5662  Mult_acc_7: 0.5473  MAE: 0.5071  Corr: 0.7984  Loss: 0.5074 
2026-01-17 11:18:33,785 - MMSA [INFO] - Result for seed 1991: {'Has0_acc_2': 0.8154, 'Has0_F1_score': 0.8219, 'Non0_acc_2': 0.8663, 'Non0_F1_score': 0.867, 'Mult_acc_5': 0.5662, 'Mult_acc_7': 0.5473, 'MAE': 0.5071, 'Corr': 0.7984, 'Loss': 0.5074, 'seed': 1991}
2026-01-17 11:18:33,787 - MMSA [INFO] - ------------------------------ Running with seed 1992 [3/5] ------------------------------
2026-01-17 11:30:20,284 - MMSA [INFO] - The model has 914777996 trainable parameters
2026-01-17 11:34:42,752 - MMSA [INFO] - TRAIN-(msalm) [1/1/3] >> loss: 0.7594  Has0_acc_2: 0.6783  Has0_F1_score: 0.6906  Non0_acc_2: 0.6985  Non0_F1_score: 0.7009  Mult_acc_5: 0.4296  Mult_acc_7: 0.4257  MAE: 0.7598  Corr: 0.4665  clm loss: 4.1392 total loss: 7.3653 bn loss: 0.7902 av loss: 0.8724 text loss: 0.8041
2026-01-17 11:34:51,390 - MMSA [INFO] - VAL-(msalm) >>  Has0_acc_2: 0.7702  Has0_F1_score: 0.7817  Non0_acc_2: 0.8255  Non0_F1_score: 0.8281  Mult_acc_5: 0.5142  Mult_acc_7: 0.5008  MAE: 0.5753  Corr: 0.6991  Loss: 0.5741 
2026-01-17 11:39:17,420 - MMSA [INFO] - TRAIN-(msalm) [1/2/3] >> loss: 0.5627  Has0_acc_2: 0.8036  Has0_F1_score: 0.8092  Non0_acc_2: 0.8452  Non0_F1_score: 0.8451  Mult_acc_5: 0.5387  Mult_acc_7: 0.5191  MAE: 0.5619  Corr: 0.7493  clm loss: 3.645 total loss: 6.1793 bn loss: 0.5589 av loss: 0.8026 text loss: 0.6102
2026-01-17 11:39:26,190 - MMSA [INFO] - VAL-(msalm) >>  Has0_acc_2: 0.8231  Has0_F1_score: 0.8286  Non0_acc_2: 0.8609  Non0_F1_score: 0.8608  Mult_acc_5: 0.5719  Mult_acc_7: 0.5553  MAE: 0.5066  Corr: 0.7647  Loss: 0.5056 
2026-01-17 11:43:52,767 - MMSA [INFO] - TRAIN-(msalm) [1/3/3] >> loss: 0.4984  Has0_acc_2: 0.8238  Has0_F1_score: 0.8289  Non0_acc_2: 0.8727  Non0_F1_score: 0.8725  Mult_acc_5: 0.5925  Mult_acc_7: 0.5699  MAE: 0.4989  Corr: 0.8023  clm loss: 3.5207 total loss: 5.8354 bn loss: 0.4977 av loss: 0.794 text loss: 0.5246
2026-01-17 11:44:01,257 - MMSA [INFO] - VAL-(msalm) >>  Has0_acc_2: 0.8156  Has0_F1_score: 0.8227  Non0_acc_2: 0.8588  Non0_F1_score: 0.8596  Mult_acc_5: 0.5804  Mult_acc_7: 0.5708  MAE: 0.4981  Corr: 0.7687  Loss: 0.4994 
2026-01-17 11:48:28,128 - MMSA [INFO] - TRAIN-(msalm) [1/4/3] >> loss: 0.4547  Has0_acc_2: 0.8392  Has0_F1_score: 0.8437  Non0_acc_2: 0.8916  Non0_F1_score: 0.8914  Mult_acc_5: 0.6234  Mult_acc_7: 0.5995  MAE: 0.4544  Corr: 0.8381  clm loss: 3.4305 total loss: 5.599 bn loss: 0.4576 av loss: 0.7915 text loss: 0.4647
2026-01-17 11:48:36,651 - MMSA [INFO] - VAL-(msalm) >>  Has0_acc_2: 0.8413  Has0_F1_score: 0.8429  Non0_acc_2: 0.8602  Non0_F1_score: 0.8580  Mult_acc_5: 0.5703  Mult_acc_7: 0.5537  MAE: 0.5043  Corr: 0.7745  Loss: 0.5033 
2026-01-17 11:52:58,457 - MMSA [INFO] - TRAIN-(msalm) [2/5/3] >> loss: 0.4174  Has0_acc_2: 0.8477  Has0_F1_score: 0.8524  Non0_acc_2: 0.9101  Non0_F1_score: 0.9100  Mult_acc_5: 0.6544  Mult_acc_7: 0.6299  MAE: 0.4171  Corr: 0.8615  clm loss: 3.3665 total loss: 5.418 bn loss: 0.4241 av loss: 0.7906 text loss: 0.4195
2026-01-17 11:53:06,993 - MMSA [INFO] - VAL-(msalm) >>  Has0_acc_2: 0.8284  Has0_F1_score: 0.8335  Non0_acc_2: 0.8616  Non0_F1_score: 0.8615  Mult_acc_5: 0.5783  Mult_acc_7: 0.5639  MAE: 0.5002  Corr: 0.7758  Loss: 0.5004 
2026-01-17 11:57:28,849 - MMSA [INFO] - TRAIN-(msalm) [3/6/3] >> loss: 0.3839  Has0_acc_2: 0.8548  Has0_F1_score: 0.8595  Non0_acc_2: 0.9247  Non0_F1_score: 0.9247  Mult_acc_5: 0.6832  Mult_acc_7: 0.6565  MAE: 0.3840  Corr: 0.8840  clm loss: 3.3149 total loss: 5.2503 bn loss: 0.3881 av loss: 0.7876 text loss: 0.3758
2026-01-17 11:57:37,321 - MMSA [INFO] - VAL-(msalm) >>  Has0_acc_2: 0.8204  Has0_F1_score: 0.8267  Non0_acc_2: 0.8581  Non0_F1_score: 0.8586  Mult_acc_5: 0.5810  Mult_acc_7: 0.5676  MAE: 0.4969  Corr: 0.7688  Loss: 0.4962 
2026-01-17 12:02:04,289 - MMSA [INFO] - TRAIN-(msalm) [1/7/3] >> loss: 0.3513  Has0_acc_2: 0.8644  Has0_F1_score: 0.8686  Non0_acc_2: 0.9309  Non0_F1_score: 0.9309  Mult_acc_5: 0.7141  Mult_acc_7: 0.6876  MAE: 0.3514  Corr: 0.9016  clm loss: 3.2677 total loss: 5.1052 bn loss: 0.3604 av loss: 0.7857 text loss: 0.3401
2026-01-17 12:02:12,745 - MMSA [INFO] - VAL-(msalm) >>  Has0_acc_2: 0.8193  Has0_F1_score: 0.8252  Non0_acc_2: 0.8540  Non0_F1_score: 0.8541  Mult_acc_5: 0.5885  Mult_acc_7: 0.5719  MAE: 0.4964  Corr: 0.7723  Loss: 0.4958 
2026-01-17 12:06:39,711 - MMSA [INFO] - TRAIN-(msalm) [1/8/3] >> loss: 0.3235  Has0_acc_2: 0.8682  Has0_F1_score: 0.8726  Non0_acc_2: 0.9453  Non0_F1_score: 0.9453  Mult_acc_5: 0.7339  Mult_acc_7: 0.7075  MAE: 0.3236  Corr: 0.9174  clm loss: 3.2267 total loss: 4.9727 bn loss: 0.3286 av loss: 0.7847 text loss: 0.3092
2026-01-17 12:06:48,190 - MMSA [INFO] - VAL-(msalm) >>  Has0_acc_2: 0.8129  Has0_F1_score: 0.8199  Non0_acc_2: 0.8498  Non0_F1_score: 0.8507  Mult_acc_5: 0.5697  Mult_acc_7: 0.5575  MAE: 0.4961  Corr: 0.7690  Loss: 0.4944 
2026-01-17 12:11:15,199 - MMSA [INFO] - TRAIN-(msalm) [1/9/3] >> loss: 0.3067  Has0_acc_2: 0.8659  Has0_F1_score: 0.8704  Non0_acc_2: 0.9478  Non0_F1_score: 0.9477  Mult_acc_5: 0.7492  Mult_acc_7: 0.7233  MAE: 0.3066  Corr: 0.9278  clm loss: 3.1864 total loss: 4.8616 bn loss: 0.3042 av loss: 0.7834 text loss: 0.2809
2026-01-17 12:11:23,745 - MMSA [INFO] - VAL-(msalm) >>  Has0_acc_2: 0.8183  Has0_F1_score: 0.8242  Non0_acc_2: 0.8491  Non0_F1_score: 0.8495  Mult_acc_5: 0.5714  Mult_acc_7: 0.5553  MAE: 0.5111  Corr: 0.7681  Loss: 0.5112 
2026-01-17 12:15:45,626 - MMSA [INFO] - TRAIN-(msalm) [2/10/3] >> loss: 0.2948  Has0_acc_2: 0.8703  Has0_F1_score: 0.8747  Non0_acc_2: 0.9534  Non0_F1_score: 0.9534  Mult_acc_5: 0.7629  Mult_acc_7: 0.7372  MAE: 0.2945  Corr: 0.9317  clm loss: 3.1634 total loss: 4.7962 bn loss: 0.2879 av loss: 0.7819 text loss: 0.2683
2026-01-17 12:15:54,418 - MMSA [INFO] - VAL-(msalm) >>  Has0_acc_2: 0.8402  Has0_F1_score: 0.8423  Non0_acc_2: 0.8554  Non0_F1_score: 0.8537  Mult_acc_5: 0.5607  Mult_acc_7: 0.5441  MAE: 0.5096  Corr: 0.7694  Loss: 0.5093 
2026-01-17 12:20:16,324 - MMSA [INFO] - TRAIN-(msalm) [3/11/3] >> loss: 0.2716  Has0_acc_2: 0.8771  Has0_F1_score: 0.8813  Non0_acc_2: 0.9602  Non0_F1_score: 0.9602  Mult_acc_5: 0.7851  Mult_acc_7: 0.7593  MAE: 0.2717  Corr: 0.9430  clm loss: 3.1141 total loss: 4.6717 bn loss: 0.2619 av loss: 0.7824 text loss: 0.2417
2026-01-17 12:20:24,916 - MMSA [INFO] - VAL-(msalm) >>  Has0_acc_2: 0.8215  Has0_F1_score: 0.8276  Non0_acc_2: 0.8547  Non0_F1_score: 0.8552  Mult_acc_5: 0.5639  Mult_acc_7: 0.5500  MAE: 0.4986  Corr: 0.7715  Loss: 0.4976 
2026-01-17 12:24:46,896 - MMSA [INFO] - TRAIN-(msalm) [4/12/3] >> loss: 0.2669  Has0_acc_2: 0.8748  Has0_F1_score: 0.8792  Non0_acc_2: 0.9615  Non0_F1_score: 0.9615  Mult_acc_5: 0.7884  Mult_acc_7: 0.7640  MAE: 0.2670  Corr: 0.9439  clm loss: 3.0895 total loss: 4.6183 bn loss: 0.251 av loss: 0.7804 text loss: 0.2305
2026-01-17 12:24:55,419 - MMSA [INFO] - VAL-(msalm) >>  Has0_acc_2: 0.8038  Has0_F1_score: 0.8120  Non0_acc_2: 0.8491  Non0_F1_score: 0.8503  Mult_acc_5: 0.5708  Mult_acc_7: 0.5569  MAE: 0.5014  Corr: 0.7697  Loss: 0.5020 
2026-01-17 12:29:17,144 - MMSA [INFO] - TRAIN-(msalm) [5/13/3] >> loss: 0.2479  Has0_acc_2: 0.8754  Has0_F1_score: 0.8798  Non0_acc_2: 0.9660  Non0_F1_score: 0.9660  Mult_acc_5: 0.8065  Mult_acc_7: 0.7824  MAE: 0.2477  Corr: 0.9509  clm loss: 3.0629 total loss: 4.542 bn loss: 0.2341 av loss: 0.7798 text loss: 0.2173
2026-01-17 12:29:25,620 - MMSA [INFO] - VAL-(msalm) >>  Has0_acc_2: 0.8129  Has0_F1_score: 0.8201  Non0_acc_2: 0.8540  Non0_F1_score: 0.8548  Mult_acc_5: 0.5724  Mult_acc_7: 0.5564  MAE: 0.5013  Corr: 0.7703  Loss: 0.5017 
2026-01-17 12:33:47,358 - MMSA [INFO] - TRAIN-(msalm) [6/14/3] >> loss: 0.2489  Has0_acc_2: 0.8755  Has0_F1_score: 0.8799  Non0_acc_2: 0.9651  Non0_F1_score: 0.9651  Mult_acc_5: 0.8055  Mult_acc_7: 0.7792  MAE: 0.2482  Corr: 0.9530  clm loss: 3.0408 total loss: 4.5025 bn loss: 0.223 av loss: 0.7799 text loss: 0.2099
2026-01-17 12:33:55,851 - MMSA [INFO] - VAL-(msalm) >>  Has0_acc_2: 0.8199  Has0_F1_score: 0.8258  Non0_acc_2: 0.8554  Non0_F1_score: 0.8555  Mult_acc_5: 0.5719  Mult_acc_7: 0.5575  MAE: 0.5004  Corr: 0.7719  Loss: 0.4993 
2026-01-17 12:38:17,703 - MMSA [INFO] - TRAIN-(msalm) [7/15/3] >> loss: 0.2438  Has0_acc_2: 0.8779  Has0_F1_score: 0.8822  Non0_acc_2: 0.9680  Non0_F1_score: 0.9680  Mult_acc_5: 0.8099  Mult_acc_7: 0.7867  MAE: 0.2438  Corr: 0.9525  clm loss: 3.0389 total loss: 4.4817 bn loss: 0.2172 av loss: 0.7784 text loss: 0.2034
2026-01-17 12:38:26,517 - MMSA [INFO] - VAL-(msalm) >>  Has0_acc_2: 0.8300  Has0_F1_score: 0.8348  Non0_acc_2: 0.8602  Non0_F1_score: 0.8600  Mult_acc_5: 0.5751  Mult_acc_7: 0.5623  MAE: 0.4987  Corr: 0.7713  Loss: 0.4982 
2026-01-17 12:42:49,076 - MMSA [INFO] - TRAIN-(msalm) [8/16/3] >> loss: 0.2411  Has0_acc_2: 0.8783  Has0_F1_score: 0.8825  Non0_acc_2: 0.9693  Non0_F1_score: 0.9693  Mult_acc_5: 0.8191  Mult_acc_7: 0.7936  MAE: 0.2411  Corr: 0.9550  clm loss: 3.0177 total loss: 4.4412 bn loss: 0.2096 av loss: 0.7777 text loss: 0.1951
2026-01-17 12:42:57,710 - MMSA [INFO] - VAL-(msalm) >>  Has0_acc_2: 0.8071  Has0_F1_score: 0.8151  Non0_acc_2: 0.8519  Non0_F1_score: 0.8531  Mult_acc_5: 0.5794  Mult_acc_7: 0.5660  MAE: 0.4985  Corr: 0.7725  Loss: 0.4990 
2026-01-17 12:47:19,516 - MMSA [INFO] - TRAIN-(msalm) [9/17/3] >> loss: 0.2375  Has0_acc_2: 0.8822  Has0_F1_score: 0.8862  Non0_acc_2: 0.9685  Non0_F1_score: 0.9685  Mult_acc_5: 0.8164  Mult_acc_7: 0.7932  MAE: 0.2375  Corr: 0.9559  clm loss: 2.9996 total loss: 4.4039 bn loss: 0.2029 av loss: 0.7772 text loss: 0.1867
2026-01-17 12:47:27,998 - MMSA [INFO] - VAL-(msalm) >>  Has0_acc_2: 0.8268  Has0_F1_score: 0.8321  Non0_acc_2: 0.8595  Non0_F1_score: 0.8595  Mult_acc_5: 0.5708  Mult_acc_7: 0.5564  MAE: 0.4999  Corr: 0.7708  Loss: 0.4993 
2026-01-17 12:51:50,122 - MMSA [INFO] - TRAIN-(msalm) [10/18/3] >> loss: 0.2275  Has0_acc_2: 0.8834  Has0_F1_score: 0.8875  Non0_acc_2: 0.9734  Non0_F1_score: 0.9734  Mult_acc_5: 0.8276  Mult_acc_7: 0.8051  MAE: 0.2273  Corr: 0.9588  clm loss: 2.9747 total loss: 4.3538 bn loss: 0.1949 av loss: 0.7774 text loss: 0.1793
2026-01-17 12:51:58,881 - MMSA [INFO] - VAL-(msalm) >>  Has0_acc_2: 0.8177  Has0_F1_score: 0.8245  Non0_acc_2: 0.8574  Non0_F1_score: 0.8582  Mult_acc_5: 0.5714  Mult_acc_7: 0.5548  MAE: 0.5008  Corr: 0.7727  Loss: 0.5009 
2026-01-17 12:52:19,491 - MMSA [INFO] - TEST-(msalm) >>  Has0_acc_2: 0.8146  Has0_F1_score: 0.8208  Non0_acc_2: 0.8649  Non0_F1_score: 0.8654  Mult_acc_5: 0.5694  Mult_acc_7: 0.5510  MAE: 0.5139  Corr: 0.7916  Loss: 0.5144 
2026-01-17 12:52:21,685 - MMSA [INFO] - Result for seed 1992: {'Has0_acc_2': 0.8146, 'Has0_F1_score': 0.8208, 'Non0_acc_2': 0.8649, 'Non0_F1_score': 0.8654, 'Mult_acc_5': 0.5694, 'Mult_acc_7': 0.551, 'MAE': 0.5139, 'Corr': 0.7916, 'Loss': 0.5144, 'seed': 1992}
2026-01-17 12:52:21,686 - MMSA [INFO] - ------------------------------ Running with seed 1993 [4/5] ------------------------------
2026-01-17 13:04:10,951 - MMSA [INFO] - The model has 914777996 trainable parameters
2026-01-17 13:08:33,981 - MMSA [INFO] - TRAIN-(msalm) [1/1/4] >> loss: 1.0221  Has0_acc_2: 0.4543  Has0_F1_score: 0.4231  Non0_acc_2: 0.5391  Non0_F1_score: 0.5021  Mult_acc_5: 0.3167  Mult_acc_7: 0.2990  MAE: 1.0225  Corr: 0.4830  clm loss: 4.098 total loss: 7.618 bn loss: 0.7945 av loss: 0.8711 text loss: 0.8324
2026-01-17 13:08:42,702 - MMSA [INFO] - VAL-(msalm) >>  Has0_acc_2: 0.6211  Has0_F1_score: 0.6350  Non0_acc_2: 0.7093  Non0_F1_score: 0.7119  Mult_acc_5: 0.4067  Mult_acc_7: 0.3827  MAE: 0.7976  Corr: 0.6792  Loss: 0.7990 
2026-01-17 13:13:09,176 - MMSA [INFO] - TRAIN-(msalm) [1/2/4] >> loss: 0.6748  Has0_acc_2: 0.6816  Has0_F1_score: 0.6949  Non0_acc_2: 0.7670  Non0_F1_score: 0.7706  Mult_acc_5: 0.4840  Mult_acc_7: 0.4585  MAE: 0.6752  Corr: 0.7260  clm loss: 3.6252 total loss: 6.2686 bn loss: 0.5579 av loss: 0.805 text loss: 0.6056
2026-01-17 13:13:17,588 - MMSA [INFO] - VAL-(msalm) >>  Has0_acc_2: 0.7996  Has0_F1_score: 0.8089  Non0_acc_2: 0.8484  Non0_F1_score: 0.8504  Mult_acc_5: 0.5623  Mult_acc_7: 0.5462  MAE: 0.5230  Corr: 0.7530  Loss: 0.5225 
2026-01-17 13:17:44,249 - MMSA [INFO] - TRAIN-(msalm) [1/3/4] >> loss: 0.5186  Has0_acc_2: 0.8011  Has0_F1_score: 0.8088  Non0_acc_2: 0.8611  Non0_F1_score: 0.8622  Mult_acc_5: 0.5764  Mult_acc_7: 0.5533  MAE: 0.5177  Corr: 0.7952  clm loss: 3.499 total loss: 5.8364 bn loss: 0.4985 av loss: 0.7964 text loss: 0.524
2026-01-17 13:17:52,893 - MMSA [INFO] - VAL-(msalm) >>  Has0_acc_2: 0.8060  Has0_F1_score: 0.8144  Non0_acc_2: 0.8519  Non0_F1_score: 0.8533  Mult_acc_5: 0.5799  Mult_acc_7: 0.5671  MAE: 0.4960  Corr: 0.7788  Loss: 0.4956 
2026-01-17 13:22:20,042 - MMSA [INFO] - TRAIN-(msalm) [1/4/4] >> loss: 0.463  Has0_acc_2: 0.8367  Has0_F1_score: 0.8416  Non0_acc_2: 0.8917  Non0_F1_score: 0.8917  Mult_acc_5: 0.6215  Mult_acc_7: 0.5968  MAE: 0.4630  Corr: 0.8327  clm loss: 3.4128 total loss: 5.5924 bn loss: 0.46 av loss: 0.7921 text loss: 0.4646
2026-01-17 13:22:28,659 - MMSA [INFO] - VAL-(msalm) >>  Has0_acc_2: 0.8274  Has0_F1_score: 0.8330  Non0_acc_2: 0.8679  Non0_F1_score: 0.8679  Mult_acc_5: 0.5874  Mult_acc_7: 0.5740  MAE: 0.4854  Corr: 0.7781  Loss: 0.4851 
2026-01-17 13:26:55,295 - MMSA [INFO] - TRAIN-(msalm) [1/5/4] >> loss: 0.4257  Has0_acc_2: 0.8464  Has0_F1_score: 0.8513  Non0_acc_2: 0.9070  Non0_F1_score: 0.9071  Mult_acc_5: 0.6451  Mult_acc_7: 0.6200  MAE: 0.4258  Corr: 0.8591  clm loss: 3.3701 total loss: 5.4296 bn loss: 0.4247 av loss: 0.7905 text loss: 0.4187
2026-01-17 13:27:04,161 - MMSA [INFO] - VAL-(msalm) >>  Has0_acc_2: 0.8252  Has0_F1_score: 0.8296  Non0_acc_2: 0.8554  Non0_F1_score: 0.8545  Mult_acc_5: 0.5756  Mult_acc_7: 0.5612  MAE: 0.4901  Corr: 0.7816  Loss: 0.4908 
2026-01-17 13:31:26,080 - MMSA [INFO] - TRAIN-(msalm) [2/6/4] >> loss: 0.386  Has0_acc_2: 0.8570  Has0_F1_score: 0.8615  Non0_acc_2: 0.9221  Non0_F1_score: 0.9221  Mult_acc_5: 0.6800  Mult_acc_7: 0.6550  MAE: 0.3858  Corr: 0.8823  clm loss: 3.3103 total loss: 5.2632 bn loss: 0.3951 av loss: 0.7902 text loss: 0.3816
2026-01-17 13:31:34,688 - MMSA [INFO] - VAL-(msalm) >>  Has0_acc_2: 0.8348  Has0_F1_score: 0.8385  Non0_acc_2: 0.8588  Non0_F1_score: 0.8581  Mult_acc_5: 0.5772  Mult_acc_7: 0.5639  MAE: 0.4989  Corr: 0.7739  Loss: 0.4997 
2026-01-17 13:35:56,528 - MMSA [INFO] - TRAIN-(msalm) [3/7/4] >> loss: 0.3575  Has0_acc_2: 0.8619  Has0_F1_score: 0.8664  Non0_acc_2: 0.9309  Non0_F1_score: 0.9310  Mult_acc_5: 0.7111  Mult_acc_7: 0.6862  MAE: 0.3570  Corr: 0.8996  clm loss: 3.2566 total loss: 5.1071 bn loss: 0.3637 av loss: 0.7866 text loss: 0.3428
2026-01-17 13:36:05,091 - MMSA [INFO] - VAL-(msalm) >>  Has0_acc_2: 0.8183  Has0_F1_score: 0.8247  Non0_acc_2: 0.8574  Non0_F1_score: 0.8578  Mult_acc_5: 0.5751  Mult_acc_7: 0.5580  MAE: 0.5081  Corr: 0.7696  Loss: 0.5070 
2026-01-17 13:40:26,817 - MMSA [INFO] - TRAIN-(msalm) [4/8/4] >> loss: 0.3345  Has0_acc_2: 0.8627  Has0_F1_score: 0.8673  Non0_acc_2: 0.9392  Non0_F1_score: 0.9393  Mult_acc_5: 0.7307  Mult_acc_7: 0.7032  MAE: 0.3339  Corr: 0.9127  clm loss: 3.2152 total loss: 4.9796 bn loss: 0.3346 av loss: 0.7855 text loss: 0.3099
2026-01-17 13:40:35,577 - MMSA [INFO] - VAL-(msalm) >>  Has0_acc_2: 0.8135  Has0_F1_score: 0.8205  Non0_acc_2: 0.8533  Non0_F1_score: 0.8540  Mult_acc_5: 0.5735  Mult_acc_7: 0.5575  MAE: 0.5061  Corr: 0.7689  Loss: 0.5055 
2026-01-17 13:44:57,210 - MMSA [INFO] - TRAIN-(msalm) [5/9/4] >> loss: 0.3078  Has0_acc_2: 0.8695  Has0_F1_score: 0.8737  Non0_acc_2: 0.9460  Non0_F1_score: 0.9460  Mult_acc_5: 0.7524  Mult_acc_7: 0.7267  MAE: 0.3075  Corr: 0.9250  clm loss: 3.1803 total loss: 4.8682 bn loss: 0.309 av loss: 0.7834 text loss: 0.2877
2026-01-17 13:45:05,885 - MMSA [INFO] - VAL-(msalm) >>  Has0_acc_2: 0.8359  Has0_F1_score: 0.8402  Non0_acc_2: 0.8609  Non0_F1_score: 0.8607  Mult_acc_5: 0.5890  Mult_acc_7: 0.5778  MAE: 0.4989  Corr: 0.7722  Loss: 0.4992 
2026-01-17 13:49:27,447 - MMSA [INFO] - TRAIN-(msalm) [6/10/4] >> loss: 0.293  Has0_acc_2: 0.8720  Has0_F1_score: 0.8763  Non0_acc_2: 0.9514  Non0_F1_score: 0.9515  Mult_acc_5: 0.7648  Mult_acc_7: 0.7390  MAE: 0.2924  Corr: 0.9327  clm loss: 3.1269 total loss: 4.7499 bn loss: 0.2859 av loss: 0.7822 text loss: 0.2619
2026-01-17 13:49:36,424 - MMSA [INFO] - VAL-(msalm) >>  Has0_acc_2: 0.8487  Has0_F1_score: 0.8514  Non0_acc_2: 0.8686  Non0_F1_score: 0.8676  Mult_acc_5: 0.5655  Mult_acc_7: 0.5489  MAE: 0.5096  Corr: 0.7746  Loss: 0.5092 
2026-01-17 13:53:58,161 - MMSA [INFO] - TRAIN-(msalm) [7/11/4] >> loss: 0.2795  Has0_acc_2: 0.8728  Has0_F1_score: 0.8773  Non0_acc_2: 0.9582  Non0_F1_score: 0.9582  Mult_acc_5: 0.7810  Mult_acc_7: 0.7570  MAE: 0.2791  Corr: 0.9392  clm loss: 3.1053 total loss: 4.6825 bn loss: 0.2686 av loss: 0.7809 text loss: 0.2482
2026-01-17 13:54:06,805 - MMSA [INFO] - VAL-(msalm) >>  Has0_acc_2: 0.8113  Has0_F1_score: 0.8193  Non0_acc_2: 0.8602  Non0_F1_score: 0.8614  Mult_acc_5: 0.5788  Mult_acc_7: 0.5617  MAE: 0.5028  Corr: 0.7743  Loss: 0.5014 
2026-01-17 13:58:28,668 - MMSA [INFO] - TRAIN-(msalm) [8/12/4] >> loss: 0.2662  Has0_acc_2: 0.8755  Has0_F1_score: 0.8797  Non0_acc_2: 0.9580  Non0_F1_score: 0.9580  Mult_acc_5: 0.7908  Mult_acc_7: 0.7649  MAE: 0.2655  Corr: 0.9451  clm loss: 3.0751 total loss: 4.6077 bn loss: 0.2517 av loss: 0.7817 text loss: 0.233
2026-01-17 13:58:37,605 - MMSA [INFO] - VAL-(msalm) >>  Has0_acc_2: 0.8135  Has0_F1_score: 0.8211  Non0_acc_2: 0.8588  Non0_F1_score: 0.8599  Mult_acc_5: 0.5815  Mult_acc_7: 0.5671  MAE: 0.5029  Corr: 0.7749  Loss: 0.5061 
2026-01-17 14:02:59,172 - MMSA [INFO] - TRAIN-(msalm) [9/13/4] >> loss: 0.2606  Has0_acc_2: 0.8729  Has0_F1_score: 0.8774  Non0_acc_2: 0.9621  Non0_F1_score: 0.9622  Mult_acc_5: 0.7964  Mult_acc_7: 0.7711  MAE: 0.2598  Corr: 0.9470  clm loss: 3.0449 total loss: 4.5425 bn loss: 0.2388 av loss: 0.7804 text loss: 0.2179
2026-01-17 14:03:07,800 - MMSA [INFO] - VAL-(msalm) >>  Has0_acc_2: 0.8386  Has0_F1_score: 0.8432  Non0_acc_2: 0.8679  Non0_F1_score: 0.8679  Mult_acc_5: 0.5724  Mult_acc_7: 0.5553  MAE: 0.5007  Corr: 0.7733  Loss: 0.4988 
2026-01-17 14:07:29,450 - MMSA [INFO] - TRAIN-(msalm) [10/14/4] >> loss: 0.2477  Has0_acc_2: 0.8796  Has0_F1_score: 0.8837  Non0_acc_2: 0.9650  Non0_F1_score: 0.9650  Mult_acc_5: 0.8067  Mult_acc_7: 0.7829  MAE: 0.2478  Corr: 0.9522  clm loss: 3.0159 total loss: 4.4768 bn loss: 0.2252 av loss: 0.7794 text loss: 0.2085
2026-01-17 14:07:38,370 - MMSA [INFO] - VAL-(msalm) >>  Has0_acc_2: 0.8231  Has0_F1_score: 0.8292  Non0_acc_2: 0.8609  Non0_F1_score: 0.8613  Mult_acc_5: 0.5788  Mult_acc_7: 0.5623  MAE: 0.4984  Corr: 0.7737  Loss: 0.4980 
2026-01-17 14:07:59,095 - MMSA [INFO] - TEST-(msalm) >>  Has0_acc_2: 0.8244  Has0_F1_score: 0.8294  Non0_acc_2: 0.8676  Non0_F1_score: 0.8676  Mult_acc_5: 0.5731  Mult_acc_7: 0.5518  MAE: 0.5098  Corr: 0.7987  Loss: 0.5093 
2026-01-17 14:08:01,311 - MMSA [INFO] - Result for seed 1993: {'Has0_acc_2': 0.8244, 'Has0_F1_score': 0.8294, 'Non0_acc_2': 0.8676, 'Non0_F1_score': 0.8676, 'Mult_acc_5': 0.5731, 'Mult_acc_7': 0.5518, 'MAE': 0.5098, 'Corr': 0.7987, 'Loss': 0.5093, 'seed': 1993}
2026-01-17 14:08:01,312 - MMSA [INFO] - ------------------------------ Running with seed 1994 [5/5] ------------------------------
2026-01-17 14:19:47,042 - MMSA [INFO] - The model has 914777996 trainable parameters
2026-01-17 14:24:10,106 - MMSA [INFO] - TRAIN-(msalm) [1/1/5] >> loss: 0.8387  Has0_acc_2: 0.5555  Has0_F1_score: 0.5637  Non0_acc_2: 0.6210  Non0_F1_score: 0.6183  Mult_acc_5: 0.3994  Mult_acc_7: 0.3922  MAE: 0.8389  Corr: 0.4593  clm loss: 4.116 total loss: 7.4065 bn loss: 0.8117 av loss: 0.8185 text loss: 0.8218
2026-01-17 14:24:18,969 - MMSA [INFO] - VAL-(msalm) >>  Has0_acc_2: 0.7557  Has0_F1_score: 0.7690  Non0_acc_2: 0.8178  Non0_F1_score: 0.8214  Mult_acc_5: 0.5099  Mult_acc_7: 0.4997  MAE: 0.5978  Corr: 0.6986  Loss: 0.5978 
2026-01-17 14:28:45,892 - MMSA [INFO] - TRAIN-(msalm) [1/2/5] >> loss: 0.5783  Has0_acc_2: 0.7739  Has0_F1_score: 0.7830  Non0_acc_2: 0.8296  Non0_F1_score: 0.8312  Mult_acc_5: 0.5317  Mult_acc_7: 0.5115  MAE: 0.5786  Corr: 0.7408  clm loss: 3.6347 total loss: 6.1829 bn loss: 0.5655 av loss: 0.7988 text loss: 0.6056
2026-01-17 14:28:54,492 - MMSA [INFO] - VAL-(msalm) >>  Has0_acc_2: 0.8391  Has0_F1_score: 0.8440  Non0_acc_2: 0.8762  Non0_F1_score: 0.8762  Mult_acc_5: 0.5730  Mult_acc_7: 0.5612  MAE: 0.4897  Corr: 0.7775  Loss: 0.4877 
2026-01-17 14:33:21,712 - MMSA [INFO] - TRAIN-(msalm) [1/3/5] >> loss: 0.4997  Has0_acc_2: 0.8251  Has0_F1_score: 0.8302  Non0_acc_2: 0.8745  Non0_F1_score: 0.8744  Mult_acc_5: 0.5871  Mult_acc_7: 0.5653  MAE: 0.4997  Corr: 0.8039  clm loss: 3.505 total loss: 5.8231 bn loss: 0.5038 av loss: 0.7924 text loss: 0.5222
2026-01-17 14:33:30,457 - MMSA [INFO] - VAL-(msalm) >>  Has0_acc_2: 0.8370  Has0_F1_score: 0.8409  Non0_acc_2: 0.8651  Non0_F1_score: 0.8644  Mult_acc_5: 0.5826  Mult_acc_7: 0.5703  MAE: 0.4889  Corr: 0.7717  Loss: 0.4906 
2026-01-17 14:37:52,943 - MMSA [INFO] - TRAIN-(msalm) [2/4/5] >> loss: 0.463  Has0_acc_2: 0.8357  Has0_F1_score: 0.8405  Non0_acc_2: 0.8867  Non0_F1_score: 0.8866  Mult_acc_5: 0.6167  Mult_acc_7: 0.5935  MAE: 0.4627  Corr: 0.8320  clm loss: 3.4294 total loss: 5.6207 bn loss: 0.4655 av loss: 0.7909 text loss: 0.4719
2026-01-17 14:38:01,506 - MMSA [INFO] - VAL-(msalm) >>  Has0_acc_2: 0.8407  Has0_F1_score: 0.8444  Non0_acc_2: 0.8713  Non0_F1_score: 0.8706  Mult_acc_5: 0.5783  Mult_acc_7: 0.5612  MAE: 0.4961  Corr: 0.7738  Loss: 0.4967 
2026-01-17 14:42:23,854 - MMSA [INFO] - TRAIN-(msalm) [3/5/5] >> loss: 0.4208  Has0_acc_2: 0.8498  Has0_F1_score: 0.8545  Non0_acc_2: 0.9095  Non0_F1_score: 0.9096  Mult_acc_5: 0.6534  Mult_acc_7: 0.6280  MAE: 0.4206  Corr: 0.8603  clm loss: 3.3628 total loss: 5.4142 bn loss: 0.4236 av loss: 0.7901 text loss: 0.4169
2026-01-17 14:42:32,356 - MMSA [INFO] - VAL-(msalm) >>  Has0_acc_2: 0.7883  Has0_F1_score: 0.7991  Non0_acc_2: 0.8561  Non0_F1_score: 0.8582  Mult_acc_5: 0.5794  Mult_acc_7: 0.5660  MAE: 0.5021  Corr: 0.7660  Loss: 0.5029 
2026-01-17 14:46:54,429 - MMSA [INFO] - TRAIN-(msalm) [4/6/5] >> loss: 0.3851  Has0_acc_2: 0.8524  Has0_F1_score: 0.8572  Non0_acc_2: 0.9192  Non0_F1_score: 0.9192  Mult_acc_5: 0.6810  Mult_acc_7: 0.6582  MAE: 0.3852  Corr: 0.8830  clm loss: 3.3087 total loss: 5.2467 bn loss: 0.3924 av loss: 0.7863 text loss: 0.3741
2026-01-17 14:47:03,494 - MMSA [INFO] - VAL-(msalm) >>  Has0_acc_2: 0.8183  Has0_F1_score: 0.8251  Non0_acc_2: 0.8567  Non0_F1_score: 0.8576  Mult_acc_5: 0.5730  Mult_acc_7: 0.5596  MAE: 0.5041  Corr: 0.7688  Loss: 0.5051 
2026-01-17 14:51:25,487 - MMSA [INFO] - TRAIN-(msalm) [5/7/5] >> loss: 0.3519  Has0_acc_2: 0.8632  Has0_F1_score: 0.8674  Non0_acc_2: 0.9334  Non0_F1_score: 0.9334  Mult_acc_5: 0.7095  Mult_acc_7: 0.6850  MAE: 0.3518  Corr: 0.9011  clm loss: 3.2658 total loss: 5.1086 bn loss: 0.3629 av loss: 0.7872 text loss: 0.3408
2026-01-17 14:51:34,081 - MMSA [INFO] - VAL-(msalm) >>  Has0_acc_2: 0.8113  Has0_F1_score: 0.8182  Non0_acc_2: 0.8561  Non0_F1_score: 0.8563  Mult_acc_5: 0.5746  Mult_acc_7: 0.5612  MAE: 0.4950  Corr: 0.7727  Loss: 0.4946 
2026-01-17 14:55:56,140 - MMSA [INFO] - TRAIN-(msalm) [6/8/5] >> loss: 0.3252  Has0_acc_2: 0.8674  Has0_F1_score: 0.8717  Non0_acc_2: 0.9400  Non0_F1_score: 0.9400  Mult_acc_5: 0.7340  Mult_acc_7: 0.7080  MAE: 0.3246  Corr: 0.9173  clm loss: 3.2146 total loss: 4.9636 bn loss: 0.3324 av loss: 0.7852 text loss: 0.3061
2026-01-17 14:56:04,676 - MMSA [INFO] - VAL-(msalm) >>  Has0_acc_2: 0.8161  Has0_F1_score: 0.8223  Non0_acc_2: 0.8554  Non0_F1_score: 0.8554  Mult_acc_5: 0.5831  Mult_acc_7: 0.5692  MAE: 0.5038  Corr: 0.7732  Loss: 0.5030 
2026-01-17 15:00:26,583 - MMSA [INFO] - TRAIN-(msalm) [7/9/5] >> loss: 0.3036  Has0_acc_2: 0.8690  Has0_F1_score: 0.8734  Non0_acc_2: 0.9481  Non0_F1_score: 0.9481  Mult_acc_5: 0.7564  Mult_acc_7: 0.7302  MAE: 0.3029  Corr: 0.9274  clm loss: 3.1862 total loss: 4.8647 bn loss: 0.3077 av loss: 0.7833 text loss: 0.284
2026-01-17 15:00:35,143 - MMSA [INFO] - VAL-(msalm) >>  Has0_acc_2: 0.7969  Has0_F1_score: 0.8059  Non0_acc_2: 0.8484  Non0_F1_score: 0.8498  Mult_acc_5: 0.5676  Mult_acc_7: 0.5537  MAE: 0.5023  Corr: 0.7739  Loss: 0.5012 
2026-01-17 15:04:57,221 - MMSA [INFO] - TRAIN-(msalm) [8/10/5] >> loss: 0.2959  Has0_acc_2: 0.8693  Has0_F1_score: 0.8738  Non0_acc_2: 0.9503  Non0_F1_score: 0.9503  Mult_acc_5: 0.7607  Mult_acc_7: 0.7325  MAE: 0.2958  Corr: 0.9323  clm loss: 3.1539 total loss: 4.7895 bn loss: 0.2894 av loss: 0.7819 text loss: 0.2685
2026-01-17 15:05:05,799 - MMSA [INFO] - VAL-(msalm) >>  Has0_acc_2: 0.8076  Has0_F1_score: 0.8154  Non0_acc_2: 0.8512  Non0_F1_score: 0.8523  Mult_acc_5: 0.5644  Mult_acc_7: 0.5500  MAE: 0.5034  Corr: 0.7702  Loss: 0.5047 
2026-01-17 15:09:27,898 - MMSA [INFO] - TRAIN-(msalm) [9/11/5] >> loss: 0.2798  Has0_acc_2: 0.8755  Has0_F1_score: 0.8796  Non0_acc_2: 0.9567  Non0_F1_score: 0.9567  Mult_acc_5: 0.7762  Mult_acc_7: 0.7501  MAE: 0.2796  Corr: 0.9388  clm loss: 3.1104 total loss: 4.6873 bn loss: 0.2694 av loss: 0.7811 text loss: 0.2466
2026-01-17 15:09:36,469 - MMSA [INFO] - VAL-(msalm) >>  Has0_acc_2: 0.8242  Has0_F1_score: 0.8299  Non0_acc_2: 0.8672  Non0_F1_score: 0.8671  Mult_acc_5: 0.5772  Mult_acc_7: 0.5612  MAE: 0.5007  Corr: 0.7760  Loss: 0.4998 
2026-01-17 15:13:58,351 - MMSA [INFO] - TRAIN-(msalm) [10/12/5] >> loss: 0.2659  Has0_acc_2: 0.8742  Has0_F1_score: 0.8784  Non0_acc_2: 0.9592  Non0_F1_score: 0.9592  Mult_acc_5: 0.7909  Mult_acc_7: 0.7665  MAE: 0.2654  Corr: 0.9447  clm loss: 3.0891 total loss: 4.622 bn loss: 0.2544 av loss: 0.7817 text loss: 0.2309
2026-01-17 15:14:06,910 - MMSA [INFO] - VAL-(msalm) >>  Has0_acc_2: 0.8161  Has0_F1_score: 0.8230  Non0_acc_2: 0.8602  Non0_F1_score: 0.8608  Mult_acc_5: 0.5767  Mult_acc_7: 0.5644  MAE: 0.4986  Corr: 0.7717  Loss: 0.4995 
2026-01-17 15:14:27,928 - MMSA [INFO] - TEST-(msalm) >>  Has0_acc_2: 0.8326  Has0_F1_score: 0.8367  Non0_acc_2: 0.8649  Non0_F1_score: 0.8648  Mult_acc_5: 0.5630  Mult_acc_7: 0.5488  MAE: 0.5120  Corr: 0.7921  Loss: 0.5126 
2026-01-17 15:14:30,179 - MMSA [INFO] - Result for seed 1994: {'Has0_acc_2': 0.8326, 'Has0_F1_score': 0.8367, 'Non0_acc_2': 0.8649, 'Non0_F1_score': 0.8648, 'Mult_acc_5': 0.563, 'Mult_acc_7': 0.5488, 'MAE': 0.512, 'Corr': 0.7921, 'Loss': 0.5126, 'seed': 1994}
2026-01-17 15:14:30,252 - MMSA [INFO] - Results saved to MMSA/results/mosei/nf10_k1_0002/thesis-mosei-nf10-k1-02/normal/mosei_avg.csv.
