2025-12-28 18:24:45,694 - MMSA [INFO] - ======================================== Program Start ========================================
2025-12-28 18:24:45,790 - MMSA [INFO] - Running with args:
2025-12-28 18:24:45,790 - MMSA [INFO] - {'model_name': 'msalm', 'dataset_name': 'sims', 'featurePath': '/leonardo_work/EUHPC_A04_051/alexfil/MSA-Datasets/CH-SIMS/unaligned_39.pkl', 'seq_lens': [39, 400, 55], 'feature_dims': [768, 33, 709], 'train_samples': 1368, 'num_classes': 3, 'language': 'cn', 'KeyEval': 'Loss', 'missing_rate': [0.0, 0.0, 0.0], 'missing_seed': [1111, 1111, 1111], 'need_data_aligned': False, 'need_model_aligned': False, 'early_stop': 10, 'use_bert': False, 'use_bert_finetune': False, 'attn_mask': True, 'excludeZero': True, 'update_epochs': 8, 'use_augmentation': False, 'use_m3xup': False, 'hfPath': False, 'use_ulgm': False, 'update_labels_patience': 1, 'H': 3.0, 'del_model': True, 'max_token_len': 39, 'pad_token': '<|endoftext|>', 'lm': '/leonardo_work/EUHPC_A04_051/alexfil/gpt2-chinese-cluecorpussmall', 'use_bf16': False, 'task_out': 1, 'use_clm': True, 'gamma': 1.0, 'l_bn': 1.0, 'l_av': 1.0, 'l_t': 1.0, 'warmup_epochs': 1, 'max_epochs': 100, 'beta_1': 0.9, 'beta_2': 0.95, 'use_lnorm': True, 'rescale': False, 'rescaler': 'sqrt', 'use_seqaug': True, 'n_bn_fusion': 20, 'modded_loss': True, 'embedding_attr_name': 'transformer.wte', 'decoder_layers_attr_name': 'transformer.h', 'mmgpt': {'type': 'gpt2', 'd_out': 64, 'combine': True, 'dropout': 0.1, 'mm_layer': [5, 6, 7, 8, 9, 10, 11], 'top_k': 2, 'layer_dropout': 0.0, 'dense': True, 'tie_ffn': True, 'n_embd': 768, 'bias': True, 'kv_dim': 30, 'n_head': 16, 'd_mm': 768, 'gating': 'sigmoid', 'init_gate': [0.0, 0.0, 0.0, 0.0, 0.0, 0.0, 0.0, 0.0, 0.0, 0.0], 'use_softperm': True, 'p_perm': 0.3, 'p_apply': 0.25, 'use_lora': False, 'lora': {'lora_alpha': 128, 'r': 64, 'lora_dropout': 0.05}}, 'av_enc': {'finetune': True, 'from_pretrained': True, 'path_to_pretrained': '/leonardo_work/EUHPC_A04_051/alexfil/DeepMLF-Reprod/checkpoints/bienc-sims-1990/bienc-sims-1990.pth', 'feature_dims': [768, 33, 709], 'd_enc': 30, 'n_embd': 30, 'n_head': 6, 'nlevels': 3, 'd_enc_out': 30, 'maxlen': 55, 'p_mask': 0.15, 'enc_attn_dropout': 0.1, 'enc_res_dropout': 0.1, 'enc_dropout': 0.1, 'use_softperm': True, 'p_perm': 0.2, 'mask_perm_ratio': 0.5, 'tf_fusion': False, 'use_bn': True, 'use_ln': False}, 'gpt': {'vocab_size': 50257, 'block_size': 1024, 'bias': True, 'n_embd': 1024, 'n_layer': 24, 'n_head': 16, 'dropout': 0.0}, 'batch_size': 32, 'grad_clip': 5.0, 'patience': 10, 'weight_decay_mmgpt': 0.1, 'weight_decay_av': 0.1, 'learning_rate_av': 0.0001, 'learning_rate_mmgpt': 0.0001, 'device': device(type='cuda', index=0), 'train_mode': 'regression', 'custom_feature': None, 'feature_T': '', 'feature_A': '', 'feature_V': ''}
2025-12-28 18:24:45,791 - MMSA [INFO] - Seeds: [1990, 1991, 1992, 1993, 1994]
2025-12-28 18:24:45,792 - MMSA [INFO] - ------------------------------ Running with seed 1990 [1/5] ------------------------------
2025-12-28 18:26:04,097 - MMSA [INFO] - The model has 177641651 trainable parameters
2025-12-28 18:27:20,861 - MMSA [INFO] - ======================================== Program Start ========================================
2025-12-28 18:27:20,927 - MMSA [INFO] - Running with args:
2025-12-28 18:27:20,927 - MMSA [INFO] - {'model_name': 'msalm', 'dataset_name': 'sims', 'featurePath': '/leonardo_work/EUHPC_A04_051/alexfil/MSA-Datasets/CH-SIMS/unaligned_39.pkl', 'seq_lens': [39, 400, 55], 'feature_dims': [768, 33, 709], 'train_samples': 1368, 'num_classes': 3, 'language': 'cn', 'KeyEval': 'Loss', 'missing_rate': [0.0, 0.0, 0.0], 'missing_seed': [1111, 1111, 1111], 'need_data_aligned': False, 'need_model_aligned': False, 'early_stop': 10, 'use_bert': False, 'use_bert_finetune': False, 'attn_mask': True, 'excludeZero': True, 'update_epochs': 8, 'use_augmentation': False, 'use_m3xup': False, 'hfPath': False, 'use_ulgm': False, 'update_labels_patience': 1, 'H': 3.0, 'del_model': True, 'max_token_len': 39, 'pad_token': '<|endoftext|>', 'lm': '/leonardo_work/EUHPC_A04_051/alexfil/gpt2-chinese-cluecorpussmall', 'use_bf16': False, 'task_out': 1, 'use_clm': True, 'gamma': 1.0, 'l_bn': 1.0, 'l_av': 1.0, 'l_t': 1.0, 'warmup_epochs': 1, 'max_epochs': 100, 'beta_1': 0.9, 'beta_2': 0.95, 'use_lnorm': True, 'rescale': False, 'rescaler': 'sqrt', 'use_seqaug': True, 'n_bn_fusion': 20, 'modded_loss': True, 'embedding_attr_name': 'transformer.wte', 'decoder_layers_attr_name': 'transformer.h', 'mmgpt': {'type': 'gpt2', 'd_out': 64, 'combine': True, 'dropout': 0.1, 'mm_layer': [5, 6, 7, 8, 9, 10, 11], 'top_k': 2, 'layer_dropout': 0.0, 'dense': True, 'tie_ffn': True, 'n_embd': 768, 'bias': True, 'kv_dim': 30, 'n_head': 16, 'd_mm': 768, 'gating': 'sigmoid', 'init_gate': [0.0, 0.0, 0.0, 0.0, 0.0, 0.0, 0.0, 0.0, 0.0, 0.0], 'use_softperm': True, 'p_perm': 0.3, 'p_apply': 0.25, 'use_lora': False, 'lora': {'lora_alpha': 128, 'r': 64, 'lora_dropout': 0.05}}, 'av_enc': {'finetune': True, 'from_pretrained': True, 'path_to_pretrained': '/leonardo_work/EUHPC_A04_051/alexfil/DeepMLF-Reprod/checkpoints/bienc-sims-1990/bienc-sims-1990.pth', 'feature_dims': [768, 33, 709], 'd_enc': 30, 'n_embd': 30, 'n_head': 6, 'nlevels': 3, 'd_enc_out': 30, 'maxlen': 55, 'p_mask': 0.15, 'enc_attn_dropout': 0.1, 'enc_res_dropout': 0.1, 'enc_dropout': 0.1, 'use_softperm': True, 'p_perm': 0.2, 'mask_perm_ratio': 0.5, 'tf_fusion': False, 'use_bn': True, 'use_ln': False}, 'gpt': {'vocab_size': 50257, 'block_size': 1024, 'bias': True, 'n_embd': 1024, 'n_layer': 24, 'n_head': 16, 'dropout': 0.0}, 'batch_size': 32, 'grad_clip': 5.0, 'patience': 10, 'weight_decay_mmgpt': 0.1, 'weight_decay_av': 0.1, 'learning_rate_av': 0.0001, 'learning_rate_mmgpt': 0.0001, 'device': device(type='cuda', index=0), 'train_mode': 'regression', 'custom_feature': None, 'feature_T': '', 'feature_A': '', 'feature_V': ''}
2025-12-28 18:27:20,927 - MMSA [INFO] - Seeds: [1990, 1991, 1992, 1993, 1994]
2025-12-28 18:27:20,928 - MMSA [INFO] - ------------------------------ Running with seed 1990 [1/5] ------------------------------
2025-12-28 18:28:39,042 - MMSA [INFO] - The model has 177641651 trainable parameters
2025-12-28 18:28:48,686 - MMSA [INFO] - TRAIN-(msalm) [1/1/1] >> loss: 0.6331  Mult_acc_2: 0.6447  Mult_acc_3: 0.4912  Mult_acc_5: 0.2310  F1_score: 0.5840  MAE: 0.6262  Corr: 0.0539  clm loss: 7.6572 total loss: 10.8758 bn loss: 0.8896 av loss: 0.6265 text loss: 1.0693
2025-12-28 18:28:50,515 - MMSA [INFO] - VAL-(msalm) >>  Mult_acc_2: 0.6732  Mult_acc_3: 0.5132  Mult_acc_5: 0.2368  F1_score: 0.5800  MAE: 0.6101  Corr: 0.1655  Loss: 0.6117 
2025-12-28 18:28:59,721 - MMSA [INFO] - TRAIN-(msalm) [1/2/1] >> loss: 0.5852  Mult_acc_2: 0.6849  Mult_acc_3: 0.5285  Mult_acc_5: 0.2529  F1_score: 0.6432  MAE: 0.5768  Corr: 0.2455  clm loss: 6.5822 total loss: 9.5055 bn loss: 0.7062 av loss: 0.5925 text loss: 1.0394
2025-12-28 18:29:01,443 - MMSA [INFO] - VAL-(msalm) >>  Mult_acc_2: 0.7193  Mult_acc_3: 0.5680  Mult_acc_5: 0.2851  F1_score: 0.6783  MAE: 0.5383  Corr: 0.4133  Loss: 0.5678 
2025-12-28 18:29:10,557 - MMSA [INFO] - TRAIN-(msalm) [1/3/1] >> loss: 0.5453  Mult_acc_2: 0.7098  Mult_acc_3: 0.5607  Mult_acc_5: 0.3019  F1_score: 0.6878  MAE: 0.5262  Corr: 0.4097  clm loss: 5.3886 total loss: 7.9543 bn loss: 0.6236 av loss: 0.5814 text loss: 0.8154
2025-12-28 18:29:12,206 - MMSA [INFO] - VAL-(msalm) >>  Mult_acc_2: 0.7478  Mult_acc_3: 0.5680  Mult_acc_5: 0.3224  F1_score: 0.7309  MAE: 0.5135  Corr: 0.4765  Loss: 0.5316 
2025-12-28 18:29:21,419 - MMSA [INFO] - TRAIN-(msalm) [1/4/1] >> loss: 0.5139  Mult_acc_2: 0.7463  Mult_acc_3: 0.5936  Mult_acc_5: 0.3289  F1_score: 0.7367  MAE: 0.4845  Corr: 0.5171  clm loss: 4.6048 total loss: 6.9764 bn loss: 0.5785 av loss: 0.5608 text loss: 0.7184
2025-12-28 18:29:23,143 - MMSA [INFO] - VAL-(msalm) >>  Mult_acc_2: 0.7654  Mult_acc_3: 0.6162  Mult_acc_5: 0.3662  F1_score: 0.7575  MAE: 0.4837  Corr: 0.5196  Loss: 0.5061 
2025-12-28 18:29:32,147 - MMSA [INFO] - TRAIN-(msalm) [1/5/1] >> loss: 0.5001  Mult_acc_2: 0.7741  Mult_acc_3: 0.6308  Mult_acc_5: 0.3319  F1_score: 0.7660  MAE: 0.4729  Corr: 0.5487  clm loss: 4.1613 total loss: 6.3694 bn loss: 0.5366 av loss: 0.5428 text loss: 0.6285
2025-12-28 18:29:33,908 - MMSA [INFO] - VAL-(msalm) >>  Mult_acc_2: 0.7588  Mult_acc_3: 0.6162  Mult_acc_5: 0.3487  F1_score: 0.7531  MAE: 0.4681  Corr: 0.5393  Loss: 0.4834 
2025-12-28 18:29:43,039 - MMSA [INFO] - TRAIN-(msalm) [1/6/1] >> loss: 0.4794  Mult_acc_2: 0.7624  Mult_acc_3: 0.6308  Mult_acc_5: 0.3618  F1_score: 0.7566  MAE: 0.4577  Corr: 0.5705  clm loss: 3.9394 total loss: 6.0972 bn loss: 0.518 av loss: 0.5365 text loss: 0.6241
2025-12-28 18:29:44,795 - MMSA [INFO] - VAL-(msalm) >>  Mult_acc_2: 0.6996  Mult_acc_3: 0.5724  Mult_acc_5: 0.3114  F1_score: 0.7095  MAE: 0.4705  Corr: 0.5389  Loss: 0.4723 
2025-12-28 18:29:53,714 - MMSA [INFO] - TRAIN-(msalm) [1/7/1] >> loss: 0.4741  Mult_acc_2: 0.7792  Mult_acc_3: 0.6455  Mult_acc_5: 0.3531  F1_score: 0.7718  MAE: 0.4510  Corr: 0.5914  clm loss: 3.8835 total loss: 5.9957 bn loss: 0.5131 av loss: 0.5218 text loss: 0.6032
2025-12-28 18:29:55,448 - MMSA [INFO] - VAL-(msalm) >>  Mult_acc_2: 0.7215  Mult_acc_3: 0.5965  Mult_acc_5: 0.3311  F1_score: 0.7261  MAE: 0.4613  Corr: 0.5442  Loss: 0.4700 
2025-12-28 18:30:04,454 - MMSA [INFO] - TRAIN-(msalm) [1/8/1] >> loss: 0.4752  Mult_acc_2: 0.7661  Mult_acc_3: 0.6235  Mult_acc_5: 0.3443  F1_score: 0.7611  MAE: 0.4578  Corr: 0.5712  clm loss: 3.7769 total loss: 5.8538 bn loss: 0.5 av loss: 0.5137 text loss: 0.588
2025-12-28 18:30:06,126 - MMSA [INFO] - VAL-(msalm) >>  Mult_acc_2: 0.7215  Mult_acc_3: 0.5833  Mult_acc_5: 0.3289  F1_score: 0.7252  MAE: 0.4634  Corr: 0.5418  Loss: 0.4727 
2025-12-28 18:30:14,015 - MMSA [INFO] - TRAIN-(msalm) [2/9/1] >> loss: 0.4575  Mult_acc_2: 0.7683  Mult_acc_3: 0.6374  Mult_acc_5: 0.3677  F1_score: 0.7611  MAE: 0.4420  Corr: 0.5821  clm loss: 3.616 total loss: 5.6504 bn loss: 0.4852 av loss: 0.5072 text loss: 0.5847
2025-12-28 18:30:15,710 - MMSA [INFO] - VAL-(msalm) >>  Mult_acc_2: 0.7346  Mult_acc_3: 0.5943  Mult_acc_5: 0.3509  F1_score: 0.7359  MAE: 0.4551  Corr: 0.5503  Loss: 0.4645 
2025-12-28 18:30:24,663 - MMSA [INFO] - TRAIN-(msalm) [1/10/1] >> loss: 0.4348  Mult_acc_2: 0.7770  Mult_acc_3: 0.6579  Mult_acc_5: 0.3794  F1_score: 0.7735  MAE: 0.4145  Corr: 0.6392  clm loss: 3.5102 total loss: 5.5051 bn loss: 0.4798 av loss: 0.5006 text loss: 0.5797
2025-12-28 18:30:26,369 - MMSA [INFO] - VAL-(msalm) >>  Mult_acc_2: 0.7281  Mult_acc_3: 0.5987  Mult_acc_5: 0.3421  F1_score: 0.7332  MAE: 0.4493  Corr: 0.5605  Loss: 0.4681 
2025-12-28 18:30:34,238 - MMSA [INFO] - TRAIN-(msalm) [2/11/1] >> loss: 0.4408  Mult_acc_2: 0.7785  Mult_acc_3: 0.6550  Mult_acc_5: 0.3925  F1_score: 0.7753  MAE: 0.4191  Corr: 0.6285  clm loss: 3.4306 total loss: 5.3954 bn loss: 0.4738 av loss: 0.4896 text loss: 0.5606
2025-12-28 18:30:36,043 - MMSA [INFO] - VAL-(msalm) >>  Mult_acc_2: 0.7325  Mult_acc_3: 0.6118  Mult_acc_5: 0.3596  F1_score: 0.7382  MAE: 0.4438  Corr: 0.5810  Loss: 0.4752 
2025-12-28 18:30:43,906 - MMSA [INFO] - TRAIN-(msalm) [3/12/1] >> loss: 0.4369  Mult_acc_2: 0.7770  Mult_acc_3: 0.6484  Mult_acc_5: 0.3750  F1_score: 0.7733  MAE: 0.4183  Corr: 0.6328  clm loss: 3.4046 total loss: 5.3659 bn loss: 0.4693 av loss: 0.4893 text loss: 0.5657
2025-12-28 18:30:45,656 - MMSA [INFO] - VAL-(msalm) >>  Mult_acc_2: 0.7083  Mult_acc_3: 0.6009  Mult_acc_5: 0.3465  F1_score: 0.7182  MAE: 0.4477  Corr: 0.5982  Loss: 0.4811 
2025-12-28 18:30:53,616 - MMSA [INFO] - TRAIN-(msalm) [4/13/1] >> loss: 0.4411  Mult_acc_2: 0.7668  Mult_acc_3: 0.6404  Mult_acc_5: 0.3743  F1_score: 0.7627  MAE: 0.4250  Corr: 0.6242  clm loss: 3.3193 total loss: 5.2811 bn loss: 0.4716 av loss: 0.4901 text loss: 0.559
2025-12-28 18:30:55,671 - MMSA [INFO] - VAL-(msalm) >>  Mult_acc_2: 0.6908  Mult_acc_3: 0.6250  Mult_acc_5: 0.3333  F1_score: 0.7022  MAE: 0.4511  Corr: 0.6064  Loss: 0.4742 
2025-12-28 18:31:03,633 - MMSA [INFO] - TRAIN-(msalm) [5/14/1] >> loss: 0.417  Mult_acc_2: 0.7902  Mult_acc_3: 0.6667  Mult_acc_5: 0.3743  F1_score: 0.7900  MAE: 0.3985  Corr: 0.6719  clm loss: 3.3125 total loss: 5.2036 bn loss: 0.4641 av loss: 0.4755 text loss: 0.5344
2025-12-28 18:31:05,371 - MMSA [INFO] - VAL-(msalm) >>  Mult_acc_2: 0.7303  Mult_acc_3: 0.6228  Mult_acc_5: 0.3465  F1_score: 0.7375  MAE: 0.4332  Corr: 0.6052  Loss: 0.4550 
2025-12-28 18:31:14,285 - MMSA [INFO] - TRAIN-(msalm) [1/15/1] >> loss: 0.4174  Mult_acc_2: 0.7792  Mult_acc_3: 0.6718  Mult_acc_5: 0.3955  F1_score: 0.7801  MAE: 0.3978  Corr: 0.6692  clm loss: 3.3148 total loss: 5.1881 bn loss: 0.4575 av loss: 0.4801 text loss: 0.5183
2025-12-28 18:31:15,999 - MMSA [INFO] - VAL-(msalm) >>  Mult_acc_2: 0.7500  Mult_acc_3: 0.6360  Mult_acc_5: 0.3728  F1_score: 0.7550  MAE: 0.4270  Corr: 0.6084  Loss: 0.4571 
2025-12-28 18:31:23,856 - MMSA [INFO] - TRAIN-(msalm) [2/16/1] >> loss: 0.404  Mult_acc_2: 0.7924  Mult_acc_3: 0.6703  Mult_acc_5: 0.4020  F1_score: 0.7929  MAE: 0.3859  Corr: 0.6829  clm loss: 3.2833 total loss: 5.1515 bn loss: 0.462 av loss: 0.4809 text loss: 0.5213
2025-12-28 18:31:25,559 - MMSA [INFO] - VAL-(msalm) >>  Mult_acc_2: 0.7259  Mult_acc_3: 0.6250  Mult_acc_5: 0.3618  F1_score: 0.7343  MAE: 0.4288  Corr: 0.6148  Loss: 0.4487 
2025-12-28 18:31:34,522 - MMSA [INFO] - TRAIN-(msalm) [1/17/1] >> loss: 0.4027  Mult_acc_2: 0.8004  Mult_acc_3: 0.6849  Mult_acc_5: 0.4094  F1_score: 0.8019  MAE: 0.3857  Corr: 0.6905  clm loss: 3.2579 total loss: 5.0645 bn loss: 0.4444 av loss: 0.4757 text loss: 0.4839
2025-12-28 18:31:36,222 - MMSA [INFO] - VAL-(msalm) >>  Mult_acc_2: 0.7259  Mult_acc_3: 0.6184  Mult_acc_5: 0.3640  F1_score: 0.7349  MAE: 0.4298  Corr: 0.6168  Loss: 0.4650 
2025-12-28 18:31:44,172 - MMSA [INFO] - TRAIN-(msalm) [2/18/1] >> loss: 0.3999  Mult_acc_2: 0.7968  Mult_acc_3: 0.6959  Mult_acc_5: 0.4203  F1_score: 0.7978  MAE: 0.3828  Corr: 0.6934  clm loss: 3.2742 total loss: 5.0842 bn loss: 0.4519 av loss: 0.4743 text loss: 0.4839
2025-12-28 18:31:45,925 - MMSA [INFO] - VAL-(msalm) >>  Mult_acc_2: 0.7325  Mult_acc_3: 0.6360  Mult_acc_5: 0.3750  F1_score: 0.7414  MAE: 0.4257  Corr: 0.6241  Loss: 0.4567 
2025-12-28 18:31:53,768 - MMSA [INFO] - TRAIN-(msalm) [3/19/1] >> loss: 0.3938  Mult_acc_2: 0.7939  Mult_acc_3: 0.6769  Mult_acc_5: 0.4313  F1_score: 0.7949  MAE: 0.3756  Corr: 0.7011  clm loss: 3.2797 total loss: 5.0349 bn loss: 0.4308 av loss: 0.4739 text loss: 0.4566
2025-12-28 18:31:55,619 - MMSA [INFO] - VAL-(msalm) >>  Mult_acc_2: 0.7325  Mult_acc_3: 0.6404  Mult_acc_5: 0.3706  F1_score: 0.7412  MAE: 0.4231  Corr: 0.6322  Loss: 0.4336 
2025-12-28 18:32:04,611 - MMSA [INFO] - TRAIN-(msalm) [1/20/1] >> loss: 0.3749  Mult_acc_2: 0.8114  Mult_acc_3: 0.7010  Mult_acc_5: 0.4145  F1_score: 0.8126  MAE: 0.3613  Corr: 0.7238  clm loss: 3.2323 total loss: 4.9327 bn loss: 0.4241 av loss: 0.4681 text loss: 0.4334
2025-12-28 18:32:06,448 - MMSA [INFO] - VAL-(msalm) >>  Mult_acc_2: 0.7346  Mult_acc_3: 0.6338  Mult_acc_5: 0.3860  F1_score: 0.7434  MAE: 0.4186  Corr: 0.6374  Loss: 0.4431 
2025-12-28 18:32:14,422 - MMSA [INFO] - TRAIN-(msalm) [2/21/1] >> loss: 0.3766  Mult_acc_2: 0.8077  Mult_acc_3: 0.7076  Mult_acc_5: 0.4503  F1_score: 0.8100  MAE: 0.3572  Corr: 0.7356  clm loss: 3.1963 total loss: 4.8783 bn loss: 0.4142 av loss: 0.47 text loss: 0.4211
2025-12-28 18:32:16,391 - MMSA [INFO] - VAL-(msalm) >>  Mult_acc_2: 0.7478  Mult_acc_3: 0.6360  Mult_acc_5: 0.4057  F1_score: 0.7553  MAE: 0.4086  Corr: 0.6447  Loss: 0.4522 
2025-12-28 18:32:24,317 - MMSA [INFO] - TRAIN-(msalm) [3/22/1] >> loss: 0.371  Mult_acc_2: 0.8041  Mult_acc_3: 0.6988  Mult_acc_5: 0.4539  F1_score: 0.8067  MAE: 0.3494  Corr: 0.7360  clm loss: 3.1785 total loss: 4.8489 bn loss: 0.412 av loss: 0.4679 text loss: 0.4195
2025-12-28 18:32:26,028 - MMSA [INFO] - VAL-(msalm) >>  Mult_acc_2: 0.7325  Mult_acc_3: 0.6425  Mult_acc_5: 0.4057  F1_score: 0.7422  MAE: 0.4095  Corr: 0.6583  Loss: 0.4495 
2025-12-28 18:32:34,022 - MMSA [INFO] - TRAIN-(msalm) [4/23/1] >> loss: 0.3619  Mult_acc_2: 0.7990  Mult_acc_3: 0.7244  Mult_acc_5: 0.4525  F1_score: 0.8029  MAE: 0.3436  Corr: 0.7515  clm loss: 3.1535 total loss: 4.829 bn loss: 0.4104 av loss: 0.4683 text loss: 0.4348
2025-12-28 18:32:35,788 - MMSA [INFO] - VAL-(msalm) >>  Mult_acc_2: 0.7127  Mult_acc_3: 0.6513  Mult_acc_5: 0.4013  F1_score: 0.7235  MAE: 0.4125  Corr: 0.6557  Loss: 0.4381 
2025-12-28 18:32:43,744 - MMSA [INFO] - TRAIN-(msalm) [5/24/1] >> loss: 0.364  Mult_acc_2: 0.7902  Mult_acc_3: 0.6952  Mult_acc_5: 0.4379  F1_score: 0.7937  MAE: 0.3506  Corr: 0.7415  clm loss: 3.1859 total loss: 4.8634 bn loss: 0.4074 av loss: 0.4648 text loss: 0.4413
2025-12-28 18:32:45,563 - MMSA [INFO] - VAL-(msalm) >>  Mult_acc_2: 0.7741  Mult_acc_3: 0.6623  Mult_acc_5: 0.4101  F1_score: 0.7802  MAE: 0.3904  Corr: 0.6621  Loss: 0.4214 
2025-12-28 18:32:54,534 - MMSA [INFO] - TRAIN-(msalm) [1/25/1] >> loss: 0.3618  Mult_acc_2: 0.8289  Mult_acc_3: 0.7120  Mult_acc_5: 0.4291  F1_score: 0.8320  MAE: 0.3445  Corr: 0.7560  clm loss: 3.1427 total loss: 4.7822 bn loss: 0.3969 av loss: 0.465 text loss: 0.4158
2025-12-28 18:32:56,261 - MMSA [INFO] - VAL-(msalm) >>  Mult_acc_2: 0.7917  Mult_acc_3: 0.6667  Mult_acc_5: 0.4145  F1_score: 0.7938  MAE: 0.3895  Corr: 0.6593  Loss: 0.4249 
2025-12-28 18:33:04,168 - MMSA [INFO] - TRAIN-(msalm) [2/26/1] >> loss: 0.3528  Mult_acc_2: 0.8099  Mult_acc_3: 0.7127  Mult_acc_5: 0.4693  F1_score: 0.8133  MAE: 0.3362  Corr: 0.7536  clm loss: 3.1162 total loss: 4.7123 bn loss: 0.3816 av loss: 0.4664 text loss: 0.3952
2025-12-28 18:33:06,218 - MMSA [INFO] - VAL-(msalm) >>  Mult_acc_2: 0.7456  Mult_acc_3: 0.6645  Mult_acc_5: 0.3969  F1_score: 0.7528  MAE: 0.3946  Corr: 0.6575  Loss: 0.4272 
2025-12-28 18:33:14,226 - MMSA [INFO] - TRAIN-(msalm) [3/27/1] >> loss: 0.351  Mult_acc_2: 0.8165  Mult_acc_3: 0.7251  Mult_acc_5: 0.4708  F1_score: 0.8196  MAE: 0.3342  Corr: 0.7616  clm loss: 3.1164 total loss: 4.709 bn loss: 0.3835 av loss: 0.469 text loss: 0.389
2025-12-28 18:33:15,937 - MMSA [INFO] - VAL-(msalm) >>  Mult_acc_2: 0.7741  Mult_acc_3: 0.6623  Mult_acc_5: 0.3925  F1_score: 0.7785  MAE: 0.3910  Corr: 0.6603  Loss: 0.4190 
2025-12-28 18:33:25,030 - MMSA [INFO] - TRAIN-(msalm) [1/28/1] >> loss: 0.3441  Mult_acc_2: 0.8246  Mult_acc_3: 0.7303  Mult_acc_5: 0.4591  F1_score: 0.8278  MAE: 0.3314  Corr: 0.7684  clm loss: 3.0827 total loss: 4.6588 bn loss: 0.3754 av loss: 0.4688 text loss: 0.3879
2025-12-28 18:33:26,803 - MMSA [INFO] - VAL-(msalm) >>  Mult_acc_2: 0.7807  Mult_acc_3: 0.6645  Mult_acc_5: 0.3860  F1_score: 0.7845  MAE: 0.3859  Corr: 0.6688  Loss: 0.4040 
2025-12-28 18:33:35,959 - MMSA [INFO] - TRAIN-(msalm) [1/29/1] >> loss: 0.343  Mult_acc_2: 0.8231  Mult_acc_3: 0.7288  Mult_acc_5: 0.4583  F1_score: 0.8263  MAE: 0.3308  Corr: 0.7749  clm loss: 3.083 total loss: 4.6597 bn loss: 0.3827 av loss: 0.4598 text loss: 0.3913
2025-12-28 18:33:37,774 - MMSA [INFO] - VAL-(msalm) >>  Mult_acc_2: 0.7851  Mult_acc_3: 0.6711  Mult_acc_5: 0.4189  F1_score: 0.7888  MAE: 0.3847  Corr: 0.6698  Loss: 0.4145 
2025-12-28 18:33:45,725 - MMSA [INFO] - TRAIN-(msalm) [2/30/1] >> loss: 0.3407  Mult_acc_2: 0.8187  Mult_acc_3: 0.7208  Mult_acc_5: 0.4671  F1_score: 0.8221  MAE: 0.3246  Corr: 0.7834  clm loss: 3.0988 total loss: 4.7048 bn loss: 0.3921 av loss: 0.4693 text loss: 0.4039
2025-12-28 18:33:47,495 - MMSA [INFO] - VAL-(msalm) >>  Mult_acc_2: 0.7807  Mult_acc_3: 0.6842  Mult_acc_5: 0.4408  F1_score: 0.7838  MAE: 0.3839  Corr: 0.6665  Loss: 0.4058 
2025-12-28 18:33:55,507 - MMSA [INFO] - TRAIN-(msalm) [3/31/1] >> loss: 0.332  Mult_acc_2: 0.8238  Mult_acc_3: 0.7303  Mult_acc_5: 0.4781  F1_score: 0.8270  MAE: 0.3142  Corr: 0.7910  clm loss: 3.0741 total loss: 4.6584 bn loss: 0.39 av loss: 0.4608 text loss: 0.4014
2025-12-28 18:33:57,225 - MMSA [INFO] - VAL-(msalm) >>  Mult_acc_2: 0.7785  Mult_acc_3: 0.6645  Mult_acc_5: 0.4189  F1_score: 0.7825  MAE: 0.3831  Corr: 0.6719  Loss: 0.4133 
2025-12-28 18:34:05,168 - MMSA [INFO] - TRAIN-(msalm) [4/32/1] >> loss: 0.3265  Mult_acc_2: 0.8202  Mult_acc_3: 0.7339  Mult_acc_5: 0.4868  F1_score: 0.8236  MAE: 0.3103  Corr: 0.7989  clm loss: 3.0481 total loss: 4.5897 bn loss: 0.3752 av loss: 0.4599 text loss: 0.3801
2025-12-28 18:34:06,900 - MMSA [INFO] - VAL-(msalm) >>  Mult_acc_2: 0.7544  Mult_acc_3: 0.6579  Mult_acc_5: 0.4123  F1_score: 0.7611  MAE: 0.3932  Corr: 0.6643  Loss: 0.4246 
2025-12-28 18:34:14,867 - MMSA [INFO] - TRAIN-(msalm) [5/33/1] >> loss: 0.3279  Mult_acc_2: 0.8304  Mult_acc_3: 0.7427  Mult_acc_5: 0.4949  F1_score: 0.8326  MAE: 0.3128  Corr: 0.7932  clm loss: 3.051 total loss: 4.585 bn loss: 0.3631 av loss: 0.4633 text loss: 0.3797
2025-12-28 18:34:16,636 - MMSA [INFO] - VAL-(msalm) >>  Mult_acc_2: 0.7500  Mult_acc_3: 0.6623  Mult_acc_5: 0.4145  F1_score: 0.7582  MAE: 0.3977  Corr: 0.6586  Loss: 0.4151 
2025-12-28 18:34:24,623 - MMSA [INFO] - TRAIN-(msalm) [6/34/1] >> loss: 0.3119  Mult_acc_2: 0.8326  Mult_acc_3: 0.7390  Mult_acc_5: 0.5015  F1_score: 0.8355  MAE: 0.2961  Corr: 0.8109  clm loss: 2.9922 total loss: 4.4877 bn loss: 0.3546 av loss: 0.4623 text loss: 0.3667
2025-12-28 18:34:26,283 - MMSA [INFO] - VAL-(msalm) >>  Mult_acc_2: 0.7522  Mult_acc_3: 0.6623  Mult_acc_5: 0.4167  F1_score: 0.7596  MAE: 0.3959  Corr: 0.6601  Loss: 0.4121 
2025-12-28 18:34:34,264 - MMSA [INFO] - TRAIN-(msalm) [7/35/1] >> loss: 0.3147  Mult_acc_2: 0.8377  Mult_acc_3: 0.7427  Mult_acc_5: 0.5197  F1_score: 0.8398  MAE: 0.2966  Corr: 0.8099  clm loss: 2.9913 total loss: 4.5106 bn loss: 0.3491 av loss: 0.4641 text loss: 0.3915
2025-12-28 18:34:36,020 - MMSA [INFO] - VAL-(msalm) >>  Mult_acc_2: 0.7412  Mult_acc_3: 0.6645  Mult_acc_5: 0.4298  F1_score: 0.7497  MAE: 0.3955  Corr: 0.6701  Loss: 0.4229 
2025-12-28 18:34:43,993 - MMSA [INFO] - TRAIN-(msalm) [8/36/1] >> loss: 0.3069  Mult_acc_2: 0.8268  Mult_acc_3: 0.7442  Mult_acc_5: 0.5175  F1_score: 0.8303  MAE: 0.2880  Corr: 0.8205  clm loss: 2.9817 total loss: 4.4879 bn loss: 0.3468 av loss: 0.4617 text loss: 0.3908
2025-12-28 18:34:45,793 - MMSA [INFO] - VAL-(msalm) >>  Mult_acc_2: 0.7741  Mult_acc_3: 0.6557  Mult_acc_5: 0.4035  F1_score: 0.7785  MAE: 0.3830  Corr: 0.6761  Loss: 0.4099 
2025-12-28 18:34:53,876 - MMSA [INFO] - TRAIN-(msalm) [9/37/1] >> loss: 0.313  Mult_acc_2: 0.8465  Mult_acc_3: 0.7383  Mult_acc_5: 0.5051  F1_score: 0.8489  MAE: 0.2957  Corr: 0.8183  clm loss: 3.0022 total loss: 4.5306 bn loss: 0.3523 av loss: 0.4607 text loss: 0.4025
2025-12-28 18:34:55,572 - MMSA [INFO] - VAL-(msalm) >>  Mult_acc_2: 0.7588  Mult_acc_3: 0.6645  Mult_acc_5: 0.4167  F1_score: 0.7656  MAE: 0.3871  Corr: 0.6670  Loss: 0.4098 
2025-12-28 18:35:03,515 - MMSA [INFO] - TRAIN-(msalm) [10/38/1] >> loss: 0.3014  Mult_acc_2: 0.8363  Mult_acc_3: 0.7529  Mult_acc_5: 0.5234  F1_score: 0.8396  MAE: 0.2856  Corr: 0.8220  clm loss: 2.9653 total loss: 4.4492 bn loss: 0.3523 av loss: 0.4662 text loss: 0.364
2025-12-28 18:35:05,257 - MMSA [INFO] - VAL-(msalm) >>  Mult_acc_2: 0.7303  Mult_acc_3: 0.6601  Mult_acc_5: 0.4298  F1_score: 0.7397  MAE: 0.3979  Corr: 0.6630  Loss: 0.4160 
2025-12-28 18:35:07,373 - MMSA [INFO] - TEST-(msalm) >>  Mult_acc_2: 0.8074  Mult_acc_3: 0.6849  Mult_acc_5: 0.4333  F1_score: 0.8104  MAE: 0.3707  Corr: 0.7063  Loss: 0.4012 
2025-12-28 18:35:08,657 - MMSA [INFO] - Result for seed 1990: {'Mult_acc_2': 0.8074, 'Mult_acc_3': 0.6849, 'Mult_acc_5': 0.4333, 'F1_score': 0.8104, 'MAE': 0.3707, 'Corr': 0.7063, 'Loss': 0.4012, 'seed': 1990}
2025-12-28 18:35:08,658 - MMSA [INFO] - ------------------------------ Running with seed 1991 [2/5] ------------------------------
2025-12-28 18:36:20,753 - MMSA [INFO] - The model has 177641651 trainable parameters
2025-12-28 18:36:28,821 - MMSA [INFO] - TRAIN-(msalm) [1/1/2] >> loss: 0.6418  Mult_acc_2: 0.5658  Mult_acc_3: 0.3882  Mult_acc_5: 0.1937  F1_score: 0.5746  MAE: 0.6406  Corr: 0.0293  clm loss: 7.6092 total loss: 10.7141 bn loss: 0.8759 av loss: 0.6685 text loss: 0.9188
2025-12-28 18:36:30,602 - MMSA [INFO] - VAL-(msalm) >>  Mult_acc_2: 0.5702  Mult_acc_3: 0.4057  Mult_acc_5: 0.1908  F1_score: 0.5848  MAE: 0.6452  Corr: 0.0453  Loss: 0.6443 
2025-12-28 18:36:40,087 - MMSA [INFO] - TRAIN-(msalm) [1/2/2] >> loss: 0.5997  Mult_acc_2: 0.5892  Mult_acc_3: 0.4408  Mult_acc_5: 0.2039  F1_score: 0.5980  MAE: 0.6006  Corr: 0.1831  clm loss: 6.4032 total loss: 9.1126 bn loss: 0.7244 av loss: 0.6421 text loss: 0.7432
2025-12-28 18:36:41,783 - MMSA [INFO] - VAL-(msalm) >>  Mult_acc_2: 0.6360  Mult_acc_3: 0.4890  Mult_acc_5: 0.2259  F1_score: 0.6462  MAE: 0.5733  Corr: 0.2683  Loss: 0.5797 
2025-12-28 18:36:50,965 - MMSA [INFO] - TRAIN-(msalm) [1/3/2] >> loss: 0.5515  Mult_acc_2: 0.6484  Mult_acc_3: 0.5307  Mult_acc_5: 0.2566  F1_score: 0.6570  MAE: 0.5501  Corr: 0.3383  clm loss: 5.1302 total loss: 7.6377 bn loss: 0.6139 av loss: 0.6218 text loss: 0.7202
2025-12-28 18:36:52,653 - MMSA [INFO] - VAL-(msalm) >>  Mult_acc_2: 0.6491  Mult_acc_3: 0.5154  Mult_acc_5: 0.2368  F1_score: 0.6630  MAE: 0.5512  Corr: 0.4223  Loss: 0.5614 
2025-12-28 18:37:01,662 - MMSA [INFO] - TRAIN-(msalm) [1/4/2] >> loss: 0.5164  Mult_acc_2: 0.6908  Mult_acc_3: 0.5738  Mult_acc_5: 0.2902  F1_score: 0.6979  MAE: 0.5100  Corr: 0.4581  clm loss: 4.4044 total loss: 6.7779 bn loss: 0.5696 av loss: 0.6074 text loss: 0.6801
2025-12-28 18:37:03,350 - MMSA [INFO] - VAL-(msalm) >>  Mult_acc_2: 0.6952  Mult_acc_3: 0.5789  Mult_acc_5: 0.2939  F1_score: 0.7050  MAE: 0.5128  Corr: 0.4724  Loss: 0.5243 
2025-12-28 18:37:12,288 - MMSA [INFO] - TRAIN-(msalm) [1/5/2] >> loss: 0.4853  Mult_acc_2: 0.7456  Mult_acc_3: 0.6228  Mult_acc_5: 0.3268  F1_score: 0.7521  MAE: 0.4708  Corr: 0.5528  clm loss: 4.1097 total loss: 6.3461 bn loss: 0.5391 av loss: 0.588 text loss: 0.624
2025-12-28 18:37:13,988 - MMSA [INFO] - VAL-(msalm) >>  Mult_acc_2: 0.7259  Mult_acc_3: 0.6206  Mult_acc_5: 0.3509  F1_score: 0.7340  MAE: 0.4786  Corr: 0.5171  Loss: 0.5018 
2025-12-28 18:37:22,993 - MMSA [INFO] - TRAIN-(msalm) [1/6/2] >> loss: 0.4834  Mult_acc_2: 0.7420  Mult_acc_3: 0.6228  Mult_acc_5: 0.3428  F1_score: 0.7477  MAE: 0.4623  Corr: 0.5655  clm loss: 3.9532 total loss: 6.1054 bn loss: 0.5058 av loss: 0.571 text loss: 0.5919
2025-12-28 18:37:24,801 - MMSA [INFO] - VAL-(msalm) >>  Mult_acc_2: 0.7346  Mult_acc_3: 0.6447  Mult_acc_5: 0.3794  F1_score: 0.7390  MAE: 0.4547  Corr: 0.5484  Loss: 0.4936 
2025-12-28 18:37:33,699 - MMSA [INFO] - TRAIN-(msalm) [1/7/2] >> loss: 0.458  Mult_acc_2: 0.7624  Mult_acc_3: 0.6345  Mult_acc_5: 0.3575  F1_score: 0.7669  MAE: 0.4412  Corr: 0.5907  clm loss: 3.8331 total loss: 5.9429 bn loss: 0.4952 av loss: 0.5613 text loss: 0.5952
2025-12-28 18:37:35,393 - MMSA [INFO] - VAL-(msalm) >>  Mult_acc_2: 0.7237  Mult_acc_3: 0.6382  Mult_acc_5: 0.3509  F1_score: 0.7292  MAE: 0.4512  Corr: 0.5651  Loss: 0.4747 
2025-12-28 18:37:44,333 - MMSA [INFO] - TRAIN-(msalm) [1/8/2] >> loss: 0.4564  Mult_acc_2: 0.7544  Mult_acc_3: 0.6272  Mult_acc_5: 0.3487  F1_score: 0.7586  MAE: 0.4438  Corr: 0.5896  clm loss: 3.6601 total loss: 5.7312 bn loss: 0.4879 av loss: 0.5477 text loss: 0.5792
2025-12-28 18:37:45,995 - MMSA [INFO] - VAL-(msalm) >>  Mult_acc_2: 0.7412  Mult_acc_3: 0.6404  Mult_acc_5: 0.3596  F1_score: 0.7436  MAE: 0.4498  Corr: 0.5585  Loss: 0.4623 
2025-12-28 18:37:54,967 - MMSA [INFO] - TRAIN-(msalm) [1/9/2] >> loss: 0.4561  Mult_acc_2: 0.7719  Mult_acc_3: 0.6491  Mult_acc_5: 0.3523  F1_score: 0.7751  MAE: 0.4440  Corr: 0.5996  clm loss: 3.5574 total loss: 5.6282 bn loss: 0.5035 av loss: 0.5271 text loss: 0.5841
2025-12-28 18:37:56,612 - MMSA [INFO] - VAL-(msalm) >>  Mult_acc_2: 0.7281  Mult_acc_3: 0.6382  Mult_acc_5: 0.3662  F1_score: 0.7324  MAE: 0.4490  Corr: 0.5586  Loss: 0.4799 
2025-12-28 18:38:04,394 - MMSA [INFO] - TRAIN-(msalm) [2/10/2] >> loss: 0.4513  Mult_acc_2: 0.7558  Mult_acc_3: 0.6433  Mult_acc_5: 0.3735  F1_score: 0.7602  MAE: 0.4361  Corr: 0.6011  clm loss: 3.434 total loss: 5.4752 bn loss: 0.4992 av loss: 0.5142 text loss: 0.5765
2025-12-28 18:38:06,082 - MMSA [INFO] - VAL-(msalm) >>  Mult_acc_2: 0.7281  Mult_acc_3: 0.6272  Mult_acc_5: 0.3750  F1_score: 0.7342  MAE: 0.4437  Corr: 0.5799  Loss: 0.4627 
2025-12-28 18:38:13,815 - MMSA [INFO] - TRAIN-(msalm) [3/11/2] >> loss: 0.423  Mult_acc_2: 0.7814  Mult_acc_3: 0.6630  Mult_acc_5: 0.3808  F1_score: 0.7852  MAE: 0.4070  Corr: 0.6584  clm loss: 3.402 total loss: 5.3929 bn loss: 0.488 av loss: 0.5019 text loss: 0.5779
2025-12-28 18:38:15,608 - MMSA [INFO] - VAL-(msalm) >>  Mult_acc_2: 0.7193  Mult_acc_3: 0.6316  Mult_acc_5: 0.3509  F1_score: 0.7269  MAE: 0.4393  Corr: 0.5874  Loss: 0.4537 
2025-12-28 18:38:24,517 - MMSA [INFO] - TRAIN-(msalm) [1/12/2] >> loss: 0.4301  Mult_acc_2: 0.7785  Mult_acc_3: 0.6630  Mult_acc_5: 0.3845  F1_score: 0.7806  MAE: 0.4140  Corr: 0.6422  clm loss: 3.3903 total loss: 5.3279 bn loss: 0.4745 av loss: 0.4951 text loss: 0.5379
2025-12-28 18:38:26,161 - MMSA [INFO] - VAL-(msalm) >>  Mult_acc_2: 0.7127  Mult_acc_3: 0.6053  Mult_acc_5: 0.3487  F1_score: 0.7224  MAE: 0.4427  Corr: 0.5984  Loss: 0.4723 
2025-12-28 18:38:33,874 - MMSA [INFO] - TRAIN-(msalm) [2/13/2] >> loss: 0.4245  Mult_acc_2: 0.7668  Mult_acc_3: 0.6637  Mult_acc_5: 0.3852  F1_score: 0.7703  MAE: 0.4113  Corr: 0.6455  clm loss: 3.3344 total loss: 5.2449 bn loss: 0.4675 av loss: 0.4911 text loss: 0.5274
2025-12-28 18:38:35,749 - MMSA [INFO] - VAL-(msalm) >>  Mult_acc_2: 0.7412  Mult_acc_3: 0.6272  Mult_acc_5: 0.3640  F1_score: 0.7485  MAE: 0.4279  Corr: 0.6101  Loss: 0.4495 
2025-12-28 18:38:44,579 - MMSA [INFO] - TRAIN-(msalm) [1/14/2] >> loss: 0.4055  Mult_acc_2: 0.7865  Mult_acc_3: 0.6827  Mult_acc_5: 0.4225  F1_score: 0.7906  MAE: 0.3871  Corr: 0.6870  clm loss: 3.3339 total loss: 5.1689 bn loss: 0.4565 av loss: 0.4837 text loss: 0.4893
2025-12-28 18:38:46,313 - MMSA [INFO] - VAL-(msalm) >>  Mult_acc_2: 0.7105  Mult_acc_3: 0.6382  Mult_acc_5: 0.3838  F1_score: 0.7211  MAE: 0.4289  Corr: 0.6190  Loss: 0.4551 
2025-12-28 18:38:54,116 - MMSA [INFO] - TRAIN-(msalm) [2/15/2] >> loss: 0.4008  Mult_acc_2: 0.7924  Mult_acc_3: 0.6835  Mult_acc_5: 0.4072  F1_score: 0.7950  MAE: 0.3824  Corr: 0.6982  clm loss: 3.3393 total loss: 5.151 bn loss: 0.4488 av loss: 0.4769 text loss: 0.4853
2025-12-28 18:38:55,853 - MMSA [INFO] - VAL-(msalm) >>  Mult_acc_2: 0.7237  Mult_acc_3: 0.6272  Mult_acc_5: 0.3662  F1_score: 0.7335  MAE: 0.4246  Corr: 0.6272  Loss: 0.4499 
2025-12-28 18:39:03,641 - MMSA [INFO] - TRAIN-(msalm) [3/16/2] >> loss: 0.3933  Mult_acc_2: 0.8077  Mult_acc_3: 0.6901  Mult_acc_5: 0.4145  F1_score: 0.8099  MAE: 0.3760  Corr: 0.7033  clm loss: 3.2861 total loss: 5.0545 bn loss: 0.433 av loss: 0.4689 text loss: 0.4732
2025-12-28 18:39:05,355 - MMSA [INFO] - VAL-(msalm) >>  Mult_acc_2: 0.7456  Mult_acc_3: 0.6382  Mult_acc_5: 0.3816  F1_score: 0.7533  MAE: 0.4160  Corr: 0.6286  Loss: 0.4410 
2025-12-28 18:39:14,402 - MMSA [INFO] - TRAIN-(msalm) [1/17/2] >> loss: 0.3873  Mult_acc_2: 0.8012  Mult_acc_3: 0.6827  Mult_acc_5: 0.4086  F1_score: 0.8035  MAE: 0.3740  Corr: 0.7075  clm loss: 3.2666 total loss: 5.0136 bn loss: 0.4373 av loss: 0.4683 text loss: 0.454
2025-12-28 18:39:16,082 - MMSA [INFO] - VAL-(msalm) >>  Mult_acc_2: 0.7390  Mult_acc_3: 0.6140  Mult_acc_5: 0.3684  F1_score: 0.7478  MAE: 0.4197  Corr: 0.6266  Loss: 0.4573 
2025-12-28 18:39:23,793 - MMSA [INFO] - TRAIN-(msalm) [2/18/2] >> loss: 0.3727  Mult_acc_2: 0.8063  Mult_acc_3: 0.7039  Mult_acc_5: 0.4503  F1_score: 0.8091  MAE: 0.3571  Corr: 0.7272  clm loss: 3.2337 total loss: 4.9519 bn loss: 0.437 av loss: 0.4682 text loss: 0.4403
2025-12-28 18:39:25,505 - MMSA [INFO] - VAL-(msalm) >>  Mult_acc_2: 0.7193  Mult_acc_3: 0.6140  Mult_acc_5: 0.3794  F1_score: 0.7303  MAE: 0.4344  Corr: 0.6240  Loss: 0.4529 
2025-12-28 18:39:33,291 - MMSA [INFO] - TRAIN-(msalm) [3/19/2] >> loss: 0.388  Mult_acc_2: 0.7982  Mult_acc_3: 0.6871  Mult_acc_5: 0.4064  F1_score: 0.8010  MAE: 0.3711  Corr: 0.7114  clm loss: 3.2399 total loss: 4.9659 bn loss: 0.4329 av loss: 0.4692 text loss: 0.4359
2025-12-28 18:39:35,029 - MMSA [INFO] - VAL-(msalm) >>  Mult_acc_2: 0.7215  Mult_acc_3: 0.6360  Mult_acc_5: 0.4013  F1_score: 0.7323  MAE: 0.4242  Corr: 0.6307  Loss: 0.4815 
2025-12-28 18:39:42,793 - MMSA [INFO] - TRAIN-(msalm) [4/20/2] >> loss: 0.3799  Mult_acc_2: 0.8136  Mult_acc_3: 0.6930  Mult_acc_5: 0.4174  F1_score: 0.8158  MAE: 0.3645  Corr: 0.7248  clm loss: 3.2301 total loss: 4.9193 bn loss: 0.4188 av loss: 0.4655 text loss: 0.4249
2025-12-28 18:39:44,527 - MMSA [INFO] - VAL-(msalm) >>  Mult_acc_2: 0.7390  Mult_acc_3: 0.6535  Mult_acc_5: 0.3838  F1_score: 0.7483  MAE: 0.4121  Corr: 0.6364  Loss: 0.4445 
2025-12-28 18:39:52,288 - MMSA [INFO] - TRAIN-(msalm) [5/21/2] >> loss: 0.3683  Mult_acc_2: 0.8224  Mult_acc_3: 0.7091  Mult_acc_5: 0.4342  F1_score: 0.8244  MAE: 0.3534  Corr: 0.7434  clm loss: 3.1969 total loss: 4.8612 bn loss: 0.4096 av loss: 0.4687 text loss: 0.4177
2025-12-28 18:39:54,047 - MMSA [INFO] - VAL-(msalm) >>  Mult_acc_2: 0.7303  Mult_acc_3: 0.6491  Mult_acc_5: 0.4035  F1_score: 0.7399  MAE: 0.4125  Corr: 0.6342  Loss: 0.4424 
2025-12-28 18:40:01,767 - MMSA [INFO] - TRAIN-(msalm) [6/22/2] >> loss: 0.3639  Mult_acc_2: 0.8070  Mult_acc_3: 0.7142  Mult_acc_5: 0.4561  F1_score: 0.8086  MAE: 0.3458  Corr: 0.7481  clm loss: 3.1748 total loss: 4.8131 bn loss: 0.4024 av loss: 0.4617 text loss: 0.4101
2025-12-28 18:40:03,598 - MMSA [INFO] - VAL-(msalm) >>  Mult_acc_2: 0.7325  Mult_acc_3: 0.6557  Mult_acc_5: 0.4035  F1_score: 0.7421  MAE: 0.4109  Corr: 0.6388  Loss: 0.4333 
2025-12-28 18:40:12,467 - MMSA [INFO] - TRAIN-(msalm) [1/23/2] >> loss: 0.3591  Mult_acc_2: 0.8165  Mult_acc_3: 0.7054  Mult_acc_5: 0.4379  F1_score: 0.8183  MAE: 0.3413  Corr: 0.7539  clm loss: 3.163 total loss: 4.786 bn loss: 0.3941 av loss: 0.4595 text loss: 0.4103
2025-12-28 18:40:14,209 - MMSA [INFO] - VAL-(msalm) >>  Mult_acc_2: 0.7566  Mult_acc_3: 0.6491  Mult_acc_5: 0.3925  F1_score: 0.7636  MAE: 0.4027  Corr: 0.6341  Loss: 0.4167 
2025-12-28 18:40:23,054 - MMSA [INFO] - TRAIN-(msalm) [1/24/2] >> loss: 0.3604  Mult_acc_2: 0.8158  Mult_acc_3: 0.7251  Mult_acc_5: 0.4605  F1_score: 0.8176  MAE: 0.3464  Corr: 0.7487  clm loss: 3.16 total loss: 4.774 bn loss: 0.391 av loss: 0.4618 text loss: 0.4009
2025-12-28 18:40:24,718 - MMSA [INFO] - VAL-(msalm) >>  Mult_acc_2: 0.7346  Mult_acc_3: 0.6469  Mult_acc_5: 0.3925  F1_score: 0.7434  MAE: 0.4059  Corr: 0.6348  Loss: 0.4284 
2025-12-28 18:40:32,601 - MMSA [INFO] - TRAIN-(msalm) [2/25/2] >> loss: 0.3596  Mult_acc_2: 0.8085  Mult_acc_3: 0.7171  Mult_acc_5: 0.4569  F1_score: 0.8107  MAE: 0.3419  Corr: 0.7520  clm loss: 3.1389 total loss: 4.7693 bn loss: 0.3967 av loss: 0.4658 text loss: 0.4083
2025-12-28 18:40:34,245 - MMSA [INFO] - VAL-(msalm) >>  Mult_acc_2: 0.7215  Mult_acc_3: 0.6469  Mult_acc_5: 0.3904  F1_score: 0.7313  MAE: 0.4071  Corr: 0.6386  Loss: 0.4340 
2025-12-28 18:40:42,023 - MMSA [INFO] - TRAIN-(msalm) [3/26/2] >> loss: 0.3423  Mult_acc_2: 0.8224  Mult_acc_3: 0.7178  Mult_acc_5: 0.4539  F1_score: 0.8247  MAE: 0.3273  Corr: 0.7755  clm loss: 3.1048 total loss: 4.6996 bn loss: 0.3792 av loss: 0.4565 text loss: 0.4169
2025-12-28 18:40:43,769 - MMSA [INFO] - VAL-(msalm) >>  Mult_acc_2: 0.7303  Mult_acc_3: 0.6404  Mult_acc_5: 0.3860  F1_score: 0.7400  MAE: 0.4073  Corr: 0.6481  Loss: 0.4261 
2025-12-28 18:40:51,547 - MMSA [INFO] - TRAIN-(msalm) [4/27/2] >> loss: 0.3477  Mult_acc_2: 0.8231  Mult_acc_3: 0.7251  Mult_acc_5: 0.4569  F1_score: 0.8257  MAE: 0.3311  Corr: 0.7713  clm loss: 3.0959 total loss: 4.6956 bn loss: 0.3784 av loss: 0.466 text loss: 0.4076
2025-12-28 18:40:53,209 - MMSA [INFO] - VAL-(msalm) >>  Mult_acc_2: 0.7368  Mult_acc_3: 0.6513  Mult_acc_5: 0.4057  F1_score: 0.7466  MAE: 0.4054  Corr: 0.6486  Loss: 0.4254 
2025-12-28 18:41:00,989 - MMSA [INFO] - TRAIN-(msalm) [5/28/2] >> loss: 0.3412  Mult_acc_2: 0.8282  Mult_acc_3: 0.7361  Mult_acc_5: 0.4591  F1_score: 0.8299  MAE: 0.3266  Corr: 0.7832  clm loss: 3.1145 total loss: 4.6751 bn loss: 0.3694 av loss: 0.4618 text loss: 0.3882
2025-12-28 18:41:02,677 - MMSA [INFO] - VAL-(msalm) >>  Mult_acc_2: 0.7675  Mult_acc_3: 0.6491  Mult_acc_5: 0.3947  F1_score: 0.7736  MAE: 0.3987  Corr: 0.6483  Loss: 0.4118 
2025-12-28 18:41:11,564 - MMSA [INFO] - TRAIN-(msalm) [1/29/2] >> loss: 0.3358  Mult_acc_2: 0.8311  Mult_acc_3: 0.7259  Mult_acc_5: 0.4678  F1_score: 0.8336  MAE: 0.3208  Corr: 0.7848  clm loss: 3.0719 total loss: 4.6169 bn loss: 0.3699 av loss: 0.4552 text loss: 0.3841
2025-12-28 18:41:13,279 - MMSA [INFO] - VAL-(msalm) >>  Mult_acc_2: 0.7566  Mult_acc_3: 0.6557  Mult_acc_5: 0.4189  F1_score: 0.7644  MAE: 0.3971  Corr: 0.6499  Loss: 0.4151 
2025-12-28 18:41:21,004 - MMSA [INFO] - TRAIN-(msalm) [2/30/2] >> loss: 0.3291  Mult_acc_2: 0.8165  Mult_acc_3: 0.7303  Mult_acc_5: 0.4876  F1_score: 0.8195  MAE: 0.3085  Corr: 0.7970  clm loss: 3.0671 total loss: 4.5935 bn loss: 0.3624 av loss: 0.4541 text loss: 0.3809
2025-12-28 18:41:22,700 - MMSA [INFO] - VAL-(msalm) >>  Mult_acc_2: 0.7675  Mult_acc_3: 0.6557  Mult_acc_5: 0.3991  F1_score: 0.7722  MAE: 0.3980  Corr: 0.6408  Loss: 0.4256 
2025-12-28 18:41:30,421 - MMSA [INFO] - TRAIN-(msalm) [3/31/2] >> loss: 0.3301  Mult_acc_2: 0.8231  Mult_acc_3: 0.7295  Mult_acc_5: 0.4664  F1_score: 0.8256  MAE: 0.3160  Corr: 0.7946  clm loss: 3.0507 total loss: 4.5724 bn loss: 0.3598 av loss: 0.4482 text loss: 0.3836
2025-12-28 18:41:32,092 - MMSA [INFO] - VAL-(msalm) >>  Mult_acc_2: 0.7522  Mult_acc_3: 0.6557  Mult_acc_5: 0.4079  F1_score: 0.7596  MAE: 0.4011  Corr: 0.6407  Loss: 0.4235 
2025-12-28 18:41:39,876 - MMSA [INFO] - TRAIN-(msalm) [4/32/2] >> loss: 0.317  Mult_acc_2: 0.8333  Mult_acc_3: 0.7398  Mult_acc_5: 0.5110  F1_score: 0.8361  MAE: 0.3009  Corr: 0.8055  clm loss: 3.0298 total loss: 4.5568 bn loss: 0.3629 av loss: 0.4599 text loss: 0.3873
2025-12-28 18:41:41,517 - MMSA [INFO] - VAL-(msalm) >>  Mult_acc_2: 0.7500  Mult_acc_3: 0.6447  Mult_acc_5: 0.4035  F1_score: 0.7578  MAE: 0.4046  Corr: 0.6378  Loss: 0.4297 
