2025-12-28 18:34:04,034 - MMSA [INFO] - ======================================== Program Start ========================================
2025-12-28 18:34:04,100 - MMSA [INFO] - Running with args:
2025-12-28 18:34:04,100 - MMSA [INFO] - {'model_name': 'msalm', 'dataset_name': 'sims', 'featurePath': '/leonardo_work/EUHPC_A04_051/alexfil/MSA-Datasets/CH-SIMS/unaligned_39.pkl', 'seq_lens': [39, 400, 55], 'feature_dims': [768, 33, 709], 'train_samples': 1368, 'num_classes': 3, 'language': 'cn', 'KeyEval': 'Loss', 'missing_rate': [0.0, 0.0, 0.0], 'missing_seed': [1111, 1111, 1111], 'need_data_aligned': False, 'need_model_aligned': False, 'early_stop': 10, 'use_bert': False, 'use_bert_finetune': False, 'attn_mask': True, 'excludeZero': True, 'update_epochs': 8, 'use_augmentation': False, 'use_m3xup': False, 'hfPath': False, 'use_ulgm': False, 'update_labels_patience': 1, 'H': 3.0, 'del_model': True, 'max_token_len': 39, 'pad_token': '<|endoftext|>', 'lm': '/leonardo_work/EUHPC_A04_051/alexfil/gpt2-chinese-cluecorpussmall', 'use_bf16': False, 'task_out': 1, 'use_clm': True, 'gamma': 1.0, 'l_bn': 1.0, 'l_av': 1.0, 'l_t': 1.0, 'warmup_epochs': 1, 'max_epochs': 100, 'beta_1': 0.9, 'beta_2': 0.95, 'use_lnorm': True, 'rescale': False, 'rescaler': 'sqrt', 'use_seqaug': True, 'n_bn_fusion': 20, 'modded_loss': True, 'embedding_attr_name': 'transformer.wte', 'decoder_layers_attr_name': 'transformer.h', 'mmgpt': {'type': 'gpt2', 'd_out': 64, 'combine': True, 'dropout': 0.1, 'mm_layer': [5, 6, 7, 8, 9, 10, 11], 'top_k': 3, 'layer_dropout': 0.0, 'dense': True, 'tie_ffn': True, 'n_embd': 768, 'bias': True, 'kv_dim': 30, 'n_head': 16, 'd_mm': 768, 'gating': 'sigmoid', 'init_gate': [0.0, 0.0, 0.0, 0.0, 0.0, 0.0, 0.0, 0.0, 0.0, 0.0], 'use_softperm': True, 'p_perm': 0.3, 'p_apply': 0.25, 'use_lora': False, 'lora': {'lora_alpha': 128, 'r': 64, 'lora_dropout': 0.05}}, 'av_enc': {'finetune': True, 'from_pretrained': True, 'path_to_pretrained': '/leonardo_work/EUHPC_A04_051/alexfil/DeepMLF-Reprod/checkpoints/bienc-sims-1990/bienc-sims-1990.pth', 'feature_dims': [768, 33, 709], 'd_enc': 30, 'n_embd': 30, 'n_head': 6, 'nlevels': 3, 'd_enc_out': 30, 'maxlen': 55, 'p_mask': 0.15, 'enc_attn_dropout': 0.1, 'enc_res_dropout': 0.1, 'enc_dropout': 0.1, 'use_softperm': True, 'p_perm': 0.2, 'mask_perm_ratio': 0.5, 'tf_fusion': False, 'use_bn': True, 'use_ln': False}, 'gpt': {'vocab_size': 50257, 'block_size': 1024, 'bias': True, 'n_embd': 1024, 'n_layer': 24, 'n_head': 16, 'dropout': 0.0}, 'batch_size': 32, 'grad_clip': 5.0, 'patience': 10, 'weight_decay_mmgpt': 0.1, 'weight_decay_av': 0.1, 'learning_rate_av': 0.0001, 'learning_rate_mmgpt': 0.0001, 'device': device(type='cuda', index=0), 'train_mode': 'regression', 'custom_feature': None, 'feature_T': '', 'feature_A': '', 'feature_V': ''}
2025-12-28 18:34:04,100 - MMSA [INFO] - Seeds: [1990, 1991, 1992, 1993, 1994]
2025-12-28 18:34:04,101 - MMSA [INFO] - ------------------------------ Running with seed 1990 [1/5] ------------------------------
2025-12-28 18:35:23,971 - MMSA [INFO] - The model has 177641651 trainable parameters
2025-12-28 18:35:33,739 - MMSA [INFO] - TRAIN-(msalm) [1/1/1] >> loss: 0.6344  Mult_acc_2: 0.6433  Mult_acc_3: 0.4876  Mult_acc_5: 0.2281  F1_score: 0.5815  MAE: 0.6274  Corr: 0.0482  clm loss: 7.6574 total loss: 10.8747 bn loss: 0.8867 av loss: 0.6265 text loss: 1.0697
2025-12-28 18:35:35,591 - MMSA [INFO] - VAL-(msalm) >>  Mult_acc_2: 0.6754  Mult_acc_3: 0.5088  Mult_acc_5: 0.2390  F1_score: 0.5843  MAE: 0.6107  Corr: 0.1612  Loss: 0.6129 
2025-12-28 18:35:44,869 - MMSA [INFO] - TRAIN-(msalm) [1/2/1] >> loss: 0.5844  Mult_acc_2: 0.6879  Mult_acc_3: 0.5307  Mult_acc_5: 0.2544  F1_score: 0.6471  MAE: 0.5761  Corr: 0.2502  clm loss: 6.5815 total loss: 9.5007 bn loss: 0.7039 av loss: 0.5924 text loss: 1.0386
2025-12-28 18:35:46,631 - MMSA [INFO] - VAL-(msalm) >>  Mult_acc_2: 0.7237  Mult_acc_3: 0.5724  Mult_acc_5: 0.2961  F1_score: 0.6833  MAE: 0.5365  Corr: 0.4209  Loss: 0.5678 
2025-12-28 18:35:55,821 - MMSA [INFO] - TRAIN-(msalm) [1/3/1] >> loss: 0.5419  Mult_acc_2: 0.7149  Mult_acc_3: 0.5746  Mult_acc_5: 0.3056  F1_score: 0.6931  MAE: 0.5217  Corr: 0.4248  clm loss: 5.3896 total loss: 7.9482 bn loss: 0.6209 av loss: 0.5812 text loss: 0.8146
2025-12-28 18:35:57,520 - MMSA [INFO] - VAL-(msalm) >>  Mult_acc_2: 0.7456  Mult_acc_3: 0.5658  Mult_acc_5: 0.3268  F1_score: 0.7290  MAE: 0.5125  Corr: 0.4805  Loss: 0.5327 
2025-12-28 18:36:06,649 - MMSA [INFO] - TRAIN-(msalm) [1/4/1] >> loss: 0.5132  Mult_acc_2: 0.7544  Mult_acc_3: 0.6053  Mult_acc_5: 0.3414  F1_score: 0.7457  MAE: 0.4816  Corr: 0.5233  clm loss: 4.6047 total loss: 6.9716 bn loss: 0.5771 av loss: 0.5606 text loss: 0.7159
2025-12-28 18:36:08,506 - MMSA [INFO] - VAL-(msalm) >>  Mult_acc_2: 0.7697  Mult_acc_3: 0.6053  Mult_acc_5: 0.3640  F1_score: 0.7627  MAE: 0.4859  Corr: 0.5172  Loss: 0.5109 
2025-12-28 18:36:17,653 - MMSA [INFO] - TRAIN-(msalm) [1/5/1] >> loss: 0.4987  Mult_acc_2: 0.7719  Mult_acc_3: 0.6287  Mult_acc_5: 0.3311  F1_score: 0.7649  MAE: 0.4718  Corr: 0.5491  clm loss: 4.1602 total loss: 6.3696 bn loss: 0.5368 av loss: 0.5431 text loss: 0.6308
2025-12-28 18:36:19,357 - MMSA [INFO] - VAL-(msalm) >>  Mult_acc_2: 0.7544  Mult_acc_3: 0.6031  Mult_acc_5: 0.3465  F1_score: 0.7499  MAE: 0.4677  Corr: 0.5381  Loss: 0.4830 
2025-12-28 18:36:28,638 - MMSA [INFO] - TRAIN-(msalm) [1/6/1] >> loss: 0.4807  Mult_acc_2: 0.7639  Mult_acc_3: 0.6352  Mult_acc_5: 0.3699  F1_score: 0.7585  MAE: 0.4587  Corr: 0.5677  clm loss: 3.9379 total loss: 6.1 bn loss: 0.5176 av loss: 0.5369 text loss: 0.6268
2025-12-28 18:36:30,338 - MMSA [INFO] - VAL-(msalm) >>  Mult_acc_2: 0.6996  Mult_acc_3: 0.5592  Mult_acc_5: 0.2961  F1_score: 0.7093  MAE: 0.4710  Corr: 0.5378  Loss: 0.4732 
2025-12-28 18:36:39,508 - MMSA [INFO] - TRAIN-(msalm) [1/7/1] >> loss: 0.4766  Mult_acc_2: 0.7792  Mult_acc_3: 0.6404  Mult_acc_5: 0.3487  F1_score: 0.7718  MAE: 0.4538  Corr: 0.5858  clm loss: 3.8823 total loss: 5.9989 bn loss: 0.5125 av loss: 0.5222 text loss: 0.6053
2025-12-28 18:36:41,244 - MMSA [INFO] - VAL-(msalm) >>  Mult_acc_2: 0.7259  Mult_acc_3: 0.5987  Mult_acc_5: 0.3377  F1_score: 0.7296  MAE: 0.4605  Corr: 0.5429  Loss: 0.4688 
2025-12-28 18:36:50,391 - MMSA [INFO] - TRAIN-(msalm) [1/8/1] >> loss: 0.4742  Mult_acc_2: 0.7668  Mult_acc_3: 0.6279  Mult_acc_5: 0.3509  F1_score: 0.7617  MAE: 0.4566  Corr: 0.5725  clm loss: 3.7758 total loss: 5.8522 bn loss: 0.5 av loss: 0.5139 text loss: 0.5882
2025-12-28 18:36:52,092 - MMSA [INFO] - VAL-(msalm) >>  Mult_acc_2: 0.7434  Mult_acc_3: 0.5965  Mult_acc_5: 0.3421  F1_score: 0.7451  MAE: 0.4641  Corr: 0.5392  Loss: 0.4753 
2025-12-28 18:37:00,190 - MMSA [INFO] - TRAIN-(msalm) [2/9/1] >> loss: 0.4584  Mult_acc_2: 0.7690  Mult_acc_3: 0.6447  Mult_acc_5: 0.3677  F1_score: 0.7617  MAE: 0.4430  Corr: 0.5784  clm loss: 3.6146 total loss: 5.6508 bn loss: 0.4854 av loss: 0.5073 text loss: 0.5851
2025-12-28 18:37:01,913 - MMSA [INFO] - VAL-(msalm) >>  Mult_acc_2: 0.7412  Mult_acc_3: 0.5921  Mult_acc_5: 0.3618  F1_score: 0.7417  MAE: 0.4575  Corr: 0.5479  Loss: 0.4698 
2025-12-28 18:37:09,996 - MMSA [INFO] - TRAIN-(msalm) [3/10/1] >> loss: 0.4356  Mult_acc_2: 0.7778  Mult_acc_3: 0.6572  Mult_acc_5: 0.3794  F1_score: 0.7743  MAE: 0.4135  Corr: 0.6406  clm loss: 3.5083 total loss: 5.502 bn loss: 0.4808 av loss: 0.5002 text loss: 0.5771
2025-12-28 18:37:11,697 - MMSA [INFO] - VAL-(msalm) >>  Mult_acc_2: 0.7259  Mult_acc_3: 0.6118  Mult_acc_5: 0.3662  F1_score: 0.7308  MAE: 0.4475  Corr: 0.5609  Loss: 0.4706 
2025-12-28 18:37:19,776 - MMSA [INFO] - TRAIN-(msalm) [4/11/1] >> loss: 0.4404  Mult_acc_2: 0.7770  Mult_acc_3: 0.6586  Mult_acc_5: 0.3925  F1_score: 0.7742  MAE: 0.4184  Corr: 0.6301  clm loss: 3.4296 total loss: 5.3909 bn loss: 0.4741 av loss: 0.4894 text loss: 0.5575
2025-12-28 18:37:21,474 - MMSA [INFO] - VAL-(msalm) >>  Mult_acc_2: 0.7412  Mult_acc_3: 0.6272  Mult_acc_5: 0.3728  F1_score: 0.7464  MAE: 0.4393  Corr: 0.5826  Loss: 0.4744 
2025-12-28 18:37:29,584 - MMSA [INFO] - TRAIN-(msalm) [5/12/1] >> loss: 0.4369  Mult_acc_2: 0.7763  Mult_acc_3: 0.6499  Mult_acc_5: 0.3838  F1_score: 0.7719  MAE: 0.4180  Corr: 0.6305  clm loss: 3.404 total loss: 5.3606 bn loss: 0.47 av loss: 0.4889 text loss: 0.5609
2025-12-28 18:37:31,268 - MMSA [INFO] - VAL-(msalm) >>  Mult_acc_2: 0.7215  Mult_acc_3: 0.6009  Mult_acc_5: 0.3443  F1_score: 0.7292  MAE: 0.4429  Corr: 0.5969  Loss: 0.4784 
2025-12-28 18:37:39,306 - MMSA [INFO] - TRAIN-(msalm) [6/13/1] >> loss: 0.4399  Mult_acc_2: 0.7719  Mult_acc_3: 0.6411  Mult_acc_5: 0.3662  F1_score: 0.7680  MAE: 0.4234  Corr: 0.6264  clm loss: 3.3182 total loss: 5.2631 bn loss: 0.4712 av loss: 0.4901 text loss: 0.5436
2025-12-28 18:37:41,148 - MMSA [INFO] - VAL-(msalm) >>  Mult_acc_2: 0.7061  Mult_acc_3: 0.6096  Mult_acc_5: 0.3289  F1_score: 0.7162  MAE: 0.4464  Corr: 0.6041  Loss: 0.4687 
2025-12-28 18:37:50,284 - MMSA [INFO] - TRAIN-(msalm) [1/14/1] >> loss: 0.4177  Mult_acc_2: 0.7975  Mult_acc_3: 0.6659  Mult_acc_5: 0.3816  F1_score: 0.7959  MAE: 0.3984  Corr: 0.6727  clm loss: 3.311 total loss: 5.1812 bn loss: 0.4624 av loss: 0.4751 text loss: 0.5149
2025-12-28 18:37:51,964 - MMSA [INFO] - VAL-(msalm) >>  Mult_acc_2: 0.7346  Mult_acc_3: 0.6206  Mult_acc_5: 0.3509  F1_score: 0.7414  MAE: 0.4356  Corr: 0.6075  Loss: 0.4576 
2025-12-28 18:38:01,128 - MMSA [INFO] - TRAIN-(msalm) [1/15/1] >> loss: 0.4158  Mult_acc_2: 0.7792  Mult_acc_3: 0.6776  Mult_acc_5: 0.4006  F1_score: 0.7792  MAE: 0.3993  Corr: 0.6686  clm loss: 3.3119 total loss: 5.1563 bn loss: 0.4527 av loss: 0.48 text loss: 0.4959
2025-12-28 18:38:02,847 - MMSA [INFO] - VAL-(msalm) >>  Mult_acc_2: 0.7325  Mult_acc_3: 0.6228  Mult_acc_5: 0.3465  F1_score: 0.7400  MAE: 0.4301  Corr: 0.6154  Loss: 0.4571 
2025-12-28 18:38:12,030 - MMSA [INFO] - TRAIN-(msalm) [1/16/1] >> loss: 0.3997  Mult_acc_2: 0.8004  Mult_acc_3: 0.6623  Mult_acc_5: 0.4057  F1_score: 0.7998  MAE: 0.3812  Corr: 0.6897  clm loss: 3.2784 total loss: 5.0982 bn loss: 0.4493 av loss: 0.4807 text loss: 0.4902
2025-12-28 18:38:13,791 - MMSA [INFO] - VAL-(msalm) >>  Mult_acc_2: 0.7478  Mult_acc_3: 0.6491  Mult_acc_5: 0.3750  F1_score: 0.7543  MAE: 0.4226  Corr: 0.6201  Loss: 0.4470 
2025-12-28 18:38:22,964 - MMSA [INFO] - TRAIN-(msalm) [1/17/1] >> loss: 0.4015  Mult_acc_2: 0.8026  Mult_acc_3: 0.6849  Mult_acc_5: 0.4159  F1_score: 0.8043  MAE: 0.3845  Corr: 0.6933  clm loss: 3.2524 total loss: 5.0252 bn loss: 0.4391 av loss: 0.4759 text loss: 0.4564
2025-12-28 18:38:24,678 - MMSA [INFO] - VAL-(msalm) >>  Mult_acc_2: 0.7478  Mult_acc_3: 0.6557  Mult_acc_5: 0.3947  F1_score: 0.7543  MAE: 0.4176  Corr: 0.6259  Loss: 0.4483 
2025-12-28 18:38:32,736 - MMSA [INFO] - TRAIN-(msalm) [2/18/1] >> loss: 0.3994  Mult_acc_2: 0.8004  Mult_acc_3: 0.6893  Mult_acc_5: 0.4152  F1_score: 0.8018  MAE: 0.3821  Corr: 0.6963  clm loss: 3.2686 total loss: 5.0278 bn loss: 0.4364 av loss: 0.4737 text loss: 0.4496
2025-12-28 18:38:34,435 - MMSA [INFO] - VAL-(msalm) >>  Mult_acc_2: 0.7456  Mult_acc_3: 0.6469  Mult_acc_5: 0.3750  F1_score: 0.7533  MAE: 0.4181  Corr: 0.6274  Loss: 0.4482 
2025-12-28 18:38:42,516 - MMSA [INFO] - TRAIN-(msalm) [3/19/1] >> loss: 0.3943  Mult_acc_2: 0.7990  Mult_acc_3: 0.6864  Mult_acc_5: 0.4284  F1_score: 0.7993  MAE: 0.3734  Corr: 0.7039  clm loss: 3.2736 total loss: 5.026 bn loss: 0.4301 av loss: 0.4732 text loss: 0.4548
2025-12-28 18:38:44,296 - MMSA [INFO] - VAL-(msalm) >>  Mult_acc_2: 0.7478  Mult_acc_3: 0.6338  Mult_acc_5: 0.3684  F1_score: 0.7557  MAE: 0.4216  Corr: 0.6331  Loss: 0.4300 
2025-12-28 18:38:53,469 - MMSA [INFO] - TRAIN-(msalm) [1/20/1] >> loss: 0.3744  Mult_acc_2: 0.8063  Mult_acc_3: 0.6893  Mult_acc_5: 0.4203  F1_score: 0.8073  MAE: 0.3617  Corr: 0.7214  clm loss: 3.2275 total loss: 4.9613 bn loss: 0.445 av loss: 0.4676 text loss: 0.4468
2025-12-28 18:38:55,166 - MMSA [INFO] - VAL-(msalm) >>  Mult_acc_2: 0.7237  Mult_acc_3: 0.6294  Mult_acc_5: 0.3772  F1_score: 0.7339  MAE: 0.4272  Corr: 0.6418  Loss: 0.4459 
2025-12-28 18:39:03,359 - MMSA [INFO] - TRAIN-(msalm) [2/21/1] >> loss: 0.3732  Mult_acc_2: 0.8158  Mult_acc_3: 0.7032  Mult_acc_5: 0.4430  F1_score: 0.8172  MAE: 0.3552  Corr: 0.7386  clm loss: 3.1937 total loss: 4.8942 bn loss: 0.4276 av loss: 0.4698 text loss: 0.43
2025-12-28 18:39:05,087 - MMSA [INFO] - VAL-(msalm) >>  Mult_acc_2: 0.7303  Mult_acc_3: 0.6382  Mult_acc_5: 0.3991  F1_score: 0.7399  MAE: 0.4178  Corr: 0.6471  Loss: 0.4583 
2025-12-28 18:39:13,155 - MMSA [INFO] - TRAIN-(msalm) [3/22/1] >> loss: 0.372  Mult_acc_2: 0.8019  Mult_acc_3: 0.6981  Mult_acc_5: 0.4576  F1_score: 0.8044  MAE: 0.3487  Corr: 0.7360  clm loss: 3.1762 total loss: 4.8829 bn loss: 0.4239 av loss: 0.4677 text loss: 0.4431
2025-12-28 18:39:14,858 - MMSA [INFO] - VAL-(msalm) >>  Mult_acc_2: 0.7346  Mult_acc_3: 0.6425  Mult_acc_5: 0.4101  F1_score: 0.7446  MAE: 0.4128  Corr: 0.6599  Loss: 0.4511 
2025-12-28 18:39:22,901 - MMSA [INFO] - TRAIN-(msalm) [4/23/1] >> loss: 0.3641  Mult_acc_2: 0.7946  Mult_acc_3: 0.7215  Mult_acc_5: 0.4539  F1_score: 0.7990  MAE: 0.3459  Corr: 0.7491  clm loss: 3.1525 total loss: 4.8382 bn loss: 0.415 av loss: 0.468 text loss: 0.4387
2025-12-28 18:39:24,604 - MMSA [INFO] - VAL-(msalm) >>  Mult_acc_2: 0.7478  Mult_acc_3: 0.6579  Mult_acc_5: 0.4101  F1_score: 0.7563  MAE: 0.3976  Corr: 0.6589  Loss: 0.4194 
2025-12-28 18:39:33,805 - MMSA [INFO] - TRAIN-(msalm) [1/24/1] >> loss: 0.3654  Mult_acc_2: 0.7873  Mult_acc_3: 0.6974  Mult_acc_5: 0.4320  F1_score: 0.7918  MAE: 0.3513  Corr: 0.7396  clm loss: 3.1843 total loss: 4.8584 bn loss: 0.4086 av loss: 0.4646 text loss: 0.4355
2025-12-28 18:39:35,499 - MMSA [INFO] - VAL-(msalm) >>  Mult_acc_2: 0.7829  Mult_acc_3: 0.6601  Mult_acc_5: 0.4079  F1_score: 0.7877  MAE: 0.3901  Corr: 0.6621  Loss: 0.4202 
2025-12-28 18:39:43,551 - MMSA [INFO] - TRAIN-(msalm) [2/25/1] >> loss: 0.3595  Mult_acc_2: 0.8260  Mult_acc_3: 0.7178  Mult_acc_5: 0.4510  F1_score: 0.8296  MAE: 0.3401  Corr: 0.7589  clm loss: 3.1413 total loss: 4.8059 bn loss: 0.4143 av loss: 0.4661 text loss: 0.4247
2025-12-28 18:39:45,263 - MMSA [INFO] - VAL-(msalm) >>  Mult_acc_2: 0.7654  Mult_acc_3: 0.6579  Mult_acc_5: 0.4013  F1_score: 0.7719  MAE: 0.3933  Corr: 0.6598  Loss: 0.4195 
2025-12-28 18:39:53,301 - MMSA [INFO] - TRAIN-(msalm) [3/26/1] >> loss: 0.3534  Mult_acc_2: 0.8151  Mult_acc_3: 0.7149  Mult_acc_5: 0.4613  F1_score: 0.8182  MAE: 0.3394  Corr: 0.7521  clm loss: 3.1163 total loss: 4.7574 bn loss: 0.4081 av loss: 0.4667 text loss: 0.4129
2025-12-28 18:39:54,988 - MMSA [INFO] - VAL-(msalm) >>  Mult_acc_2: 0.7412  Mult_acc_3: 0.6491  Mult_acc_5: 0.3904  F1_score: 0.7488  MAE: 0.4007  Corr: 0.6572  Loss: 0.4241 
2025-12-28 18:40:03,050 - MMSA [INFO] - TRAIN-(msalm) [4/27/1] >> loss: 0.3502  Mult_acc_2: 0.8187  Mult_acc_3: 0.7273  Mult_acc_5: 0.4635  F1_score: 0.8215  MAE: 0.3354  Corr: 0.7580  clm loss: 3.1196 total loss: 4.7566 bn loss: 0.4017 av loss: 0.4691 text loss: 0.416
2025-12-28 18:40:04,753 - MMSA [INFO] - VAL-(msalm) >>  Mult_acc_2: 0.8048  Mult_acc_3: 0.6732  Mult_acc_5: 0.4035  F1_score: 0.8038  MAE: 0.3925  Corr: 0.6544  Loss: 0.4309 
2025-12-28 18:40:12,841 - MMSA [INFO] - TRAIN-(msalm) [5/28/1] >> loss: 0.3475  Mult_acc_2: 0.8209  Mult_acc_3: 0.7178  Mult_acc_5: 0.4693  F1_score: 0.8241  MAE: 0.3305  Corr: 0.7664  clm loss: 3.0875 total loss: 4.7025 bn loss: 0.398 av loss: 0.4686 text loss: 0.401
2025-12-28 18:40:14,539 - MMSA [INFO] - VAL-(msalm) >>  Mult_acc_2: 0.7873  Mult_acc_3: 0.6667  Mult_acc_5: 0.4123  F1_score: 0.7895  MAE: 0.3851  Corr: 0.6651  Loss: 0.4086 
2025-12-28 18:40:23,684 - MMSA [INFO] - TRAIN-(msalm) [1/29/1] >> loss: 0.3452  Mult_acc_2: 0.8129  Mult_acc_3: 0.7325  Mult_acc_5: 0.4635  F1_score: 0.8165  MAE: 0.3313  Corr: 0.7711  clm loss: 3.0904 total loss: 4.6926 bn loss: 0.3832 av loss: 0.4596 text loss: 0.4142
2025-12-28 18:40:25,620 - MMSA [INFO] - VAL-(msalm) >>  Mult_acc_2: 0.7456  Mult_acc_3: 0.6513  Mult_acc_5: 0.4013  F1_score: 0.7533  MAE: 0.3922  Corr: 0.6689  Loss: 0.4174 
2025-12-28 18:40:33,689 - MMSA [INFO] - TRAIN-(msalm) [2/30/1] >> loss: 0.3431  Mult_acc_2: 0.8158  Mult_acc_3: 0.7171  Mult_acc_5: 0.4620  F1_score: 0.8192  MAE: 0.3289  Corr: 0.7803  clm loss: 3.1052 total loss: 4.6854 bn loss: 0.37 av loss: 0.4689 text loss: 0.3982
2025-12-28 18:40:35,395 - MMSA [INFO] - VAL-(msalm) >>  Mult_acc_2: 0.7478  Mult_acc_3: 0.6557  Mult_acc_5: 0.4189  F1_score: 0.7553  MAE: 0.3908  Corr: 0.6668  Loss: 0.4063 
2025-12-28 18:40:44,546 - MMSA [INFO] - TRAIN-(msalm) [1/31/1] >> loss: 0.3339  Mult_acc_2: 0.8165  Mult_acc_3: 0.7317  Mult_acc_5: 0.4846  F1_score: 0.8200  MAE: 0.3165  Corr: 0.7873  clm loss: 3.0819 total loss: 4.6263 bn loss: 0.3712 av loss: 0.4607 text loss: 0.3787
2025-12-28 18:40:46,244 - MMSA [INFO] - VAL-(msalm) >>  Mult_acc_2: 0.7632  Mult_acc_3: 0.6557  Mult_acc_5: 0.4232  F1_score: 0.7691  MAE: 0.3901  Corr: 0.6671  Loss: 0.4183 
2025-12-28 18:40:54,337 - MMSA [INFO] - TRAIN-(msalm) [2/32/1] >> loss: 0.3285  Mult_acc_2: 0.8202  Mult_acc_3: 0.7383  Mult_acc_5: 0.4876  F1_score: 0.8231  MAE: 0.3126  Corr: 0.7971  clm loss: 3.0542 total loss: 4.593 bn loss: 0.3637 av loss: 0.4597 text loss: 0.3869
2025-12-28 18:40:56,051 - MMSA [INFO] - VAL-(msalm) >>  Mult_acc_2: 0.7763  Mult_acc_3: 0.6623  Mult_acc_5: 0.4101  F1_score: 0.7792  MAE: 0.3910  Corr: 0.6604  Loss: 0.4175 
2025-12-28 18:41:04,113 - MMSA [INFO] - TRAIN-(msalm) [3/33/1] >> loss: 0.3316  Mult_acc_2: 0.8311  Mult_acc_3: 0.7346  Mult_acc_5: 0.4898  F1_score: 0.8332  MAE: 0.3178  Corr: 0.7884  clm loss: 3.057 total loss: 4.6112 bn loss: 0.3652 av loss: 0.4636 text loss: 0.3938
2025-12-28 18:41:05,825 - MMSA [INFO] - VAL-(msalm) >>  Mult_acc_2: 0.7961  Mult_acc_3: 0.6754  Mult_acc_5: 0.4123  F1_score: 0.7974  MAE: 0.3918  Corr: 0.6539  Loss: 0.4078 
2025-12-28 18:41:13,960 - MMSA [INFO] - TRAIN-(msalm) [4/34/1] >> loss: 0.3143  Mult_acc_2: 0.8268  Mult_acc_3: 0.7383  Mult_acc_5: 0.5102  F1_score: 0.8298  MAE: 0.2989  Corr: 0.8072  clm loss: 2.9984 total loss: 4.4841 bn loss: 0.3501 av loss: 0.4622 text loss: 0.3591
2025-12-28 18:41:15,701 - MMSA [INFO] - VAL-(msalm) >>  Mult_acc_2: 0.7939  Mult_acc_3: 0.6689  Mult_acc_5: 0.4101  F1_score: 0.7968  MAE: 0.3915  Corr: 0.6525  Loss: 0.4058 
2025-12-28 18:41:25,047 - MMSA [INFO] - TRAIN-(msalm) [1/35/1] >> loss: 0.3195  Mult_acc_2: 0.8319  Mult_acc_3: 0.7434  Mult_acc_5: 0.5249  F1_score: 0.8341  MAE: 0.3017  Corr: 0.8011  clm loss: 2.997 total loss: 4.5073 bn loss: 0.3526 av loss: 0.4639 text loss: 0.3742
2025-12-28 18:41:26,767 - MMSA [INFO] - VAL-(msalm) >>  Mult_acc_2: 0.7303  Mult_acc_3: 0.6623  Mult_acc_5: 0.4189  F1_score: 0.7396  MAE: 0.3948  Corr: 0.6640  Loss: 0.4140 
2025-12-28 18:41:34,868 - MMSA [INFO] - TRAIN-(msalm) [2/36/1] >> loss: 0.3098  Mult_acc_2: 0.8319  Mult_acc_3: 0.7398  Mult_acc_5: 0.5015  F1_score: 0.8352  MAE: 0.2927  Corr: 0.8144  clm loss: 2.9868 total loss: 4.4857 bn loss: 0.3565 av loss: 0.4613 text loss: 0.3713
2025-12-28 18:41:36,573 - MMSA [INFO] - VAL-(msalm) >>  Mult_acc_2: 0.7610  Mult_acc_3: 0.6623  Mult_acc_5: 0.4057  F1_score: 0.7668  MAE: 0.3859  Corr: 0.6693  Loss: 0.4075 
