2026-01-17 16:39:50,177 - MMSA [INFO] - ======================================== Program Start ========================================
2026-01-17 16:39:50,250 - MMSA [INFO] - Running with args:
2026-01-17 16:39:50,250 - MMSA [INFO] - {'model_name': 'msalm', 'dataset_name': 'mosei', 'featurePath': '/leonardo_work/EUHPC_A04_051/alexfil/MSA-Datasets/CMU-MOSEI/Processed/unaligned_50.pkl', 'seq_lens': [50, 500, 375], 'feature_dims': [768, 74, 35], 'train_samples': 16326, 'num_classes': 3, 'language': 'en', 'KeyEval': 'Loss', 'missing_rate': [0.0, 0.0, 0.0], 'missing_seed': [1111, 1111, 1111], 'need_data_aligned': False, 'need_model_aligned': False, 'early_stop': 10, 'use_bert': False, 'use_bert_finetune': False, 'attn_mask': True, 'excludeZero': True, 'update_epochs': 8, 'use_augmentation': False, 'use_m3xup': False, 'hfPath': False, 'use_ulgm': False, 'update_labels_patience': 1, 'H': 3.0, 'del_model': True, 'max_token_len': 50, 'pad_token': '<|endoftext|>', 'lm': '/leonardo_work/EUHPC_A04_051/alexfil/gpt2-large', 'use_bf16': False, 'task_out': 1, 'use_clm': True, 'gamma': 1.0, 'l_bn': 1.0, 'l_av': 1.0, 'l_t': 1.0, 'warmup_epochs': 1, 'max_epochs': 20, 'beta_1': 0.9, 'beta_2': 0.95, 'use_lnorm': True, 'rescale': False, 'rescaler': 'sqrt', 'use_seqaug': True, 'n_bn_fusion': 14, 'modded_loss': True, 'embedding_attr_name': 'transformer.wte', 'decoder_layers_attr_name': 'transformer.h', 'mmgpt': {'type': 'gpt2', 'd_out': 64, 'combine': True, 'dropout': 0.1, 'mm_layer': [7, 14, 21, 28, 35], 'top_k': 2, 'layer_dropout': 0.0, 'dense': True, 'tie_ffn': True, 'n_embd': 1280, 'bias': True, 'kv_dim': 30, 'n_head': 16, 'd_mm': 1280, 'gating': 'sigmoid', 'init_gate': [0.0, 0.0, 0.0, 0.0, 0.0, 0.0, 0.0, 0.0, 0.0, 0.0], 'use_softperm': True, 'p_perm': 0.3, 'p_apply': 0.25, 'use_lora': False, 'lora': {'lora_alpha': 128, 'r': 64, 'lora_dropout': 0.05}}, 'av_enc': {'finetune': True, 'from_pretrained': True, 'path_to_pretrained': '/leonardo_work/EUHPC_A04_051/alexfil/DeepMLF-Reprod/checkpoints/bienc-mosei-1990/bienc-mosei-1990.pth', 'feature_dims': [768, 74, 35], 'd_enc': 30, 'n_embd': 30, 'n_head': 6, 'nlevels': 3, 'd_enc_out': 30, 'maxlen': 50, 'p_mask': 0.15, 'enc_attn_dropout': 0.1, 'enc_res_dropout': 0.1, 'enc_dropout': 0.1, 'use_softperm': True, 'p_perm': 0.2, 'mask_perm_ratio': 0.5, 'tf_fusion': False, 'use_bn': False, 'use_ln': False}, 'gpt': {'vocab_size': 50257, 'block_size': 1024, 'bias': True, 'n_embd': 1024, 'n_layer': 24, 'n_head': 16, 'dropout': 0.0}, 'batch_size': 32, 'grad_clip': 5.0, 'patience': 10, 'weight_decay_mmgpt': 0.1, 'weight_decay_av': 0.1, 'learning_rate_av': 0.0002, 'learning_rate_mmgpt': 0.0002, 'device': device(type='cuda', index=0), 'train_mode': 'regression', 'custom_feature': None, 'feature_T': '', 'feature_A': '', 'feature_V': ''}
2026-01-17 16:39:50,250 - MMSA [INFO] - Seeds: [1990, 1991, 1992, 1993, 1994]
2026-01-17 16:39:50,251 - MMSA [INFO] - ------------------------------ Running with seed 1990 [1/5] ------------------------------
2026-01-17 16:52:16,449 - MMSA [INFO] - The model has 914783116 trainable parameters
2026-01-17 16:57:09,062 - MMSA [INFO] - TRAIN-(msalm) [1/1/1] >> loss: 0.749  Has0_acc_2: 0.7157  Has0_F1_score: 0.7198  Non0_acc_2: 0.7236  Non0_F1_score: 0.7193  Mult_acc_5: 0.4310  Mult_acc_7: 0.4278  MAE: 0.7493  Corr: 0.4800  clm loss: 4.1478 total loss: 7.4414 bn loss: 0.8221 av loss: 0.8805 text loss: 0.842
2026-01-17 16:57:18,025 - MMSA [INFO] - VAL-(msalm) >>  Has0_acc_2: 0.7937  Has0_F1_score: 0.8025  Non0_acc_2: 0.8401  Non0_F1_score: 0.8413  Mult_acc_5: 0.5216  Mult_acc_7: 0.5110  MAE: 0.5650  Corr: 0.6985  Loss: 0.5662 
2026-01-17 17:02:14,326 - MMSA [INFO] - TRAIN-(msalm) [1/2/1] >> loss: 0.5641  Has0_acc_2: 0.8023  Has0_F1_score: 0.8078  Non0_acc_2: 0.8441  Non0_F1_score: 0.8438  Mult_acc_5: 0.5432  Mult_acc_7: 0.5262  MAE: 0.5638  Corr: 0.7460  clm loss: 3.6587 total loss: 6.2095 bn loss: 0.5703 av loss: 0.8047 text loss: 0.6118
2026-01-17 17:02:23,311 - MMSA [INFO] - VAL-(msalm) >>  Has0_acc_2: 0.8274  Has0_F1_score: 0.8322  Non0_acc_2: 0.8672  Non0_F1_score: 0.8665  Mult_acc_5: 0.5708  Mult_acc_7: 0.5569  MAE: 0.4981  Corr: 0.7648  Loss: 0.4972 
2026-01-17 17:07:20,259 - MMSA [INFO] - TRAIN-(msalm) [1/3/1] >> loss: 0.5052  Has0_acc_2: 0.8260  Has0_F1_score: 0.8305  Non0_acc_2: 0.8703  Non0_F1_score: 0.8699  Mult_acc_5: 0.5846  Mult_acc_7: 0.5628  MAE: 0.5054  Corr: 0.7944  clm loss: 3.5161 total loss: 5.8574 bn loss: 0.5102 av loss: 0.795 text loss: 0.5309
2026-01-17 17:07:29,438 - MMSA [INFO] - VAL-(msalm) >>  Has0_acc_2: 0.8215  Has0_F1_score: 0.8266  Non0_acc_2: 0.8623  Non0_F1_score: 0.8615  Mult_acc_5: 0.5697  Mult_acc_7: 0.5559  MAE: 0.4995  Corr: 0.7680  Loss: 0.4995 
2026-01-17 17:12:21,114 - MMSA [INFO] - TRAIN-(msalm) [2/4/1] >> loss: 0.4623  Has0_acc_2: 0.8404  Has0_F1_score: 0.8447  Non0_acc_2: 0.8896  Non0_F1_score: 0.8893  Mult_acc_5: 0.6171  Mult_acc_7: 0.5943  MAE: 0.4626  Corr: 0.8307  clm loss: 3.4432 total loss: 5.6393 bn loss: 0.4679 av loss: 0.7915 text loss: 0.4744
2026-01-17 17:12:30,425 - MMSA [INFO] - VAL-(msalm) >>  Has0_acc_2: 0.8087  Has0_F1_score: 0.8161  Non0_acc_2: 0.8581  Non0_F1_score: 0.8586  Mult_acc_5: 0.5794  Mult_acc_7: 0.5655  MAE: 0.4953  Corr: 0.7753  Loss: 0.4950 
2026-01-17 17:17:27,219 - MMSA [INFO] - TRAIN-(msalm) [1/5/1] >> loss: 0.4211  Has0_acc_2: 0.8469  Has0_F1_score: 0.8514  Non0_acc_2: 0.9050  Non0_F1_score: 0.9048  Mult_acc_5: 0.6503  Mult_acc_7: 0.6252  MAE: 0.4212  Corr: 0.8608  clm loss: 3.3677 total loss: 5.4329 bn loss: 0.4296 av loss: 0.7913 text loss: 0.4232
2026-01-17 17:17:36,258 - MMSA [INFO] - VAL-(msalm) >>  Has0_acc_2: 0.8397  Has0_F1_score: 0.8432  Non0_acc_2: 0.8707  Non0_F1_score: 0.8696  Mult_acc_5: 0.5772  Mult_acc_7: 0.5639  MAE: 0.4965  Corr: 0.7675  Loss: 0.4973 
2026-01-17 17:22:28,492 - MMSA [INFO] - TRAIN-(msalm) [2/6/1] >> loss: 0.391  Has0_acc_2: 0.8565  Has0_F1_score: 0.8607  Non0_acc_2: 0.9188  Non0_F1_score: 0.9186  Mult_acc_5: 0.6761  Mult_acc_7: 0.6518  MAE: 0.3910  Corr: 0.8794  clm loss: 3.3207 total loss: 5.2684 bn loss: 0.3922 av loss: 0.7887 text loss: 0.3758
2026-01-17 17:22:37,519 - MMSA [INFO] - VAL-(msalm) >>  Has0_acc_2: 0.8119  Has0_F1_score: 0.8189  Non0_acc_2: 0.8561  Non0_F1_score: 0.8565  Mult_acc_5: 0.5740  Mult_acc_7: 0.5633  MAE: 0.4943  Corr: 0.7737  Loss: 0.4948 
2026-01-17 17:27:34,369 - MMSA [INFO] - TRAIN-(msalm) [1/7/1] >> loss: 0.3568  Has0_acc_2: 0.8626  Has0_F1_score: 0.8669  Non0_acc_2: 0.9325  Non0_F1_score: 0.9325  Mult_acc_5: 0.7051  Mult_acc_7: 0.6774  MAE: 0.3568  Corr: 0.8998  clm loss: 3.2716 total loss: 5.1219 bn loss: 0.3631 av loss: 0.787 text loss: 0.3433
2026-01-17 17:27:43,353 - MMSA [INFO] - VAL-(msalm) >>  Has0_acc_2: 0.8370  Has0_F1_score: 0.8415  Non0_acc_2: 0.8762  Non0_F1_score: 0.8756  Mult_acc_5: 0.5783  Mult_acc_7: 0.5628  MAE: 0.4938  Corr: 0.7751  Loss: 0.4933 
2026-01-17 17:32:40,249 - MMSA [INFO] - TRAIN-(msalm) [1/8/1] >> loss: 0.3266  Has0_acc_2: 0.8657  Has0_F1_score: 0.8701  Non0_acc_2: 0.9405  Non0_F1_score: 0.9405  Mult_acc_5: 0.7355  Mult_acc_7: 0.7092  MAE: 0.3262  Corr: 0.9135  clm loss: 3.2285 total loss: 4.9901 bn loss: 0.3366 av loss: 0.785 text loss: 0.3133
2026-01-17 17:32:49,587 - MMSA [INFO] - VAL-(msalm) >>  Has0_acc_2: 0.8103  Has0_F1_score: 0.8175  Non0_acc_2: 0.8505  Non0_F1_score: 0.8513  Mult_acc_5: 0.5815  Mult_acc_7: 0.5676  MAE: 0.4976  Corr: 0.7701  Loss: 0.4977 
2026-01-17 17:37:41,349 - MMSA [INFO] - TRAIN-(msalm) [2/9/1] >> loss: 0.3139  Has0_acc_2: 0.8687  Has0_F1_score: 0.8730  Non0_acc_2: 0.9458  Non0_F1_score: 0.9458  Mult_acc_5: 0.7461  Mult_acc_7: 0.7206  MAE: 0.3133  Corr: 0.9229  clm loss: 3.191 total loss: 4.8944 bn loss: 0.315 av loss: 0.7841 text loss: 0.2904
2026-01-17 17:37:50,299 - MMSA [INFO] - VAL-(msalm) >>  Has0_acc_2: 0.8049  Has0_F1_score: 0.8133  Non0_acc_2: 0.8512  Non0_F1_score: 0.8526  Mult_acc_5: 0.5783  Mult_acc_7: 0.5660  MAE: 0.5017  Corr: 0.7728  Loss: 0.5006 
2026-01-17 17:42:42,317 - MMSA [INFO] - TRAIN-(msalm) [3/10/1] >> loss: 0.2929  Has0_acc_2: 0.8758  Has0_F1_score: 0.8798  Non0_acc_2: 0.9542  Non0_F1_score: 0.9542  Mult_acc_5: 0.7650  Mult_acc_7: 0.7386  MAE: 0.2927  Corr: 0.9315  clm loss: 3.1573 total loss: 4.7942 bn loss: 0.2918 av loss: 0.7833 text loss: 0.2689
2026-01-17 17:42:51,192 - MMSA [INFO] - VAL-(msalm) >>  Has0_acc_2: 0.8338  Has0_F1_score: 0.8379  Non0_acc_2: 0.8651  Non0_F1_score: 0.8644  Mult_acc_5: 0.5697  Mult_acc_7: 0.5564  MAE: 0.5086  Corr: 0.7659  Loss: 0.5090 
2026-01-17 17:47:43,210 - MMSA [INFO] - TRAIN-(msalm) [4/11/1] >> loss: 0.2803  Has0_acc_2: 0.8741  Has0_F1_score: 0.8783  Non0_acc_2: 0.9565  Non0_F1_score: 0.9565  Mult_acc_5: 0.7742  Mult_acc_7: 0.7500  MAE: 0.2802  Corr: 0.9384  clm loss: 3.1257 total loss: 4.7075 bn loss: 0.2719 av loss: 0.7817 text loss: 0.2478
2026-01-17 17:47:52,143 - MMSA [INFO] - VAL-(msalm) >>  Has0_acc_2: 0.8316  Has0_F1_score: 0.8363  Non0_acc_2: 0.8616  Non0_F1_score: 0.8613  Mult_acc_5: 0.5660  Mult_acc_7: 0.5500  MAE: 0.5064  Corr: 0.7643  Loss: 0.5065 
2026-01-17 17:52:44,054 - MMSA [INFO] - TRAIN-(msalm) [5/12/1] >> loss: 0.2704  Has0_acc_2: 0.8719  Has0_F1_score: 0.8763  Non0_acc_2: 0.9587  Non0_F1_score: 0.9587  Mult_acc_5: 0.7879  Mult_acc_7: 0.7635  MAE: 0.2696  Corr: 0.9425  clm loss: 3.0954 total loss: 4.6418 bn loss: 0.2591 av loss: 0.7814 text loss: 0.2356
2026-01-17 17:52:53,073 - MMSA [INFO] - VAL-(msalm) >>  Has0_acc_2: 0.8322  Has0_F1_score: 0.8356  Non0_acc_2: 0.8595  Non0_F1_score: 0.8583  Mult_acc_5: 0.5644  Mult_acc_7: 0.5489  MAE: 0.5118  Corr: 0.7667  Loss: 0.5104 
2026-01-17 17:57:45,988 - MMSA [INFO] - TRAIN-(msalm) [6/13/1] >> loss: 0.2578  Has0_acc_2: 0.8788  Has0_F1_score: 0.8830  Non0_acc_2: 0.9669  Non0_F1_score: 0.9669  Mult_acc_5: 0.7973  Mult_acc_7: 0.7719  MAE: 0.2574  Corr: 0.9489  clm loss: 3.0688 total loss: 4.5695 bn loss: 0.2407 av loss: 0.7801 text loss: 0.2221
2026-01-17 17:57:54,980 - MMSA [INFO] - VAL-(msalm) >>  Has0_acc_2: 0.8193  Has0_F1_score: 0.8255  Non0_acc_2: 0.8540  Non0_F1_score: 0.8544  Mult_acc_5: 0.5730  Mult_acc_7: 0.5575  MAE: 0.5008  Corr: 0.7674  Loss: 0.5008 
2026-01-17 18:02:47,340 - MMSA [INFO] - TRAIN-(msalm) [7/14/1] >> loss: 0.2492  Has0_acc_2: 0.8780  Has0_F1_score: 0.8822  Non0_acc_2: 0.9657  Non0_F1_score: 0.9657  Mult_acc_5: 0.8034  Mult_acc_7: 0.7789  MAE: 0.2487  Corr: 0.9516  clm loss: 3.0419 total loss: 4.5075 bn loss: 0.2282 av loss: 0.7807 text loss: 0.2075
2026-01-17 18:02:56,535 - MMSA [INFO] - VAL-(msalm) >>  Has0_acc_2: 0.8450  Has0_F1_score: 0.8465  Non0_acc_2: 0.8623  Non0_F1_score: 0.8602  Mult_acc_5: 0.5601  Mult_acc_7: 0.5452  MAE: 0.5140  Corr: 0.7685  Loss: 0.5131 
2026-01-17 18:07:49,072 - MMSA [INFO] - TRAIN-(msalm) [8/15/1] >> loss: 0.237  Has0_acc_2: 0.8800  Has0_F1_score: 0.8843  Non0_acc_2: 0.9736  Non0_F1_score: 0.9736  Mult_acc_5: 0.8187  Mult_acc_7: 0.7936  MAE: 0.2370  Corr: 0.9560  clm loss: 3.0145 total loss: 4.4445 bn loss: 0.217 av loss: 0.7787 text loss: 0.1972
2026-01-17 18:07:58,150 - MMSA [INFO] - VAL-(msalm) >>  Has0_acc_2: 0.8087  Has0_F1_score: 0.8163  Non0_acc_2: 0.8512  Non0_F1_score: 0.8522  Mult_acc_5: 0.5703  Mult_acc_7: 0.5569  MAE: 0.4991  Corr: 0.7690  Loss: 0.5011 
2026-01-17 18:12:51,245 - MMSA [INFO] - TRAIN-(msalm) [9/16/1] >> loss: 0.2418  Has0_acc_2: 0.8804  Has0_F1_score: 0.8845  Non0_acc_2: 0.9698  Non0_F1_score: 0.9698  Mult_acc_5: 0.8130  Mult_acc_7: 0.7894  MAE: 0.2408  Corr: 0.9534  clm loss: 3.0145 total loss: 4.4459 bn loss: 0.2137 av loss: 0.7784 text loss: 0.1974
2026-01-17 18:13:00,311 - MMSA [INFO] - VAL-(msalm) >>  Has0_acc_2: 0.8397  Has0_F1_score: 0.8421  Non0_acc_2: 0.8637  Non0_F1_score: 0.8619  Mult_acc_5: 0.5655  Mult_acc_7: 0.5500  MAE: 0.5050  Corr: 0.7689  Loss: 0.5047 
2026-01-17 18:17:52,922 - MMSA [INFO] - TRAIN-(msalm) [10/17/1] >> loss: 0.2344  Has0_acc_2: 0.8798  Has0_F1_score: 0.8840  Non0_acc_2: 0.9718  Non0_F1_score: 0.9718  Mult_acc_5: 0.8192  Mult_acc_7: 0.7958  MAE: 0.2333  Corr: 0.9571  clm loss: 2.9956 total loss: 4.3996 bn loss: 0.2033 av loss: 0.7783 text loss: 0.1881
2026-01-17 18:18:01,985 - MMSA [INFO] - VAL-(msalm) >>  Has0_acc_2: 0.8055  Has0_F1_score: 0.8136  Non0_acc_2: 0.8533  Non0_F1_score: 0.8544  Mult_acc_5: 0.5692  Mult_acc_7: 0.5564  MAE: 0.4987  Corr: 0.7688  Loss: 0.5005 
2026-01-17 18:18:23,587 - MMSA [INFO] - TEST-(msalm) >>  Has0_acc_2: 0.8289  Has0_F1_score: 0.8331  Non0_acc_2: 0.8690  Non0_F1_score: 0.8685  Mult_acc_5: 0.5737  Mult_acc_7: 0.5555  MAE: 0.5031  Corr: 0.8006  Loss: 0.5031 
2026-01-17 18:18:25,861 - MMSA [INFO] - Result for seed 1990: {'Has0_acc_2': 0.8289, 'Has0_F1_score': 0.8331, 'Non0_acc_2': 0.869, 'Non0_F1_score': 0.8685, 'Mult_acc_5': 0.5737, 'Mult_acc_7': 0.5555, 'MAE': 0.5031, 'Corr': 0.8006, 'Loss': 0.5031, 'seed': 1990}
2026-01-17 18:18:25,862 - MMSA [INFO] - ------------------------------ Running with seed 1991 [2/5] ------------------------------
2026-01-17 18:30:30,447 - MMSA [INFO] - The model has 914783116 trainable parameters
2026-01-17 18:35:22,810 - MMSA [INFO] - TRAIN-(msalm) [1/1/2] >> loss: 0.79  Has0_acc_2: 0.6062  Has0_F1_score: 0.6221  Non0_acc_2: 0.6599  Non0_F1_score: 0.6644  Mult_acc_5: 0.4182  Mult_acc_7: 0.4108  MAE: 0.7905  Corr: 0.4762  clm loss: 4.1276 total loss: 7.3616 bn loss: 0.777 av loss: 0.8129 text loss: 0.8541
2026-01-17 18:35:31,899 - MMSA [INFO] - VAL-(msalm) >>  Has0_acc_2: 0.7862  Has0_F1_score: 0.7950  Non0_acc_2: 0.8303  Non0_F1_score: 0.8314  Mult_acc_5: 0.5243  Mult_acc_7: 0.5136  MAE: 0.5687  Corr: 0.6903  Loss: 0.5700 
2026-01-17 18:40:28,400 - MMSA [INFO] - TRAIN-(msalm) [1/2/2] >> loss: 0.5636  Has0_acc_2: 0.7916  Has0_F1_score: 0.7989  Non0_acc_2: 0.8404  Non0_F1_score: 0.8411  Mult_acc_5: 0.5397  Mult_acc_7: 0.5208  MAE: 0.5634  Corr: 0.7473  clm loss: 3.649 total loss: 6.1764 bn loss: 0.5613 av loss: 0.7954 text loss: 0.607
2026-01-17 18:40:37,403 - MMSA [INFO] - VAL-(msalm) >>  Has0_acc_2: 0.8413  Has0_F1_score: 0.8443  Non0_acc_2: 0.8630  Non0_F1_score: 0.8620  Mult_acc_5: 0.5756  Mult_acc_7: 0.5623  MAE: 0.5006  Corr: 0.7719  Loss: 0.5022 
2026-01-17 18:45:34,122 - MMSA [INFO] - TRAIN-(msalm) [1/3/2] >> loss: 0.5  Has0_acc_2: 0.8265  Has0_F1_score: 0.8310  Non0_acc_2: 0.8724  Non0_F1_score: 0.8719  Mult_acc_5: 0.5875  Mult_acc_7: 0.5654  MAE: 0.4996  Corr: 0.8016  clm loss: 3.5158 total loss: 5.831 bn loss: 0.4969 av loss: 0.7927 text loss: 0.5256
2026-01-17 18:45:43,431 - MMSA [INFO] - VAL-(msalm) >>  Has0_acc_2: 0.8188  Has0_F1_score: 0.8259  Non0_acc_2: 0.8616  Non0_F1_score: 0.8625  Mult_acc_5: 0.5820  Mult_acc_7: 0.5714  MAE: 0.4912  Corr: 0.7778  Loss: 0.4913 
2026-01-17 18:50:40,199 - MMSA [INFO] - TRAIN-(msalm) [1/4/2] >> loss: 0.4556  Has0_acc_2: 0.8382  Has0_F1_score: 0.8428  Non0_acc_2: 0.8919  Non0_F1_score: 0.8918  Mult_acc_5: 0.6244  Mult_acc_7: 0.6017  MAE: 0.4553  Corr: 0.8359  clm loss: 3.4324 total loss: 5.6071 bn loss: 0.4616 av loss: 0.7891 text loss: 0.4684
2026-01-17 18:50:49,169 - MMSA [INFO] - VAL-(msalm) >>  Has0_acc_2: 0.8258  Has0_F1_score: 0.8315  Non0_acc_2: 0.8665  Non0_F1_score: 0.8665  Mult_acc_5: 0.5794  Mult_acc_7: 0.5660  MAE: 0.4896  Corr: 0.7862  Loss: 0.4904 
2026-01-17 18:55:46,558 - MMSA [INFO] - TRAIN-(msalm) [1/5/2] >> loss: 0.4181  Has0_acc_2: 0.8454  Has0_F1_score: 0.8502  Non0_acc_2: 0.9078  Non0_F1_score: 0.9078  Mult_acc_5: 0.6547  Mult_acc_7: 0.6290  MAE: 0.4182  Corr: 0.8612  clm loss: 3.3717 total loss: 5.4229 bn loss: 0.4225 av loss: 0.7875 text loss: 0.4231
2026-01-17 18:55:55,796 - MMSA [INFO] - VAL-(msalm) >>  Has0_acc_2: 0.8076  Has0_F1_score: 0.8150  Non0_acc_2: 0.8547  Non0_F1_score: 0.8553  Mult_acc_5: 0.5858  Mult_acc_7: 0.5730  MAE: 0.4935  Corr: 0.7774  Loss: 0.4946 
2026-01-17 19:00:48,872 - MMSA [INFO] - TRAIN-(msalm) [2/6/2] >> loss: 0.3812  Has0_acc_2: 0.8621  Has0_F1_score: 0.8662  Non0_acc_2: 0.9241  Non0_F1_score: 0.9241  Mult_acc_5: 0.6859  Mult_acc_7: 0.6602  MAE: 0.3808  Corr: 0.8863  clm loss: 3.3069 total loss: 5.232 bn loss: 0.3862 av loss: 0.7853 text loss: 0.3724
2026-01-17 19:00:58,092 - MMSA [INFO] - VAL-(msalm) >>  Has0_acc_2: 0.8210  Has0_F1_score: 0.8277  Non0_acc_2: 0.8658  Non0_F1_score: 0.8664  Mult_acc_5: 0.5746  Mult_acc_7: 0.5596  MAE: 0.5007  Corr: 0.7771  Loss: 0.5017 
2026-01-17 19:05:51,321 - MMSA [INFO] - TRAIN-(msalm) [3/7/2] >> loss: 0.3502  Has0_acc_2: 0.8625  Has0_F1_score: 0.8668  Non0_acc_2: 0.9317  Non0_F1_score: 0.9316  Mult_acc_5: 0.7138  Mult_acc_7: 0.6898  MAE: 0.3506  Corr: 0.9017  clm loss: 3.264 total loss: 5.0894 bn loss: 0.3565 av loss: 0.7843 text loss: 0.3344
2026-01-17 19:06:00,497 - MMSA [INFO] - VAL-(msalm) >>  Has0_acc_2: 0.8391  Has0_F1_score: 0.8431  Non0_acc_2: 0.8672  Non0_F1_score: 0.8667  Mult_acc_5: 0.5714  Mult_acc_7: 0.5559  MAE: 0.5022  Corr: 0.7727  Loss: 0.5034 
2026-01-17 19:10:53,744 - MMSA [INFO] - TRAIN-(msalm) [4/8/2] >> loss: 0.3272  Has0_acc_2: 0.8656  Has0_F1_score: 0.8700  Non0_acc_2: 0.9404  Non0_F1_score: 0.9404  Mult_acc_5: 0.7336  Mult_acc_7: 0.7059  MAE: 0.3273  Corr: 0.9161  clm loss: 3.2232 total loss: 4.9713 bn loss: 0.33 av loss: 0.7832 text loss: 0.3077
2026-01-17 19:11:02,769 - MMSA [INFO] - VAL-(msalm) >>  Has0_acc_2: 0.8498  Has0_F1_score: 0.8523  Non0_acc_2: 0.8700  Non0_F1_score: 0.8688  Mult_acc_5: 0.5730  Mult_acc_7: 0.5542  MAE: 0.5044  Corr: 0.7759  Loss: 0.5042 
2026-01-17 19:15:55,394 - MMSA [INFO] - TRAIN-(msalm) [5/9/2] >> loss: 0.3114  Has0_acc_2: 0.8665  Has0_F1_score: 0.8708  Non0_acc_2: 0.9446  Non0_F1_score: 0.9446  Mult_acc_5: 0.7457  Mult_acc_7: 0.7193  MAE: 0.3107  Corr: 0.9248  clm loss: 3.185 total loss: 4.874 bn loss: 0.309 av loss: 0.7824 text loss: 0.2863
2026-01-17 19:16:04,438 - MMSA [INFO] - VAL-(msalm) >>  Has0_acc_2: 0.8397  Has0_F1_score: 0.8435  Non0_acc_2: 0.8707  Non0_F1_score: 0.8699  Mult_acc_5: 0.5740  Mult_acc_7: 0.5585  MAE: 0.5051  Corr: 0.7733  Loss: 0.5061 
2026-01-17 19:20:56,705 - MMSA [INFO] - TRAIN-(msalm) [6/10/2] >> loss: 0.2909  Has0_acc_2: 0.8700  Has0_F1_score: 0.8744  Non0_acc_2: 0.9514  Non0_F1_score: 0.9514  Mult_acc_5: 0.7680  Mult_acc_7: 0.7430  MAE: 0.2905  Corr: 0.9340  clm loss: 3.1481 total loss: 4.7675 bn loss: 0.284 av loss: 0.782 text loss: 0.2624
2026-01-17 19:21:06,074 - MMSA [INFO] - VAL-(msalm) >>  Has0_acc_2: 0.8220  Has0_F1_score: 0.8289  Non0_acc_2: 0.8623  Non0_F1_score: 0.8633  Mult_acc_5: 0.5724  Mult_acc_7: 0.5575  MAE: 0.5003  Corr: 0.7710  Loss: 0.5022 
2026-01-17 19:25:58,288 - MMSA [INFO] - TRAIN-(msalm) [7/11/2] >> loss: 0.2744  Has0_acc_2: 0.8741  Has0_F1_score: 0.8784  Non0_acc_2: 0.9593  Non0_F1_score: 0.9593  Mult_acc_5: 0.7805  Mult_acc_7: 0.7542  MAE: 0.2743  Corr: 0.9416  clm loss: 3.1098 total loss: 4.667 bn loss: 0.2617 av loss: 0.78 text loss: 0.2412
2026-01-17 19:26:07,353 - MMSA [INFO] - VAL-(msalm) >>  Has0_acc_2: 0.8172  Has0_F1_score: 0.8239  Non0_acc_2: 0.8595  Non0_F1_score: 0.8601  Mult_acc_5: 0.5719  Mult_acc_7: 0.5548  MAE: 0.5018  Corr: 0.7747  Loss: 0.5023 
2026-01-17 19:30:59,679 - MMSA [INFO] - TRAIN-(msalm) [8/12/2] >> loss: 0.2604  Has0_acc_2: 0.8714  Has0_F1_score: 0.8759  Non0_acc_2: 0.9610  Non0_F1_score: 0.9610  Mult_acc_5: 0.7992  Mult_acc_7: 0.7750  MAE: 0.2605  Corr: 0.9470  clm loss: 3.079 total loss: 4.5915 bn loss: 0.2462 av loss: 0.778 text loss: 0.2278
2026-01-17 19:31:08,729 - MMSA [INFO] - VAL-(msalm) >>  Has0_acc_2: 0.8236  Has0_F1_score: 0.8303  Non0_acc_2: 0.8602  Non0_F1_score: 0.8613  Mult_acc_5: 0.5746  Mult_acc_7: 0.5569  MAE: 0.4932  Corr: 0.7761  Loss: 0.4922 
2026-01-17 19:36:01,099 - MMSA [INFO] - TRAIN-(msalm) [9/13/2] >> loss: 0.2565  Has0_acc_2: 0.8822  Has0_F1_score: 0.8861  Non0_acc_2: 0.9665  Non0_F1_score: 0.9665  Mult_acc_5: 0.7975  Mult_acc_7: 0.7715  MAE: 0.2566  Corr: 0.9481  clm loss: 3.0703 total loss: 4.5632 bn loss: 0.2381 av loss: 0.7781 text loss: 0.2202
2026-01-17 19:36:10,194 - MMSA [INFO] - VAL-(msalm) >>  Has0_acc_2: 0.8397  Has0_F1_score: 0.8440  Non0_acc_2: 0.8686  Non0_F1_score: 0.8684  Mult_acc_5: 0.5735  Mult_acc_7: 0.5559  MAE: 0.5062  Corr: 0.7716  Loss: 0.5053 
2026-01-17 19:41:02,031 - MMSA [INFO] - TRAIN-(msalm) [10/14/2] >> loss: 0.2459  Has0_acc_2: 0.8741  Has0_F1_score: 0.8786  Non0_acc_2: 0.9658  Non0_F1_score: 0.9658  Mult_acc_5: 0.8048  Mult_acc_7: 0.7807  MAE: 0.2458  Corr: 0.9511  clm loss: 3.0441 total loss: 4.5036 bn loss: 0.2264 av loss: 0.7778 text loss: 0.2093
2026-01-17 19:41:11,283 - MMSA [INFO] - VAL-(msalm) >>  Has0_acc_2: 0.8167  Has0_F1_score: 0.8239  Non0_acc_2: 0.8554  Non0_F1_score: 0.8565  Mult_acc_5: 0.5767  Mult_acc_7: 0.5596  MAE: 0.5031  Corr: 0.7747  Loss: 0.5035 
2026-01-17 19:41:32,754 - MMSA [INFO] - TEST-(msalm) >>  Has0_acc_2: 0.8126  Has0_F1_score: 0.8188  Non0_acc_2: 0.8652  Non0_F1_score: 0.8655  Mult_acc_5: 0.5785  Mult_acc_7: 0.5548  MAE: 0.5128  Corr: 0.8051  Loss: 0.5129 
2026-01-17 19:41:35,070 - MMSA [INFO] - Result for seed 1991: {'Has0_acc_2': 0.8126, 'Has0_F1_score': 0.8188, 'Non0_acc_2': 0.8652, 'Non0_F1_score': 0.8655, 'Mult_acc_5': 0.5785, 'Mult_acc_7': 0.5548, 'MAE': 0.5128, 'Corr': 0.8051, 'Loss': 0.5129, 'seed': 1991}
2026-01-17 19:41:35,073 - MMSA [INFO] - ------------------------------ Running with seed 1992 [3/5] ------------------------------
2026-01-17 19:53:40,850 - MMSA [INFO] - The model has 914783116 trainable parameters
2026-01-17 19:58:32,925 - MMSA [INFO] - TRAIN-(msalm) [1/1/3] >> loss: 0.7876  Has0_acc_2: 0.6280  Has0_F1_score: 0.6451  Non0_acc_2: 0.6641  Non0_F1_score: 0.6698  Mult_acc_5: 0.4182  Mult_acc_7: 0.4133  MAE: 0.7879  Corr: 0.4532  clm loss: 4.1365 total loss: 7.3374 bn loss: 0.7865 av loss: 0.8193 text loss: 0.8075
2026-01-17 19:58:41,914 - MMSA [INFO] - VAL-(msalm) >>  Has0_acc_2: 0.7958  Has0_F1_score: 0.8044  Non0_acc_2: 0.8352  Non0_F1_score: 0.8368  Mult_acc_5: 0.5206  Mult_acc_7: 0.5088  MAE: 0.5719  Corr: 0.7021  Loss: 0.5743 
2026-01-17 20:03:38,638 - MMSA [INFO] - TRAIN-(msalm) [1/2/3] >> loss: 0.5657  Has0_acc_2: 0.8007  Has0_F1_score: 0.8067  Non0_acc_2: 0.8431  Non0_F1_score: 0.8432  Mult_acc_5: 0.5398  Mult_acc_7: 0.5202  MAE: 0.5658  Corr: 0.7467  clm loss: 3.6439 total loss: 6.1867 bn loss: 0.5688 av loss: 0.7987 text loss: 0.6096
2026-01-17 20:03:47,654 - MMSA [INFO] - VAL-(msalm) >>  Has0_acc_2: 0.8311  Has0_F1_score: 0.8362  Non0_acc_2: 0.8644  Non0_F1_score: 0.8644  Mult_acc_5: 0.5831  Mult_acc_7: 0.5687  MAE: 0.4954  Corr: 0.7701  Loss: 0.4949 
2026-01-17 20:08:44,774 - MMSA [INFO] - TRAIN-(msalm) [1/3/3] >> loss: 0.5054  Has0_acc_2: 0.8192  Has0_F1_score: 0.8245  Non0_acc_2: 0.8670  Non0_F1_score: 0.8669  Mult_acc_5: 0.5905  Mult_acc_7: 0.5690  MAE: 0.5055  Corr: 0.7970  clm loss: 3.5144 total loss: 5.8449 bn loss: 0.5016 av loss: 0.793 text loss: 0.5304
2026-01-17 20:08:53,941 - MMSA [INFO] - VAL-(msalm) >>  Has0_acc_2: 0.8242  Has0_F1_score: 0.8297  Non0_acc_2: 0.8686  Non0_F1_score: 0.8682  Mult_acc_5: 0.5954  Mult_acc_7: 0.5794  MAE: 0.4776  Corr: 0.7855  Loss: 0.4771 
2026-01-17 20:13:51,110 - MMSA [INFO] - TRAIN-(msalm) [1/4/3] >> loss: 0.4548  Has0_acc_2: 0.8391  Has0_F1_score: 0.8435  Non0_acc_2: 0.8937  Non0_F1_score: 0.8933  Mult_acc_5: 0.6215  Mult_acc_7: 0.5965  MAE: 0.4544  Corr: 0.8372  clm loss: 3.4283 total loss: 5.5946 bn loss: 0.4542 av loss: 0.7931 text loss: 0.4642
2026-01-17 20:14:00,160 - MMSA [INFO] - VAL-(msalm) >>  Has0_acc_2: 0.8135  Has0_F1_score: 0.8214  Non0_acc_2: 0.8679  Non0_F1_score: 0.8688  Mult_acc_5: 0.5836  Mult_acc_7: 0.5697  MAE: 0.4883  Corr: 0.7824  Loss: 0.4880 
2026-01-17 20:18:52,987 - MMSA [INFO] - TRAIN-(msalm) [2/5/3] >> loss: 0.4167  Has0_acc_2: 0.8488  Has0_F1_score: 0.8534  Non0_acc_2: 0.9091  Non0_F1_score: 0.9091  Mult_acc_5: 0.6597  Mult_acc_7: 0.6339  MAE: 0.4165  Corr: 0.8628  clm loss: 3.3631 total loss: 5.4072 bn loss: 0.4198 av loss: 0.7916 text loss: 0.4161
2026-01-17 20:19:02,053 - MMSA [INFO] - VAL-(msalm) >>  Has0_acc_2: 0.8381  Has0_F1_score: 0.8416  Non0_acc_2: 0.8616  Non0_F1_score: 0.8608  Mult_acc_5: 0.5708  Mult_acc_7: 0.5575  MAE: 0.4979  Corr: 0.7759  Loss: 0.4974 
2026-01-17 20:23:54,345 - MMSA [INFO] - TRAIN-(msalm) [3/6/3] >> loss: 0.384  Has0_acc_2: 0.8515  Has0_F1_score: 0.8563  Non0_acc_2: 0.9219  Non0_F1_score: 0.9219  Mult_acc_5: 0.6849  Mult_acc_7: 0.6591  MAE: 0.3833  Corr: 0.8830  clm loss: 3.3117 total loss: 5.2445 bn loss: 0.3865 av loss: 0.7882 text loss: 0.3742
2026-01-17 20:24:03,692 - MMSA [INFO] - VAL-(msalm) >>  Has0_acc_2: 0.7948  Has0_F1_score: 0.8045  Non0_acc_2: 0.8547  Non0_F1_score: 0.8564  Mult_acc_5: 0.5778  Mult_acc_7: 0.5639  MAE: 0.5033  Corr: 0.7764  Loss: 0.5033 
2026-01-17 20:28:56,189 - MMSA [INFO] - TRAIN-(msalm) [4/7/3] >> loss: 0.3502  Has0_acc_2: 0.8658  Has0_F1_score: 0.8701  Non0_acc_2: 0.9362  Non0_F1_score: 0.9362  Mult_acc_5: 0.7144  Mult_acc_7: 0.6896  MAE: 0.3499  Corr: 0.9022  clm loss: 3.266 total loss: 5.095 bn loss: 0.3558 av loss: 0.7868 text loss: 0.3362
2026-01-17 20:29:05,226 - MMSA [INFO] - VAL-(msalm) >>  Has0_acc_2: 0.8231  Has0_F1_score: 0.8295  Non0_acc_2: 0.8658  Non0_F1_score: 0.8662  Mult_acc_5: 0.5820  Mult_acc_7: 0.5623  MAE: 0.5036  Corr: 0.7808  Loss: 0.5043 
2026-01-17 20:33:57,631 - MMSA [INFO] - TRAIN-(msalm) [5/8/3] >> loss: 0.3281  Has0_acc_2: 0.8679  Has0_F1_score: 0.8721  Non0_acc_2: 0.9442  Non0_F1_score: 0.9442  Mult_acc_5: 0.7321  Mult_acc_7: 0.7046  MAE: 0.3270  Corr: 0.9158  clm loss: 3.2224 total loss: 4.9716 bn loss: 0.3269 av loss: 0.7872 text loss: 0.3069
2026-01-17 20:34:06,636 - MMSA [INFO] - VAL-(msalm) >>  Has0_acc_2: 0.8060  Has0_F1_score: 0.8141  Non0_acc_2: 0.8547  Non0_F1_score: 0.8558  Mult_acc_5: 0.5767  Mult_acc_7: 0.5617  MAE: 0.4970  Corr: 0.7712  Loss: 0.4964 
2026-01-17 20:38:59,009 - MMSA [INFO] - TRAIN-(msalm) [6/9/3] >> loss: 0.3055  Has0_acc_2: 0.8686  Has0_F1_score: 0.8730  Non0_acc_2: 0.9499  Non0_F1_score: 0.9500  Mult_acc_5: 0.7509  Mult_acc_7: 0.7245  MAE: 0.3052  Corr: 0.9260  clm loss: 3.1826 total loss: 4.8558 bn loss: 0.3004 av loss: 0.7843 text loss: 0.283
2026-01-17 20:39:07,944 - MMSA [INFO] - VAL-(msalm) >>  Has0_acc_2: 0.8172  Has0_F1_score: 0.8238  Non0_acc_2: 0.8561  Non0_F1_score: 0.8566  Mult_acc_5: 0.5724  Mult_acc_7: 0.5564  MAE: 0.4963  Corr: 0.7736  Loss: 0.4973 
2026-01-17 20:44:00,155 - MMSA [INFO] - TRAIN-(msalm) [7/10/3] >> loss: 0.2891  Has0_acc_2: 0.8721  Has0_F1_score: 0.8764  Non0_acc_2: 0.9535  Non0_F1_score: 0.9535  Mult_acc_5: 0.7644  Mult_acc_7: 0.7386  MAE: 0.2887  Corr: 0.9342  clm loss: 3.1564 total loss: 4.7731 bn loss: 0.2815 av loss: 0.7832 text loss: 0.263
2026-01-17 20:44:09,322 - MMSA [INFO] - VAL-(msalm) >>  Has0_acc_2: 0.8354  Has0_F1_score: 0.8389  Non0_acc_2: 0.8623  Non0_F1_score: 0.8613  Mult_acc_5: 0.5762  Mult_acc_7: 0.5596  MAE: 0.5026  Corr: 0.7742  Loss: 0.5039 
2026-01-17 20:49:01,512 - MMSA [INFO] - TRAIN-(msalm) [8/11/3] >> loss: 0.2773  Has0_acc_2: 0.8684  Has0_F1_score: 0.8731  Non0_acc_2: 0.9571  Non0_F1_score: 0.9571  Mult_acc_5: 0.7789  Mult_acc_7: 0.7535  MAE: 0.2772  Corr: 0.9390  clm loss: 3.113 total loss: 4.6859 bn loss: 0.2658 av loss: 0.7818 text loss: 0.248
2026-01-17 20:49:10,536 - MMSA [INFO] - VAL-(msalm) >>  Has0_acc_2: 0.8359  Has0_F1_score: 0.8400  Non0_acc_2: 0.8637  Non0_F1_score: 0.8632  Mult_acc_5: 0.5740  Mult_acc_7: 0.5548  MAE: 0.5040  Corr: 0.7695  Loss: 0.5038 
2026-01-17 20:54:02,964 - MMSA [INFO] - TRAIN-(msalm) [9/12/3] >> loss: 0.2593  Has0_acc_2: 0.8768  Has0_F1_score: 0.8809  Non0_acc_2: 0.9628  Non0_F1_score: 0.9628  Mult_acc_5: 0.7926  Mult_acc_7: 0.7672  MAE: 0.2593  Corr: 0.9467  clm loss: 3.0913 total loss: 4.6083 bn loss: 0.2464 av loss: 0.7804 text loss: 0.2309
2026-01-17 20:54:11,851 - MMSA [INFO] - VAL-(msalm) >>  Has0_acc_2: 0.8316  Has0_F1_score: 0.8358  Non0_acc_2: 0.8623  Non0_F1_score: 0.8616  Mult_acc_5: 0.5676  Mult_acc_7: 0.5500  MAE: 0.5048  Corr: 0.7717  Loss: 0.5053 
2026-01-17 20:59:04,231 - MMSA [INFO] - TRAIN-(msalm) [10/13/3] >> loss: 0.2516  Has0_acc_2: 0.8792  Has0_F1_score: 0.8834  Non0_acc_2: 0.9652  Non0_F1_score: 0.9652  Mult_acc_5: 0.8007  Mult_acc_7: 0.7764  MAE: 0.2516  Corr: 0.9501  clm loss: 3.0615 total loss: 4.547 bn loss: 0.2358 av loss: 0.7791 text loss: 0.219
2026-01-17 20:59:13,414 - MMSA [INFO] - VAL-(msalm) >>  Has0_acc_2: 0.8279  Has0_F1_score: 0.8327  Non0_acc_2: 0.8595  Non0_F1_score: 0.8592  Mult_acc_5: 0.5772  Mult_acc_7: 0.5596  MAE: 0.4984  Corr: 0.7727  Loss: 0.4963 
2026-01-17 20:59:35,146 - MMSA [INFO] - TEST-(msalm) >>  Has0_acc_2: 0.8148  Has0_F1_score: 0.8203  Non0_acc_2: 0.8641  Non0_F1_score: 0.8640  Mult_acc_5: 0.5819  Mult_acc_7: 0.5645  MAE: 0.4962  Corr: 0.8046  Loss: 0.4962 
2026-01-17 20:59:37,395 - MMSA [INFO] - Result for seed 1992: {'Has0_acc_2': 0.8148, 'Has0_F1_score': 0.8203, 'Non0_acc_2': 0.8641, 'Non0_F1_score': 0.864, 'Mult_acc_5': 0.5819, 'Mult_acc_7': 0.5645, 'MAE': 0.4962, 'Corr': 0.8046, 'Loss': 0.4962, 'seed': 1992}
2026-01-17 20:59:37,396 - MMSA [INFO] - ------------------------------ Running with seed 1993 [4/5] ------------------------------
