2026-01-15 09:58:40,042 - MMSA [INFO] - ======================================== Program Start ========================================
2026-01-15 09:58:40,106 - MMSA [INFO] - Running with args:
2026-01-15 09:58:40,106 - MMSA [INFO] - {'model_name': 'msalm', 'dataset_name': 'sims', 'featurePath': '/leonardo_work/EUHPC_A04_051/alexfil/MSA-Datasets/CH-SIMS/unaligned_39.pkl', 'seq_lens': [39, 400, 55], 'feature_dims': [768, 33, 709], 'train_samples': 1368, 'num_classes': 3, 'language': 'cn', 'KeyEval': 'Loss', 'missing_rate': [0.0, 0.0, 0.0], 'missing_seed': [1111, 1111, 1111], 'need_data_aligned': False, 'need_model_aligned': False, 'early_stop': 10, 'use_bert': False, 'use_bert_finetune': False, 'attn_mask': True, 'excludeZero': True, 'update_epochs': 8, 'use_augmentation': False, 'use_m3xup': False, 'hfPath': False, 'use_ulgm': False, 'update_labels_patience': 1, 'H': 3.0, 'del_model': True, 'max_token_len': 39, 'pad_token': '<|endoftext|>', 'lm': '/leonardo_work/EUHPC_A04_051/alexfil/gpt2-chinese-cluecorpussmall', 'use_bf16': False, 'task_out': 1, 'use_clm': True, 'gamma': 1.0, 'l_bn': 1.0, 'l_av': 1.0, 'l_t': 1.0, 'warmup_epochs': 1, 'max_epochs': 100, 'beta_1': 0.9, 'beta_2': 0.95, 'use_lnorm': True, 'rescale': False, 'rescaler': 'sqrt', 'use_seqaug': True, 'n_bn_fusion': 16, 'modded_loss': True, 'embedding_attr_name': 'transformer.wte', 'decoder_layers_attr_name': 'transformer.h', 'mmgpt': {'type': 'gpt2', 'd_out': 64, 'combine': True, 'dropout': 0.1, 'mm_layer': [5, 6, 7, 8, 9, 10, 11], 'top_k': 2, 'layer_dropout': 0.0, 'dense': True, 'tie_ffn': True, 'n_embd': 768, 'bias': True, 'kv_dim': 30, 'n_head': 16, 'd_mm': 768, 'gating': 'sigmoid', 'init_gate': [0.0, 0.0, 0.0, 0.0, 0.0, 0.0, 0.0, 0.0, 0.0, 0.0], 'use_softperm': True, 'p_perm': 0.3, 'p_apply': 0.25, 'use_lora': False, 'lora': {'lora_alpha': 128, 'r': 64, 'lora_dropout': 0.05}}, 'av_enc': {'finetune': True, 'from_pretrained': True, 'path_to_pretrained': '/leonardo_work/EUHPC_A04_051/alexfil/DeepMLF-Reprod/checkpoints/bienc-sims-1990/bienc-sims-1990.pth', 'feature_dims': [768, 33, 709], 'd_enc': 30, 'n_embd': 30, 'n_head': 6, 'nlevels': 3, 'd_enc_out': 30, 'maxlen': 55, 'p_mask': 0.15, 'enc_attn_dropout': 0.1, 'enc_res_dropout': 0.1, 'enc_dropout': 0.1, 'use_softperm': True, 'p_perm': 0.2, 'mask_perm_ratio': 0.5, 'tf_fusion': False, 'use_bn': True, 'use_ln': False}, 'gpt': {'vocab_size': 50257, 'block_size': 1024, 'bias': True, 'n_embd': 1024, 'n_layer': 24, 'n_head': 16, 'dropout': 0.0}, 'batch_size': 32, 'grad_clip': 5.0, 'patience': 10, 'weight_decay_mmgpt': 0.1, 'weight_decay_av': 0.1, 'learning_rate_av': 0.0002, 'learning_rate_mmgpt': 0.0002, 'device': device(type='cuda', index=0), 'train_mode': 'regression', 'custom_feature': None, 'feature_T': '', 'feature_A': '', 'feature_V': ''}
2026-01-15 09:58:40,107 - MMSA [INFO] - Seeds: [1990, 1991, 1992, 1993, 1994]
2026-01-15 09:58:40,107 - MMSA [INFO] - ------------------------------ Running with seed 1990 [1/5] ------------------------------
2026-01-15 10:00:05,666 - MMSA [INFO] - The model has 179712364 trainable parameters
2026-01-15 10:00:15,781 - MMSA [INFO] - TRAIN-(msalm) [1/1/1] >> loss: 0.6286  Mult_acc_2: 0.6520  Mult_acc_3: 0.4810  Mult_acc_5: 0.2332  F1_score: 0.6076  MAE: 0.6245  Corr: 0.0515  clm loss: 7.6422 total loss: 11.043 bn loss: 1.0662 av loss: 0.7519 text loss: 0.9541
2026-01-15 10:00:17,653 - MMSA [INFO] - VAL-(msalm) >>  Mult_acc_2: 0.6667  Mult_acc_3: 0.5110  Mult_acc_5: 0.2127  F1_score: 0.6288  MAE: 0.5983  Corr: 0.1318  Loss: 0.5945 
2026-01-15 10:00:27,156 - MMSA [INFO] - TRAIN-(msalm) [1/2/1] >> loss: 0.6059  Mult_acc_2: 0.6455  Mult_acc_3: 0.4868  Mult_acc_5: 0.2303  F1_score: 0.6093  MAE: 0.5987  Corr: 0.1518  clm loss: 6.4687 total loss: 9.432 bn loss: 0.8603 av loss: 0.6657 text loss: 0.8314
2026-01-15 10:00:28,963 - MMSA [INFO] - VAL-(msalm) >>  Mult_acc_2: 0.6798  Mult_acc_3: 0.5329  Mult_acc_5: 0.2259  F1_score: 0.6601  MAE: 0.5621  Corr: 0.2578  Loss: 0.5650 
2026-01-15 10:00:38,322 - MMSA [INFO] - TRAIN-(msalm) [1/3/1] >> loss: 0.5621  Mult_acc_2: 0.6754  Mult_acc_3: 0.5365  Mult_acc_5: 0.2690  F1_score: 0.6576  MAE: 0.5523  Corr: 0.3087  clm loss: 5.3327 total loss: 7.9113 bn loss: 0.7103 av loss: 0.6202 text loss: 0.686
2026-01-15 10:00:40,071 - MMSA [INFO] - VAL-(msalm) >>  Mult_acc_2: 0.6075  Mult_acc_3: 0.4583  Mult_acc_5: 0.1908  F1_score: 0.6228  MAE: 0.5783  Corr: 0.3614  Loss: 0.5734 
2026-01-15 10:00:48,404 - MMSA [INFO] - TRAIN-(msalm) [2/4/1] >> loss: 0.5169  Mult_acc_2: 0.7076  Mult_acc_3: 0.5738  Mult_acc_5: 0.2800  F1_score: 0.6938  MAE: 0.5087  Corr: 0.4453  clm loss: 4.5874 total loss: 6.9489 bn loss: 0.6359 av loss: 0.5907 text loss: 0.618
2026-01-15 10:00:50,167 - MMSA [INFO] - VAL-(msalm) >>  Mult_acc_2: 0.6798  Mult_acc_3: 0.5504  Mult_acc_5: 0.2215  F1_score: 0.6907  MAE: 0.5263  Corr: 0.5029  Loss: 0.5220 
2026-01-15 10:00:59,488 - MMSA [INFO] - TRAIN-(msalm) [1/5/1] >> loss: 0.4828  Mult_acc_2: 0.7595  Mult_acc_3: 0.6345  Mult_acc_5: 0.3553  F1_score: 0.7583  MAE: 0.4588  Corr: 0.5656  clm loss: 4.0886 total loss: 6.284 bn loss: 0.5841 av loss: 0.5667 text loss: 0.5619
2026-01-15 10:01:01,405 - MMSA [INFO] - VAL-(msalm) >>  Mult_acc_2: 0.6316  Mult_acc_3: 0.5110  Mult_acc_5: 0.2456  F1_score: 0.6450  MAE: 0.5259  Corr: 0.5587  Loss: 0.5427 
2026-01-15 10:01:09,552 - MMSA [INFO] - TRAIN-(msalm) [2/6/1] >> loss: 0.4812  Mult_acc_2: 0.7573  Mult_acc_3: 0.6272  Mult_acc_5: 0.3509  F1_score: 0.7575  MAE: 0.4590  Corr: 0.5684  clm loss: 3.816 total loss: 5.9611 bn loss: 0.5462 av loss: 0.5473 text loss: 0.5704
2026-01-15 10:01:11,338 - MMSA [INFO] - VAL-(msalm) >>  Mult_acc_2: 0.6053  Mult_acc_3: 0.4978  Mult_acc_5: 0.2346  F1_score: 0.6179  MAE: 0.5309  Corr: 0.5820  Loss: 0.5444 
2026-01-15 10:01:19,467 - MMSA [INFO] - TRAIN-(msalm) [3/7/1] >> loss: 0.4572  Mult_acc_2: 0.7632  Mult_acc_3: 0.6418  Mult_acc_5: 0.3516  F1_score: 0.7625  MAE: 0.4420  Corr: 0.5889  clm loss: 3.6964 total loss: 5.7596 bn loss: 0.5167 av loss: 0.5309 text loss: 0.5583
2026-01-15 10:01:21,170 - MMSA [INFO] - VAL-(msalm) >>  Mult_acc_2: 0.7061  Mult_acc_3: 0.6184  Mult_acc_5: 0.3289  F1_score: 0.7150  MAE: 0.4597  Corr: 0.5918  Loss: 0.4685 
2026-01-15 10:01:30,412 - MMSA [INFO] - TRAIN-(msalm) [1/8/1] >> loss: 0.4371  Mult_acc_2: 0.7997  Mult_acc_3: 0.6652  Mult_acc_5: 0.3728  F1_score: 0.8000  MAE: 0.4169  Corr: 0.6410  clm loss: 3.5363 total loss: 5.5319 bn loss: 0.5049 av loss: 0.5054 text loss: 0.5482
2026-01-15 10:01:32,224 - MMSA [INFO] - VAL-(msalm) >>  Mult_acc_2: 0.6952  Mult_acc_3: 0.6031  Mult_acc_5: 0.3333  F1_score: 0.7055  MAE: 0.4577  Corr: 0.5933  Loss: 0.4736 
2026-01-15 10:01:40,356 - MMSA [INFO] - TRAIN-(msalm) [2/9/1] >> loss: 0.4311  Mult_acc_2: 0.7683  Mult_acc_3: 0.6623  Mult_acc_5: 0.3860  F1_score: 0.7699  MAE: 0.4123  Corr: 0.6443  clm loss: 3.3819 total loss: 5.335 bn loss: 0.4989 av loss: 0.4935 text loss: 0.5296
2026-01-15 10:01:42,096 - MMSA [INFO] - VAL-(msalm) >>  Mult_acc_2: 0.6294  Mult_acc_3: 0.5548  Mult_acc_5: 0.2873  F1_score: 0.6429  MAE: 0.4990  Corr: 0.5986  Loss: 0.5212 
2026-01-15 10:01:50,205 - MMSA [INFO] - TRAIN-(msalm) [3/10/1] >> loss: 0.436  Mult_acc_2: 0.7668  Mult_acc_3: 0.6535  Mult_acc_5: 0.3655  F1_score: 0.7682  MAE: 0.4203  Corr: 0.6322  clm loss: 3.3165 total loss: 5.2431 bn loss: 0.494 av loss: 0.491 text loss: 0.5056
2026-01-15 10:01:51,915 - MMSA [INFO] - VAL-(msalm) >>  Mult_acc_2: 0.6689  Mult_acc_3: 0.5811  Mult_acc_5: 0.3114  F1_score: 0.6820  MAE: 0.4611  Corr: 0.6052  Loss: 0.4725 
2026-01-15 10:02:00,080 - MMSA [INFO] - TRAIN-(msalm) [4/11/1] >> loss: 0.4263  Mult_acc_2: 0.7858  Mult_acc_3: 0.6630  Mult_acc_5: 0.3735  F1_score: 0.7886  MAE: 0.4087  Corr: 0.6501  clm loss: 3.2616 total loss: 5.1814 bn loss: 0.4926 av loss: 0.4883 text loss: 0.5126
2026-01-15 10:02:01,818 - MMSA [INFO] - VAL-(msalm) >>  Mult_acc_2: 0.6776  Mult_acc_3: 0.5921  Mult_acc_5: 0.3618  F1_score: 0.6904  MAE: 0.4492  Corr: 0.6215  Loss: 0.4785 
2026-01-15 10:02:09,948 - MMSA [INFO] - TRAIN-(msalm) [5/12/1] >> loss: 0.4056  Mult_acc_2: 0.7741  Mult_acc_3: 0.6784  Mult_acc_5: 0.4079  F1_score: 0.7773  MAE: 0.3851  Corr: 0.6915  clm loss: 3.255 total loss: 5.1295 bn loss: 0.4876 av loss: 0.4773 text loss: 0.5039
2026-01-15 10:02:11,750 - MMSA [INFO] - VAL-(msalm) >>  Mult_acc_2: 0.7522  Mult_acc_3: 0.6513  Mult_acc_5: 0.3882  F1_score: 0.7573  MAE: 0.4211  Corr: 0.6173  Loss: 0.4409 
2026-01-15 10:02:21,042 - MMSA [INFO] - TRAIN-(msalm) [1/13/1] >> loss: 0.3977  Mult_acc_2: 0.7829  Mult_acc_3: 0.6791  Mult_acc_5: 0.3947  F1_score: 0.7859  MAE: 0.3824  Corr: 0.7007  clm loss: 3.1879 total loss: 5.0432 bn loss: 0.4711 av loss: 0.4782 text loss: 0.5083
2026-01-15 10:02:22,746 - MMSA [INFO] - VAL-(msalm) >>  Mult_acc_2: 0.7785  Mult_acc_3: 0.6535  Mult_acc_5: 0.3947  F1_score: 0.7778  MAE: 0.4148  Corr: 0.6246  Loss: 0.4426 
2026-01-15 10:02:30,850 - MMSA [INFO] - TRAIN-(msalm) [2/14/1] >> loss: 0.3924  Mult_acc_2: 0.7997  Mult_acc_3: 0.7003  Mult_acc_5: 0.4064  F1_score: 0.8033  MAE: 0.3694  Corr: 0.7234  clm loss: 3.1782 total loss: 4.9681 bn loss: 0.442 av loss: 0.4654 text loss: 0.4901
2026-01-15 10:02:32,577 - MMSA [INFO] - VAL-(msalm) >>  Mult_acc_2: 0.7434  Mult_acc_3: 0.6491  Mult_acc_5: 0.4101  F1_score: 0.7508  MAE: 0.3985  Corr: 0.6438  Loss: 0.4304 
2026-01-15 10:02:41,782 - MMSA [INFO] - TRAIN-(msalm) [1/15/1] >> loss: 0.3872  Mult_acc_2: 0.8004  Mult_acc_3: 0.6944  Mult_acc_5: 0.4298  F1_score: 0.8043  MAE: 0.3640  Corr: 0.7195  clm loss: 3.183 total loss: 4.957 bn loss: 0.4397 av loss: 0.47 text loss: 0.4771
2026-01-15 10:02:43,513 - MMSA [INFO] - VAL-(msalm) >>  Mult_acc_2: 0.7215  Mult_acc_3: 0.6425  Mult_acc_5: 0.3969  F1_score: 0.7323  MAE: 0.4143  Corr: 0.6524  Loss: 0.4392 
2026-01-15 10:02:51,653 - MMSA [INFO] - TRAIN-(msalm) [2/16/1] >> loss: 0.3713  Mult_acc_2: 0.8048  Mult_acc_3: 0.6981  Mult_acc_5: 0.4313  F1_score: 0.8076  MAE: 0.3558  Corr: 0.7359  clm loss: 3.1503 total loss: 4.8823 bn loss: 0.4313 av loss: 0.4689 text loss: 0.4606
2026-01-15 10:02:53,383 - MMSA [INFO] - VAL-(msalm) >>  Mult_acc_2: 0.7522  Mult_acc_3: 0.6579  Mult_acc_5: 0.4145  F1_score: 0.7600  MAE: 0.4005  Corr: 0.6604  Loss: 0.4123 
2026-01-15 10:03:02,541 - MMSA [INFO] - TRAIN-(msalm) [1/17/1] >> loss: 0.3625  Mult_acc_2: 0.8173  Mult_acc_3: 0.7178  Mult_acc_5: 0.4613  F1_score: 0.8200  MAE: 0.3441  Corr: 0.7456  clm loss: 3.1215 total loss: 4.8172 bn loss: 0.4078 av loss: 0.4639 text loss: 0.4615
2026-01-15 10:03:04,267 - MMSA [INFO] - VAL-(msalm) >>  Mult_acc_2: 0.7807  Mult_acc_3: 0.6711  Mult_acc_5: 0.4254  F1_score: 0.7838  MAE: 0.3842  Corr: 0.6687  Loss: 0.4141 
2026-01-15 10:03:12,369 - MMSA [INFO] - TRAIN-(msalm) [2/18/1] >> loss: 0.3606  Mult_acc_2: 0.8056  Mult_acc_3: 0.7149  Mult_acc_5: 0.4678  F1_score: 0.8089  MAE: 0.3367  Corr: 0.7585  clm loss: 3.126 total loss: 4.8187 bn loss: 0.4005 av loss: 0.4699 text loss: 0.4618
2026-01-15 10:03:14,099 - MMSA [INFO] - VAL-(msalm) >>  Mult_acc_2: 0.7675  Mult_acc_3: 0.6776  Mult_acc_5: 0.4320  F1_score: 0.7734  MAE: 0.3860  Corr: 0.6730  Loss: 0.4029 
2026-01-15 10:03:23,380 - MMSA [INFO] - TRAIN-(msalm) [1/19/1] >> loss: 0.3607  Mult_acc_2: 0.8180  Mult_acc_3: 0.7142  Mult_acc_5: 0.4298  F1_score: 0.8205  MAE: 0.3462  Corr: 0.7583  clm loss: 3.1342 total loss: 4.8079 bn loss: 0.4024 av loss: 0.4671 text loss: 0.4435
2026-01-15 10:03:25,131 - MMSA [INFO] - VAL-(msalm) >>  Mult_acc_2: 0.7434  Mult_acc_3: 0.6557  Mult_acc_5: 0.3947  F1_score: 0.7528  MAE: 0.4128  Corr: 0.6693  Loss: 0.4282 
2026-01-15 10:03:33,183 - MMSA [INFO] - TRAIN-(msalm) [2/20/1] >> loss: 0.3434  Mult_acc_2: 0.8143  Mult_acc_3: 0.7171  Mult_acc_5: 0.4554  F1_score: 0.8169  MAE: 0.3271  Corr: 0.7739  clm loss: 3.0965 total loss: 4.7519 bn loss: 0.4035 av loss: 0.4648 text loss: 0.4438
2026-01-15 10:03:34,924 - MMSA [INFO] - VAL-(msalm) >>  Mult_acc_2: 0.7434  Mult_acc_3: 0.6601  Mult_acc_5: 0.4079  F1_score: 0.7532  MAE: 0.4069  Corr: 0.6736  Loss: 0.4240 
2026-01-15 10:03:43,158 - MMSA [INFO] - TRAIN-(msalm) [3/21/1] >> loss: 0.341  Mult_acc_2: 0.8385  Mult_acc_3: 0.7281  Mult_acc_5: 0.4715  F1_score: 0.8409  MAE: 0.3234  Corr: 0.7792  clm loss: 3.0409 total loss: 4.7087 bn loss: 0.3932 av loss: 0.4655 text loss: 0.468
2026-01-15 10:03:44,884 - MMSA [INFO] - VAL-(msalm) >>  Mult_acc_2: 0.7478  Mult_acc_3: 0.6645  Mult_acc_5: 0.4079  F1_score: 0.7574  MAE: 0.4022  Corr: 0.6779  Loss: 0.4238 
2026-01-15 10:03:52,951 - MMSA [INFO] - TRAIN-(msalm) [4/22/1] >> loss: 0.333  Mult_acc_2: 0.8275  Mult_acc_3: 0.7288  Mult_acc_5: 0.4898  F1_score: 0.8307  MAE: 0.3164  Corr: 0.7859  clm loss: 3.0082 total loss: 4.6249 bn loss: 0.3673 av loss: 0.4591 text loss: 0.4573
2026-01-15 10:03:54,681 - MMSA [INFO] - VAL-(msalm) >>  Mult_acc_2: 0.7456  Mult_acc_3: 0.6404  Mult_acc_5: 0.3684  F1_score: 0.7549  MAE: 0.4094  Corr: 0.6671  Loss: 0.4199 
2026-01-15 10:04:02,762 - MMSA [INFO] - TRAIN-(msalm) [5/23/1] >> loss: 0.3248  Mult_acc_2: 0.8268  Mult_acc_3: 0.7361  Mult_acc_5: 0.4781  F1_score: 0.8301  MAE: 0.3107  Corr: 0.8020  clm loss: 2.9788 total loss: 4.5859 bn loss: 0.3661 av loss: 0.4644 text loss: 0.4518
2026-01-15 10:04:04,464 - MMSA [INFO] - VAL-(msalm) >>  Mult_acc_2: 0.7675  Mult_acc_3: 0.6601  Mult_acc_5: 0.4013  F1_score: 0.7739  MAE: 0.3966  Corr: 0.6693  Loss: 0.4113 
2026-01-15 10:04:12,554 - MMSA [INFO] - TRAIN-(msalm) [6/24/1] >> loss: 0.3236  Mult_acc_2: 0.8231  Mult_acc_3: 0.7288  Mult_acc_5: 0.4803  F1_score: 0.8256  MAE: 0.3142  Corr: 0.7925  clm loss: 3.0215 total loss: 4.609 bn loss: 0.3632 av loss: 0.4633 text loss: 0.4374
2026-01-15 10:04:14,295 - MMSA [INFO] - VAL-(msalm) >>  Mult_acc_2: 0.7566  Mult_acc_3: 0.6645  Mult_acc_5: 0.4057  F1_score: 0.7640  MAE: 0.3950  Corr: 0.6723  Loss: 0.4064 
2026-01-15 10:04:22,310 - MMSA [INFO] - TRAIN-(msalm) [7/25/1] >> loss: 0.3089  Mult_acc_2: 0.8326  Mult_acc_3: 0.7580  Mult_acc_5: 0.5256  F1_score: 0.8358  MAE: 0.2907  Corr: 0.8175  clm loss: 2.9667 total loss: 4.4812 bn loss: 0.3413 av loss: 0.4561 text loss: 0.4083
2026-01-15 10:04:24,040 - MMSA [INFO] - VAL-(msalm) >>  Mult_acc_2: 0.7961  Mult_acc_3: 0.6864  Mult_acc_5: 0.4320  F1_score: 0.8010  MAE: 0.3854  Corr: 0.6796  Loss: 0.4124 
2026-01-15 10:04:32,091 - MMSA [INFO] - TRAIN-(msalm) [8/26/1] >> loss: 0.3011  Mult_acc_2: 0.8516  Mult_acc_3: 0.7544  Mult_acc_5: 0.5227  F1_score: 0.8543  MAE: 0.2841  Corr: 0.8310  clm loss: 2.9206 total loss: 4.4134 bn loss: 0.3407 av loss: 0.4523 text loss: 0.3988
2026-01-15 10:04:33,806 - MMSA [INFO] - VAL-(msalm) >>  Mult_acc_2: 0.8136  Mult_acc_3: 0.6842  Mult_acc_5: 0.4123  F1_score: 0.8161  MAE: 0.3866  Corr: 0.6813  Loss: 0.4207 
2026-01-15 10:04:41,898 - MMSA [INFO] - TRAIN-(msalm) [9/27/1] >> loss: 0.3046  Mult_acc_2: 0.8501  Mult_acc_3: 0.7675  Mult_acc_5: 0.5219  F1_score: 0.8530  MAE: 0.2921  Corr: 0.8251  clm loss: 2.909 total loss: 4.3886 bn loss: 0.3319 av loss: 0.4553 text loss: 0.3878
2026-01-15 10:04:43,622 - MMSA [INFO] - VAL-(msalm) >>  Mult_acc_2: 0.7741  Mult_acc_3: 0.6601  Mult_acc_5: 0.3904  F1_score: 0.7812  MAE: 0.3960  Corr: 0.6772  Loss: 0.4007 
2026-01-15 10:04:52,884 - MMSA [INFO] - TRAIN-(msalm) [1/28/1] >> loss: 0.2893  Mult_acc_2: 0.8567  Mult_acc_3: 0.7668  Mult_acc_5: 0.5490  F1_score: 0.8589  MAE: 0.2756  Corr: 0.8385  clm loss: 2.8776 total loss: 4.3232 bn loss: 0.3226 av loss: 0.4582 text loss: 0.3756
2026-01-15 10:04:54,600 - MMSA [INFO] - VAL-(msalm) >>  Mult_acc_2: 0.7697  Mult_acc_3: 0.6579  Mult_acc_5: 0.3860  F1_score: 0.7775  MAE: 0.4016  Corr: 0.6695  Loss: 0.4092 
2026-01-15 10:05:02,831 - MMSA [INFO] - TRAIN-(msalm) [2/29/1] >> loss: 0.2836  Mult_acc_2: 0.8560  Mult_acc_3: 0.7829  Mult_acc_5: 0.5409  F1_score: 0.8589  MAE: 0.2670  Corr: 0.8490  clm loss: 2.8679 total loss: 4.3053 bn loss: 0.3232 av loss: 0.4517 text loss: 0.379
2026-01-15 10:05:04,549 - MMSA [INFO] - VAL-(msalm) >>  Mult_acc_2: 0.7719  Mult_acc_3: 0.6711  Mult_acc_5: 0.3947  F1_score: 0.7800  MAE: 0.4023  Corr: 0.6723  Loss: 0.4091 
2026-01-15 10:05:12,637 - MMSA [INFO] - TRAIN-(msalm) [3/30/1] >> loss: 0.289  Mult_acc_2: 0.8436  Mult_acc_3: 0.7566  Mult_acc_5: 0.5234  F1_score: 0.8462  MAE: 0.2747  Corr: 0.8452  clm loss: 2.8597 total loss: 4.3168 bn loss: 0.3191 av loss: 0.4546 text loss: 0.3945
2026-01-15 10:05:14,418 - MMSA [INFO] - VAL-(msalm) >>  Mult_acc_2: 0.7807  Mult_acc_3: 0.6732  Mult_acc_5: 0.4079  F1_score: 0.7880  MAE: 0.3976  Corr: 0.6728  Loss: 0.4066 
2026-01-15 10:05:22,474 - MMSA [INFO] - TRAIN-(msalm) [4/31/1] >> loss: 0.2659  Mult_acc_2: 0.8465  Mult_acc_3: 0.7727  Mult_acc_5: 0.5804  F1_score: 0.8499  MAE: 0.2481  Corr: 0.8661  clm loss: 2.8348 total loss: 4.2124 bn loss: 0.2987 av loss: 0.4464 text loss: 0.3666
2026-01-15 10:05:24,175 - MMSA [INFO] - VAL-(msalm) >>  Mult_acc_2: 0.7917  Mult_acc_3: 0.6776  Mult_acc_5: 0.4254  F1_score: 0.7972  MAE: 0.3872  Corr: 0.6773  Loss: 0.4078 
2026-01-15 10:05:32,244 - MMSA [INFO] - TRAIN-(msalm) [5/32/1] >> loss: 0.2616  Mult_acc_2: 0.8721  Mult_acc_3: 0.7873  Mult_acc_5: 0.5782  F1_score: 0.8749  MAE: 0.2435  Corr: 0.8766  clm loss: 2.7833 total loss: 4.1455 bn loss: 0.291 av loss: 0.4514 text loss: 0.3582
2026-01-15 10:05:33,992 - MMSA [INFO] - VAL-(msalm) >>  Mult_acc_2: 0.7851  Mult_acc_3: 0.6645  Mult_acc_5: 0.3969  F1_score: 0.7902  MAE: 0.3955  Corr: 0.6676  Loss: 0.4063 
2026-01-15 10:05:42,012 - MMSA [INFO] - TRAIN-(msalm) [6/33/1] >> loss: 0.2687  Mult_acc_2: 0.8575  Mult_acc_3: 0.7844  Mult_acc_5: 0.5665  F1_score: 0.8604  MAE: 0.2559  Corr: 0.8555  clm loss: 2.7853 total loss: 4.1495 bn loss: 0.2887 av loss: 0.4583 text loss: 0.3485
2026-01-15 10:05:43,761 - MMSA [INFO] - VAL-(msalm) >>  Mult_acc_2: 0.7851  Mult_acc_3: 0.6667  Mult_acc_5: 0.3969  F1_score: 0.7916  MAE: 0.3996  Corr: 0.6637  Loss: 0.4125 
2026-01-15 10:05:51,814 - MMSA [INFO] - TRAIN-(msalm) [7/34/1] >> loss: 0.2546  Mult_acc_2: 0.8516  Mult_acc_3: 0.7895  Mult_acc_5: 0.6023  F1_score: 0.8553  MAE: 0.2387  Corr: 0.8756  clm loss: 2.7158 total loss: 4.0546 bn loss: 0.287 av loss: 0.4572 text loss: 0.34
2026-01-15 10:05:53,586 - MMSA [INFO] - VAL-(msalm) >>  Mult_acc_2: 0.7807  Mult_acc_3: 0.6557  Mult_acc_5: 0.3860  F1_score: 0.7864  MAE: 0.4026  Corr: 0.6580  Loss: 0.4201 
2026-01-15 10:06:01,639 - MMSA [INFO] - TRAIN-(msalm) [8/35/1] >> loss: 0.2495  Mult_acc_2: 0.8560  Mult_acc_3: 0.7975  Mult_acc_5: 0.5994  F1_score: 0.8592  MAE: 0.2308  Corr: 0.8897  clm loss: 2.6985 total loss: 4.0045 bn loss: 0.2661 av loss: 0.4546 text loss: 0.3359
2026-01-15 10:06:03,376 - MMSA [INFO] - VAL-(msalm) >>  Mult_acc_2: 0.7719  Mult_acc_3: 0.6732  Mult_acc_5: 0.3969  F1_score: 0.7794  MAE: 0.4038  Corr: 0.6638  Loss: 0.4112 
2026-01-15 10:06:11,487 - MMSA [INFO] - TRAIN-(msalm) [9/36/1] >> loss: 0.2287  Mult_acc_2: 0.8808  Mult_acc_3: 0.8077  Mult_acc_5: 0.6301  F1_score: 0.8831  MAE: 0.2143  Corr: 0.9002  clm loss: 2.679 total loss: 3.9511 bn loss: 0.2639 av loss: 0.4482 text loss: 0.3313
2026-01-15 10:06:13,322 - MMSA [INFO] - VAL-(msalm) >>  Mult_acc_2: 0.7807  Mult_acc_3: 0.6711  Mult_acc_5: 0.4145  F1_score: 0.7873  MAE: 0.3988  Corr: 0.6648  Loss: 0.4040 
2026-01-15 10:06:21,449 - MMSA [INFO] - TRAIN-(msalm) [10/37/1] >> loss: 0.2364  Mult_acc_2: 0.8779  Mult_acc_3: 0.8019  Mult_acc_5: 0.6279  F1_score: 0.8808  MAE: 0.2175  Corr: 0.8969  clm loss: 2.6826 total loss: 3.9752 bn loss: 0.2866 av loss: 0.447 text loss: 0.3226
2026-01-15 10:06:23,247 - MMSA [INFO] - VAL-(msalm) >>  Mult_acc_2: 0.7851  Mult_acc_3: 0.6754  Mult_acc_5: 0.4079  F1_score: 0.7902  MAE: 0.3977  Corr: 0.6636  Loss: 0.4137 
2026-01-15 10:06:25,435 - MMSA [INFO] - TEST-(msalm) >>  Mult_acc_2: 0.8403  Mult_acc_3: 0.7199  Mult_acc_5: 0.4398  F1_score: 0.8443  MAE: 0.3624  Corr: 0.7169  Loss: 0.3696 
2026-01-15 10:06:26,716 - MMSA [INFO] - Result for seed 1990: {'Mult_acc_2': 0.8403, 'Mult_acc_3': 0.7199, 'Mult_acc_5': 0.4398, 'F1_score': 0.8443, 'MAE': 0.3624, 'Corr': 0.7169, 'Loss': 0.3696, 'seed': 1990}
2026-01-15 10:06:26,717 - MMSA [INFO] - ------------------------------ Running with seed 1991 [2/5] ------------------------------
2026-01-15 10:07:40,993 - MMSA [INFO] - The model has 179712364 trainable parameters
2026-01-15 10:07:49,117 - MMSA [INFO] - TRAIN-(msalm) [1/1/2] >> loss: 0.6553  Mult_acc_2: 0.6316  Mult_acc_3: 0.4627  Mult_acc_5: 0.2164  F1_score: 0.5864  MAE: 0.6505  Corr: -0.0213  clm loss: 7.6416 total loss: 11.098 bn loss: 1.1732 av loss: 0.7024 text loss: 0.9256
2026-01-15 10:07:50,898 - MMSA [INFO] - VAL-(msalm) >>  Mult_acc_2: 0.6601  Mult_acc_3: 0.5000  Mult_acc_5: 0.2390  F1_score: 0.5890  MAE: 0.6231  Corr: 0.0592  Loss: 0.6163 
2026-01-15 10:08:00,195 - MMSA [INFO] - TRAIN-(msalm) [1/2/2] >> loss: 0.6043  Mult_acc_2: 0.6506  Mult_acc_3: 0.4825  Mult_acc_5: 0.2178  F1_score: 0.6102  MAE: 0.6012  Corr: 0.1326  clm loss: 6.5507 total loss: 9.5307 bn loss: 0.9338 av loss: 0.6421 text loss: 0.7997
2026-01-15 10:08:01,911 - MMSA [INFO] - VAL-(msalm) >>  Mult_acc_2: 0.6930  Mult_acc_3: 0.5197  Mult_acc_5: 0.2500  F1_score: 0.6300  MAE: 0.5620  Corr: 0.2863  Loss: 0.5689 
2026-01-15 10:08:11,128 - MMSA [INFO] - TRAIN-(msalm) [1/3/2] >> loss: 0.5736  Mult_acc_2: 0.6667  Mult_acc_3: 0.4993  Mult_acc_5: 0.2537  F1_score: 0.6455  MAE: 0.5665  Corr: 0.2482  clm loss: 5.4716 total loss: 8.0747 bn loss: 0.7474 av loss: 0.6047 text loss: 0.6773
2026-01-15 10:08:12,923 - MMSA [INFO] - VAL-(msalm) >>  Mult_acc_2: 0.6820  Mult_acc_3: 0.4978  Mult_acc_5: 0.2149  F1_score: 0.6830  MAE: 0.5411  Corr: 0.3673  Loss: 0.5355 
2026-01-15 10:08:22,110 - MMSA [INFO] - TRAIN-(msalm) [1/4/2] >> loss: 0.5691  Mult_acc_2: 0.6725  Mult_acc_3: 0.5117  Mult_acc_5: 0.2588  F1_score: 0.6622  MAE: 0.5593  Corr: 0.3089  clm loss: 4.7226 total loss: 7.1651 bn loss: 0.66 av loss: 0.5866 text loss: 0.6269
2026-01-15 10:08:23,931 - MMSA [INFO] - VAL-(msalm) >>  Mult_acc_2: 0.6513  Mult_acc_3: 0.5241  Mult_acc_5: 0.2412  F1_score: 0.6610  MAE: 0.5234  Corr: 0.4474  Loss: 0.5145 
2026-01-15 10:08:33,088 - MMSA [INFO] - TRAIN-(msalm) [1/5/2] >> loss: 0.5163  Mult_acc_2: 0.7178  Mult_acc_3: 0.5621  Mult_acc_5: 0.2902  F1_score: 0.7132  MAE: 0.5038  Corr: 0.4615  clm loss: 4.2865 total loss: 6.5847 bn loss: 0.6036 av loss: 0.5761 text loss: 0.6022
2026-01-15 10:08:34,808 - MMSA [INFO] - VAL-(msalm) >>  Mult_acc_2: 0.6908  Mult_acc_3: 0.5746  Mult_acc_5: 0.3048  F1_score: 0.7010  MAE: 0.4876  Corr: 0.5200  Loss: 0.4842 
2026-01-15 10:08:43,902 - MMSA [INFO] - TRAIN-(msalm) [1/6/2] >> loss: 0.488  Mult_acc_2: 0.7544  Mult_acc_3: 0.6199  Mult_acc_5: 0.3626  F1_score: 0.7561  MAE: 0.4631  Corr: 0.5516  clm loss: 3.9866 total loss: 6.2006 bn loss: 0.5611 av loss: 0.5595 text loss: 0.6054
2026-01-15 10:08:45,634 - MMSA [INFO] - VAL-(msalm) >>  Mult_acc_2: 0.7346  Mult_acc_3: 0.6140  Mult_acc_5: 0.3575  F1_score: 0.7394  MAE: 0.4702  Corr: 0.5374  Loss: 0.5043 
2026-01-15 10:08:53,548 - MMSA [INFO] - TRAIN-(msalm) [2/7/2] >> loss: 0.4689  Mult_acc_2: 0.7566  Mult_acc_3: 0.6360  Mult_acc_5: 0.3480  F1_score: 0.7576  MAE: 0.4447  Corr: 0.5865  clm loss: 3.8162 total loss: 5.9505 bn loss: 0.5327 av loss: 0.5432 text loss: 0.5895
2026-01-15 10:08:55,251 - MMSA [INFO] - VAL-(msalm) >>  Mult_acc_2: 0.7478  Mult_acc_3: 0.6250  Mult_acc_5: 0.3509  F1_score: 0.7486  MAE: 0.4520  Corr: 0.5541  Loss: 0.4632 
2026-01-15 10:09:04,334 - MMSA [INFO] - TRAIN-(msalm) [1/8/2] >> loss: 0.463  Mult_acc_2: 0.7515  Mult_acc_3: 0.6213  Mult_acc_5: 0.3282  F1_score: 0.7523  MAE: 0.4539  Corr: 0.5764  clm loss: 3.6234 total loss: 5.7136 bn loss: 0.5225 av loss: 0.5298 text loss: 0.5748
2026-01-15 10:09:06,029 - MMSA [INFO] - VAL-(msalm) >>  Mult_acc_2: 0.7544  Mult_acc_3: 0.6447  Mult_acc_5: 0.3662  F1_score: 0.7558  MAE: 0.4367  Corr: 0.5797  Loss: 0.4582 
2026-01-15 10:09:15,255 - MMSA [INFO] - TRAIN-(msalm) [1/9/2] >> loss: 0.447  Mult_acc_2: 0.7639  Mult_acc_3: 0.6389  Mult_acc_5: 0.3494  F1_score: 0.7660  MAE: 0.4312  Corr: 0.6151  clm loss: 3.4859 total loss: 5.5245 bn loss: 0.5238 av loss: 0.5159 text loss: 0.552
2026-01-15 10:09:17,004 - MMSA [INFO] - VAL-(msalm) >>  Mult_acc_2: 0.7412  Mult_acc_3: 0.6228  Mult_acc_5: 0.3684  F1_score: 0.7468  MAE: 0.4409  Corr: 0.5795  Loss: 0.4952 
2026-01-15 10:09:24,988 - MMSA [INFO] - TRAIN-(msalm) [2/10/2] >> loss: 0.4391  Mult_acc_2: 0.7763  Mult_acc_3: 0.6520  Mult_acc_5: 0.3867  F1_score: 0.7784  MAE: 0.4146  Corr: 0.6412  clm loss: 3.353 total loss: 5.3535 bn loss: 0.5156 av loss: 0.4936 text loss: 0.5522
2026-01-15 10:09:26,745 - MMSA [INFO] - VAL-(msalm) >>  Mult_acc_2: 0.7675  Mult_acc_3: 0.6272  Mult_acc_5: 0.3860  F1_score: 0.7689  MAE: 0.4294  Corr: 0.5857  Loss: 0.4554 
2026-01-15 10:09:35,883 - MMSA [INFO] - TRAIN-(msalm) [1/11/2] >> loss: 0.4436  Mult_acc_2: 0.7544  Mult_acc_3: 0.6572  Mult_acc_5: 0.3713  F1_score: 0.7588  MAE: 0.4275  Corr: 0.6201  clm loss: 3.3116 total loss: 5.2873 bn loss: 0.5024 av loss: 0.4869 text loss: 0.5428
2026-01-15 10:09:37,629 - MMSA [INFO] - VAL-(msalm) >>  Mult_acc_2: 0.7632  Mult_acc_3: 0.6447  Mult_acc_5: 0.3794  F1_score: 0.7662  MAE: 0.4215  Corr: 0.6062  Loss: 0.4488 
2026-01-15 10:09:46,734 - MMSA [INFO] - TRAIN-(msalm) [1/12/2] >> loss: 0.4254  Mult_acc_2: 0.7712  Mult_acc_3: 0.6477  Mult_acc_5: 0.3713  F1_score: 0.7743  MAE: 0.4160  Corr: 0.6405  clm loss: 3.2827 total loss: 5.1957 bn loss: 0.4883 av loss: 0.4772 text loss: 0.5221
2026-01-15 10:09:48,446 - MMSA [INFO] - VAL-(msalm) >>  Mult_acc_2: 0.7434  Mult_acc_3: 0.6535  Mult_acc_5: 0.4057  F1_score: 0.7508  MAE: 0.4272  Corr: 0.6042  Loss: 0.4612 
2026-01-15 10:09:56,425 - MMSA [INFO] - TRAIN-(msalm) [2/13/2] >> loss: 0.4186  Mult_acc_2: 0.7844  Mult_acc_3: 0.6732  Mult_acc_5: 0.4211  F1_score: 0.7869  MAE: 0.3956  Corr: 0.6626  clm loss: 3.2194 total loss: 5.0938 bn loss: 0.4762 av loss: 0.4778 text loss: 0.5017
2026-01-15 10:09:58,151 - MMSA [INFO] - VAL-(msalm) >>  Mult_acc_2: 0.7237  Mult_acc_3: 0.6250  Mult_acc_5: 0.3596  F1_score: 0.7323  MAE: 0.4282  Corr: 0.6043  Loss: 0.4580 
2026-01-15 10:10:06,146 - MMSA [INFO] - TRAIN-(msalm) [3/14/2] >> loss: 0.4217  Mult_acc_2: 0.7851  Mult_acc_3: 0.6762  Mult_acc_5: 0.4050  F1_score: 0.7880  MAE: 0.4019  Corr: 0.6635  clm loss: 3.2193 total loss: 5.1031 bn loss: 0.4689 av loss: 0.4721 text loss: 0.5211
2026-01-15 10:10:07,875 - MMSA [INFO] - VAL-(msalm) >>  Mult_acc_2: 0.7018  Mult_acc_3: 0.5987  Mult_acc_5: 0.3443  F1_score: 0.7132  MAE: 0.4355  Corr: 0.6164  Loss: 0.4618 
2026-01-15 10:10:15,807 - MMSA [INFO] - TRAIN-(msalm) [4/15/2] >> loss: 0.4054  Mult_acc_2: 0.7844  Mult_acc_3: 0.6798  Mult_acc_5: 0.4108  F1_score: 0.7876  MAE: 0.3866  Corr: 0.6850  clm loss: 3.2077 total loss: 5.0935 bn loss: 0.4641 av loss: 0.4711 text loss: 0.5452
2026-01-15 10:10:17,595 - MMSA [INFO] - VAL-(msalm) >>  Mult_acc_2: 0.7215  Mult_acc_3: 0.6118  Mult_acc_5: 0.3553  F1_score: 0.7316  MAE: 0.4256  Corr: 0.6256  Loss: 0.4442 
2026-01-15 10:10:26,701 - MMSA [INFO] - TRAIN-(msalm) [1/16/2] >> loss: 0.3922  Mult_acc_2: 0.7931  Mult_acc_3: 0.6849  Mult_acc_5: 0.4247  F1_score: 0.7966  MAE: 0.3717  Corr: 0.7092  clm loss: 3.1627 total loss: 4.9806 bn loss: 0.4506 av loss: 0.471 text loss: 0.504
2026-01-15 10:10:28,384 - MMSA [INFO] - VAL-(msalm) >>  Mult_acc_2: 0.7675  Mult_acc_3: 0.6579  Mult_acc_5: 0.4123  F1_score: 0.7736  MAE: 0.3983  Corr: 0.6453  Loss: 0.4354 
2026-01-15 10:10:37,553 - MMSA [INFO] - TRAIN-(msalm) [1/17/2] >> loss: 0.3927  Mult_acc_2: 0.7800  Mult_acc_3: 0.6871  Mult_acc_5: 0.4181  F1_score: 0.7838  MAE: 0.3703  Corr: 0.7123  clm loss: 3.1398 total loss: 4.9532 bn loss: 0.4486 av loss: 0.4694 text loss: 0.5028
2026-01-15 10:10:39,306 - MMSA [INFO] - VAL-(msalm) >>  Mult_acc_2: 0.6974  Mult_acc_3: 0.6162  Mult_acc_5: 0.3662  F1_score: 0.7094  MAE: 0.4266  Corr: 0.6493  Loss: 0.4338 
2026-01-15 10:10:48,375 - MMSA [INFO] - TRAIN-(msalm) [1/18/2] >> loss: 0.3828  Mult_acc_2: 0.8041  Mult_acc_3: 0.6930  Mult_acc_5: 0.4086  F1_score: 0.8068  MAE: 0.3682  Corr: 0.7161  clm loss: 3.1181 total loss: 4.8791 bn loss: 0.4398 av loss: 0.4626 text loss: 0.4759
2026-01-15 10:10:50,058 - MMSA [INFO] - VAL-(msalm) >>  Mult_acc_2: 0.7500  Mult_acc_3: 0.6294  Mult_acc_5: 0.3684  F1_score: 0.7588  MAE: 0.4208  Corr: 0.6340  Loss: 0.4507 
2026-01-15 10:10:58,011 - MMSA [INFO] - TRAIN-(msalm) [2/19/2] >> loss: 0.3821  Mult_acc_2: 0.8034  Mult_acc_3: 0.6959  Mult_acc_5: 0.4137  F1_score: 0.8067  MAE: 0.3655  Corr: 0.7280  clm loss: 3.1092 total loss: 4.85 bn loss: 0.4273 av loss: 0.4584 text loss: 0.4731
2026-01-15 10:10:59,753 - MMSA [INFO] - VAL-(msalm) >>  Mult_acc_2: 0.7654  Mult_acc_3: 0.6623  Mult_acc_5: 0.4276  F1_score: 0.7719  MAE: 0.3906  Corr: 0.6610  Loss: 0.4143 
2026-01-15 10:11:08,800 - MMSA [INFO] - TRAIN-(msalm) [1/20/2] >> loss: 0.3651  Mult_acc_2: 0.8180  Mult_acc_3: 0.7083  Mult_acc_5: 0.4357  F1_score: 0.8215  MAE: 0.3458  Corr: 0.7573  clm loss: 3.1012 total loss: 4.8143 bn loss: 0.4165 av loss: 0.4586 text loss: 0.4729
2026-01-15 10:11:10,524 - MMSA [INFO] - VAL-(msalm) >>  Mult_acc_2: 0.7127  Mult_acc_3: 0.6316  Mult_acc_5: 0.3640  F1_score: 0.7241  MAE: 0.4166  Corr: 0.6603  Loss: 0.4221 
2026-01-15 10:11:18,493 - MMSA [INFO] - TRAIN-(msalm) [2/21/2] >> loss: 0.3599  Mult_acc_2: 0.8224  Mult_acc_3: 0.7120  Mult_acc_5: 0.4532  F1_score: 0.8253  MAE: 0.3424  Corr: 0.7585  clm loss: 3.0549 total loss: 4.7628 bn loss: 0.4178 av loss: 0.4539 text loss: 0.4762
2026-01-15 10:11:20,231 - MMSA [INFO] - VAL-(msalm) >>  Mult_acc_2: 0.7500  Mult_acc_3: 0.6447  Mult_acc_5: 0.4057  F1_score: 0.7588  MAE: 0.4021  Corr: 0.6571  Loss: 0.4217 
2026-01-15 10:11:28,249 - MMSA [INFO] - TRAIN-(msalm) [3/22/2] >> loss: 0.3528  Mult_acc_2: 0.8224  Mult_acc_3: 0.7186  Mult_acc_5: 0.4547  F1_score: 0.8254  MAE: 0.3337  Corr: 0.7666  clm loss: 3.0267 total loss: 4.747 bn loss: 0.4078 av loss: 0.458 text loss: 0.5017
2026-01-15 10:11:29,984 - MMSA [INFO] - VAL-(msalm) >>  Mult_acc_2: 0.7807  Mult_acc_3: 0.6469  Mult_acc_5: 0.3860  F1_score: 0.7857  MAE: 0.3972  Corr: 0.6583  Loss: 0.4125 
2026-01-15 10:11:39,153 - MMSA [INFO] - TRAIN-(msalm) [1/23/2] >> loss: 0.333  Mult_acc_2: 0.8304  Mult_acc_3: 0.7295  Mult_acc_5: 0.4773  F1_score: 0.8330  MAE: 0.3170  Corr: 0.7893  clm loss: 3.0181 total loss: 4.6408 bn loss: 0.387 av loss: 0.4512 text loss: 0.4514
2026-01-15 10:11:40,936 - MMSA [INFO] - VAL-(msalm) >>  Mult_acc_2: 0.7697  Mult_acc_3: 0.6491  Mult_acc_5: 0.3838  F1_score: 0.7754  MAE: 0.4021  Corr: 0.6539  Loss: 0.4407 
2026-01-15 10:11:49,143 - MMSA [INFO] - TRAIN-(msalm) [2/24/2] >> loss: 0.3401  Mult_acc_2: 0.8260  Mult_acc_3: 0.7295  Mult_acc_5: 0.4693  F1_score: 0.8297  MAE: 0.3210  Corr: 0.7794  clm loss: 2.9947 total loss: 4.603 bn loss: 0.3745 av loss: 0.4561 text loss: 0.4376
2026-01-15 10:11:50,865 - MMSA [INFO] - VAL-(msalm) >>  Mult_acc_2: 0.7829  Mult_acc_3: 0.6645  Mult_acc_5: 0.4013  F1_score: 0.7877  MAE: 0.4021  Corr: 0.6510  Loss: 0.4230 
2026-01-15 10:11:58,929 - MMSA [INFO] - TRAIN-(msalm) [3/25/2] >> loss: 0.3314  Mult_acc_2: 0.8465  Mult_acc_3: 0.7390  Mult_acc_5: 0.4832  F1_score: 0.8488  MAE: 0.3131  Corr: 0.7927  clm loss: 2.9925 total loss: 4.5693 bn loss: 0.3683 av loss: 0.4513 text loss: 0.4258
2026-01-15 10:12:00,665 - MMSA [INFO] - VAL-(msalm) >>  Mult_acc_2: 0.7785  Mult_acc_3: 0.6601  Mult_acc_5: 0.3947  F1_score: 0.7834  MAE: 0.4006  Corr: 0.6545  Loss: 0.4238 
2026-01-15 10:12:08,838 - MMSA [INFO] - TRAIN-(msalm) [4/26/2] >> loss: 0.3245  Mult_acc_2: 0.8348  Mult_acc_3: 0.7412  Mult_acc_5: 0.4985  F1_score: 0.8381  MAE: 0.3037  Corr: 0.8003  clm loss: 2.9332 total loss: 4.474 bn loss: 0.3588 av loss: 0.4559 text loss: 0.4016
2026-01-15 10:12:10,532 - MMSA [INFO] - VAL-(msalm) >>  Mult_acc_2: 0.7346  Mult_acc_3: 0.6447  Mult_acc_5: 0.3969  F1_score: 0.7444  MAE: 0.4028  Corr: 0.6588  Loss: 0.4296 
2026-01-15 10:12:18,708 - MMSA [INFO] - TRAIN-(msalm) [5/27/2] >> loss: 0.315  Mult_acc_2: 0.8377  Mult_acc_3: 0.7558  Mult_acc_5: 0.4854  F1_score: 0.8410  MAE: 0.2986  Corr: 0.8109  clm loss: 2.92 total loss: 4.4461 bn loss: 0.3511 av loss: 0.4536 text loss: 0.4065
2026-01-15 10:12:20,461 - MMSA [INFO] - VAL-(msalm) >>  Mult_acc_2: 0.7456  Mult_acc_3: 0.6425  Mult_acc_5: 0.3816  F1_score: 0.7539  MAE: 0.4018  Corr: 0.6593  Loss: 0.4078 
2026-01-15 10:12:29,659 - MMSA [INFO] - TRAIN-(msalm) [1/28/2] >> loss: 0.3073  Mult_acc_2: 0.8450  Mult_acc_3: 0.7537  Mult_acc_5: 0.4949  F1_score: 0.8481  MAE: 0.2946  Corr: 0.8296  clm loss: 2.9312 total loss: 4.4363 bn loss: 0.3419 av loss: 0.4496 text loss: 0.4064
2026-01-15 10:12:31,382 - MMSA [INFO] - VAL-(msalm) >>  Mult_acc_2: 0.7390  Mult_acc_3: 0.6382  Mult_acc_5: 0.3947  F1_score: 0.7480  MAE: 0.3968  Corr: 0.6620  Loss: 0.4297 
2026-01-15 10:12:39,543 - MMSA [INFO] - TRAIN-(msalm) [2/29/2] >> loss: 0.2977  Mult_acc_2: 0.8428  Mult_acc_3: 0.7675  Mult_acc_5: 0.5314  F1_score: 0.8464  MAE: 0.2741  Corr: 0.8337  clm loss: 2.8894 total loss: 4.3604 bn loss: 0.3354 av loss: 0.4539 text loss: 0.384
2026-01-15 10:12:41,259 - MMSA [INFO] - VAL-(msalm) >>  Mult_acc_2: 0.7368  Mult_acc_3: 0.6382  Mult_acc_5: 0.3925  F1_score: 0.7466  MAE: 0.4041  Corr: 0.6637  Loss: 0.4293 
2026-01-15 10:12:49,413 - MMSA [INFO] - TRAIN-(msalm) [3/30/2] >> loss: 0.291  Mult_acc_2: 0.8480  Mult_acc_3: 0.7580  Mult_acc_5: 0.5336  F1_score: 0.8515  MAE: 0.2767  Corr: 0.8375  clm loss: 2.8606 total loss: 4.3236 bn loss: 0.3258 av loss: 0.456 text loss: 0.3902
2026-01-15 10:12:51,201 - MMSA [INFO] - VAL-(msalm) >>  Mult_acc_2: 0.7478  Mult_acc_3: 0.6404  Mult_acc_5: 0.3794  F1_score: 0.7559  MAE: 0.4053  Corr: 0.6600  Loss: 0.4190 
2026-01-15 10:12:59,338 - MMSA [INFO] - TRAIN-(msalm) [4/31/2] >> loss: 0.284  Mult_acc_2: 0.8567  Mult_acc_3: 0.7800  Mult_acc_5: 0.5599  F1_score: 0.8597  MAE: 0.2703  Corr: 0.8425  clm loss: 2.8312 total loss: 4.2605 bn loss: 0.323 av loss: 0.4524 text loss: 0.3699
2026-01-15 10:13:01,142 - MMSA [INFO] - VAL-(msalm) >>  Mult_acc_2: 0.7500  Mult_acc_3: 0.6469  Mult_acc_5: 0.4013  F1_score: 0.7584  MAE: 0.3990  Corr: 0.6619  Loss: 0.4183 
2026-01-15 10:13:09,382 - MMSA [INFO] - TRAIN-(msalm) [5/32/2] >> loss: 0.2929  Mult_acc_2: 0.8311  Mult_acc_3: 0.7537  Mult_acc_5: 0.5314  F1_score: 0.8354  MAE: 0.2755  Corr: 0.8329  clm loss: 2.8006 total loss: 4.2396 bn loss: 0.3102 av loss: 0.4515 text loss: 0.3843
2026-01-15 10:13:11,169 - MMSA [INFO] - VAL-(msalm) >>  Mult_acc_2: 0.7610  Mult_acc_3: 0.6689  Mult_acc_5: 0.4211  F1_score: 0.7681  MAE: 0.3921  Corr: 0.6633  Loss: 0.4083 
2026-01-15 10:13:19,284 - MMSA [INFO] - TRAIN-(msalm) [6/33/2] >> loss: 0.2766  Mult_acc_2: 0.8487  Mult_acc_3: 0.7719  Mult_acc_5: 0.5570  F1_score: 0.8520  MAE: 0.2592  Corr: 0.8516  clm loss: 2.7947 total loss: 4.2073 bn loss: 0.3053 av loss: 0.4512 text loss: 0.3795
2026-01-15 10:13:21,096 - MMSA [INFO] - VAL-(msalm) >>  Mult_acc_2: 0.7566  Mult_acc_3: 0.6601  Mult_acc_5: 0.3904  F1_score: 0.7642  MAE: 0.4013  Corr: 0.6616  Loss: 0.4079 
2026-01-15 10:13:29,251 - MMSA [INFO] - TRAIN-(msalm) [7/34/2] >> loss: 0.2627  Mult_acc_2: 0.8589  Mult_acc_3: 0.7822  Mult_acc_5: 0.5768  F1_score: 0.8617  MAE: 0.2452  Corr: 0.8742  clm loss: 2.7549 total loss: 4.1122 bn loss: 0.2986 av loss: 0.4463 text loss: 0.3498
2026-01-15 10:13:30,968 - MMSA [INFO] - VAL-(msalm) >>  Mult_acc_2: 0.7281  Mult_acc_3: 0.6557  Mult_acc_5: 0.3816  F1_score: 0.7384  MAE: 0.4066  Corr: 0.6619  Loss: 0.4284 
2026-01-15 10:13:39,122 - MMSA [INFO] - TRAIN-(msalm) [8/35/2] >> loss: 0.2574  Mult_acc_2: 0.8604  Mult_acc_3: 0.7873  Mult_acc_5: 0.5906  F1_score: 0.8634  MAE: 0.2386  Corr: 0.8801  clm loss: 2.7584 total loss: 4.1105 bn loss: 0.2951 av loss: 0.4522 text loss: 0.3475
2026-01-15 10:13:40,854 - MMSA [INFO] - VAL-(msalm) >>  Mult_acc_2: 0.7193  Mult_acc_3: 0.6601  Mult_acc_5: 0.3947  F1_score: 0.7303  MAE: 0.4121  Corr: 0.6595  Loss: 0.4197 
2026-01-15 10:13:48,981 - MMSA [INFO] - TRAIN-(msalm) [9/36/2] >> loss: 0.2466  Mult_acc_2: 0.8655  Mult_acc_3: 0.7931  Mult_acc_5: 0.5899  F1_score: 0.8683  MAE: 0.2322  Corr: 0.8878  clm loss: 2.6943 total loss: 4.0478 bn loss: 0.2938 av loss: 0.4537 text loss: 0.3593
2026-01-15 10:13:50,685 - MMSA [INFO] - VAL-(msalm) >>  Mult_acc_2: 0.7390  Mult_acc_3: 0.6645  Mult_acc_5: 0.4035  F1_score: 0.7485  MAE: 0.4043  Corr: 0.6555  Loss: 0.4107 
2026-01-15 10:13:58,838 - MMSA [INFO] - TRAIN-(msalm) [10/37/2] >> loss: 0.2372  Mult_acc_2: 0.8523  Mult_acc_3: 0.8004  Mult_acc_5: 0.6235  F1_score: 0.8565  MAE: 0.2186  Corr: 0.8971  clm loss: 2.6822 total loss: 3.9831 bn loss: 0.2729 av loss: 0.4398 text loss: 0.3509
2026-01-15 10:14:00,613 - MMSA [INFO] - VAL-(msalm) >>  Mult_acc_2: 0.7588  Mult_acc_3: 0.6667  Mult_acc_5: 0.4123  F1_score: 0.7668  MAE: 0.3995  Corr: 0.6591  Loss: 0.4205 
2026-01-15 10:14:02,804 - MMSA [INFO] - TEST-(msalm) >>  Mult_acc_2: 0.8053  Mult_acc_3: 0.6980  Mult_acc_5: 0.4092  F1_score: 0.8110  MAE: 0.3774  Corr: 0.7022  Loss: 0.3832 
2026-01-15 10:14:04,114 - MMSA [INFO] - Result for seed 1991: {'Mult_acc_2': 0.8053, 'Mult_acc_3': 0.698, 'Mult_acc_5': 0.4092, 'F1_score': 0.811, 'MAE': 0.3774, 'Corr': 0.7022, 'Loss': 0.3832, 'seed': 1991}
2026-01-15 10:14:04,114 - MMSA [INFO] - ------------------------------ Running with seed 1992 [3/5] ------------------------------
2026-01-15 10:15:18,604 - MMSA [INFO] - The model has 179712364 trainable parameters
2026-01-15 10:15:26,751 - MMSA [INFO] - TRAIN-(msalm) [1/1/3] >> loss: 0.6487  Mult_acc_2: 0.5351  Mult_acc_3: 0.3845  Mult_acc_5: 0.1791  F1_score: 0.5527  MAE: 0.6481  Corr: 0.0614  clm loss: 7.6728 total loss: 11.6203 bn loss: 1.4914 av loss: 0.6725 text loss: 1.135
2026-01-15 10:15:28,727 - MMSA [INFO] - VAL-(msalm) >>  Mult_acc_2: 0.4934  Mult_acc_3: 0.3377  Mult_acc_5: 0.1798  F1_score: 0.5114  MAE: 0.6593  Corr: 0.0157  Loss: 0.6468 
2026-01-15 10:15:38,077 - MMSA [INFO] - TRAIN-(msalm) [1/2/3] >> loss: 0.6128  Mult_acc_2: 0.5789  Mult_acc_3: 0.4423  Mult_acc_5: 0.2061  F1_score: 0.5942  MAE: 0.6127  Corr: 0.1659  clm loss: 6.7637 total loss: 10.1932 bn loss: 1.1604 av loss: 0.6252 text loss: 1.0312
2026-01-15 10:15:39,798 - MMSA [INFO] - VAL-(msalm) >>  Mult_acc_2: 0.6250  Mult_acc_3: 0.4583  Mult_acc_5: 0.2281  F1_score: 0.6350  MAE: 0.5900  Corr: 0.1826  Loss: 0.5882 
2026-01-15 10:15:49,065 - MMSA [INFO] - TRAIN-(msalm) [1/3/3] >> loss: 0.5864  Mult_acc_2: 0.6133  Mult_acc_3: 0.4671  Mult_acc_5: 0.2171  F1_score: 0.6269  MAE: 0.5850  Corr: 0.2609  clm loss: 5.7855 total loss: 8.6478 bn loss: 0.8103 av loss: 0.5985 text loss: 0.8671
2026-01-15 10:15:50,875 - MMSA [INFO] - VAL-(msalm) >>  Mult_acc_2: 0.6798  Mult_acc_3: 0.5329  Mult_acc_5: 0.2807  F1_score: 0.6564  MAE: 0.5550  Corr: 0.2708  Loss: 0.5689 
2026-01-15 10:16:00,209 - MMSA [INFO] - TRAIN-(msalm) [1/4/3] >> loss: 0.5666  Mult_acc_2: 0.6367  Mult_acc_3: 0.5058  Mult_acc_5: 0.2368  F1_score: 0.6474  MAE: 0.5639  Corr: 0.3234  clm loss: 5.0203 total loss: 7.658 bn loss: 0.7161 av loss: 0.5852 text loss: 0.7697
2026-01-15 10:16:02,018 - MMSA [INFO] - VAL-(msalm) >>  Mult_acc_2: 0.5965  Mult_acc_3: 0.5000  Mult_acc_5: 0.2281  F1_score: 0.6119  MAE: 0.5673  Corr: 0.3626  Loss: 0.5697 
2026-01-15 10:16:10,205 - MMSA [INFO] - TRAIN-(msalm) [2/5/3] >> loss: 0.5459  Mult_acc_2: 0.6740  Mult_acc_3: 0.5461  Mult_acc_5: 0.2639  F1_score: 0.6813  MAE: 0.5410  Corr: 0.3883  clm loss: 4.4306 total loss: 6.8506 bn loss: 0.6274 av loss: 0.5746 text loss: 0.6722
2026-01-15 10:16:11,908 - MMSA [INFO] - VAL-(msalm) >>  Mult_acc_2: 0.6228  Mult_acc_3: 0.5022  Mult_acc_5: 0.2127  F1_score: 0.6377  MAE: 0.5477  Corr: 0.4807  Loss: 0.5471 
2026-01-15 10:16:21,156 - MMSA [INFO] - TRAIN-(msalm) [1/6/3] >> loss: 0.4996  Mult_acc_2: 0.7273  Mult_acc_3: 0.6053  Mult_acc_5: 0.3224  F1_score: 0.7335  MAE: 0.4859  Corr: 0.5181  clm loss: 4.0967 total loss: 6.343 bn loss: 0.5713 av loss: 0.5613 text loss: 0.6141
2026-01-15 10:16:22,849 - MMSA [INFO] - VAL-(msalm) >>  Mult_acc_2: 0.6250  Mult_acc_3: 0.5461  Mult_acc_5: 0.2807  F1_score: 0.6383  MAE: 0.5306  Corr: 0.5438  Loss: 0.5516 
2026-01-15 10:16:30,952 - MMSA [INFO] - TRAIN-(msalm) [2/7/3] >> loss: 0.4888  Mult_acc_2: 0.7405  Mult_acc_3: 0.6404  Mult_acc_5: 0.3604  F1_score: 0.7460  MAE: 0.4545  Corr: 0.5767  clm loss: 3.898 total loss: 6.0608 bn loss: 0.5269 av loss: 0.5481 text loss: 0.5989
2026-01-15 10:16:32,750 - MMSA [INFO] - VAL-(msalm) >>  Mult_acc_2: 0.7215  Mult_acc_3: 0.6228  Mult_acc_5: 0.3268  F1_score: 0.7265  MAE: 0.4784  Corr: 0.5315  Loss: 0.4995 
2026-01-15 10:16:42,017 - MMSA [INFO] - TRAIN-(msalm) [1/8/3] >> loss: 0.4857  Mult_acc_2: 0.7288  Mult_acc_3: 0.5965  Mult_acc_5: 0.2844  F1_score: 0.7324  MAE: 0.4713  Corr: 0.5567  clm loss: 3.8028 total loss: 5.9172 bn loss: 0.5061 av loss: 0.5326 text loss: 0.5899
2026-01-15 10:16:43,764 - MMSA [INFO] - VAL-(msalm) >>  Mult_acc_2: 0.7061  Mult_acc_3: 0.5811  Mult_acc_5: 0.2697  F1_score: 0.7144  MAE: 0.4970  Corr: 0.5108  Loss: 0.4953 
2026-01-15 10:16:53,044 - MMSA [INFO] - TRAIN-(msalm) [1/9/3] >> loss: 0.4795  Mult_acc_2: 0.7493  Mult_acc_3: 0.6235  Mult_acc_5: 0.3165  F1_score: 0.7523  MAE: 0.4695  Corr: 0.5472  clm loss: 3.6545 total loss: 5.7329 bn loss: 0.5025 av loss: 0.5235 text loss: 0.573
2026-01-15 10:16:55,062 - MMSA [INFO] - VAL-(msalm) >>  Mult_acc_2: 0.7632  Mult_acc_3: 0.6294  Mult_acc_5: 0.3860  F1_score: 0.7519  MAE: 0.4630  Corr: 0.5552  Loss: 0.4867 
2026-01-15 10:17:04,342 - MMSA [INFO] - TRAIN-(msalm) [1/10/3] >> loss: 0.4458  Mult_acc_2: 0.7719  Mult_acc_3: 0.6469  Mult_acc_5: 0.3772  F1_score: 0.7754  MAE: 0.4242  Corr: 0.6179  clm loss: 3.528 total loss: 5.5433 bn loss: 0.4907 av loss: 0.5016 text loss: 0.5771
2026-01-15 10:17:06,098 - MMSA [INFO] - VAL-(msalm) >>  Mult_acc_2: 0.7566  Mult_acc_3: 0.6075  Mult_acc_5: 0.3662  F1_score: 0.7518  MAE: 0.4578  Corr: 0.5476  Loss: 0.4933 
2026-01-15 10:17:14,241 - MMSA [INFO] - TRAIN-(msalm) [2/11/3] >> loss: 0.4406  Mult_acc_2: 0.7632  Mult_acc_3: 0.6447  Mult_acc_5: 0.3677  F1_score: 0.7665  MAE: 0.4180  Corr: 0.6418  clm loss: 3.3584 total loss: 5.3445 bn loss: 0.488 av loss: 0.4951 text loss: 0.5624
2026-01-15 10:17:16,090 - MMSA [INFO] - VAL-(msalm) >>  Mult_acc_2: 0.7171  Mult_acc_3: 0.6228  Mult_acc_5: 0.3640  F1_score: 0.7269  MAE: 0.4455  Corr: 0.5956  Loss: 0.4811 
2026-01-15 10:17:25,436 - MMSA [INFO] - TRAIN-(msalm) [1/12/3] >> loss: 0.4436  Mult_acc_2: 0.7537  Mult_acc_3: 0.6360  Mult_acc_5: 0.3421  F1_score: 0.7559  MAE: 0.4301  Corr: 0.6258  clm loss: 3.3205 total loss: 5.2945 bn loss: 0.4975 av loss: 0.4855 text loss: 0.5474
2026-01-15 10:17:27,237 - MMSA [INFO] - VAL-(msalm) >>  Mult_acc_2: 0.7127  Mult_acc_3: 0.6338  Mult_acc_5: 0.3969  F1_score: 0.7234  MAE: 0.4442  Corr: 0.6019  Loss: 0.4681 
2026-01-15 10:17:36,572 - MMSA [INFO] - TRAIN-(msalm) [1/13/3] >> loss: 0.4199  Mult_acc_2: 0.7902  Mult_acc_3: 0.6667  Mult_acc_5: 0.3904  F1_score: 0.7933  MAE: 0.4025  Corr: 0.6571  clm loss: 3.2929 total loss: 5.2483 bn loss: 0.5025 av loss: 0.4729 text loss: 0.5601
2026-01-15 10:17:38,367 - MMSA [INFO] - VAL-(msalm) >>  Mult_acc_2: 0.7544  Mult_acc_3: 0.6513  Mult_acc_5: 0.4013  F1_score: 0.7602  MAE: 0.4301  Corr: 0.5975  Loss: 0.4543 
2026-01-15 10:17:47,678 - MMSA [INFO] - TRAIN-(msalm) [1/14/3] >> loss: 0.4183  Mult_acc_2: 0.7880  Mult_acc_3: 0.6776  Mult_acc_5: 0.3977  F1_score: 0.7907  MAE: 0.3957  Corr: 0.6739  clm loss: 3.2271 total loss: 5.13 bn loss: 0.503 av loss: 0.4705 text loss: 0.5111
2026-01-15 10:17:49,493 - MMSA [INFO] - VAL-(msalm) >>  Mult_acc_2: 0.7654  Mult_acc_3: 0.6535  Mult_acc_5: 0.3991  F1_score: 0.7699  MAE: 0.4146  Corr: 0.6179  Loss: 0.4401 
2026-01-15 10:17:58,733 - MMSA [INFO] - TRAIN-(msalm) [1/15/3] >> loss: 0.4057  Mult_acc_2: 0.7895  Mult_acc_3: 0.6842  Mult_acc_5: 0.3896  F1_score: 0.7911  MAE: 0.3937  Corr: 0.6930  clm loss: 3.2232 total loss: 5.0856 bn loss: 0.4817 av loss: 0.4665 text loss: 0.5084
2026-01-15 10:18:00,521 - MMSA [INFO] - VAL-(msalm) >>  Mult_acc_2: 0.7719  Mult_acc_3: 0.6338  Mult_acc_5: 0.3575  F1_score: 0.7768  MAE: 0.4144  Corr: 0.6293  Loss: 0.4271 
2026-01-15 10:18:09,761 - MMSA [INFO] - TRAIN-(msalm) [1/16/3] >> loss: 0.3992  Mult_acc_2: 0.8077  Mult_acc_3: 0.7098  Mult_acc_5: 0.4357  F1_score: 0.8104  MAE: 0.3749  Corr: 0.7053  clm loss: 3.1852 total loss: 5.0005 bn loss: 0.4643 av loss: 0.4704 text loss: 0.4814
2026-01-15 10:18:11,533 - MMSA [INFO] - VAL-(msalm) >>  Mult_acc_2: 0.7697  Mult_acc_3: 0.6513  Mult_acc_5: 0.3947  F1_score: 0.7745  MAE: 0.4136  Corr: 0.6323  Loss: 0.4495 
2026-01-15 10:18:19,879 - MMSA [INFO] - TRAIN-(msalm) [2/17/3] >> loss: 0.3854  Mult_acc_2: 0.7997  Mult_acc_3: 0.6769  Mult_acc_5: 0.4130  F1_score: 0.8024  MAE: 0.3665  Corr: 0.7242  clm loss: 3.1461 total loss: 4.9536 bn loss: 0.4534 av loss: 0.4679 text loss: 0.5008
2026-01-15 10:18:21,695 - MMSA [INFO] - VAL-(msalm) >>  Mult_acc_2: 0.7763  Mult_acc_3: 0.6338  Mult_acc_5: 0.3640  F1_score: 0.7805  MAE: 0.4140  Corr: 0.6367  Loss: 0.4142 
2026-01-15 10:18:30,966 - MMSA [INFO] - TRAIN-(msalm) [1/18/3] >> loss: 0.3869  Mult_acc_2: 0.8151  Mult_acc_3: 0.6923  Mult_acc_5: 0.4130  F1_score: 0.8171  MAE: 0.3762  Corr: 0.7111  clm loss: 3.1801 total loss: 4.956 bn loss: 0.4388 av loss: 0.4627 text loss: 0.4874
2026-01-15 10:18:32,734 - MMSA [INFO] - VAL-(msalm) >>  Mult_acc_2: 0.7851  Mult_acc_3: 0.6447  Mult_acc_5: 0.3947  F1_score: 0.7878  MAE: 0.4057  Corr: 0.6398  Loss: 0.4148 
2026-01-15 10:18:40,914 - MMSA [INFO] - TRAIN-(msalm) [2/19/3] >> loss: 0.3724  Mult_acc_2: 0.8026  Mult_acc_3: 0.6937  Mult_acc_5: 0.4342  F1_score: 0.8063  MAE: 0.3557  Corr: 0.7317  clm loss: 3.1419 total loss: 4.8754 bn loss: 0.4345 av loss: 0.4639 text loss: 0.4626
2026-01-15 10:18:42,719 - MMSA [INFO] - VAL-(msalm) >>  Mult_acc_2: 0.7566  Mult_acc_3: 0.6425  Mult_acc_5: 0.3925  F1_score: 0.7628  MAE: 0.4036  Corr: 0.6405  Loss: 0.4279 
2026-01-15 10:18:50,910 - MMSA [INFO] - TRAIN-(msalm) [3/20/3] >> loss: 0.3577  Mult_acc_2: 0.8099  Mult_acc_3: 0.7098  Mult_acc_5: 0.4510  F1_score: 0.8125  MAE: 0.3417  Corr: 0.7551  clm loss: 3.0891 total loss: 4.7906 bn loss: 0.4161 av loss: 0.4626 text loss: 0.4651
2026-01-15 10:18:52,667 - MMSA [INFO] - VAL-(msalm) >>  Mult_acc_2: 0.7149  Mult_acc_3: 0.6469  Mult_acc_5: 0.3991  F1_score: 0.7261  MAE: 0.4173  Corr: 0.6495  Loss: 0.4264 
2026-01-15 10:19:00,873 - MMSA [INFO] - TRAIN-(msalm) [4/21/3] >> loss: 0.3539  Mult_acc_2: 0.8246  Mult_acc_3: 0.7215  Mult_acc_5: 0.4423  F1_score: 0.8274  MAE: 0.3382  Corr: 0.7674  clm loss: 3.0798 total loss: 4.7433 bn loss: 0.3999 av loss: 0.4591 text loss: 0.4506
2026-01-15 10:19:02,641 - MMSA [INFO] - VAL-(msalm) >>  Mult_acc_2: 0.7259  Mult_acc_3: 0.6447  Mult_acc_5: 0.4057  F1_score: 0.7365  MAE: 0.4107  Corr: 0.6564  Loss: 0.4285 
2026-01-15 10:19:10,910 - MMSA [INFO] - TRAIN-(msalm) [5/22/3] >> loss: 0.3496  Mult_acc_2: 0.8136  Mult_acc_3: 0.7208  Mult_acc_5: 0.4569  F1_score: 0.8159  MAE: 0.3352  Corr: 0.7741  clm loss: 3.0641 total loss: 4.7214 bn loss: 0.3945 av loss: 0.4558 text loss: 0.4575
2026-01-15 10:19:12,673 - MMSA [INFO] - VAL-(msalm) >>  Mult_acc_2: 0.7851  Mult_acc_3: 0.6469  Mult_acc_5: 0.3947  F1_score: 0.7905  MAE: 0.3937  Corr: 0.6587  Loss: 0.4209 
2026-01-15 10:19:20,784 - MMSA [INFO] - TRAIN-(msalm) [6/23/3] >> loss: 0.3487  Mult_acc_2: 0.8173  Mult_acc_3: 0.7091  Mult_acc_5: 0.4642  F1_score: 0.8197  MAE: 0.3317  Corr: 0.7673  clm loss: 3.0412 total loss: 4.7032 bn loss: 0.3971 av loss: 0.4619 text loss: 0.4542
2026-01-15 10:19:22,582 - MMSA [INFO] - VAL-(msalm) >>  Mult_acc_2: 0.7654  Mult_acc_3: 0.6623  Mult_acc_5: 0.4145  F1_score: 0.7723  MAE: 0.3934  Corr: 0.6629  Loss: 0.4136 
2026-01-15 10:19:31,964 - MMSA [INFO] - TRAIN-(msalm) [1/24/3] >> loss: 0.341  Mult_acc_2: 0.8224  Mult_acc_3: 0.7251  Mult_acc_5: 0.4576  F1_score: 0.8256  MAE: 0.3244  Corr: 0.7834  clm loss: 3.0081 total loss: 4.6316 bn loss: 0.3753 av loss: 0.4574 text loss: 0.4497
2026-01-15 10:19:33,859 - MMSA [INFO] - VAL-(msalm) >>  Mult_acc_2: 0.7785  Mult_acc_3: 0.6667  Mult_acc_5: 0.4057  F1_score: 0.7844  MAE: 0.3941  Corr: 0.6615  Loss: 0.4005 
2026-01-15 10:19:43,446 - MMSA [INFO] - TRAIN-(msalm) [1/25/3] >> loss: 0.3235  Mult_acc_2: 0.8348  Mult_acc_3: 0.7244  Mult_acc_5: 0.4854  F1_score: 0.8374  MAE: 0.3090  Corr: 0.7974  clm loss: 2.9696 total loss: 4.5216 bn loss: 0.3578 av loss: 0.4547 text loss: 0.416
2026-01-15 10:19:45,176 - MMSA [INFO] - VAL-(msalm) >>  Mult_acc_2: 0.7522  Mult_acc_3: 0.6645  Mult_acc_5: 0.4189  F1_score: 0.7604  MAE: 0.3943  Corr: 0.6594  Loss: 0.4135 
2026-01-15 10:19:53,427 - MMSA [INFO] - TRAIN-(msalm) [2/26/3] >> loss: 0.3335  Mult_acc_2: 0.8370  Mult_acc_3: 0.7420  Mult_acc_5: 0.4832  F1_score: 0.8397  MAE: 0.3163  Corr: 0.7906  clm loss: 2.9762 total loss: 4.5626 bn loss: 0.3645 av loss: 0.462 text loss: 0.4264
2026-01-15 10:19:55,229 - MMSA [INFO] - VAL-(msalm) >>  Mult_acc_2: 0.7763  Mult_acc_3: 0.6711  Mult_acc_5: 0.4123  F1_score: 0.7831  MAE: 0.3891  Corr: 0.6720  Loss: 0.4126 
2026-01-15 10:20:03,479 - MMSA [INFO] - TRAIN-(msalm) [3/27/3] >> loss: 0.3245  Mult_acc_2: 0.8304  Mult_acc_3: 0.7412  Mult_acc_5: 0.4766  F1_score: 0.8335  MAE: 0.3113  Corr: 0.8013  clm loss: 2.919 total loss: 4.4705 bn loss: 0.3561 av loss: 0.4653 text loss: 0.4056
2026-01-15 10:20:05,245 - MMSA [INFO] - VAL-(msalm) >>  Mult_acc_2: 0.7917  Mult_acc_3: 0.6754  Mult_acc_5: 0.4145  F1_score: 0.7970  MAE: 0.3863  Corr: 0.6742  Loss: 0.4011 
2026-01-15 10:20:13,495 - MMSA [INFO] - TRAIN-(msalm) [4/28/3] >> loss: 0.32  Mult_acc_2: 0.8414  Mult_acc_3: 0.7463  Mult_acc_5: 0.4978  F1_score: 0.8440  MAE: 0.3056  Corr: 0.8013  clm loss: 2.9391 total loss: 4.463 bn loss: 0.3445 av loss: 0.4544 text loss: 0.405
2026-01-15 10:20:15,275 - MMSA [INFO] - VAL-(msalm) >>  Mult_acc_2: 0.7741  Mult_acc_3: 0.6667  Mult_acc_5: 0.3969  F1_score: 0.7819  MAE: 0.3880  Corr: 0.6823  Loss: 0.3939 
2026-01-15 10:20:24,595 - MMSA [INFO] - TRAIN-(msalm) [1/29/3] >> loss: 0.3046  Mult_acc_2: 0.8436  Mult_acc_3: 0.7639  Mult_acc_5: 0.5278  F1_score: 0.8462  MAE: 0.2886  Corr: 0.8211  clm loss: 2.908 total loss: 4.4017 bn loss: 0.3327 av loss: 0.4545 text loss: 0.402
2026-01-15 10:20:26,424 - MMSA [INFO] - VAL-(msalm) >>  Mult_acc_2: 0.7873  Mult_acc_3: 0.6842  Mult_acc_5: 0.4276  F1_score: 0.7932  MAE: 0.3761  Corr: 0.6863  Loss: 0.3977 
2026-01-15 10:20:34,698 - MMSA [INFO] - TRAIN-(msalm) [2/30/3] >> loss: 0.2964  Mult_acc_2: 0.8531  Mult_acc_3: 0.7617  Mult_acc_5: 0.5358  F1_score: 0.8550  MAE: 0.2827  Corr: 0.8289  clm loss: 2.875 total loss: 4.3475 bn loss: 0.3255 av loss: 0.4532 text loss: 0.3973
2026-01-15 10:20:36,434 - MMSA [INFO] - VAL-(msalm) >>  Mult_acc_2: 0.8004  Mult_acc_3: 0.6886  Mult_acc_5: 0.4232  F1_score: 0.8051  MAE: 0.3768  Corr: 0.6854  Loss: 0.3981 
2026-01-15 10:20:44,630 - MMSA [INFO] - TRAIN-(msalm) [3/31/3] >> loss: 0.2918  Mult_acc_2: 0.8487  Mult_acc_3: 0.7719  Mult_acc_5: 0.5439  F1_score: 0.8522  MAE: 0.2755  Corr: 0.8404  clm loss: 2.8647 total loss: 4.3082 bn loss: 0.3162 av loss: 0.4528 text loss: 0.3828
2026-01-15 10:20:46,432 - MMSA [INFO] - VAL-(msalm) >>  Mult_acc_2: 0.7697  Mult_acc_3: 0.6754  Mult_acc_5: 0.4167  F1_score: 0.7770  MAE: 0.3783  Corr: 0.6801  Loss: 0.3955 
2026-01-15 10:20:54,617 - MMSA [INFO] - TRAIN-(msalm) [4/32/3] >> loss: 0.2914  Mult_acc_2: 0.8450  Mult_acc_3: 0.7778  Mult_acc_5: 0.5526  F1_score: 0.8483  MAE: 0.2757  Corr: 0.8351  clm loss: 2.8437 total loss: 4.273 bn loss: 0.312 av loss: 0.4524 text loss: 0.3736
2026-01-15 10:20:56,602 - MMSA [INFO] - VAL-(msalm) >>  Mult_acc_2: 0.7741  Mult_acc_3: 0.6732  Mult_acc_5: 0.3947  F1_score: 0.7818  MAE: 0.3835  Corr: 0.6822  Loss: 0.3892 
2026-01-15 10:21:06,017 - MMSA [INFO] - TRAIN-(msalm) [1/33/3] >> loss: 0.2853  Mult_acc_2: 0.8501  Mult_acc_3: 0.7624  Mult_acc_5: 0.5300  F1_score: 0.8538  MAE: 0.2705  Corr: 0.8452  clm loss: 2.8109 total loss: 4.2214 bn loss: 0.2956 av loss: 0.4584 text loss: 0.3711
2026-01-15 10:21:07,771 - MMSA [INFO] - VAL-(msalm) >>  Mult_acc_2: 0.7588  Mult_acc_3: 0.6711  Mult_acc_5: 0.3947  F1_score: 0.7678  MAE: 0.3862  Corr: 0.6853  Loss: 0.3992 
2026-01-15 10:21:16,016 - MMSA [INFO] - TRAIN-(msalm) [2/34/3] >> loss: 0.2647  Mult_acc_2: 0.8596  Mult_acc_3: 0.7858  Mult_acc_5: 0.5746  F1_score: 0.8625  MAE: 0.2542  Corr: 0.8607  clm loss: 2.7839 total loss: 4.1687 bn loss: 0.293 av loss: 0.4535 text loss: 0.3735
2026-01-15 10:21:17,783 - MMSA [INFO] - VAL-(msalm) >>  Mult_acc_2: 0.7741  Mult_acc_3: 0.6776  Mult_acc_5: 0.4123  F1_score: 0.7814  MAE: 0.3841  Corr: 0.6822  Loss: 0.3890 
2026-01-15 10:21:27,149 - MMSA [INFO] - TRAIN-(msalm) [1/35/3] >> loss: 0.2641  Mult_acc_2: 0.8596  Mult_acc_3: 0.7800  Mult_acc_5: 0.5731  F1_score: 0.8627  MAE: 0.2536  Corr: 0.8641  clm loss: 2.7284 total loss: 4.0788 bn loss: 0.2815 av loss: 0.4566 text loss: 0.3482
2026-01-15 10:21:28,933 - MMSA [INFO] - VAL-(msalm) >>  Mult_acc_2: 0.7851  Mult_acc_3: 0.6798  Mult_acc_5: 0.4232  F1_score: 0.7914  MAE: 0.3796  Corr: 0.6783  Loss: 0.3903 
2026-01-15 10:21:37,168 - MMSA [INFO] - TRAIN-(msalm) [2/36/3] >> loss: 0.2585  Mult_acc_2: 0.8575  Mult_acc_3: 0.7814  Mult_acc_5: 0.5768  F1_score: 0.8609  MAE: 0.2415  Corr: 0.8761  clm loss: 2.7135 total loss: 4.0451 bn loss: 0.2761 av loss: 0.4483 text loss: 0.3487
2026-01-15 10:21:38,953 - MMSA [INFO] - VAL-(msalm) >>  Mult_acc_2: 0.7654  Mult_acc_3: 0.6798  Mult_acc_5: 0.4276  F1_score: 0.7731  MAE: 0.3874  Corr: 0.6715  Loss: 0.3970 
2026-01-15 10:21:47,234 - MMSA [INFO] - TRAIN-(msalm) [3/37/3] >> loss: 0.2552  Mult_acc_2: 0.8655  Mult_acc_3: 0.7858  Mult_acc_5: 0.5804  F1_score: 0.8685  MAE: 0.2398  Corr: 0.8781  clm loss: 2.6907 total loss: 4.012 bn loss: 0.2702 av loss: 0.4544 text loss: 0.3415
2026-01-15 10:21:49,035 - MMSA [INFO] - VAL-(msalm) >>  Mult_acc_2: 0.7632  Mult_acc_3: 0.6864  Mult_acc_5: 0.4276  F1_score: 0.7705  MAE: 0.3902  Corr: 0.6665  Loss: 0.4025 
2026-01-15 10:21:57,206 - MMSA [INFO] - TRAIN-(msalm) [4/38/3] >> loss: 0.241  Mult_acc_2: 0.8692  Mult_acc_3: 0.7887  Mult_acc_5: 0.6023  F1_score: 0.8718  MAE: 0.2246  Corr: 0.8911  clm loss: 2.6651 total loss: 3.9433 bn loss: 0.2582 av loss: 0.4488 text loss: 0.3301
2026-01-15 10:21:58,973 - MMSA [INFO] - VAL-(msalm) >>  Mult_acc_2: 0.7610  Mult_acc_3: 0.6711  Mult_acc_5: 0.4145  F1_score: 0.7694  MAE: 0.3953  Corr: 0.6655  Loss: 0.4070 
2026-01-15 10:22:07,250 - MMSA [INFO] - TRAIN-(msalm) [5/39/3] >> loss: 0.2387  Mult_acc_2: 0.8648  Mult_acc_3: 0.8041  Mult_acc_5: 0.6162  F1_score: 0.8677  MAE: 0.2245  Corr: 0.8928  clm loss: 2.6448 total loss: 3.9222 bn loss: 0.2596 av loss: 0.4453 text loss: 0.3338
2026-01-15 10:22:09,063 - MMSA [INFO] - VAL-(msalm) >>  Mult_acc_2: 0.7829  Mult_acc_3: 0.6908  Mult_acc_5: 0.4276  F1_score: 0.7885  MAE: 0.3849  Corr: 0.6662  Loss: 0.4071 
2026-01-15 10:22:17,360 - MMSA [INFO] - TRAIN-(msalm) [6/40/3] >> loss: 0.2276  Mult_acc_2: 0.8684  Mult_acc_3: 0.8077  Mult_acc_5: 0.6265  F1_score: 0.8715  MAE: 0.2132  Corr: 0.8996  clm loss: 2.6449 total loss: 3.8999 bn loss: 0.2501 av loss: 0.4503 text loss: 0.3271
2026-01-15 10:22:19,383 - MMSA [INFO] - VAL-(msalm) >>  Mult_acc_2: 0.7610  Mult_acc_3: 0.6952  Mult_acc_5: 0.4496  F1_score: 0.7687  MAE: 0.3867  Corr: 0.6667  Loss: 0.4131 
2026-01-15 10:22:27,582 - MMSA [INFO] - TRAIN-(msalm) [7/41/3] >> loss: 0.2387  Mult_acc_2: 0.8633  Mult_acc_3: 0.8077  Mult_acc_5: 0.6089  F1_score: 0.8668  MAE: 0.2221  Corr: 0.8936  clm loss: 2.6011 total loss: 3.848 bn loss: 0.2409 av loss: 0.4525 text loss: 0.3149
2026-01-15 10:22:29,382 - MMSA [INFO] - VAL-(msalm) >>  Mult_acc_2: 0.7544  Mult_acc_3: 0.6820  Mult_acc_5: 0.4408  F1_score: 0.7624  MAE: 0.3946  Corr: 0.6576  Loss: 0.4045 
2026-01-15 10:22:37,665 - MMSA [INFO] - TRAIN-(msalm) [8/42/3] >> loss: 0.2113  Mult_acc_2: 0.8750  Mult_acc_3: 0.8180  Mult_acc_5: 0.6491  F1_score: 0.8778  MAE: 0.2002  Corr: 0.9146  clm loss: 2.5689 total loss: 3.7596 bn loss: 0.2342 av loss: 0.4458 text loss: 0.2994
2026-01-15 10:22:39,465 - MMSA [INFO] - VAL-(msalm) >>  Mult_acc_2: 0.7412  Mult_acc_3: 0.6667  Mult_acc_5: 0.4320  F1_score: 0.7505  MAE: 0.3975  Corr: 0.6645  Loss: 0.4112 
2026-01-15 10:22:47,684 - MMSA [INFO] - TRAIN-(msalm) [9/43/3] >> loss: 0.2128  Mult_acc_2: 0.8662  Mult_acc_3: 0.8041  Mult_acc_5: 0.6418  F1_score: 0.8696  MAE: 0.1963  Corr: 0.9124  clm loss: 2.5723 total loss: 3.7688 bn loss: 0.2318 av loss: 0.4391 text loss: 0.3127
2026-01-15 10:22:49,464 - MMSA [INFO] - VAL-(msalm) >>  Mult_acc_2: 0.7478  Mult_acc_3: 0.6820  Mult_acc_5: 0.4518  F1_score: 0.7569  MAE: 0.3883  Corr: 0.6719  Loss: 0.3911 
2026-01-15 10:22:57,696 - MMSA [INFO] - TRAIN-(msalm) [10/44/3] >> loss: 0.2044  Mult_acc_2: 0.8838  Mult_acc_3: 0.8216  Mult_acc_5: 0.6564  F1_score: 0.8866  MAE: 0.1881  Corr: 0.9226  clm loss: 2.5108 total loss: 3.6985 bn loss: 0.2304 av loss: 0.4427 text loss: 0.3102
2026-01-15 10:22:59,558 - MMSA [INFO] - VAL-(msalm) >>  Mult_acc_2: 0.7566  Mult_acc_3: 0.6974  Mult_acc_5: 0.4496  F1_score: 0.7648  MAE: 0.3887  Corr: 0.6725  Loss: 0.4015 
2026-01-15 10:23:01,871 - MMSA [INFO] - TEST-(msalm) >>  Mult_acc_2: 0.8228  Mult_acc_3: 0.7090  Mult_acc_5: 0.4376  F1_score: 0.8270  MAE: 0.3673  Corr: 0.7244  Loss: 0.3833 
2026-01-15 10:23:03,176 - MMSA [INFO] - Result for seed 1992: {'Mult_acc_2': 0.8228, 'Mult_acc_3': 0.709, 'Mult_acc_5': 0.4376, 'F1_score': 0.827, 'MAE': 0.3673, 'Corr': 0.7244, 'Loss': 0.3833, 'seed': 1992}
2026-01-15 10:23:03,177 - MMSA [INFO] - ------------------------------ Running with seed 1993 [4/5] ------------------------------
2026-01-15 10:24:17,867 - MMSA [INFO] - The model has 179712364 trainable parameters
2026-01-15 10:24:26,131 - MMSA [INFO] - TRAIN-(msalm) [1/1/4] >> loss: 0.6707  Mult_acc_2: 0.5219  Mult_acc_3: 0.3662  Mult_acc_5: 0.1784  F1_score: 0.5374  MAE: 0.6697  Corr: -0.0687  clm loss: 7.609 total loss: 11.0372 bn loss: 1.1324 av loss: 0.6907 text loss: 0.9344
2026-01-15 10:24:28,094 - MMSA [INFO] - VAL-(msalm) >>  Mult_acc_2: 0.6360  Mult_acc_3: 0.4430  Mult_acc_5: 0.2083  F1_score: 0.6302  MAE: 0.6158  Corr: 0.0455  Loss: 0.6168 
2026-01-15 10:24:37,462 - MMSA [INFO] - TRAIN-(msalm) [1/2/4] >> loss: 0.6287  Mult_acc_2: 0.5599  Mult_acc_3: 0.3911  Mult_acc_5: 0.1718  F1_score: 0.5737  MAE: 0.6288  Corr: 0.0747  clm loss: 6.4585 total loss: 9.3996 bn loss: 0.9118 av loss: 0.6232 text loss: 0.7774
2026-01-15 10:24:39,237 - MMSA [INFO] - VAL-(msalm) >>  Mult_acc_2: 0.6557  Mult_acc_3: 0.5110  Mult_acc_5: 0.2675  F1_score: 0.6240  MAE: 0.5620  Corr: 0.2257  Loss: 0.5612 
2026-01-15 10:24:48,608 - MMSA [INFO] - TRAIN-(msalm) [1/3/4] >> loss: 0.5692  Mult_acc_2: 0.6126  Mult_acc_3: 0.4781  Mult_acc_5: 0.2237  F1_score: 0.6254  MAE: 0.5683  Corr: 0.2923  clm loss: 5.3883 total loss: 7.9604 bn loss: 0.746 av loss: 0.5812 text loss: 0.6757
2026-01-15 10:24:50,436 - MMSA [INFO] - VAL-(msalm) >>  Mult_acc_2: 0.6579  Mult_acc_3: 0.5154  Mult_acc_5: 0.2500  F1_score: 0.6605  MAE: 0.5463  Corr: 0.3212  Loss: 0.5489 
2026-01-15 10:24:59,731 - MMSA [INFO] - TRAIN-(msalm) [1/4/4] >> loss: 0.537  Mult_acc_2: 0.6813  Mult_acc_3: 0.5417  Mult_acc_5: 0.2471  F1_score: 0.6888  MAE: 0.5324  Corr: 0.4154  clm loss: 4.6229 total loss: 6.9853 bn loss: 0.6483 av loss: 0.553 text loss: 0.6242
2026-01-15 10:25:01,529 - MMSA [INFO] - VAL-(msalm) >>  Mult_acc_2: 0.6952  Mult_acc_3: 0.5658  Mult_acc_5: 0.2741  F1_score: 0.7059  MAE: 0.4950  Corr: 0.5239  Loss: 0.4969 
2026-01-15 10:25:10,809 - MMSA [INFO] - TRAIN-(msalm) [1/5/4] >> loss: 0.5152  Mult_acc_2: 0.7127  Mult_acc_3: 0.5994  Mult_acc_5: 0.3056  F1_score: 0.7204  MAE: 0.4987  Corr: 0.5053  clm loss: 4.0887 total loss: 6.313 bn loss: 0.5835 av loss: 0.5296 text loss: 0.5961
2026-01-15 10:25:12,626 - MMSA [INFO] - VAL-(msalm) >>  Mult_acc_2: 0.6820  Mult_acc_3: 0.5768  Mult_acc_5: 0.3136  F1_score: 0.6944  MAE: 0.5072  Corr: 0.5318  Loss: 0.5477 
2026-01-15 10:25:20,784 - MMSA [INFO] - TRAIN-(msalm) [2/6/4] >> loss: 0.4822  Mult_acc_2: 0.7544  Mult_acc_3: 0.6323  Mult_acc_5: 0.3589  F1_score: 0.7587  MAE: 0.4594  Corr: 0.5709  clm loss: 3.8672 total loss: 5.9904 bn loss: 0.5425 av loss: 0.5092 text loss: 0.5892
2026-01-15 10:25:22,574 - MMSA [INFO] - VAL-(msalm) >>  Mult_acc_2: 0.7785  Mult_acc_3: 0.6206  Mult_acc_5: 0.3925  F1_score: 0.7628  MAE: 0.4761  Corr: 0.5605  Loss: 0.5444 
2026-01-15 10:25:30,745 - MMSA [INFO] - TRAIN-(msalm) [3/7/4] >> loss: 0.4718  Mult_acc_2: 0.7427  Mult_acc_3: 0.6257  Mult_acc_5: 0.3443  F1_score: 0.7479  MAE: 0.4579  Corr: 0.5625  clm loss: 3.6879 total loss: 5.7518 bn loss: 0.5364 av loss: 0.4942 text loss: 0.5616
2026-01-15 10:25:32,521 - MMSA [INFO] - VAL-(msalm) >>  Mult_acc_2: 0.7675  Mult_acc_3: 0.6338  Mult_acc_5: 0.3816  F1_score: 0.7675  MAE: 0.4465  Corr: 0.5665  Loss: 0.4689 
2026-01-15 10:25:41,764 - MMSA [INFO] - TRAIN-(msalm) [1/8/4] >> loss: 0.4599  Mult_acc_2: 0.7485  Mult_acc_3: 0.6301  Mult_acc_5: 0.3348  F1_score: 0.7527  MAE: 0.4474  Corr: 0.5912  clm loss: 3.5522 total loss: 5.587 bn loss: 0.5157 av loss: 0.4845 text loss: 0.5747
2026-01-15 10:25:43,528 - MMSA [INFO] - VAL-(msalm) >>  Mult_acc_2: 0.7303  Mult_acc_3: 0.6272  Mult_acc_5: 0.3794  F1_score: 0.7369  MAE: 0.4426  Corr: 0.5775  Loss: 0.4864 
2026-01-15 10:25:51,812 - MMSA [INFO] - TRAIN-(msalm) [2/9/4] >> loss: 0.4476  Mult_acc_2: 0.7507  Mult_acc_3: 0.6352  Mult_acc_5: 0.3618  F1_score: 0.7538  MAE: 0.4326  Corr: 0.6027  clm loss: 3.4005 total loss: 5.3877 bn loss: 0.5122 av loss: 0.4734 text loss: 0.554
2026-01-15 10:25:53,630 - MMSA [INFO] - VAL-(msalm) >>  Mult_acc_2: 0.7654  Mult_acc_3: 0.6294  Mult_acc_5: 0.3838  F1_score: 0.7636  MAE: 0.4342  Corr: 0.5827  Loss: 0.4517 
2026-01-15 10:26:02,885 - MMSA [INFO] - TRAIN-(msalm) [1/10/4] >> loss: 0.4439  Mult_acc_2: 0.7785  Mult_acc_3: 0.6418  Mult_acc_5: 0.3567  F1_score: 0.7798  MAE: 0.4325  Corr: 0.6120  clm loss: 3.3495 total loss: 5.3287 bn loss: 0.5005 av loss: 0.4748 text loss: 0.56
2026-01-15 10:26:04,617 - MMSA [INFO] - VAL-(msalm) >>  Mult_acc_2: 0.7675  Mult_acc_3: 0.6250  Mult_acc_5: 0.3618  F1_score: 0.7580  MAE: 0.4424  Corr: 0.5925  Loss: 0.4614 
2026-01-15 10:26:12,735 - MMSA [INFO] - TRAIN-(msalm) [2/11/4] >> loss: 0.425  Mult_acc_2: 0.7734  Mult_acc_3: 0.6718  Mult_acc_5: 0.3787  F1_score: 0.7751  MAE: 0.4099  Corr: 0.6449  clm loss: 3.2684 total loss: 5.1829 bn loss: 0.4905 av loss: 0.4615 text loss: 0.5374
2026-01-15 10:26:14,540 - MMSA [INFO] - VAL-(msalm) >>  Mult_acc_2: 0.7785  Mult_acc_3: 0.6491  Mult_acc_5: 0.3947  F1_score: 0.7736  MAE: 0.4237  Corr: 0.6154  Loss: 0.4513 
2026-01-15 10:26:23,821 - MMSA [INFO] - TRAIN-(msalm) [1/12/4] >> loss: 0.4151  Mult_acc_2: 0.7975  Mult_acc_3: 0.6776  Mult_acc_5: 0.4108  F1_score: 0.7993  MAE: 0.3981  Corr: 0.6665  clm loss: 3.2613 total loss: 5.1675 bn loss: 0.475 av loss: 0.4658 text loss: 0.5504
2026-01-15 10:26:25,648 - MMSA [INFO] - VAL-(msalm) >>  Mult_acc_2: 0.7434  Mult_acc_3: 0.6469  Mult_acc_5: 0.3772  F1_score: 0.7513  MAE: 0.4173  Corr: 0.6374  Loss: 0.4406 
2026-01-15 10:26:34,910 - MMSA [INFO] - TRAIN-(msalm) [1/13/4] >> loss: 0.4144  Mult_acc_2: 0.7887  Mult_acc_3: 0.6689  Mult_acc_5: 0.3962  F1_score: 0.7912  MAE: 0.3957  Corr: 0.6727  clm loss: 3.2403 total loss: 5.1143 bn loss: 0.4678 av loss: 0.4653 text loss: 0.5265
2026-01-15 10:26:36,752 - MMSA [INFO] - VAL-(msalm) >>  Mult_acc_2: 0.7917  Mult_acc_3: 0.6754  Mult_acc_5: 0.3904  F1_score: 0.7923  MAE: 0.4084  Corr: 0.6426  Loss: 0.4249 
2026-01-15 10:26:45,968 - MMSA [INFO] - TRAIN-(msalm) [1/14/4] >> loss: 0.399  Mult_acc_2: 0.7909  Mult_acc_3: 0.6901  Mult_acc_5: 0.3999  F1_score: 0.7947  MAE: 0.3777  Corr: 0.7050  clm loss: 3.1631 total loss: 5.0161 bn loss: 0.464 av loss: 0.4592 text loss: 0.5307
2026-01-15 10:26:47,736 - MMSA [INFO] - VAL-(msalm) >>  Mult_acc_2: 0.7873  Mult_acc_3: 0.6689  Mult_acc_5: 0.3969  F1_score: 0.7879  MAE: 0.4066  Corr: 0.6471  Loss: 0.4245 
2026-01-15 10:26:57,017 - MMSA [INFO] - TRAIN-(msalm) [1/15/4] >> loss: 0.392  Mult_acc_2: 0.8107  Mult_acc_3: 0.6901  Mult_acc_5: 0.4145  F1_score: 0.8129  MAE: 0.3758  Corr: 0.7087  clm loss: 3.1641 total loss: 4.9815 bn loss: 0.4506 av loss: 0.4624 text loss: 0.5124
2026-01-15 10:26:58,798 - MMSA [INFO] - VAL-(msalm) >>  Mult_acc_2: 0.7741  Mult_acc_3: 0.6732  Mult_acc_5: 0.4211  F1_score: 0.7772  MAE: 0.3992  Corr: 0.6484  Loss: 0.4350 
2026-01-15 10:27:06,941 - MMSA [INFO] - TRAIN-(msalm) [2/16/4] >> loss: 0.3938  Mult_acc_2: 0.7990  Mult_acc_3: 0.7003  Mult_acc_5: 0.4123  F1_score: 0.8020  MAE: 0.3747  Corr: 0.7093  clm loss: 3.1499 total loss: 4.9246 bn loss: 0.4395 av loss: 0.4593 text loss: 0.4821
2026-01-15 10:27:09,015 - MMSA [INFO] - VAL-(msalm) >>  Mult_acc_2: 0.7412  Mult_acc_3: 0.6623  Mult_acc_5: 0.4189  F1_score: 0.7501  MAE: 0.4029  Corr: 0.6516  Loss: 0.4371 
2026-01-15 10:27:17,144 - MMSA [INFO] - TRAIN-(msalm) [3/17/4] >> loss: 0.3862  Mult_acc_2: 0.8085  Mult_acc_3: 0.6915  Mult_acc_5: 0.4152  F1_score: 0.8108  MAE: 0.3637  Corr: 0.7256  clm loss: 3.1385 total loss: 4.8902 bn loss: 0.4267 av loss: 0.4612 text loss: 0.4776
2026-01-15 10:27:18,909 - MMSA [INFO] - VAL-(msalm) >>  Mult_acc_2: 0.7346  Mult_acc_3: 0.6425  Mult_acc_5: 0.3925  F1_score: 0.7434  MAE: 0.4039  Corr: 0.6515  Loss: 0.4370 
2026-01-15 10:27:27,102 - MMSA [INFO] - TRAIN-(msalm) [4/18/4] >> loss: 0.372  Mult_acc_2: 0.8136  Mult_acc_3: 0.7032  Mult_acc_5: 0.4225  F1_score: 0.8159  MAE: 0.3581  Corr: 0.7327  clm loss: 3.0974 total loss: 4.8479 bn loss: 0.4134 av loss: 0.4614 text loss: 0.5037
2026-01-15 10:27:28,889 - MMSA [INFO] - VAL-(msalm) >>  Mult_acc_2: 0.7961  Mult_acc_3: 0.6798  Mult_acc_5: 0.4189  F1_score: 0.7954  MAE: 0.3937  Corr: 0.6568  Loss: 0.4150 
2026-01-15 10:27:38,114 - MMSA [INFO] - TRAIN-(msalm) [1/19/4] >> loss: 0.3691  Mult_acc_2: 0.8048  Mult_acc_3: 0.7003  Mult_acc_5: 0.4320  F1_score: 0.8076  MAE: 0.3535  Corr: 0.7395  clm loss: 3.081 total loss: 4.811 bn loss: 0.403 av loss: 0.4609 text loss: 0.4971
2026-01-15 10:27:39,861 - MMSA [INFO] - VAL-(msalm) >>  Mult_acc_2: 0.7895  Mult_acc_3: 0.6776  Mult_acc_5: 0.4298  F1_score: 0.7903  MAE: 0.3935  Corr: 0.6568  Loss: 0.4447 
2026-01-15 10:27:47,998 - MMSA [INFO] - TRAIN-(msalm) [2/20/4] >> loss: 0.359  Mult_acc_2: 0.8121  Mult_acc_3: 0.7113  Mult_acc_5: 0.4635  F1_score: 0.8138  MAE: 0.3405  Corr: 0.7513  clm loss: 3.0685 total loss: 4.783 bn loss: 0.4168 av loss: 0.4545 text loss: 0.4843
2026-01-15 10:27:49,841 - MMSA [INFO] - VAL-(msalm) >>  Mult_acc_2: 0.7522  Mult_acc_3: 0.6579  Mult_acc_5: 0.4189  F1_score: 0.7580  MAE: 0.3901  Corr: 0.6602  Loss: 0.4331 
2026-01-15 10:27:57,988 - MMSA [INFO] - TRAIN-(msalm) [3/21/4] >> loss: 0.3516  Mult_acc_2: 0.8143  Mult_acc_3: 0.7251  Mult_acc_5: 0.4635  F1_score: 0.8165  MAE: 0.3369  Corr: 0.7609  clm loss: 3.0055 total loss: 4.6967 bn loss: 0.4125 av loss: 0.4691 text loss: 0.458
2026-01-15 10:27:59,746 - MMSA [INFO] - VAL-(msalm) >>  Mult_acc_2: 0.7368  Mult_acc_3: 0.6316  Mult_acc_5: 0.3947  F1_score: 0.7456  MAE: 0.4003  Corr: 0.6591  Loss: 0.4155 
2026-01-15 10:28:07,869 - MMSA [INFO] - TRAIN-(msalm) [4/22/4] >> loss: 0.341  Mult_acc_2: 0.8224  Mult_acc_3: 0.7193  Mult_acc_5: 0.4649  F1_score: 0.8247  MAE: 0.3248  Corr: 0.7779  clm loss: 3.0361 total loss: 4.6648 bn loss: 0.3826 av loss: 0.4624 text loss: 0.4427
2026-01-15 10:28:09,693 - MMSA [INFO] - VAL-(msalm) >>  Mult_acc_2: 0.7193  Mult_acc_3: 0.6425  Mult_acc_5: 0.4057  F1_score: 0.7297  MAE: 0.4019  Corr: 0.6621  Loss: 0.4263 
2026-01-15 10:28:17,864 - MMSA [INFO] - TRAIN-(msalm) [5/23/4] >> loss: 0.3319  Mult_acc_2: 0.8085  Mult_acc_3: 0.7251  Mult_acc_5: 0.4934  F1_score: 0.8122  MAE: 0.3122  Corr: 0.7886  clm loss: 2.999 total loss: 4.5814 bn loss: 0.3654 av loss: 0.4523 text loss: 0.4328
2026-01-15 10:28:19,653 - MMSA [INFO] - VAL-(msalm) >>  Mult_acc_2: 0.7456  Mult_acc_3: 0.6491  Mult_acc_5: 0.4013  F1_score: 0.7543  MAE: 0.4022  Corr: 0.6587  Loss: 0.4251 
2026-01-15 10:28:27,773 - MMSA [INFO] - TRAIN-(msalm) [6/24/4] >> loss: 0.3281  Mult_acc_2: 0.8238  Mult_acc_3: 0.7383  Mult_acc_5: 0.4868  F1_score: 0.8270  MAE: 0.3130  Corr: 0.7959  clm loss: 2.9599 total loss: 4.5381 bn loss: 0.3595 av loss: 0.4554 text loss: 0.4353
2026-01-15 10:28:29,741 - MMSA [INFO] - VAL-(msalm) >>  Mult_acc_2: 0.7390  Mult_acc_3: 0.6491  Mult_acc_5: 0.3904  F1_score: 0.7489  MAE: 0.3992  Corr: 0.6644  Loss: 0.4097 
2026-01-15 10:28:38,987 - MMSA [INFO] - TRAIN-(msalm) [1/25/4] >> loss: 0.3198  Mult_acc_2: 0.8370  Mult_acc_3: 0.7346  Mult_acc_5: 0.4846  F1_score: 0.8400  MAE: 0.3088  Corr: 0.7986  clm loss: 2.9279 total loss: 4.4988 bn loss: 0.3606 av loss: 0.4576 text loss: 0.4328
2026-01-15 10:28:40,793 - MMSA [INFO] - VAL-(msalm) >>  Mult_acc_2: 0.7303  Mult_acc_3: 0.6491  Mult_acc_5: 0.4013  F1_score: 0.7409  MAE: 0.4067  Corr: 0.6672  Loss: 0.4331 
2026-01-15 10:28:48,944 - MMSA [INFO] - TRAIN-(msalm) [2/26/4] >> loss: 0.2993  Mult_acc_2: 0.8421  Mult_acc_3: 0.7558  Mult_acc_5: 0.5219  F1_score: 0.8454  MAE: 0.2868  Corr: 0.8271  clm loss: 2.9376 total loss: 4.4558 bn loss: 0.3385 av loss: 0.4521 text loss: 0.4283
2026-01-15 10:28:50,747 - MMSA [INFO] - VAL-(msalm) >>  Mult_acc_2: 0.7522  Mult_acc_3: 0.6535  Mult_acc_5: 0.4101  F1_score: 0.7612  MAE: 0.3920  Corr: 0.6677  Loss: 0.4099 
2026-01-15 10:28:58,911 - MMSA [INFO] - TRAIN-(msalm) [3/27/4] >> loss: 0.2964  Mult_acc_2: 0.8443  Mult_acc_3: 0.7544  Mult_acc_5: 0.5329  F1_score: 0.8478  MAE: 0.2754  Corr: 0.8332  clm loss: 2.8888 total loss: 4.3694 bn loss: 0.3202 av loss: 0.4544 text loss: 0.4094
2026-01-15 10:29:00,650 - MMSA [INFO] - VAL-(msalm) >>  Mult_acc_2: 0.7478  Mult_acc_3: 0.6776  Mult_acc_5: 0.4145  F1_score: 0.7568  MAE: 0.3986  Corr: 0.6640  Loss: 0.4085 
2026-01-15 10:29:09,908 - MMSA [INFO] - TRAIN-(msalm) [1/28/4] >> loss: 0.3095  Mult_acc_2: 0.8370  Mult_acc_3: 0.7507  Mult_acc_5: 0.5007  F1_score: 0.8400  MAE: 0.2995  Corr: 0.8196  clm loss: 2.8585 total loss: 4.3482 bn loss: 0.3249 av loss: 0.4517 text loss: 0.4037
2026-01-15 10:29:11,681 - MMSA [INFO] - VAL-(msalm) >>  Mult_acc_2: 0.7873  Mult_acc_3: 0.6952  Mult_acc_5: 0.4605  F1_score: 0.7930  MAE: 0.3854  Corr: 0.6674  Loss: 0.4164 
2026-01-15 10:29:19,851 - MMSA [INFO] - TRAIN-(msalm) [2/29/4] >> loss: 0.2919  Mult_acc_2: 0.8414  Mult_acc_3: 0.7588  Mult_acc_5: 0.5336  F1_score: 0.8454  MAE: 0.2770  Corr: 0.8372  clm loss: 2.8694 total loss: 4.3048 bn loss: 0.3154 av loss: 0.4486 text loss: 0.3794
2026-01-15 10:29:21,632 - MMSA [INFO] - VAL-(msalm) >>  Mult_acc_2: 0.7675  Mult_acc_3: 0.6776  Mult_acc_5: 0.4320  F1_score: 0.7758  MAE: 0.3866  Corr: 0.6668  Loss: 0.4084 
2026-01-15 10:29:30,979 - MMSA [INFO] - TRAIN-(msalm) [1/30/4] >> loss: 0.2811  Mult_acc_2: 0.8465  Mult_acc_3: 0.7712  Mult_acc_5: 0.5519  F1_score: 0.8500  MAE: 0.2630  Corr: 0.8544  clm loss: 2.8395 total loss: 4.2642 bn loss: 0.3073 av loss: 0.4454 text loss: 0.3909
2026-01-15 10:29:32,805 - MMSA [INFO] - VAL-(msalm) >>  Mult_acc_2: 0.7873  Mult_acc_3: 0.6711  Mult_acc_5: 0.4079  F1_score: 0.7930  MAE: 0.3886  Corr: 0.6673  Loss: 0.4021 
2026-01-15 10:29:42,086 - MMSA [INFO] - TRAIN-(msalm) [1/31/4] >> loss: 0.2751  Mult_acc_2: 0.8516  Mult_acc_3: 0.7880  Mult_acc_5: 0.5760  F1_score: 0.8545  MAE: 0.2622  Corr: 0.8529  clm loss: 2.804 total loss: 4.2232 bn loss: 0.3053 av loss: 0.4494 text loss: 0.3894
2026-01-15 10:29:43,890 - MMSA [INFO] - VAL-(msalm) >>  Mult_acc_2: 0.7675  Mult_acc_3: 0.6645  Mult_acc_5: 0.4211  F1_score: 0.7753  MAE: 0.3954  Corr: 0.6581  Loss: 0.4016 
2026-01-15 10:29:53,283 - MMSA [INFO] - TRAIN-(msalm) [1/32/4] >> loss: 0.2753  Mult_acc_2: 0.8450  Mult_acc_3: 0.7705  Mult_acc_5: 0.5446  F1_score: 0.8487  MAE: 0.2606  Corr: 0.8542  clm loss: 2.7652 total loss: 4.1692 bn loss: 0.2966 av loss: 0.4532 text loss: 0.3789
2026-01-15 10:29:55,077 - MMSA [INFO] - VAL-(msalm) >>  Mult_acc_2: 0.7544  Mult_acc_3: 0.6667  Mult_acc_5: 0.4298  F1_score: 0.7631  MAE: 0.3903  Corr: 0.6611  Loss: 0.3965 
2026-01-15 10:30:04,404 - MMSA [INFO] - TRAIN-(msalm) [1/33/4] >> loss: 0.2601  Mult_acc_2: 0.8567  Mult_acc_3: 0.7756  Mult_acc_5: 0.5789  F1_score: 0.8601  MAE: 0.2445  Corr: 0.8694  clm loss: 2.7325 total loss: 4.1032 bn loss: 0.2837 av loss: 0.4483 text loss: 0.3786
2026-01-15 10:30:06,197 - MMSA [INFO] - VAL-(msalm) >>  Mult_acc_2: 0.7412  Mult_acc_3: 0.6667  Mult_acc_5: 0.4342  F1_score: 0.7508  MAE: 0.3955  Corr: 0.6621  Loss: 0.4038 
2026-01-15 10:30:14,340 - MMSA [INFO] - TRAIN-(msalm) [2/34/4] >> loss: 0.2621  Mult_acc_2: 0.8472  Mult_acc_3: 0.7814  Mult_acc_5: 0.5877  F1_score: 0.8511  MAE: 0.2457  Corr: 0.8690  clm loss: 2.7312 total loss: 4.0957 bn loss: 0.273 av loss: 0.4437 text loss: 0.3857
2026-01-15 10:30:16,115 - MMSA [INFO] - VAL-(msalm) >>  Mult_acc_2: 0.7325  Mult_acc_3: 0.6360  Mult_acc_5: 0.3838  F1_score: 0.7430  MAE: 0.4136  Corr: 0.6564  Loss: 0.4238 
2026-01-15 10:30:24,226 - MMSA [INFO] - TRAIN-(msalm) [3/35/4] >> loss: 0.2464  Mult_acc_2: 0.8450  Mult_acc_3: 0.7829  Mult_acc_5: 0.5958  F1_score: 0.8492  MAE: 0.2317  Corr: 0.8821  clm loss: 2.664 total loss: 4.0213 bn loss: 0.2847 av loss: 0.45 text loss: 0.3762
2026-01-15 10:30:25,982 - MMSA [INFO] - VAL-(msalm) >>  Mult_acc_2: 0.7675  Mult_acc_3: 0.6645  Mult_acc_5: 0.3947  F1_score: 0.7751  MAE: 0.4002  Corr: 0.6603  Loss: 0.4024 
2026-01-15 10:30:34,121 - MMSA [INFO] - TRAIN-(msalm) [4/36/4] >> loss: 0.2475  Mult_acc_2: 0.8728  Mult_acc_3: 0.7895  Mult_acc_5: 0.5899  F1_score: 0.8754  MAE: 0.2353  Corr: 0.8845  clm loss: 2.6552 total loss: 4.0035 bn loss: 0.2678 av loss: 0.457 text loss: 0.3759
2026-01-15 10:30:35,912 - MMSA [INFO] - VAL-(msalm) >>  Mult_acc_2: 0.7544  Mult_acc_3: 0.6601  Mult_acc_5: 0.4298  F1_score: 0.7620  MAE: 0.3969  Corr: 0.6576  Loss: 0.4142 
2026-01-15 10:30:44,061 - MMSA [INFO] - TRAIN-(msalm) [5/37/4] >> loss: 0.2396  Mult_acc_2: 0.8553  Mult_acc_3: 0.7792  Mult_acc_5: 0.6192  F1_score: 0.8588  MAE: 0.2233  Corr: 0.8888  clm loss: 2.6737 total loss: 3.9806 bn loss: 0.2513 av loss: 0.4513 text loss: 0.3646
2026-01-15 10:30:45,880 - MMSA [INFO] - VAL-(msalm) >>  Mult_acc_2: 0.7500  Mult_acc_3: 0.6711  Mult_acc_5: 0.4276  F1_score: 0.7578  MAE: 0.3994  Corr: 0.6570  Loss: 0.4115 
2026-01-15 10:30:54,065 - MMSA [INFO] - TRAIN-(msalm) [6/38/4] >> loss: 0.2169  Mult_acc_2: 0.8706  Mult_acc_3: 0.8136  Mult_acc_5: 0.6418  F1_score: 0.8740  MAE: 0.2022  Corr: 0.9082  clm loss: 2.617 total loss: 3.8514 bn loss: 0.2394 av loss: 0.4474 text loss: 0.3307
2026-01-15 10:30:55,918 - MMSA [INFO] - VAL-(msalm) >>  Mult_acc_2: 0.7610  Mult_acc_3: 0.6645  Mult_acc_5: 0.4145  F1_score: 0.7683  MAE: 0.3979  Corr: 0.6572  Loss: 0.4035 
2026-01-15 10:31:04,047 - MMSA [INFO] - TRAIN-(msalm) [7/39/4] >> loss: 0.2249  Mult_acc_2: 0.8706  Mult_acc_3: 0.8092  Mult_acc_5: 0.6455  F1_score: 0.8736  MAE: 0.2100  Corr: 0.8961  clm loss: 2.5997 total loss: 3.8412 bn loss: 0.237 av loss: 0.4543 text loss: 0.3253
2026-01-15 10:31:05,853 - MMSA [INFO] - VAL-(msalm) >>  Mult_acc_2: 0.7566  Mult_acc_3: 0.6732  Mult_acc_5: 0.4276  F1_score: 0.7644  MAE: 0.3988  Corr: 0.6572  Loss: 0.4012 
2026-01-15 10:31:14,123 - MMSA [INFO] - TRAIN-(msalm) [8/40/4] >> loss: 0.2256  Mult_acc_2: 0.8575  Mult_acc_3: 0.7939  Mult_acc_5: 0.6206  F1_score: 0.8610  MAE: 0.2104  Corr: 0.9036  clm loss: 2.5619 total loss: 3.8039 bn loss: 0.2419 av loss: 0.4414 text loss: 0.3329
2026-01-15 10:31:15,875 - MMSA [INFO] - VAL-(msalm) >>  Mult_acc_2: 0.7390  Mult_acc_3: 0.6667  Mult_acc_5: 0.3991  F1_score: 0.7489  MAE: 0.4149  Corr: 0.6526  Loss: 0.4120 
2026-01-15 10:31:24,038 - MMSA [INFO] - TRAIN-(msalm) [9/41/4] >> loss: 0.2209  Mult_acc_2: 0.8750  Mult_acc_3: 0.8004  Mult_acc_5: 0.6308  F1_score: 0.8782  MAE: 0.2058  Corr: 0.9055  clm loss: 2.5482 total loss: 3.7902 bn loss: 0.2351 av loss: 0.4506 text loss: 0.3353
2026-01-15 10:31:25,872 - MMSA [INFO] - VAL-(msalm) >>  Mult_acc_2: 0.7412  Mult_acc_3: 0.6623  Mult_acc_5: 0.4101  F1_score: 0.7511  MAE: 0.4113  Corr: 0.6580  Loss: 0.4224 
2026-01-15 10:31:34,004 - MMSA [INFO] - TRAIN-(msalm) [10/42/4] >> loss: 0.2102  Mult_acc_2: 0.8662  Mult_acc_3: 0.8209  Mult_acc_5: 0.6579  F1_score: 0.8695  MAE: 0.1962  Corr: 0.9157  clm loss: 2.5079 total loss: 3.6892 bn loss: 0.2187 av loss: 0.4417 text loss: 0.3107
2026-01-15 10:31:35,824 - MMSA [INFO] - VAL-(msalm) >>  Mult_acc_2: 0.7632  Mult_acc_3: 0.6776  Mult_acc_5: 0.4013  F1_score: 0.7705  MAE: 0.4010  Corr: 0.6548  Loss: 0.4011 
2026-01-15 10:31:38,039 - MMSA [INFO] - TEST-(msalm) >>  Mult_acc_2: 0.8184  Mult_acc_3: 0.7024  Mult_acc_5: 0.4639  F1_score: 0.8235  MAE: 0.3618  Corr: 0.7202  Loss: 0.3656 
2026-01-15 10:31:39,344 - MMSA [INFO] - Result for seed 1993: {'Mult_acc_2': 0.8184, 'Mult_acc_3': 0.7024, 'Mult_acc_5': 0.4639, 'F1_score': 0.8235, 'MAE': 0.3618, 'Corr': 0.7202, 'Loss': 0.3656, 'seed': 1993}
2026-01-15 10:31:39,345 - MMSA [INFO] - ------------------------------ Running with seed 1994 [5/5] ------------------------------
2026-01-15 10:32:54,075 - MMSA [INFO] - The model has 179712364 trainable parameters
2026-01-15 10:33:02,336 - MMSA [INFO] - TRAIN-(msalm) [1/1/5] >> loss: 0.7346  Mult_acc_2: 0.3999  Mult_acc_3: 0.3165  Mult_acc_5: 0.1499  F1_score: 0.3793  MAE: 0.7330  Corr: 0.0292  clm loss: 7.5876 total loss: 10.9191 bn loss: 0.8816 av loss: 0.6958 text loss: 1.0196
2026-01-15 10:33:04,460 - MMSA [INFO] - VAL-(msalm) >>  Mult_acc_2: 0.3509  Mult_acc_3: 0.3158  Mult_acc_5: 0.1952  F1_score: 0.2597  MAE: 0.8019  Corr: 0.0602  Loss: 0.8111 
2026-01-15 10:33:13,722 - MMSA [INFO] - TRAIN-(msalm) [1/2/5] >> loss: 0.6963  Mult_acc_2: 0.4225  Mult_acc_3: 0.3348  Mult_acc_5: 0.1784  F1_score: 0.4087  MAE: 0.6958  Corr: 0.1171  clm loss: 6.3916 total loss: 9.2919 bn loss: 0.7397 av loss: 0.6453 text loss: 0.8189
2026-01-15 10:33:15,470 - MMSA [INFO] - VAL-(msalm) >>  Mult_acc_2: 0.3969  Mult_acc_3: 0.3377  Mult_acc_5: 0.1842  F1_score: 0.3404  MAE: 0.7028  Corr: 0.2597  Loss: 0.7009 
2026-01-15 10:33:24,780 - MMSA [INFO] - TRAIN-(msalm) [1/3/5] >> loss: 0.6453  Mult_acc_2: 0.5132  Mult_acc_3: 0.4035  Mult_acc_5: 0.1901  F1_score: 0.5142  MAE: 0.6433  Corr: 0.2869  clm loss: 5.2421 total loss: 7.8004 bn loss: 0.6193 av loss: 0.6144 text loss: 0.6794
2026-01-15 10:33:26,520 - MMSA [INFO] - VAL-(msalm) >>  Mult_acc_2: 0.4298  Mult_acc_3: 0.3575  Mult_acc_5: 0.1864  F1_score: 0.3883  MAE: 0.6781  Corr: 0.4112  Loss: 0.6852 
2026-01-15 10:33:35,860 - MMSA [INFO] - TRAIN-(msalm) [1/4/5] >> loss: 0.5834  Mult_acc_2: 0.5731  Mult_acc_3: 0.4846  Mult_acc_5: 0.2551  F1_score: 0.5823  MAE: 0.5761  Corr: 0.4520  clm loss: 4.4944 total loss: 6.8616 bn loss: 0.5582 av loss: 0.5913 text loss: 0.6343
2026-01-15 10:33:37,582 - MMSA [INFO] - VAL-(msalm) >>  Mult_acc_2: 0.5329  Mult_acc_3: 0.4627  Mult_acc_5: 0.2500  F1_score: 0.5341  MAE: 0.6054  Corr: 0.4796  Loss: 0.6477 
2026-01-15 10:33:46,896 - MMSA [INFO] - TRAIN-(msalm) [1/5/5] >> loss: 0.5616  Mult_acc_2: 0.6440  Mult_acc_3: 0.5453  Mult_acc_5: 0.3004  F1_score: 0.6571  MAE: 0.5336  Corr: 0.5331  clm loss: 3.9733 total loss: 6.223 bn loss: 0.5332 av loss: 0.5749 text loss: 0.58
2026-01-15 10:33:48,652 - MMSA [INFO] - VAL-(msalm) >>  Mult_acc_2: 0.5351  Mult_acc_3: 0.4781  Mult_acc_5: 0.2785  F1_score: 0.5335  MAE: 0.5977  Corr: 0.5185  Loss: 0.6472 
2026-01-15 10:33:57,983 - MMSA [INFO] - TRAIN-(msalm) [1/6/5] >> loss: 0.5404  Mult_acc_2: 0.6462  Mult_acc_3: 0.5431  Mult_acc_5: 0.2807  F1_score: 0.6589  MAE: 0.5197  Corr: 0.5468  clm loss: 3.7879 total loss: 5.9831 bn loss: 0.5224 av loss: 0.5663 text loss: 0.5661
2026-01-15 10:33:59,762 - MMSA [INFO] - VAL-(msalm) >>  Mult_acc_2: 0.4803  Mult_acc_3: 0.4254  Mult_acc_5: 0.2303  F1_score: 0.4535  MAE: 0.6744  Corr: 0.5151  Loss: 0.7338 
2026-01-15 10:34:08,011 - MMSA [INFO] - TRAIN-(msalm) [2/7/5] >> loss: 0.5203  Mult_acc_2: 0.6637  Mult_acc_3: 0.5709  Mult_acc_5: 0.3056  F1_score: 0.6766  MAE: 0.5008  Corr: 0.5588  clm loss: 3.6302 total loss: 5.7644 bn loss: 0.501 av loss: 0.5487 text loss: 0.5643
2026-01-15 10:34:09,774 - MMSA [INFO] - VAL-(msalm) >>  Mult_acc_2: 0.6096  Mult_acc_3: 0.5461  Mult_acc_5: 0.3070  F1_score: 0.6232  MAE: 0.5402  Corr: 0.5325  Loss: 0.5931 
2026-01-15 10:34:19,127 - MMSA [INFO] - TRAIN-(msalm) [1/8/5] >> loss: 0.5024  Mult_acc_2: 0.7018  Mult_acc_3: 0.6089  Mult_acc_5: 0.3260  F1_score: 0.7134  MAE: 0.4747  Corr: 0.6041  clm loss: 3.45 total loss: 5.5439 bn loss: 0.5035 av loss: 0.54 text loss: 0.5482
2026-01-15 10:34:21,033 - MMSA [INFO] - VAL-(msalm) >>  Mult_acc_2: 0.7149  Mult_acc_3: 0.6140  Mult_acc_5: 0.3421  F1_score: 0.7220  MAE: 0.4670  Corr: 0.5554  Loss: 0.5129 
2026-01-15 10:34:30,677 - MMSA [INFO] - TRAIN-(msalm) [1/9/5] >> loss: 0.4929  Mult_acc_2: 0.7076  Mult_acc_3: 0.6126  Mult_acc_5: 0.3333  F1_score: 0.7190  MAE: 0.4747  Corr: 0.5894  clm loss: 3.3259 total loss: 5.3824 bn loss: 0.493 av loss: 0.5235 text loss: 0.5472
2026-01-15 10:34:32,422 - MMSA [INFO] - VAL-(msalm) >>  Mult_acc_2: 0.6754  Mult_acc_3: 0.6009  Mult_acc_5: 0.3531  F1_score: 0.6873  MAE: 0.4708  Corr: 0.5593  Loss: 0.5011 
2026-01-15 10:34:41,719 - MMSA [INFO] - TRAIN-(msalm) [1/10/5] >> loss: 0.4756  Mult_acc_2: 0.7178  Mult_acc_3: 0.6023  Mult_acc_5: 0.3333  F1_score: 0.7288  MAE: 0.4601  Corr: 0.6082  clm loss: 3.3146 total loss: 5.3175 bn loss: 0.4872 av loss: 0.5091 text loss: 0.531
2026-01-15 10:34:43,490 - MMSA [INFO] - VAL-(msalm) >>  Mult_acc_2: 0.6798  Mult_acc_3: 0.6009  Mult_acc_5: 0.3728  F1_score: 0.6925  MAE: 0.4795  Corr: 0.5834  Loss: 0.5365 
2026-01-15 10:34:51,609 - MMSA [INFO] - TRAIN-(msalm) [2/11/5] >> loss: 0.447  Mult_acc_2: 0.7317  Mult_acc_3: 0.6301  Mult_acc_5: 0.3501  F1_score: 0.7419  MAE: 0.4283  Corr: 0.6568  clm loss: 3.2597 total loss: 5.1845 bn loss: 0.4838 av loss: 0.4914 text loss: 0.5027
2026-01-15 10:34:53,375 - MMSA [INFO] - VAL-(msalm) >>  Mult_acc_2: 0.6118  Mult_acc_3: 0.5351  Mult_acc_5: 0.3048  F1_score: 0.6224  MAE: 0.5214  Corr: 0.5931  Loss: 0.5532 
2026-01-15 10:35:01,496 - MMSA [INFO] - TRAIN-(msalm) [3/12/5] >> loss: 0.4459  Mult_acc_2: 0.7339  Mult_acc_3: 0.6360  Mult_acc_5: 0.3589  F1_score: 0.7437  MAE: 0.4273  Corr: 0.6432  clm loss: 3.2323 total loss: 5.1723 bn loss: 0.4813 av loss: 0.4833 text loss: 0.5295
2026-01-15 10:35:03,274 - MMSA [INFO] - VAL-(msalm) >>  Mult_acc_2: 0.6667  Mult_acc_3: 0.5987  Mult_acc_5: 0.3596  F1_score: 0.6798  MAE: 0.4592  Corr: 0.6120  Loss: 0.4837 
2026-01-15 10:35:12,512 - MMSA [INFO] - TRAIN-(msalm) [1/13/5] >> loss: 0.4276  Mult_acc_2: 0.7595  Mult_acc_3: 0.6630  Mult_acc_5: 0.3816  F1_score: 0.7675  MAE: 0.4155  Corr: 0.6603  clm loss: 3.1904 total loss: 5.0913 bn loss: 0.4701 av loss: 0.481 text loss: 0.5222
2026-01-15 10:35:14,309 - MMSA [INFO] - VAL-(msalm) >>  Mult_acc_2: 0.7281  Mult_acc_3: 0.6469  Mult_acc_5: 0.3969  F1_score: 0.7346  MAE: 0.4190  Corr: 0.6268  Loss: 0.4293 
2026-01-15 10:35:23,567 - MMSA [INFO] - TRAIN-(msalm) [1/14/5] >> loss: 0.4264  Mult_acc_2: 0.7690  Mult_acc_3: 0.6740  Mult_acc_5: 0.3677  F1_score: 0.7763  MAE: 0.4148  Corr: 0.6630  clm loss: 3.2009 total loss: 5.0579 bn loss: 0.4528 av loss: 0.472 text loss: 0.5058
2026-01-15 10:35:25,316 - MMSA [INFO] - VAL-(msalm) >>  Mult_acc_2: 0.6886  Mult_acc_3: 0.6096  Mult_acc_5: 0.3399  F1_score: 0.7009  MAE: 0.4474  Corr: 0.6308  Loss: 0.4651 
2026-01-15 10:35:33,457 - MMSA [INFO] - TRAIN-(msalm) [2/15/5] >> loss: 0.4123  Mult_acc_2: 0.7829  Mult_acc_3: 0.6784  Mult_acc_5: 0.4006  F1_score: 0.7881  MAE: 0.3927  Corr: 0.6844  clm loss: 3.1541 total loss: 4.9922 bn loss: 0.4507 av loss: 0.4688 text loss: 0.5063
2026-01-15 10:35:35,225 - MMSA [INFO] - VAL-(msalm) >>  Mult_acc_2: 0.7171  Mult_acc_3: 0.6140  Mult_acc_5: 0.3553  F1_score: 0.7270  MAE: 0.4431  Corr: 0.6171  Loss: 0.4577 
2026-01-15 10:35:43,482 - MMSA [INFO] - TRAIN-(msalm) [3/16/5] >> loss: 0.4097  Mult_acc_2: 0.7756  Mult_acc_3: 0.6455  Mult_acc_5: 0.3852  F1_score: 0.7811  MAE: 0.3937  Corr: 0.6859  clm loss: 3.1346 total loss: 4.932 bn loss: 0.435 av loss: 0.4745 text loss: 0.4783
2026-01-15 10:35:45,263 - MMSA [INFO] - VAL-(msalm) >>  Mult_acc_2: 0.7390  Mult_acc_3: 0.6316  Mult_acc_5: 0.3794  F1_score: 0.7441  MAE: 0.4212  Corr: 0.6311  Loss: 0.4293 
2026-01-15 10:35:53,369 - MMSA [INFO] - TRAIN-(msalm) [4/17/5] >> loss: 0.3954  Mult_acc_2: 0.7778  Mult_acc_3: 0.7003  Mult_acc_5: 0.4094  F1_score: 0.7831  MAE: 0.3822  Corr: 0.7011  clm loss: 3.099 total loss: 4.864 bn loss: 0.4272 av loss: 0.4669 text loss: 0.4754
2026-01-15 10:35:55,081 - MMSA [INFO] - VAL-(msalm) >>  Mult_acc_2: 0.7741  Mult_acc_3: 0.6601  Mult_acc_5: 0.4123  F1_score: 0.7739  MAE: 0.4121  Corr: 0.6405  Loss: 0.4572 
2026-01-15 10:36:03,104 - MMSA [INFO] - TRAIN-(msalm) [5/18/5] >> loss: 0.3809  Mult_acc_2: 0.7939  Mult_acc_3: 0.6974  Mult_acc_5: 0.4393  F1_score: 0.7992  MAE: 0.3544  Corr: 0.7380  clm loss: 3.0627 total loss: 4.8023 bn loss: 0.4188 av loss: 0.4622 text loss: 0.4778
2026-01-15 10:36:04,855 - MMSA [INFO] - VAL-(msalm) >>  Mult_acc_2: 0.7917  Mult_acc_3: 0.6535  Mult_acc_5: 0.4035  F1_score: 0.7896  MAE: 0.4152  Corr: 0.6350  Loss: 0.4632 
2026-01-15 10:36:12,828 - MMSA [INFO] - TRAIN-(msalm) [6/19/5] >> loss: 0.3844  Mult_acc_2: 0.8026  Mult_acc_3: 0.6915  Mult_acc_5: 0.4130  F1_score: 0.8066  MAE: 0.3699  Corr: 0.7205  clm loss: 3.0809 total loss: 4.8306 bn loss: 0.4088 av loss: 0.4691 text loss: 0.4874
2026-01-15 10:36:14,568 - MMSA [INFO] - VAL-(msalm) >>  Mult_acc_2: 0.7851  Mult_acc_3: 0.6228  Mult_acc_5: 0.3596  F1_score: 0.7782  MAE: 0.4296  Corr: 0.6254  Loss: 0.4701 
2026-01-15 10:36:22,605 - MMSA [INFO] - TRAIN-(msalm) [7/20/5] >> loss: 0.3649  Mult_acc_2: 0.8180  Mult_acc_3: 0.6996  Mult_acc_5: 0.4211  F1_score: 0.8204  MAE: 0.3473  Corr: 0.7556  clm loss: 3.0307 total loss: 4.6983 bn loss: 0.3923 av loss: 0.4621 text loss: 0.4483
2026-01-15 10:36:24,369 - MMSA [INFO] - VAL-(msalm) >>  Mult_acc_2: 0.7873  Mult_acc_3: 0.6513  Mult_acc_5: 0.4123  F1_score: 0.7866  MAE: 0.4100  Corr: 0.6431  Loss: 0.4393 
2026-01-15 10:36:32,398 - MMSA [INFO] - TRAIN-(msalm) [8/21/5] >> loss: 0.3512  Mult_acc_2: 0.8253  Mult_acc_3: 0.7310  Mult_acc_5: 0.4730  F1_score: 0.8284  MAE: 0.3277  Corr: 0.7779  clm loss: 3.0127 total loss: 4.6546 bn loss: 0.3781 av loss: 0.4656 text loss: 0.447
2026-01-15 10:36:34,141 - MMSA [INFO] - VAL-(msalm) >>  Mult_acc_2: 0.8070  Mult_acc_3: 0.6535  Mult_acc_5: 0.4013  F1_score: 0.8035  MAE: 0.4156  Corr: 0.6412  Loss: 0.4486 
2026-01-15 10:36:42,214 - MMSA [INFO] - TRAIN-(msalm) [9/22/5] >> loss: 0.3526  Mult_acc_2: 0.8034  Mult_acc_3: 0.7215  Mult_acc_5: 0.4605  F1_score: 0.8071  MAE: 0.3357  Corr: 0.7678  clm loss: 2.9898 total loss: 4.6308 bn loss: 0.3763 av loss: 0.4628 text loss: 0.4493
2026-01-15 10:36:43,911 - MMSA [INFO] - VAL-(msalm) >>  Mult_acc_2: 0.7961  Mult_acc_3: 0.6579  Mult_acc_5: 0.3969  F1_score: 0.7963  MAE: 0.4123  Corr: 0.6383  Loss: 0.4308 
2026-01-15 10:36:51,989 - MMSA [INFO] - TRAIN-(msalm) [10/23/5] >> loss: 0.3473  Mult_acc_2: 0.8173  Mult_acc_3: 0.7222  Mult_acc_5: 0.4591  F1_score: 0.8208  MAE: 0.3289  Corr: 0.7752  clm loss: 2.9499 total loss: 4.5658 bn loss: 0.3606 av loss: 0.4643 text loss: 0.4437
2026-01-15 10:36:53,713 - MMSA [INFO] - VAL-(msalm) >>  Mult_acc_2: 0.7939  Mult_acc_3: 0.6513  Mult_acc_5: 0.4035  F1_score: 0.7951  MAE: 0.4102  Corr: 0.6400  Loss: 0.4332 
2026-01-15 10:36:56,213 - MMSA [INFO] - TEST-(msalm) >>  Mult_acc_2: 0.8206  Mult_acc_3: 0.6608  Mult_acc_5: 0.3829  F1_score: 0.8246  MAE: 0.3988  Corr: 0.6751  Loss: 0.4200 
2026-01-15 10:36:57,502 - MMSA [INFO] - Result for seed 1994: {'Mult_acc_2': 0.8206, 'Mult_acc_3': 0.6608, 'Mult_acc_5': 0.3829, 'F1_score': 0.8246, 'MAE': 0.3988, 'Corr': 0.6751, 'Loss': 0.42, 'seed': 1994}
2026-01-15 10:36:57,523 - MMSA [INFO] - Results saved to MMSA/results/sims/lrs_0002/mmrouter/k_2/nf_16-exp-ffws-true-gca/lr_0002__k_2__nf_16-exp-ffws-true-gca/normal/sims_avg.csv.
