2026-01-16 10:05:52,248 - MMSA [INFO] - ======================================== Program Start ========================================
2026-01-16 10:05:52,320 - MMSA [INFO] - Running with args:
2026-01-16 10:05:52,320 - MMSA [INFO] - {'model_name': 'msalm', 'dataset_name': 'sims', 'featurePath': '/leonardo_work/EUHPC_A04_051/alexfil/MSA-Datasets/CH-SIMS/unaligned_39.pkl', 'seq_lens': [39, 400, 55], 'feature_dims': [768, 33, 709], 'train_samples': 1368, 'num_classes': 3, 'language': 'cn', 'KeyEval': 'Loss', 'missing_rate': [0.0, 0.0, 0.0], 'missing_seed': [1111, 1111, 1111], 'need_data_aligned': False, 'need_model_aligned': False, 'early_stop': 10, 'use_bert': False, 'use_bert_finetune': False, 'attn_mask': True, 'excludeZero': True, 'update_epochs': 8, 'use_augmentation': False, 'use_m3xup': False, 'hfPath': False, 'use_ulgm': False, 'update_labels_patience': 1, 'H': 3.0, 'del_model': True, 'max_token_len': 39, 'pad_token': '<|endoftext|>', 'lm': '/leonardo_work/EUHPC_A04_051/alexfil/gpt2-chinese-cluecorpussmall', 'use_bf16': False, 'task_out': 1, 'use_clm': True, 'gamma': 1.0, 'l_bn': 1.0, 'l_av': 1.0, 'l_t': 1.0, 'warmup_epochs': 1, 'max_epochs': 100, 'beta_1': 0.9, 'beta_2': 0.95, 'use_lnorm': True, 'rescale': False, 'rescaler': 'sqrt', 'use_seqaug': True, 'n_bn_fusion': 16, 'modded_loss': True, 'embedding_attr_name': 'transformer.wte', 'decoder_layers_attr_name': 'transformer.h', 'mmgpt': {'type': 'gpt2', 'd_out': 64, 'combine': True, 'dropout': 0.1, 'mm_layer': [5, 6, 7, 8, 9, 10, 11], 'top_k': 2, 'layer_dropout': 0.0, 'dense': True, 'tie_ffn': True, 'n_embd': 768, 'bias': True, 'kv_dim': 30, 'n_head': 16, 'd_mm': 768, 'gating': 'sigmoid', 'init_gate': [0.0, 0.0, 0.0, 0.0, 0.0, 0.0, 0.0, 0.0, 0.0, 0.0], 'use_softperm': True, 'p_perm': 0.3, 'p_apply': 0.25, 'use_lora': False, 'lora': {'lora_alpha': 128, 'r': 64, 'lora_dropout': 0.05}}, 'av_enc': {'finetune': True, 'from_pretrained': True, 'path_to_pretrained': '/leonardo_work/EUHPC_A04_051/alexfil/DeepMLF-Reprod/checkpoints/bienc-sims-1990/bienc-sims-1990.pth', 'feature_dims': [768, 33, 709], 'd_enc': 30, 'n_embd': 30, 'n_head': 6, 'nlevels': 3, 'd_enc_out': 30, 'maxlen': 55, 'p_mask': 0.15, 'enc_attn_dropout': 0.1, 'enc_res_dropout': 0.1, 'enc_dropout': 0.1, 'use_softperm': True, 'p_perm': 0.2, 'mask_perm_ratio': 0.5, 'tf_fusion': False, 'use_bn': True, 'use_ln': False}, 'gpt': {'vocab_size': 50257, 'block_size': 1024, 'bias': True, 'n_embd': 1024, 'n_layer': 24, 'n_head': 16, 'dropout': 0.0}, 'batch_size': 32, 'grad_clip': 5.0, 'patience': 10, 'weight_decay_mmgpt': 0.1, 'weight_decay_av': 0.1, 'learning_rate_av': 0.0002, 'learning_rate_mmgpt': 0.0002, 'device': device(type='cuda', index=0), 'train_mode': 'regression', 'custom_feature': None, 'feature_T': '', 'feature_A': '', 'feature_V': ''}
2026-01-16 10:05:52,320 - MMSA [INFO] - Seeds: [1990, 1991, 1992, 1993, 1994]
2026-01-16 10:05:52,321 - MMSA [INFO] - ------------------------------ Running with seed 1990 [1/5] ------------------------------
2026-01-16 10:07:11,949 - MMSA [INFO] - The model has 181756595 trainable parameters
2026-01-16 10:07:22,182 - MMSA [INFO] - TRAIN-(msalm) [1/1/1] >> loss: 0.705  Mult_acc_2: 0.4488  Mult_acc_3: 0.3465  Mult_acc_5: 0.1645  F1_score: 0.4530  MAE: 0.7037  Corr: 0.0676  clm loss: 7.5913 total loss: 10.7951 bn loss: 0.841 av loss: 0.6548 text loss: 1.003
2026-01-16 10:07:24,223 - MMSA [INFO] - VAL-(msalm) >>  Mult_acc_2: 0.5088  Mult_acc_3: 0.3706  Mult_acc_5: 0.1776  F1_score: 0.5088  MAE: 0.6515  Corr: 0.2822  Loss: 0.6459 
2026-01-16 10:07:33,688 - MMSA [INFO] - TRAIN-(msalm) [1/2/1] >> loss: 0.6197  Mult_acc_2: 0.5585  Mult_acc_3: 0.4620  Mult_acc_5: 0.2251  F1_score: 0.5666  MAE: 0.6086  Corr: 0.3734  clm loss: 6.3533 total loss: 9.0759 bn loss: 0.6638 av loss: 0.623 text loss: 0.8161
2026-01-16 10:07:35,443 - MMSA [INFO] - VAL-(msalm) >>  Mult_acc_2: 0.5636  Mult_acc_3: 0.4539  Mult_acc_5: 0.2303  F1_score: 0.5742  MAE: 0.5830  Corr: 0.4471  Loss: 0.5930 
2026-01-16 10:07:44,837 - MMSA [INFO] - TRAIN-(msalm) [1/3/1] >> loss: 0.5634  Mult_acc_2: 0.6330  Mult_acc_3: 0.5592  Mult_acc_5: 0.3092  F1_score: 0.6452  MAE: 0.5380  Corr: 0.5138  clm loss: 5.1565 total loss: 7.5748 bn loss: 0.5783 av loss: 0.5916 text loss: 0.685
2026-01-16 10:07:46,614 - MMSA [INFO] - VAL-(msalm) >>  Mult_acc_2: 0.5614  Mult_acc_3: 0.4452  Mult_acc_5: 0.2303  F1_score: 0.5675  MAE: 0.6067  Corr: 0.4634  Loss: 0.6148 
2026-01-16 10:07:55,071 - MMSA [INFO] - TRAIN-(msalm) [2/4/1] >> loss: 0.5488  Mult_acc_2: 0.6477  Mult_acc_3: 0.5556  Mult_acc_5: 0.3056  F1_score: 0.6607  MAE: 0.5213  Corr: 0.5278  clm loss: 4.4592 total loss: 6.7554 bn loss: 0.5591 av loss: 0.572 text loss: 0.6162
2026-01-16 10:07:56,842 - MMSA [INFO] - VAL-(msalm) >>  Mult_acc_2: 0.5175  Mult_acc_3: 0.4364  Mult_acc_5: 0.2368  F1_score: 0.5159  MAE: 0.6131  Corr: 0.4587  Loss: 0.6509 
2026-01-16 10:08:05,158 - MMSA [INFO] - TRAIN-(msalm) [3/5/1] >> loss: 0.524  Mult_acc_2: 0.6572  Mult_acc_3: 0.5651  Mult_acc_5: 0.3019  F1_score: 0.6702  MAE: 0.5087  Corr: 0.5281  clm loss: 3.9908 total loss: 6.2108 bn loss: 0.539 av loss: 0.5558 text loss: 0.6013
2026-01-16 10:08:06,918 - MMSA [INFO] - VAL-(msalm) >>  Mult_acc_2: 0.5811  Mult_acc_3: 0.4868  Mult_acc_5: 0.2588  F1_score: 0.5921  MAE: 0.5650  Corr: 0.4805  Loss: 0.5898 
2026-01-16 10:08:16,355 - MMSA [INFO] - TRAIN-(msalm) [1/6/1] >> loss: 0.5135  Mult_acc_2: 0.6630  Mult_acc_3: 0.5687  Mult_acc_5: 0.2997  F1_score: 0.6760  MAE: 0.4980  Corr: 0.5549  clm loss: 3.737 total loss: 5.9039 bn loss: 0.5139 av loss: 0.5323 text loss: 0.6072
2026-01-16 10:08:18,162 - MMSA [INFO] - VAL-(msalm) >>  Mult_acc_2: 0.5088  Mult_acc_3: 0.4386  Mult_acc_5: 0.2368  F1_score: 0.5024  MAE: 0.6238  Corr: 0.4978  Loss: 0.6484 
2026-01-16 10:08:26,459 - MMSA [INFO] - TRAIN-(msalm) [2/7/1] >> loss: 0.5036  Mult_acc_2: 0.6849  Mult_acc_3: 0.5738  Mult_acc_5: 0.3158  F1_score: 0.6972  MAE: 0.4876  Corr: 0.5560  clm loss: 3.6385 total loss: 5.7361 bn loss: 0.5065 av loss: 0.5122 text loss: 0.5753
2026-01-16 10:08:28,191 - MMSA [INFO] - VAL-(msalm) >>  Mult_acc_2: 0.4803  Mult_acc_3: 0.4232  Mult_acc_5: 0.2171  F1_score: 0.4615  MAE: 0.6649  Corr: 0.4877  Loss: 0.7159 
2026-01-16 10:08:36,459 - MMSA [INFO] - TRAIN-(msalm) [3/8/1] >> loss: 0.4865  Mult_acc_2: 0.7010  Mult_acc_3: 0.5928  Mult_acc_5: 0.3341  F1_score: 0.7124  MAE: 0.4734  Corr: 0.5631  clm loss: 3.4831 total loss: 5.557 bn loss: 0.5152 av loss: 0.4964 text loss: 0.5757
2026-01-16 10:08:38,172 - MMSA [INFO] - VAL-(msalm) >>  Mult_acc_2: 0.6031  Mult_acc_3: 0.5197  Mult_acc_5: 0.3004  F1_score: 0.6169  MAE: 0.5196  Corr: 0.5375  Loss: 0.5523 
2026-01-16 10:08:47,594 - MMSA [INFO] - TRAIN-(msalm) [1/9/1] >> loss: 0.4569  Mult_acc_2: 0.7171  Mult_acc_3: 0.6126  Mult_acc_5: 0.3333  F1_score: 0.7275  MAE: 0.4461  Corr: 0.6181  clm loss: 3.3379 total loss: 5.3986 bn loss: 0.5409 av loss: 0.4872 text loss: 0.5757
2026-01-16 10:08:49,361 - MMSA [INFO] - VAL-(msalm) >>  Mult_acc_2: 0.6908  Mult_acc_3: 0.5899  Mult_acc_5: 0.3246  F1_score: 0.7008  MAE: 0.4630  Corr: 0.5648  Loss: 0.4873 
2026-01-16 10:08:58,963 - MMSA [INFO] - TRAIN-(msalm) [1/10/1] >> loss: 0.4429  Mult_acc_2: 0.7361  Mult_acc_3: 0.6192  Mult_acc_5: 0.3626  F1_score: 0.7453  MAE: 0.4324  Corr: 0.6233  clm loss: 3.305 total loss: 5.3028 bn loss: 0.51 av loss: 0.48 text loss: 0.565
2026-01-16 10:09:00,692 - MMSA [INFO] - VAL-(msalm) >>  Mult_acc_2: 0.6776  Mult_acc_3: 0.5724  Mult_acc_5: 0.3202  F1_score: 0.6899  MAE: 0.4583  Corr: 0.5741  Loss: 0.4964 
2026-01-16 10:09:09,024 - MMSA [INFO] - TRAIN-(msalm) [2/11/1] >> loss: 0.4365  Mult_acc_2: 0.7361  Mult_acc_3: 0.6389  Mult_acc_5: 0.3604  F1_score: 0.7443  MAE: 0.4225  Corr: 0.6441  clm loss: 3.2543 total loss: 5.2117 bn loss: 0.4954 av loss: 0.4761 text loss: 0.5493
2026-01-16 10:09:10,824 - MMSA [INFO] - VAL-(msalm) >>  Mult_acc_2: 0.6228  Mult_acc_3: 0.5351  Mult_acc_5: 0.3026  F1_score: 0.6365  MAE: 0.4937  Corr: 0.5786  Loss: 0.5127 
2026-01-16 10:09:19,176 - MMSA [INFO] - TRAIN-(msalm) [3/12/1] >> loss: 0.4179  Mult_acc_2: 0.7639  Mult_acc_3: 0.6542  Mult_acc_5: 0.3816  F1_score: 0.7705  MAE: 0.4059  Corr: 0.6660  clm loss: 3.239 total loss: 5.1233 bn loss: 0.4768 av loss: 0.4713 text loss: 0.5182
2026-01-16 10:09:20,915 - MMSA [INFO] - VAL-(msalm) >>  Mult_acc_2: 0.6908  Mult_acc_3: 0.5724  Mult_acc_5: 0.3399  F1_score: 0.7030  MAE: 0.4640  Corr: 0.5765  Loss: 0.5012 
2026-01-16 10:09:29,249 - MMSA [INFO] - TRAIN-(msalm) [4/13/1] >> loss: 0.4091  Mult_acc_2: 0.7814  Mult_acc_3: 0.6667  Mult_acc_5: 0.3977  F1_score: 0.7864  MAE: 0.3906  Corr: 0.6784  clm loss: 3.17 total loss: 5.0373 bn loss: 0.4707 av loss: 0.4591 text loss: 0.5284
2026-01-16 10:09:30,984 - MMSA [INFO] - VAL-(msalm) >>  Mult_acc_2: 0.6974  Mult_acc_3: 0.5680  Mult_acc_5: 0.3377  F1_score: 0.7087  MAE: 0.4526  Corr: 0.5913  Loss: 0.4912 
2026-01-16 10:09:39,208 - MMSA [INFO] - TRAIN-(msalm) [5/14/1] >> loss: 0.4121  Mult_acc_2: 0.7558  Mult_acc_3: 0.6594  Mult_acc_5: 0.4064  F1_score: 0.7610  MAE: 0.3983  Corr: 0.6691  clm loss: 3.1503 total loss: 5.0305 bn loss: 0.4773 av loss: 0.4661 text loss: 0.5246
2026-01-16 10:09:40,965 - MMSA [INFO] - VAL-(msalm) >>  Mult_acc_2: 0.6623  Mult_acc_3: 0.5702  Mult_acc_5: 0.3333  F1_score: 0.6756  MAE: 0.4697  Corr: 0.5929  Loss: 0.4859 
2026-01-16 10:09:50,374 - MMSA [INFO] - TRAIN-(msalm) [1/15/1] >> loss: 0.4018  Mult_acc_2: 0.7778  Mult_acc_3: 0.6776  Mult_acc_5: 0.4042  F1_score: 0.7824  MAE: 0.3873  Corr: 0.6872  clm loss: 3.1502 total loss: 4.9855 bn loss: 0.4607 av loss: 0.4662 text loss: 0.5066
2026-01-16 10:09:52,066 - MMSA [INFO] - VAL-(msalm) >>  Mult_acc_2: 0.7412  Mult_acc_3: 0.6338  Mult_acc_5: 0.3991  F1_score: 0.7480  MAE: 0.4181  Corr: 0.6176  Loss: 0.4453 
2026-01-16 10:10:01,541 - MMSA [INFO] - TRAIN-(msalm) [1/16/1] >> loss: 0.3956  Mult_acc_2: 0.7975  Mult_acc_3: 0.6842  Mult_acc_5: 0.4006  F1_score: 0.8012  MAE: 0.3813  Corr: 0.6964  clm loss: 3.1249 total loss: 4.9451 bn loss: 0.4631 av loss: 0.4733 text loss: 0.4882
2026-01-16 10:10:03,303 - MMSA [INFO] - VAL-(msalm) >>  Mult_acc_2: 0.7171  Mult_acc_3: 0.6162  Mult_acc_5: 0.3904  F1_score: 0.7262  MAE: 0.4137  Corr: 0.6342  Loss: 0.4300 
2026-01-16 10:10:12,675 - MMSA [INFO] - TRAIN-(msalm) [1/17/1] >> loss: 0.3752  Mult_acc_2: 0.8070  Mult_acc_3: 0.6930  Mult_acc_5: 0.4086  F1_score: 0.8099  MAE: 0.3636  Corr: 0.7328  clm loss: 3.094 total loss: 4.8661 bn loss: 0.4605 av loss: 0.461 text loss: 0.4754
2026-01-16 10:10:14,419 - MMSA [INFO] - VAL-(msalm) >>  Mult_acc_2: 0.7237  Mult_acc_3: 0.6316  Mult_acc_5: 0.3882  F1_score: 0.7331  MAE: 0.4133  Corr: 0.6408  Loss: 0.4219 
2026-01-16 10:10:23,786 - MMSA [INFO] - TRAIN-(msalm) [1/18/1] >> loss: 0.3667  Mult_acc_2: 0.8099  Mult_acc_3: 0.7113  Mult_acc_5: 0.4196  F1_score: 0.8133  MAE: 0.3534  Corr: 0.7514  clm loss: 3.0986 total loss: 4.8529 bn loss: 0.4564 av loss: 0.4532 text loss: 0.478
2026-01-16 10:10:25,577 - MMSA [INFO] - VAL-(msalm) >>  Mult_acc_2: 0.7193  Mult_acc_3: 0.6162  Mult_acc_5: 0.3947  F1_score: 0.7292  MAE: 0.4155  Corr: 0.6415  Loss: 0.4446 
2026-01-16 10:10:33,880 - MMSA [INFO] - TRAIN-(msalm) [2/19/1] >> loss: 0.3779  Mult_acc_2: 0.8092  Mult_acc_3: 0.6952  Mult_acc_5: 0.4306  F1_score: 0.8122  MAE: 0.3518  Corr: 0.7369  clm loss: 3.1007 total loss: 4.8602 bn loss: 0.457 av loss: 0.4594 text loss: 0.4652
2026-01-16 10:10:35,626 - MMSA [INFO] - VAL-(msalm) >>  Mult_acc_2: 0.7500  Mult_acc_3: 0.6404  Mult_acc_5: 0.4035  F1_score: 0.7557  MAE: 0.4044  Corr: 0.6375  Loss: 0.4540 
2026-01-16 10:10:43,951 - MMSA [INFO] - TRAIN-(msalm) [3/20/1] >> loss: 0.3684  Mult_acc_2: 0.8099  Mult_acc_3: 0.7061  Mult_acc_5: 0.4232  F1_score: 0.8135  MAE: 0.3555  Corr: 0.7432  clm loss: 3.0563 total loss: 4.8067 bn loss: 0.4625 av loss: 0.4598 text loss: 0.4597
2026-01-16 10:10:45,709 - MMSA [INFO] - VAL-(msalm) >>  Mult_acc_2: 0.7303  Mult_acc_3: 0.6316  Mult_acc_5: 0.3728  F1_score: 0.7380  MAE: 0.4120  Corr: 0.6358  Loss: 0.4256 
2026-01-16 10:10:53,999 - MMSA [INFO] - TRAIN-(msalm) [4/21/1] >> loss: 0.3596  Mult_acc_2: 0.8165  Mult_acc_3: 0.7003  Mult_acc_5: 0.4196  F1_score: 0.8194  MAE: 0.3480  Corr: 0.7521  clm loss: 3.0052 total loss: 4.7183 bn loss: 0.429 av loss: 0.4547 text loss: 0.4697
2026-01-16 10:10:55,781 - MMSA [INFO] - VAL-(msalm) >>  Mult_acc_2: 0.7149  Mult_acc_3: 0.6316  Mult_acc_5: 0.3969  F1_score: 0.7257  MAE: 0.4238  Corr: 0.6404  Loss: 0.4519 
2026-01-16 10:11:04,239 - MMSA [INFO] - TRAIN-(msalm) [5/22/1] >> loss: 0.3427  Mult_acc_2: 0.8180  Mult_acc_3: 0.7208  Mult_acc_5: 0.4883  F1_score: 0.8219  MAE: 0.3265  Corr: 0.7670  clm loss: 2.9545 total loss: 4.6305 bn loss: 0.4204 av loss: 0.4637 text loss: 0.4493
2026-01-16 10:11:06,074 - MMSA [INFO] - VAL-(msalm) >>  Mult_acc_2: 0.7105  Mult_acc_3: 0.6272  Mult_acc_5: 0.3947  F1_score: 0.7214  MAE: 0.4180  Corr: 0.6456  Loss: 0.4308 
2026-01-16 10:11:14,391 - MMSA [INFO] - TRAIN-(msalm) [6/23/1] >> loss: 0.35  Mult_acc_2: 0.8304  Mult_acc_3: 0.7215  Mult_acc_5: 0.4452  F1_score: 0.8332  MAE: 0.3366  Corr: 0.7670  clm loss: 2.9364 total loss: 4.6011 bn loss: 0.4182 av loss: 0.4599 text loss: 0.4365
2026-01-16 10:11:16,143 - MMSA [INFO] - VAL-(msalm) >>  Mult_acc_2: 0.7412  Mult_acc_3: 0.6272  Mult_acc_5: 0.3860  F1_score: 0.7490  MAE: 0.4042  Corr: 0.6545  Loss: 0.4168 
2026-01-16 10:11:25,532 - MMSA [INFO] - TRAIN-(msalm) [1/24/1] >> loss: 0.3349  Mult_acc_2: 0.8289  Mult_acc_3: 0.7237  Mult_acc_5: 0.4613  F1_score: 0.8315  MAE: 0.3196  Corr: 0.7920  clm loss: 2.9719 total loss: 4.5864 bn loss: 0.3909 av loss: 0.4587 text loss: 0.43
2026-01-16 10:11:27,272 - MMSA [INFO] - VAL-(msalm) >>  Mult_acc_2: 0.7390  Mult_acc_3: 0.6447  Mult_acc_5: 0.4123  F1_score: 0.7470  MAE: 0.3939  Corr: 0.6648  Loss: 0.4255 
2026-01-16 10:11:35,498 - MMSA [INFO] - TRAIN-(msalm) [2/25/1] >> loss: 0.3267  Mult_acc_2: 0.8275  Mult_acc_3: 0.7412  Mult_acc_5: 0.4810  F1_score: 0.8302  MAE: 0.3139  Corr: 0.7937  clm loss: 2.9041 total loss: 4.4863 bn loss: 0.38 av loss: 0.4521 text loss: 0.4235
2026-01-16 10:11:37,251 - MMSA [INFO] - VAL-(msalm) >>  Mult_acc_2: 0.7675  Mult_acc_3: 0.6513  Mult_acc_5: 0.4123  F1_score: 0.7743  MAE: 0.3997  Corr: 0.6670  Loss: 0.4058 
2026-01-16 10:11:46,630 - MMSA [INFO] - TRAIN-(msalm) [1/26/1] >> loss: 0.3167  Mult_acc_2: 0.8406  Mult_acc_3: 0.7420  Mult_acc_5: 0.4985  F1_score: 0.8434  MAE: 0.3035  Corr: 0.8074  clm loss: 2.8673 total loss: 4.4169 bn loss: 0.3627 av loss: 0.4489 text loss: 0.4212
2026-01-16 10:11:48,413 - MMSA [INFO] - VAL-(msalm) >>  Mult_acc_2: 0.7500  Mult_acc_3: 0.6535  Mult_acc_5: 0.4254  F1_score: 0.7582  MAE: 0.3982  Corr: 0.6576  Loss: 0.4179 
2026-01-16 10:11:56,742 - MMSA [INFO] - TRAIN-(msalm) [2/27/1] >> loss: 0.3192  Mult_acc_2: 0.8253  Mult_acc_3: 0.7412  Mult_acc_5: 0.5095  F1_score: 0.8285  MAE: 0.3034  Corr: 0.8078  clm loss: 2.8596 total loss: 4.4235 bn loss: 0.3588 av loss: 0.4563 text loss: 0.4296
2026-01-16 10:11:58,479 - MMSA [INFO] - VAL-(msalm) >>  Mult_acc_2: 0.7456  Mult_acc_3: 0.6557  Mult_acc_5: 0.3794  F1_score: 0.7546  MAE: 0.4119  Corr: 0.6510  Loss: 0.4231 
2026-01-16 10:12:06,924 - MMSA [INFO] - TRAIN-(msalm) [3/28/1] >> loss: 0.2994  Mult_acc_2: 0.8567  Mult_acc_3: 0.7522  Mult_acc_5: 0.4993  F1_score: 0.8583  MAE: 0.2871  Corr: 0.8306  clm loss: 2.8166 total loss: 4.312 bn loss: 0.3368 av loss: 0.4509 text loss: 0.4082
2026-01-16 10:12:08,603 - MMSA [INFO] - VAL-(msalm) >>  Mult_acc_2: 0.7456  Mult_acc_3: 0.6711  Mult_acc_5: 0.4232  F1_score: 0.7541  MAE: 0.3957  Corr: 0.6676  Loss: 0.4170 
2026-01-16 10:12:16,881 - MMSA [INFO] - TRAIN-(msalm) [4/29/1] >> loss: 0.2934  Mult_acc_2: 0.8531  Mult_acc_3: 0.7734  Mult_acc_5: 0.5322  F1_score: 0.8557  MAE: 0.2757  Corr: 0.8352  clm loss: 2.7977 total loss: 4.2888 bn loss: 0.3385 av loss: 0.4519 text loss: 0.4073
2026-01-16 10:12:18,640 - MMSA [INFO] - VAL-(msalm) >>  Mult_acc_2: 0.7544  Mult_acc_3: 0.6513  Mult_acc_5: 0.4035  F1_score: 0.7626  MAE: 0.3956  Corr: 0.6666  Loss: 0.4154 
2026-01-16 10:12:26,964 - MMSA [INFO] - TRAIN-(msalm) [5/30/1] >> loss: 0.2967  Mult_acc_2: 0.8341  Mult_acc_3: 0.7632  Mult_acc_5: 0.5307  F1_score: 0.8381  MAE: 0.2820  Corr: 0.8343  clm loss: 2.8035 total loss: 4.2851 bn loss: 0.3286 av loss: 0.449 text loss: 0.4073
2026-01-16 10:12:28,711 - MMSA [INFO] - VAL-(msalm) >>  Mult_acc_2: 0.7632  Mult_acc_3: 0.6689  Mult_acc_5: 0.4189  F1_score: 0.7705  MAE: 0.3914  Corr: 0.6692  Loss: 0.4098 
2026-01-16 10:12:37,038 - MMSA [INFO] - TRAIN-(msalm) [6/31/1] >> loss: 0.2869  Mult_acc_2: 0.8472  Mult_acc_3: 0.7529  Mult_acc_5: 0.5373  F1_score: 0.8501  MAE: 0.2717  Corr: 0.8406  clm loss: 2.7762 total loss: 4.2393 bn loss: 0.3228 av loss: 0.4534 text loss: 0.4001
2026-01-16 10:12:38,796 - MMSA [INFO] - VAL-(msalm) >>  Mult_acc_2: 0.7544  Mult_acc_3: 0.6623  Mult_acc_5: 0.4232  F1_score: 0.7631  MAE: 0.3956  Corr: 0.6658  Loss: 0.4138 
2026-01-16 10:12:47,086 - MMSA [INFO] - TRAIN-(msalm) [7/32/1] >> loss: 0.2713  Mult_acc_2: 0.8626  Mult_acc_3: 0.7836  Mult_acc_5: 0.5753  F1_score: 0.8655  MAE: 0.2564  Corr: 0.8594  clm loss: 2.7176 total loss: 4.117 bn loss: 0.3068 av loss: 0.4458 text loss: 0.3756
2026-01-16 10:12:48,867 - MMSA [INFO] - VAL-(msalm) >>  Mult_acc_2: 0.7719  Mult_acc_3: 0.6754  Mult_acc_5: 0.4123  F1_score: 0.7792  MAE: 0.3908  Corr: 0.6668  Loss: 0.4081 
2026-01-16 10:12:57,302 - MMSA [INFO] - TRAIN-(msalm) [8/33/1] >> loss: 0.2629  Mult_acc_2: 0.8626  Mult_acc_3: 0.7829  Mult_acc_5: 0.5768  F1_score: 0.8652  MAE: 0.2467  Corr: 0.8703  clm loss: 2.706 total loss: 4.1079 bn loss: 0.3079 av loss: 0.4489 text loss: 0.3823
2026-01-16 10:12:59,136 - MMSA [INFO] - VAL-(msalm) >>  Mult_acc_2: 0.7610  Mult_acc_3: 0.6842  Mult_acc_5: 0.4057  F1_score: 0.7695  MAE: 0.4059  Corr: 0.6560  Loss: 0.4161 
2026-01-16 10:13:07,432 - MMSA [INFO] - TRAIN-(msalm) [9/34/1] >> loss: 0.2615  Mult_acc_2: 0.8567  Mult_acc_3: 0.7785  Mult_acc_5: 0.5702  F1_score: 0.8601  MAE: 0.2458  Corr: 0.8706  clm loss: 2.6414 total loss: 4.0083 bn loss: 0.2962 av loss: 0.4473 text loss: 0.3619
2026-01-16 10:13:09,198 - MMSA [INFO] - VAL-(msalm) >>  Mult_acc_2: 0.7368  Mult_acc_3: 0.6557  Mult_acc_5: 0.3947  F1_score: 0.7470  MAE: 0.4115  Corr: 0.6523  Loss: 0.4306 
2026-01-16 10:13:17,577 - MMSA [INFO] - TRAIN-(msalm) [10/35/1] >> loss: 0.2572  Mult_acc_2: 0.8604  Mult_acc_3: 0.7851  Mult_acc_5: 0.5746  F1_score: 0.8632  MAE: 0.2407  Corr: 0.8751  clm loss: 2.6096 total loss: 3.9551 bn loss: 0.2883 av loss: 0.4415 text loss: 0.3585
2026-01-16 10:13:19,334 - MMSA [INFO] - VAL-(msalm) >>  Mult_acc_2: 0.7632  Mult_acc_3: 0.6667  Mult_acc_5: 0.3925  F1_score: 0.7715  MAE: 0.4062  Corr: 0.6594  Loss: 0.4142 
2026-01-16 10:13:21,543 - MMSA [INFO] - TEST-(msalm) >>  Mult_acc_2: 0.8271  Mult_acc_3: 0.6761  Mult_acc_5: 0.3917  F1_score: 0.8309  MAE: 0.3772  Corr: 0.7078  Loss: 0.3826 
2026-01-16 10:13:22,822 - MMSA [INFO] - Result for seed 1990: {'Mult_acc_2': 0.8271, 'Mult_acc_3': 0.6761, 'Mult_acc_5': 0.3917, 'F1_score': 0.8309, 'MAE': 0.3772, 'Corr': 0.7078, 'Loss': 0.3826, 'seed': 1990}
2026-01-16 10:13:22,823 - MMSA [INFO] - ------------------------------ Running with seed 1991 [2/5] ------------------------------
2026-01-16 10:14:38,349 - MMSA [INFO] - The model has 181756595 trainable parameters
2026-01-16 10:14:46,745 - MMSA [INFO] - TRAIN-(msalm) [1/1/2] >> loss: 0.6527  Mult_acc_2: 0.5453  Mult_acc_3: 0.3867  Mult_acc_5: 0.1813  F1_score: 0.5503  MAE: 0.6514  Corr: -0.0309  clm loss: 7.5717 total loss: 10.6498 bn loss: 0.834 av loss: 0.6161 text loss: 0.9753
2026-01-16 10:14:48,548 - MMSA [INFO] - VAL-(msalm) >>  Mult_acc_2: 0.6184  Mult_acc_3: 0.4474  Mult_acc_5: 0.2018  F1_score: 0.6330  MAE: 0.5825  Corr: 0.2778  Loss: 0.5760 
2026-01-16 10:14:58,168 - MMSA [INFO] - TRAIN-(msalm) [1/2/2] >> loss: 0.55  Mult_acc_2: 0.6835  Mult_acc_3: 0.5322  Mult_acc_5: 0.2544  F1_score: 0.6893  MAE: 0.5458  Corr: 0.3691  clm loss: 6.3056 total loss: 8.9309 bn loss: 0.7155 av loss: 0.5839 text loss: 0.7759
2026-01-16 10:14:59,943 - MMSA [INFO] - VAL-(msalm) >>  Mult_acc_2: 0.6864  Mult_acc_3: 0.5373  Mult_acc_5: 0.2719  F1_score: 0.6937  MAE: 0.5126  Corr: 0.4403  Loss: 0.5071 
2026-01-16 10:15:09,466 - MMSA [INFO] - TRAIN-(msalm) [1/3/2] >> loss: 0.5051  Mult_acc_2: 0.7273  Mult_acc_3: 0.6001  Mult_acc_5: 0.3392  F1_score: 0.7329  MAE: 0.4760  Corr: 0.5239  clm loss: 5.0984 total loss: 7.4186 bn loss: 0.6014 av loss: 0.5528 text loss: 0.661
2026-01-16 10:15:11,289 - MMSA [INFO] - VAL-(msalm) >>  Mult_acc_2: 0.6667  Mult_acc_3: 0.5417  Mult_acc_5: 0.2829  F1_score: 0.6785  MAE: 0.5029  Corr: 0.4931  Loss: 0.5281 
2026-01-16 10:15:19,684 - MMSA [INFO] - TRAIN-(msalm) [2/4/2] >> loss: 0.5028  Mult_acc_2: 0.7244  Mult_acc_3: 0.6031  Mult_acc_5: 0.3538  F1_score: 0.7285  MAE: 0.4757  Corr: 0.5198  clm loss: 4.3984 total loss: 6.6242 bn loss: 0.5596 av loss: 0.5391 text loss: 0.6244
2026-01-16 10:15:21,462 - MMSA [INFO] - VAL-(msalm) >>  Mult_acc_2: 0.6535  Mult_acc_3: 0.5439  Mult_acc_5: 0.3048  F1_score: 0.6672  MAE: 0.5048  Corr: 0.5065  Loss: 0.5144 
2026-01-16 10:15:29,783 - MMSA [INFO] - TRAIN-(msalm) [3/5/2] >> loss: 0.4678  Mult_acc_2: 0.7463  Mult_acc_3: 0.6140  Mult_acc_5: 0.3355  F1_score: 0.7477  MAE: 0.4550  Corr: 0.5608  clm loss: 4.0145 total loss: 6.1406 bn loss: 0.5391 av loss: 0.5205 text loss: 0.5986
2026-01-16 10:15:31,587 - MMSA [INFO] - VAL-(msalm) >>  Mult_acc_2: 0.7259  Mult_acc_3: 0.6009  Mult_acc_5: 0.3246  F1_score: 0.7272  MAE: 0.4768  Corr: 0.5105  Loss: 0.4846 
2026-01-16 10:15:41,100 - MMSA [INFO] - TRAIN-(msalm) [1/6/2] >> loss: 0.4685  Mult_acc_2: 0.7537  Mult_acc_3: 0.6199  Mult_acc_5: 0.3282  F1_score: 0.7568  MAE: 0.4570  Corr: 0.5533  clm loss: 3.7582 total loss: 5.8446 bn loss: 0.5204 av loss: 0.5134 text loss: 0.5841
2026-01-16 10:15:42,882 - MMSA [INFO] - VAL-(msalm) >>  Mult_acc_2: 0.7325  Mult_acc_3: 0.5987  Mult_acc_5: 0.3487  F1_score: 0.7319  MAE: 0.4688  Corr: 0.5301  Loss: 0.5037 
2026-01-16 10:15:51,213 - MMSA [INFO] - TRAIN-(msalm) [2/7/2] >> loss: 0.4447  Mult_acc_2: 0.7588  Mult_acc_3: 0.6330  Mult_acc_5: 0.3684  F1_score: 0.7621  MAE: 0.4310  Corr: 0.6099  clm loss: 3.5952 total loss: 5.6017 bn loss: 0.5013 av loss: 0.491 text loss: 0.5694
2026-01-16 10:15:53,042 - MMSA [INFO] - VAL-(msalm) >>  Mult_acc_2: 0.7368  Mult_acc_3: 0.6053  Mult_acc_5: 0.3575  F1_score: 0.7334  MAE: 0.4625  Corr: 0.5396  Loss: 0.4803 
2026-01-16 10:16:02,556 - MMSA [INFO] - TRAIN-(msalm) [1/8/2] >> loss: 0.4382  Mult_acc_2: 0.7595  Mult_acc_3: 0.6418  Mult_acc_5: 0.3765  F1_score: 0.7612  MAE: 0.4220  Corr: 0.6238  clm loss: 3.4279 total loss: 5.3937 bn loss: 0.4873 av loss: 0.4771 text loss: 0.5631
2026-01-16 10:16:04,280 - MMSA [INFO] - VAL-(msalm) >>  Mult_acc_2: 0.7215  Mult_acc_3: 0.6118  Mult_acc_5: 0.3465  F1_score: 0.7218  MAE: 0.4568  Corr: 0.5452  Loss: 0.5001 
2026-01-16 10:16:12,784 - MMSA [INFO] - TRAIN-(msalm) [2/9/2] >> loss: 0.4331  Mult_acc_2: 0.7763  Mult_acc_3: 0.6681  Mult_acc_5: 0.3706  F1_score: 0.7777  MAE: 0.4199  Corr: 0.6388  clm loss: 3.3566 total loss: 5.3143 bn loss: 0.4826 av loss: 0.4737 text loss: 0.5683
2026-01-16 10:16:14,598 - MMSA [INFO] - VAL-(msalm) >>  Mult_acc_2: 0.7390  Mult_acc_3: 0.6228  Mult_acc_5: 0.3860  F1_score: 0.7377  MAE: 0.4519  Corr: 0.5418  Loss: 0.4729 
2026-01-16 10:16:24,147 - MMSA [INFO] - TRAIN-(msalm) [1/10/2] >> loss: 0.4223  Mult_acc_2: 0.7778  Mult_acc_3: 0.6630  Mult_acc_5: 0.3904  F1_score: 0.7808  MAE: 0.4047  Corr: 0.6424  clm loss: 3.2683 total loss: 5.1787 bn loss: 0.4709 av loss: 0.4723 text loss: 0.5448
2026-01-16 10:16:25,941 - MMSA [INFO] - VAL-(msalm) >>  Mult_acc_2: 0.7193  Mult_acc_3: 0.6140  Mult_acc_5: 0.3553  F1_score: 0.7253  MAE: 0.4414  Corr: 0.5781  Loss: 0.4653 
2026-01-16 10:16:35,431 - MMSA [INFO] - TRAIN-(msalm) [1/11/2] >> loss: 0.4232  Mult_acc_2: 0.7756  Mult_acc_3: 0.6674  Mult_acc_5: 0.3955  F1_score: 0.7794  MAE: 0.4083  Corr: 0.6505  clm loss: 3.2547 total loss: 5.1482 bn loss: 0.4754 av loss: 0.474 text loss: 0.5209
2026-01-16 10:16:37,177 - MMSA [INFO] - VAL-(msalm) >>  Mult_acc_2: 0.7325  Mult_acc_3: 0.6425  Mult_acc_5: 0.3991  F1_score: 0.7385  MAE: 0.4238  Corr: 0.6081  Loss: 0.4477 
2026-01-16 10:16:46,666 - MMSA [INFO] - TRAIN-(msalm) [1/12/2] >> loss: 0.408  Mult_acc_2: 0.7997  Mult_acc_3: 0.6718  Mult_acc_5: 0.3984  F1_score: 0.8021  MAE: 0.3941  Corr: 0.6702  clm loss: 3.2451 total loss: 5.0879 bn loss: 0.4595 av loss: 0.4708 text loss: 0.5045
2026-01-16 10:16:48,461 - MMSA [INFO] - VAL-(msalm) >>  Mult_acc_2: 0.7566  Mult_acc_3: 0.6579  Mult_acc_5: 0.4123  F1_score: 0.7578  MAE: 0.4145  Corr: 0.6094  Loss: 0.4540 
2026-01-16 10:16:56,869 - MMSA [INFO] - TRAIN-(msalm) [2/13/2] >> loss: 0.4021  Mult_acc_2: 0.7851  Mult_acc_3: 0.6784  Mult_acc_5: 0.4050  F1_score: 0.7882  MAE: 0.3778  Corr: 0.6977  clm loss: 3.1765 total loss: 5.0157 bn loss: 0.4515 av loss: 0.4656 text loss: 0.52
2026-01-16 10:16:58,608 - MMSA [INFO] - VAL-(msalm) >>  Mult_acc_2: 0.7325  Mult_acc_3: 0.6447  Mult_acc_5: 0.4145  F1_score: 0.7385  MAE: 0.4148  Corr: 0.6160  Loss: 0.4420 
2026-01-16 10:17:08,024 - MMSA [INFO] - TRAIN-(msalm) [1/14/2] >> loss: 0.3984  Mult_acc_2: 0.7902  Mult_acc_3: 0.6718  Mult_acc_5: 0.3925  F1_score: 0.7935  MAE: 0.3824  Corr: 0.7031  clm loss: 3.1774 total loss: 5.0188 bn loss: 0.4526 av loss: 0.4619 text loss: 0.5286
2026-01-16 10:17:09,795 - MMSA [INFO] - VAL-(msalm) >>  Mult_acc_2: 0.7588  Mult_acc_3: 0.6469  Mult_acc_5: 0.3925  F1_score: 0.7626  MAE: 0.4064  Corr: 0.6335  Loss: 0.4284 
2026-01-16 10:17:19,301 - MMSA [INFO] - TRAIN-(msalm) [1/15/2] >> loss: 0.3749  Mult_acc_2: 0.8048  Mult_acc_3: 0.6835  Mult_acc_5: 0.4145  F1_score: 0.8069  MAE: 0.3588  Corr: 0.7302  clm loss: 3.175 total loss: 4.9846 bn loss: 0.451 av loss: 0.4617 text loss: 0.522
2026-01-16 10:17:21,085 - MMSA [INFO] - VAL-(msalm) >>  Mult_acc_2: 0.7500  Mult_acc_3: 0.6601  Mult_acc_5: 0.4167  F1_score: 0.7568  MAE: 0.4081  Corr: 0.6345  Loss: 0.4434 
2026-01-16 10:17:29,555 - MMSA [INFO] - TRAIN-(msalm) [2/16/2] >> loss: 0.3706  Mult_acc_2: 0.8151  Mult_acc_3: 0.7076  Mult_acc_5: 0.4349  F1_score: 0.8173  MAE: 0.3532  Corr: 0.7388  clm loss: 3.1294 total loss: 4.9027 bn loss: 0.4382 av loss: 0.4564 text loss: 0.5082
2026-01-16 10:17:31,343 - MMSA [INFO] - VAL-(msalm) >>  Mult_acc_2: 0.7259  Mult_acc_3: 0.6294  Mult_acc_5: 0.3728  F1_score: 0.7353  MAE: 0.4215  Corr: 0.6273  Loss: 0.4376 
2026-01-16 10:17:39,696 - MMSA [INFO] - TRAIN-(msalm) [3/17/2] >> loss: 0.3577  Mult_acc_2: 0.8070  Mult_acc_3: 0.6966  Mult_acc_5: 0.4335  F1_score: 0.8091  MAE: 0.3423  Corr: 0.7591  clm loss: 3.1081 total loss: 4.8772 bn loss: 0.4522 av loss: 0.4543 text loss: 0.5048
2026-01-16 10:17:41,493 - MMSA [INFO] - VAL-(msalm) >>  Mult_acc_2: 0.7390  Mult_acc_3: 0.6447  Mult_acc_5: 0.3925  F1_score: 0.7472  MAE: 0.4173  Corr: 0.6229  Loss: 0.4429 
2026-01-16 10:17:49,856 - MMSA [INFO] - TRAIN-(msalm) [4/18/2] >> loss: 0.3469  Mult_acc_2: 0.8180  Mult_acc_3: 0.7200  Mult_acc_5: 0.4488  F1_score: 0.8212  MAE: 0.3300  Corr: 0.7733  clm loss: 3.0666 total loss: 4.7634 bn loss: 0.4128 av loss: 0.4493 text loss: 0.4878
2026-01-16 10:17:51,603 - MMSA [INFO] - VAL-(msalm) >>  Mult_acc_2: 0.7522  Mult_acc_3: 0.6535  Mult_acc_5: 0.4013  F1_score: 0.7585  MAE: 0.4068  Corr: 0.6320  Loss: 0.4384 
2026-01-16 10:17:59,967 - MMSA [INFO] - TRAIN-(msalm) [5/19/2] >> loss: 0.36  Mult_acc_2: 0.8136  Mult_acc_3: 0.7113  Mult_acc_5: 0.4313  F1_score: 0.8158  MAE: 0.3461  Corr: 0.7461  clm loss: 3.064 total loss: 4.7652 bn loss: 0.4122 av loss: 0.4625 text loss: 0.4666
2026-01-16 10:18:01,750 - MMSA [INFO] - VAL-(msalm) >>  Mult_acc_2: 0.7390  Mult_acc_3: 0.6447  Mult_acc_5: 0.3838  F1_score: 0.7475  MAE: 0.4149  Corr: 0.6346  Loss: 0.4386 
2026-01-16 10:18:10,145 - MMSA [INFO] - TRAIN-(msalm) [6/20/2] >> loss: 0.343  Mult_acc_2: 0.8202  Mult_acc_3: 0.7208  Mult_acc_5: 0.4613  F1_score: 0.8237  MAE: 0.3285  Corr: 0.7785  clm loss: 3.0693 total loss: 4.7192 bn loss: 0.3922 av loss: 0.4626 text loss: 0.4521
2026-01-16 10:18:11,882 - MMSA [INFO] - VAL-(msalm) >>  Mult_acc_2: 0.7478  Mult_acc_3: 0.6601  Mult_acc_5: 0.4123  F1_score: 0.7559  MAE: 0.4050  Corr: 0.6486  Loss: 0.4303 
2026-01-16 10:18:20,263 - MMSA [INFO] - TRAIN-(msalm) [7/21/2] >> loss: 0.3397  Mult_acc_2: 0.8224  Mult_acc_3: 0.7244  Mult_acc_5: 0.4656  F1_score: 0.8253  MAE: 0.3212  Corr: 0.7845  clm loss: 3.0133 total loss: 4.6624 bn loss: 0.4013 av loss: 0.4604 text loss: 0.4478
2026-01-16 10:18:22,075 - MMSA [INFO] - VAL-(msalm) >>  Mult_acc_2: 0.7544  Mult_acc_3: 0.6491  Mult_acc_5: 0.3925  F1_score: 0.7620  MAE: 0.4014  Corr: 0.6533  Loss: 0.4302 
2026-01-16 10:18:30,441 - MMSA [INFO] - TRAIN-(msalm) [8/22/2] >> loss: 0.3255  Mult_acc_2: 0.8194  Mult_acc_3: 0.7368  Mult_acc_5: 0.5146  F1_score: 0.8227  MAE: 0.3098  Corr: 0.7928  clm loss: 2.9892 total loss: 4.5763 bn loss: 0.3785 av loss: 0.4587 text loss: 0.4243
2026-01-16 10:18:32,214 - MMSA [INFO] - VAL-(msalm) >>  Mult_acc_2: 0.7127  Mult_acc_3: 0.6447  Mult_acc_5: 0.4123  F1_score: 0.7240  MAE: 0.4155  Corr: 0.6514  Loss: 0.4328 
2026-01-16 10:18:40,559 - MMSA [INFO] - TRAIN-(msalm) [9/23/2] >> loss: 0.3153  Mult_acc_2: 0.8348  Mult_acc_3: 0.7390  Mult_acc_5: 0.4890  F1_score: 0.8379  MAE: 0.2993  Corr: 0.8115  clm loss: 2.9653 total loss: 4.5302 bn loss: 0.3709 av loss: 0.454 text loss: 0.4247
2026-01-16 10:18:42,354 - MMSA [INFO] - VAL-(msalm) >>  Mult_acc_2: 0.7237  Mult_acc_3: 0.6425  Mult_acc_5: 0.3838  F1_score: 0.7341  MAE: 0.4165  Corr: 0.6500  Loss: 0.4335 
2026-01-16 10:18:50,847 - MMSA [INFO] - TRAIN-(msalm) [10/24/2] >> loss: 0.3044  Mult_acc_2: 0.8436  Mult_acc_3: 0.7558  Mult_acc_5: 0.5000  F1_score: 0.8462  MAE: 0.2904  Corr: 0.8261  clm loss: 2.9579 total loss: 4.4981 bn loss: 0.3638 av loss: 0.4486 text loss: 0.4234
2026-01-16 10:18:52,674 - MMSA [INFO] - VAL-(msalm) >>  Mult_acc_2: 0.7193  Mult_acc_3: 0.6469  Mult_acc_5: 0.4013  F1_score: 0.7300  MAE: 0.4146  Corr: 0.6481  Loss: 0.4370 
2026-01-16 10:18:54,949 - MMSA [INFO] - TEST-(msalm) >>  Mult_acc_2: 0.8184  Mult_acc_3: 0.6827  Mult_acc_5: 0.4136  F1_score: 0.8208  MAE: 0.3767  Corr: 0.7001  Loss: 0.3991 
2026-01-16 10:18:56,290 - MMSA [INFO] - Result for seed 1991: {'Mult_acc_2': 0.8184, 'Mult_acc_3': 0.6827, 'Mult_acc_5': 0.4136, 'F1_score': 0.8208, 'MAE': 0.3767, 'Corr': 0.7001, 'Loss': 0.3991, 'seed': 1991}
2026-01-16 10:18:56,291 - MMSA [INFO] - ------------------------------ Running with seed 1992 [3/5] ------------------------------
2026-01-16 10:20:11,797 - MMSA [INFO] - The model has 181756595 trainable parameters
2026-01-16 10:20:20,133 - MMSA [INFO] - TRAIN-(msalm) [1/1/3] >> loss: 0.6427  Mult_acc_2: 0.5402  Mult_acc_3: 0.3947  Mult_acc_5: 0.1901  F1_score: 0.5573  MAE: 0.6433  Corr: 0.0727  clm loss: 7.5347 total loss: 10.5374 bn loss: 0.8392 av loss: 0.5775 text loss: 0.9432
2026-01-16 10:20:22,104 - MMSA [INFO] - VAL-(msalm) >>  Mult_acc_2: 0.6031  Mult_acc_3: 0.4496  Mult_acc_5: 0.1930  F1_score: 0.6177  MAE: 0.5904  Corr: 0.2957  Loss: 0.5900 
2026-01-16 10:20:31,589 - MMSA [INFO] - TRAIN-(msalm) [1/2/3] >> loss: 0.5522  Mult_acc_2: 0.6557  Mult_acc_3: 0.5380  Mult_acc_5: 0.2654  F1_score: 0.6688  MAE: 0.5422  Corr: 0.4135  clm loss: 6.2899 total loss: 8.8074 bn loss: 0.659 av loss: 0.5492 text loss: 0.7571
2026-01-16 10:20:33,382 - MMSA [INFO] - VAL-(msalm) >>  Mult_acc_2: 0.6294  Mult_acc_3: 0.5307  Mult_acc_5: 0.2697  F1_score: 0.6437  MAE: 0.5677  Corr: 0.4550  Loss: 0.6213 
2026-01-16 10:20:41,772 - MMSA [INFO] - TRAIN-(msalm) [2/3/3] >> loss: 0.5104  Mult_acc_2: 0.7032  Mult_acc_3: 0.6118  Mult_acc_5: 0.3377  F1_score: 0.7134  MAE: 0.4819  Corr: 0.5356  clm loss: 5.0535 total loss: 7.3258 bn loss: 0.5683 av loss: 0.5241 text loss: 0.6695
2026-01-16 10:20:43,528 - MMSA [INFO] - VAL-(msalm) >>  Mult_acc_2: 0.6425  Mult_acc_3: 0.5570  Mult_acc_5: 0.3048  F1_score: 0.6566  MAE: 0.5521  Corr: 0.4708  Loss: 0.6061 
2026-01-16 10:20:51,926 - MMSA [INFO] - TRAIN-(msalm) [3/4/3] >> loss: 0.483  Mult_acc_2: 0.7259  Mult_acc_3: 0.6140  Mult_acc_5: 0.3553  F1_score: 0.7344  MAE: 0.4632  Corr: 0.5588  clm loss: 4.3257 total loss: 6.4761 bn loss: 0.5274 av loss: 0.5097 text loss: 0.6304
2026-01-16 10:20:53,719 - MMSA [INFO] - VAL-(msalm) >>  Mult_acc_2: 0.6404  Mult_acc_3: 0.5417  Mult_acc_5: 0.2763  F1_score: 0.6545  MAE: 0.5381  Corr: 0.5003  Loss: 0.5711 
2026-01-16 10:21:03,323 - MMSA [INFO] - TRAIN-(msalm) [1/5/3] >> loss: 0.4875  Mult_acc_2: 0.7105  Mult_acc_3: 0.5914  Mult_acc_5: 0.3121  F1_score: 0.7181  MAE: 0.4767  Corr: 0.5363  clm loss: 3.8937 total loss: 5.9778 bn loss: 0.515 av loss: 0.4963 text loss: 0.5852
2026-01-16 10:21:05,122 - MMSA [INFO] - VAL-(msalm) >>  Mult_acc_2: 0.6557  Mult_acc_3: 0.5439  Mult_acc_5: 0.2851  F1_score: 0.6693  MAE: 0.5214  Corr: 0.5088  Loss: 0.5479 
2026-01-16 10:21:14,650 - MMSA [INFO] - TRAIN-(msalm) [1/6/3] >> loss: 0.4638  Mult_acc_2: 0.7390  Mult_acc_3: 0.6221  Mult_acc_5: 0.3392  F1_score: 0.7446  MAE: 0.4520  Corr: 0.5872  clm loss: 3.6613 total loss: 5.6718 bn loss: 0.4967 av loss: 0.4861 text loss: 0.5639
2026-01-16 10:21:16,448 - MMSA [INFO] - VAL-(msalm) >>  Mult_acc_2: 0.7018  Mult_acc_3: 0.5965  Mult_acc_5: 0.3421  F1_score: 0.7113  MAE: 0.4845  Corr: 0.5196  Loss: 0.5216 
2026-01-16 10:21:26,060 - MMSA [INFO] - TRAIN-(msalm) [1/7/3] >> loss: 0.4451  Mult_acc_2: 0.7544  Mult_acc_3: 0.6352  Mult_acc_5: 0.3743  F1_score: 0.7601  MAE: 0.4255  Corr: 0.6276  clm loss: 3.4851 total loss: 5.4476 bn loss: 0.482 av loss: 0.4752 text loss: 0.5602
2026-01-16 10:21:27,858 - MMSA [INFO] - VAL-(msalm) >>  Mult_acc_2: 0.6447  Mult_acc_3: 0.5768  Mult_acc_5: 0.3004  F1_score: 0.6585  MAE: 0.5049  Corr: 0.5289  Loss: 0.5499 
2026-01-16 10:21:36,289 - MMSA [INFO] - TRAIN-(msalm) [2/8/3] >> loss: 0.449  Mult_acc_2: 0.7558  Mult_acc_3: 0.6308  Mult_acc_5: 0.3648  F1_score: 0.7602  MAE: 0.4359  Corr: 0.6017  clm loss: 3.3942 total loss: 5.4164 bn loss: 0.4928 av loss: 0.4784 text loss: 0.602
2026-01-16 10:21:38,070 - MMSA [INFO] - VAL-(msalm) >>  Mult_acc_2: 0.6404  Mult_acc_3: 0.5592  Mult_acc_5: 0.2961  F1_score: 0.6546  MAE: 0.4838  Corr: 0.5533  Loss: 0.5111 
2026-01-16 10:21:47,641 - MMSA [INFO] - TRAIN-(msalm) [1/9/3] >> loss: 0.4378  Mult_acc_2: 0.7770  Mult_acc_3: 0.6528  Mult_acc_5: 0.3721  F1_score: 0.7794  MAE: 0.4227  Corr: 0.6307  clm loss: 3.3336 total loss: 5.3704 bn loss: 0.5083 av loss: 0.4768 text loss: 0.6139
2026-01-16 10:21:49,651 - MMSA [INFO] - VAL-(msalm) >>  Mult_acc_2: 0.7522  Mult_acc_3: 0.6404  Mult_acc_5: 0.4254  F1_score: 0.7503  MAE: 0.4493  Corr: 0.5556  Loss: 0.5387 
2026-01-16 10:21:58,114 - MMSA [INFO] - TRAIN-(msalm) [2/10/3] >> loss: 0.4306  Mult_acc_2: 0.7727  Mult_acc_3: 0.6674  Mult_acc_5: 0.4094  F1_score: 0.7747  MAE: 0.4035  Corr: 0.6512  clm loss: 3.3067 total loss: 5.2687 bn loss: 0.5206 av loss: 0.4673 text loss: 0.5436
2026-01-16 10:21:59,859 - MMSA [INFO] - VAL-(msalm) >>  Mult_acc_2: 0.7522  Mult_acc_3: 0.6469  Mult_acc_5: 0.3969  F1_score: 0.7460  MAE: 0.4357  Corr: 0.5793  Loss: 0.4861 
2026-01-16 10:22:09,316 - MMSA [INFO] - TRAIN-(msalm) [1/11/3] >> loss: 0.4076  Mult_acc_2: 0.7741  Mult_acc_3: 0.6725  Mult_acc_5: 0.3977  F1_score: 0.7776  MAE: 0.3957  Corr: 0.6847  clm loss: 3.2259 total loss: 5.0925 bn loss: 0.4819 av loss: 0.4594 text loss: 0.5176
2026-01-16 10:22:11,114 - MMSA [INFO] - VAL-(msalm) >>  Mult_acc_2: 0.7500  Mult_acc_3: 0.6206  Mult_acc_5: 0.3772  F1_score: 0.7510  MAE: 0.4262  Corr: 0.5919  Loss: 0.4682 
2026-01-16 10:22:20,589 - MMSA [INFO] - TRAIN-(msalm) [1/12/3] >> loss: 0.4156  Mult_acc_2: 0.7917  Mult_acc_3: 0.6674  Mult_acc_5: 0.4006  F1_score: 0.7942  MAE: 0.3977  Corr: 0.6666  clm loss: 3.2329 total loss: 5.1034 bn loss: 0.4728 av loss: 0.4642 text loss: 0.5179
2026-01-16 10:22:22,310 - MMSA [INFO] - VAL-(msalm) >>  Mult_acc_2: 0.7434  Mult_acc_3: 0.6206  Mult_acc_5: 0.4057  F1_score: 0.7487  MAE: 0.4279  Corr: 0.5834  Loss: 0.4768 
2026-01-16 10:22:30,690 - MMSA [INFO] - TRAIN-(msalm) [2/13/3] >> loss: 0.3944  Mult_acc_2: 0.7822  Mult_acc_3: 0.6842  Mult_acc_5: 0.4218  F1_score: 0.7851  MAE: 0.3768  Corr: 0.7002  clm loss: 3.203 total loss: 5.0285 bn loss: 0.4495 av loss: 0.4566 text loss: 0.525
2026-01-16 10:22:32,435 - MMSA [INFO] - VAL-(msalm) >>  Mult_acc_2: 0.7588  Mult_acc_3: 0.6491  Mult_acc_5: 0.4123  F1_score: 0.7588  MAE: 0.4080  Corr: 0.6230  Loss: 0.4394 
2026-01-16 10:22:42,084 - MMSA [INFO] - TRAIN-(msalm) [1/14/3] >> loss: 0.3923  Mult_acc_2: 0.7953  Mult_acc_3: 0.6959  Mult_acc_5: 0.4123  F1_score: 0.7985  MAE: 0.3768  Corr: 0.7035  clm loss: 3.1652 total loss: 4.9915 bn loss: 0.4447 av loss: 0.4669 text loss: 0.5223
2026-01-16 10:22:43,832 - MMSA [INFO] - VAL-(msalm) >>  Mult_acc_2: 0.7478  Mult_acc_3: 0.6294  Mult_acc_5: 0.3991  F1_score: 0.7508  MAE: 0.4073  Corr: 0.6195  Loss: 0.4285 
2026-01-16 10:22:53,345 - MMSA [INFO] - TRAIN-(msalm) [1/15/3] >> loss: 0.373  Mult_acc_2: 0.8056  Mult_acc_3: 0.7010  Mult_acc_5: 0.4327  F1_score: 0.8080  MAE: 0.3569  Corr: 0.7299  clm loss: 3.1622 total loss: 4.9246 bn loss: 0.4339 av loss: 0.4601 text loss: 0.4955
2026-01-16 10:22:55,090 - MMSA [INFO] - VAL-(msalm) >>  Mult_acc_2: 0.7346  Mult_acc_3: 0.6601  Mult_acc_5: 0.4079  F1_score: 0.7423  MAE: 0.4146  Corr: 0.6248  Loss: 0.4422 
2026-01-16 10:23:03,529 - MMSA [INFO] - TRAIN-(msalm) [2/16/3] >> loss: 0.3801  Mult_acc_2: 0.8034  Mult_acc_3: 0.6871  Mult_acc_5: 0.4254  F1_score: 0.8049  MAE: 0.3664  Corr: 0.7155  clm loss: 3.109 total loss: 4.8863 bn loss: 0.4271 av loss: 0.4704 text loss: 0.4997
2026-01-16 10:23:05,262 - MMSA [INFO] - VAL-(msalm) >>  Mult_acc_2: 0.7544  Mult_acc_3: 0.6535  Mult_acc_5: 0.4013  F1_score: 0.7602  MAE: 0.4089  Corr: 0.6335  Loss: 0.4306 
2026-01-16 10:23:13,627 - MMSA [INFO] - TRAIN-(msalm) [3/17/3] >> loss: 0.356  Mult_acc_2: 0.8129  Mult_acc_3: 0.7113  Mult_acc_5: 0.4357  F1_score: 0.8143  MAE: 0.3457  Corr: 0.7559  clm loss: 3.0704 total loss: 4.7701 bn loss: 0.4132 av loss: 0.4586 text loss: 0.4719
2026-01-16 10:23:15,436 - MMSA [INFO] - VAL-(msalm) >>  Mult_acc_2: 0.7763  Mult_acc_3: 0.6667  Mult_acc_5: 0.4276  F1_score: 0.7811  MAE: 0.3969  Corr: 0.6437  Loss: 0.4202 
2026-01-16 10:23:24,931 - MMSA [INFO] - TRAIN-(msalm) [1/18/3] >> loss: 0.353  Mult_acc_2: 0.8129  Mult_acc_3: 0.7222  Mult_acc_5: 0.4620  F1_score: 0.8155  MAE: 0.3386  Corr: 0.7624  clm loss: 3.0993 total loss: 4.7801 bn loss: 0.4001 av loss: 0.4558 text loss: 0.4719
2026-01-16 10:23:26,688 - MMSA [INFO] - VAL-(msalm) >>  Mult_acc_2: 0.7500  Mult_acc_3: 0.6623  Mult_acc_5: 0.4254  F1_score: 0.7578  MAE: 0.3976  Corr: 0.6557  Loss: 0.4311 
2026-01-16 10:23:35,081 - MMSA [INFO] - TRAIN-(msalm) [2/19/3] >> loss: 0.3579  Mult_acc_2: 0.8246  Mult_acc_3: 0.7215  Mult_acc_5: 0.4583  F1_score: 0.8276  MAE: 0.3411  Corr: 0.7562  clm loss: 3.0534 total loss: 4.738 bn loss: 0.4099 av loss: 0.4635 text loss: 0.4534
2026-01-16 10:23:36,870 - MMSA [INFO] - VAL-(msalm) >>  Mult_acc_2: 0.7719  Mult_acc_3: 0.6557  Mult_acc_5: 0.4167  F1_score: 0.7771  MAE: 0.3943  Corr: 0.6563  Loss: 0.4380 
2026-01-16 10:23:45,228 - MMSA [INFO] - TRAIN-(msalm) [3/20/3] >> loss: 0.3332  Mult_acc_2: 0.8289  Mult_acc_3: 0.7398  Mult_acc_5: 0.4825  F1_score: 0.8318  MAE: 0.3198  Corr: 0.7870  clm loss: 3.0113 total loss: 4.602 bn loss: 0.3756 av loss: 0.4482 text loss: 0.4337
2026-01-16 10:23:46,953 - MMSA [INFO] - VAL-(msalm) >>  Mult_acc_2: 0.7610  Mult_acc_3: 0.6535  Mult_acc_5: 0.4211  F1_score: 0.7653  MAE: 0.3952  Corr: 0.6562  Loss: 0.4146 
2026-01-16 10:23:56,572 - MMSA [INFO] - TRAIN-(msalm) [1/21/3] >> loss: 0.3294  Mult_acc_2: 0.8194  Mult_acc_3: 0.7325  Mult_acc_5: 0.4876  F1_score: 0.8216  MAE: 0.3181  Corr: 0.7813  clm loss: 2.9931 total loss: 4.5914 bn loss: 0.3701 av loss: 0.4546 text loss: 0.4443
2026-01-16 10:23:58,309 - MMSA [INFO] - VAL-(msalm) >>  Mult_acc_2: 0.7763  Mult_acc_3: 0.6579  Mult_acc_5: 0.4320  F1_score: 0.7805  MAE: 0.3940  Corr: 0.6546  Loss: 0.4151 
2026-01-16 10:24:06,659 - MMSA [INFO] - TRAIN-(msalm) [2/22/3] >> loss: 0.332  Mult_acc_2: 0.8238  Mult_acc_3: 0.7303  Mult_acc_5: 0.4971  F1_score: 0.8259  MAE: 0.3142  Corr: 0.7828  clm loss: 2.9723 total loss: 4.5552 bn loss: 0.3628 av loss: 0.4607 text loss: 0.4273
2026-01-16 10:24:08,400 - MMSA [INFO] - VAL-(msalm) >>  Mult_acc_2: 0.7390  Mult_acc_3: 0.6601  Mult_acc_5: 0.4035  F1_score: 0.7478  MAE: 0.4007  Corr: 0.6602  Loss: 0.4305 
2026-01-16 10:24:16,717 - MMSA [INFO] - TRAIN-(msalm) [3/23/3] >> loss: 0.3175  Mult_acc_2: 0.8231  Mult_acc_3: 0.7456  Mult_acc_5: 0.4912  F1_score: 0.8268  MAE: 0.3055  Corr: 0.8012  clm loss: 2.9585 total loss: 4.5033 bn loss: 0.3436 av loss: 0.4515 text loss: 0.4323
2026-01-16 10:24:18,459 - MMSA [INFO] - VAL-(msalm) >>  Mult_acc_2: 0.7456  Mult_acc_3: 0.6667  Mult_acc_5: 0.3969  F1_score: 0.7539  MAE: 0.4012  Corr: 0.6631  Loss: 0.4053 
2026-01-16 10:24:27,963 - MMSA [INFO] - TRAIN-(msalm) [1/24/3] >> loss: 0.302  Mult_acc_2: 0.8465  Mult_acc_3: 0.7566  Mult_acc_5: 0.5139  F1_score: 0.8491  MAE: 0.2907  Corr: 0.8227  clm loss: 2.928 total loss: 4.4494 bn loss: 0.3411 av loss: 0.4511 text loss: 0.4272
2026-01-16 10:24:29,733 - MMSA [INFO] - VAL-(msalm) >>  Mult_acc_2: 0.7632  Mult_acc_3: 0.6689  Mult_acc_5: 0.4254  F1_score: 0.7679  MAE: 0.3917  Corr: 0.6601  Loss: 0.4415 
2026-01-16 10:24:38,077 - MMSA [INFO] - TRAIN-(msalm) [2/25/3] >> loss: 0.3033  Mult_acc_2: 0.8443  Mult_acc_3: 0.7493  Mult_acc_5: 0.5344  F1_score: 0.8479  MAE: 0.2835  Corr: 0.8180  clm loss: 2.8816 total loss: 4.3989 bn loss: 0.3456 av loss: 0.4559 text loss: 0.4125
2026-01-16 10:24:39,911 - MMSA [INFO] - VAL-(msalm) >>  Mult_acc_2: 0.7741  Mult_acc_3: 0.6886  Mult_acc_5: 0.4386  F1_score: 0.7802  MAE: 0.3909  Corr: 0.6603  Loss: 0.4148 
2026-01-16 10:24:48,318 - MMSA [INFO] - TRAIN-(msalm) [3/26/3] >> loss: 0.2906  Mult_acc_2: 0.8538  Mult_acc_3: 0.7705  Mult_acc_5: 0.5519  F1_score: 0.8564  MAE: 0.2780  Corr: 0.8355  clm loss: 2.8781 total loss: 4.364 bn loss: 0.3302 av loss: 0.4496 text loss: 0.4155
2026-01-16 10:24:50,070 - MMSA [INFO] - VAL-(msalm) >>  Mult_acc_2: 0.7895  Mult_acc_3: 0.6711  Mult_acc_5: 0.4211  F1_score: 0.7928  MAE: 0.3942  Corr: 0.6548  Loss: 0.4053 
2026-01-16 10:24:58,468 - MMSA [INFO] - TRAIN-(msalm) [4/27/3] >> loss: 0.2837  Mult_acc_2: 0.8545  Mult_acc_3: 0.7741  Mult_acc_5: 0.5461  F1_score: 0.8573  MAE: 0.2709  Corr: 0.8413  clm loss: 2.841 total loss: 4.2823 bn loss: 0.3159 av loss: 0.45 text loss: 0.3917
2026-01-16 10:25:00,243 - MMSA [INFO] - VAL-(msalm) >>  Mult_acc_2: 0.7873  Mult_acc_3: 0.6711  Mult_acc_5: 0.4232  F1_score: 0.7927  MAE: 0.3868  Corr: 0.6642  Loss: 0.3988 
2026-01-16 10:25:09,690 - MMSA [INFO] - TRAIN-(msalm) [1/28/3] >> loss: 0.28  Mult_acc_2: 0.8392  Mult_acc_3: 0.7529  Mult_acc_5: 0.5439  F1_score: 0.8430  MAE: 0.2628  Corr: 0.8466  clm loss: 2.8609 total loss: 4.3052 bn loss: 0.3137 av loss: 0.4446 text loss: 0.4061
2026-01-16 10:25:11,555 - MMSA [INFO] - VAL-(msalm) >>  Mult_acc_2: 0.7829  Mult_acc_3: 0.6754  Mult_acc_5: 0.4298  F1_score: 0.7885  MAE: 0.3848  Corr: 0.6663  Loss: 0.4148 
2026-01-16 10:25:19,953 - MMSA [INFO] - TRAIN-(msalm) [2/29/3] >> loss: 0.2787  Mult_acc_2: 0.8633  Mult_acc_3: 0.7705  Mult_acc_5: 0.5526  F1_score: 0.8662  MAE: 0.2617  Corr: 0.8577  clm loss: 2.8135 total loss: 4.2547 bn loss: 0.3127 av loss: 0.4547 text loss: 0.395
2026-01-16 10:25:21,719 - MMSA [INFO] - VAL-(msalm) >>  Mult_acc_2: 0.7895  Mult_acc_3: 0.6820  Mult_acc_5: 0.4254  F1_score: 0.7940  MAE: 0.3848  Corr: 0.6697  Loss: 0.4199 
2026-01-16 10:25:30,098 - MMSA [INFO] - TRAIN-(msalm) [3/30/3] >> loss: 0.276  Mult_acc_2: 0.8567  Mult_acc_3: 0.7727  Mult_acc_5: 0.5694  F1_score: 0.8598  MAE: 0.2580  Corr: 0.8498  clm loss: 2.7794 total loss: 4.2372 bn loss: 0.3175 av loss: 0.4541 text loss: 0.4101
2026-01-16 10:25:31,852 - MMSA [INFO] - VAL-(msalm) >>  Mult_acc_2: 0.7763  Mult_acc_3: 0.6776  Mult_acc_5: 0.4430  F1_score: 0.7826  MAE: 0.3831  Corr: 0.6680  Loss: 0.3882 
2026-01-16 10:25:41,294 - MMSA [INFO] - TRAIN-(msalm) [1/31/3] >> loss: 0.2578  Mult_acc_2: 0.8538  Mult_acc_3: 0.7829  Mult_acc_5: 0.5841  F1_score: 0.8572  MAE: 0.2446  Corr: 0.8684  clm loss: 2.7595 total loss: 4.1362 bn loss: 0.304 av loss: 0.4458 text loss: 0.3691
2026-01-16 10:25:43,061 - MMSA [INFO] - VAL-(msalm) >>  Mult_acc_2: 0.7610  Mult_acc_3: 0.6798  Mult_acc_5: 0.4627  F1_score: 0.7689  MAE: 0.3808  Corr: 0.6678  Loss: 0.4044 
2026-01-16 10:25:51,446 - MMSA [INFO] - TRAIN-(msalm) [2/32/3] >> loss: 0.2537  Mult_acc_2: 0.8589  Mult_acc_3: 0.7851  Mult_acc_5: 0.5870  F1_score: 0.8624  MAE: 0.2379  Corr: 0.8749  clm loss: 2.7615 total loss: 4.1185 bn loss: 0.2837 av loss: 0.4464 text loss: 0.3732
2026-01-16 10:25:53,199 - MMSA [INFO] - VAL-(msalm) >>  Mult_acc_2: 0.7325  Mult_acc_3: 0.6623  Mult_acc_5: 0.4408  F1_score: 0.7428  MAE: 0.3965  Corr: 0.6607  Loss: 0.4006 
2026-01-16 10:26:01,559 - MMSA [INFO] - TRAIN-(msalm) [3/33/3] >> loss: 0.251  Mult_acc_2: 0.8648  Mult_acc_3: 0.7917  Mult_acc_5: 0.5782  F1_score: 0.8676  MAE: 0.2389  Corr: 0.8790  clm loss: 2.7131 total loss: 4.0481 bn loss: 0.2729 av loss: 0.444 text loss: 0.3672
2026-01-16 10:26:03,281 - MMSA [INFO] - VAL-(msalm) >>  Mult_acc_2: 0.7478  Mult_acc_3: 0.6711  Mult_acc_5: 0.4254  F1_score: 0.7561  MAE: 0.3896  Corr: 0.6633  Loss: 0.4029 
2026-01-16 10:26:11,615 - MMSA [INFO] - TRAIN-(msalm) [4/34/3] >> loss: 0.2383  Mult_acc_2: 0.8677  Mult_acc_3: 0.7939  Mult_acc_5: 0.6192  F1_score: 0.8709  MAE: 0.2236  Corr: 0.8868  clm loss: 2.6872 total loss: 3.9848 bn loss: 0.2672 av loss: 0.4414 text loss: 0.3506
2026-01-16 10:26:13,348 - MMSA [INFO] - VAL-(msalm) >>  Mult_acc_2: 0.7434  Mult_acc_3: 0.6820  Mult_acc_5: 0.4561  F1_score: 0.7517  MAE: 0.3838  Corr: 0.6667  Loss: 0.3896 
2026-01-16 10:26:21,724 - MMSA [INFO] - TRAIN-(msalm) [5/35/3] >> loss: 0.239  Mult_acc_2: 0.8655  Mult_acc_3: 0.8041  Mult_acc_5: 0.6140  F1_score: 0.8684  MAE: 0.2210  Corr: 0.8969  clm loss: 2.6406 total loss: 3.9404 bn loss: 0.2696 av loss: 0.4466 text loss: 0.3447
2026-01-16 10:26:23,451 - MMSA [INFO] - VAL-(msalm) >>  Mult_acc_2: 0.7654  Mult_acc_3: 0.6711  Mult_acc_5: 0.4123  F1_score: 0.7721  MAE: 0.3868  Corr: 0.6683  Loss: 0.3970 
2026-01-16 10:26:31,892 - MMSA [INFO] - TRAIN-(msalm) [6/36/3] >> loss: 0.2387  Mult_acc_2: 0.8677  Mult_acc_3: 0.7939  Mult_acc_5: 0.6126  F1_score: 0.8705  MAE: 0.2206  Corr: 0.8911  clm loss: 2.6258 total loss: 3.9134 bn loss: 0.2571 av loss: 0.4494 text loss: 0.3424
2026-01-16 10:26:33,671 - MMSA [INFO] - VAL-(msalm) >>  Mult_acc_2: 0.7829  Mult_acc_3: 0.6667  Mult_acc_5: 0.4320  F1_score: 0.7871  MAE: 0.3860  Corr: 0.6663  Loss: 0.4085 
2026-01-16 10:26:41,964 - MMSA [INFO] - TRAIN-(msalm) [7/37/3] >> loss: 0.2255  Mult_acc_2: 0.8750  Mult_acc_3: 0.8114  Mult_acc_5: 0.6367  F1_score: 0.8779  MAE: 0.2085  Corr: 0.9069  clm loss: 2.609 total loss: 3.8766 bn loss: 0.2525 av loss: 0.4468 text loss: 0.3428
2026-01-16 10:26:43,742 - MMSA [INFO] - VAL-(msalm) >>  Mult_acc_2: 0.7741  Mult_acc_3: 0.6689  Mult_acc_5: 0.4254  F1_score: 0.7788  MAE: 0.3934  Corr: 0.6536  Loss: 0.4181 
2026-01-16 10:26:52,079 - MMSA [INFO] - TRAIN-(msalm) [8/38/3] >> loss: 0.2274  Mult_acc_2: 0.8779  Mult_acc_3: 0.8099  Mult_acc_5: 0.6425  F1_score: 0.8809  MAE: 0.2109  Corr: 0.9024  clm loss: 2.5733 total loss: 3.8178 bn loss: 0.2427 av loss: 0.445 text loss: 0.3292
2026-01-16 10:26:53,851 - MMSA [INFO] - VAL-(msalm) >>  Mult_acc_2: 0.7478  Mult_acc_3: 0.6667  Mult_acc_5: 0.4276  F1_score: 0.7553  MAE: 0.3950  Corr: 0.6494  Loss: 0.4200 
2026-01-16 10:27:02,203 - MMSA [INFO] - TRAIN-(msalm) [9/39/3] >> loss: 0.2162  Mult_acc_2: 0.8684  Mult_acc_3: 0.8056  Mult_acc_5: 0.6433  F1_score: 0.8717  MAE: 0.1999  Corr: 0.9103  clm loss: 2.5609 total loss: 3.7844 bn loss: 0.2416 av loss: 0.4467 text loss: 0.319
2026-01-16 10:27:03,949 - MMSA [INFO] - VAL-(msalm) >>  Mult_acc_2: 0.7588  Mult_acc_3: 0.6645  Mult_acc_5: 0.4232  F1_score: 0.7651  MAE: 0.3962  Corr: 0.6537  Loss: 0.4044 
2026-01-16 10:27:12,321 - MMSA [INFO] - TRAIN-(msalm) [10/40/3] >> loss: 0.2168  Mult_acc_2: 0.8721  Mult_acc_3: 0.8151  Mult_acc_5: 0.6411  F1_score: 0.8752  MAE: 0.2054  Corr: 0.9074  clm loss: 2.5574 total loss: 3.7851 bn loss: 0.2391 av loss: 0.4501 text loss: 0.3217
2026-01-16 10:27:14,050 - MMSA [INFO] - VAL-(msalm) >>  Mult_acc_2: 0.7346  Mult_acc_3: 0.6579  Mult_acc_5: 0.4430  F1_score: 0.7434  MAE: 0.3945  Corr: 0.6521  Loss: 0.4095 
2026-01-16 10:27:16,250 - MMSA [INFO] - TEST-(msalm) >>  Mult_acc_2: 0.8249  Mult_acc_3: 0.7068  Mult_acc_5: 0.4792  F1_score: 0.8286  MAE: 0.3503  Corr: 0.7304  Loss: 0.3660 
2026-01-16 10:27:17,563 - MMSA [INFO] - Result for seed 1992: {'Mult_acc_2': 0.8249, 'Mult_acc_3': 0.7068, 'Mult_acc_5': 0.4792, 'F1_score': 0.8286, 'MAE': 0.3503, 'Corr': 0.7304, 'Loss': 0.366, 'seed': 1992}
2026-01-16 10:27:17,565 - MMSA [INFO] - ------------------------------ Running with seed 1993 [4/5] ------------------------------
2026-01-16 10:28:33,442 - MMSA [INFO] - The model has 181756595 trainable parameters
2026-01-16 10:28:41,755 - MMSA [INFO] - TRAIN-(msalm) [1/1/4] >> loss: 0.6502  Mult_acc_2: 0.5482  Mult_acc_3: 0.3823  Mult_acc_5: 0.1857  F1_score: 0.5610  MAE: 0.6498  Corr: 0.0151  clm loss: 7.5862 total loss: 10.8165 bn loss: 0.8213 av loss: 0.7949 text loss: 0.9639
2026-01-16 10:28:43,605 - MMSA [INFO] - VAL-(msalm) >>  Mult_acc_2: 0.5746  Mult_acc_3: 0.4342  Mult_acc_5: 0.1930  F1_score: 0.5912  MAE: 0.6137  Corr: 0.2288  Loss: 0.6100 
2026-01-16 10:28:53,092 - MMSA [INFO] - TRAIN-(msalm) [1/2/4] >> loss: 0.5527  Mult_acc_2: 0.6447  Mult_acc_3: 0.5102  Mult_acc_5: 0.2420  F1_score: 0.6551  MAE: 0.5506  Corr: 0.3623  clm loss: 6.3586 total loss: 9.1242 bn loss: 0.6731 av loss: 0.6989 text loss: 0.8409
2026-01-16 10:28:54,895 - MMSA [INFO] - VAL-(msalm) >>  Mult_acc_2: 0.5899  Mult_acc_3: 0.4825  Mult_acc_5: 0.2259  F1_score: 0.6062  MAE: 0.5715  Corr: 0.3681  Loss: 0.5678 
2026-01-16 10:29:04,371 - MMSA [INFO] - TRAIN-(msalm) [1/3/4] >> loss: 0.5044  Mult_acc_2: 0.6959  Mult_acc_3: 0.5716  Mult_acc_5: 0.3012  F1_score: 0.7059  MAE: 0.4901  Corr: 0.5129  clm loss: 5.1956 total loss: 7.632 bn loss: 0.5975 av loss: 0.6403 text loss: 0.6942
2026-01-16 10:29:06,158 - MMSA [INFO] - VAL-(msalm) >>  Mult_acc_2: 0.5965  Mult_acc_3: 0.5154  Mult_acc_5: 0.2544  F1_score: 0.6111  MAE: 0.5477  Corr: 0.4928  Loss: 0.5487 
2026-01-16 10:29:15,601 - MMSA [INFO] - TRAIN-(msalm) [1/4/4] >> loss: 0.5009  Mult_acc_2: 0.7083  Mult_acc_3: 0.5980  Mult_acc_5: 0.3377  F1_score: 0.7176  MAE: 0.4716  Corr: 0.5438  clm loss: 4.4476 total loss: 6.7814 bn loss: 0.5623 av loss: 0.6119 text loss: 0.6587
2026-01-16 10:29:17,429 - MMSA [INFO] - VAL-(msalm) >>  Mult_acc_2: 0.6272  Mult_acc_3: 0.5219  Mult_acc_5: 0.2697  F1_score: 0.6415  MAE: 0.5298  Corr: 0.5232  Loss: 0.5445 
2026-01-16 10:29:26,874 - MMSA [INFO] - TRAIN-(msalm) [1/5/4] >> loss: 0.4742  Mult_acc_2: 0.7463  Mult_acc_3: 0.6155  Mult_acc_5: 0.3545  F1_score: 0.7521  MAE: 0.4554  Corr: 0.5721  clm loss: 3.9796 total loss: 6.1839 bn loss: 0.5351 av loss: 0.5912 text loss: 0.6037
2026-01-16 10:29:28,609 - MMSA [INFO] - VAL-(msalm) >>  Mult_acc_2: 0.7171  Mult_acc_3: 0.6009  Mult_acc_5: 0.3268  F1_score: 0.7247  MAE: 0.4627  Corr: 0.5558  Loss: 0.4811 
2026-01-16 10:29:38,090 - MMSA [INFO] - TRAIN-(msalm) [1/6/4] >> loss: 0.4672  Mult_acc_2: 0.7361  Mult_acc_3: 0.6133  Mult_acc_5: 0.3333  F1_score: 0.7400  MAE: 0.4533  Corr: 0.5622  clm loss: 3.7828 total loss: 5.9237 bn loss: 0.5147 av loss: 0.5766 text loss: 0.5823
2026-01-16 10:29:39,910 - MMSA [INFO] - VAL-(msalm) >>  Mult_acc_2: 0.7018  Mult_acc_3: 0.5987  Mult_acc_5: 0.3224  F1_score: 0.7102  MAE: 0.4665  Corr: 0.5458  Loss: 0.4714 
2026-01-16 10:29:49,314 - MMSA [INFO] - TRAIN-(msalm) [1/7/4] >> loss: 0.4686  Mult_acc_2: 0.7427  Mult_acc_3: 0.6133  Mult_acc_5: 0.3487  F1_score: 0.7472  MAE: 0.4531  Corr: 0.5763  clm loss: 3.6109 total loss: 5.7319 bn loss: 0.5155 av loss: 0.5633 text loss: 0.5736
2026-01-16 10:29:51,087 - MMSA [INFO] - VAL-(msalm) >>  Mult_acc_2: 0.6623  Mult_acc_3: 0.5877  Mult_acc_5: 0.3399  F1_score: 0.6757  MAE: 0.4708  Corr: 0.5652  Loss: 0.4866 
2026-01-16 10:29:59,424 - MMSA [INFO] - TRAIN-(msalm) [2/8/4] >> loss: 0.4457  Mult_acc_2: 0.7573  Mult_acc_3: 0.6513  Mult_acc_5: 0.3640  F1_score: 0.7617  MAE: 0.4296  Corr: 0.6129  clm loss: 3.4767 total loss: 5.5096 bn loss: 0.4971 av loss: 0.5481 text loss: 0.542
2026-01-16 10:30:01,227 - MMSA [INFO] - VAL-(msalm) >>  Mult_acc_2: 0.6996  Mult_acc_3: 0.5899  Mult_acc_5: 0.3289  F1_score: 0.7104  MAE: 0.4616  Corr: 0.5702  Loss: 0.4853 
2026-01-16 10:30:09,574 - MMSA [INFO] - TRAIN-(msalm) [3/9/4] >> loss: 0.4391  Mult_acc_2: 0.7646  Mult_acc_3: 0.6601  Mult_acc_5: 0.3743  F1_score: 0.7672  MAE: 0.4253  Corr: 0.6259  clm loss: 3.359 total loss: 5.3655 bn loss: 0.4897 av loss: 0.5368 text loss: 0.5411
2026-01-16 10:30:11,507 - MMSA [INFO] - VAL-(msalm) >>  Mult_acc_2: 0.6930  Mult_acc_3: 0.5877  Mult_acc_5: 0.3246  F1_score: 0.7048  MAE: 0.4617  Corr: 0.5826  Loss: 0.4862 
2026-01-16 10:30:20,131 - MMSA [INFO] - TRAIN-(msalm) [4/10/4] >> loss: 0.4279  Mult_acc_2: 0.7654  Mult_acc_3: 0.6535  Mult_acc_5: 0.3743  F1_score: 0.7681  MAE: 0.4142  Corr: 0.6379  clm loss: 3.3247 total loss: 5.3055 bn loss: 0.4937 av loss: 0.5183 text loss: 0.5409
2026-01-16 10:30:21,923 - MMSA [INFO] - VAL-(msalm) >>  Mult_acc_2: 0.6864  Mult_acc_3: 0.5921  Mult_acc_5: 0.3399  F1_score: 0.6985  MAE: 0.4553  Corr: 0.5931  Loss: 0.4685 
2026-01-16 10:30:31,338 - MMSA [INFO] - TRAIN-(msalm) [1/11/4] >> loss: 0.4152  Mult_acc_2: 0.7858  Mult_acc_3: 0.6630  Mult_acc_5: 0.3933  F1_score: 0.7879  MAE: 0.3988  Corr: 0.6675  clm loss: 3.254 total loss: 5.1938 bn loss: 0.4711 av loss: 0.5017 text loss: 0.5518
2026-01-16 10:30:33,140 - MMSA [INFO] - VAL-(msalm) >>  Mult_acc_2: 0.7149  Mult_acc_3: 0.6272  Mult_acc_5: 0.3640  F1_score: 0.7230  MAE: 0.4207  Corr: 0.6212  Loss: 0.4361 
2026-01-16 10:30:42,551 - MMSA [INFO] - TRAIN-(msalm) [1/12/4] >> loss: 0.4143  Mult_acc_2: 0.7749  Mult_acc_3: 0.6769  Mult_acc_5: 0.3728  F1_score: 0.7767  MAE: 0.4004  Corr: 0.6799  clm loss: 3.245 total loss: 5.1628 bn loss: 0.459 av loss: 0.4936 text loss: 0.5509
2026-01-16 10:30:44,424 - MMSA [INFO] - VAL-(msalm) >>  Mult_acc_2: 0.7566  Mult_acc_3: 0.6404  Mult_acc_5: 0.4079  F1_score: 0.7602  MAE: 0.4106  Corr: 0.6296  Loss: 0.4545 
2026-01-16 10:30:52,711 - MMSA [INFO] - TRAIN-(msalm) [2/13/4] >> loss: 0.4068  Mult_acc_2: 0.7807  Mult_acc_3: 0.6674  Mult_acc_5: 0.4137  F1_score: 0.7842  MAE: 0.3845  Corr: 0.6884  clm loss: 3.2255 total loss: 5.0727 bn loss: 0.4411 av loss: 0.4769 text loss: 0.5223
2026-01-16 10:30:54,565 - MMSA [INFO] - VAL-(msalm) >>  Mult_acc_2: 0.7610  Mult_acc_3: 0.6689  Mult_acc_5: 0.4013  F1_score: 0.7634  MAE: 0.4025  Corr: 0.6437  Loss: 0.4290 
2026-01-16 10:31:03,940 - MMSA [INFO] - TRAIN-(msalm) [1/14/4] >> loss: 0.387  Mult_acc_2: 0.7858  Mult_acc_3: 0.6886  Mult_acc_5: 0.4152  F1_score: 0.7896  MAE: 0.3726  Corr: 0.7113  clm loss: 3.1534 total loss: 4.9599 bn loss: 0.4372 av loss: 0.4817 text loss: 0.5006
2026-01-16 10:31:05,747 - MMSA [INFO] - VAL-(msalm) >>  Mult_acc_2: 0.7807  Mult_acc_3: 0.6645  Mult_acc_5: 0.4057  F1_score: 0.7816  MAE: 0.3945  Corr: 0.6568  Loss: 0.4306 
2026-01-16 10:31:14,039 - MMSA [INFO] - TRAIN-(msalm) [2/15/4] >> loss: 0.3743  Mult_acc_2: 0.8019  Mult_acc_3: 0.6974  Mult_acc_5: 0.4444  F1_score: 0.8044  MAE: 0.3536  Corr: 0.7387  clm loss: 3.1476 total loss: 4.926 bn loss: 0.4295 av loss: 0.4667 text loss: 0.5079
2026-01-16 10:31:15,977 - MMSA [INFO] - VAL-(msalm) >>  Mult_acc_2: 0.6930  Mult_acc_3: 0.6294  Mult_acc_5: 0.3728  F1_score: 0.7043  MAE: 0.4095  Corr: 0.6605  Loss: 0.4406 
2026-01-16 10:31:24,264 - MMSA [INFO] - TRAIN-(msalm) [3/16/4] >> loss: 0.3689  Mult_acc_2: 0.7924  Mult_acc_3: 0.6813  Mult_acc_5: 0.4225  F1_score: 0.7951  MAE: 0.3529  Corr: 0.7422  clm loss: 3.1382 total loss: 4.863 bn loss: 0.4203 av loss: 0.4725 text loss: 0.463
2026-01-16 10:31:26,169 - MMSA [INFO] - VAL-(msalm) >>  Mult_acc_2: 0.7127  Mult_acc_3: 0.6425  Mult_acc_5: 0.3969  F1_score: 0.7240  MAE: 0.4149  Corr: 0.6645  Loss: 0.4388 
2026-01-16 10:31:34,467 - MMSA [INFO] - TRAIN-(msalm) [4/17/4] >> loss: 0.3747  Mult_acc_2: 0.8136  Mult_acc_3: 0.7039  Mult_acc_5: 0.4496  F1_score: 0.8158  MAE: 0.3531  Corr: 0.7347  clm loss: 3.1236 total loss: 4.8559 bn loss: 0.4119 av loss: 0.4704 text loss: 0.4753
2026-01-16 10:31:36,268 - MMSA [INFO] - VAL-(msalm) >>  Mult_acc_2: 0.7566  Mult_acc_3: 0.6667  Mult_acc_5: 0.4035  F1_score: 0.7646  MAE: 0.3980  Corr: 0.6669  Loss: 0.4240 
2026-01-16 10:31:45,838 - MMSA [INFO] - TRAIN-(msalm) [1/18/4] >> loss: 0.3556  Mult_acc_2: 0.8246  Mult_acc_3: 0.7178  Mult_acc_5: 0.4576  F1_score: 0.8271  MAE: 0.3436  Corr: 0.7532  clm loss: 3.0733 total loss: 4.7595 bn loss: 0.3982 av loss: 0.4681 text loss: 0.4643
2026-01-16 10:31:47,641 - MMSA [INFO] - VAL-(msalm) >>  Mult_acc_2: 0.7544  Mult_acc_3: 0.6689  Mult_acc_5: 0.4145  F1_score: 0.7618  MAE: 0.4004  Corr: 0.6574  Loss: 0.4247 
2026-01-16 10:31:55,937 - MMSA [INFO] - TRAIN-(msalm) [2/19/4] >> loss: 0.3491  Mult_acc_2: 0.8304  Mult_acc_3: 0.7186  Mult_acc_5: 0.4488  F1_score: 0.8322  MAE: 0.3298  Corr: 0.7701  clm loss: 3.076 total loss: 4.7459 bn loss: 0.393 av loss: 0.4661 text loss: 0.4619
2026-01-16 10:31:57,777 - MMSA [INFO] - VAL-(msalm) >>  Mult_acc_2: 0.7654  Mult_acc_3: 0.6513  Mult_acc_5: 0.4013  F1_score: 0.7721  MAE: 0.3958  Corr: 0.6604  Loss: 0.4229 
2026-01-16 10:32:07,174 - MMSA [INFO] - TRAIN-(msalm) [1/20/4] >> loss: 0.3451  Mult_acc_2: 0.8209  Mult_acc_3: 0.7135  Mult_acc_5: 0.4737  F1_score: 0.8228  MAE: 0.3294  Corr: 0.7711  clm loss: 3.0443 total loss: 4.6896 bn loss: 0.3782 av loss: 0.4641 text loss: 0.4579
2026-01-16 10:32:08,957 - MMSA [INFO] - VAL-(msalm) >>  Mult_acc_2: 0.7741  Mult_acc_3: 0.6557  Mult_acc_5: 0.4079  F1_score: 0.7791  MAE: 0.3926  Corr: 0.6631  Loss: 0.4143 
2026-01-16 10:32:18,355 - MMSA [INFO] - TRAIN-(msalm) [1/21/4] >> loss: 0.335  Mult_acc_2: 0.8297  Mult_acc_3: 0.7332  Mult_acc_5: 0.4737  F1_score: 0.8332  MAE: 0.3161  Corr: 0.7908  clm loss: 2.9777 total loss: 4.5791 bn loss: 0.3658 av loss: 0.4697 text loss: 0.4308
2026-01-16 10:32:20,233 - MMSA [INFO] - VAL-(msalm) >>  Mult_acc_2: 0.7741  Mult_acc_3: 0.6557  Mult_acc_5: 0.4101  F1_score: 0.7804  MAE: 0.3872  Corr: 0.6716  Loss: 0.4083 
2026-01-16 10:32:29,621 - MMSA [INFO] - TRAIN-(msalm) [1/22/4] >> loss: 0.3186  Mult_acc_2: 0.8348  Mult_acc_3: 0.7471  Mult_acc_5: 0.5037  F1_score: 0.8379  MAE: 0.3049  Corr: 0.8008  clm loss: 3.0172 total loss: 4.621 bn loss: 0.3669 av loss: 0.4639 text loss: 0.4544
2026-01-16 10:32:31,412 - MMSA [INFO] - VAL-(msalm) >>  Mult_acc_2: 0.7478  Mult_acc_3: 0.6645  Mult_acc_5: 0.4057  F1_score: 0.7569  MAE: 0.3971  Corr: 0.6700  Loss: 0.4284 
2026-01-16 10:32:39,687 - MMSA [INFO] - TRAIN-(msalm) [2/23/4] >> loss: 0.32  Mult_acc_2: 0.8341  Mult_acc_3: 0.7456  Mult_acc_5: 0.5095  F1_score: 0.8369  MAE: 0.3054  Corr: 0.8003  clm loss: 2.9831 total loss: 4.5676 bn loss: 0.3528 av loss: 0.4639 text loss: 0.4479
2026-01-16 10:32:41,518 - MMSA [INFO] - VAL-(msalm) >>  Mult_acc_2: 0.7697  Mult_acc_3: 0.6645  Mult_acc_5: 0.4167  F1_score: 0.7764  MAE: 0.3842  Corr: 0.6765  Loss: 0.4062 
2026-01-16 10:32:50,920 - MMSA [INFO] - TRAIN-(msalm) [1/24/4] >> loss: 0.3077  Mult_acc_2: 0.8341  Mult_acc_3: 0.7522  Mult_acc_5: 0.5197  F1_score: 0.8374  MAE: 0.2909  Corr: 0.8208  clm loss: 2.9379 total loss: 4.4721 bn loss: 0.3394 av loss: 0.4596 text loss: 0.4275
2026-01-16 10:32:52,779 - MMSA [INFO] - VAL-(msalm) >>  Mult_acc_2: 0.7544  Mult_acc_3: 0.6754  Mult_acc_5: 0.4101  F1_score: 0.7620  MAE: 0.3889  Corr: 0.6731  Loss: 0.4070 
2026-01-16 10:33:01,201 - MMSA [INFO] - TRAIN-(msalm) [2/25/4] >> loss: 0.2973  Mult_acc_2: 0.8421  Mult_acc_3: 0.7566  Mult_acc_5: 0.5227  F1_score: 0.8452  MAE: 0.2828  Corr: 0.8325  clm loss: 2.9092 total loss: 4.4065 bn loss: 0.341 av loss: 0.4616 text loss: 0.3974
2026-01-16 10:33:03,030 - MMSA [INFO] - VAL-(msalm) >>  Mult_acc_2: 0.7632  Mult_acc_3: 0.6645  Mult_acc_5: 0.4123  F1_score: 0.7705  MAE: 0.3860  Corr: 0.6728  Loss: 0.4052 
2026-01-16 10:33:12,514 - MMSA [INFO] - TRAIN-(msalm) [1/26/4] >> loss: 0.2908  Mult_acc_2: 0.8458  Mult_acc_3: 0.7595  Mult_acc_5: 0.5322  F1_score: 0.8489  MAE: 0.2732  Corr: 0.8411  clm loss: 2.9008 total loss: 4.3801 bn loss: 0.3168 av loss: 0.4552 text loss: 0.4165
2026-01-16 10:33:14,355 - MMSA [INFO] - VAL-(msalm) >>  Mult_acc_2: 0.7785  Mult_acc_3: 0.6754  Mult_acc_5: 0.4254  F1_score: 0.7839  MAE: 0.3876  Corr: 0.6705  Loss: 0.3977 
2026-01-16 10:33:23,767 - MMSA [INFO] - TRAIN-(msalm) [1/27/4] >> loss: 0.2866  Mult_acc_2: 0.8516  Mult_acc_3: 0.7668  Mult_acc_5: 0.5424  F1_score: 0.8545  MAE: 0.2705  Corr: 0.8437  clm loss: 2.8657 total loss: 4.3227 bn loss: 0.315 av loss: 0.4578 text loss: 0.3977
2026-01-16 10:33:25,563 - MMSA [INFO] - VAL-(msalm) >>  Mult_acc_2: 0.7719  Mult_acc_3: 0.6645  Mult_acc_5: 0.4167  F1_score: 0.7768  MAE: 0.3858  Corr: 0.6660  Loss: 0.4215 
2026-01-16 10:33:33,874 - MMSA [INFO] - TRAIN-(msalm) [2/28/4] >> loss: 0.2761  Mult_acc_2: 0.8399  Mult_acc_3: 0.7617  Mult_acc_5: 0.5380  F1_score: 0.8437  MAE: 0.2599  Corr: 0.8512  clm loss: 2.832 total loss: 4.2705 bn loss: 0.3186 av loss: 0.464 text loss: 0.3798
2026-01-16 10:33:35,655 - MMSA [INFO] - VAL-(msalm) >>  Mult_acc_2: 0.7522  Mult_acc_3: 0.6754  Mult_acc_5: 0.4276  F1_score: 0.7596  MAE: 0.3885  Corr: 0.6641  Loss: 0.4237 
2026-01-16 10:33:43,961 - MMSA [INFO] - TRAIN-(msalm) [3/29/4] >> loss: 0.2787  Mult_acc_2: 0.8545  Mult_acc_3: 0.7734  Mult_acc_5: 0.5519  F1_score: 0.8576  MAE: 0.2632  Corr: 0.8554  clm loss: 2.832 total loss: 4.25 bn loss: 0.3083 av loss: 0.4547 text loss: 0.3763
2026-01-16 10:33:45,739 - MMSA [INFO] - VAL-(msalm) >>  Mult_acc_2: 0.7500  Mult_acc_3: 0.6623  Mult_acc_5: 0.4276  F1_score: 0.7584  MAE: 0.3945  Corr: 0.6619  Loss: 0.4096 
2026-01-16 10:33:54,031 - MMSA [INFO] - TRAIN-(msalm) [4/30/4] >> loss: 0.2616  Mult_acc_2: 0.8611  Mult_acc_3: 0.7887  Mult_acc_5: 0.5651  F1_score: 0.8638  MAE: 0.2479  Corr: 0.8731  clm loss: 2.8122 total loss: 4.2009 bn loss: 0.3047 av loss: 0.4435 text loss: 0.3789
2026-01-16 10:33:55,811 - MMSA [INFO] - VAL-(msalm) >>  Mult_acc_2: 0.7522  Mult_acc_3: 0.6667  Mult_acc_5: 0.4320  F1_score: 0.7596  MAE: 0.3947  Corr: 0.6521  Loss: 0.4318 
2026-01-16 10:34:04,096 - MMSA [INFO] - TRAIN-(msalm) [5/31/4] >> loss: 0.2644  Mult_acc_2: 0.8582  Mult_acc_3: 0.7814  Mult_acc_5: 0.5636  F1_score: 0.8607  MAE: 0.2492  Corr: 0.8703  clm loss: 2.7881 total loss: 4.1901 bn loss: 0.2955 av loss: 0.4573 text loss: 0.3846
2026-01-16 10:34:05,883 - MMSA [INFO] - VAL-(msalm) >>  Mult_acc_2: 0.7412  Mult_acc_3: 0.6557  Mult_acc_5: 0.4189  F1_score: 0.7485  MAE: 0.4042  Corr: 0.6454  Loss: 0.4082 
2026-01-16 10:34:14,173 - MMSA [INFO] - TRAIN-(msalm) [6/32/4] >> loss: 0.2456  Mult_acc_2: 0.8596  Mult_acc_3: 0.7968  Mult_acc_5: 0.5994  F1_score: 0.8623  MAE: 0.2295  Corr: 0.8832  clm loss: 2.7454 total loss: 4.1052 bn loss: 0.2772 av loss: 0.4569 text loss: 0.3801
2026-01-16 10:34:16,238 - MMSA [INFO] - VAL-(msalm) >>  Mult_acc_2: 0.7456  Mult_acc_3: 0.6711  Mult_acc_5: 0.4298  F1_score: 0.7545  MAE: 0.4016  Corr: 0.6558  Loss: 0.4155 
2026-01-16 10:34:24,552 - MMSA [INFO] - TRAIN-(msalm) [7/33/4] >> loss: 0.237  Mult_acc_2: 0.8582  Mult_acc_3: 0.8004  Mult_acc_5: 0.6265  F1_score: 0.8614  MAE: 0.2166  Corr: 0.8954  clm loss: 2.7104 total loss: 4.0263 bn loss: 0.2647 av loss: 0.457 text loss: 0.3572
2026-01-16 10:34:26,369 - MMSA [INFO] - VAL-(msalm) >>  Mult_acc_2: 0.7851  Mult_acc_3: 0.6623  Mult_acc_5: 0.4364  F1_score: 0.7878  MAE: 0.3927  Corr: 0.6561  Loss: 0.4097 
2026-01-16 10:34:34,681 - MMSA [INFO] - TRAIN-(msalm) [8/34/4] >> loss: 0.2469  Mult_acc_2: 0.8706  Mult_acc_3: 0.7961  Mult_acc_5: 0.5994  F1_score: 0.8729  MAE: 0.2297  Corr: 0.8907  clm loss: 2.7128 total loss: 4.0421 bn loss: 0.2692 av loss: 0.4549 text loss: 0.3583
2026-01-16 10:34:36,492 - MMSA [INFO] - VAL-(msalm) >>  Mult_acc_2: 0.7632  Mult_acc_3: 0.6491  Mult_acc_5: 0.4320  F1_score: 0.7672  MAE: 0.3895  Corr: 0.6570  Loss: 0.4056 
2026-01-16 10:34:44,786 - MMSA [INFO] - TRAIN-(msalm) [9/35/4] >> loss: 0.2314  Mult_acc_2: 0.8670  Mult_acc_3: 0.8092  Mult_acc_5: 0.6323  F1_score: 0.8695  MAE: 0.2127  Corr: 0.9041  clm loss: 2.6473 total loss: 3.917 bn loss: 0.2556 av loss: 0.4502 text loss: 0.3324
2026-01-16 10:34:46,548 - MMSA [INFO] - VAL-(msalm) >>  Mult_acc_2: 0.7588  Mult_acc_3: 0.6557  Mult_acc_5: 0.4211  F1_score: 0.7614  MAE: 0.3975  Corr: 0.6446  Loss: 0.4088 
2026-01-16 10:34:54,823 - MMSA [INFO] - TRAIN-(msalm) [10/36/4] >> loss: 0.2208  Mult_acc_2: 0.8867  Mult_acc_3: 0.8187  Mult_acc_5: 0.6345  F1_score: 0.8891  MAE: 0.2007  Corr: 0.9133  clm loss: 2.6328 total loss: 3.8932 bn loss: 0.2558 av loss: 0.4462 text loss: 0.3375
2026-01-16 10:34:56,678 - MMSA [INFO] - VAL-(msalm) >>  Mult_acc_2: 0.7763  Mult_acc_3: 0.6535  Mult_acc_5: 0.4254  F1_score: 0.7811  MAE: 0.3913  Corr: 0.6521  Loss: 0.4147 
2026-01-16 10:34:58,937 - MMSA [INFO] - TEST-(msalm) >>  Mult_acc_2: 0.8184  Mult_acc_3: 0.7265  Mult_acc_5: 0.4770  F1_score: 0.8216  MAE: 0.3537  Corr: 0.7274  Loss: 0.3613 
2026-01-16 10:35:00,242 - MMSA [INFO] - Result for seed 1993: {'Mult_acc_2': 0.8184, 'Mult_acc_3': 0.7265, 'Mult_acc_5': 0.477, 'F1_score': 0.8216, 'MAE': 0.3537, 'Corr': 0.7274, 'Loss': 0.3613, 'seed': 1993}
2026-01-16 10:35:00,244 - MMSA [INFO] - ------------------------------ Running with seed 1994 [5/5] ------------------------------
2026-01-16 10:36:18,688 - MMSA [INFO] - The model has 181756595 trainable parameters
2026-01-16 10:36:27,229 - MMSA [INFO] - TRAIN-(msalm) [1/1/5] >> loss: 0.7337  Mult_acc_2: 0.3852  Mult_acc_3: 0.3114  Mult_acc_5: 0.1711  F1_score: 0.3488  MAE: 0.7341  Corr: 0.0225  clm loss: 7.606 total loss: 10.8915 bn loss: 0.8546 av loss: 0.6817 text loss: 1.0156
2026-01-16 10:36:29,080 - MMSA [INFO] - VAL-(msalm) >>  Mult_acc_2: 0.5241  Mult_acc_3: 0.3662  Mult_acc_5: 0.1864  F1_score: 0.5426  MAE: 0.6397  Corr: 0.0807  Loss: 0.6440 
2026-01-16 10:36:38,499 - MMSA [INFO] - TRAIN-(msalm) [1/2/5] >> loss: 0.6512  Mult_acc_2: 0.4803  Mult_acc_3: 0.3955  Mult_acc_5: 0.1952  F1_score: 0.4688  MAE: 0.6470  Corr: 0.3588  clm loss: 6.411 total loss: 9.232 bn loss: 0.6791 av loss: 0.6364 text loss: 0.8543
2026-01-16 10:36:40,239 - MMSA [INFO] - VAL-(msalm) >>  Mult_acc_2: 0.6162  Mult_acc_3: 0.4868  Mult_acc_5: 0.2390  F1_score: 0.6308  MAE: 0.5654  Corr: 0.3743  Loss: 0.5563 
2026-01-16 10:36:49,737 - MMSA [INFO] - TRAIN-(msalm) [1/3/5] >> loss: 0.6046  Mult_acc_2: 0.5607  Mult_acc_3: 0.4737  Mult_acc_5: 0.2529  F1_score: 0.5647  MAE: 0.5886  Corr: 0.4758  clm loss: 5.2911 total loss: 7.7902 bn loss: 0.5811 av loss: 0.5928 text loss: 0.7207
2026-01-16 10:36:51,527 - MMSA [INFO] - VAL-(msalm) >>  Mult_acc_2: 0.6250  Mult_acc_3: 0.4934  Mult_acc_5: 0.2237  F1_score: 0.6393  MAE: 0.5574  Corr: 0.4637  Loss: 0.5739 
2026-01-16 10:36:59,901 - MMSA [INFO] - TRAIN-(msalm) [2/4/5] >> loss: 0.5748  Mult_acc_2: 0.6287  Mult_acc_3: 0.5534  Mult_acc_5: 0.3070  F1_score: 0.6400  MAE: 0.5352  Corr: 0.5470  clm loss: 4.5063 total loss: 6.8517 bn loss: 0.5625 av loss: 0.567 text loss: 0.641
2026-01-16 10:37:01,712 - MMSA [INFO] - VAL-(msalm) >>  Mult_acc_2: 0.6272  Mult_acc_3: 0.5219  Mult_acc_5: 0.2478  F1_score: 0.6411  MAE: 0.5595  Corr: 0.4809  Loss: 0.5962 
2026-01-16 10:37:10,095 - MMSA [INFO] - TRAIN-(msalm) [3/5/5] >> loss: 0.5524  Mult_acc_2: 0.6440  Mult_acc_3: 0.5592  Mult_acc_5: 0.3099  F1_score: 0.6561  MAE: 0.5164  Corr: 0.5686  clm loss: 4.0193 total loss: 6.2631 bn loss: 0.5212 av loss: 0.5533 text loss: 0.6169
2026-01-16 10:37:11,984 - MMSA [INFO] - VAL-(msalm) >>  Mult_acc_2: 0.6228  Mult_acc_3: 0.5307  Mult_acc_5: 0.2785  F1_score: 0.6367  MAE: 0.5420  Corr: 0.4929  Loss: 0.5653 
2026-01-16 10:37:20,411 - MMSA [INFO] - TRAIN-(msalm) [4/6/5] >> loss: 0.5256  Mult_acc_2: 0.6542  Mult_acc_3: 0.5643  Mult_acc_5: 0.3129  F1_score: 0.6663  MAE: 0.4991  Corr: 0.5745  clm loss: 3.8112 total loss: 5.9648 bn loss: 0.5048 av loss: 0.5352 text loss: 0.5881
2026-01-16 10:37:22,203 - MMSA [INFO] - VAL-(msalm) >>  Mult_acc_2: 0.6447  Mult_acc_3: 0.5526  Mult_acc_5: 0.2939  F1_score: 0.6582  MAE: 0.5224  Corr: 0.5010  Loss: 0.5449 
2026-01-16 10:37:31,889 - MMSA [INFO] - TRAIN-(msalm) [1/7/5] >> loss: 0.5227  Mult_acc_2: 0.6586  Mult_acc_3: 0.5621  Mult_acc_5: 0.2953  F1_score: 0.6710  MAE: 0.5023  Corr: 0.5748  clm loss: 3.6456 total loss: 5.7756 bn loss: 0.4986 av loss: 0.5143 text loss: 0.5944
2026-01-16 10:37:33,658 - MMSA [INFO] - VAL-(msalm) >>  Mult_acc_2: 0.6908  Mult_acc_3: 0.5943  Mult_acc_5: 0.3268  F1_score: 0.7029  MAE: 0.4901  Corr: 0.5216  Loss: 0.5153 
2026-01-16 10:37:43,188 - MMSA [INFO] - TRAIN-(msalm) [1/8/5] >> loss: 0.4929  Mult_acc_2: 0.6689  Mult_acc_3: 0.5760  Mult_acc_5: 0.3370  F1_score: 0.6814  MAE: 0.4781  Corr: 0.5951  clm loss: 3.466 total loss: 5.5423 bn loss: 0.4844 av loss: 0.4918 text loss: 0.6073
2026-01-16 10:37:44,965 - MMSA [INFO] - VAL-(msalm) >>  Mult_acc_2: 0.6382  Mult_acc_3: 0.5636  Mult_acc_5: 0.3092  F1_score: 0.6523  MAE: 0.4962  Corr: 0.5432  Loss: 0.5280 
2026-01-16 10:37:53,308 - MMSA [INFO] - TRAIN-(msalm) [2/9/5] >> loss: 0.4715  Mult_acc_2: 0.6908  Mult_acc_3: 0.6089  Mult_acc_5: 0.3399  F1_score: 0.7026  MAE: 0.4584  Corr: 0.6293  clm loss: 3.3507 total loss: 5.3982 bn loss: 0.5 av loss: 0.483 text loss: 0.593
2026-01-16 10:37:55,049 - MMSA [INFO] - VAL-(msalm) >>  Mult_acc_2: 0.6535  Mult_acc_3: 0.5461  Mult_acc_5: 0.3246  F1_score: 0.6670  MAE: 0.5060  Corr: 0.5455  Loss: 0.5443 
2026-01-16 10:38:03,424 - MMSA [INFO] - TRAIN-(msalm) [3/10/5] >> loss: 0.4656  Mult_acc_2: 0.7061  Mult_acc_3: 0.6009  Mult_acc_5: 0.3333  F1_score: 0.7176  MAE: 0.4498  Corr: 0.6236  clm loss: 3.3307 total loss: 5.3022 bn loss: 0.4843 av loss: 0.4785 text loss: 0.5432
2026-01-16 10:38:05,244 - MMSA [INFO] - VAL-(msalm) >>  Mult_acc_2: 0.6952  Mult_acc_3: 0.6053  Mult_acc_5: 0.3684  F1_score: 0.7055  MAE: 0.4642  Corr: 0.5473  Loss: 0.5011 
2026-01-16 10:38:14,745 - MMSA [INFO] - TRAIN-(msalm) [1/11/5] >> loss: 0.4439  Mult_acc_2: 0.7317  Mult_acc_3: 0.6374  Mult_acc_5: 0.3728  F1_score: 0.7419  MAE: 0.4236  Corr: 0.6580  clm loss: 3.2799 total loss: 5.204 bn loss: 0.4634 av loss: 0.4708 text loss: 0.5461
2026-01-16 10:38:16,573 - MMSA [INFO] - VAL-(msalm) >>  Mult_acc_2: 0.7039  Mult_acc_3: 0.6053  Mult_acc_5: 0.3531  F1_score: 0.7141  MAE: 0.4541  Corr: 0.5702  Loss: 0.4949 
2026-01-16 10:38:26,207 - MMSA [INFO] - TRAIN-(msalm) [1/12/5] >> loss: 0.432  Mult_acc_2: 0.7368  Mult_acc_3: 0.6418  Mult_acc_5: 0.3377  F1_score: 0.7468  MAE: 0.4217  Corr: 0.6682  clm loss: 3.2573 total loss: 5.1722 bn loss: 0.4667 av loss: 0.4705 text loss: 0.5458
2026-01-16 10:38:28,036 - MMSA [INFO] - VAL-(msalm) >>  Mult_acc_2: 0.6864  Mult_acc_3: 0.5987  Mult_acc_5: 0.3443  F1_score: 0.6981  MAE: 0.4476  Corr: 0.5914  Loss: 0.4744 
2026-01-16 10:38:37,498 - MMSA [INFO] - TRAIN-(msalm) [1/13/5] >> loss: 0.4251  Mult_acc_2: 0.7632  Mult_acc_3: 0.6623  Mult_acc_5: 0.3794  F1_score: 0.7716  MAE: 0.4075  Corr: 0.6884  clm loss: 3.2053 total loss: 5.0513 bn loss: 0.4448 av loss: 0.4609 text loss: 0.5151
2026-01-16 10:38:39,360 - MMSA [INFO] - VAL-(msalm) >>  Mult_acc_2: 0.7654  Mult_acc_3: 0.6338  Mult_acc_5: 0.3947  F1_score: 0.7699  MAE: 0.4255  Corr: 0.6076  Loss: 0.4734 
2026-01-16 10:38:48,839 - MMSA [INFO] - TRAIN-(msalm) [1/14/5] >> loss: 0.4033  Mult_acc_2: 0.7734  Mult_acc_3: 0.6586  Mult_acc_5: 0.3940  F1_score: 0.7806  MAE: 0.3861  Corr: 0.7005  clm loss: 3.2074 total loss: 5.0115 bn loss: 0.4351 av loss: 0.4664 text loss: 0.4994
2026-01-16 10:38:50,580 - MMSA [INFO] - VAL-(msalm) >>  Mult_acc_2: 0.7566  Mult_acc_3: 0.6689  Mult_acc_5: 0.4101  F1_score: 0.7633  MAE: 0.4143  Corr: 0.6257  Loss: 0.4397 
2026-01-16 10:39:00,086 - MMSA [INFO] - TRAIN-(msalm) [1/15/5] >> loss: 0.3995  Mult_acc_2: 0.7924  Mult_acc_3: 0.6711  Mult_acc_5: 0.3823  F1_score: 0.7989  MAE: 0.3871  Corr: 0.7144  clm loss: 3.1588 total loss: 4.9532 bn loss: 0.4285 av loss: 0.4692 text loss: 0.4973
2026-01-16 10:39:01,857 - MMSA [INFO] - VAL-(msalm) >>  Mult_acc_2: 0.7544  Mult_acc_3: 0.6557  Mult_acc_5: 0.4189  F1_score: 0.7599  MAE: 0.4048  Corr: 0.6339  Loss: 0.4345 
2026-01-16 10:39:11,324 - MMSA [INFO] - TRAIN-(msalm) [1/16/5] >> loss: 0.3785  Mult_acc_2: 0.7851  Mult_acc_3: 0.6974  Mult_acc_5: 0.4386  F1_score: 0.7918  MAE: 0.3568  Corr: 0.7421  clm loss: 3.141 total loss: 4.8692 bn loss: 0.4045 av loss: 0.4612 text loss: 0.4839
2026-01-16 10:39:13,087 - MMSA [INFO] - VAL-(msalm) >>  Mult_acc_2: 0.7588  Mult_acc_3: 0.6557  Mult_acc_5: 0.4320  F1_score: 0.7651  MAE: 0.4004  Corr: 0.6412  Loss: 0.4411 
2026-01-16 10:39:21,435 - MMSA [INFO] - TRAIN-(msalm) [2/17/5] >> loss: 0.373  Mult_acc_2: 0.8004  Mult_acc_3: 0.6944  Mult_acc_5: 0.4123  F1_score: 0.8058  MAE: 0.3538  Corr: 0.7503  clm loss: 3.1178 total loss: 4.8411 bn loss: 0.4068 av loss: 0.4681 text loss: 0.4754
2026-01-16 10:39:23,212 - MMSA [INFO] - VAL-(msalm) >>  Mult_acc_2: 0.7697  Mult_acc_3: 0.6820  Mult_acc_5: 0.4320  F1_score: 0.7725  MAE: 0.3995  Corr: 0.6440  Loss: 0.4421 
2026-01-16 10:39:31,701 - MMSA [INFO] - TRAIN-(msalm) [3/18/5] >> loss: 0.3672  Mult_acc_2: 0.8063  Mult_acc_3: 0.7127  Mult_acc_5: 0.4284  F1_score: 0.8111  MAE: 0.3492  Corr: 0.7504  clm loss: 3.0681 total loss: 4.763 bn loss: 0.3944 av loss: 0.4621 text loss: 0.4713
2026-01-16 10:39:33,501 - MMSA [INFO] - VAL-(msalm) >>  Mult_acc_2: 0.7478  Mult_acc_3: 0.6535  Mult_acc_5: 0.4189  F1_score: 0.7545  MAE: 0.3941  Corr: 0.6500  Loss: 0.4151 
2026-01-16 10:39:42,974 - MMSA [INFO] - TRAIN-(msalm) [1/19/5] >> loss: 0.3606  Mult_acc_2: 0.8099  Mult_acc_3: 0.6901  Mult_acc_5: 0.4364  F1_score: 0.8133  MAE: 0.3441  Corr: 0.7559  clm loss: 3.1015 total loss: 4.7718 bn loss: 0.3906 av loss: 0.4635 text loss: 0.4556
2026-01-16 10:39:44,755 - MMSA [INFO] - VAL-(msalm) >>  Mult_acc_2: 0.7851  Mult_acc_3: 0.6601  Mult_acc_5: 0.4232  F1_score: 0.7871  MAE: 0.3915  Corr: 0.6492  Loss: 0.4184 
2026-01-16 10:39:53,068 - MMSA [INFO] - TRAIN-(msalm) [2/20/5] >> loss: 0.3452  Mult_acc_2: 0.8209  Mult_acc_3: 0.7215  Mult_acc_5: 0.4627  F1_score: 0.8244  MAE: 0.3270  Corr: 0.7770  clm loss: 3.0305 total loss: 4.6733 bn loss: 0.387 av loss: 0.4574 text loss: 0.4532
2026-01-16 10:39:54,851 - MMSA [INFO] - VAL-(msalm) >>  Mult_acc_2: 0.7873  Mult_acc_3: 0.6579  Mult_acc_5: 0.4123  F1_score: 0.7905  MAE: 0.3908  Corr: 0.6564  Loss: 0.4271 
2026-01-16 10:40:03,251 - MMSA [INFO] - TRAIN-(msalm) [3/21/5] >> loss: 0.3367  Mult_acc_2: 0.8326  Mult_acc_3: 0.7398  Mult_acc_5: 0.4803  F1_score: 0.8360  MAE: 0.3190  Corr: 0.7956  clm loss: 3.0217 total loss: 4.6149 bn loss: 0.3711 av loss: 0.4476 text loss: 0.4379
2026-01-16 10:40:05,042 - MMSA [INFO] - VAL-(msalm) >>  Mult_acc_2: 0.7873  Mult_acc_3: 0.6623  Mult_acc_5: 0.4013  F1_score: 0.7887  MAE: 0.3938  Corr: 0.6499  Loss: 0.4188 
2026-01-16 10:40:13,408 - MMSA [INFO] - TRAIN-(msalm) [4/22/5] >> loss: 0.3245  Mult_acc_2: 0.8260  Mult_acc_3: 0.7420  Mult_acc_5: 0.4883  F1_score: 0.8294  MAE: 0.3105  Corr: 0.7961  clm loss: 2.9934 total loss: 4.615 bn loss: 0.3709 av loss: 0.4584 text loss: 0.4678
2026-01-16 10:40:15,196 - MMSA [INFO] - VAL-(msalm) >>  Mult_acc_2: 0.7675  Mult_acc_3: 0.6513  Mult_acc_5: 0.3860  F1_score: 0.7739  MAE: 0.3964  Corr: 0.6580  Loss: 0.4231 
2026-01-16 10:40:23,554 - MMSA [INFO] - TRAIN-(msalm) [5/23/5] >> loss: 0.3165  Mult_acc_2: 0.8582  Mult_acc_3: 0.7537  Mult_acc_5: 0.5095  F1_score: 0.8606  MAE: 0.3009  Corr: 0.8121  clm loss: 2.961 total loss: 4.5072 bn loss: 0.3395 av loss: 0.4544 text loss: 0.4358
2026-01-16 10:40:25,338 - MMSA [INFO] - VAL-(msalm) >>  Mult_acc_2: 0.7851  Mult_acc_3: 0.6623  Mult_acc_5: 0.4145  F1_score: 0.7888  MAE: 0.3887  Corr: 0.6672  Loss: 0.4106 
2026-01-16 10:40:34,989 - MMSA [INFO] - TRAIN-(msalm) [1/24/5] >> loss: 0.3071  Mult_acc_2: 0.8406  Mult_acc_3: 0.7500  Mult_acc_5: 0.5051  F1_score: 0.8419  MAE: 0.2911  Corr: 0.8248  clm loss: 2.9601 total loss: 4.5306 bn loss: 0.3496 av loss: 0.456 text loss: 0.4578
2026-01-16 10:40:36,846 - MMSA [INFO] - VAL-(msalm) >>  Mult_acc_2: 0.7719  Mult_acc_3: 0.6864  Mult_acc_5: 0.4145  F1_score: 0.7792  MAE: 0.3931  Corr: 0.6704  Loss: 0.4117 
2026-01-16 10:40:45,203 - MMSA [INFO] - TRAIN-(msalm) [2/25/5] >> loss: 0.301  Mult_acc_2: 0.8385  Mult_acc_3: 0.7610  Mult_acc_5: 0.5190  F1_score: 0.8417  MAE: 0.2831  Corr: 0.8286  clm loss: 2.9128 total loss: 4.4447 bn loss: 0.3384 av loss: 0.4601 text loss: 0.4324
2026-01-16 10:40:46,980 - MMSA [INFO] - VAL-(msalm) >>  Mult_acc_2: 0.7807  Mult_acc_3: 0.6776  Mult_acc_5: 0.4342  F1_score: 0.7864  MAE: 0.3844  Corr: 0.6684  Loss: 0.4337 
2026-01-16 10:40:55,333 - MMSA [INFO] - TRAIN-(msalm) [3/26/5] >> loss: 0.2879  Mult_acc_2: 0.8553  Mult_acc_3: 0.7697  Mult_acc_5: 0.5424  F1_score: 0.8578  MAE: 0.2705  Corr: 0.8413  clm loss: 2.8995 total loss: 4.415 bn loss: 0.3337 av loss: 0.4511 text loss: 0.4428
2026-01-16 10:40:57,076 - MMSA [INFO] - VAL-(msalm) >>  Mult_acc_2: 0.7829  Mult_acc_3: 0.6776  Mult_acc_5: 0.4320  F1_score: 0.7851  MAE: 0.3898  Corr: 0.6604  Loss: 0.4070 
2026-01-16 10:41:06,579 - MMSA [INFO] - TRAIN-(msalm) [1/27/5] >> loss: 0.2888  Mult_acc_2: 0.8509  Mult_acc_3: 0.7668  Mult_acc_5: 0.5409  F1_score: 0.8538  MAE: 0.2706  Corr: 0.8451  clm loss: 2.891 total loss: 4.3908 bn loss: 0.3485 av loss: 0.4482 text loss: 0.4144
2026-01-16 10:41:08,343 - MMSA [INFO] - VAL-(msalm) >>  Mult_acc_2: 0.7939  Mult_acc_3: 0.6798  Mult_acc_5: 0.4320  F1_score: 0.7961  MAE: 0.3879  Corr: 0.6644  Loss: 0.4024 
2026-01-16 10:41:17,840 - MMSA [INFO] - TRAIN-(msalm) [1/28/5] >> loss: 0.2727  Mult_acc_2: 0.8626  Mult_acc_3: 0.7749  Mult_acc_5: 0.5643  F1_score: 0.8654  MAE: 0.2582  Corr: 0.8579  clm loss: 2.8469 total loss: 4.304 bn loss: 0.3511 av loss: 0.4481 text loss: 0.3851
2026-01-16 10:41:19,679 - MMSA [INFO] - VAL-(msalm) >>  Mult_acc_2: 0.7610  Mult_acc_3: 0.6711  Mult_acc_5: 0.3969  F1_score: 0.7685  MAE: 0.3956  Corr: 0.6695  Loss: 0.4112 
2026-01-16 10:41:28,139 - MMSA [INFO] - TRAIN-(msalm) [2/29/5] >> loss: 0.2704  Mult_acc_2: 0.8567  Mult_acc_3: 0.7749  Mult_acc_5: 0.5577  F1_score: 0.8595  MAE: 0.2522  Corr: 0.8643  clm loss: 2.837 total loss: 4.2666 bn loss: 0.3198 av loss: 0.4511 text loss: 0.3884
2026-01-16 10:41:29,912 - MMSA [INFO] - VAL-(msalm) >>  Mult_acc_2: 0.7478  Mult_acc_3: 0.6535  Mult_acc_5: 0.4057  F1_score: 0.7563  MAE: 0.3936  Corr: 0.6709  Loss: 0.4246 
2026-01-16 10:41:38,260 - MMSA [INFO] - TRAIN-(msalm) [3/30/5] >> loss: 0.2673  Mult_acc_2: 0.8582  Mult_acc_3: 0.7814  Mult_acc_5: 0.5636  F1_score: 0.8615  MAE: 0.2526  Corr: 0.8625  clm loss: 2.7928 total loss: 4.211 bn loss: 0.3078 av loss: 0.4554 text loss: 0.3879
2026-01-16 10:41:40,036 - MMSA [INFO] - VAL-(msalm) >>  Mult_acc_2: 0.7807  Mult_acc_3: 0.6886  Mult_acc_5: 0.4189  F1_score: 0.7871  MAE: 0.3936  Corr: 0.6608  Loss: 0.4091 
2026-01-16 10:41:48,420 - MMSA [INFO] - TRAIN-(msalm) [4/31/5] >> loss: 0.2633  Mult_acc_2: 0.8421  Mult_acc_3: 0.7873  Mult_acc_5: 0.5665  F1_score: 0.8457  MAE: 0.2506  Corr: 0.8677  clm loss: 2.8385 total loss: 4.2542 bn loss: 0.2946 av loss: 0.4512 text loss: 0.4066
2026-01-16 10:41:50,208 - MMSA [INFO] - VAL-(msalm) >>  Mult_acc_2: 0.8070  Mult_acc_3: 0.6886  Mult_acc_5: 0.4452  F1_score: 0.8104  MAE: 0.3904  Corr: 0.6554  Loss: 0.4093 
2026-01-16 10:41:58,633 - MMSA [INFO] - TRAIN-(msalm) [5/32/5] >> loss: 0.2633  Mult_acc_2: 0.8633  Mult_acc_3: 0.7792  Mult_acc_5: 0.5760  F1_score: 0.8660  MAE: 0.2406  Corr: 0.8735  clm loss: 2.7797 total loss: 4.171 bn loss: 0.2852 av loss: 0.4518 text loss: 0.3911
2026-01-16 10:42:00,344 - MMSA [INFO] - VAL-(msalm) >>  Mult_acc_2: 0.7895  Mult_acc_3: 0.6864  Mult_acc_5: 0.4342  F1_score: 0.7945  MAE: 0.3927  Corr: 0.6563  Loss: 0.4012 
2026-01-16 10:42:09,784 - MMSA [INFO] - TRAIN-(msalm) [1/33/5] >> loss: 0.2465  Mult_acc_2: 0.8684  Mult_acc_3: 0.7953  Mult_acc_5: 0.5994  F1_score: 0.8710  MAE: 0.2333  Corr: 0.8842  clm loss: 2.7374 total loss: 4.0812 bn loss: 0.2787 av loss: 0.4536 text loss: 0.3649
2026-01-16 10:42:11,564 - MMSA [INFO] - VAL-(msalm) >>  Mult_acc_2: 0.7851  Mult_acc_3: 0.6820  Mult_acc_5: 0.4013  F1_score: 0.7900  MAE: 0.3963  Corr: 0.6517  Loss: 0.4072 
2026-01-16 10:42:19,890 - MMSA [INFO] - TRAIN-(msalm) [2/34/5] >> loss: 0.2379  Mult_acc_2: 0.8713  Mult_acc_3: 0.8019  Mult_acc_5: 0.6060  F1_score: 0.8745  MAE: 0.2227  Corr: 0.8931  clm loss: 2.7112 total loss: 4.0253 bn loss: 0.2665 av loss: 0.4454 text loss: 0.3642
2026-01-16 10:42:21,647 - MMSA [INFO] - VAL-(msalm) >>  Mult_acc_2: 0.7697  Mult_acc_3: 0.6842  Mult_acc_5: 0.4386  F1_score: 0.7764  MAE: 0.3943  Corr: 0.6596  Loss: 0.4149 
2026-01-16 10:42:30,120 - MMSA [INFO] - TRAIN-(msalm) [3/35/5] >> loss: 0.2329  Mult_acc_2: 0.8648  Mult_acc_3: 0.7975  Mult_acc_5: 0.6045  F1_score: 0.8678  MAE: 0.2140  Corr: 0.9027  clm loss: 2.6883 total loss: 3.9816 bn loss: 0.2598 av loss: 0.4485 text loss: 0.3521
2026-01-16 10:42:31,901 - MMSA [INFO] - VAL-(msalm) >>  Mult_acc_2: 0.7675  Mult_acc_3: 0.6820  Mult_acc_5: 0.4167  F1_score: 0.7739  MAE: 0.4000  Corr: 0.6530  Loss: 0.4019 
2026-01-16 10:42:40,244 - MMSA [INFO] - TRAIN-(msalm) [4/36/5] >> loss: 0.2414  Mult_acc_2: 0.8787  Mult_acc_3: 0.7902  Mult_acc_5: 0.5921  F1_score: 0.8809  MAE: 0.2262  Corr: 0.8920  clm loss: 2.6856 total loss: 3.9838 bn loss: 0.2523 av loss: 0.4504 text loss: 0.3541
2026-01-16 10:42:42,014 - MMSA [INFO] - VAL-(msalm) >>  Mult_acc_2: 0.7566  Mult_acc_3: 0.6776  Mult_acc_5: 0.4167  F1_score: 0.7640  MAE: 0.3912  Corr: 0.6698  Loss: 0.4085 
2026-01-16 10:42:50,386 - MMSA [INFO] - TRAIN-(msalm) [5/37/5] >> loss: 0.2252  Mult_acc_2: 0.8750  Mult_acc_3: 0.8077  Mult_acc_5: 0.6352  F1_score: 0.8780  MAE: 0.2051  Corr: 0.9081  clm loss: 2.6393 total loss: 3.8966 bn loss: 0.2448 av loss: 0.4529 text loss: 0.3345
2026-01-16 10:42:52,180 - MMSA [INFO] - VAL-(msalm) >>  Mult_acc_2: 0.7522  Mult_acc_3: 0.6645  Mult_acc_5: 0.3882  F1_score: 0.7606  MAE: 0.4037  Corr: 0.6551  Loss: 0.4214 
2026-01-16 10:43:00,528 - MMSA [INFO] - TRAIN-(msalm) [6/38/5] >> loss: 0.2195  Mult_acc_2: 0.8772  Mult_acc_3: 0.8136  Mult_acc_5: 0.6462  F1_score: 0.8805  MAE: 0.2014  Corr: 0.9118  clm loss: 2.6401 total loss: 3.8818 bn loss: 0.2404 av loss: 0.4494 text loss: 0.3324
2026-01-16 10:43:02,274 - MMSA [INFO] - VAL-(msalm) >>  Mult_acc_2: 0.7566  Mult_acc_3: 0.6776  Mult_acc_5: 0.4189  F1_score: 0.7648  MAE: 0.3949  Corr: 0.6689  Loss: 0.4038 
2026-01-16 10:43:10,577 - MMSA [INFO] - TRAIN-(msalm) [7/39/5] >> loss: 0.2151  Mult_acc_2: 0.8787  Mult_acc_3: 0.8107  Mult_acc_5: 0.6491  F1_score: 0.8813  MAE: 0.1933  Corr: 0.9206  clm loss: 2.5942 total loss: 3.8333 bn loss: 0.2463 av loss: 0.4454 text loss: 0.3323
2026-01-16 10:43:12,331 - MMSA [INFO] - VAL-(msalm) >>  Mult_acc_2: 0.8048  Mult_acc_3: 0.6864  Mult_acc_5: 0.4276  F1_score: 0.8083  MAE: 0.3840  Corr: 0.6728  Loss: 0.3968 
2026-01-16 10:43:21,803 - MMSA [INFO] - TRAIN-(msalm) [1/40/5] >> loss: 0.2162  Mult_acc_2: 0.8962  Mult_acc_3: 0.8194  Mult_acc_5: 0.6345  F1_score: 0.8985  MAE: 0.1985  Corr: 0.9192  clm loss: 2.5774 total loss: 3.7864 bn loss: 0.2339 av loss: 0.4491 text loss: 0.3097
2026-01-16 10:43:23,837 - MMSA [INFO] - VAL-(msalm) >>  Mult_acc_2: 0.7961  Mult_acc_3: 0.7039  Mult_acc_5: 0.4583  F1_score: 0.8003  MAE: 0.3813  Corr: 0.6693  Loss: 0.3932 
2026-01-16 10:43:33,306 - MMSA [INFO] - TRAIN-(msalm) [1/41/5] >> loss: 0.2067  Mult_acc_2: 0.8765  Mult_acc_3: 0.8143  Mult_acc_5: 0.6557  F1_score: 0.8797  MAE: 0.1880  Corr: 0.9256  clm loss: 2.5359 total loss: 3.7315 bn loss: 0.221 av loss: 0.4441 text loss: 0.3238
2026-01-16 10:43:35,183 - MMSA [INFO] - VAL-(msalm) >>  Mult_acc_2: 0.7917  Mult_acc_3: 0.6952  Mult_acc_5: 0.4518  F1_score: 0.7954  MAE: 0.3871  Corr: 0.6589  Loss: 0.3921 
2026-01-16 10:43:44,664 - MMSA [INFO] - TRAIN-(msalm) [1/42/5] >> loss: 0.1958  Mult_acc_2: 0.8852  Mult_acc_3: 0.8326  Mult_acc_5: 0.6813  F1_score: 0.8878  MAE: 0.1773  Corr: 0.9327  clm loss: 2.5241 total loss: 3.6986 bn loss: 0.212 av loss: 0.45 text loss: 0.3167
2026-01-16 10:43:46,520 - MMSA [INFO] - VAL-(msalm) >>  Mult_acc_2: 0.8070  Mult_acc_3: 0.6952  Mult_acc_5: 0.4561  F1_score: 0.8098  MAE: 0.3803  Corr: 0.6681  Loss: 0.3827 
2026-01-16 10:43:55,998 - MMSA [INFO] - TRAIN-(msalm) [1/43/5] >> loss: 0.1975  Mult_acc_2: 0.8984  Mult_acc_3: 0.8253  Mult_acc_5: 0.6871  F1_score: 0.9005  MAE: 0.1778  Corr: 0.9317  clm loss: 2.5198 total loss: 3.6767 bn loss: 0.211 av loss: 0.4416 text loss: 0.3068
2026-01-16 10:43:57,774 - MMSA [INFO] - VAL-(msalm) >>  Mult_acc_2: 0.7851  Mult_acc_3: 0.6974  Mult_acc_5: 0.4496  F1_score: 0.7905  MAE: 0.3837  Corr: 0.6685  Loss: 0.3879 
2026-01-16 10:44:06,111 - MMSA [INFO] - TRAIN-(msalm) [2/44/5] >> loss: 0.1933  Mult_acc_2: 0.8808  Mult_acc_3: 0.8260  Mult_acc_5: 0.6711  F1_score: 0.8840  MAE: 0.1750  Corr: 0.9344  clm loss: 2.5058 total loss: 3.6791 bn loss: 0.208 av loss: 0.4508 text loss: 0.3212
2026-01-16 10:44:07,886 - MMSA [INFO] - VAL-(msalm) >>  Mult_acc_2: 0.7741  Mult_acc_3: 0.6842  Mult_acc_5: 0.4298  F1_score: 0.7802  MAE: 0.3910  Corr: 0.6644  Loss: 0.3976 
2026-01-16 10:44:16,377 - MMSA [INFO] - TRAIN-(msalm) [3/45/5] >> loss: 0.1799  Mult_acc_2: 0.8918  Mult_acc_3: 0.8370  Mult_acc_5: 0.6981  F1_score: 0.8943  MAE: 0.1627  Corr: 0.9433  clm loss: 2.4651 total loss: 3.5892 bn loss: 0.2063 av loss: 0.4391 text loss: 0.2988
2026-01-16 10:44:18,191 - MMSA [INFO] - VAL-(msalm) >>  Mult_acc_2: 0.7741  Mult_acc_3: 0.6820  Mult_acc_5: 0.4211  F1_score: 0.7796  MAE: 0.3895  Corr: 0.6662  Loss: 0.3870 
2026-01-16 10:44:26,768 - MMSA [INFO] - TRAIN-(msalm) [4/46/5] >> loss: 0.1857  Mult_acc_2: 0.8830  Mult_acc_3: 0.8187  Mult_acc_5: 0.6762  F1_score: 0.8857  MAE: 0.1697  Corr: 0.9387  clm loss: 2.4451 total loss: 3.5651 bn loss: 0.1999 av loss: 0.4358 text loss: 0.2986
2026-01-16 10:44:28,551 - MMSA [INFO] - VAL-(msalm) >>  Mult_acc_2: 0.7500  Mult_acc_3: 0.6754  Mult_acc_5: 0.4211  F1_score: 0.7580  MAE: 0.3902  Corr: 0.6696  Loss: 0.3864 
2026-01-16 10:44:36,966 - MMSA [INFO] - TRAIN-(msalm) [5/47/5] >> loss: 0.1806  Mult_acc_2: 0.8852  Mult_acc_3: 0.8297  Mult_acc_5: 0.7091  F1_score: 0.8880  MAE: 0.1625  Corr: 0.9435  clm loss: 2.4022 total loss: 3.4939 bn loss: 0.1976 av loss: 0.4356 text loss: 0.278
2026-01-16 10:44:38,727 - MMSA [INFO] - VAL-(msalm) >>  Mult_acc_2: 0.7522  Mult_acc_3: 0.6754  Mult_acc_5: 0.3947  F1_score: 0.7600  MAE: 0.3955  Corr: 0.6643  Loss: 0.4065 
2026-01-16 10:44:47,040 - MMSA [INFO] - TRAIN-(msalm) [6/48/5] >> loss: 0.1853  Mult_acc_2: 0.8787  Mult_acc_3: 0.8341  Mult_acc_5: 0.6842  F1_score: 0.8818  MAE: 0.1677  Corr: 0.9426  clm loss: 2.3802 total loss: 3.4776 bn loss: 0.1914 av loss: 0.4456 text loss: 0.275
2026-01-16 10:44:48,846 - MMSA [INFO] - VAL-(msalm) >>  Mult_acc_2: 0.7500  Mult_acc_3: 0.6667  Mult_acc_5: 0.3816  F1_score: 0.7585  MAE: 0.3982  Corr: 0.6694  Loss: 0.3983 
2026-01-16 10:44:57,233 - MMSA [INFO] - TRAIN-(msalm) [7/49/5] >> loss: 0.1762  Mult_acc_2: 0.8918  Mult_acc_3: 0.8304  Mult_acc_5: 0.7054  F1_score: 0.8944  MAE: 0.1560  Corr: 0.9484  clm loss: 2.3729 total loss: 3.4596 bn loss: 0.1852 av loss: 0.4461 text loss: 0.2793
2026-01-16 10:44:59,009 - MMSA [INFO] - VAL-(msalm) >>  Mult_acc_2: 0.7478  Mult_acc_3: 0.6689  Mult_acc_5: 0.4254  F1_score: 0.7561  MAE: 0.3907  Corr: 0.6765  Loss: 0.3942 
2026-01-16 10:45:07,320 - MMSA [INFO] - TRAIN-(msalm) [8/50/5] >> loss: 0.1879  Mult_acc_2: 0.8925  Mult_acc_3: 0.8355  Mult_acc_5: 0.6901  F1_score: 0.8950  MAE: 0.1691  Corr: 0.9421  clm loss: 2.3552 total loss: 3.4412 bn loss: 0.1838 av loss: 0.4435 text loss: 0.2708
2026-01-16 10:45:09,079 - MMSA [INFO] - VAL-(msalm) >>  Mult_acc_2: 0.7895  Mult_acc_3: 0.6776  Mult_acc_5: 0.4079  F1_score: 0.7940  MAE: 0.3881  Corr: 0.6747  Loss: 0.3888 
2026-01-16 10:45:17,412 - MMSA [INFO] - TRAIN-(msalm) [9/51/5] >> loss: 0.1696  Mult_acc_2: 0.8816  Mult_acc_3: 0.8392  Mult_acc_5: 0.7054  F1_score: 0.8846  MAE: 0.1559  Corr: 0.9493  clm loss: 2.3172 total loss: 3.385 bn loss: 0.1783 av loss: 0.4392 text loss: 0.2808
2026-01-16 10:45:19,275 - MMSA [INFO] - VAL-(msalm) >>  Mult_acc_2: 0.7829  Mult_acc_3: 0.6798  Mult_acc_5: 0.4276  F1_score: 0.7874  MAE: 0.3827  Corr: 0.6781  Loss: 0.3937 
2026-01-16 10:45:27,668 - MMSA [INFO] - TRAIN-(msalm) [10/52/5] >> loss: 0.166  Mult_acc_2: 0.8904  Mult_acc_3: 0.8436  Mult_acc_5: 0.7193  F1_score: 0.8931  MAE: 0.1491  Corr: 0.9540  clm loss: 2.2907 total loss: 3.3265 bn loss: 0.1703 av loss: 0.4332 text loss: 0.2664
2026-01-16 10:45:29,427 - MMSA [INFO] - VAL-(msalm) >>  Mult_acc_2: 0.7544  Mult_acc_3: 0.6711  Mult_acc_5: 0.4079  F1_score: 0.7620  MAE: 0.3905  Corr: 0.6753  Loss: 0.3936 
2026-01-16 10:45:31,733 - MMSA [INFO] - TEST-(msalm) >>  Mult_acc_2: 0.8206  Mult_acc_3: 0.7133  Mult_acc_5: 0.4792  F1_score: 0.8219  MAE: 0.3560  Corr: 0.7309  Loss: 0.3670 
2026-01-16 10:45:33,042 - MMSA [INFO] - Result for seed 1994: {'Mult_acc_2': 0.8206, 'Mult_acc_3': 0.7133, 'Mult_acc_5': 0.4792, 'F1_score': 0.8219, 'MAE': 0.356, 'Corr': 0.7309, 'Loss': 0.367, 'seed': 1994}
2026-01-16 10:45:33,064 - MMSA [INFO] - Results saved to MMSA/results/sims/lrs_0002/sparse-mm-token-lvl-router/k_2/nf_16-gca-delta-update-fix3/lr_0002__k_2__nf_16-exp-delta-update-fix3/normal/sims_avg.csv.
