2026-01-17 16:39:17,648 - MMSA [INFO] - ======================================== Program Start ========================================
2026-01-17 16:39:17,729 - MMSA [INFO] - Running with args:
2026-01-17 16:39:17,729 - MMSA [INFO] - {'model_name': 'msalm', 'dataset_name': 'mosei', 'featurePath': '/leonardo_work/EUHPC_A04_051/alexfil/MSA-Datasets/CMU-MOSEI/Processed/unaligned_50.pkl', 'seq_lens': [50, 500, 375], 'feature_dims': [768, 74, 35], 'train_samples': 16326, 'num_classes': 3, 'language': 'en', 'KeyEval': 'Loss', 'missing_rate': [0.0, 0.0, 0.0], 'missing_seed': [1111, 1111, 1111], 'need_data_aligned': False, 'need_model_aligned': False, 'early_stop': 10, 'use_bert': False, 'use_bert_finetune': False, 'attn_mask': True, 'excludeZero': True, 'update_epochs': 8, 'use_augmentation': False, 'use_m3xup': False, 'hfPath': False, 'use_ulgm': False, 'update_labels_patience': 1, 'H': 3.0, 'del_model': True, 'max_token_len': 50, 'pad_token': '<|endoftext|>', 'lm': '/leonardo_work/EUHPC_A04_051/alexfil/gpt2-large', 'use_bf16': False, 'task_out': 1, 'use_clm': True, 'gamma': 1.0, 'l_bn': 1.0, 'l_av': 1.0, 'l_t': 1.0, 'warmup_epochs': 1, 'max_epochs': 20, 'beta_1': 0.9, 'beta_2': 0.95, 'use_lnorm': True, 'rescale': False, 'rescaler': 'sqrt', 'use_seqaug': True, 'n_bn_fusion': 14, 'modded_loss': True, 'embedding_attr_name': 'transformer.wte', 'decoder_layers_attr_name': 'transformer.h', 'mmgpt': {'type': 'gpt2', 'd_out': 64, 'combine': True, 'dropout': 0.1, 'mm_layer': [7, 14, 21, 28, 35], 'top_k': 2, 'layer_dropout': 0.0, 'dense': True, 'tie_ffn': True, 'n_embd': 1280, 'bias': True, 'kv_dim': 30, 'n_head': 16, 'd_mm': 1280, 'gating': 'sigmoid', 'init_gate': [0.0, 0.0, 0.0, 0.0, 0.0, 0.0, 0.0, 0.0, 0.0, 0.0], 'use_softperm': True, 'p_perm': 0.3, 'p_apply': 0.25, 'use_lora': False, 'lora': {'lora_alpha': 128, 'r': 64, 'lora_dropout': 0.05}}, 'av_enc': {'finetune': True, 'from_pretrained': True, 'path_to_pretrained': '/leonardo_work/EUHPC_A04_051/alexfil/DeepMLF-Reprod/checkpoints/bienc-mosei-1990/bienc-mosei-1990.pth', 'feature_dims': [768, 74, 35], 'd_enc': 30, 'n_embd': 30, 'n_head': 6, 'nlevels': 3, 'd_enc_out': 30, 'maxlen': 50, 'p_mask': 0.15, 'enc_attn_dropout': 0.1, 'enc_res_dropout': 0.1, 'enc_dropout': 0.1, 'use_softperm': True, 'p_perm': 0.2, 'mask_perm_ratio': 0.5, 'tf_fusion': False, 'use_bn': False, 'use_ln': False}, 'gpt': {'vocab_size': 50257, 'block_size': 1024, 'bias': True, 'n_embd': 1024, 'n_layer': 24, 'n_head': 16, 'dropout': 0.0}, 'batch_size': 32, 'grad_clip': 5.0, 'patience': 10, 'weight_decay_mmgpt': 0.1, 'weight_decay_av': 0.1, 'learning_rate_av': 0.0001, 'learning_rate_mmgpt': 0.0001, 'device': device(type='cuda', index=0), 'train_mode': 'regression', 'custom_feature': None, 'feature_T': '', 'feature_A': '', 'feature_V': ''}
2026-01-17 16:39:17,729 - MMSA [INFO] - Seeds: [1990, 1991, 1992, 1993, 1994]
2026-01-17 16:39:17,730 - MMSA [INFO] - ------------------------------ Running with seed 1990 [1/5] ------------------------------
2026-01-17 16:51:22,462 - MMSA [INFO] - The model has 914783116 trainable parameters
2026-01-17 16:56:15,715 - MMSA [INFO] - TRAIN-(msalm) [1/1/1] >> loss: 0.789  Has0_acc_2: 0.6940  Has0_F1_score: 0.6954  Non0_acc_2: 0.6909  Non0_F1_score: 0.6829  Mult_acc_5: 0.4123  Mult_acc_7: 0.4114  MAE: 0.7894  Corr: 0.3927  clm loss: 4.2831 total loss: 7.7196 bn loss: 0.8573 av loss: 0.9051 text loss: 0.885
2026-01-17 16:56:25,012 - MMSA [INFO] - VAL-(msalm) >>  Has0_acc_2: 0.7654  Has0_F1_score: 0.7754  Non0_acc_2: 0.8046  Non0_F1_score: 0.8062  Mult_acc_5: 0.4794  Mult_acc_7: 0.4693  MAE: 0.6243  Corr: 0.6221  Loss: 0.6255 
2026-01-17 17:01:21,563 - MMSA [INFO] - TRAIN-(msalm) [1/2/1] >> loss: 0.6138  Has0_acc_2: 0.7786  Has0_F1_score: 0.7852  Non0_acc_2: 0.8174  Non0_F1_score: 0.8172  Mult_acc_5: 0.5088  Mult_acc_7: 0.4968  MAE: 0.6137  Corr: 0.6916  clm loss: 3.7942 total loss: 6.553 bn loss: 0.6476 av loss: 0.8115 text loss: 0.686
2026-01-17 17:01:30,432 - MMSA [INFO] - VAL-(msalm) >>  Has0_acc_2: 0.8151  Has0_F1_score: 0.8207  Non0_acc_2: 0.8567  Non0_F1_score: 0.8561  Mult_acc_5: 0.5607  Mult_acc_7: 0.5500  MAE: 0.5213  Corr: 0.7406  Loss: 0.5208 
2026-01-17 17:06:27,388 - MMSA [INFO] - TRAIN-(msalm) [1/3/1] >> loss: 0.5404  Has0_acc_2: 0.8112  Has0_F1_score: 0.8163  Non0_acc_2: 0.8531  Non0_F1_score: 0.8528  Mult_acc_5: 0.5582  Mult_acc_7: 0.5391  MAE: 0.5406  Corr: 0.7648  clm loss: 3.6285 total loss: 6.1017 bn loss: 0.5442 av loss: 0.7992 text loss: 0.5895
2026-01-17 17:06:36,233 - MMSA [INFO] - VAL-(msalm) >>  Has0_acc_2: 0.8279  Has0_F1_score: 0.8327  Non0_acc_2: 0.8651  Non0_F1_score: 0.8645  Mult_acc_5: 0.5687  Mult_acc_7: 0.5548  MAE: 0.4986  Corr: 0.7685  Loss: 0.4988 
2026-01-17 17:11:33,348 - MMSA [INFO] - TRAIN-(msalm) [1/4/1] >> loss: 0.5022  Has0_acc_2: 0.8238  Has0_F1_score: 0.8284  Non0_acc_2: 0.8681  Non0_F1_score: 0.8676  Mult_acc_5: 0.5870  Mult_acc_7: 0.5663  MAE: 0.5024  Corr: 0.7992  clm loss: 3.5526 total loss: 5.9 bn loss: 0.5081 av loss: 0.795 text loss: 0.5421
2026-01-17 17:11:42,486 - MMSA [INFO] - VAL-(msalm) >>  Has0_acc_2: 0.8044  Has0_F1_score: 0.8127  Non0_acc_2: 0.8595  Non0_F1_score: 0.8605  Mult_acc_5: 0.5746  Mult_acc_7: 0.5617  MAE: 0.4944  Corr: 0.7814  Loss: 0.4943 
2026-01-17 17:16:39,729 - MMSA [INFO] - TRAIN-(msalm) [1/5/1] >> loss: 0.4713  Has0_acc_2: 0.8331  Has0_F1_score: 0.8377  Non0_acc_2: 0.8846  Non0_F1_score: 0.8844  Mult_acc_5: 0.6099  Mult_acc_7: 0.5867  MAE: 0.4716  Corr: 0.8247  clm loss: 3.4869 total loss: 5.7368 bn loss: 0.482 av loss: 0.7942 text loss: 0.5024
2026-01-17 17:16:48,564 - MMSA [INFO] - VAL-(msalm) >>  Has0_acc_2: 0.8423  Has0_F1_score: 0.8465  Non0_acc_2: 0.8755  Non0_F1_score: 0.8751  Mult_acc_5: 0.5697  Mult_acc_7: 0.5548  MAE: 0.4863  Corr: 0.7843  Loss: 0.4873 
2026-01-17 17:21:46,626 - MMSA [INFO] - TRAIN-(msalm) [1/6/1] >> loss: 0.451  Has0_acc_2: 0.8418  Has0_F1_score: 0.8461  Non0_acc_2: 0.8952  Non0_F1_score: 0.8949  Mult_acc_5: 0.6262  Mult_acc_7: 0.6022  MAE: 0.4512  Corr: 0.8392  clm loss: 3.4528 total loss: 5.6132 bn loss: 0.4539 av loss: 0.7922 text loss: 0.4633
2026-01-17 17:21:55,490 - MMSA [INFO] - VAL-(msalm) >>  Has0_acc_2: 0.8183  Has0_F1_score: 0.8245  Non0_acc_2: 0.8637  Non0_F1_score: 0.8636  Mult_acc_5: 0.5804  Mult_acc_7: 0.5692  MAE: 0.4872  Corr: 0.7808  Loss: 0.4877 
2026-01-17 17:26:47,701 - MMSA [INFO] - TRAIN-(msalm) [2/7/1] >> loss: 0.4288  Has0_acc_2: 0.8489  Has0_F1_score: 0.8533  Non0_acc_2: 0.9051  Non0_F1_score: 0.9050  Mult_acc_5: 0.6425  Mult_acc_7: 0.6181  MAE: 0.4285  Corr: 0.8549  clm loss: 3.4168 total loss: 5.5081 bn loss: 0.4341 av loss: 0.7905 text loss: 0.4379
2026-01-17 17:26:56,598 - MMSA [INFO] - VAL-(msalm) >>  Has0_acc_2: 0.8300  Has0_F1_score: 0.8353  Non0_acc_2: 0.8720  Non0_F1_score: 0.8718  Mult_acc_5: 0.5778  Mult_acc_7: 0.5628  MAE: 0.4929  Corr: 0.7801  Loss: 0.4922 
2026-01-17 17:31:48,714 - MMSA [INFO] - TRAIN-(msalm) [3/8/1] >> loss: 0.401  Has0_acc_2: 0.8511  Has0_F1_score: 0.8556  Non0_acc_2: 0.9154  Non0_F1_score: 0.9153  Mult_acc_5: 0.6701  Mult_acc_7: 0.6461  MAE: 0.4008  Corr: 0.8702  clm loss: 3.3858 total loss: 5.3991 bn loss: 0.4139 av loss: 0.7894 text loss: 0.409
2026-01-17 17:31:57,744 - MMSA [INFO] - VAL-(msalm) >>  Has0_acc_2: 0.8129  Has0_F1_score: 0.8203  Non0_acc_2: 0.8630  Non0_F1_score: 0.8637  Mult_acc_5: 0.5756  Mult_acc_7: 0.5617  MAE: 0.4894  Corr: 0.7831  Loss: 0.4898 
2026-01-17 17:36:49,816 - MMSA [INFO] - TRAIN-(msalm) [4/9/1] >> loss: 0.3872  Has0_acc_2: 0.8583  Has0_F1_score: 0.8625  Non0_acc_2: 0.9205  Non0_F1_score: 0.9203  Mult_acc_5: 0.6803  Mult_acc_7: 0.6550  MAE: 0.3865  Corr: 0.8812  clm loss: 3.3645 total loss: 5.3247 bn loss: 0.3968 av loss: 0.7887 text loss: 0.3875
2026-01-17 17:36:58,627 - MMSA [INFO] - VAL-(msalm) >>  Has0_acc_2: 0.7990  Has0_F1_score: 0.8079  Non0_acc_2: 0.8547  Non0_F1_score: 0.8559  Mult_acc_5: 0.5724  Mult_acc_7: 0.5596  MAE: 0.4996  Corr: 0.7821  Loss: 0.4982 
2026-01-17 17:41:50,671 - MMSA [INFO] - TRAIN-(msalm) [5/10/1] >> loss: 0.3667  Has0_acc_2: 0.8645  Has0_F1_score: 0.8686  Non0_acc_2: 0.9306  Non0_F1_score: 0.9305  Mult_acc_5: 0.6953  Mult_acc_7: 0.6703  MAE: 0.3667  Corr: 0.8917  clm loss: 3.3444 total loss: 5.2448 bn loss: 0.38 av loss: 0.788 text loss: 0.3656
2026-01-17 17:41:59,531 - MMSA [INFO] - VAL-(msalm) >>  Has0_acc_2: 0.8231  Has0_F1_score: 0.8286  Non0_acc_2: 0.8588  Non0_F1_score: 0.8588  Mult_acc_5: 0.5660  Mult_acc_7: 0.5484  MAE: 0.4987  Corr: 0.7727  Loss: 0.4990 
2026-01-17 17:46:51,423 - MMSA [INFO] - TRAIN-(msalm) [6/11/1] >> loss: 0.3531  Has0_acc_2: 0.8614  Has0_F1_score: 0.8658  Non0_acc_2: 0.9320  Non0_F1_score: 0.9319  Mult_acc_5: 0.7081  Mult_acc_7: 0.6823  MAE: 0.3530  Corr: 0.9009  clm loss: 3.3276 total loss: 5.1764 bn loss: 0.362 av loss: 0.7869 text loss: 0.3468
2026-01-17 17:47:00,536 - MMSA [INFO] - VAL-(msalm) >>  Has0_acc_2: 0.8156  Has0_F1_score: 0.8225  Non0_acc_2: 0.8581  Non0_F1_score: 0.8587  Mult_acc_5: 0.5719  Mult_acc_7: 0.5553  MAE: 0.5017  Corr: 0.7710  Loss: 0.5018 
2026-01-17 17:51:52,428 - MMSA [INFO] - TRAIN-(msalm) [7/12/1] >> loss: 0.3413  Has0_acc_2: 0.8618  Has0_F1_score: 0.8662  Non0_acc_2: 0.9351  Non0_F1_score: 0.9350  Mult_acc_5: 0.7212  Mult_acc_7: 0.6968  MAE: 0.3406  Corr: 0.9062  clm loss: 3.3121 total loss: 5.125 bn loss: 0.3544 av loss: 0.787 text loss: 0.3302
2026-01-17 17:52:01,247 - MMSA [INFO] - VAL-(msalm) >>  Has0_acc_2: 0.8263  Has0_F1_score: 0.8309  Non0_acc_2: 0.8630  Non0_F1_score: 0.8622  Mult_acc_5: 0.5649  Mult_acc_7: 0.5505  MAE: 0.5066  Corr: 0.7719  Loss: 0.5054 
2026-01-17 17:56:53,394 - MMSA [INFO] - TRAIN-(msalm) [8/13/1] >> loss: 0.3284  Has0_acc_2: 0.8670  Has0_F1_score: 0.8713  Non0_acc_2: 0.9407  Non0_F1_score: 0.9407  Mult_acc_5: 0.7300  Mult_acc_7: 0.7045  MAE: 0.3280  Corr: 0.9152  clm loss: 3.2968 total loss: 5.0668 bn loss: 0.3394 av loss: 0.7859 text loss: 0.3163
2026-01-17 17:57:02,270 - MMSA [INFO] - VAL-(msalm) >>  Has0_acc_2: 0.8113  Has0_F1_score: 0.8187  Non0_acc_2: 0.8554  Non0_F1_score: 0.8562  Mult_acc_5: 0.5660  Mult_acc_7: 0.5537  MAE: 0.4985  Corr: 0.7747  Loss: 0.4981 
2026-01-17 18:01:54,608 - MMSA [INFO] - TRAIN-(msalm) [9/14/1] >> loss: 0.3186  Has0_acc_2: 0.8678  Has0_F1_score: 0.8720  Non0_acc_2: 0.9433  Non0_F1_score: 0.9432  Mult_acc_5: 0.7342  Mult_acc_7: 0.7098  MAE: 0.3182  Corr: 0.9195  clm loss: 3.2819 total loss: 5.0201 bn loss: 0.3282 av loss: 0.7869 text loss: 0.3045
2026-01-17 18:02:03,453 - MMSA [INFO] - VAL-(msalm) >>  Has0_acc_2: 0.8343  Has0_F1_score: 0.8368  Non0_acc_2: 0.8595  Non0_F1_score: 0.8575  Mult_acc_5: 0.5591  Mult_acc_7: 0.5425  MAE: 0.5125  Corr: 0.7725  Loss: 0.5118 
2026-01-17 18:06:55,611 - MMSA [INFO] - TRAIN-(msalm) [10/15/1] >> loss: 0.3051  Has0_acc_2: 0.8673  Has0_F1_score: 0.8718  Non0_acc_2: 0.9472  Non0_F1_score: 0.9472  Mult_acc_5: 0.7554  Mult_acc_7: 0.7307  MAE: 0.3053  Corr: 0.9256  clm loss: 3.265 total loss: 4.9653 bn loss: 0.3174 av loss: 0.7849 text loss: 0.2928
2026-01-17 18:07:04,648 - MMSA [INFO] - VAL-(msalm) >>  Has0_acc_2: 0.7942  Has0_F1_score: 0.8035  Non0_acc_2: 0.8484  Non0_F1_score: 0.8498  Mult_acc_5: 0.5607  Mult_acc_7: 0.5468  MAE: 0.5042  Corr: 0.7733  Loss: 0.5072 
2026-01-17 18:07:26,185 - MMSA [INFO] - TEST-(msalm) >>  Has0_acc_2: 0.8322  Has0_F1_score: 0.8364  Non0_acc_2: 0.8704  Non0_F1_score: 0.8701  Mult_acc_5: 0.5694  Mult_acc_7: 0.5508  MAE: 0.5018  Corr: 0.8050  Loss: 0.5017 
2026-01-17 18:07:28,402 - MMSA [INFO] - Result for seed 1990: {'Has0_acc_2': 0.8322, 'Has0_F1_score': 0.8364, 'Non0_acc_2': 0.8704, 'Non0_F1_score': 0.8701, 'Mult_acc_5': 0.5694, 'Mult_acc_7': 0.5508, 'MAE': 0.5018, 'Corr': 0.805, 'Loss': 0.5017, 'seed': 1990}
2026-01-17 18:07:28,403 - MMSA [INFO] - ------------------------------ Running with seed 1991 [2/5] ------------------------------
2026-01-17 18:19:18,413 - MMSA [INFO] - The model has 914783116 trainable parameters
2026-01-17 18:24:10,073 - MMSA [INFO] - TRAIN-(msalm) [1/1/2] >> loss: 0.8368  Has0_acc_2: 0.5637  Has0_F1_score: 0.5784  Non0_acc_2: 0.6142  Non0_F1_score: 0.6168  Mult_acc_5: 0.3966  Mult_acc_7: 0.3925  MAE: 0.8373  Corr: 0.3889  clm loss: 4.2334 total loss: 7.6155 bn loss: 0.8182 av loss: 0.8168 text loss: 0.9103
2026-01-17 18:24:19,017 - MMSA [INFO] - VAL-(msalm) >>  Has0_acc_2: 0.7440  Has0_F1_score: 0.7574  Non0_acc_2: 0.7921  Non0_F1_score: 0.7958  Mult_acc_5: 0.4789  Mult_acc_7: 0.4671  MAE: 0.6333  Corr: 0.6277  Loss: 0.6352 
2026-01-17 18:29:15,784 - MMSA [INFO] - TRAIN-(msalm) [1/2/2] >> loss: 0.6116  Has0_acc_2: 0.7560  Has0_F1_score: 0.7666  Non0_acc_2: 0.8125  Non0_F1_score: 0.8149  Mult_acc_5: 0.5111  Mult_acc_7: 0.4955  MAE: 0.6117  Corr: 0.7106  clm loss: 3.7551 total loss: 6.4454 bn loss: 0.616 av loss: 0.7995 text loss: 0.6632
2026-01-17 18:29:24,818 - MMSA [INFO] - VAL-(msalm) >>  Has0_acc_2: 0.8172  Has0_F1_score: 0.8234  Non0_acc_2: 0.8484  Non0_F1_score: 0.8490  Mult_acc_5: 0.5719  Mult_acc_7: 0.5591  MAE: 0.5188  Corr: 0.7496  Loss: 0.5204 
2026-01-17 18:34:22,417 - MMSA [INFO] - TRAIN-(msalm) [1/3/2] >> loss: 0.5326  Has0_acc_2: 0.8105  Has0_F1_score: 0.8165  Non0_acc_2: 0.8597  Non0_F1_score: 0.8598  Mult_acc_5: 0.5651  Mult_acc_7: 0.5450  MAE: 0.5322  Corr: 0.7734  clm loss: 3.6078 total loss: 6.0408 bn loss: 0.5286 av loss: 0.7959 text loss: 0.5758
2026-01-17 18:34:31,422 - MMSA [INFO] - VAL-(msalm) >>  Has0_acc_2: 0.8113  Has0_F1_score: 0.8190  Non0_acc_2: 0.8540  Non0_F1_score: 0.8551  Mult_acc_5: 0.5847  Mult_acc_7: 0.5703  MAE: 0.5005  Corr: 0.7695  Loss: 0.5008 
2026-01-17 18:39:29,347 - MMSA [INFO] - TRAIN-(msalm) [1/4/2] >> loss: 0.4964  Has0_acc_2: 0.8266  Has0_F1_score: 0.8316  Non0_acc_2: 0.8736  Non0_F1_score: 0.8736  Mult_acc_5: 0.5899  Mult_acc_7: 0.5685  MAE: 0.4961  Corr: 0.8055  clm loss: 3.5319 total loss: 5.8496 bn loss: 0.4972 av loss: 0.7929 text loss: 0.5312
2026-01-17 18:39:38,373 - MMSA [INFO] - VAL-(msalm) >>  Has0_acc_2: 0.8204  Has0_F1_score: 0.8268  Non0_acc_2: 0.8616  Non0_F1_score: 0.8620  Mult_acc_5: 0.5826  Mult_acc_7: 0.5692  MAE: 0.4984  Corr: 0.7814  Loss: 0.4983 
2026-01-17 18:44:36,182 - MMSA [INFO] - TRAIN-(msalm) [1/5/2] >> loss: 0.467  Has0_acc_2: 0.8354  Has0_F1_score: 0.8402  Non0_acc_2: 0.8882  Non0_F1_score: 0.8881  Mult_acc_5: 0.6160  Mult_acc_7: 0.5918  MAE: 0.4671  Corr: 0.8266  clm loss: 3.4813 total loss: 5.7032 bn loss: 0.4698 av loss: 0.7913 text loss: 0.4938
2026-01-17 18:44:45,146 - MMSA [INFO] - VAL-(msalm) >>  Has0_acc_2: 0.8076  Has0_F1_score: 0.8156  Non0_acc_2: 0.8609  Non0_F1_score: 0.8618  Mult_acc_5: 0.5927  Mult_acc_7: 0.5788  MAE: 0.4871  Corr: 0.7830  Loss: 0.4877 
2026-01-17 18:49:42,282 - MMSA [INFO] - TRAIN-(msalm) [1/6/2] >> loss: 0.4432  Has0_acc_2: 0.8424  Has0_F1_score: 0.8470  Non0_acc_2: 0.8984  Non0_F1_score: 0.8983  Mult_acc_5: 0.6341  Mult_acc_7: 0.6109  MAE: 0.4428  Corr: 0.8456  clm loss: 3.4298 total loss: 5.5673 bn loss: 0.4488 av loss: 0.7892 text loss: 0.4563
2026-01-17 18:49:51,291 - MMSA [INFO] - VAL-(msalm) >>  Has0_acc_2: 0.8306  Has0_F1_score: 0.8358  Non0_acc_2: 0.8679  Non0_F1_score: 0.8678  Mult_acc_5: 0.5836  Mult_acc_7: 0.5655  MAE: 0.4887  Corr: 0.7825  Loss: 0.4898 
2026-01-17 18:54:43,285 - MMSA [INFO] - TRAIN-(msalm) [2/7/2] >> loss: 0.4173  Has0_acc_2: 0.8469  Has0_F1_score: 0.8514  Non0_acc_2: 0.9082  Non0_F1_score: 0.9080  Mult_acc_5: 0.6578  Mult_acc_7: 0.6356  MAE: 0.4167  Corr: 0.8617  clm loss: 3.4016 total loss: 5.4628 bn loss: 0.4275 av loss: 0.7886 text loss: 0.4279
2026-01-17 18:54:52,189 - MMSA [INFO] - VAL-(msalm) >>  Has0_acc_2: 0.8140  Has0_F1_score: 0.8199  Non0_acc_2: 0.8547  Non0_F1_score: 0.8544  Mult_acc_5: 0.5847  Mult_acc_7: 0.5687  MAE: 0.4936  Corr: 0.7778  Loss: 0.4939 
2026-01-17 18:59:44,174 - MMSA [INFO] - TRAIN-(msalm) [3/8/2] >> loss: 0.3972  Has0_acc_2: 0.8519  Has0_F1_score: 0.8564  Non0_acc_2: 0.9150  Non0_F1_score: 0.9149  Mult_acc_5: 0.6725  Mult_acc_7: 0.6471  MAE: 0.3975  Corr: 0.8738  clm loss: 3.3755 total loss: 5.3703 bn loss: 0.4078 av loss: 0.788 text loss: 0.4019
2026-01-17 18:59:53,029 - MMSA [INFO] - VAL-(msalm) >>  Has0_acc_2: 0.8295  Has0_F1_score: 0.8345  Non0_acc_2: 0.8637  Non0_F1_score: 0.8634  Mult_acc_5: 0.5820  Mult_acc_7: 0.5644  MAE: 0.4975  Corr: 0.7808  Loss: 0.4969 
2026-01-17 19:04:45,353 - MMSA [INFO] - TRAIN-(msalm) [4/9/2] >> loss: 0.3828  Has0_acc_2: 0.8571  Has0_F1_score: 0.8615  Non0_acc_2: 0.9234  Non0_F1_score: 0.9233  Mult_acc_5: 0.6824  Mult_acc_7: 0.6571  MAE: 0.3822  Corr: 0.8828  clm loss: 3.3518 total loss: 5.2906 bn loss: 0.3907 av loss: 0.7877 text loss: 0.3776
2026-01-17 19:04:54,245 - MMSA [INFO] - VAL-(msalm) >>  Has0_acc_2: 0.8429  Has0_F1_score: 0.8456  Non0_acc_2: 0.8693  Non0_F1_score: 0.8678  Mult_acc_5: 0.5762  Mult_acc_7: 0.5575  MAE: 0.5131  Corr: 0.7782  Loss: 0.5144 
2026-01-17 19:09:46,525 - MMSA [INFO] - TRAIN-(msalm) [5/10/2] >> loss: 0.3634  Has0_acc_2: 0.8584  Has0_F1_score: 0.8628  Non0_acc_2: 0.9262  Non0_F1_score: 0.9262  Mult_acc_5: 0.6998  Mult_acc_7: 0.6767  MAE: 0.3630  Corr: 0.8954  clm loss: 3.3301 total loss: 5.2123 bn loss: 0.3733 av loss: 0.7878 text loss: 0.3577
2026-01-17 19:09:55,455 - MMSA [INFO] - VAL-(msalm) >>  Has0_acc_2: 0.8108  Has0_F1_score: 0.8181  Non0_acc_2: 0.8547  Non0_F1_score: 0.8554  Mult_acc_5: 0.5767  Mult_acc_7: 0.5628  MAE: 0.5015  Corr: 0.7707  Loss: 0.5033 
2026-01-17 19:14:47,428 - MMSA [INFO] - TRAIN-(msalm) [6/11/2] >> loss: 0.3429  Has0_acc_2: 0.8669  Has0_F1_score: 0.8711  Non0_acc_2: 0.9387  Non0_F1_score: 0.9387  Mult_acc_5: 0.7163  Mult_acc_7: 0.6890  MAE: 0.3428  Corr: 0.9074  clm loss: 3.306 total loss: 5.1216 bn loss: 0.3532 av loss: 0.7858 text loss: 0.3338
2026-01-17 19:14:56,310 - MMSA [INFO] - VAL-(msalm) >>  Has0_acc_2: 0.8135  Has0_F1_score: 0.8208  Non0_acc_2: 0.8609  Non0_F1_score: 0.8616  Mult_acc_5: 0.5842  Mult_acc_7: 0.5681  MAE: 0.4970  Corr: 0.7769  Loss: 0.4969 
2026-01-17 19:19:48,457 - MMSA [INFO] - TRAIN-(msalm) [7/12/2] >> loss: 0.3273  Has0_acc_2: 0.8637  Has0_F1_score: 0.8681  Non0_acc_2: 0.9406  Non0_F1_score: 0.9405  Mult_acc_5: 0.7369  Mult_acc_7: 0.7117  MAE: 0.3276  Corr: 0.9138  clm loss: 3.2892 total loss: 5.0618 bn loss: 0.3406 av loss: 0.7844 text loss: 0.3203
2026-01-17 19:19:57,378 - MMSA [INFO] - VAL-(msalm) >>  Has0_acc_2: 0.8044  Has0_F1_score: 0.8126  Non0_acc_2: 0.8512  Non0_F1_score: 0.8524  Mult_acc_5: 0.5783  Mult_acc_7: 0.5633  MAE: 0.4966  Corr: 0.7764  Loss: 0.4954 
2026-01-17 19:24:49,545 - MMSA [INFO] - TRAIN-(msalm) [8/13/2] >> loss: 0.3212  Has0_acc_2: 0.8723  Has0_F1_score: 0.8764  Non0_acc_2: 0.9472  Non0_F1_score: 0.9472  Mult_acc_5: 0.7399  Mult_acc_7: 0.7149  MAE: 0.3213  Corr: 0.9165  clm loss: 3.2926 total loss: 5.0419 bn loss: 0.3324 av loss: 0.7842 text loss: 0.3115
2026-01-17 19:24:58,421 - MMSA [INFO] - VAL-(msalm) >>  Has0_acc_2: 0.8311  Has0_F1_score: 0.8360  Non0_acc_2: 0.8665  Non0_F1_score: 0.8662  Mult_acc_5: 0.5692  Mult_acc_7: 0.5516  MAE: 0.5023  Corr: 0.7751  Loss: 0.5009 
2026-01-17 19:29:50,500 - MMSA [INFO] - TRAIN-(msalm) [9/14/2] >> loss: 0.3118  Has0_acc_2: 0.8687  Has0_F1_score: 0.8730  Non0_acc_2: 0.9480  Non0_F1_score: 0.9479  Mult_acc_5: 0.7443  Mult_acc_7: 0.7184  MAE: 0.3119  Corr: 0.9217  clm loss: 3.279 total loss: 5.0023 bn loss: 0.3255 av loss: 0.7839 text loss: 0.3021
2026-01-17 19:29:59,438 - MMSA [INFO] - VAL-(msalm) >>  Has0_acc_2: 0.8038  Has0_F1_score: 0.8123  Non0_acc_2: 0.8512  Non0_F1_score: 0.8526  Mult_acc_5: 0.5799  Mult_acc_7: 0.5644  MAE: 0.5027  Corr: 0.7758  Loss: 0.5031 
2026-01-17 19:34:51,425 - MMSA [INFO] - TRAIN-(msalm) [10/15/2] >> loss: 0.3115  Has0_acc_2: 0.8679  Has0_F1_score: 0.8724  Non0_acc_2: 0.9481  Non0_F1_score: 0.9481  Mult_acc_5: 0.7483  Mult_acc_7: 0.7223  MAE: 0.3105  Corr: 0.9238  clm loss: 3.2626 total loss: 4.9658 bn loss: 0.3143 av loss: 0.7842 text loss: 0.2932
2026-01-17 19:35:00,312 - MMSA [INFO] - VAL-(msalm) >>  Has0_acc_2: 0.7835  Has0_F1_score: 0.7941  Non0_acc_2: 0.8394  Non0_F1_score: 0.8416  Mult_acc_5: 0.5735  Mult_acc_7: 0.5591  MAE: 0.5064  Corr: 0.7759  Loss: 0.5067 
2026-01-17 19:35:22,034 - MMSA [INFO] - TEST-(msalm) >>  Has0_acc_2: 0.8002  Has0_F1_score: 0.8078  Non0_acc_2: 0.8608  Non0_F1_score: 0.8617  Mult_acc_5: 0.5793  Mult_acc_7: 0.5593  MAE: 0.5051  Corr: 0.8050  Loss: 0.5051 
2026-01-17 19:35:24,329 - MMSA [INFO] - Result for seed 1991: {'Has0_acc_2': 0.8002, 'Has0_F1_score': 0.8078, 'Non0_acc_2': 0.8608, 'Non0_F1_score': 0.8617, 'Mult_acc_5': 0.5793, 'Mult_acc_7': 0.5593, 'MAE': 0.5051, 'Corr': 0.805, 'Loss': 0.5051, 'seed': 1991}
2026-01-17 19:35:24,330 - MMSA [INFO] - ------------------------------ Running with seed 1992 [3/5] ------------------------------
2026-01-17 19:47:10,382 - MMSA [INFO] - The model has 914783116 trainable parameters
2026-01-17 19:52:01,500 - MMSA [INFO] - TRAIN-(msalm) [1/1/3] >> loss: 0.8361  Has0_acc_2: 0.5859  Has0_F1_score: 0.6044  Non0_acc_2: 0.6208  Non0_F1_score: 0.6270  Mult_acc_5: 0.3996  Mult_acc_7: 0.3975  MAE: 0.8365  Corr: 0.3495  clm loss: 4.2415 total loss: 7.5657 bn loss: 0.8234 av loss: 0.8246 text loss: 0.84
2026-01-17 19:52:10,429 - MMSA [INFO] - VAL-(msalm) >>  Has0_acc_2: 0.7451  Has0_F1_score: 0.7587  Non0_acc_2: 0.7997  Non0_F1_score: 0.8036  Mult_acc_5: 0.4906  Mult_acc_7: 0.4768  MAE: 0.6330  Corr: 0.6390  Loss: 0.6369 
2026-01-17 19:57:06,505 - MMSA [INFO] - TRAIN-(msalm) [1/2/3] >> loss: 0.6114  Has0_acc_2: 0.7697  Has0_F1_score: 0.7789  Non0_acc_2: 0.8199  Non0_F1_score: 0.8216  Mult_acc_5: 0.5014  Mult_acc_7: 0.4860  MAE: 0.6115  Corr: 0.7024  clm loss: 3.7513 total loss: 6.4621 bn loss: 0.6285 av loss: 0.8037 text loss: 0.6673
2026-01-17 19:57:15,452 - MMSA [INFO] - VAL-(msalm) >>  Has0_acc_2: 0.8177  Has0_F1_score: 0.8244  Non0_acc_2: 0.8595  Non0_F1_score: 0.8600  Mult_acc_5: 0.5521  Mult_acc_7: 0.5420  MAE: 0.5149  Corr: 0.7452  Loss: 0.5144 
2026-01-17 20:02:12,229 - MMSA [INFO] - TRAIN-(msalm) [1/3/3] >> loss: 0.5395  Has0_acc_2: 0.8064  Has0_F1_score: 0.8122  Non0_acc_2: 0.8528  Non0_F1_score: 0.8528  Mult_acc_5: 0.5603  Mult_acc_7: 0.5397  MAE: 0.5396  Corr: 0.7686  clm loss: 3.6086 total loss: 6.0664 bn loss: 0.5391 av loss: 0.7971 text loss: 0.5821
2026-01-17 20:02:21,340 - MMSA [INFO] - VAL-(msalm) >>  Has0_acc_2: 0.8161  Has0_F1_score: 0.8229  Non0_acc_2: 0.8637  Non0_F1_score: 0.8640  Mult_acc_5: 0.5820  Mult_acc_7: 0.5660  MAE: 0.4919  Corr: 0.7719  Loss: 0.4916 
2026-01-17 20:07:18,427 - MMSA [INFO] - TRAIN-(msalm) [1/4/3] >> loss: 0.4978  Has0_acc_2: 0.8246  Has0_F1_score: 0.8295  Non0_acc_2: 0.8735  Non0_F1_score: 0.8731  Mult_acc_5: 0.5860  Mult_acc_7: 0.5639  MAE: 0.4974  Corr: 0.8054  clm loss: 3.5304 total loss: 5.8536 bn loss: 0.497 av loss: 0.7959 text loss: 0.5324
2026-01-17 20:07:27,373 - MMSA [INFO] - VAL-(msalm) >>  Has0_acc_2: 0.8199  Has0_F1_score: 0.8272  Non0_acc_2: 0.8672  Non0_F1_score: 0.8682  Mult_acc_5: 0.5922  Mult_acc_7: 0.5767  MAE: 0.4864  Corr: 0.7817  Loss: 0.4859 
2026-01-17 20:12:24,484 - MMSA [INFO] - TRAIN-(msalm) [1/5/3] >> loss: 0.4681  Has0_acc_2: 0.8353  Has0_F1_score: 0.8402  Non0_acc_2: 0.8895  Non0_F1_score: 0.8894  Mult_acc_5: 0.6136  Mult_acc_7: 0.5907  MAE: 0.4677  Corr: 0.8272  clm loss: 3.4764 total loss: 5.7057 bn loss: 0.4721 av loss: 0.7949 text loss: 0.4943
2026-01-17 20:12:33,404 - MMSA [INFO] - VAL-(msalm) >>  Has0_acc_2: 0.8338  Has0_F1_score: 0.8389  Non0_acc_2: 0.8707  Non0_F1_score: 0.8707  Mult_acc_5: 0.5901  Mult_acc_7: 0.5719  MAE: 0.4874  Corr: 0.7796  Loss: 0.4871 
2026-01-17 20:17:25,308 - MMSA [INFO] - TRAIN-(msalm) [2/6/3] >> loss: 0.4458  Has0_acc_2: 0.8340  Has0_F1_score: 0.8391  Non0_acc_2: 0.8918  Non0_F1_score: 0.8917  Mult_acc_5: 0.6323  Mult_acc_7: 0.6080  MAE: 0.4451  Corr: 0.8425  clm loss: 3.4389 total loss: 5.5887 bn loss: 0.4511 av loss: 0.7912 text loss: 0.4616
2026-01-17 20:17:34,794 - MMSA [INFO] - VAL-(msalm) >>  Has0_acc_2: 0.8044  Has0_F1_score: 0.8130  Non0_acc_2: 0.8526  Non0_F1_score: 0.8542  Mult_acc_5: 0.5847  Mult_acc_7: 0.5676  MAE: 0.4977  Corr: 0.7792  Loss: 0.4972 
2026-01-17 20:22:26,465 - MMSA [INFO] - TRAIN-(msalm) [3/7/3] >> loss: 0.4188  Has0_acc_2: 0.8479  Has0_F1_score: 0.8523  Non0_acc_2: 0.9061  Non0_F1_score: 0.9060  Mult_acc_5: 0.6479  Mult_acc_7: 0.6243  MAE: 0.4185  Corr: 0.8606  clm loss: 3.4081 total loss: 5.4772 bn loss: 0.4299 av loss: 0.7904 text loss: 0.43
2026-01-17 20:22:35,398 - MMSA [INFO] - VAL-(msalm) >>  Has0_acc_2: 0.8193  Has0_F1_score: 0.8267  Non0_acc_2: 0.8707  Non0_F1_score: 0.8715  Mult_acc_5: 0.5852  Mult_acc_7: 0.5697  MAE: 0.4942  Corr: 0.7855  Loss: 0.4949 
2026-01-17 20:27:27,227 - MMSA [INFO] - TRAIN-(msalm) [4/8/3] >> loss: 0.4003  Has0_acc_2: 0.8516  Has0_F1_score: 0.8561  Non0_acc_2: 0.9158  Non0_F1_score: 0.9156  Mult_acc_5: 0.6681  Mult_acc_7: 0.6431  MAE: 0.3990  Corr: 0.8739  clm loss: 3.3786 total loss: 5.3794 bn loss: 0.4069 av loss: 0.7913 text loss: 0.4023
2026-01-17 20:27:36,133 - MMSA [INFO] - VAL-(msalm) >>  Has0_acc_2: 0.7969  Has0_F1_score: 0.8060  Non0_acc_2: 0.8526  Non0_F1_score: 0.8539  Mult_acc_5: 0.5842  Mult_acc_7: 0.5708  MAE: 0.4901  Corr: 0.7775  Loss: 0.4893 
2026-01-17 20:32:27,956 - MMSA [INFO] - TRAIN-(msalm) [5/9/3] >> loss: 0.3757  Has0_acc_2: 0.8562  Has0_F1_score: 0.8608  Non0_acc_2: 0.9258  Non0_F1_score: 0.9258  Mult_acc_5: 0.6910  Mult_acc_7: 0.6671  MAE: 0.3755  Corr: 0.8858  clm loss: 3.3508 total loss: 5.281 bn loss: 0.3879 av loss: 0.7887 text loss: 0.378
2026-01-17 20:32:37,216 - MMSA [INFO] - VAL-(msalm) >>  Has0_acc_2: 0.7900  Has0_F1_score: 0.7998  Non0_acc_2: 0.8470  Non0_F1_score: 0.8487  Mult_acc_5: 0.5617  Mult_acc_7: 0.5468  MAE: 0.5055  Corr: 0.7738  Loss: 0.5064 
2026-01-17 20:37:28,457 - MMSA [INFO] - TRAIN-(msalm) [6/10/3] >> loss: 0.3621  Has0_acc_2: 0.8590  Has0_F1_score: 0.8634  Non0_acc_2: 0.9298  Non0_F1_score: 0.9298  Mult_acc_5: 0.7018  Mult_acc_7: 0.6771  MAE: 0.3620  Corr: 0.8965  clm loss: 3.3387 total loss: 5.2192 bn loss: 0.3729 av loss: 0.7881 text loss: 0.3574
2026-01-17 20:37:37,388 - MMSA [INFO] - VAL-(msalm) >>  Has0_acc_2: 0.8418  Has0_F1_score: 0.8447  Non0_acc_2: 0.8651  Non0_F1_score: 0.8639  Mult_acc_5: 0.5810  Mult_acc_7: 0.5660  MAE: 0.5004  Corr: 0.7750  Loss: 0.5017 
2026-01-17 20:42:28,774 - MMSA [INFO] - TRAIN-(msalm) [7/11/3] >> loss: 0.3478  Has0_acc_2: 0.8587  Has0_F1_score: 0.8634  Non0_acc_2: 0.9342  Non0_F1_score: 0.9342  Mult_acc_5: 0.7153  Mult_acc_7: 0.6911  MAE: 0.3479  Corr: 0.9033  clm loss: 3.3106 total loss: 5.1477 bn loss: 0.3589 av loss: 0.7869 text loss: 0.3435
2026-01-17 20:42:37,623 - MMSA [INFO] - VAL-(msalm) >>  Has0_acc_2: 0.8343  Has0_F1_score: 0.8377  Non0_acc_2: 0.8595  Non0_F1_score: 0.8583  Mult_acc_5: 0.5740  Mult_acc_7: 0.5580  MAE: 0.5051  Corr: 0.7719  Loss: 0.5049 
2026-01-17 20:47:28,404 - MMSA [INFO] - TRAIN-(msalm) [8/12/3] >> loss: 0.328  Has0_acc_2: 0.8670  Has0_F1_score: 0.8713  Non0_acc_2: 0.9426  Non0_F1_score: 0.9426  Mult_acc_5: 0.7283  Mult_acc_7: 0.7036  MAE: 0.3281  Corr: 0.9141  clm loss: 3.3025 total loss: 5.08 bn loss: 0.3418 av loss: 0.7861 text loss: 0.3217
2026-01-17 20:47:37,510 - MMSA [INFO] - VAL-(msalm) >>  Has0_acc_2: 0.8316  Has0_F1_score: 0.8361  Non0_acc_2: 0.8630  Non0_F1_score: 0.8625  Mult_acc_5: 0.5708  Mult_acc_7: 0.5526  MAE: 0.5064  Corr: 0.7695  Loss: 0.5075 
2026-01-17 20:52:28,448 - MMSA [INFO] - TRAIN-(msalm) [9/13/3] >> loss: 0.319  Has0_acc_2: 0.8693  Has0_F1_score: 0.8737  Non0_acc_2: 0.9443  Non0_F1_score: 0.9443  Mult_acc_5: 0.7387  Mult_acc_7: 0.7148  MAE: 0.3191  Corr: 0.9189  clm loss: 3.2858 total loss: 5.0309 bn loss: 0.3309 av loss: 0.7854 text loss: 0.3098
2026-01-17 20:52:37,290 - MMSA [INFO] - VAL-(msalm) >>  Has0_acc_2: 0.8290  Has0_F1_score: 0.8338  Non0_acc_2: 0.8630  Non0_F1_score: 0.8627  Mult_acc_5: 0.5724  Mult_acc_7: 0.5585  MAE: 0.5064  Corr: 0.7732  Loss: 0.5041 
2026-01-17 20:57:28,211 - MMSA [INFO] - TRAIN-(msalm) [10/14/3] >> loss: 0.3135  Has0_acc_2: 0.8651  Has0_F1_score: 0.8698  Non0_acc_2: 0.9489  Non0_F1_score: 0.9490  Mult_acc_5: 0.7432  Mult_acc_7: 0.7177  MAE: 0.3132  Corr: 0.9215  clm loss: 3.2759 total loss: 4.9964 bn loss: 0.3216 av loss: 0.7861 text loss: 0.2993
2026-01-17 20:57:37,025 - MMSA [INFO] - VAL-(msalm) >>  Has0_acc_2: 0.8247  Has0_F1_score: 0.8305  Non0_acc_2: 0.8609  Non0_F1_score: 0.8612  Mult_acc_5: 0.5719  Mult_acc_7: 0.5569  MAE: 0.5049  Corr: 0.7729  Loss: 0.5057 
2026-01-17 20:57:59,125 - MMSA [INFO] - TEST-(msalm) >>  Has0_acc_2: 0.8128  Has0_F1_score: 0.8196  Non0_acc_2: 0.8709  Non0_F1_score: 0.8716  Mult_acc_5: 0.5705  Mult_acc_7: 0.5542  MAE: 0.5056  Corr: 0.8001  Loss: 0.5061 
2026-01-17 20:58:01,451 - MMSA [INFO] - Result for seed 1992: {'Has0_acc_2': 0.8128, 'Has0_F1_score': 0.8196, 'Non0_acc_2': 0.8709, 'Non0_F1_score': 0.8716, 'Mult_acc_5': 0.5705, 'Mult_acc_7': 0.5542, 'MAE': 0.5056, 'Corr': 0.8001, 'Loss': 0.5061, 'seed': 1992}
2026-01-17 20:58:01,452 - MMSA [INFO] - ------------------------------ Running with seed 1993 [4/5] ------------------------------
2026-01-17 21:09:45,989 - MMSA [INFO] - The model has 914783116 trainable parameters
2026-01-17 21:14:38,278 - MMSA [INFO] - TRAIN-(msalm) [1/1/4] >> loss: 0.9262  Has0_acc_2: 0.4694  Has0_F1_score: 0.4507  Non0_acc_2: 0.5415  Non0_F1_score: 0.5129  Mult_acc_5: 0.3622  Mult_acc_7: 0.3542  MAE: 0.9259  Corr: 0.4005  clm loss: 4.2181 total loss: 7.9712 bn loss: 0.8302 av loss: 1.1464 text loss: 0.8503
2026-01-17 21:14:47,232 - MMSA [INFO] - VAL-(msalm) >>  Has0_acc_2: 0.6649  Has0_F1_score: 0.6819  Non0_acc_2: 0.7364  Non0_F1_score: 0.7415  Mult_acc_5: 0.4570  Mult_acc_7: 0.4441  MAE: 0.7197  Corr: 0.6012  Loss: 0.7196 
2026-01-17 21:19:43,767 - MMSA [INFO] - TRAIN-(msalm) [1/2/4] >> loss: 0.6802  Has0_acc_2: 0.6777  Has0_F1_score: 0.6911  Non0_acc_2: 0.7609  Non0_F1_score: 0.7645  Mult_acc_5: 0.4749  Mult_acc_7: 0.4556  MAE: 0.6805  Corr: 0.6982  clm loss: 3.7366 total loss: 6.5438 bn loss: 0.6205 av loss: 0.8363 text loss: 0.6702
2026-01-17 21:19:52,648 - MMSA [INFO] - VAL-(msalm) >>  Has0_acc_2: 0.7413  Has0_F1_score: 0.7557  Non0_acc_2: 0.8129  Non0_F1_score: 0.8170  Mult_acc_5: 0.5371  Mult_acc_7: 0.5249  MAE: 0.5671  Corr: 0.7442  Loss: 0.5679 
2026-01-17 21:24:49,541 - MMSA [INFO] - TRAIN-(msalm) [1/3/4] >> loss: 0.5563  Has0_acc_2: 0.7696  Has0_F1_score: 0.7798  Non0_acc_2: 0.8389  Non0_F1_score: 0.8411  Mult_acc_5: 0.5477  Mult_acc_7: 0.5254  MAE: 0.5565  Corr: 0.7722  clm loss: 3.5946 total loss: 6.0607 bn loss: 0.5284 av loss: 0.804 text loss: 0.5773
2026-01-17 21:24:58,913 - MMSA [INFO] - VAL-(msalm) >>  Has0_acc_2: 0.7980  Has0_F1_score: 0.8076  Non0_acc_2: 0.8581  Non0_F1_score: 0.8599  Mult_acc_5: 0.5820  Mult_acc_7: 0.5697  MAE: 0.4978  Corr: 0.7708  Loss: 0.4978 
2026-01-17 21:29:55,819 - MMSA [INFO] - TRAIN-(msalm) [1/4/4] >> loss: 0.503  Has0_acc_2: 0.8164  Has0_F1_score: 0.8228  Non0_acc_2: 0.8713  Non0_F1_score: 0.8719  Mult_acc_5: 0.5873  Mult_acc_7: 0.5649  MAE: 0.5025  Corr: 0.8023  clm loss: 3.5182 total loss: 5.8486 bn loss: 0.4975 av loss: 0.797 text loss: 0.5329
2026-01-17 21:30:04,673 - MMSA [INFO] - VAL-(msalm) >>  Has0_acc_2: 0.8129  Has0_F1_score: 0.8208  Non0_acc_2: 0.8623  Non0_F1_score: 0.8635  Mult_acc_5: 0.5901  Mult_acc_7: 0.5788  MAE: 0.4901  Corr: 0.7791  Loss: 0.4904 
2026-01-17 21:35:01,477 - MMSA [INFO] - TRAIN-(msalm) [1/5/4] >> loss: 0.4785  Has0_acc_2: 0.8294  Has0_F1_score: 0.8346  Non0_acc_2: 0.8821  Non0_F1_score: 0.8822  Mult_acc_5: 0.6061  Mult_acc_7: 0.5827  MAE: 0.4784  Corr: 0.8206  clm loss: 3.4851 total loss: 5.7318 bn loss: 0.4737 av loss: 0.7953 text loss: 0.4993
2026-01-17 21:35:10,333 - MMSA [INFO] - VAL-(msalm) >>  Has0_acc_2: 0.8017  Has0_F1_score: 0.8107  Non0_acc_2: 0.8609  Non0_F1_score: 0.8622  Mult_acc_5: 0.5879  Mult_acc_7: 0.5756  MAE: 0.4903  Corr: 0.7812  Loss: 0.4897 
2026-01-17 21:40:07,375 - MMSA [INFO] - TRAIN-(msalm) [1/6/4] >> loss: 0.4492  Has0_acc_2: 0.8425  Has0_F1_score: 0.8472  Non0_acc_2: 0.8990  Non0_F1_score: 0.8989  Mult_acc_5: 0.6270  Mult_acc_7: 0.6025  MAE: 0.4492  Corr: 0.8412  clm loss: 3.4372 total loss: 5.5944 bn loss: 0.4524 av loss: 0.7934 text loss: 0.4621
2026-01-17 21:40:16,222 - MMSA [INFO] - VAL-(msalm) >>  Has0_acc_2: 0.8210  Has0_F1_score: 0.8277  Non0_acc_2: 0.8665  Non0_F1_score: 0.8671  Mult_acc_5: 0.5959  Mult_acc_7: 0.5831  MAE: 0.4868  Corr: 0.7859  Loss: 0.4866 
2026-01-17 21:45:13,036 - MMSA [INFO] - TRAIN-(msalm) [1/7/4] >> loss: 0.4203  Has0_acc_2: 0.8527  Has0_F1_score: 0.8571  Non0_acc_2: 0.9095  Non0_F1_score: 0.9095  Mult_acc_5: 0.6503  Mult_acc_7: 0.6246  MAE: 0.4199  Corr: 0.8615  clm loss: 3.3964 total loss: 5.4639 bn loss: 0.4273 av loss: 0.7914 text loss: 0.4285
2026-01-17 21:45:22,524 - MMSA [INFO] - VAL-(msalm) >>  Has0_acc_2: 0.8210  Has0_F1_score: 0.8278  Non0_acc_2: 0.8700  Non0_F1_score: 0.8705  Mult_acc_5: 0.5799  Mult_acc_7: 0.5644  MAE: 0.4875  Corr: 0.7825  Loss: 0.4875 
2026-01-17 21:50:14,454 - MMSA [INFO] - TRAIN-(msalm) [2/8/4] >> loss: 0.401  Has0_acc_2: 0.8526  Has0_F1_score: 0.8572  Non0_acc_2: 0.9159  Non0_F1_score: 0.9160  Mult_acc_5: 0.6716  Mult_acc_7: 0.6490  MAE: 0.4008  Corr: 0.8701  clm loss: 3.3762 total loss: 5.3805 bn loss: 0.4084 av loss: 0.7905 text loss: 0.4045
2026-01-17 21:50:23,274 - MMSA [INFO] - VAL-(msalm) >>  Has0_acc_2: 0.8006  Has0_F1_score: 0.8090  Non0_acc_2: 0.8505  Non0_F1_score: 0.8516  Mult_acc_5: 0.5788  Mult_acc_7: 0.5644  MAE: 0.4940  Corr: 0.7763  Loss: 0.4937 
2026-01-17 21:55:15,322 - MMSA [INFO] - TRAIN-(msalm) [3/9/4] >> loss: 0.3797  Has0_acc_2: 0.8606  Has0_F1_score: 0.8648  Non0_acc_2: 0.9241  Non0_F1_score: 0.9240  Mult_acc_5: 0.6911  Mult_acc_7: 0.6665  MAE: 0.3794  Corr: 0.8859  clm loss: 3.3495 total loss: 5.2872 bn loss: 0.3894 av loss: 0.7888 text loss: 0.3797
2026-01-17 21:55:24,187 - MMSA [INFO] - VAL-(msalm) >>  Has0_acc_2: 0.8365  Has0_F1_score: 0.8400  Non0_acc_2: 0.8644  Non0_F1_score: 0.8634  Mult_acc_5: 0.5724  Mult_acc_7: 0.5569  MAE: 0.5004  Corr: 0.7746  Loss: 0.5016 
2026-01-17 22:00:16,409 - MMSA [INFO] - TRAIN-(msalm) [4/10/4] >> loss: 0.3623  Has0_acc_2: 0.8563  Has0_F1_score: 0.8610  Non0_acc_2: 0.9288  Non0_F1_score: 0.9288  Mult_acc_5: 0.7031  Mult_acc_7: 0.6776  MAE: 0.3624  Corr: 0.8955  clm loss: 3.3137 total loss: 5.1892 bn loss: 0.3694 av loss: 0.7886 text loss: 0.3552
2026-01-17 22:00:25,358 - MMSA [INFO] - VAL-(msalm) >>  Has0_acc_2: 0.8338  Has0_F1_score: 0.8381  Non0_acc_2: 0.8637  Non0_F1_score: 0.8632  Mult_acc_5: 0.5836  Mult_acc_7: 0.5708  MAE: 0.4944  Corr: 0.7737  Loss: 0.4946 
2026-01-17 22:05:17,408 - MMSA [INFO] - TRAIN-(msalm) [5/11/4] >> loss: 0.3443  Has0_acc_2: 0.8660  Has0_F1_score: 0.8701  Non0_acc_2: 0.9358  Non0_F1_score: 0.9357  Mult_acc_5: 0.7215  Mult_acc_7: 0.6967  MAE: 0.3440  Corr: 0.9049  clm loss: 3.3077 total loss: 5.1402 bn loss: 0.358 av loss: 0.789 text loss: 0.3413
2026-01-17 22:05:26,288 - MMSA [INFO] - VAL-(msalm) >>  Has0_acc_2: 0.8242  Has0_F1_score: 0.8297  Non0_acc_2: 0.8616  Non0_F1_score: 0.8615  Mult_acc_5: 0.5826  Mult_acc_7: 0.5687  MAE: 0.4975  Corr: 0.7742  Loss: 0.4974 
2026-01-17 22:10:18,257 - MMSA [INFO] - TRAIN-(msalm) [6/12/4] >> loss: 0.3394  Has0_acc_2: 0.8659  Has0_F1_score: 0.8703  Non0_acc_2: 0.9397  Non0_F1_score: 0.9397  Mult_acc_5: 0.7216  Mult_acc_7: 0.6977  MAE: 0.3395  Corr: 0.9081  clm loss: 3.2936 total loss: 5.0911 bn loss: 0.344 av loss: 0.7873 text loss: 0.3267
2026-01-17 22:10:27,117 - MMSA [INFO] - VAL-(msalm) >>  Has0_acc_2: 0.8161  Has0_F1_score: 0.8220  Non0_acc_2: 0.8526  Non0_F1_score: 0.8525  Mult_acc_5: 0.5842  Mult_acc_7: 0.5708  MAE: 0.4976  Corr: 0.7718  Loss: 0.4981 
2026-01-17 22:15:18,967 - MMSA [INFO] - TRAIN-(msalm) [7/13/4] >> loss: 0.322  Has0_acc_2: 0.8697  Has0_F1_score: 0.8738  Non0_acc_2: 0.9438  Non0_F1_score: 0.9438  Mult_acc_5: 0.7375  Mult_acc_7: 0.7144  MAE: 0.3211  Corr: 0.9150  clm loss: 3.2803 total loss: 5.0333 bn loss: 0.3324 av loss: 0.7864 text loss: 0.3122
2026-01-17 22:15:27,823 - MMSA [INFO] - VAL-(msalm) >>  Has0_acc_2: 0.8279  Has0_F1_score: 0.8327  Non0_acc_2: 0.8623  Non0_F1_score: 0.8619  Mult_acc_5: 0.5730  Mult_acc_7: 0.5580  MAE: 0.5011  Corr: 0.7729  Loss: 0.5009 
2026-01-17 22:20:19,845 - MMSA [INFO] - TRAIN-(msalm) [8/14/4] >> loss: 0.3113  Has0_acc_2: 0.8699  Has0_F1_score: 0.8742  Non0_acc_2: 0.9479  Non0_F1_score: 0.9479  Mult_acc_5: 0.7475  Mult_acc_7: 0.7232  MAE: 0.3114  Corr: 0.9223  clm loss: 3.2565 total loss: 4.9738 bn loss: 0.3207 av loss: 0.7862 text loss: 0.299
2026-01-17 22:20:28,725 - MMSA [INFO] - VAL-(msalm) >>  Has0_acc_2: 0.8119  Has0_F1_score: 0.8192  Non0_acc_2: 0.8540  Non0_F1_score: 0.8549  Mult_acc_5: 0.5692  Mult_acc_7: 0.5564  MAE: 0.4988  Corr: 0.7728  Loss: 0.4990 
2026-01-17 22:25:20,741 - MMSA [INFO] - TRAIN-(msalm) [9/15/4] >> loss: 0.3088  Has0_acc_2: 0.8710  Has0_F1_score: 0.8753  Non0_acc_2: 0.9484  Non0_F1_score: 0.9484  Mult_acc_5: 0.7485  Mult_acc_7: 0.7250  MAE: 0.3090  Corr: 0.9235  clm loss: 3.2633 total loss: 4.9667 bn loss: 0.3144 av loss: 0.7861 text loss: 0.2941
2026-01-17 22:25:29,605 - MMSA [INFO] - VAL-(msalm) >>  Has0_acc_2: 0.8306  Has0_F1_score: 0.8352  Non0_acc_2: 0.8616  Non0_F1_score: 0.8613  Mult_acc_5: 0.5783  Mult_acc_7: 0.5628  MAE: 0.4965  Corr: 0.7739  Loss: 0.4954 
2026-01-17 22:30:21,561 - MMSA [INFO] - TRAIN-(msalm) [10/16/4] >> loss: 0.3032  Has0_acc_2: 0.8714  Has0_F1_score: 0.8756  Non0_acc_2: 0.9492  Non0_F1_score: 0.9492  Mult_acc_5: 0.7576  Mult_acc_7: 0.7337  MAE: 0.3027  Corr: 0.9248  clm loss: 3.2585 total loss: 4.947 bn loss: 0.3098 av loss: 0.7858 text loss: 0.2897
2026-01-17 22:30:30,432 - MMSA [INFO] - VAL-(msalm) >>  Has0_acc_2: 0.8332  Has0_F1_score: 0.8369  Non0_acc_2: 0.8595  Non0_F1_score: 0.8586  Mult_acc_5: 0.5756  Mult_acc_7: 0.5596  MAE: 0.5038  Corr: 0.7717  Loss: 0.5037 
2026-01-17 22:30:52,062 - MMSA [INFO] - TEST-(msalm) >>  Has0_acc_2: 0.8120  Has0_F1_score: 0.8181  Non0_acc_2: 0.8663  Non0_F1_score: 0.8664  Mult_acc_5: 0.5804  Mult_acc_7: 0.5598  MAE: 0.5034  Corr: 0.8074  Loss: 0.5038 
2026-01-17 22:30:54,357 - MMSA [INFO] - Result for seed 1993: {'Has0_acc_2': 0.812, 'Has0_F1_score': 0.8181, 'Non0_acc_2': 0.8663, 'Non0_F1_score': 0.8664, 'Mult_acc_5': 0.5804, 'Mult_acc_7': 0.5598, 'MAE': 0.5034, 'Corr': 0.8074, 'Loss': 0.5038, 'seed': 1993}
2026-01-17 22:30:54,359 - MMSA [INFO] - ------------------------------ Running with seed 1994 [5/5] ------------------------------
2026-01-17 22:42:41,510 - MMSA [INFO] - The model has 914783116 trainable parameters
2026-01-17 22:47:34,066 - MMSA [INFO] - TRAIN-(msalm) [1/1/5] >> loss: 0.7866  Has0_acc_2: 0.6885  Has0_F1_score: 0.6938  Non0_acc_2: 0.6938  Non0_F1_score: 0.6893  Mult_acc_5: 0.4141  Mult_acc_7: 0.4133  MAE: 0.7866  Corr: 0.3978  clm loss: 4.2274 total loss: 7.5712 bn loss: 0.827 av loss: 0.8841 text loss: 0.846
2026-01-17 22:47:42,938 - MMSA [INFO] - VAL-(msalm) >>  Has0_acc_2: 0.7825  Has0_F1_score: 0.7902  Non0_acc_2: 0.8143  Non0_F1_score: 0.8148  Mult_acc_5: 0.4789  Mult_acc_7: 0.4735  MAE: 0.6201  Corr: 0.6251  Loss: 0.6223 
2026-01-17 22:52:39,527 - MMSA [INFO] - TRAIN-(msalm) [1/2/5] >> loss: 0.6015  Has0_acc_2: 0.7892  Has0_F1_score: 0.7956  Non0_acc_2: 0.8313  Non0_F1_score: 0.8313  Mult_acc_5: 0.5061  Mult_acc_7: 0.4920  MAE: 0.6013  Corr: 0.7080  clm loss: 3.7473 total loss: 6.443 bn loss: 0.6154 av loss: 0.8094 text loss: 0.6695
2026-01-17 22:52:48,403 - MMSA [INFO] - VAL-(msalm) >>  Has0_acc_2: 0.8135  Has0_F1_score: 0.8209  Non0_acc_2: 0.8623  Non0_F1_score: 0.8631  Mult_acc_5: 0.5494  Mult_acc_7: 0.5361  MAE: 0.5135  Corr: 0.7517  Loss: 0.5151 
2026-01-17 22:57:45,374 - MMSA [INFO] - TRAIN-(msalm) [1/3/5] >> loss: 0.5275  Has0_acc_2: 0.8159  Has0_F1_score: 0.8212  Non0_acc_2: 0.8604  Non0_F1_score: 0.8604  Mult_acc_5: 0.5638  Mult_acc_7: 0.5439  MAE: 0.5275  Corr: 0.7797  clm loss: 3.6017 total loss: 6.0297 bn loss: 0.5273 av loss: 0.7982 text loss: 0.575
2026-01-17 22:57:54,467 - MMSA [INFO] - VAL-(msalm) >>  Has0_acc_2: 0.8204  Has0_F1_score: 0.8270  Non0_acc_2: 0.8707  Non0_F1_score: 0.8708  Mult_acc_5: 0.5767  Mult_acc_7: 0.5628  MAE: 0.4967  Corr: 0.7702  Loss: 0.4970 
2026-01-17 23:02:51,381 - MMSA [INFO] - TRAIN-(msalm) [1/4/5] >> loss: 0.5013  Has0_acc_2: 0.8232  Has0_F1_score: 0.8284  Non0_acc_2: 0.8706  Non0_F1_score: 0.8706  Mult_acc_5: 0.5878  Mult_acc_7: 0.5662  MAE: 0.5013  Corr: 0.8031  clm loss: 3.5323 total loss: 5.8528 bn loss: 0.4964 av loss: 0.7949 text loss: 0.528
2026-01-17 23:03:00,254 - MMSA [INFO] - VAL-(msalm) >>  Has0_acc_2: 0.8097  Has0_F1_score: 0.8176  Non0_acc_2: 0.8637  Non0_F1_score: 0.8645  Mult_acc_5: 0.5724  Mult_acc_7: 0.5601  MAE: 0.5002  Corr: 0.7779  Loss: 0.4988 
2026-01-17 23:07:52,464 - MMSA [INFO] - TRAIN-(msalm) [2/5/5] >> loss: 0.4649  Has0_acc_2: 0.8338  Has0_F1_score: 0.8389  Non0_acc_2: 0.8909  Non0_F1_score: 0.8908  Mult_acc_5: 0.6147  Mult_acc_7: 0.5919  MAE: 0.4647  Corr: 0.8299  clm loss: 3.4727 total loss: 5.6897 bn loss: 0.4701 av loss: 0.7921 text loss: 0.49
2026-01-17 23:08:01,324 - MMSA [INFO] - VAL-(msalm) >>  Has0_acc_2: 0.8354  Has0_F1_score: 0.8399  Non0_acc_2: 0.8693  Non0_F1_score: 0.8688  Mult_acc_5: 0.5847  Mult_acc_7: 0.5703  MAE: 0.4871  Corr: 0.7810  Loss: 0.4853 
2026-01-17 23:12:58,493 - MMSA [INFO] - TRAIN-(msalm) [1/6/5] >> loss: 0.4411  Has0_acc_2: 0.8414  Has0_F1_score: 0.8462  Non0_acc_2: 0.9005  Non0_F1_score: 0.9004  Mult_acc_5: 0.6365  Mult_acc_7: 0.6130  MAE: 0.4409  Corr: 0.8456  clm loss: 3.4374 total loss: 5.5761 bn loss: 0.4451 av loss: 0.7922 text loss: 0.4604
2026-01-17 23:13:07,344 - MMSA [INFO] - VAL-(msalm) >>  Has0_acc_2: 0.8258  Has0_F1_score: 0.8311  Non0_acc_2: 0.8637  Non0_F1_score: 0.8634  Mult_acc_5: 0.5799  Mult_acc_7: 0.5665  MAE: 0.4875  Corr: 0.7798  Loss: 0.4889 
2026-01-17 23:17:59,230 - MMSA [INFO] - TRAIN-(msalm) [2/7/5] >> loss: 0.4197  Has0_acc_2: 0.8488  Has0_F1_score: 0.8533  Non0_acc_2: 0.9071  Non0_F1_score: 0.9070  Mult_acc_5: 0.6534  Mult_acc_7: 0.6281  MAE: 0.4184  Corr: 0.8598  clm loss: 3.4063 total loss: 5.4721 bn loss: 0.4264 av loss: 0.79 text loss: 0.4297
2026-01-17 23:18:08,426 - MMSA [INFO] - VAL-(msalm) >>  Has0_acc_2: 0.7910  Has0_F1_score: 0.8008  Non0_acc_2: 0.8477  Non0_F1_score: 0.8495  Mult_acc_5: 0.5847  Mult_acc_7: 0.5708  MAE: 0.4978  Corr: 0.7774  Loss: 0.4983 
2026-01-17 23:23:00,450 - MMSA [INFO] - TRAIN-(msalm) [3/8/5] >> loss: 0.3947  Has0_acc_2: 0.8516  Has0_F1_score: 0.8561  Non0_acc_2: 0.9164  Non0_F1_score: 0.9163  Mult_acc_5: 0.6780  Mult_acc_7: 0.6546  MAE: 0.3941  Corr: 0.8759  clm loss: 3.3649 total loss: 5.3523 bn loss: 0.4028 av loss: 0.7888 text loss: 0.4012
2026-01-17 23:23:09,349 - MMSA [INFO] - VAL-(msalm) >>  Has0_acc_2: 0.8103  Has0_F1_score: 0.8180  Non0_acc_2: 0.8623  Non0_F1_score: 0.8631  Mult_acc_5: 0.5783  Mult_acc_7: 0.5655  MAE: 0.4955  Corr: 0.7789  Loss: 0.4956 
2026-01-17 23:28:01,453 - MMSA [INFO] - TRAIN-(msalm) [4/9/5] >> loss: 0.3801  Has0_acc_2: 0.8539  Has0_F1_score: 0.8585  Non0_acc_2: 0.9217  Non0_F1_score: 0.9216  Mult_acc_5: 0.6866  Mult_acc_7: 0.6622  MAE: 0.3804  Corr: 0.8863  clm loss: 3.3557 total loss: 5.289 bn loss: 0.3878 av loss: 0.7873 text loss: 0.3781
2026-01-17 23:28:10,302 - MMSA [INFO] - VAL-(msalm) >>  Has0_acc_2: 0.8220  Has0_F1_score: 0.8287  Non0_acc_2: 0.8679  Non0_F1_score: 0.8684  Mult_acc_5: 0.5756  Mult_acc_7: 0.5612  MAE: 0.4933  Corr: 0.7805  Loss: 0.4924 
2026-01-17 23:33:02,228 - MMSA [INFO] - TRAIN-(msalm) [5/10/5] >> loss: 0.3593  Has0_acc_2: 0.8609  Has0_F1_score: 0.8653  Non0_acc_2: 0.9304  Non0_F1_score: 0.9303  Mult_acc_5: 0.7084  Mult_acc_7: 0.6823  MAE: 0.3595  Corr: 0.8968  clm loss: 3.3379 total loss: 5.2125 bn loss: 0.3687 av loss: 0.7877 text loss: 0.359
2026-01-17 23:33:11,379 - MMSA [INFO] - VAL-(msalm) >>  Has0_acc_2: 0.7937  Has0_F1_score: 0.8028  Non0_acc_2: 0.8477  Non0_F1_score: 0.8490  Mult_acc_5: 0.5714  Mult_acc_7: 0.5596  MAE: 0.4986  Corr: 0.7780  Loss: 0.4983 
2026-01-17 23:38:03,390 - MMSA [INFO] - TRAIN-(msalm) [6/11/5] >> loss: 0.3458  Has0_acc_2: 0.8630  Has0_F1_score: 0.8674  Non0_acc_2: 0.9361  Non0_F1_score: 0.9361  Mult_acc_5: 0.7202  Mult_acc_7: 0.6937  MAE: 0.3459  Corr: 0.9054  clm loss: 3.3124 total loss: 5.136 bn loss: 0.3537 av loss: 0.7861 text loss: 0.3381
2026-01-17 23:38:12,291 - MMSA [INFO] - VAL-(msalm) >>  Has0_acc_2: 0.8322  Has0_F1_score: 0.8367  Non0_acc_2: 0.8665  Non0_F1_score: 0.8659  Mult_acc_5: 0.5724  Mult_acc_7: 0.5591  MAE: 0.5018  Corr: 0.7750  Loss: 0.5029 
2026-01-17 23:43:04,393 - MMSA [INFO] - TRAIN-(msalm) [7/12/5] >> loss: 0.3348  Has0_acc_2: 0.8667  Has0_F1_score: 0.8710  Non0_acc_2: 0.9407  Non0_F1_score: 0.9407  Mult_acc_5: 0.7272  Mult_acc_7: 0.7000  MAE: 0.3349  Corr: 0.9114  clm loss: 3.301 total loss: 5.0868 bn loss: 0.3397 av loss: 0.7861 text loss: 0.3252
2026-01-17 23:43:13,245 - MMSA [INFO] - VAL-(msalm) >>  Has0_acc_2: 0.8060  Has0_F1_score: 0.8139  Non0_acc_2: 0.8561  Non0_F1_score: 0.8569  Mult_acc_5: 0.5719  Mult_acc_7: 0.5591  MAE: 0.4980  Corr: 0.7741  Loss: 0.4970 
2026-01-17 23:48:05,449 - MMSA [INFO] - TRAIN-(msalm) [8/13/5] >> loss: 0.3199  Has0_acc_2: 0.8704  Has0_F1_score: 0.8745  Non0_acc_2: 0.9450  Non0_F1_score: 0.9450  Mult_acc_5: 0.7431  Mult_acc_7: 0.7163  MAE: 0.3197  Corr: 0.9182  clm loss: 3.2922 total loss: 5.0366 bn loss: 0.328 av loss: 0.7856 text loss: 0.3109
2026-01-17 23:48:14,281 - MMSA [INFO] - VAL-(msalm) >>  Has0_acc_2: 0.8167  Has0_F1_score: 0.8236  Non0_acc_2: 0.8595  Non0_F1_score: 0.8602  Mult_acc_5: 0.5687  Mult_acc_7: 0.5542  MAE: 0.5034  Corr: 0.7737  Loss: 0.5030 
2026-01-17 23:53:06,289 - MMSA [INFO] - TRAIN-(msalm) [9/14/5] >> loss: 0.3163  Has0_acc_2: 0.8637  Has0_F1_score: 0.8683  Non0_acc_2: 0.9413  Non0_F1_score: 0.9413  Mult_acc_5: 0.7440  Mult_acc_7: 0.7187  MAE: 0.3152  Corr: 0.9222  clm loss: 3.2733 total loss: 4.9953 bn loss: 0.32 av loss: 0.7851 text loss: 0.3005
2026-01-17 23:53:15,155 - MMSA [INFO] - VAL-(msalm) >>  Has0_acc_2: 0.8140  Has0_F1_score: 0.8209  Non0_acc_2: 0.8595  Non0_F1_score: 0.8600  Mult_acc_5: 0.5623  Mult_acc_7: 0.5494  MAE: 0.4976  Corr: 0.7766  Loss: 0.4964 
2026-01-17 23:58:07,285 - MMSA [INFO] - TRAIN-(msalm) [10/15/5] >> loss: 0.3035  Has0_acc_2: 0.8692  Has0_F1_score: 0.8736  Non0_acc_2: 0.9503  Non0_F1_score: 0.9503  Mult_acc_5: 0.7548  Mult_acc_7: 0.7312  MAE: 0.3036  Corr: 0.9248  clm loss: 3.2636 total loss: 4.9554 bn loss: 0.3118 av loss: 0.785 text loss: 0.2915
2026-01-17 23:58:16,149 - MMSA [INFO] - VAL-(msalm) >>  Has0_acc_2: 0.8231  Has0_F1_score: 0.8284  Non0_acc_2: 0.8602  Non0_F1_score: 0.8599  Mult_acc_5: 0.5740  Mult_acc_7: 0.5585  MAE: 0.5008  Corr: 0.7743  Loss: 0.5008 
2026-01-17 23:58:38,263 - MMSA [INFO] - TEST-(msalm) >>  Has0_acc_2: 0.8251  Has0_F1_score: 0.8300  Non0_acc_2: 0.8668  Non0_F1_score: 0.8668  Mult_acc_5: 0.5679  Mult_acc_7: 0.5508  MAE: 0.5078  Corr: 0.7980  Loss: 0.5078 
2026-01-17 23:58:40,581 - MMSA [INFO] - Result for seed 1994: {'Has0_acc_2': 0.8251, 'Has0_F1_score': 0.83, 'Non0_acc_2': 0.8668, 'Non0_F1_score': 0.8668, 'Mult_acc_5': 0.5679, 'Mult_acc_7': 0.5508, 'MAE': 0.5078, 'Corr': 0.798, 'Loss': 0.5078, 'seed': 1994}
2026-01-17 23:58:40,672 - MMSA [INFO] - Results saved to MMSA/results/mosei/nf14_k2_0001/thesis-mosei-nf14-k2-01/normal/mosei_avg.csv.
