2025-12-28 18:24:45,707 - MMSA [INFO] - ======================================== Program Start ========================================
2025-12-28 18:24:45,768 - MMSA [INFO] - Running with args:
2025-12-28 18:24:45,768 - MMSA [INFO] - {'model_name': 'msalm', 'dataset_name': 'sims', 'featurePath': '/leonardo_work/EUHPC_A04_051/alexfil/MSA-Datasets/CH-SIMS/unaligned_39.pkl', 'seq_lens': [39, 400, 55], 'feature_dims': [768, 33, 709], 'train_samples': 1368, 'num_classes': 3, 'language': 'cn', 'KeyEval': 'Loss', 'missing_rate': [0.0, 0.0, 0.0], 'missing_seed': [1111, 1111, 1111], 'need_data_aligned': False, 'need_model_aligned': False, 'early_stop': 10, 'use_bert': False, 'use_bert_finetune': False, 'attn_mask': True, 'excludeZero': True, 'update_epochs': 8, 'use_augmentation': False, 'use_m3xup': False, 'hfPath': False, 'use_ulgm': False, 'update_labels_patience': 1, 'H': 3.0, 'del_model': True, 'max_token_len': 39, 'pad_token': '<|endoftext|>', 'lm': '/leonardo_work/EUHPC_A04_051/alexfil/gpt2-chinese-cluecorpussmall', 'use_bf16': False, 'task_out': 1, 'use_clm': True, 'gamma': 1.0, 'l_bn': 1.0, 'l_av': 1.0, 'l_t': 1.0, 'warmup_epochs': 1, 'max_epochs': 100, 'beta_1': 0.9, 'beta_2': 0.95, 'use_lnorm': True, 'rescale': False, 'rescaler': 'sqrt', 'use_seqaug': True, 'n_bn_fusion': 24, 'modded_loss': True, 'embedding_attr_name': 'transformer.wte', 'decoder_layers_attr_name': 'transformer.h', 'mmgpt': {'type': 'gpt2', 'd_out': 64, 'combine': True, 'dropout': 0.1, 'mm_layer': [5, 6, 7, 8, 9, 10, 11], 'top_k': 2, 'layer_dropout': 0.0, 'dense': True, 'tie_ffn': True, 'n_embd': 768, 'bias': True, 'kv_dim': 30, 'n_head': 16, 'd_mm': 768, 'gating': 'sigmoid', 'init_gate': [0.0, 0.0, 0.0, 0.0, 0.0, 0.0, 0.0, 0.0, 0.0, 0.0], 'use_softperm': True, 'p_perm': 0.3, 'p_apply': 0.25, 'use_lora': False, 'lora': {'lora_alpha': 128, 'r': 64, 'lora_dropout': 0.05}}, 'av_enc': {'finetune': True, 'from_pretrained': True, 'path_to_pretrained': '/leonardo_work/EUHPC_A04_051/alexfil/DeepMLF-Reprod/checkpoints/bienc-sims-1990/bienc-sims-1990.pth', 'feature_dims': [768, 33, 709], 'd_enc': 30, 'n_embd': 30, 'n_head': 6, 'nlevels': 3, 'd_enc_out': 30, 'maxlen': 55, 'p_mask': 0.15, 'enc_attn_dropout': 0.1, 'enc_res_dropout': 0.1, 'enc_dropout': 0.1, 'use_softperm': True, 'p_perm': 0.2, 'mask_perm_ratio': 0.5, 'tf_fusion': False, 'use_bn': True, 'use_ln': False}, 'gpt': {'vocab_size': 50257, 'block_size': 1024, 'bias': True, 'n_embd': 1024, 'n_layer': 24, 'n_head': 16, 'dropout': 0.0}, 'batch_size': 32, 'grad_clip': 5.0, 'patience': 10, 'weight_decay_mmgpt': 0.1, 'weight_decay_av': 0.1, 'learning_rate_av': 0.0001, 'learning_rate_mmgpt': 0.0001, 'device': device(type='cuda', index=0), 'train_mode': 'regression', 'custom_feature': None, 'feature_T': '', 'feature_A': '', 'feature_V': ''}
2025-12-28 18:24:45,768 - MMSA [INFO] - Seeds: [1990, 1991, 1992, 1993, 1994]
2025-12-28 18:24:45,769 - MMSA [INFO] - ------------------------------ Running with seed 1990 [1/5] ------------------------------
2025-12-28 18:26:04,094 - MMSA [INFO] - The model has 177644723 trainable parameters
2025-12-28 18:27:20,872 - MMSA [INFO] - ======================================== Program Start ========================================
2025-12-28 18:27:20,976 - MMSA [INFO] - Running with args:
2025-12-28 18:27:20,977 - MMSA [INFO] - {'model_name': 'msalm', 'dataset_name': 'sims', 'featurePath': '/leonardo_work/EUHPC_A04_051/alexfil/MSA-Datasets/CH-SIMS/unaligned_39.pkl', 'seq_lens': [39, 400, 55], 'feature_dims': [768, 33, 709], 'train_samples': 1368, 'num_classes': 3, 'language': 'cn', 'KeyEval': 'Loss', 'missing_rate': [0.0, 0.0, 0.0], 'missing_seed': [1111, 1111, 1111], 'need_data_aligned': False, 'need_model_aligned': False, 'early_stop': 10, 'use_bert': False, 'use_bert_finetune': False, 'attn_mask': True, 'excludeZero': True, 'update_epochs': 8, 'use_augmentation': False, 'use_m3xup': False, 'hfPath': False, 'use_ulgm': False, 'update_labels_patience': 1, 'H': 3.0, 'del_model': True, 'max_token_len': 39, 'pad_token': '<|endoftext|>', 'lm': '/leonardo_work/EUHPC_A04_051/alexfil/gpt2-chinese-cluecorpussmall', 'use_bf16': False, 'task_out': 1, 'use_clm': True, 'gamma': 1.0, 'l_bn': 1.0, 'l_av': 1.0, 'l_t': 1.0, 'warmup_epochs': 1, 'max_epochs': 100, 'beta_1': 0.9, 'beta_2': 0.95, 'use_lnorm': True, 'rescale': False, 'rescaler': 'sqrt', 'use_seqaug': True, 'n_bn_fusion': 24, 'modded_loss': True, 'embedding_attr_name': 'transformer.wte', 'decoder_layers_attr_name': 'transformer.h', 'mmgpt': {'type': 'gpt2', 'd_out': 64, 'combine': True, 'dropout': 0.1, 'mm_layer': [5, 6, 7, 8, 9, 10, 11], 'top_k': 2, 'layer_dropout': 0.0, 'dense': True, 'tie_ffn': True, 'n_embd': 768, 'bias': True, 'kv_dim': 30, 'n_head': 16, 'd_mm': 768, 'gating': 'sigmoid', 'init_gate': [0.0, 0.0, 0.0, 0.0, 0.0, 0.0, 0.0, 0.0, 0.0, 0.0], 'use_softperm': True, 'p_perm': 0.3, 'p_apply': 0.25, 'use_lora': False, 'lora': {'lora_alpha': 128, 'r': 64, 'lora_dropout': 0.05}}, 'av_enc': {'finetune': True, 'from_pretrained': True, 'path_to_pretrained': '/leonardo_work/EUHPC_A04_051/alexfil/DeepMLF-Reprod/checkpoints/bienc-sims-1990/bienc-sims-1990.pth', 'feature_dims': [768, 33, 709], 'd_enc': 30, 'n_embd': 30, 'n_head': 6, 'nlevels': 3, 'd_enc_out': 30, 'maxlen': 55, 'p_mask': 0.15, 'enc_attn_dropout': 0.1, 'enc_res_dropout': 0.1, 'enc_dropout': 0.1, 'use_softperm': True, 'p_perm': 0.2, 'mask_perm_ratio': 0.5, 'tf_fusion': False, 'use_bn': True, 'use_ln': False}, 'gpt': {'vocab_size': 50257, 'block_size': 1024, 'bias': True, 'n_embd': 1024, 'n_layer': 24, 'n_head': 16, 'dropout': 0.0}, 'batch_size': 32, 'grad_clip': 5.0, 'patience': 10, 'weight_decay_mmgpt': 0.1, 'weight_decay_av': 0.1, 'learning_rate_av': 0.0001, 'learning_rate_mmgpt': 0.0001, 'device': device(type='cuda', index=0), 'train_mode': 'regression', 'custom_feature': None, 'feature_T': '', 'feature_A': '', 'feature_V': ''}
2025-12-28 18:27:20,977 - MMSA [INFO] - Seeds: [1990, 1991, 1992, 1993, 1994]
2025-12-28 18:27:20,978 - MMSA [INFO] - ------------------------------ Running with seed 1990 [1/5] ------------------------------
2025-12-28 18:28:39,048 - MMSA [INFO] - The model has 177644723 trainable parameters
2025-12-28 18:28:48,811 - MMSA [INFO] - TRAIN-(msalm) [1/1/1] >> loss: 0.6695  Mult_acc_2: 0.4744  Mult_acc_3: 0.3523  Mult_acc_5: 0.1645  F1_score: 0.4857  MAE: 0.6683  Corr: 0.1015  clm loss: 7.6508 total loss: 11.0014 bn loss: 0.9744 av loss: 0.6781 text loss: 1.0286
2025-12-28 18:28:50,510 - MMSA [INFO] - VAL-(msalm) >>  Mult_acc_2: 0.5088  Mult_acc_3: 0.3838  Mult_acc_5: 0.1952  F1_score: 0.5262  MAE: 0.6303  Corr: 0.0792  Loss: 0.6251 
2025-12-28 18:28:59,875 - MMSA [INFO] - TRAIN-(msalm) [1/2/1] >> loss: 0.6446  Mult_acc_2: 0.4861  Mult_acc_3: 0.3772  Mult_acc_5: 0.1762  F1_score: 0.4957  MAE: 0.6452  Corr: 0.1905  clm loss: 6.5873 total loss: 9.5611 bn loss: 0.7379 av loss: 0.6333 text loss: 0.9579
2025-12-28 18:29:01,495 - MMSA [INFO] - VAL-(msalm) >>  Mult_acc_2: 0.5987  Mult_acc_3: 0.4781  Mult_acc_5: 0.2083  F1_score: 0.6142  MAE: 0.5720  Corr: 0.3208  Loss: 0.5620 
2025-12-28 18:29:10,640 - MMSA [INFO] - TRAIN-(msalm) [1/3/1] >> loss: 0.5677  Mult_acc_2: 0.6001  Mult_acc_3: 0.4912  Mult_acc_5: 0.2259  F1_score: 0.6140  MAE: 0.5664  Corr: 0.4346  clm loss: 5.5473 total loss: 8.1379 bn loss: 0.636 av loss: 0.6176 text loss: 0.7693
2025-12-28 18:29:12,250 - MMSA [INFO] - VAL-(msalm) >>  Mult_acc_2: 0.6732  Mult_acc_3: 0.5285  Mult_acc_5: 0.2544  F1_score: 0.6851  MAE: 0.5302  Corr: 0.4563  Loss: 0.5361 
2025-12-28 18:29:21,413 - MMSA [INFO] - TRAIN-(msalm) [1/4/1] >> loss: 0.55  Mult_acc_2: 0.6637  Mult_acc_3: 0.5402  Mult_acc_5: 0.2617  F1_score: 0.6767  MAE: 0.5407  Corr: 0.4736  clm loss: 4.7902 total loss: 7.2311 bn loss: 0.5805 av loss: 0.6053 text loss: 0.7051
2025-12-28 18:29:23,078 - MMSA [INFO] - VAL-(msalm) >>  Mult_acc_2: 0.6425  Mult_acc_3: 0.5241  Mult_acc_5: 0.2851  F1_score: 0.6567  MAE: 0.5310  Corr: 0.4777  Loss: 0.5528 
2025-12-28 18:29:31,140 - MMSA [INFO] - TRAIN-(msalm) [2/5/1] >> loss: 0.5328  Mult_acc_2: 0.6798  Mult_acc_3: 0.5768  Mult_acc_5: 0.3085  F1_score: 0.6923  MAE: 0.5116  Corr: 0.5287  clm loss: 4.2939 total loss: 6.6499 bn loss: 0.5575 av loss: 0.5938 text loss: 0.672
2025-12-28 18:29:32,734 - MMSA [INFO] - VAL-(msalm) >>  Mult_acc_2: 0.6798  Mult_acc_3: 0.5658  Mult_acc_5: 0.3311  F1_score: 0.6912  MAE: 0.4905  Corr: 0.5110  Loss: 0.5155 
2025-12-28 18:29:41,936 - MMSA [INFO] - TRAIN-(msalm) [1/6/1] >> loss: 0.5214  Mult_acc_2: 0.6871  Mult_acc_3: 0.5833  Mult_acc_5: 0.3231  F1_score: 0.6993  MAE: 0.4986  Corr: 0.5315  clm loss: 4.0498 total loss: 6.3089 bn loss: 0.5293 av loss: 0.5824 text loss: 0.626
2025-12-28 18:29:43,550 - MMSA [INFO] - VAL-(msalm) >>  Mult_acc_2: 0.7149  Mult_acc_3: 0.6250  Mult_acc_5: 0.3509  F1_score: 0.7214  MAE: 0.4674  Corr: 0.5328  Loss: 0.4814 
2025-12-28 18:29:52,604 - MMSA [INFO] - TRAIN-(msalm) [1/7/1] >> loss: 0.5173  Mult_acc_2: 0.6586  Mult_acc_3: 0.5709  Mult_acc_5: 0.2961  F1_score: 0.6720  MAE: 0.5024  Corr: 0.5417  clm loss: 3.962 total loss: 6.1952 bn loss: 0.5149 av loss: 0.5744 text loss: 0.6267
2025-12-28 18:29:54,227 - MMSA [INFO] - VAL-(msalm) >>  Mult_acc_2: 0.6930  Mult_acc_3: 0.5921  Mult_acc_5: 0.3224  F1_score: 0.7035  MAE: 0.4697  Corr: 0.5495  Loss: 0.4897 
2025-12-28 18:30:02,213 - MMSA [INFO] - TRAIN-(msalm) [2/8/1] >> loss: 0.4996  Mult_acc_2: 0.6813  Mult_acc_3: 0.5819  Mult_acc_5: 0.3129  F1_score: 0.6937  MAE: 0.4889  Corr: 0.5648  clm loss: 3.8351 total loss: 5.9902 bn loss: 0.5151 av loss: 0.5659 text loss: 0.5745
2025-12-28 18:30:03,805 - MMSA [INFO] - VAL-(msalm) >>  Mult_acc_2: 0.6776  Mult_acc_3: 0.5855  Mult_acc_5: 0.3158  F1_score: 0.6901  MAE: 0.4758  Corr: 0.5660  Loss: 0.4899 
2025-12-28 18:30:11,818 - MMSA [INFO] - TRAIN-(msalm) [3/9/1] >> loss: 0.4815  Mult_acc_2: 0.7149  Mult_acc_3: 0.6155  Mult_acc_5: 0.3194  F1_score: 0.7258  MAE: 0.4709  Corr: 0.5879  clm loss: 3.6602 total loss: 5.7766 bn loss: 0.5059 av loss: 0.5553 text loss: 0.5737
2025-12-28 18:30:13,427 - MMSA [INFO] - VAL-(msalm) >>  Mult_acc_2: 0.6601  Mult_acc_3: 0.5636  Mult_acc_5: 0.2851  F1_score: 0.6735  MAE: 0.4860  Corr: 0.5770  Loss: 0.4982 
2025-12-28 18:30:21,430 - MMSA [INFO] - TRAIN-(msalm) [4/10/1] >> loss: 0.477  Mult_acc_2: 0.7091  Mult_acc_3: 0.6031  Mult_acc_5: 0.3151  F1_score: 0.7200  MAE: 0.4662  Corr: 0.5850  clm loss: 3.5367 total loss: 5.6323 bn loss: 0.5058 av loss: 0.5472 text loss: 0.5656
2025-12-28 18:30:23,084 - MMSA [INFO] - VAL-(msalm) >>  Mult_acc_2: 0.6491  Mult_acc_3: 0.5592  Mult_acc_5: 0.2763  F1_score: 0.6627  MAE: 0.4990  Corr: 0.5631  Loss: 0.5165 
2025-12-28 18:30:31,060 - MMSA [INFO] - TRAIN-(msalm) [5/11/1] >> loss: 0.4524  Mult_acc_2: 0.7442  Mult_acc_3: 0.6272  Mult_acc_5: 0.3443  F1_score: 0.7535  MAE: 0.4357  Corr: 0.6333  clm loss: 3.4245 total loss: 5.4502 bn loss: 0.4952 av loss: 0.5359 text loss: 0.5423
2025-12-28 18:30:32,633 - MMSA [INFO] - VAL-(msalm) >>  Mult_acc_2: 0.6601  Mult_acc_3: 0.5724  Mult_acc_5: 0.3158  F1_score: 0.6735  MAE: 0.4813  Corr: 0.5768  Loss: 0.5075 
2025-12-28 18:30:40,589 - MMSA [INFO] - TRAIN-(msalm) [6/12/1] >> loss: 0.4643  Mult_acc_2: 0.7149  Mult_acc_3: 0.6133  Mult_acc_5: 0.3465  F1_score: 0.7257  MAE: 0.4490  Corr: 0.6046  clm loss: 3.4054 total loss: 5.4352 bn loss: 0.5032 av loss: 0.5253 text loss: 0.5369
2025-12-28 18:30:42,204 - MMSA [INFO] - VAL-(msalm) >>  Mult_acc_2: 0.6689  Mult_acc_3: 0.5680  Mult_acc_5: 0.3158  F1_score: 0.6820  MAE: 0.4774  Corr: 0.5810  Loss: 0.5052 
2025-12-28 18:30:50,275 - MMSA [INFO] - TRAIN-(msalm) [7/13/1] >> loss: 0.4321  Mult_acc_2: 0.7493  Mult_acc_3: 0.6396  Mult_acc_5: 0.3684  F1_score: 0.7581  MAE: 0.4217  Corr: 0.6522  clm loss: 3.3241 total loss: 5.2677 bn loss: 0.482 av loss: 0.5112 text loss: 0.5183
2025-12-28 18:30:51,874 - MMSA [INFO] - VAL-(msalm) >>  Mult_acc_2: 0.6601  Mult_acc_3: 0.5680  Mult_acc_5: 0.3092  F1_score: 0.6733  MAE: 0.4862  Corr: 0.5806  Loss: 0.5139 
2025-12-28 18:31:00,053 - MMSA [INFO] - TRAIN-(msalm) [8/14/1] >> loss: 0.4522  Mult_acc_2: 0.7434  Mult_acc_3: 0.6308  Mult_acc_5: 0.3582  F1_score: 0.7522  MAE: 0.4417  Corr: 0.6228  clm loss: 3.3096 total loss: 5.2692 bn loss: 0.4867 av loss: 0.5082 text loss: 0.5125
2025-12-28 18:31:01,650 - MMSA [INFO] - VAL-(msalm) >>  Mult_acc_2: 0.6732  Mult_acc_3: 0.6075  Mult_acc_5: 0.3377  F1_score: 0.6862  MAE: 0.4662  Corr: 0.5838  Loss: 0.4793 
2025-12-28 18:31:10,768 - MMSA [INFO] - TRAIN-(msalm) [1/15/1] >> loss: 0.4252  Mult_acc_2: 0.7595  Mult_acc_3: 0.6623  Mult_acc_5: 0.3969  F1_score: 0.7668  MAE: 0.4115  Corr: 0.6637  clm loss: 3.3096 total loss: 5.164 bn loss: 0.4656 av loss: 0.491 text loss: 0.4725
2025-12-28 18:31:12,402 - MMSA [INFO] - VAL-(msalm) >>  Mult_acc_2: 0.6754  Mult_acc_3: 0.6118  Mult_acc_5: 0.3509  F1_score: 0.6883  MAE: 0.4528  Corr: 0.6034  Loss: 0.4760 
2025-12-28 18:31:21,513 - MMSA [INFO] - TRAIN-(msalm) [1/16/1] >> loss: 0.4175  Mult_acc_2: 0.7719  Mult_acc_3: 0.6703  Mult_acc_5: 0.3662  F1_score: 0.7791  MAE: 0.4088  Corr: 0.6744  clm loss: 3.2857 total loss: 5.1272 bn loss: 0.463 av loss: 0.4885 text loss: 0.4724
2025-12-28 18:31:23,170 - MMSA [INFO] - VAL-(msalm) >>  Mult_acc_2: 0.6711  Mult_acc_3: 0.5943  Mult_acc_5: 0.3443  F1_score: 0.6841  MAE: 0.4511  Corr: 0.6153  Loss: 0.4535 
2025-12-28 18:31:32,264 - MMSA [INFO] - TRAIN-(msalm) [1/17/1] >> loss: 0.4163  Mult_acc_2: 0.7654  Mult_acc_3: 0.6579  Mult_acc_5: 0.3655  F1_score: 0.7726  MAE: 0.4045  Corr: 0.6711  clm loss: 3.2588 total loss: 5.096 bn loss: 0.4541 av loss: 0.4855 text loss: 0.4813
2025-12-28 18:31:33,898 - MMSA [INFO] - VAL-(msalm) >>  Mult_acc_2: 0.7061  Mult_acc_3: 0.6206  Mult_acc_5: 0.3728  F1_score: 0.7173  MAE: 0.4311  Corr: 0.6185  Loss: 0.4487 
2025-12-28 18:31:43,006 - MMSA [INFO] - TRAIN-(msalm) [1/18/1] >> loss: 0.3998  Mult_acc_2: 0.7646  Mult_acc_3: 0.6769  Mult_acc_5: 0.3940  F1_score: 0.7706  MAE: 0.3861  Corr: 0.6980  clm loss: 3.2718 total loss: 5.052 bn loss: 0.4501 av loss: 0.474 text loss: 0.4563
2025-12-28 18:31:44,700 - MMSA [INFO] - VAL-(msalm) >>  Mult_acc_2: 0.6886  Mult_acc_3: 0.6140  Mult_acc_5: 0.3816  F1_score: 0.7008  MAE: 0.4309  Corr: 0.6228  Loss: 0.4462 
2025-12-28 18:31:53,817 - MMSA [INFO] - TRAIN-(msalm) [1/19/1] >> loss: 0.3989  Mult_acc_2: 0.7668  Mult_acc_3: 0.6806  Mult_acc_5: 0.4174  F1_score: 0.7737  MAE: 0.3859  Corr: 0.6884  clm loss: 3.2927 total loss: 5.078 bn loss: 0.4498 av loss: 0.4794 text loss: 0.4571
2025-12-28 18:31:55,552 - MMSA [INFO] - VAL-(msalm) >>  Mult_acc_2: 0.6754  Mult_acc_3: 0.5921  Mult_acc_5: 0.3684  F1_score: 0.6883  MAE: 0.4427  Corr: 0.6236  Loss: 0.4714 
2025-12-28 18:32:03,628 - MMSA [INFO] - TRAIN-(msalm) [2/20/1] >> loss: 0.3879  Mult_acc_2: 0.7873  Mult_acc_3: 0.6791  Mult_acc_5: 0.4159  F1_score: 0.7935  MAE: 0.3760  Corr: 0.7069  clm loss: 3.2389 total loss: 4.9683 bn loss: 0.4369 av loss: 0.4717 text loss: 0.4328
2025-12-28 18:32:05,269 - MMSA [INFO] - VAL-(msalm) >>  Mult_acc_2: 0.6952  Mult_acc_3: 0.6206  Mult_acc_5: 0.3838  F1_score: 0.7069  MAE: 0.4212  Corr: 0.6324  Loss: 0.4517 
2025-12-28 18:32:13,316 - MMSA [INFO] - TRAIN-(msalm) [3/21/1] >> loss: 0.3922  Mult_acc_2: 0.7836  Mult_acc_3: 0.6871  Mult_acc_5: 0.4130  F1_score: 0.7894  MAE: 0.3788  Corr: 0.7060  clm loss: 3.2045 total loss: 4.9638 bn loss: 0.4271 av loss: 0.4763 text loss: 0.4637
2025-12-28 18:32:15,066 - MMSA [INFO] - VAL-(msalm) >>  Mult_acc_2: 0.6908  Mult_acc_3: 0.6140  Mult_acc_5: 0.3794  F1_score: 0.7027  MAE: 0.4203  Corr: 0.6420  Loss: 0.4504 
2025-12-28 18:32:23,108 - MMSA [INFO] - TRAIN-(msalm) [4/22/1] >> loss: 0.3789  Mult_acc_2: 0.7917  Mult_acc_3: 0.6952  Mult_acc_5: 0.4232  F1_score: 0.7974  MAE: 0.3613  Corr: 0.7330  clm loss: 3.1741 total loss: 4.892 bn loss: 0.4209 av loss: 0.4615 text loss: 0.4567
2025-12-28 18:32:24,760 - MMSA [INFO] - VAL-(msalm) >>  Mult_acc_2: 0.6930  Mult_acc_3: 0.6425  Mult_acc_5: 0.3904  F1_score: 0.7048  MAE: 0.4189  Corr: 0.6503  Loss: 0.4307 
2025-12-28 18:32:33,879 - MMSA [INFO] - TRAIN-(msalm) [1/23/1] >> loss: 0.3631  Mult_acc_2: 0.8136  Mult_acc_3: 0.7142  Mult_acc_5: 0.4379  F1_score: 0.8178  MAE: 0.3498  Corr: 0.7458  clm loss: 3.1641 total loss: 4.8561 bn loss: 0.422 av loss: 0.4672 text loss: 0.4396
2025-12-28 18:32:35,552 - MMSA [INFO] - VAL-(msalm) >>  Mult_acc_2: 0.7346  Mult_acc_3: 0.6645  Mult_acc_5: 0.4123  F1_score: 0.7434  MAE: 0.4010  Corr: 0.6561  Loss: 0.4302 
2025-12-28 18:32:44,658 - MMSA [INFO] - TRAIN-(msalm) [1/24/1] >> loss: 0.3776  Mult_acc_2: 0.8041  Mult_acc_3: 0.7098  Mult_acc_5: 0.4203  F1_score: 0.8086  MAE: 0.3649  Corr: 0.7286  clm loss: 3.1913 total loss: 4.8833 bn loss: 0.4172 av loss: 0.4709 text loss: 0.4264
2025-12-28 18:32:46,314 - MMSA [INFO] - VAL-(msalm) >>  Mult_acc_2: 0.7654  Mult_acc_3: 0.6689  Mult_acc_5: 0.4232  F1_score: 0.7705  MAE: 0.3936  Corr: 0.6493  Loss: 0.4275 
2025-12-28 18:32:55,411 - MMSA [INFO] - TRAIN-(msalm) [1/25/1] >> loss: 0.3686  Mult_acc_2: 0.7953  Mult_acc_3: 0.7047  Mult_acc_5: 0.4393  F1_score: 0.7997  MAE: 0.3488  Corr: 0.7406  clm loss: 3.1368 total loss: 4.7858 bn loss: 0.4067 av loss: 0.4632 text loss: 0.4106
2025-12-28 18:32:57,026 - MMSA [INFO] - VAL-(msalm) >>  Mult_acc_2: 0.7478  Mult_acc_3: 0.6689  Mult_acc_5: 0.4276  F1_score: 0.7548  MAE: 0.3982  Corr: 0.6502  Loss: 0.4350 
2025-12-28 18:33:05,042 - MMSA [INFO] - TRAIN-(msalm) [2/26/1] >> loss: 0.3539  Mult_acc_2: 0.8173  Mult_acc_3: 0.7171  Mult_acc_5: 0.4715  F1_score: 0.8208  MAE: 0.3337  Corr: 0.7657  clm loss: 3.111 total loss: 4.716 bn loss: 0.3986 av loss: 0.4594 text loss: 0.3931
2025-12-28 18:33:06,695 - MMSA [INFO] - VAL-(msalm) >>  Mult_acc_2: 0.7610  Mult_acc_3: 0.6601  Mult_acc_5: 0.4123  F1_score: 0.7668  MAE: 0.3982  Corr: 0.6482  Loss: 0.4227 
2025-12-28 18:33:15,853 - MMSA [INFO] - TRAIN-(msalm) [1/27/1] >> loss: 0.3612  Mult_acc_2: 0.8063  Mult_acc_3: 0.7127  Mult_acc_5: 0.4371  F1_score: 0.8100  MAE: 0.3513  Corr: 0.7487  clm loss: 3.1133 total loss: 4.7298 bn loss: 0.3911 av loss: 0.4648 text loss: 0.3995
2025-12-28 18:33:17,490 - MMSA [INFO] - VAL-(msalm) >>  Mult_acc_2: 0.7390  Mult_acc_3: 0.6601  Mult_acc_5: 0.4145  F1_score: 0.7475  MAE: 0.4037  Corr: 0.6519  Loss: 0.4089 
2025-12-28 18:33:26,629 - MMSA [INFO] - TRAIN-(msalm) [1/28/1] >> loss: 0.356  Mult_acc_2: 0.8180  Mult_acc_3: 0.7135  Mult_acc_5: 0.4211  F1_score: 0.8208  MAE: 0.3454  Corr: 0.7538  clm loss: 3.0862 total loss: 4.7123 bn loss: 0.3945 av loss: 0.4672 text loss: 0.4084
2025-12-28 18:33:28,456 - MMSA [INFO] - VAL-(msalm) >>  Mult_acc_2: 0.7281  Mult_acc_3: 0.6601  Mult_acc_5: 0.4167  F1_score: 0.7375  MAE: 0.4037  Corr: 0.6545  Loss: 0.4096 
2025-12-28 18:33:36,593 - MMSA [INFO] - TRAIN-(msalm) [2/29/1] >> loss: 0.3623  Mult_acc_2: 0.8056  Mult_acc_3: 0.6959  Mult_acc_5: 0.4415  F1_score: 0.8086  MAE: 0.3491  Corr: 0.7402  clm loss: 3.085 total loss: 4.7032 bn loss: 0.3887 av loss: 0.47 text loss: 0.3973
2025-12-28 18:33:38,210 - MMSA [INFO] - VAL-(msalm) >>  Mult_acc_2: 0.7566  Mult_acc_3: 0.6667  Mult_acc_5: 0.4232  F1_score: 0.7628  MAE: 0.3988  Corr: 0.6474  Loss: 0.4313 
2025-12-28 18:33:46,263 - MMSA [INFO] - TRAIN-(msalm) [3/30/1] >> loss: 0.345  Mult_acc_2: 0.8121  Mult_acc_3: 0.7288  Mult_acc_5: 0.4773  F1_score: 0.8168  MAE: 0.3294  Corr: 0.7733  clm loss: 3.095 total loss: 4.6425 bn loss: 0.366 av loss: 0.4535 text loss: 0.383
2025-12-28 18:33:47,893 - MMSA [INFO] - VAL-(msalm) >>  Mult_acc_2: 0.7675  Mult_acc_3: 0.6667  Mult_acc_5: 0.4079  F1_score: 0.7722  MAE: 0.3960  Corr: 0.6471  Loss: 0.4222 
2025-12-28 18:33:55,924 - MMSA [INFO] - TRAIN-(msalm) [4/31/1] >> loss: 0.3399  Mult_acc_2: 0.8304  Mult_acc_3: 0.7164  Mult_acc_5: 0.4678  F1_score: 0.8328  MAE: 0.3229  Corr: 0.7765  clm loss: 3.0686 total loss: 4.6478 bn loss: 0.3757 av loss: 0.4648 text loss: 0.3987
2025-12-28 18:33:57,569 - MMSA [INFO] - VAL-(msalm) >>  Mult_acc_2: 0.7763  Mult_acc_3: 0.6689  Mult_acc_5: 0.4211  F1_score: 0.7798  MAE: 0.3933  Corr: 0.6573  Loss: 0.4085 
2025-12-28 18:34:06,688 - MMSA [INFO] - TRAIN-(msalm) [1/32/1] >> loss: 0.3414  Mult_acc_2: 0.8238  Mult_acc_3: 0.7222  Mult_acc_5: 0.4452  F1_score: 0.8271  MAE: 0.3287  Corr: 0.7760  clm loss: 3.0478 total loss: 4.5939 bn loss: 0.3699 av loss: 0.4483 text loss: 0.3865
2025-12-28 18:34:08,406 - MMSA [INFO] - VAL-(msalm) >>  Mult_acc_2: 0.7785  Mult_acc_3: 0.6667  Mult_acc_5: 0.4211  F1_score: 0.7822  MAE: 0.3893  Corr: 0.6655  Loss: 0.3934 
2025-12-28 18:34:17,528 - MMSA [INFO] - TRAIN-(msalm) [1/33/1] >> loss: 0.3365  Mult_acc_2: 0.8143  Mult_acc_3: 0.7135  Mult_acc_5: 0.4561  F1_score: 0.8174  MAE: 0.3248  Corr: 0.7740  clm loss: 3.0432 total loss: 4.5856 bn loss: 0.3663 av loss: 0.4574 text loss: 0.3822
2025-12-28 18:34:19,137 - MMSA [INFO] - VAL-(msalm) >>  Mult_acc_2: 0.7741  Mult_acc_3: 0.6491  Mult_acc_5: 0.4123  F1_score: 0.7791  MAE: 0.3894  Corr: 0.6655  Loss: 0.3957 
2025-12-28 18:34:27,164 - MMSA [INFO] - TRAIN-(msalm) [2/34/1] >> loss: 0.3308  Mult_acc_2: 0.8275  Mult_acc_3: 0.7164  Mult_acc_5: 0.4715  F1_score: 0.8297  MAE: 0.3140  Corr: 0.7946  clm loss: 2.997 total loss: 4.5071 bn loss: 0.3559 av loss: 0.4609 text loss: 0.3625
2025-12-28 18:34:28,772 - MMSA [INFO] - VAL-(msalm) >>  Mult_acc_2: 0.7895  Mult_acc_3: 0.6535  Mult_acc_5: 0.4189  F1_score: 0.7937  MAE: 0.3875  Corr: 0.6631  Loss: 0.4121 
2025-12-28 18:34:36,798 - MMSA [INFO] - TRAIN-(msalm) [3/35/1] >> loss: 0.3129  Mult_acc_2: 0.8326  Mult_acc_3: 0.7507  Mult_acc_5: 0.5066  F1_score: 0.8350  MAE: 0.2962  Corr: 0.8115  clm loss: 2.9758 total loss: 4.4519 bn loss: 0.3498 av loss: 0.4543 text loss: 0.3592
2025-12-28 18:34:38,447 - MMSA [INFO] - VAL-(msalm) >>  Mult_acc_2: 0.7785  Mult_acc_3: 0.6579  Mult_acc_5: 0.4189  F1_score: 0.7834  MAE: 0.3875  Corr: 0.6623  Loss: 0.4025 
2025-12-28 18:34:46,493 - MMSA [INFO] - TRAIN-(msalm) [4/36/1] >> loss: 0.3199  Mult_acc_2: 0.8385  Mult_acc_3: 0.7412  Mult_acc_5: 0.5022  F1_score: 0.8407  MAE: 0.3068  Corr: 0.8013  clm loss: 2.9761 total loss: 4.4631 bn loss: 0.3464 av loss: 0.457 text loss: 0.3638
2025-12-28 18:34:48,139 - MMSA [INFO] - VAL-(msalm) >>  Mult_acc_2: 0.7719  Mult_acc_3: 0.6732  Mult_acc_5: 0.4342  F1_score: 0.7765  MAE: 0.3876  Corr: 0.6575  Loss: 0.4002 
2025-12-28 18:34:56,293 - MMSA [INFO] - TRAIN-(msalm) [5/37/1] >> loss: 0.3103  Mult_acc_2: 0.8472  Mult_acc_3: 0.7500  Mult_acc_5: 0.5183  F1_score: 0.8501  MAE: 0.2954  Corr: 0.8143  clm loss: 2.9899 total loss: 4.4672 bn loss: 0.3551 av loss: 0.4525 text loss: 0.3595
2025-12-28 18:34:57,923 - MMSA [INFO] - VAL-(msalm) >>  Mult_acc_2: 0.7610  Mult_acc_3: 0.6711  Mult_acc_5: 0.4298  F1_score: 0.7678  MAE: 0.3929  Corr: 0.6594  Loss: 0.4211 
2025-12-28 18:35:05,992 - MMSA [INFO] - TRAIN-(msalm) [6/38/1] >> loss: 0.3202  Mult_acc_2: 0.8385  Mult_acc_3: 0.7420  Mult_acc_5: 0.5044  F1_score: 0.8411  MAE: 0.3057  Corr: 0.8017  clm loss: 2.9585 total loss: 4.4246 bn loss: 0.3383 av loss: 0.4545 text loss: 0.3531
2025-12-28 18:35:07,617 - MMSA [INFO] - VAL-(msalm) >>  Mult_acc_2: 0.7763  Mult_acc_3: 0.6667  Mult_acc_5: 0.4276  F1_score: 0.7814  MAE: 0.3901  Corr: 0.6612  Loss: 0.4091 
2025-12-28 18:35:15,700 - MMSA [INFO] - TRAIN-(msalm) [7/39/1] >> loss: 0.2984  Mult_acc_2: 0.8480  Mult_acc_3: 0.7580  Mult_acc_5: 0.5219  F1_score: 0.8508  MAE: 0.2838  Corr: 0.8266  clm loss: 2.984 total loss: 4.3976 bn loss: 0.3275 av loss: 0.45 text loss: 0.3377
2025-12-28 18:35:17,373 - MMSA [INFO] - VAL-(msalm) >>  Mult_acc_2: 0.7763  Mult_acc_3: 0.6645  Mult_acc_5: 0.4298  F1_score: 0.7822  MAE: 0.3942  Corr: 0.6551  Loss: 0.4303 
2025-12-28 18:35:25,502 - MMSA [INFO] - TRAIN-(msalm) [8/40/1] >> loss: 0.3092  Mult_acc_2: 0.8341  Mult_acc_3: 0.7420  Mult_acc_5: 0.4920  F1_score: 0.8374  MAE: 0.2972  Corr: 0.8167  clm loss: 2.9581 total loss: 4.4176 bn loss: 0.3319 av loss: 0.4616 text loss: 0.3568
2025-12-28 18:35:27,121 - MMSA [INFO] - VAL-(msalm) >>  Mult_acc_2: 0.7807  Mult_acc_3: 0.6689  Mult_acc_5: 0.4298  F1_score: 0.7831  MAE: 0.3878  Corr: 0.6560  Loss: 0.4116 
2025-12-28 18:35:35,144 - MMSA [INFO] - TRAIN-(msalm) [9/41/1] >> loss: 0.2957  Mult_acc_2: 0.8385  Mult_acc_3: 0.7471  Mult_acc_5: 0.5263  F1_score: 0.8411  MAE: 0.2812  Corr: 0.8274  clm loss: 2.9269 total loss: 4.3654 bn loss: 0.3308 av loss: 0.4478 text loss: 0.3642
2025-12-28 18:35:36,799 - MMSA [INFO] - VAL-(msalm) >>  Mult_acc_2: 0.7785  Mult_acc_3: 0.6689  Mult_acc_5: 0.4298  F1_score: 0.7815  MAE: 0.3883  Corr: 0.6583  Loss: 0.4022 
2025-12-28 18:35:44,818 - MMSA [INFO] - TRAIN-(msalm) [10/42/1] >> loss: 0.2961  Mult_acc_2: 0.8494  Mult_acc_3: 0.7610  Mult_acc_5: 0.5424  F1_score: 0.8516  MAE: 0.2812  Corr: 0.8280  clm loss: 2.9131 total loss: 4.3681 bn loss: 0.3263 av loss: 0.4623 text loss: 0.3703
2025-12-28 18:35:46,457 - MMSA [INFO] - VAL-(msalm) >>  Mult_acc_2: 0.7522  Mult_acc_3: 0.6601  Mult_acc_5: 0.4342  F1_score: 0.7604  MAE: 0.3936  Corr: 0.6627  Loss: 0.4281 
2025-12-28 18:35:48,505 - MMSA [INFO] - TEST-(msalm) >>  Mult_acc_2: 0.8162  Mult_acc_3: 0.6871  Mult_acc_5: 0.4114  F1_score: 0.8185  MAE: 0.3696  Corr: 0.7123  Loss: 0.3789 
2025-12-28 18:35:49,814 - MMSA [INFO] - Result for seed 1990: {'Mult_acc_2': 0.8162, 'Mult_acc_3': 0.6871, 'Mult_acc_5': 0.4114, 'F1_score': 0.8185, 'MAE': 0.3696, 'Corr': 0.7123, 'Loss': 0.3789, 'seed': 1990}
2025-12-28 18:35:49,815 - MMSA [INFO] - ------------------------------ Running with seed 1991 [2/5] ------------------------------
2025-12-28 18:37:02,236 - MMSA [INFO] - The model has 177644723 trainable parameters
2025-12-28 18:37:10,385 - MMSA [INFO] - TRAIN-(msalm) [1/1/2] >> loss: 0.635  Mult_acc_2: 0.5731  Mult_acc_3: 0.4101  Mult_acc_5: 0.1776  F1_score: 0.5787  MAE: 0.6355  Corr: 0.0293  clm loss: 7.5646 total loss: 10.6155 bn loss: 0.8596 av loss: 0.6347 text loss: 0.9216
2025-12-28 18:37:12,046 - MMSA [INFO] - VAL-(msalm) >>  Mult_acc_2: 0.5482  Mult_acc_3: 0.3860  Mult_acc_5: 0.1886  F1_score: 0.5662  MAE: 0.6380  Corr: 0.0544  Loss: 0.6433 
2025-12-28 18:37:21,489 - MMSA [INFO] - TRAIN-(msalm) [1/2/2] >> loss: 0.5872  Mult_acc_2: 0.6418  Mult_acc_3: 0.4825  Mult_acc_5: 0.2208  F1_score: 0.6474  MAE: 0.5861  Corr: 0.2192  clm loss: 6.3648 total loss: 9.0685 bn loss: 0.7197 av loss: 0.6186 text loss: 0.7782
2025-12-28 18:37:23,130 - MMSA [INFO] - VAL-(msalm) >>  Mult_acc_2: 0.6338  Mult_acc_3: 0.4912  Mult_acc_5: 0.2039  F1_score: 0.6446  MAE: 0.5938  Corr: 0.2809  Loss: 0.5967 
2025-12-28 18:37:32,415 - MMSA [INFO] - TRAIN-(msalm) [1/3/2] >> loss: 0.5388  Mult_acc_2: 0.6747  Mult_acc_3: 0.5497  Mult_acc_5: 0.2420  F1_score: 0.6819  MAE: 0.5343  Corr: 0.4136  clm loss: 5.0442 total loss: 7.4978 bn loss: 0.6237 av loss: 0.5896 text loss: 0.7015
2025-12-28 18:37:34,081 - MMSA [INFO] - VAL-(msalm) >>  Mult_acc_2: 0.6711  Mult_acc_3: 0.5548  Mult_acc_5: 0.2632  F1_score: 0.6818  MAE: 0.5462  Corr: 0.4221  Loss: 0.5561 
2025-12-28 18:37:43,351 - MMSA [INFO] - TRAIN-(msalm) [1/4/2] >> loss: 0.5124  Mult_acc_2: 0.7310  Mult_acc_3: 0.5965  Mult_acc_5: 0.3077  F1_score: 0.7369  MAE: 0.4936  Corr: 0.5172  clm loss: 4.2703 total loss: 6.5765 bn loss: 0.5825 av loss: 0.5699 text loss: 0.6415
2025-12-28 18:37:44,973 - MMSA [INFO] - VAL-(msalm) >>  Mult_acc_2: 0.7105  Mult_acc_3: 0.5833  Mult_acc_5: 0.3070  F1_score: 0.7178  MAE: 0.5191  Corr: 0.4718  Loss: 0.5344 
2025-12-28 18:37:54,246 - MMSA [INFO] - TRAIN-(msalm) [1/5/2] >> loss: 0.5007  Mult_acc_2: 0.7317  Mult_acc_3: 0.6162  Mult_acc_5: 0.3348  F1_score: 0.7370  MAE: 0.4802  Corr: 0.5298  clm loss: 4.0105 total loss: 6.2418 bn loss: 0.5481 av loss: 0.5468 text loss: 0.6358
2025-12-28 18:37:55,896 - MMSA [INFO] - VAL-(msalm) >>  Mult_acc_2: 0.7061  Mult_acc_3: 0.5811  Mult_acc_5: 0.2982  F1_score: 0.7147  MAE: 0.5068  Corr: 0.4959  Loss: 0.5163 
2025-12-28 18:38:05,136 - MMSA [INFO] - TRAIN-(msalm) [1/6/2] >> loss: 0.4731  Mult_acc_2: 0.7558  Mult_acc_3: 0.6228  Mult_acc_5: 0.3472  F1_score: 0.7588  MAE: 0.4604  Corr: 0.5641  clm loss: 3.8523 total loss: 5.9642 bn loss: 0.5099 av loss: 0.5235 text loss: 0.6055
2025-12-28 18:38:06,756 - MMSA [INFO] - VAL-(msalm) >>  Mult_acc_2: 0.7105  Mult_acc_3: 0.5965  Mult_acc_5: 0.3004  F1_score: 0.7190  MAE: 0.4967  Corr: 0.5073  Loss: 0.5134 
2025-12-28 18:38:15,981 - MMSA [INFO] - TRAIN-(msalm) [1/7/2] >> loss: 0.4691  Mult_acc_2: 0.7442  Mult_acc_3: 0.6308  Mult_acc_5: 0.3238  F1_score: 0.7476  MAE: 0.4595  Corr: 0.5641  clm loss: 3.7331 total loss: 5.818 bn loss: 0.5268 av loss: 0.5094 text loss: 0.5795
2025-12-28 18:38:17,639 - MMSA [INFO] - VAL-(msalm) >>  Mult_acc_2: 0.7149  Mult_acc_3: 0.6053  Mult_acc_5: 0.3180  F1_score: 0.7214  MAE: 0.4871  Corr: 0.5043  Loss: 0.5016 
2025-12-28 18:38:26,871 - MMSA [INFO] - TRAIN-(msalm) [1/8/2] >> loss: 0.4663  Mult_acc_2: 0.7485  Mult_acc_3: 0.6243  Mult_acc_5: 0.3414  F1_score: 0.7520  MAE: 0.4569  Corr: 0.5593  clm loss: 3.5924 total loss: 5.6338 bn loss: 0.5103 av loss: 0.5075 text loss: 0.5574
2025-12-28 18:38:28,561 - MMSA [INFO] - VAL-(msalm) >>  Mult_acc_2: 0.7390  Mult_acc_3: 0.6184  Mult_acc_5: 0.3662  F1_score: 0.7371  MAE: 0.4806  Corr: 0.5146  Loss: 0.5114 
2025-12-28 18:38:36,659 - MMSA [INFO] - TRAIN-(msalm) [2/9/2] >> loss: 0.4524  Mult_acc_2: 0.7566  Mult_acc_3: 0.6455  Mult_acc_5: 0.3553  F1_score: 0.7598  MAE: 0.4381  Corr: 0.6028  clm loss: 3.5021 total loss: 5.4886 bn loss: 0.49 av loss: 0.4928 text loss: 0.5513
2025-12-28 18:38:38,575 - MMSA [INFO] - VAL-(msalm) >>  Mult_acc_2: 0.7456  Mult_acc_3: 0.6096  Mult_acc_5: 0.3662  F1_score: 0.7416  MAE: 0.4778  Corr: 0.5165  Loss: 0.5224 
2025-12-28 18:38:46,657 - MMSA [INFO] - TRAIN-(msalm) [3/10/2] >> loss: 0.4527  Mult_acc_2: 0.7566  Mult_acc_3: 0.6396  Mult_acc_5: 0.3633  F1_score: 0.7592  MAE: 0.4377  Corr: 0.6042  clm loss: 3.3878 total loss: 5.3454 bn loss: 0.4834 av loss: 0.4857 text loss: 0.5359
2025-12-28 18:38:48,288 - MMSA [INFO] - VAL-(msalm) >>  Mult_acc_2: 0.7325  Mult_acc_3: 0.6228  Mult_acc_5: 0.3684  F1_score: 0.7283  MAE: 0.4620  Corr: 0.5244  Loss: 0.4814 
2025-12-28 18:38:57,508 - MMSA [INFO] - TRAIN-(msalm) [1/11/2] >> loss: 0.4571  Mult_acc_2: 0.7588  Mult_acc_3: 0.6316  Mult_acc_5: 0.3480  F1_score: 0.7609  MAE: 0.4439  Corr: 0.5896  clm loss: 3.3681 total loss: 5.3295 bn loss: 0.4865 av loss: 0.49 text loss: 0.5278
2025-12-28 18:38:59,116 - MMSA [INFO] - VAL-(msalm) >>  Mult_acc_2: 0.7325  Mult_acc_3: 0.6162  Mult_acc_5: 0.3531  F1_score: 0.7340  MAE: 0.4524  Corr: 0.5447  Loss: 0.4736 
2025-12-28 18:39:08,325 - MMSA [INFO] - TRAIN-(msalm) [1/12/2] >> loss: 0.4374  Mult_acc_2: 0.7719  Mult_acc_3: 0.6601  Mult_acc_5: 0.3567  F1_score: 0.7735  MAE: 0.4211  Corr: 0.6336  clm loss: 3.3502 total loss: 5.237 bn loss: 0.4765 av loss: 0.4855 text loss: 0.4875
2025-12-28 18:39:09,952 - MMSA [INFO] - VAL-(msalm) >>  Mult_acc_2: 0.7368  Mult_acc_3: 0.6272  Mult_acc_5: 0.3618  F1_score: 0.7379  MAE: 0.4512  Corr: 0.5506  Loss: 0.4807 
2025-12-28 18:39:18,043 - MMSA [INFO] - TRAIN-(msalm) [2/13/2] >> loss: 0.4334  Mult_acc_2: 0.7756  Mult_acc_3: 0.6484  Mult_acc_5: 0.3699  F1_score: 0.7777  MAE: 0.4217  Corr: 0.6356  clm loss: 3.2954 total loss: 5.1597 bn loss: 0.4676 av loss: 0.4831 text loss: 0.4802
2025-12-28 18:39:19,670 - MMSA [INFO] - VAL-(msalm) >>  Mult_acc_2: 0.7346  Mult_acc_3: 0.6382  Mult_acc_5: 0.3991  F1_score: 0.7369  MAE: 0.4335  Corr: 0.5767  Loss: 0.4586 
2025-12-28 18:39:28,899 - MMSA [INFO] - TRAIN-(msalm) [1/14/2] >> loss: 0.4164  Mult_acc_2: 0.7632  Mult_acc_3: 0.6528  Mult_acc_5: 0.3677  F1_score: 0.7648  MAE: 0.4039  Corr: 0.6651  clm loss: 3.3011 total loss: 5.1033 bn loss: 0.4558 av loss: 0.4771 text loss: 0.453
2025-12-28 18:39:30,569 - MMSA [INFO] - VAL-(msalm) >>  Mult_acc_2: 0.7303  Mult_acc_3: 0.6206  Mult_acc_5: 0.3640  F1_score: 0.7359  MAE: 0.4424  Corr: 0.5793  Loss: 0.4714 
2025-12-28 18:39:38,665 - MMSA [INFO] - TRAIN-(msalm) [2/15/2] >> loss: 0.4167  Mult_acc_2: 0.7858  Mult_acc_3: 0.6681  Mult_acc_5: 0.3999  F1_score: 0.7876  MAE: 0.3969  Corr: 0.6705  clm loss: 3.2979 total loss: 5.108 bn loss: 0.4539 av loss: 0.4791 text loss: 0.4604
2025-12-28 18:39:40,290 - MMSA [INFO] - VAL-(msalm) >>  Mult_acc_2: 0.7434  Mult_acc_3: 0.6294  Mult_acc_5: 0.3904  F1_score: 0.7451  MAE: 0.4316  Corr: 0.5864  Loss: 0.4516 
2025-12-28 18:39:49,527 - MMSA [INFO] - TRAIN-(msalm) [1/16/2] >> loss: 0.3987  Mult_acc_2: 0.7865  Mult_acc_3: 0.6681  Mult_acc_5: 0.3911  F1_score: 0.7878  MAE: 0.3853  Corr: 0.6957  clm loss: 3.2452 total loss: 5.0195 bn loss: 0.452 av loss: 0.4786 text loss: 0.445
2025-12-28 18:39:51,174 - MMSA [INFO] - VAL-(msalm) >>  Mult_acc_2: 0.7522  Mult_acc_3: 0.6382  Mult_acc_5: 0.3728  F1_score: 0.7539  MAE: 0.4236  Corr: 0.6029  Loss: 0.4402 
2025-12-28 18:40:00,520 - MMSA [INFO] - TRAIN-(msalm) [1/17/2] >> loss: 0.3889  Mult_acc_2: 0.7997  Mult_acc_3: 0.6937  Mult_acc_5: 0.4152  F1_score: 0.8011  MAE: 0.3734  Corr: 0.7084  clm loss: 3.2286 total loss: 4.977 bn loss: 0.4382 av loss: 0.4765 text loss: 0.4448
2025-12-28 18:40:02,142 - MMSA [INFO] - VAL-(msalm) >>  Mult_acc_2: 0.7500  Mult_acc_3: 0.6360  Mult_acc_5: 0.3860  F1_score: 0.7532  MAE: 0.4305  Corr: 0.5946  Loss: 0.4711 
2025-12-28 18:40:10,202 - MMSA [INFO] - TRAIN-(msalm) [2/18/2] >> loss: 0.3862  Mult_acc_2: 0.7968  Mult_acc_3: 0.6864  Mult_acc_5: 0.4452  F1_score: 0.8000  MAE: 0.3629  Corr: 0.7152  clm loss: 3.2049 total loss: 4.9183 bn loss: 0.4392 av loss: 0.4683 text loss: 0.4196
2025-12-28 18:40:11,845 - MMSA [INFO] - VAL-(msalm) >>  Mult_acc_2: 0.7610  Mult_acc_3: 0.6294  Mult_acc_5: 0.3838  F1_score: 0.7621  MAE: 0.4275  Corr: 0.5967  Loss: 0.4672 
2025-12-28 18:40:19,921 - MMSA [INFO] - TRAIN-(msalm) [3/19/2] >> loss: 0.3852  Mult_acc_2: 0.7865  Mult_acc_3: 0.6827  Mult_acc_5: 0.4020  F1_score: 0.7897  MAE: 0.3724  Corr: 0.7149  clm loss: 3.2075 total loss: 4.9183 bn loss: 0.437 av loss: 0.466 text loss: 0.4227
2025-12-28 18:40:21,602 - MMSA [INFO] - VAL-(msalm) >>  Mult_acc_2: 0.7675  Mult_acc_3: 0.6382  Mult_acc_5: 0.3925  F1_score: 0.7701  MAE: 0.4147  Corr: 0.6188  Loss: 0.4337 
2025-12-28 18:40:30,852 - MMSA [INFO] - TRAIN-(msalm) [1/20/2] >> loss: 0.3793  Mult_acc_2: 0.8070  Mult_acc_3: 0.7025  Mult_acc_5: 0.4306  F1_score: 0.8088  MAE: 0.3660  Corr: 0.7177  clm loss: 3.2101 total loss: 4.9321 bn loss: 0.4344 av loss: 0.4675 text loss: 0.4408
2025-12-28 18:40:32,476 - MMSA [INFO] - VAL-(msalm) >>  Mult_acc_2: 0.7434  Mult_acc_3: 0.6404  Mult_acc_5: 0.3969  F1_score: 0.7487  MAE: 0.4230  Corr: 0.6102  Loss: 0.4640 
2025-12-28 18:40:40,564 - MMSA [INFO] - TRAIN-(msalm) [2/21/2] >> loss: 0.3658  Mult_acc_2: 0.8085  Mult_acc_3: 0.7127  Mult_acc_5: 0.4415  F1_score: 0.8100  MAE: 0.3497  Corr: 0.7393  clm loss: 3.1575 total loss: 4.8536 bn loss: 0.4183 av loss: 0.4651 text loss: 0.447
2025-12-28 18:40:42,200 - MMSA [INFO] - VAL-(msalm) >>  Mult_acc_2: 0.7478  Mult_acc_3: 0.6425  Mult_acc_5: 0.3925  F1_score: 0.7527  MAE: 0.4133  Corr: 0.6219  Loss: 0.4311 
2025-12-28 18:40:51,422 - MMSA [INFO] - TRAIN-(msalm) [1/22/2] >> loss: 0.3649  Mult_acc_2: 0.8238  Mult_acc_3: 0.6923  Mult_acc_5: 0.4240  F1_score: 0.8255  MAE: 0.3479  Corr: 0.7450  clm loss: 3.1469 total loss: 4.8154 bn loss: 0.4112 av loss: 0.4684 text loss: 0.4239
2025-12-28 18:40:53,076 - MMSA [INFO] - VAL-(msalm) >>  Mult_acc_2: 0.7654  Mult_acc_3: 0.6360  Mult_acc_5: 0.3969  F1_score: 0.7689  MAE: 0.4076  Corr: 0.6246  Loss: 0.4315 
2025-12-28 18:41:01,167 - MMSA [INFO] - TRAIN-(msalm) [2/23/2] >> loss: 0.3643  Mult_acc_2: 0.8129  Mult_acc_3: 0.7003  Mult_acc_5: 0.4415  F1_score: 0.8162  MAE: 0.3470  Corr: 0.7493  clm loss: 3.1422 total loss: 4.7923 bn loss: 0.4049 av loss: 0.4686 text loss: 0.4122
2025-12-28 18:41:02,798 - MMSA [INFO] - VAL-(msalm) >>  Mult_acc_2: 0.7500  Mult_acc_3: 0.6425  Mult_acc_5: 0.4035  F1_score: 0.7539  MAE: 0.4031  Corr: 0.6284  Loss: 0.4457 
2025-12-28 18:41:10,872 - MMSA [INFO] - TRAIN-(msalm) [3/24/2] >> loss: 0.3694  Mult_acc_2: 0.8056  Mult_acc_3: 0.7171  Mult_acc_5: 0.4496  F1_score: 0.8076  MAE: 0.3498  Corr: 0.7389  clm loss: 3.1291 total loss: 4.8223 bn loss: 0.4173 av loss: 0.4723 text loss: 0.4343
2025-12-28 18:41:12,510 - MMSA [INFO] - VAL-(msalm) >>  Mult_acc_2: 0.7807  Mult_acc_3: 0.6557  Mult_acc_5: 0.4364  F1_score: 0.7816  MAE: 0.4038  Corr: 0.6239  Loss: 0.4309 
2025-12-28 18:41:21,863 - MMSA [INFO] - TRAIN-(msalm) [1/25/2] >> loss: 0.362  Mult_acc_2: 0.8056  Mult_acc_3: 0.7039  Mult_acc_5: 0.4532  F1_score: 0.8081  MAE: 0.3476  Corr: 0.7432  clm loss: 3.1201 total loss: 4.8553 bn loss: 0.4358 av loss: 0.4749 text loss: 0.4625
2025-12-28 18:41:23,474 - MMSA [INFO] - VAL-(msalm) >>  Mult_acc_2: 0.7763  Mult_acc_3: 0.6601  Mult_acc_5: 0.3947  F1_score: 0.7754  MAE: 0.4074  Corr: 0.6237  Loss: 0.4281 
2025-12-28 18:41:32,699 - MMSA [INFO] - TRAIN-(msalm) [1/26/2] >> loss: 0.3486  Mult_acc_2: 0.8187  Mult_acc_3: 0.7266  Mult_acc_5: 0.4576  F1_score: 0.8215  MAE: 0.3370  Corr: 0.7647  clm loss: 3.0786 total loss: 4.7281 bn loss: 0.4123 av loss: 0.4681 text loss: 0.4206
2025-12-28 18:41:34,394 - MMSA [INFO] - VAL-(msalm) >>  Mult_acc_2: 0.7215  Mult_acc_3: 0.6338  Mult_acc_5: 0.3750  F1_score: 0.7314  MAE: 0.4214  Corr: 0.6176  Loss: 0.4391 
2025-12-28 18:41:42,476 - MMSA [INFO] - TRAIN-(msalm) [2/27/2] >> loss: 0.3397  Mult_acc_2: 0.8165  Mult_acc_3: 0.7193  Mult_acc_5: 0.4751  F1_score: 0.8200  MAE: 0.3240  Corr: 0.7781  clm loss: 3.0832 total loss: 4.6823 bn loss: 0.3892 av loss: 0.4625 text loss: 0.4077
2025-12-28 18:41:44,086 - MMSA [INFO] - VAL-(msalm) >>  Mult_acc_2: 0.7719  Mult_acc_3: 0.6382  Mult_acc_5: 0.4013  F1_score: 0.7748  MAE: 0.4023  Corr: 0.6322  Loss: 0.4348 
