2025-12-28 18:24:15,475 - MMSA [INFO] - ======================================== Program Start ========================================
2025-12-28 18:24:15,543 - MMSA [INFO] - Running with args:
2025-12-28 18:24:15,543 - MMSA [INFO] - {'model_name': 'msalm', 'dataset_name': 'sims', 'featurePath': '/leonardo_work/EUHPC_A04_051/alexfil/MSA-Datasets/CH-SIMS/unaligned_39.pkl', 'seq_lens': [39, 400, 55], 'feature_dims': [768, 33, 709], 'train_samples': 1368, 'num_classes': 3, 'language': 'cn', 'KeyEval': 'Loss', 'missing_rate': [0.0, 0.0, 0.0], 'missing_seed': [1111, 1111, 1111], 'need_data_aligned': False, 'need_model_aligned': False, 'early_stop': 10, 'use_bert': False, 'use_bert_finetune': False, 'attn_mask': True, 'excludeZero': True, 'update_epochs': 8, 'use_augmentation': False, 'use_m3xup': False, 'hfPath': False, 'use_ulgm': False, 'update_labels_patience': 1, 'H': 3.0, 'del_model': True, 'max_token_len': 39, 'pad_token': '<|endoftext|>', 'lm': '/leonardo_work/EUHPC_A04_051/alexfil/gpt2-chinese-cluecorpussmall', 'use_bf16': False, 'task_out': 1, 'use_clm': True, 'gamma': 1.0, 'l_bn': 1.0, 'l_av': 1.0, 'l_t': 1.0, 'warmup_epochs': 1, 'max_epochs': 100, 'beta_1': 0.9, 'beta_2': 0.95, 'use_lnorm': True, 'rescale': False, 'rescaler': 'sqrt', 'use_seqaug': True, 'n_bn_fusion': 12, 'modded_loss': True, 'embedding_attr_name': 'transformer.wte', 'decoder_layers_attr_name': 'transformer.h', 'mmgpt': {'type': 'gpt2', 'd_out': 64, 'combine': True, 'dropout': 0.1, 'mm_layer': [5, 6, 7, 8, 9, 10, 11], 'top_k': 2, 'layer_dropout': 0.0, 'dense': True, 'tie_ffn': True, 'n_embd': 768, 'bias': True, 'kv_dim': 30, 'n_head': 16, 'd_mm': 768, 'gating': 'sigmoid', 'init_gate': [0.0, 0.0, 0.0, 0.0, 0.0, 0.0, 0.0, 0.0, 0.0, 0.0], 'use_softperm': True, 'p_perm': 0.3, 'p_apply': 0.25, 'use_lora': False, 'lora': {'lora_alpha': 128, 'r': 64, 'lora_dropout': 0.05}}, 'av_enc': {'finetune': True, 'from_pretrained': True, 'path_to_pretrained': '/leonardo_work/EUHPC_A04_051/alexfil/DeepMLF-Reprod/checkpoints/bienc-sims-1990/bienc-sims-1990.pth', 'feature_dims': [768, 33, 709], 'd_enc': 30, 'n_embd': 30, 'n_head': 6, 'nlevels': 3, 'd_enc_out': 30, 'maxlen': 55, 'p_mask': 0.15, 'enc_attn_dropout': 0.1, 'enc_res_dropout': 0.1, 'enc_dropout': 0.1, 'use_softperm': True, 'p_perm': 0.2, 'mask_perm_ratio': 0.5, 'tf_fusion': False, 'use_bn': True, 'use_ln': False}, 'gpt': {'vocab_size': 50257, 'block_size': 1024, 'bias': True, 'n_embd': 1024, 'n_layer': 24, 'n_head': 16, 'dropout': 0.0}, 'batch_size': 32, 'grad_clip': 5.0, 'patience': 10, 'weight_decay_mmgpt': 0.1, 'weight_decay_av': 0.1, 'learning_rate_av': 0.0001, 'learning_rate_mmgpt': 0.0001, 'device': device(type='cuda', index=0), 'train_mode': 'regression', 'custom_feature': None, 'feature_T': '', 'feature_A': '', 'feature_V': ''}
2025-12-28 18:24:15,543 - MMSA [INFO] - Seeds: [1990, 1991, 1992, 1993, 1994]
2025-12-28 18:24:15,544 - MMSA [INFO] - ------------------------------ Running with seed 1990 [1/5] ------------------------------
2025-12-28 18:25:30,215 - MMSA [INFO] - The model has 177635507 trainable parameters
2025-12-28 18:27:20,872 - MMSA [INFO] - ======================================== Program Start ========================================
2025-12-28 18:27:20,940 - MMSA [INFO] - Running with args:
2025-12-28 18:27:20,940 - MMSA [INFO] - {'model_name': 'msalm', 'dataset_name': 'sims', 'featurePath': '/leonardo_work/EUHPC_A04_051/alexfil/MSA-Datasets/CH-SIMS/unaligned_39.pkl', 'seq_lens': [39, 400, 55], 'feature_dims': [768, 33, 709], 'train_samples': 1368, 'num_classes': 3, 'language': 'cn', 'KeyEval': 'Loss', 'missing_rate': [0.0, 0.0, 0.0], 'missing_seed': [1111, 1111, 1111], 'need_data_aligned': False, 'need_model_aligned': False, 'early_stop': 10, 'use_bert': False, 'use_bert_finetune': False, 'attn_mask': True, 'excludeZero': True, 'update_epochs': 8, 'use_augmentation': False, 'use_m3xup': False, 'hfPath': False, 'use_ulgm': False, 'update_labels_patience': 1, 'H': 3.0, 'del_model': True, 'max_token_len': 39, 'pad_token': '<|endoftext|>', 'lm': '/leonardo_work/EUHPC_A04_051/alexfil/gpt2-chinese-cluecorpussmall', 'use_bf16': False, 'task_out': 1, 'use_clm': True, 'gamma': 1.0, 'l_bn': 1.0, 'l_av': 1.0, 'l_t': 1.0, 'warmup_epochs': 1, 'max_epochs': 100, 'beta_1': 0.9, 'beta_2': 0.95, 'use_lnorm': True, 'rescale': False, 'rescaler': 'sqrt', 'use_seqaug': True, 'n_bn_fusion': 12, 'modded_loss': True, 'embedding_attr_name': 'transformer.wte', 'decoder_layers_attr_name': 'transformer.h', 'mmgpt': {'type': 'gpt2', 'd_out': 64, 'combine': True, 'dropout': 0.1, 'mm_layer': [5, 6, 7, 8, 9, 10, 11], 'top_k': 2, 'layer_dropout': 0.0, 'dense': True, 'tie_ffn': True, 'n_embd': 768, 'bias': True, 'kv_dim': 30, 'n_head': 16, 'd_mm': 768, 'gating': 'sigmoid', 'init_gate': [0.0, 0.0, 0.0, 0.0, 0.0, 0.0, 0.0, 0.0, 0.0, 0.0], 'use_softperm': True, 'p_perm': 0.3, 'p_apply': 0.25, 'use_lora': False, 'lora': {'lora_alpha': 128, 'r': 64, 'lora_dropout': 0.05}}, 'av_enc': {'finetune': True, 'from_pretrained': True, 'path_to_pretrained': '/leonardo_work/EUHPC_A04_051/alexfil/DeepMLF-Reprod/checkpoints/bienc-sims-1990/bienc-sims-1990.pth', 'feature_dims': [768, 33, 709], 'd_enc': 30, 'n_embd': 30, 'n_head': 6, 'nlevels': 3, 'd_enc_out': 30, 'maxlen': 55, 'p_mask': 0.15, 'enc_attn_dropout': 0.1, 'enc_res_dropout': 0.1, 'enc_dropout': 0.1, 'use_softperm': True, 'p_perm': 0.2, 'mask_perm_ratio': 0.5, 'tf_fusion': False, 'use_bn': True, 'use_ln': False}, 'gpt': {'vocab_size': 50257, 'block_size': 1024, 'bias': True, 'n_embd': 1024, 'n_layer': 24, 'n_head': 16, 'dropout': 0.0}, 'batch_size': 32, 'grad_clip': 5.0, 'patience': 10, 'weight_decay_mmgpt': 0.1, 'weight_decay_av': 0.1, 'learning_rate_av': 0.0001, 'learning_rate_mmgpt': 0.0001, 'device': device(type='cuda', index=0), 'train_mode': 'regression', 'custom_feature': None, 'feature_T': '', 'feature_A': '', 'feature_V': ''}
2025-12-28 18:27:20,940 - MMSA [INFO] - Seeds: [1990, 1991, 1992, 1993, 1994]
2025-12-28 18:27:20,941 - MMSA [INFO] - ------------------------------ Running with seed 1990 [1/5] ------------------------------
2025-12-28 18:28:39,043 - MMSA [INFO] - The model has 177635507 trainable parameters
2025-12-28 18:28:48,468 - MMSA [INFO] - TRAIN-(msalm) [1/1/1] >> loss: 0.6995  Mult_acc_2: 0.4532  Mult_acc_3: 0.3443  Mult_acc_5: 0.1696  F1_score: 0.4638  MAE: 0.6986  Corr: 0.0389  clm loss: 7.5823 total loss: 10.7089 bn loss: 0.9343 av loss: 0.6033 text loss: 0.8896
2025-12-28 18:28:50,438 - MMSA [INFO] - VAL-(msalm) >>  Mult_acc_2: 0.4452  Mult_acc_3: 0.3553  Mult_acc_5: 0.1754  F1_score: 0.4437  MAE: 0.6908  Corr: 0.0787  Loss: 0.6782 
2025-12-28 18:28:59,274 - MMSA [INFO] - TRAIN-(msalm) [1/2/1] >> loss: 0.6504  Mult_acc_2: 0.5037  Mult_acc_3: 0.3889  Mult_acc_5: 0.1915  F1_score: 0.5149  MAE: 0.6488  Corr: 0.1889  clm loss: 6.417 total loss: 9.1773 bn loss: 0.7617 av loss: 0.5696 text loss: 0.7786
2025-12-28 18:29:01,026 - MMSA [INFO] - VAL-(msalm) >>  Mult_acc_2: 0.5373  Mult_acc_3: 0.4254  Mult_acc_5: 0.2127  F1_score: 0.5469  MAE: 0.6121  Corr: 0.3045  Loss: 0.6105 
2025-12-28 18:29:09,685 - MMSA [INFO] - TRAIN-(msalm) [1/3/1] >> loss: 0.578  Mult_acc_2: 0.5965  Mult_acc_3: 0.4985  Mult_acc_5: 0.2529  F1_score: 0.6092  MAE: 0.5722  Corr: 0.4203  clm loss: 5.2663 total loss: 7.6943 bn loss: 0.6226 av loss: 0.5464 text loss: 0.6809
2025-12-28 18:29:11,376 - MMSA [INFO] - VAL-(msalm) >>  Mult_acc_2: 0.5943  Mult_acc_3: 0.5044  Mult_acc_5: 0.2237  F1_score: 0.6077  MAE: 0.6005  Corr: 0.4101  Loss: 0.6306 
2025-12-28 18:29:18,925 - MMSA [INFO] - TRAIN-(msalm) [2/4/1] >> loss: 0.5625  Mult_acc_2: 0.6440  Mult_acc_3: 0.5563  Mult_acc_5: 0.3107  F1_score: 0.6572  MAE: 0.5408  Corr: 0.4900  clm loss: 4.5302 total loss: 6.8162 bn loss: 0.5692 av loss: 0.5175 text loss: 0.6369
2025-12-28 18:29:20,609 - MMSA [INFO] - VAL-(msalm) >>  Mult_acc_2: 0.6360  Mult_acc_3: 0.5329  Mult_acc_5: 0.2961  F1_score: 0.6503  MAE: 0.5959  Corr: 0.4396  Loss: 0.6766 
2025-12-28 18:29:28,137 - MMSA [INFO] - TRAIN-(msalm) [3/5/1] >> loss: 0.5623  Mult_acc_2: 0.6601  Mult_acc_3: 0.5694  Mult_acc_5: 0.2946  F1_score: 0.6731  MAE: 0.5324  Corr: 0.5052  clm loss: 4.1309 total loss: 6.3569 bn loss: 0.5473 av loss: 0.5034 text loss: 0.613
2025-12-28 18:29:29,760 - MMSA [INFO] - VAL-(msalm) >>  Mult_acc_2: 0.6031  Mult_acc_3: 0.4956  Mult_acc_5: 0.2675  F1_score: 0.6153  MAE: 0.5979  Corr: 0.4621  Loss: 0.6607 
2025-12-28 18:29:37,398 - MMSA [INFO] - TRAIN-(msalm) [4/6/1] >> loss: 0.5293  Mult_acc_2: 0.6776  Mult_acc_3: 0.5665  Mult_acc_5: 0.2895  F1_score: 0.6902  MAE: 0.5147  Corr: 0.5207  clm loss: 3.9295 total loss: 6.0838 bn loss: 0.5334 av loss: 0.498 text loss: 0.5937
2025-12-28 18:29:39,042 - MMSA [INFO] - VAL-(msalm) >>  Mult_acc_2: 0.5504  Mult_acc_3: 0.4846  Mult_acc_5: 0.2719  F1_score: 0.5530  MAE: 0.6074  Corr: 0.4775  Loss: 0.6485 
2025-12-28 18:29:46,574 - MMSA [INFO] - TRAIN-(msalm) [5/7/1] >> loss: 0.5226  Mult_acc_2: 0.6754  Mult_acc_3: 0.5673  Mult_acc_5: 0.2961  F1_score: 0.6881  MAE: 0.5100  Corr: 0.5127  clm loss: 3.8474 total loss: 5.9446 bn loss: 0.5051 av loss: 0.4827 text loss: 0.5868
2025-12-28 18:29:48,195 - MMSA [INFO] - VAL-(msalm) >>  Mult_acc_2: 0.5921  Mult_acc_3: 0.5175  Mult_acc_5: 0.2895  F1_score: 0.6034  MAE: 0.5756  Corr: 0.4968  Loss: 0.6383 
2025-12-28 18:29:55,639 - MMSA [INFO] - TRAIN-(msalm) [6/8/1] >> loss: 0.5137  Mult_acc_2: 0.6930  Mult_acc_3: 0.5841  Mult_acc_5: 0.3136  F1_score: 0.7049  MAE: 0.4960  Corr: 0.5502  clm loss: 3.7042 total loss: 5.772 bn loss: 0.506 av loss: 0.4752 text loss: 0.573
2025-12-28 18:29:57,312 - MMSA [INFO] - VAL-(msalm) >>  Mult_acc_2: 0.6776  Mult_acc_3: 0.5724  Mult_acc_5: 0.3224  F1_score: 0.6902  MAE: 0.4988  Corr: 0.5343  Loss: 0.5339 
2025-12-28 18:30:05,879 - MMSA [INFO] - TRAIN-(msalm) [1/9/1] >> loss: 0.4935  Mult_acc_2: 0.6930  Mult_acc_3: 0.5906  Mult_acc_5: 0.3063  F1_score: 0.7050  MAE: 0.4766  Corr: 0.5879  clm loss: 3.5332 total loss: 5.5686 bn loss: 0.498 av loss: 0.4814 text loss: 0.5626
2025-12-28 18:30:07,516 - MMSA [INFO] - VAL-(msalm) >>  Mult_acc_2: 0.7039  Mult_acc_3: 0.5877  Mult_acc_5: 0.3377  F1_score: 0.7147  MAE: 0.4750  Corr: 0.5522  Loss: 0.5009 
2025-12-28 18:30:16,066 - MMSA [INFO] - TRAIN-(msalm) [1/10/1] >> loss: 0.4864  Mult_acc_2: 0.7135  Mult_acc_3: 0.6096  Mult_acc_5: 0.3392  F1_score: 0.7245  MAE: 0.4650  Corr: 0.5964  clm loss: 3.45 total loss: 5.4686 bn loss: 0.4955 av loss: 0.4792 text loss: 0.5575
2025-12-28 18:30:17,715 - MMSA [INFO] - VAL-(msalm) >>  Mult_acc_2: 0.6535  Mult_acc_3: 0.5833  Mult_acc_5: 0.3421  F1_score: 0.6669  MAE: 0.4992  Corr: 0.5557  Loss: 0.5549 
2025-12-28 18:30:25,228 - MMSA [INFO] - TRAIN-(msalm) [2/11/1] >> loss: 0.4653  Mult_acc_2: 0.7142  Mult_acc_3: 0.6155  Mult_acc_5: 0.3560  F1_score: 0.7247  MAE: 0.4450  Corr: 0.6157  clm loss: 3.3725 total loss: 5.3489 bn loss: 0.4847 av loss: 0.4694 text loss: 0.557
2025-12-28 18:30:26,860 - MMSA [INFO] - VAL-(msalm) >>  Mult_acc_2: 0.7039  Mult_acc_3: 0.5987  Mult_acc_5: 0.3443  F1_score: 0.7152  MAE: 0.4595  Corr: 0.5807  Loss: 0.4928 
2025-12-28 18:30:35,431 - MMSA [INFO] - TRAIN-(msalm) [1/12/1] >> loss: 0.4575  Mult_acc_2: 0.7273  Mult_acc_3: 0.6418  Mult_acc_5: 0.3545  F1_score: 0.7374  MAE: 0.4367  Corr: 0.6367  clm loss: 3.3756 total loss: 5.3136 bn loss: 0.486 av loss: 0.4729 text loss: 0.5216
2025-12-28 18:30:37,220 - MMSA [INFO] - VAL-(msalm) >>  Mult_acc_2: 0.7281  Mult_acc_3: 0.6118  Mult_acc_5: 0.3662  F1_score: 0.7373  MAE: 0.4434  Corr: 0.6017  Loss: 0.4859 
2025-12-28 18:30:45,772 - MMSA [INFO] - TRAIN-(msalm) [1/13/1] >> loss: 0.4459  Mult_acc_2: 0.7295  Mult_acc_3: 0.6221  Mult_acc_5: 0.3648  F1_score: 0.7394  MAE: 0.4272  Corr: 0.6555  clm loss: 3.298 total loss: 5.1964 bn loss: 0.4716 av loss: 0.4675 text loss: 0.5135
2025-12-28 18:30:47,373 - MMSA [INFO] - VAL-(msalm) >>  Mult_acc_2: 0.7325  Mult_acc_3: 0.6491  Mult_acc_5: 0.3728  F1_score: 0.7405  MAE: 0.4271  Corr: 0.6168  Loss: 0.4577 
2025-12-28 18:30:56,122 - MMSA [INFO] - TRAIN-(msalm) [1/14/1] >> loss: 0.4391  Mult_acc_2: 0.7317  Mult_acc_3: 0.6418  Mult_acc_5: 0.3662  F1_score: 0.7413  MAE: 0.4230  Corr: 0.6445  clm loss: 3.2908 total loss: 5.152 bn loss: 0.4735 av loss: 0.473 text loss: 0.4756
2025-12-28 18:30:57,770 - MMSA [INFO] - VAL-(msalm) >>  Mult_acc_2: 0.7325  Mult_acc_3: 0.6140  Mult_acc_5: 0.3553  F1_score: 0.7418  MAE: 0.4359  Corr: 0.6209  Loss: 0.4718 
2025-12-28 18:31:05,293 - MMSA [INFO] - TRAIN-(msalm) [2/15/1] >> loss: 0.4299  Mult_acc_2: 0.7537  Mult_acc_3: 0.6689  Mult_acc_5: 0.3933  F1_score: 0.7625  MAE: 0.4111  Corr: 0.6597  clm loss: 3.2782 total loss: 5.1227 bn loss: 0.4733 av loss: 0.4675 text loss: 0.4739
2025-12-28 18:31:06,987 - MMSA [INFO] - VAL-(msalm) >>  Mult_acc_2: 0.7171  Mult_acc_3: 0.6096  Mult_acc_5: 0.3596  F1_score: 0.7276  MAE: 0.4409  Corr: 0.6223  Loss: 0.4805 
2025-12-28 18:31:14,486 - MMSA [INFO] - TRAIN-(msalm) [3/16/1] >> loss: 0.4225  Mult_acc_2: 0.7558  Mult_acc_3: 0.6652  Mult_acc_5: 0.3721  F1_score: 0.7637  MAE: 0.4049  Corr: 0.6754  clm loss: 3.2686 total loss: 5.0588 bn loss: 0.4553 av loss: 0.4608 text loss: 0.4516
2025-12-28 18:31:16,222 - MMSA [INFO] - VAL-(msalm) >>  Mult_acc_2: 0.7412  Mult_acc_3: 0.6491  Mult_acc_5: 0.3838  F1_score: 0.7497  MAE: 0.4279  Corr: 0.6199  Loss: 0.4666 
2025-12-28 18:31:23,696 - MMSA [INFO] - TRAIN-(msalm) [4/17/1] >> loss: 0.4129  Mult_acc_2: 0.7763  Mult_acc_3: 0.6791  Mult_acc_5: 0.4020  F1_score: 0.7830  MAE: 0.3901  Corr: 0.6844  clm loss: 3.2301 total loss: 5.0018 bn loss: 0.4554 av loss: 0.4574 text loss: 0.4461
2025-12-28 18:31:25,412 - MMSA [INFO] - VAL-(msalm) >>  Mult_acc_2: 0.7105  Mult_acc_3: 0.6184  Mult_acc_5: 0.3772  F1_score: 0.7216  MAE: 0.4326  Corr: 0.6219  Loss: 0.4791 
2025-12-28 18:31:32,928 - MMSA [INFO] - TRAIN-(msalm) [5/18/1] >> loss: 0.4021  Mult_acc_2: 0.7844  Mult_acc_3: 0.6784  Mult_acc_5: 0.3955  F1_score: 0.7913  MAE: 0.3871  Corr: 0.6976  clm loss: 3.2425 total loss: 4.9724 bn loss: 0.4311 av loss: 0.4568 text loss: 0.4399
2025-12-28 18:31:34,565 - MMSA [INFO] - VAL-(msalm) >>  Mult_acc_2: 0.6645  Mult_acc_3: 0.5614  Mult_acc_5: 0.3443  F1_score: 0.6773  MAE: 0.4572  Corr: 0.6350  Loss: 0.4842 
2025-12-28 18:31:42,081 - MMSA [INFO] - TRAIN-(msalm) [6/19/1] >> loss: 0.4208  Mult_acc_2: 0.7551  Mult_acc_3: 0.6557  Mult_acc_5: 0.3567  F1_score: 0.7631  MAE: 0.4092  Corr: 0.6705  clm loss: 3.2449 total loss: 5.0102 bn loss: 0.4369 av loss: 0.4672 text loss: 0.4404
2025-12-28 18:31:43,770 - MMSA [INFO] - VAL-(msalm) >>  Mult_acc_2: 0.6908  Mult_acc_3: 0.5899  Mult_acc_5: 0.3553  F1_score: 0.7031  MAE: 0.4456  Corr: 0.6315  Loss: 0.4871 
2025-12-28 18:31:51,276 - MMSA [INFO] - TRAIN-(msalm) [7/20/1] >> loss: 0.3904  Mult_acc_2: 0.7785  Mult_acc_3: 0.6820  Mult_acc_5: 0.4291  F1_score: 0.7849  MAE: 0.3710  Corr: 0.7050  clm loss: 3.2116 total loss: 4.9231 bn loss: 0.4187 av loss: 0.4634 text loss: 0.439
2025-12-28 18:31:52,913 - MMSA [INFO] - VAL-(msalm) >>  Mult_acc_2: 0.7215  Mult_acc_3: 0.6316  Mult_acc_5: 0.3794  F1_score: 0.7320  MAE: 0.4282  Corr: 0.6375  Loss: 0.4758 
2025-12-28 18:32:00,447 - MMSA [INFO] - TRAIN-(msalm) [8/21/1] >> loss: 0.3885  Mult_acc_2: 0.7756  Mult_acc_3: 0.6893  Mult_acc_5: 0.4276  F1_score: 0.7822  MAE: 0.3677  Corr: 0.7195  clm loss: 3.1654 total loss: 4.8499 bn loss: 0.4172 av loss: 0.4569 text loss: 0.4219
2025-12-28 18:32:02,146 - MMSA [INFO] - VAL-(msalm) >>  Mult_acc_2: 0.6864  Mult_acc_3: 0.6096  Mult_acc_5: 0.3640  F1_score: 0.6988  MAE: 0.4405  Corr: 0.6433  Loss: 0.4707 
2025-12-28 18:32:09,794 - MMSA [INFO] - TRAIN-(msalm) [9/22/1] >> loss: 0.379  Mult_acc_2: 0.7968  Mult_acc_3: 0.6915  Mult_acc_5: 0.4152  F1_score: 0.8023  MAE: 0.3635  Corr: 0.7341  clm loss: 3.1452 total loss: 4.8 bn loss: 0.406 av loss: 0.4507 text loss: 0.4192
2025-12-28 18:32:11,422 - MMSA [INFO] - VAL-(msalm) >>  Mult_acc_2: 0.6579  Mult_acc_3: 0.5789  Mult_acc_5: 0.3487  F1_score: 0.6705  MAE: 0.4571  Corr: 0.6469  Loss: 0.4943 
2025-12-28 18:32:18,914 - MMSA [INFO] - TRAIN-(msalm) [10/23/1] >> loss: 0.3739  Mult_acc_2: 0.7946  Mult_acc_3: 0.6893  Mult_acc_5: 0.4364  F1_score: 0.8001  MAE: 0.3569  Corr: 0.7352  clm loss: 3.1267 total loss: 4.7684 bn loss: 0.4071 av loss: 0.4524 text loss: 0.4084
2025-12-28 18:32:20,547 - MMSA [INFO] - VAL-(msalm) >>  Mult_acc_2: 0.6667  Mult_acc_3: 0.6096  Mult_acc_5: 0.3596  F1_score: 0.6794  MAE: 0.4610  Corr: 0.6358  Loss: 0.5090 
2025-12-28 18:32:22,608 - MMSA [INFO] - TEST-(msalm) >>  Mult_acc_2: 0.7505  Mult_acc_3: 0.6586  Mult_acc_5: 0.3742  F1_score: 0.7589  MAE: 0.4141  Corr: 0.6452  Loss: 0.4454 
2025-12-28 18:32:23,905 - MMSA [INFO] - Result for seed 1990: {'Mult_acc_2': 0.7505, 'Mult_acc_3': 0.6586, 'Mult_acc_5': 0.3742, 'F1_score': 0.7589, 'MAE': 0.4141, 'Corr': 0.6452, 'Loss': 0.4454, 'seed': 1990}
2025-12-28 18:32:23,906 - MMSA [INFO] - ------------------------------ Running with seed 1991 [2/5] ------------------------------
2025-12-28 18:33:36,633 - MMSA [INFO] - The model has 177635507 trainable parameters
2025-12-28 18:33:44,246 - MMSA [INFO] - TRAIN-(msalm) [1/1/2] >> loss: 0.6723  Mult_acc_2: 0.4744  Mult_acc_3: 0.3523  Mult_acc_5: 0.1769  F1_score: 0.4795  MAE: 0.6725  Corr: 0.1130  clm loss: 7.6416 total loss: 10.7285 bn loss: 0.8529 av loss: 0.5964 text loss: 0.9653
2025-12-28 18:33:45,942 - MMSA [INFO] - VAL-(msalm) >>  Mult_acc_2: 0.4101  Mult_acc_3: 0.3487  Mult_acc_5: 0.1798  F1_score: 0.3606  MAE: 0.7120  Corr: 0.1507  Loss: 0.7172 
2025-12-28 18:33:54,692 - MMSA [INFO] - TRAIN-(msalm) [1/2/2] >> loss: 0.6354  Mult_acc_2: 0.5336  Mult_acc_3: 0.4020  Mult_acc_5: 0.1944  F1_score: 0.5446  MAE: 0.6338  Corr: 0.2454  clm loss: 6.4481 total loss: 9.2214 bn loss: 0.7025 av loss: 0.5735 text loss: 0.8619
2025-12-28 18:33:56,375 - MMSA [INFO] - VAL-(msalm) >>  Mult_acc_2: 0.5724  Mult_acc_3: 0.4627  Mult_acc_5: 0.2632  F1_score: 0.5803  MAE: 0.5965  Corr: 0.4159  Loss: 0.5832 
2025-12-28 18:34:05,065 - MMSA [INFO] - TRAIN-(msalm) [1/3/2] >> loss: 0.5803  Mult_acc_2: 0.5965  Mult_acc_3: 0.4868  Mult_acc_5: 0.2442  F1_score: 0.6088  MAE: 0.5754  Corr: 0.4239  clm loss: 5.2037 total loss: 7.6946 bn loss: 0.6132 av loss: 0.544 text loss: 0.7533
2025-12-28 18:34:06,737 - MMSA [INFO] - VAL-(msalm) >>  Mult_acc_2: 0.6294  Mult_acc_3: 0.5307  Mult_acc_5: 0.2719  F1_score: 0.6437  MAE: 0.5540  Corr: 0.4788  Loss: 0.5959 
2025-12-28 18:34:14,316 - MMSA [INFO] - TRAIN-(msalm) [2/4/2] >> loss: 0.5662  Mult_acc_2: 0.6615  Mult_acc_3: 0.5577  Mult_acc_5: 0.2931  F1_score: 0.6744  MAE: 0.5353  Corr: 0.4998  clm loss: 4.4638 total loss: 6.7901 bn loss: 0.5721 av loss: 0.5295 text loss: 0.6586
2025-12-28 18:34:16,037 - MMSA [INFO] - VAL-(msalm) >>  Mult_acc_2: 0.6908  Mult_acc_3: 0.5614  Mult_acc_5: 0.3114  F1_score: 0.7023  MAE: 0.5186  Corr: 0.5128  Loss: 0.5579 
2025-12-28 18:34:24,788 - MMSA [INFO] - TRAIN-(msalm) [1/5/2] >> loss: 0.5472  Mult_acc_2: 0.6776  Mult_acc_3: 0.5614  Mult_acc_5: 0.2909  F1_score: 0.6902  MAE: 0.5207  Corr: 0.5299  clm loss: 4.1664 total loss: 6.406 bn loss: 0.5523 av loss: 0.5177 text loss: 0.6224
2025-12-28 18:34:26,511 - MMSA [INFO] - VAL-(msalm) >>  Mult_acc_2: 0.6601  Mult_acc_3: 0.5417  Mult_acc_5: 0.3004  F1_score: 0.6733  MAE: 0.5297  Corr: 0.5325  Loss: 0.5691 
2025-12-28 18:34:34,093 - MMSA [INFO] - TRAIN-(msalm) [2/6/2] >> loss: 0.5074  Mult_acc_2: 0.6535  Mult_acc_3: 0.5585  Mult_acc_5: 0.3085  F1_score: 0.6666  MAE: 0.4932  Corr: 0.5662  clm loss: 4.0051 total loss: 6.137 bn loss: 0.5123 av loss: 0.5086 text loss: 0.6036
2025-12-28 18:34:35,840 - MMSA [INFO] - VAL-(msalm) >>  Mult_acc_2: 0.6601  Mult_acc_3: 0.5504  Mult_acc_5: 0.2807  F1_score: 0.6732  MAE: 0.5153  Corr: 0.5542  Loss: 0.5439 
2025-12-28 18:34:44,610 - MMSA [INFO] - TRAIN-(msalm) [1/7/2] >> loss: 0.5082  Mult_acc_2: 0.6842  Mult_acc_3: 0.5768  Mult_acc_5: 0.3129  F1_score: 0.6965  MAE: 0.5010  Corr: 0.5532  clm loss: 3.9014 total loss: 5.9953 bn loss: 0.5074 av loss: 0.4982 text loss: 0.5801
2025-12-28 18:34:46,273 - MMSA [INFO] - VAL-(msalm) >>  Mult_acc_2: 0.7149  Mult_acc_3: 0.5855  Mult_acc_5: 0.3136  F1_score: 0.7252  MAE: 0.4844  Corr: 0.5630  Loss: 0.4969 
2025-12-28 18:34:55,033 - MMSA [INFO] - TRAIN-(msalm) [1/8/2] >> loss: 0.5034  Mult_acc_2: 0.6791  Mult_acc_3: 0.5636  Mult_acc_5: 0.2902  F1_score: 0.6916  MAE: 0.4950  Corr: 0.5739  clm loss: 3.7325 total loss: 5.8114 bn loss: 0.5124 av loss: 0.4895 text loss: 0.5736
2025-12-28 18:34:56,734 - MMSA [INFO] - VAL-(msalm) >>  Mult_acc_2: 0.7171  Mult_acc_3: 0.6228  Mult_acc_5: 0.3596  F1_score: 0.7260  MAE: 0.4673  Corr: 0.5670  Loss: 0.4954 
2025-12-28 18:35:05,599 - MMSA [INFO] - TRAIN-(msalm) [1/9/2] >> loss: 0.4751  Mult_acc_2: 0.7010  Mult_acc_3: 0.6075  Mult_acc_5: 0.3136  F1_score: 0.7127  MAE: 0.4651  Corr: 0.6194  clm loss: 3.6265 total loss: 5.656 bn loss: 0.5016 av loss: 0.4773 text loss: 0.5754
2025-12-28 18:35:07,243 - MMSA [INFO] - VAL-(msalm) >>  Mult_acc_2: 0.7039  Mult_acc_3: 0.5877  Mult_acc_5: 0.3136  F1_score: 0.7154  MAE: 0.4894  Corr: 0.5613  Loss: 0.5105 
2025-12-28 18:35:14,788 - MMSA [INFO] - TRAIN-(msalm) [2/10/2] >> loss: 0.4791  Mult_acc_2: 0.7032  Mult_acc_3: 0.6001  Mult_acc_5: 0.3268  F1_score: 0.7147  MAE: 0.4658  Corr: 0.6006  clm loss: 3.4722 total loss: 5.5246 bn loss: 0.5068 av loss: 0.4891 text loss: 0.5774
2025-12-28 18:35:16,458 - MMSA [INFO] - VAL-(msalm) >>  Mult_acc_2: 0.7018  Mult_acc_3: 0.5987  Mult_acc_5: 0.3311  F1_score: 0.7135  MAE: 0.4902  Corr: 0.5642  Loss: 0.5319 
2025-12-28 18:35:24,181 - MMSA [INFO] - TRAIN-(msalm) [3/11/2] >> loss: 0.4563  Mult_acc_2: 0.7164  Mult_acc_3: 0.6213  Mult_acc_5: 0.3501  F1_score: 0.7270  MAE: 0.4376  Corr: 0.6266  clm loss: 3.4364 total loss: 5.3899 bn loss: 0.4809 av loss: 0.4719 text loss: 0.5443
2025-12-28 18:35:25,890 - MMSA [INFO] - VAL-(msalm) >>  Mult_acc_2: 0.7325  Mult_acc_3: 0.6272  Mult_acc_5: 0.3575  F1_score: 0.7403  MAE: 0.4482  Corr: 0.5921  Loss: 0.4965 
2025-12-28 18:35:33,430 - MMSA [INFO] - TRAIN-(msalm) [4/12/2] >> loss: 0.4378  Mult_acc_2: 0.7325  Mult_acc_3: 0.6513  Mult_acc_5: 0.3553  F1_score: 0.7424  MAE: 0.4225  Corr: 0.6694  clm loss: 3.3895 total loss: 5.3232 bn loss: 0.4695 av loss: 0.4659 text loss: 0.5606
2025-12-28 18:35:35,059 - MMSA [INFO] - VAL-(msalm) >>  Mult_acc_2: 0.7237  Mult_acc_3: 0.6140  Mult_acc_5: 0.3575  F1_score: 0.7344  MAE: 0.4488  Corr: 0.6153  Loss: 0.4785 
2025-12-28 18:35:43,787 - MMSA [INFO] - TRAIN-(msalm) [1/13/2] >> loss: 0.4421  Mult_acc_2: 0.7405  Mult_acc_3: 0.6389  Mult_acc_5: 0.3604  F1_score: 0.7499  MAE: 0.4284  Corr: 0.6567  clm loss: 3.3318 total loss: 5.2533 bn loss: 0.4569 av loss: 0.4671 text loss: 0.5554
2025-12-28 18:35:45,505 - MMSA [INFO] - VAL-(msalm) >>  Mult_acc_2: 0.7325  Mult_acc_3: 0.6184  Mult_acc_5: 0.3421  F1_score: 0.7424  MAE: 0.4343  Corr: 0.6234  Loss: 0.4540 
2025-12-28 18:35:54,382 - MMSA [INFO] - TRAIN-(msalm) [1/14/2] >> loss: 0.4328  Mult_acc_2: 0.7522  Mult_acc_3: 0.6404  Mult_acc_5: 0.3713  F1_score: 0.7611  MAE: 0.4171  Corr: 0.6640  clm loss: 3.3483 total loss: 5.2625 bn loss: 0.4589 av loss: 0.4758 text loss: 0.5467
2025-12-28 18:35:56,072 - MMSA [INFO] - VAL-(msalm) >>  Mult_acc_2: 0.7390  Mult_acc_3: 0.6338  Mult_acc_5: 0.3794  F1_score: 0.7477  MAE: 0.4230  Corr: 0.6340  Loss: 0.4526 
2025-12-28 18:36:04,975 - MMSA [INFO] - TRAIN-(msalm) [1/15/2] >> loss: 0.4239  Mult_acc_2: 0.7544  Mult_acc_3: 0.6440  Mult_acc_5: 0.3772  F1_score: 0.7631  MAE: 0.4036  Corr: 0.6806  clm loss: 3.3372 total loss: 5.1972 bn loss: 0.4679 av loss: 0.4627 text loss: 0.5055
2025-12-28 18:36:06,782 - MMSA [INFO] - VAL-(msalm) >>  Mult_acc_2: 0.7039  Mult_acc_3: 0.6053  Mult_acc_5: 0.3618  F1_score: 0.7156  MAE: 0.4384  Corr: 0.6394  Loss: 0.4795 
2025-12-28 18:36:14,498 - MMSA [INFO] - TRAIN-(msalm) [2/16/2] >> loss: 0.414  Mult_acc_2: 0.7675  Mult_acc_3: 0.6718  Mult_acc_5: 0.3918  F1_score: 0.7754  MAE: 0.3952  Corr: 0.6975  clm loss: 3.2896 total loss: 5.1072 bn loss: 0.4514 av loss: 0.4625 text loss: 0.4896
2025-12-28 18:36:16,322 - MMSA [INFO] - VAL-(msalm) >>  Mult_acc_2: 0.6820  Mult_acc_3: 0.5702  Mult_acc_5: 0.3180  F1_score: 0.6943  MAE: 0.4589  Corr: 0.6392  Loss: 0.5020 
2025-12-28 18:36:24,180 - MMSA [INFO] - TRAIN-(msalm) [3/17/2] >> loss: 0.4137  Mult_acc_2: 0.7800  Mult_acc_3: 0.6711  Mult_acc_5: 0.3904  F1_score: 0.7867  MAE: 0.3941  Corr: 0.6964  clm loss: 3.2747 total loss: 5.0732 bn loss: 0.4393 av loss: 0.4701 text loss: 0.4754
2025-12-28 18:36:25,875 - MMSA [INFO] - VAL-(msalm) >>  Mult_acc_2: 0.7259  Mult_acc_3: 0.6096  Mult_acc_5: 0.3443  F1_score: 0.7364  MAE: 0.4341  Corr: 0.6332  Loss: 0.4641 
2025-12-28 18:36:33,667 - MMSA [INFO] - TRAIN-(msalm) [4/18/2] >> loss: 0.4023  Mult_acc_2: 0.7836  Mult_acc_3: 0.6674  Mult_acc_5: 0.3955  F1_score: 0.7897  MAE: 0.3888  Corr: 0.7002  clm loss: 3.2464 total loss: 5.0194 bn loss: 0.4367 av loss: 0.4642 text loss: 0.4698
2025-12-28 18:36:35,327 - MMSA [INFO] - VAL-(msalm) >>  Mult_acc_2: 0.7412  Mult_acc_3: 0.6272  Mult_acc_5: 0.3662  F1_score: 0.7502  MAE: 0.4215  Corr: 0.6375  Loss: 0.4586 
2025-12-28 18:36:42,995 - MMSA [INFO] - TRAIN-(msalm) [5/19/2] >> loss: 0.4038  Mult_acc_2: 0.7792  Mult_acc_3: 0.6798  Mult_acc_5: 0.4145  F1_score: 0.7859  MAE: 0.3869  Corr: 0.6975  clm loss: 3.239 total loss: 5.0071 bn loss: 0.4378 av loss: 0.4659 text loss: 0.4606
2025-12-28 18:36:44,650 - MMSA [INFO] - VAL-(msalm) >>  Mult_acc_2: 0.7215  Mult_acc_3: 0.6228  Mult_acc_5: 0.3794  F1_score: 0.7322  MAE: 0.4220  Corr: 0.6478  Loss: 0.4445 
2025-12-28 18:36:53,521 - MMSA [INFO] - TRAIN-(msalm) [1/20/2] >> loss: 0.3987  Mult_acc_2: 0.7902  Mult_acc_3: 0.6959  Mult_acc_5: 0.4115  F1_score: 0.7967  MAE: 0.3840  Corr: 0.7045  clm loss: 3.2331 total loss: 4.9568 bn loss: 0.4187 av loss: 0.4636 text loss: 0.4427
2025-12-28 18:36:55,170 - MMSA [INFO] - VAL-(msalm) >>  Mult_acc_2: 0.6623  Mult_acc_3: 0.5833  Mult_acc_5: 0.3333  F1_score: 0.6745  MAE: 0.4559  Corr: 0.6461  Loss: 0.4923 
2025-12-28 18:37:02,877 - MMSA [INFO] - TRAIN-(msalm) [2/21/2] >> loss: 0.3944  Mult_acc_2: 0.7887  Mult_acc_3: 0.6857  Mult_acc_5: 0.4189  F1_score: 0.7947  MAE: 0.3713  Corr: 0.7185  clm loss: 3.2003 total loss: 4.9313 bn loss: 0.4203 av loss: 0.4622 text loss: 0.4542
2025-12-28 18:37:04,601 - MMSA [INFO] - VAL-(msalm) >>  Mult_acc_2: 0.6776  Mult_acc_3: 0.6053  Mult_acc_5: 0.3465  F1_score: 0.6899  MAE: 0.4490  Corr: 0.6427  Loss: 0.4668 
2025-12-28 18:37:12,262 - MMSA [INFO] - TRAIN-(msalm) [3/22/2] >> loss: 0.3729  Mult_acc_2: 0.7953  Mult_acc_3: 0.7003  Mult_acc_5: 0.4386  F1_score: 0.8008  MAE: 0.3592  Corr: 0.7391  clm loss: 3.18 total loss: 4.8405 bn loss: 0.4099 av loss: 0.4562 text loss: 0.4216
2025-12-28 18:37:13,924 - MMSA [INFO] - VAL-(msalm) >>  Mult_acc_2: 0.6798  Mult_acc_3: 0.6009  Mult_acc_5: 0.3465  F1_score: 0.6921  MAE: 0.4484  Corr: 0.6444  Loss: 0.4742 
2025-12-28 18:37:21,678 - MMSA [INFO] - TRAIN-(msalm) [4/23/2] >> loss: 0.3717  Mult_acc_2: 0.8019  Mult_acc_3: 0.6959  Mult_acc_5: 0.4167  F1_score: 0.8071  MAE: 0.3576  Corr: 0.7415  clm loss: 3.1796 total loss: 4.844 bn loss: 0.3972 av loss: 0.4576 text loss: 0.4379
2025-12-28 18:37:23,376 - MMSA [INFO] - VAL-(msalm) >>  Mult_acc_2: 0.6952  Mult_acc_3: 0.6206  Mult_acc_5: 0.3662  F1_score: 0.7072  MAE: 0.4357  Corr: 0.6468  Loss: 0.4588 
2025-12-28 18:37:31,043 - MMSA [INFO] - TRAIN-(msalm) [5/24/2] >> loss: 0.3717  Mult_acc_2: 0.8012  Mult_acc_3: 0.6901  Mult_acc_5: 0.4306  F1_score: 0.8064  MAE: 0.3504  Corr: 0.7473  clm loss: 3.1547 total loss: 4.8095 bn loss: 0.4015 av loss: 0.4585 text loss: 0.4232
2025-12-28 18:37:32,723 - MMSA [INFO] - VAL-(msalm) >>  Mult_acc_2: 0.7325  Mult_acc_3: 0.6447  Mult_acc_5: 0.4101  F1_score: 0.7425  MAE: 0.4151  Corr: 0.6467  Loss: 0.4485 
2025-12-28 18:37:40,424 - MMSA [INFO] - TRAIN-(msalm) [6/25/2] >> loss: 0.3636  Mult_acc_2: 0.7931  Mult_acc_3: 0.6981  Mult_acc_5: 0.4444  F1_score: 0.7987  MAE: 0.3430  Corr: 0.7555  clm loss: 3.1525 total loss: 4.7555 bn loss: 0.3947 av loss: 0.4502 text loss: 0.3945
2025-12-28 18:37:42,422 - MMSA [INFO] - VAL-(msalm) >>  Mult_acc_2: 0.7588  Mult_acc_3: 0.6557  Mult_acc_5: 0.4013  F1_score: 0.7665  MAE: 0.4067  Corr: 0.6546  Loss: 0.4345 
2025-12-28 18:37:51,307 - MMSA [INFO] - TRAIN-(msalm) [1/26/2] >> loss: 0.3626  Mult_acc_2: 0.8209  Mult_acc_3: 0.7230  Mult_acc_5: 0.4576  F1_score: 0.8252  MAE: 0.3452  Corr: 0.7567  clm loss: 3.1082 total loss: 4.7169 bn loss: 0.3865 av loss: 0.4602 text loss: 0.3994
2025-12-28 18:37:52,989 - MMSA [INFO] - VAL-(msalm) >>  Mult_acc_2: 0.7566  Mult_acc_3: 0.6557  Mult_acc_5: 0.3947  F1_score: 0.7642  MAE: 0.4098  Corr: 0.6528  Loss: 0.4317 
2025-12-28 18:38:01,847 - MMSA [INFO] - TRAIN-(msalm) [1/27/2] >> loss: 0.3503  Mult_acc_2: 0.8202  Mult_acc_3: 0.7237  Mult_acc_5: 0.4284  F1_score: 0.8238  MAE: 0.3368  Corr: 0.7752  clm loss: 3.1017 total loss: 4.6877 bn loss: 0.3763 av loss: 0.4537 text loss: 0.4057
2025-12-28 18:38:03,579 - MMSA [INFO] - VAL-(msalm) >>  Mult_acc_2: 0.7434  Mult_acc_3: 0.6535  Mult_acc_5: 0.3904  F1_score: 0.7528  MAE: 0.4136  Corr: 0.6564  Loss: 0.4251 
2025-12-28 18:38:12,456 - MMSA [INFO] - TRAIN-(msalm) [1/28/2] >> loss: 0.3352  Mult_acc_2: 0.8209  Mult_acc_3: 0.7281  Mult_acc_5: 0.4620  F1_score: 0.8247  MAE: 0.3194  Corr: 0.7917  clm loss: 3.124 total loss: 4.6858 bn loss: 0.3657 av loss: 0.4507 text loss: 0.4102
2025-12-28 18:38:14,128 - MMSA [INFO] - VAL-(msalm) >>  Mult_acc_2: 0.7303  Mult_acc_3: 0.6513  Mult_acc_5: 0.4145  F1_score: 0.7405  MAE: 0.4120  Corr: 0.6571  Loss: 0.4437 
2025-12-28 18:38:21,874 - MMSA [INFO] - TRAIN-(msalm) [2/29/2] >> loss: 0.337  Mult_acc_2: 0.8107  Mult_acc_3: 0.7076  Mult_acc_5: 0.4868  F1_score: 0.8151  MAE: 0.3201  Corr: 0.7797  clm loss: 3.0822 total loss: 4.6696 bn loss: 0.3784 av loss: 0.4598 text loss: 0.4122
2025-12-28 18:38:23,536 - MMSA [INFO] - VAL-(msalm) >>  Mult_acc_2: 0.7390  Mult_acc_3: 0.6447  Mult_acc_5: 0.3947  F1_score: 0.7489  MAE: 0.4140  Corr: 0.6526  Loss: 0.4400 
2025-12-28 18:38:31,239 - MMSA [INFO] - TRAIN-(msalm) [3/30/2] >> loss: 0.3468  Mult_acc_2: 0.8238  Mult_acc_3: 0.7083  Mult_acc_5: 0.4481  F1_score: 0.8274  MAE: 0.3308  Corr: 0.7782  clm loss: 3.0918 total loss: 4.6872 bn loss: 0.4015 av loss: 0.462 text loss: 0.3851
2025-12-28 18:38:32,892 - MMSA [INFO] - VAL-(msalm) >>  Mult_acc_2: 0.7763  Mult_acc_3: 0.6689  Mult_acc_5: 0.4079  F1_score: 0.7819  MAE: 0.3978  Corr: 0.6542  Loss: 0.4161 
2025-12-28 18:38:41,815 - MMSA [INFO] - TRAIN-(msalm) [1/31/2] >> loss: 0.329  Mult_acc_2: 0.8385  Mult_acc_3: 0.7427  Mult_acc_5: 0.4912  F1_score: 0.8420  MAE: 0.3101  Corr: 0.7952  clm loss: 3.0514 total loss: 4.5729 bn loss: 0.3684 av loss: 0.4537 text loss: 0.3703
2025-12-28 18:38:43,490 - MMSA [INFO] - VAL-(msalm) >>  Mult_acc_2: 0.7763  Mult_acc_3: 0.6557  Mult_acc_5: 0.4123  F1_score: 0.7814  MAE: 0.3930  Corr: 0.6533  Loss: 0.4122 
2025-12-28 18:38:52,373 - MMSA [INFO] - TRAIN-(msalm) [1/32/2] >> loss: 0.3399  Mult_acc_2: 0.8282  Mult_acc_3: 0.7171  Mult_acc_5: 0.4591  F1_score: 0.8313  MAE: 0.3207  Corr: 0.7858  clm loss: 3.0325 total loss: 4.5723 bn loss: 0.3524 av loss: 0.4618 text loss: 0.3857
2025-12-28 18:38:54,025 - MMSA [INFO] - VAL-(msalm) >>  Mult_acc_2: 0.7851  Mult_acc_3: 0.6623  Mult_acc_5: 0.4079  F1_score: 0.7897  MAE: 0.3971  Corr: 0.6553  Loss: 0.4142 
2025-12-28 18:39:01,887 - MMSA [INFO] - TRAIN-(msalm) [2/33/2] >> loss: 0.316  Mult_acc_2: 0.8275  Mult_acc_3: 0.7420  Mult_acc_5: 0.4759  F1_score: 0.8311  MAE: 0.3011  Corr: 0.8097  clm loss: 3.0416 total loss: 4.5356 bn loss: 0.3516 av loss: 0.4551 text loss: 0.3714
2025-12-28 18:39:03,549 - MMSA [INFO] - VAL-(msalm) >>  Mult_acc_2: 0.7939  Mult_acc_3: 0.6689  Mult_acc_5: 0.4189  F1_score: 0.7974  MAE: 0.3956  Corr: 0.6578  Loss: 0.4168 
2025-12-28 18:39:11,272 - MMSA [INFO] - TRAIN-(msalm) [3/34/2] >> loss: 0.3154  Mult_acc_2: 0.8333  Mult_acc_3: 0.7471  Mult_acc_5: 0.4876  F1_score: 0.8369  MAE: 0.3000  Corr: 0.8111  clm loss: 3.0129 total loss: 4.4952 bn loss: 0.3496 av loss: 0.4572 text loss: 0.3601
2025-12-28 18:39:12,938 - MMSA [INFO] - VAL-(msalm) >>  Mult_acc_2: 0.7917  Mult_acc_3: 0.6623  Mult_acc_5: 0.3947  F1_score: 0.7954  MAE: 0.4015  Corr: 0.6517  Loss: 0.4092 
2025-12-28 18:39:21,845 - MMSA [INFO] - TRAIN-(msalm) [1/35/2] >> loss: 0.3157  Mult_acc_2: 0.8465  Mult_acc_3: 0.7434  Mult_acc_5: 0.4934  F1_score: 0.8493  MAE: 0.3025  Corr: 0.8088  clm loss: 3.0113 total loss: 4.5074 bn loss: 0.3535 av loss: 0.4639 text loss: 0.363
2025-12-28 18:39:23,497 - MMSA [INFO] - VAL-(msalm) >>  Mult_acc_2: 0.7939  Mult_acc_3: 0.6776  Mult_acc_5: 0.4276  F1_score: 0.7961  MAE: 0.3951  Corr: 0.6547  Loss: 0.4084 
2025-12-28 18:39:32,339 - MMSA [INFO] - TRAIN-(msalm) [1/36/2] >> loss: 0.2994  Mult_acc_2: 0.8487  Mult_acc_3: 0.7632  Mult_acc_5: 0.5300  F1_score: 0.8514  MAE: 0.2818  Corr: 0.8342  clm loss: 2.98 total loss: 4.4303 bn loss: 0.3458 av loss: 0.4496 text loss: 0.3556
2025-12-28 18:39:34,072 - MMSA [INFO] - VAL-(msalm) >>  Mult_acc_2: 0.7961  Mult_acc_3: 0.6645  Mult_acc_5: 0.3904  F1_score: 0.7997  MAE: 0.3976  Corr: 0.6577  Loss: 0.4073 
2025-12-28 18:39:42,917 - MMSA [INFO] - TRAIN-(msalm) [1/37/2] >> loss: 0.3051  Mult_acc_2: 0.8487  Mult_acc_3: 0.7632  Mult_acc_5: 0.5241  F1_score: 0.8515  MAE: 0.2893  Corr: 0.8267  clm loss: 2.9718 total loss: 4.418 bn loss: 0.3329 av loss: 0.4574 text loss: 0.3508
2025-12-28 18:39:44,598 - MMSA [INFO] - VAL-(msalm) >>  Mult_acc_2: 0.7982  Mult_acc_3: 0.6689  Mult_acc_5: 0.4101  F1_score: 0.8017  MAE: 0.3952  Corr: 0.6543  Loss: 0.4108 
2025-12-28 18:39:52,266 - MMSA [INFO] - TRAIN-(msalm) [2/38/2] >> loss: 0.2855  Mult_acc_2: 0.8494  Mult_acc_3: 0.7646  Mult_acc_5: 0.5541  F1_score: 0.8524  MAE: 0.2685  Corr: 0.8435  clm loss: 2.9674 total loss: 4.378 bn loss: 0.324 av loss: 0.4494 text loss: 0.3517
2025-12-28 18:39:53,936 - MMSA [INFO] - VAL-(msalm) >>  Mult_acc_2: 0.7895  Mult_acc_3: 0.6645  Mult_acc_5: 0.4123  F1_score: 0.7940  MAE: 0.3962  Corr: 0.6530  Loss: 0.4218 
2025-12-28 18:40:01,627 - MMSA [INFO] - TRAIN-(msalm) [3/39/2] >> loss: 0.2951  Mult_acc_2: 0.8377  Mult_acc_3: 0.7588  Mult_acc_5: 0.5249  F1_score: 0.8419  MAE: 0.2791  Corr: 0.8370  clm loss: 2.9757 total loss: 4.3659 bn loss: 0.3177 av loss: 0.4476 text loss: 0.3297
2025-12-28 18:40:03,360 - MMSA [INFO] - VAL-(msalm) >>  Mult_acc_2: 0.7851  Mult_acc_3: 0.6732  Mult_acc_5: 0.4079  F1_score: 0.7900  MAE: 0.3975  Corr: 0.6514  Loss: 0.4127 
2025-12-28 18:40:11,034 - MMSA [INFO] - TRAIN-(msalm) [4/40/2] >> loss: 0.2882  Mult_acc_2: 0.8538  Mult_acc_3: 0.7595  Mult_acc_5: 0.5329  F1_score: 0.8573  MAE: 0.2721  Corr: 0.8409  clm loss: 2.9502 total loss: 4.3336 bn loss: 0.3146 av loss: 0.4547 text loss: 0.3259
2025-12-28 18:40:12,964 - MMSA [INFO] - VAL-(msalm) >>  Mult_acc_2: 0.7675  Mult_acc_3: 0.6623  Mult_acc_5: 0.4189  F1_score: 0.7748  MAE: 0.4007  Corr: 0.6483  Loss: 0.4199 
2025-12-28 18:40:20,705 - MMSA [INFO] - TRAIN-(msalm) [5/41/2] >> loss: 0.2983  Mult_acc_2: 0.8348  Mult_acc_3: 0.7602  Mult_acc_5: 0.5234  F1_score: 0.8384  MAE: 0.2808  Corr: 0.8272  clm loss: 2.9222 total loss: 4.3422 bn loss: 0.3238 av loss: 0.4586 text loss: 0.3392
2025-12-28 18:40:22,399 - MMSA [INFO] - VAL-(msalm) >>  Mult_acc_2: 0.7654  Mult_acc_3: 0.6754  Mult_acc_5: 0.4101  F1_score: 0.7733  MAE: 0.4109  Corr: 0.6430  Loss: 0.4220 
2025-12-28 18:40:30,118 - MMSA [INFO] - TRAIN-(msalm) [6/42/2] >> loss: 0.2818  Mult_acc_2: 0.8487  Mult_acc_3: 0.7632  Mult_acc_5: 0.5439  F1_score: 0.8512  MAE: 0.2676  Corr: 0.8446  clm loss: 2.9247 total loss: 4.303 bn loss: 0.3202 av loss: 0.4485 text loss: 0.3278
2025-12-28 18:40:31,820 - MMSA [INFO] - VAL-(msalm) >>  Mult_acc_2: 0.7807  Mult_acc_3: 0.6776  Mult_acc_5: 0.4189  F1_score: 0.7867  MAE: 0.3984  Corr: 0.6499  Loss: 0.4134 
2025-12-28 18:40:39,517 - MMSA [INFO] - TRAIN-(msalm) [7/43/2] >> loss: 0.2764  Mult_acc_2: 0.8501  Mult_acc_3: 0.7836  Mult_acc_5: 0.5541  F1_score: 0.8537  MAE: 0.2587  Corr: 0.8587  clm loss: 2.9374 total loss: 4.3125 bn loss: 0.3104 av loss: 0.4508 text loss: 0.3375
2025-12-28 18:40:41,208 - MMSA [INFO] - VAL-(msalm) >>  Mult_acc_2: 0.7829  Mult_acc_3: 0.6754  Mult_acc_5: 0.4298  F1_score: 0.7893  MAE: 0.3973  Corr: 0.6512  Loss: 0.4154 
2025-12-28 18:40:48,903 - MMSA [INFO] - TRAIN-(msalm) [8/44/2] >> loss: 0.2722  Mult_acc_2: 0.8516  Mult_acc_3: 0.7785  Mult_acc_5: 0.5665  F1_score: 0.8554  MAE: 0.2553  Corr: 0.8585  clm loss: 2.9011 total loss: 4.2491 bn loss: 0.3025 av loss: 0.4508 text loss: 0.3226
2025-12-28 18:40:50,560 - MMSA [INFO] - VAL-(msalm) >>  Mult_acc_2: 0.7873  Mult_acc_3: 0.6711  Mult_acc_5: 0.4035  F1_score: 0.7927  MAE: 0.4003  Corr: 0.6511  Loss: 0.4083 
2025-12-28 18:40:58,245 - MMSA [INFO] - TRAIN-(msalm) [9/45/2] >> loss: 0.2621  Mult_acc_2: 0.8692  Mult_acc_3: 0.7880  Mult_acc_5: 0.5819  F1_score: 0.8719  MAE: 0.2455  Corr: 0.8702  clm loss: 2.8624 total loss: 4.1761 bn loss: 0.2923 av loss: 0.4517 text loss: 0.3076
2025-12-28 18:40:59,954 - MMSA [INFO] - VAL-(msalm) >>  Mult_acc_2: 0.7785  Mult_acc_3: 0.6732  Mult_acc_5: 0.4057  F1_score: 0.7844  MAE: 0.4006  Corr: 0.6555  Loss: 0.4053 
2025-12-28 18:41:08,820 - MMSA [INFO] - TRAIN-(msalm) [1/46/2] >> loss: 0.2747  Mult_acc_2: 0.8494  Mult_acc_3: 0.7763  Mult_acc_5: 0.5680  F1_score: 0.8525  MAE: 0.2589  Corr: 0.8560  clm loss: 2.8771 total loss: 4.203 bn loss: 0.2943 av loss: 0.4515 text loss: 0.3055
2025-12-28 18:41:10,483 - MMSA [INFO] - VAL-(msalm) >>  Mult_acc_2: 0.7719  Mult_acc_3: 0.6689  Mult_acc_5: 0.4123  F1_score: 0.7781  MAE: 0.4022  Corr: 0.6503  Loss: 0.4153 
2025-12-28 18:41:18,202 - MMSA [INFO] - TRAIN-(msalm) [2/47/2] >> loss: 0.2715  Mult_acc_2: 0.8494  Mult_acc_3: 0.7602  Mult_acc_5: 0.5607  F1_score: 0.8518  MAE: 0.2550  Corr: 0.8610  clm loss: 2.8541 total loss: 4.1798 bn loss: 0.2904 av loss: 0.456 text loss: 0.3078
2025-12-28 18:41:19,943 - MMSA [INFO] - VAL-(msalm) >>  Mult_acc_2: 0.8026  Mult_acc_3: 0.6711  Mult_acc_5: 0.4079  F1_score: 0.8060  MAE: 0.4003  Corr: 0.6505  Loss: 0.4130 
2025-12-28 18:41:27,822 - MMSA [INFO] - TRAIN-(msalm) [3/48/2] >> loss: 0.2467  Mult_acc_2: 0.8721  Mult_acc_3: 0.7865  Mult_acc_5: 0.5782  F1_score: 0.8745  MAE: 0.2325  Corr: 0.8845  clm loss: 2.8332 total loss: 4.1057 bn loss: 0.2803 av loss: 0.4529 text loss: 0.2926
2025-12-28 18:41:29,534 - MMSA [INFO] - VAL-(msalm) >>  Mult_acc_2: 0.7939  Mult_acc_3: 0.6645  Mult_acc_5: 0.4145  F1_score: 0.7980  MAE: 0.3983  Corr: 0.6537  Loss: 0.4147 
2025-12-28 18:41:37,224 - MMSA [INFO] - TRAIN-(msalm) [4/49/2] >> loss: 0.2444  Mult_acc_2: 0.8684  Mult_acc_3: 0.7953  Mult_acc_5: 0.6009  F1_score: 0.8714  MAE: 0.2312  Corr: 0.8859  clm loss: 2.8418 total loss: 4.1194 bn loss: 0.2837 av loss: 0.4536 text loss: 0.2959
2025-12-28 18:41:38,912 - MMSA [INFO] - VAL-(msalm) >>  Mult_acc_2: 0.7939  Mult_acc_3: 0.6754  Mult_acc_5: 0.4057  F1_score: 0.7971  MAE: 0.3949  Corr: 0.6592  Loss: 0.4091 
