2026-01-25 11:52:56,719 - MMSA [INFO] - ======================================== Program Start ========================================
2026-01-25 11:52:56,794 - MMSA [INFO] - Running with args:
2026-01-25 11:52:56,794 - MMSA [INFO] - {'model_name': 'msalm', 'dataset_name': 'sims', 'featurePath': '/leonardo_work/EUHPC_A04_051/alexfil/MSA-Datasets/CH-SIMS/unaligned_39.pkl', 'seq_lens': [39, 400, 55], 'feature_dims': [768, 33, 709], 'train_samples': 1368, 'num_classes': 3, 'language': 'cn', 'KeyEval': 'Loss', 'missing_rate': [0.0, 0.0, 0.0], 'missing_seed': [1111, 1111, 1111], 'need_data_aligned': False, 'need_model_aligned': False, 'early_stop': 10, 'use_bert': False, 'use_bert_finetune': False, 'attn_mask': True, 'excludeZero': True, 'update_epochs': 8, 'use_augmentation': False, 'use_m3xup': False, 'hfPath': False, 'use_ulgm': False, 'update_labels_patience': 1, 'H': 3.0, 'del_model': True, 'max_token_len': 39, 'pad_token': '<|endoftext|>', 'lm': '/leonardo_work/EUHPC_A04_051/alexfil/gpt2-chinese-cluecorpussmall', 'use_bf16': False, 'task_out': 1, 'use_clm': True, 'gamma': 1.0, 'l_bn': 1.0, 'l_av': 1.0, 'l_t': 1.0, 'warmup_epochs': 1, 'max_epochs': 100, 'beta_1': 0.9, 'beta_2': 0.95, 'use_lnorm': True, 'rescale': False, 'rescaler': 'sqrt', 'use_seqaug': True, 'n_bn_fusion': 16, 'modded_loss': True, 'embedding_attr_name': 'transformer.wte', 'decoder_layers_attr_name': 'transformer.h', 'mmgpt': {'type': 'gpt2', 'd_out': 64, 'combine': True, 'dropout': 0.1, 'mm_layer': [5, 6, 7, 8, 9, 10, 11], 'top_k': 3, 'layer_dropout': 0.0, 'dense': True, 'tie_ffn': True, 'n_embd': 768, 'bias': True, 'kv_dim': 30, 'n_head': 16, 'd_mm': 768, 'gating': 'sigmoid', 'init_gate': [0.0, 0.0, 0.0, 0.0, 0.0, 0.0, 0.0, 0.0, 0.0, 0.0], 'use_softperm': True, 'p_perm': 0.3, 'p_apply': 0.25, 'use_lora': False, 'lora': {'lora_alpha': 128, 'r': 64, 'lora_dropout': 0.05}}, 'av_enc': {'finetune': True, 'from_pretrained': True, 'path_to_pretrained': '/leonardo_work/EUHPC_A04_051/alexfil/DeepMLF-Reprod/checkpoints/bienc-sims-1990/bienc-sims-1990.pth', 'feature_dims': [768, 33, 709], 'd_enc': 30, 'n_embd': 30, 'n_head': 6, 'nlevels': 3, 'd_enc_out': 30, 'maxlen': 55, 'p_mask': 0.15, 'enc_attn_dropout': 0.1, 'enc_res_dropout': 0.1, 'enc_dropout': 0.1, 'use_softperm': True, 'p_perm': 0.2, 'mask_perm_ratio': 0.5, 'tf_fusion': False, 'use_bn': True, 'use_ln': False}, 'gpt': {'vocab_size': 50257, 'block_size': 1024, 'bias': True, 'n_embd': 1024, 'n_layer': 24, 'n_head': 16, 'dropout': 0.0}, 'batch_size': 32, 'grad_clip': 5.0, 'patience': 10, 'weight_decay_mmgpt': 0.1, 'weight_decay_av': 0.1, 'learning_rate_av': 0.0002, 'learning_rate_mmgpt': 0.0002, 'device': device(type='cuda', index=0), 'train_mode': 'regression', 'custom_feature': None, 'feature_T': '', 'feature_A': '', 'feature_V': ''}
2026-01-25 11:52:56,794 - MMSA [INFO] - Seeds: [1990, 1991, 1992, 1993, 1994]
2026-01-25 11:52:56,795 - MMSA [INFO] - ------------------------------ Running with seed 1990 [1/5] ------------------------------
2026-01-25 11:54:18,356 - MMSA [INFO] - The model has 173502892 trainable parameters
2026-01-25 12:04:58,902 - MMSA [INFO] - ======================================== Program Start ========================================
2026-01-25 12:04:59,019 - MMSA [INFO] - Running with args:
2026-01-25 12:04:59,019 - MMSA [INFO] - {'model_name': 'msalm', 'dataset_name': 'sims', 'featurePath': '/leonardo_work/EUHPC_A04_051/alexfil/MSA-Datasets/CH-SIMS/unaligned_39.pkl', 'seq_lens': [39, 400, 55], 'feature_dims': [768, 33, 709], 'train_samples': 1368, 'num_classes': 3, 'language': 'cn', 'KeyEval': 'Loss', 'missing_rate': [0.0, 0.0, 0.0], 'missing_seed': [1111, 1111, 1111], 'need_data_aligned': False, 'need_model_aligned': False, 'early_stop': 10, 'use_bert': False, 'use_bert_finetune': False, 'attn_mask': True, 'excludeZero': True, 'update_epochs': 8, 'use_augmentation': False, 'use_m3xup': False, 'hfPath': False, 'use_ulgm': False, 'update_labels_patience': 1, 'H': 3.0, 'del_model': True, 'max_token_len': 39, 'pad_token': '<|endoftext|>', 'lm': '/leonardo_work/EUHPC_A04_051/alexfil/gpt2-chinese-cluecorpussmall', 'use_bf16': False, 'task_out': 1, 'use_clm': True, 'gamma': 1.0, 'l_bn': 1.0, 'l_av': 1.0, 'l_t': 1.0, 'warmup_epochs': 1, 'max_epochs': 100, 'beta_1': 0.9, 'beta_2': 0.95, 'use_lnorm': True, 'rescale': False, 'rescaler': 'sqrt', 'use_seqaug': True, 'n_bn_fusion': 16, 'modded_loss': True, 'embedding_attr_name': 'transformer.wte', 'decoder_layers_attr_name': 'transformer.h', 'mmgpt': {'type': 'gpt2', 'd_out': 64, 'combine': True, 'dropout': 0.1, 'mm_layer': [5, 6, 7, 8, 9, 10, 11], 'top_k': 3, 'layer_dropout': 0.0, 'dense': True, 'tie_ffn': True, 'n_embd': 768, 'bias': True, 'kv_dim': 30, 'n_head': 16, 'd_mm': 768, 'gating': 'sigmoid', 'init_gate': [0.0, 0.0, 0.0, 0.0, 0.0, 0.0, 0.0, 0.0, 0.0, 0.0], 'use_softperm': True, 'p_perm': 0.3, 'p_apply': 0.25, 'use_lora': False, 'lora': {'lora_alpha': 128, 'r': 64, 'lora_dropout': 0.05}}, 'av_enc': {'finetune': True, 'from_pretrained': True, 'path_to_pretrained': '/leonardo_work/EUHPC_A04_051/alexfil/DeepMLF-Reprod/checkpoints/bienc-sims-1990/bienc-sims-1990.pth', 'feature_dims': [768, 33, 709], 'd_enc': 30, 'n_embd': 30, 'n_head': 6, 'nlevels': 3, 'd_enc_out': 30, 'maxlen': 55, 'p_mask': 0.15, 'enc_attn_dropout': 0.1, 'enc_res_dropout': 0.1, 'enc_dropout': 0.1, 'use_softperm': True, 'p_perm': 0.2, 'mask_perm_ratio': 0.5, 'tf_fusion': False, 'use_bn': True, 'use_ln': False}, 'gpt': {'vocab_size': 50257, 'block_size': 1024, 'bias': True, 'n_embd': 1024, 'n_layer': 24, 'n_head': 16, 'dropout': 0.0}, 'batch_size': 32, 'grad_clip': 5.0, 'patience': 10, 'weight_decay_mmgpt': 0.1, 'weight_decay_av': 0.1, 'learning_rate_av': 0.0002, 'learning_rate_mmgpt': 0.0002, 'device': device(type='cuda', index=0), 'train_mode': 'regression', 'custom_feature': None, 'feature_T': '', 'feature_A': '', 'feature_V': ''}
2026-01-25 12:04:59,019 - MMSA [INFO] - Seeds: [1990, 1991, 1992, 1993, 1994]
2026-01-25 12:04:59,020 - MMSA [INFO] - ------------------------------ Running with seed 1990 [1/5] ------------------------------
2026-01-25 12:06:23,332 - MMSA [INFO] - The model has 173502892 trainable parameters
2026-01-25 12:06:34,126 - MMSA [INFO] - TRAIN-(msalm) [1/1/1] >> loss: 0.6513  Mult_acc_2: 0.5270  Mult_acc_3: 0.3830  Mult_acc_5: 0.1754  F1_score: 0.5425  MAE: 0.6513  Corr: 0.0130  clm loss: 7.7478 total loss: 11.4092 bn loss: 1.0228 av loss: 0.6443 text loss: 1.343
2026-01-25 12:06:35,970 - MMSA [INFO] - VAL-(msalm) >>  Mult_acc_2: 0.6864  Mult_acc_3: 0.5219  Mult_acc_5: 0.2434  F1_score: 0.6665  MAE: 0.5700  Corr: 0.2363  Loss: 0.5740 
2026-01-25 12:06:46,365 - MMSA [INFO] - TRAIN-(msalm) [1/2/1] >> loss: 0.5705  Mult_acc_2: 0.6374  Mult_acc_3: 0.4920  Mult_acc_5: 0.2237  F1_score: 0.6493  MAE: 0.5708  Corr: 0.2969  clm loss: 6.6878 total loss: 9.9596 bn loss: 0.7836 av loss: 0.6048 text loss: 1.3129
2026-01-25 12:06:48,181 - MMSA [INFO] - VAL-(msalm) >>  Mult_acc_2: 0.7083  Mult_acc_3: 0.5833  Mult_acc_5: 0.2961  F1_score: 0.7098  MAE: 0.4935  Corr: 0.4988  Loss: 0.4923 
2026-01-25 12:06:58,398 - MMSA [INFO] - TRAIN-(msalm) [1/3/1] >> loss: 0.511  Mult_acc_2: 0.6944  Mult_acc_3: 0.5877  Mult_acc_5: 0.3092  F1_score: 0.7039  MAE: 0.4987  Corr: 0.4931  clm loss: 5.6867 total loss: 8.3568 bn loss: 0.6498 av loss: 0.5604 text loss: 0.949
2026-01-25 12:07:00,241 - MMSA [INFO] - VAL-(msalm) >>  Mult_acc_2: 0.6974  Mult_acc_3: 0.5899  Mult_acc_5: 0.3289  F1_score: 0.7081  MAE: 0.5060  Corr: 0.5174  Loss: 0.5264 
2026-01-25 12:07:09,415 - MMSA [INFO] - TRAIN-(msalm) [2/4/1] >> loss: 0.501  Mult_acc_2: 0.7105  Mult_acc_3: 0.6023  Mult_acc_5: 0.3355  F1_score: 0.7191  MAE: 0.4812  Corr: 0.5297  clm loss: 4.976 total loss: 7.4207 bn loss: 0.5975 av loss: 0.536 text loss: 0.8101
2026-01-25 12:07:11,138 - MMSA [INFO] - VAL-(msalm) >>  Mult_acc_2: 0.6689  Mult_acc_3: 0.5680  Mult_acc_5: 0.2917  F1_score: 0.6818  MAE: 0.4960  Corr: 0.5405  Loss: 0.5263 
2026-01-25 12:07:20,235 - MMSA [INFO] - TRAIN-(msalm) [3/5/1] >> loss: 0.4832  Mult_acc_2: 0.7456  Mult_acc_3: 0.6316  Mult_acc_5: 0.3421  F1_score: 0.7512  MAE: 0.4686  Corr: 0.5549  clm loss: 4.4134 total loss: 6.6376 bn loss: 0.5484 av loss: 0.5108 text loss: 0.6818
2026-01-25 12:07:22,016 - MMSA [INFO] - VAL-(msalm) >>  Mult_acc_2: 0.6206  Mult_acc_3: 0.5307  Mult_acc_5: 0.2982  F1_score: 0.6323  MAE: 0.5314  Corr: 0.5369  Loss: 0.5589 
2026-01-25 12:07:31,278 - MMSA [INFO] - TRAIN-(msalm) [4/6/1] >> loss: 0.4679  Mult_acc_2: 0.7449  Mult_acc_3: 0.6308  Mult_acc_5: 0.3509  F1_score: 0.7489  MAE: 0.4523  Corr: 0.5801  clm loss: 4.0817 total loss: 6.1942 bn loss: 0.5176 av loss: 0.4933 text loss: 0.6337
2026-01-25 12:07:33,091 - MMSA [INFO] - VAL-(msalm) >>  Mult_acc_2: 0.6820  Mult_acc_3: 0.5636  Mult_acc_5: 0.3070  F1_score: 0.6934  MAE: 0.4799  Corr: 0.5423  Loss: 0.5040 
2026-01-25 12:07:42,236 - MMSA [INFO] - TRAIN-(msalm) [5/7/1] >> loss: 0.4612  Mult_acc_2: 0.7515  Mult_acc_3: 0.6287  Mult_acc_5: 0.3421  F1_score: 0.7547  MAE: 0.4504  Corr: 0.5790  clm loss: 3.9515 total loss: 6.0288 bn loss: 0.5116 av loss: 0.4846 text loss: 0.62
2026-01-25 12:07:43,999 - MMSA [INFO] - VAL-(msalm) >>  Mult_acc_2: 0.6952  Mult_acc_3: 0.5811  Mult_acc_5: 0.3114  F1_score: 0.7055  MAE: 0.4721  Corr: 0.5451  Loss: 0.4844 
2026-01-25 12:07:54,190 - MMSA [INFO] - TRAIN-(msalm) [1/8/1] >> loss: 0.4541  Mult_acc_2: 0.7507  Mult_acc_3: 0.6360  Mult_acc_5: 0.3370  F1_score: 0.7537  MAE: 0.4453  Corr: 0.5963  clm loss: 3.8084 total loss: 5.8186 bn loss: 0.4988 av loss: 0.475 text loss: 0.5822
2026-01-25 12:07:56,040 - MMSA [INFO] - VAL-(msalm) >>  Mult_acc_2: 0.7083  Mult_acc_3: 0.6096  Mult_acc_5: 0.3618  F1_score: 0.7132  MAE: 0.4529  Corr: 0.5616  Loss: 0.4926 
2026-01-25 12:08:05,171 - MMSA [INFO] - TRAIN-(msalm) [2/9/1] >> loss: 0.443  Mult_acc_2: 0.7654  Mult_acc_3: 0.6425  Mult_acc_5: 0.3743  F1_score: 0.7692  MAE: 0.4206  Corr: 0.6279  clm loss: 3.6374 total loss: 5.6271 bn loss: 0.5009 av loss: 0.4659 text loss: 0.5798
2026-01-25 12:08:06,986 - MMSA [INFO] - VAL-(msalm) >>  Mult_acc_2: 0.6974  Mult_acc_3: 0.6009  Mult_acc_5: 0.3443  F1_score: 0.7065  MAE: 0.4563  Corr: 0.5686  Loss: 0.4992 
2026-01-25 12:08:16,139 - MMSA [INFO] - TRAIN-(msalm) [3/10/1] >> loss: 0.4412  Mult_acc_2: 0.7544  Mult_acc_3: 0.6382  Mult_acc_5: 0.3713  F1_score: 0.7564  MAE: 0.4252  Corr: 0.6171  clm loss: 3.5016 total loss: 5.4912 bn loss: 0.4948 av loss: 0.477 text loss: 0.5767
2026-01-25 12:08:17,933 - MMSA [INFO] - VAL-(msalm) >>  Mult_acc_2: 0.7061  Mult_acc_3: 0.6096  Mult_acc_5: 0.3553  F1_score: 0.7124  MAE: 0.4308  Corr: 0.5949  Loss: 0.4403 
2026-01-25 12:08:28,825 - MMSA [INFO] - TRAIN-(msalm) [1/11/1] >> loss: 0.4185  Mult_acc_2: 0.7719  Mult_acc_3: 0.6594  Mult_acc_5: 0.3904  F1_score: 0.7735  MAE: 0.4083  Corr: 0.6449  clm loss: 3.3633 total loss: 5.2905 bn loss: 0.4809 av loss: 0.4643 text loss: 0.5636
2026-01-25 12:08:30,872 - MMSA [INFO] - VAL-(msalm) >>  Mult_acc_2: 0.7303  Mult_acc_3: 0.6272  Mult_acc_5: 0.3750  F1_score: 0.7347  MAE: 0.4164  Corr: 0.6216  Loss: 0.4279 
2026-01-25 12:08:41,101 - MMSA [INFO] - TRAIN-(msalm) [1/12/1] >> loss: 0.4243  Mult_acc_2: 0.7697  Mult_acc_3: 0.6491  Mult_acc_5: 0.3882  F1_score: 0.7722  MAE: 0.4105  Corr: 0.6433  clm loss: 3.3043 total loss: 5.201 bn loss: 0.4751 av loss: 0.4658 text loss: 0.5315
2026-01-25 12:08:42,884 - MMSA [INFO] - VAL-(msalm) >>  Mult_acc_2: 0.7434  Mult_acc_3: 0.6360  Mult_acc_5: 0.3838  F1_score: 0.7465  MAE: 0.4133  Corr: 0.6300  Loss: 0.4488 
2026-01-25 12:08:51,970 - MMSA [INFO] - TRAIN-(msalm) [2/13/1] >> loss: 0.4129  Mult_acc_2: 0.7931  Mult_acc_3: 0.6681  Mult_acc_5: 0.4167  F1_score: 0.7939  MAE: 0.3902  Corr: 0.6713  clm loss: 3.2193 total loss: 5.0771 bn loss: 0.4694 av loss: 0.4598 text loss: 0.5157
2026-01-25 12:08:53,838 - MMSA [INFO] - VAL-(msalm) >>  Mult_acc_2: 0.7390  Mult_acc_3: 0.6228  Mult_acc_5: 0.3575  F1_score: 0.7448  MAE: 0.4111  Corr: 0.6471  Loss: 0.4441 
2026-01-25 12:09:03,097 - MMSA [INFO] - TRAIN-(msalm) [3/14/1] >> loss: 0.4067  Mult_acc_2: 0.7712  Mult_acc_3: 0.6696  Mult_acc_5: 0.4006  F1_score: 0.7741  MAE: 0.3912  Corr: 0.6835  clm loss: 3.203 total loss: 5.0471 bn loss: 0.4659 av loss: 0.4576 text loss: 0.5138
2026-01-25 12:09:04,879 - MMSA [INFO] - VAL-(msalm) >>  Mult_acc_2: 0.7632  Mult_acc_3: 0.6491  Mult_acc_5: 0.4101  F1_score: 0.7645  MAE: 0.3981  Corr: 0.6462  Loss: 0.4425 
2026-01-25 12:09:14,077 - MMSA [INFO] - TRAIN-(msalm) [4/15/1] >> loss: 0.3993  Mult_acc_2: 0.7880  Mult_acc_3: 0.6893  Mult_acc_5: 0.4072  F1_score: 0.7903  MAE: 0.3799  Corr: 0.6975  clm loss: 3.1924 total loss: 5.0119 bn loss: 0.4587 av loss: 0.4573 text loss: 0.5042
2026-01-25 12:09:15,909 - MMSA [INFO] - VAL-(msalm) >>  Mult_acc_2: 0.7632  Mult_acc_3: 0.6667  Mult_acc_5: 0.4276  F1_score: 0.7650  MAE: 0.3956  Corr: 0.6482  Loss: 0.4372 
2026-01-25 12:09:25,084 - MMSA [INFO] - TRAIN-(msalm) [5/16/1] >> loss: 0.3866  Mult_acc_2: 0.8056  Mult_acc_3: 0.6857  Mult_acc_5: 0.4130  F1_score: 0.8084  MAE: 0.3690  Corr: 0.7069  clm loss: 3.1723 total loss: 4.9825 bn loss: 0.4507 av loss: 0.4643 text loss: 0.5086
2026-01-25 12:09:26,899 - MMSA [INFO] - VAL-(msalm) >>  Mult_acc_2: 0.7632  Mult_acc_3: 0.6623  Mult_acc_5: 0.3991  F1_score: 0.7679  MAE: 0.3917  Corr: 0.6623  Loss: 0.4066 
2026-01-25 12:09:37,068 - MMSA [INFO] - TRAIN-(msalm) [1/17/1] >> loss: 0.3706  Mult_acc_2: 0.8099  Mult_acc_3: 0.7135  Mult_acc_5: 0.4423  F1_score: 0.8131  MAE: 0.3592  Corr: 0.7325  clm loss: 3.136 total loss: 4.8912 bn loss: 0.4397 av loss: 0.4574 text loss: 0.4875
2026-01-25 12:09:38,872 - MMSA [INFO] - VAL-(msalm) >>  Mult_acc_2: 0.7807  Mult_acc_3: 0.6820  Mult_acc_5: 0.4496  F1_score: 0.7851  MAE: 0.3772  Corr: 0.6740  Loss: 0.4026 
2026-01-25 12:09:49,080 - MMSA [INFO] - TRAIN-(msalm) [1/18/1] >> loss: 0.3649  Mult_acc_2: 0.8260  Mult_acc_3: 0.7061  Mult_acc_5: 0.4379  F1_score: 0.8278  MAE: 0.3476  Corr: 0.7485  clm loss: 3.15 total loss: 4.8778 bn loss: 0.4227 av loss: 0.4575 text loss: 0.4828
2026-01-25 12:09:50,820 - MMSA [INFO] - VAL-(msalm) >>  Mult_acc_2: 0.7719  Mult_acc_3: 0.6820  Mult_acc_5: 0.4627  F1_score: 0.7752  MAE: 0.3766  Corr: 0.6735  Loss: 0.4196 
2026-01-25 12:09:59,943 - MMSA [INFO] - TRAIN-(msalm) [2/19/1] >> loss: 0.3617  Mult_acc_2: 0.8129  Mult_acc_3: 0.7208  Mult_acc_5: 0.4444  F1_score: 0.8158  MAE: 0.3444  Corr: 0.7522  clm loss: 3.1538 total loss: 4.8387 bn loss: 0.4058 av loss: 0.4517 text loss: 0.4656
2026-01-25 12:10:01,706 - MMSA [INFO] - VAL-(msalm) >>  Mult_acc_2: 0.7829  Mult_acc_3: 0.6820  Mult_acc_5: 0.4496  F1_score: 0.7843  MAE: 0.3827  Corr: 0.6620  Loss: 0.4135 
2026-01-25 12:10:10,842 - MMSA [INFO] - TRAIN-(msalm) [3/20/1] >> loss: 0.34  Mult_acc_2: 0.8289  Mult_acc_3: 0.7259  Mult_acc_5: 0.4737  F1_score: 0.8320  MAE: 0.3251  Corr: 0.7765  clm loss: 3.0986 total loss: 4.747 bn loss: 0.3988 av loss: 0.4504 text loss: 0.4591
2026-01-25 12:10:12,639 - MMSA [INFO] - VAL-(msalm) >>  Mult_acc_2: 0.7785  Mult_acc_3: 0.6623  Mult_acc_5: 0.4298  F1_score: 0.7815  MAE: 0.3861  Corr: 0.6548  Loss: 0.4270 
2026-01-25 12:10:21,728 - MMSA [INFO] - TRAIN-(msalm) [4/21/1] >> loss: 0.3436  Mult_acc_2: 0.8282  Mult_acc_3: 0.7295  Mult_acc_5: 0.4583  F1_score: 0.8300  MAE: 0.3277  Corr: 0.7711  clm loss: 3.0609 total loss: 4.7062 bn loss: 0.3856 av loss: 0.4522 text loss: 0.4639
2026-01-25 12:10:23,507 - MMSA [INFO] - VAL-(msalm) >>  Mult_acc_2: 0.7785  Mult_acc_3: 0.6469  Mult_acc_5: 0.4123  F1_score: 0.7825  MAE: 0.3853  Corr: 0.6634  Loss: 0.4046 
2026-01-25 12:10:32,775 - MMSA [INFO] - TRAIN-(msalm) [5/22/1] >> loss: 0.3435  Mult_acc_2: 0.8151  Mult_acc_3: 0.7164  Mult_acc_5: 0.4642  F1_score: 0.8181  MAE: 0.3287  Corr: 0.7704  clm loss: 3.0225 total loss: 4.6352 bn loss: 0.3826 av loss: 0.4585 text loss: 0.4282
2026-01-25 12:10:34,572 - MMSA [INFO] - VAL-(msalm) >>  Mult_acc_2: 0.7654  Mult_acc_3: 0.6513  Mult_acc_5: 0.4211  F1_score: 0.7725  MAE: 0.3874  Corr: 0.6652  Loss: 0.4186 
2026-01-25 12:10:43,665 - MMSA [INFO] - TRAIN-(msalm) [6/23/1] >> loss: 0.3247  Mult_acc_2: 0.8443  Mult_acc_3: 0.7463  Mult_acc_5: 0.4956  F1_score: 0.8474  MAE: 0.3064  Corr: 0.8025  clm loss: 2.9949 total loss: 4.5685 bn loss: 0.3638 av loss: 0.4595 text loss: 0.4256
2026-01-25 12:10:45,461 - MMSA [INFO] - VAL-(msalm) >>  Mult_acc_2: 0.7851  Mult_acc_3: 0.6601  Mult_acc_5: 0.3925  F1_score: 0.7863  MAE: 0.3875  Corr: 0.6691  Loss: 0.4104 
2026-01-25 12:10:54,561 - MMSA [INFO] - TRAIN-(msalm) [7/24/1] >> loss: 0.3292  Mult_acc_2: 0.8253  Mult_acc_3: 0.7442  Mult_acc_5: 0.4868  F1_score: 0.8283  MAE: 0.3136  Corr: 0.7935  clm loss: 3.0303 total loss: 4.6043 bn loss: 0.3669 av loss: 0.4489 text loss: 0.429
2026-01-25 12:10:56,368 - MMSA [INFO] - VAL-(msalm) >>  Mult_acc_2: 0.7719  Mult_acc_3: 0.6623  Mult_acc_5: 0.4079  F1_score: 0.7771  MAE: 0.3901  Corr: 0.6692  Loss: 0.4003 
2026-01-25 12:11:06,516 - MMSA [INFO] - TRAIN-(msalm) [1/25/1] >> loss: 0.3149  Mult_acc_2: 0.8385  Mult_acc_3: 0.7368  Mult_acc_5: 0.4839  F1_score: 0.8412  MAE: 0.3022  Corr: 0.8127  clm loss: 2.9729 total loss: 4.5043 bn loss: 0.3499 av loss: 0.4495 text loss: 0.4172
2026-01-25 12:11:08,442 - MMSA [INFO] - VAL-(msalm) >>  Mult_acc_2: 0.7719  Mult_acc_3: 0.6535  Mult_acc_5: 0.4211  F1_score: 0.7774  MAE: 0.3849  Corr: 0.6695  Loss: 0.4087 
2026-01-25 12:11:17,551 - MMSA [INFO] - TRAIN-(msalm) [2/26/1] >> loss: 0.3066  Mult_acc_2: 0.8399  Mult_acc_3: 0.7632  Mult_acc_5: 0.5234  F1_score: 0.8433  MAE: 0.2875  Corr: 0.8241  clm loss: 2.9165 total loss: 4.4213 bn loss: 0.3398 av loss: 0.4449 text loss: 0.4135
2026-01-25 12:11:19,273 - MMSA [INFO] - VAL-(msalm) >>  Mult_acc_2: 0.7873  Mult_acc_3: 0.6645  Mult_acc_5: 0.4123  F1_score: 0.7891  MAE: 0.3824  Corr: 0.6718  Loss: 0.4048 
2026-01-25 12:11:28,333 - MMSA [INFO] - TRAIN-(msalm) [3/27/1] >> loss: 0.3109  Mult_acc_2: 0.8231  Mult_acc_3: 0.7434  Mult_acc_5: 0.5058  F1_score: 0.8269  MAE: 0.2981  Corr: 0.8142  clm loss: 2.9174 total loss: 4.429 bn loss: 0.3417 av loss: 0.4527 text loss: 0.4063
2026-01-25 12:11:30,085 - MMSA [INFO] - VAL-(msalm) >>  Mult_acc_2: 0.7851  Mult_acc_3: 0.6623  Mult_acc_5: 0.3991  F1_score: 0.7882  MAE: 0.3897  Corr: 0.6696  Loss: 0.4083 
2026-01-25 12:11:39,202 - MMSA [INFO] - TRAIN-(msalm) [4/28/1] >> loss: 0.289  Mult_acc_2: 0.8494  Mult_acc_3: 0.7617  Mult_acc_5: 0.5278  F1_score: 0.8518  MAE: 0.2718  Corr: 0.8367  clm loss: 2.8832 total loss: 4.3469 bn loss: 0.3369 av loss: 0.4522 text loss: 0.3856
2026-01-25 12:11:40,966 - MMSA [INFO] - VAL-(msalm) >>  Mult_acc_2: 0.7807  Mult_acc_3: 0.6689  Mult_acc_5: 0.3991  F1_score: 0.7854  MAE: 0.3898  Corr: 0.6704  Loss: 0.4061 
2026-01-25 12:11:50,242 - MMSA [INFO] - TRAIN-(msalm) [5/29/1] >> loss: 0.2742  Mult_acc_2: 0.8633  Mult_acc_3: 0.7829  Mult_acc_5: 0.5475  F1_score: 0.8657  MAE: 0.2601  Corr: 0.8523  clm loss: 2.871 total loss: 4.2942 bn loss: 0.3211 av loss: 0.4437 text loss: 0.3842
2026-01-25 12:11:52,038 - MMSA [INFO] - VAL-(msalm) >>  Mult_acc_2: 0.7851  Mult_acc_3: 0.6601  Mult_acc_5: 0.3991  F1_score: 0.7907  MAE: 0.3925  Corr: 0.6703  Loss: 0.4047 
2026-01-25 12:12:01,375 - MMSA [INFO] - TRAIN-(msalm) [6/30/1] >> loss: 0.286  Mult_acc_2: 0.8567  Mult_acc_3: 0.7573  Mult_acc_5: 0.5344  F1_score: 0.8591  MAE: 0.2708  Corr: 0.8457  clm loss: 2.8669 total loss: 4.2963 bn loss: 0.3152 av loss: 0.4447 text loss: 0.3835
2026-01-25 12:12:03,136 - MMSA [INFO] - VAL-(msalm) >>  Mult_acc_2: 0.7851  Mult_acc_3: 0.6579  Mult_acc_5: 0.3772  F1_score: 0.7902  MAE: 0.3971  Corr: 0.6665  Loss: 0.4074 
2026-01-25 12:12:12,299 - MMSA [INFO] - TRAIN-(msalm) [7/31/1] >> loss: 0.2787  Mult_acc_2: 0.8575  Mult_acc_3: 0.7712  Mult_acc_5: 0.5439  F1_score: 0.8594  MAE: 0.2634  Corr: 0.8540  clm loss: 2.834 total loss: 4.2333 bn loss: 0.3033 av loss: 0.4451 text loss: 0.3722
2026-01-25 12:12:14,086 - MMSA [INFO] - VAL-(msalm) >>  Mult_acc_2: 0.7807  Mult_acc_3: 0.6579  Mult_acc_5: 0.4101  F1_score: 0.7869  MAE: 0.3925  Corr: 0.6695  Loss: 0.4061 
2026-01-25 12:12:23,541 - MMSA [INFO] - TRAIN-(msalm) [8/32/1] >> loss: 0.2582  Mult_acc_2: 0.8560  Mult_acc_3: 0.7931  Mult_acc_5: 0.5936  F1_score: 0.8588  MAE: 0.2391  Corr: 0.8737  clm loss: 2.7984 total loss: 4.1752 bn loss: 0.3005 av loss: 0.4541 text loss: 0.364
2026-01-25 12:12:25,390 - MMSA [INFO] - VAL-(msalm) >>  Mult_acc_2: 0.7917  Mult_acc_3: 0.6601  Mult_acc_5: 0.3969  F1_score: 0.7968  MAE: 0.3911  Corr: 0.6702  Loss: 0.4019 
2026-01-25 12:12:34,591 - MMSA [INFO] - TRAIN-(msalm) [9/33/1] >> loss: 0.2636  Mult_acc_2: 0.8596  Mult_acc_3: 0.7822  Mult_acc_5: 0.5702  F1_score: 0.8626  MAE: 0.2426  Corr: 0.8735  clm loss: 2.7888 total loss: 4.1637 bn loss: 0.3005 av loss: 0.4472 text loss: 0.3636
2026-01-25 12:12:36,477 - MMSA [INFO] - VAL-(msalm) >>  Mult_acc_2: 0.7785  Mult_acc_3: 0.6601  Mult_acc_5: 0.4013  F1_score: 0.7851  MAE: 0.4024  Corr: 0.6672  Loss: 0.4277 
2026-01-25 12:12:45,664 - MMSA [INFO] - TRAIN-(msalm) [10/34/1] >> loss: 0.2416  Mult_acc_2: 0.8882  Mult_acc_3: 0.8063  Mult_acc_5: 0.6111  F1_score: 0.8898  MAE: 0.2247  Corr: 0.8957  clm loss: 2.7214 total loss: 4.0478 bn loss: 0.2942 av loss: 0.4444 text loss: 0.3463
2026-01-25 12:12:47,473 - MMSA [INFO] - VAL-(msalm) >>  Mult_acc_2: 0.7785  Mult_acc_3: 0.6469  Mult_acc_5: 0.3882  F1_score: 0.7847  MAE: 0.3973  Corr: 0.6664  Loss: 0.4191 
2026-01-25 12:12:49,678 - MMSA [INFO] - TEST-(msalm) >>  Mult_acc_2: 0.8337  Mult_acc_3: 0.7155  Mult_acc_5: 0.4486  F1_score: 0.8370  MAE: 0.3620  Corr: 0.7294  Loss: 0.3692 
2026-01-25 12:12:50,970 - MMSA [INFO] - Result for seed 1990: {'Mult_acc_2': 0.8337, 'Mult_acc_3': 0.7155, 'Mult_acc_5': 0.4486, 'F1_score': 0.837, 'MAE': 0.362, 'Corr': 0.7294, 'Loss': 0.3692, 'seed': 1990}
2026-01-25 12:12:50,971 - MMSA [INFO] - ------------------------------ Running with seed 1991 [2/5] ------------------------------
2026-01-25 12:14:09,663 - MMSA [INFO] - The model has 173502892 trainable parameters
2026-01-25 12:14:18,789 - MMSA [INFO] - TRAIN-(msalm) [1/1/2] >> loss: 0.625  Mult_acc_2: 0.5482  Mult_acc_3: 0.4072  Mult_acc_5: 0.1857  F1_score: 0.5632  MAE: 0.6254  Corr: 0.0916  clm loss: 7.6157 total loss: 10.9325 bn loss: 1.0185 av loss: 0.5888 text loss: 1.0844
2026-01-25 12:14:20,648 - MMSA [INFO] - VAL-(msalm) >>  Mult_acc_2: 0.5526  Mult_acc_3: 0.3662  Mult_acc_5: 0.1491  F1_score: 0.5700  MAE: 0.6093  Corr: 0.2038  Loss: 0.6038 
2026-01-25 12:14:30,955 - MMSA [INFO] - TRAIN-(msalm) [1/2/2] >> loss: 0.5737  Mult_acc_2: 0.6235  Mult_acc_3: 0.4817  Mult_acc_5: 0.2230  F1_score: 0.6366  MAE: 0.5728  Corr: 0.3145  clm loss: 6.5831 total loss: 9.4115 bn loss: 0.7382 av loss: 0.5464 text loss: 0.9702
2026-01-25 12:14:32,762 - MMSA [INFO] - VAL-(msalm) >>  Mult_acc_2: 0.6425  Mult_acc_3: 0.5022  Mult_acc_5: 0.2061  F1_score: 0.6566  MAE: 0.5473  Corr: 0.4688  Loss: 0.5469 
2026-01-25 12:14:43,071 - MMSA [INFO] - TRAIN-(msalm) [1/3/2] >> loss: 0.5012  Mult_acc_2: 0.7113  Mult_acc_3: 0.5994  Mult_acc_5: 0.3165  F1_score: 0.7204  MAE: 0.4884  Corr: 0.5272  clm loss: 5.4688 total loss: 7.9067 bn loss: 0.6252 av loss: 0.5102 text loss: 0.8013
2026-01-25 12:14:45,028 - MMSA [INFO] - VAL-(msalm) >>  Mult_acc_2: 0.6601  Mult_acc_3: 0.5548  Mult_acc_5: 0.2895  F1_score: 0.6735  MAE: 0.5311  Corr: 0.4950  Loss: 0.5657 
2026-01-25 12:14:54,192 - MMSA [INFO] - TRAIN-(msalm) [2/4/2] >> loss: 0.4891  Mult_acc_2: 0.7069  Mult_acc_3: 0.6038  Mult_acc_5: 0.3648  F1_score: 0.7150  MAE: 0.4711  Corr: 0.5305  clm loss: 4.7095 total loss: 6.9836 bn loss: 0.5721 av loss: 0.4918 text loss: 0.7212
2026-01-25 12:14:56,014 - MMSA [INFO] - VAL-(msalm) >>  Mult_acc_2: 0.6382  Mult_acc_3: 0.5482  Mult_acc_5: 0.2697  F1_score: 0.6521  MAE: 0.5335  Corr: 0.5124  Loss: 0.5759 
2026-01-25 12:15:05,203 - MMSA [INFO] - TRAIN-(msalm) [3/5/2] >> loss: 0.4731  Mult_acc_2: 0.7427  Mult_acc_3: 0.6177  Mult_acc_5: 0.3260  F1_score: 0.7485  MAE: 0.4621  Corr: 0.5618  clm loss: 4.2386 total loss: 6.3914 bn loss: 0.535 av loss: 0.4863 text loss: 0.6583
2026-01-25 12:15:07,052 - MMSA [INFO] - VAL-(msalm) >>  Mult_acc_2: 0.6601  Mult_acc_3: 0.5614  Mult_acc_5: 0.2851  F1_score: 0.6735  MAE: 0.4980  Corr: 0.5427  Loss: 0.5083 
2026-01-25 12:15:17,286 - MMSA [INFO] - TRAIN-(msalm) [1/6/2] >> loss: 0.4449  Mult_acc_2: 0.7632  Mult_acc_3: 0.6389  Mult_acc_5: 0.3596  F1_score: 0.7663  MAE: 0.4371  Corr: 0.5964  clm loss: 3.9432 total loss: 5.9999 bn loss: 0.5106 av loss: 0.4731 text loss: 0.6281
2026-01-25 12:15:19,090 - MMSA [INFO] - VAL-(msalm) >>  Mult_acc_2: 0.7105  Mult_acc_3: 0.6031  Mult_acc_5: 0.3202  F1_score: 0.7200  MAE: 0.4682  Corr: 0.5493  Loss: 0.4860 
2026-01-25 12:15:29,395 - MMSA [INFO] - TRAIN-(msalm) [1/7/2] >> loss: 0.4487  Mult_acc_2: 0.7595  Mult_acc_3: 0.6418  Mult_acc_5: 0.3531  F1_score: 0.7618  MAE: 0.4389  Corr: 0.5965  clm loss: 3.7798 total loss: 5.8037 bn loss: 0.5055 av loss: 0.4677 text loss: 0.6019
2026-01-25 12:15:31,210 - MMSA [INFO] - VAL-(msalm) >>  Mult_acc_2: 0.7281  Mult_acc_3: 0.6206  Mult_acc_5: 0.3553  F1_score: 0.7342  MAE: 0.4514  Corr: 0.5551  Loss: 0.4673 
2026-01-25 12:15:41,505 - MMSA [INFO] - TRAIN-(msalm) [1/8/2] >> loss: 0.4517  Mult_acc_2: 0.7705  Mult_acc_3: 0.6389  Mult_acc_5: 0.3516  F1_score: 0.7730  MAE: 0.4364  Corr: 0.6031  clm loss: 3.6057 total loss: 5.6176 bn loss: 0.5075 av loss: 0.4753 text loss: 0.5774
2026-01-25 12:15:43,284 - MMSA [INFO] - VAL-(msalm) >>  Mult_acc_2: 0.7390  Mult_acc_3: 0.6316  Mult_acc_5: 0.3596  F1_score: 0.7412  MAE: 0.4438  Corr: 0.5685  Loss: 0.4687 
2026-01-25 12:15:52,432 - MMSA [INFO] - TRAIN-(msalm) [2/9/2] >> loss: 0.4482  Mult_acc_2: 0.7500  Mult_acc_3: 0.6396  Mult_acc_5: 0.3721  F1_score: 0.7516  MAE: 0.4321  Corr: 0.6037  clm loss: 3.484 total loss: 5.4618 bn loss: 0.4988 av loss: 0.4706 text loss: 0.5602
2026-01-25 12:15:54,568 - MMSA [INFO] - VAL-(msalm) >>  Mult_acc_2: 0.6886  Mult_acc_3: 0.5987  Mult_acc_5: 0.3268  F1_score: 0.7005  MAE: 0.4607  Corr: 0.5784  Loss: 0.4790 
2026-01-25 12:16:03,774 - MMSA [INFO] - TRAIN-(msalm) [3/10/2] >> loss: 0.4379  Mult_acc_2: 0.7712  Mult_acc_3: 0.6477  Mult_acc_5: 0.3662  F1_score: 0.7723  MAE: 0.4213  Corr: 0.6237  clm loss: 3.3281 total loss: 5.3148 bn loss: 0.5179 av loss: 0.4743 text loss: 0.5566
2026-01-25 12:16:05,582 - MMSA [INFO] - VAL-(msalm) >>  Mult_acc_2: 0.7127  Mult_acc_3: 0.6075  Mult_acc_5: 0.3750  F1_score: 0.7212  MAE: 0.4442  Corr: 0.5761  Loss: 0.4819 
2026-01-25 12:16:14,681 - MMSA [INFO] - TRAIN-(msalm) [4/11/2] >> loss: 0.4253  Mult_acc_2: 0.7763  Mult_acc_3: 0.6513  Mult_acc_5: 0.3889  F1_score: 0.7773  MAE: 0.4085  Corr: 0.6426  clm loss: 3.2994 total loss: 5.2566 bn loss: 0.4915 av loss: 0.466 text loss: 0.5744
2026-01-25 12:16:16,454 - MMSA [INFO] - VAL-(msalm) >>  Mult_acc_2: 0.7325  Mult_acc_3: 0.6338  Mult_acc_5: 0.3904  F1_score: 0.7367  MAE: 0.4240  Corr: 0.5966  Loss: 0.4439 
2026-01-25 12:16:26,666 - MMSA [INFO] - TRAIN-(msalm) [1/12/2] >> loss: 0.4124  Mult_acc_2: 0.7924  Mult_acc_3: 0.6652  Mult_acc_5: 0.3882  F1_score: 0.7928  MAE: 0.3953  Corr: 0.6706  clm loss: 3.2729 total loss: 5.2134 bn loss: 0.5091 av loss: 0.4597 text loss: 0.5593
2026-01-25 12:16:28,488 - MMSA [INFO] - VAL-(msalm) >>  Mult_acc_2: 0.7083  Mult_acc_3: 0.6140  Mult_acc_5: 0.3596  F1_score: 0.7182  MAE: 0.4324  Corr: 0.6051  Loss: 0.4487 
2026-01-25 12:16:37,628 - MMSA [INFO] - TRAIN-(msalm) [2/13/2] >> loss: 0.407  Mult_acc_2: 0.7829  Mult_acc_3: 0.6718  Mult_acc_5: 0.4072  F1_score: 0.7860  MAE: 0.3901  Corr: 0.6792  clm loss: 3.2147 total loss: 5.1783 bn loss: 0.5009 av loss: 0.4646 text loss: 0.5912
2026-01-25 12:16:39,426 - MMSA [INFO] - VAL-(msalm) >>  Mult_acc_2: 0.7127  Mult_acc_3: 0.6118  Mult_acc_5: 0.3640  F1_score: 0.7236  MAE: 0.4360  Corr: 0.6058  Loss: 0.4561 
2026-01-25 12:16:48,587 - MMSA [INFO] - TRAIN-(msalm) [3/14/2] >> loss: 0.4008  Mult_acc_2: 0.8070  Mult_acc_3: 0.6667  Mult_acc_5: 0.3977  F1_score: 0.8078  MAE: 0.3869  Corr: 0.6877  clm loss: 3.2085 total loss: 5.0697 bn loss: 0.471 av loss: 0.4562 text loss: 0.5332
2026-01-25 12:16:50,358 - MMSA [INFO] - VAL-(msalm) >>  Mult_acc_2: 0.7610  Mult_acc_3: 0.6382  Mult_acc_5: 0.3991  F1_score: 0.7630  MAE: 0.4183  Corr: 0.6062  Loss: 0.4448 
2026-01-25 12:16:59,425 - MMSA [INFO] - TRAIN-(msalm) [4/15/2] >> loss: 0.3908  Mult_acc_2: 0.7917  Mult_acc_3: 0.6740  Mult_acc_5: 0.4042  F1_score: 0.7938  MAE: 0.3758  Corr: 0.7073  clm loss: 3.207 total loss: 5.0555 bn loss: 0.4613 av loss: 0.4629 text loss: 0.5334
2026-01-25 12:17:01,263 - MMSA [INFO] - VAL-(msalm) >>  Mult_acc_2: 0.7478  Mult_acc_3: 0.6535  Mult_acc_5: 0.3991  F1_score: 0.7530  MAE: 0.4120  Corr: 0.6309  Loss: 0.4270 
2026-01-25 12:17:11,533 - MMSA [INFO] - TRAIN-(msalm) [1/16/2] >> loss: 0.3875  Mult_acc_2: 0.8026  Mult_acc_3: 0.6923  Mult_acc_5: 0.4174  F1_score: 0.8046  MAE: 0.3688  Corr: 0.7138  clm loss: 3.1623 total loss: 4.9551 bn loss: 0.4504 av loss: 0.4516 text loss: 0.5032
2026-01-25 12:17:13,234 - MMSA [INFO] - VAL-(msalm) >>  Mult_acc_2: 0.7303  Mult_acc_3: 0.6404  Mult_acc_5: 0.3882  F1_score: 0.7394  MAE: 0.4157  Corr: 0.6361  Loss: 0.4390 
2026-01-25 12:17:22,333 - MMSA [INFO] - TRAIN-(msalm) [2/17/2] >> loss: 0.3774  Mult_acc_2: 0.7968  Mult_acc_3: 0.6857  Mult_acc_5: 0.4211  F1_score: 0.8003  MAE: 0.3614  Corr: 0.7284  clm loss: 3.1432 total loss: 4.9309 bn loss: 0.4516 av loss: 0.4603 text loss: 0.4985
2026-01-25 12:17:24,254 - MMSA [INFO] - VAL-(msalm) >>  Mult_acc_2: 0.6908  Mult_acc_3: 0.6184  Mult_acc_5: 0.3640  F1_score: 0.7031  MAE: 0.4367  Corr: 0.6396  Loss: 0.4707 
2026-01-25 12:17:33,566 - MMSA [INFO] - TRAIN-(msalm) [3/18/2] >> loss: 0.3723  Mult_acc_2: 0.8041  Mult_acc_3: 0.7018  Mult_acc_5: 0.4254  F1_score: 0.8074  MAE: 0.3546  Corr: 0.7450  clm loss: 3.1076 total loss: 4.8363 bn loss: 0.435 av loss: 0.4519 text loss: 0.4695
2026-01-25 12:17:35,382 - MMSA [INFO] - VAL-(msalm) >>  Mult_acc_2: 0.7390  Mult_acc_3: 0.6447  Mult_acc_5: 0.3904  F1_score: 0.7475  MAE: 0.4114  Corr: 0.6531  Loss: 0.4256 
2026-01-25 12:17:45,699 - MMSA [INFO] - TRAIN-(msalm) [1/19/2] >> loss: 0.3681  Mult_acc_2: 0.8085  Mult_acc_3: 0.7039  Mult_acc_5: 0.4269  F1_score: 0.8101  MAE: 0.3548  Corr: 0.7426  clm loss: 3.1033 total loss: 4.8228 bn loss: 0.4337 av loss: 0.4508 text loss: 0.4669
2026-01-25 12:17:47,514 - MMSA [INFO] - VAL-(msalm) >>  Mult_acc_2: 0.7763  Mult_acc_3: 0.6469  Mult_acc_5: 0.3969  F1_score: 0.7819  MAE: 0.3972  Corr: 0.6600  Loss: 0.4256 
2026-01-25 12:17:56,677 - MMSA [INFO] - TRAIN-(msalm) [2/20/2] >> loss: 0.3533  Mult_acc_2: 0.8107  Mult_acc_3: 0.7149  Mult_acc_5: 0.4539  F1_score: 0.8134  MAE: 0.3398  Corr: 0.7599  clm loss: 3.0808 total loss: 4.7488 bn loss: 0.4053 av loss: 0.4501 text loss: 0.4594
2026-01-25 12:17:58,459 - MMSA [INFO] - VAL-(msalm) >>  Mult_acc_2: 0.7939  Mult_acc_3: 0.6601  Mult_acc_5: 0.4101  F1_score: 0.7954  MAE: 0.3883  Corr: 0.6612  Loss: 0.4180 
2026-01-25 12:18:08,694 - MMSA [INFO] - TRAIN-(msalm) [1/21/2] >> loss: 0.3534  Mult_acc_2: 0.8077  Mult_acc_3: 0.7156  Mult_acc_5: 0.4547  F1_score: 0.8111  MAE: 0.3362  Corr: 0.7625  clm loss: 3.0539 total loss: 4.7038 bn loss: 0.3988 av loss: 0.4526 text loss: 0.4451
2026-01-25 12:18:10,483 - MMSA [INFO] - VAL-(msalm) >>  Mult_acc_2: 0.7807  Mult_acc_3: 0.6645  Mult_acc_5: 0.4167  F1_score: 0.7854  MAE: 0.3878  Corr: 0.6656  Loss: 0.4226 
2026-01-25 12:18:19,779 - MMSA [INFO] - TRAIN-(msalm) [2/22/2] >> loss: 0.3261  Mult_acc_2: 0.8319  Mult_acc_3: 0.7259  Mult_acc_5: 0.4832  F1_score: 0.8348  MAE: 0.3065  Corr: 0.8001  clm loss: 3.0103 total loss: 4.6084 bn loss: 0.3838 av loss: 0.4431 text loss: 0.4451
2026-01-25 12:18:21,527 - MMSA [INFO] - VAL-(msalm) >>  Mult_acc_2: 0.7675  Mult_acc_3: 0.6623  Mult_acc_5: 0.4211  F1_score: 0.7736  MAE: 0.3972  Corr: 0.6547  Loss: 0.4407 
2026-01-25 12:18:30,660 - MMSA [INFO] - TRAIN-(msalm) [3/23/2] >> loss: 0.3323  Mult_acc_2: 0.8231  Mult_acc_3: 0.7288  Mult_acc_5: 0.4868  F1_score: 0.8247  MAE: 0.3207  Corr: 0.7856  clm loss: 3.0006 total loss: 4.6284 bn loss: 0.3828 av loss: 0.4544 text loss: 0.4582
2026-01-25 12:18:32,513 - MMSA [INFO] - VAL-(msalm) >>  Mult_acc_2: 0.7697  Mult_acc_3: 0.6623  Mult_acc_5: 0.4167  F1_score: 0.7759  MAE: 0.3895  Corr: 0.6612  Loss: 0.4186 
2026-01-25 12:18:41,726 - MMSA [INFO] - TRAIN-(msalm) [4/24/2] >> loss: 0.3292  Mult_acc_2: 0.8428  Mult_acc_3: 0.7412  Mult_acc_5: 0.4949  F1_score: 0.8457  MAE: 0.3144  Corr: 0.7924  clm loss: 2.9927 total loss: 4.578 bn loss: 0.3799 av loss: 0.451 text loss: 0.4254
2026-01-25 12:18:43,534 - MMSA [INFO] - VAL-(msalm) >>  Mult_acc_2: 0.7719  Mult_acc_3: 0.6754  Mult_acc_5: 0.4145  F1_score: 0.7786  MAE: 0.3886  Corr: 0.6640  Loss: 0.4139 
2026-01-25 12:18:53,822 - MMSA [INFO] - TRAIN-(msalm) [1/25/2] >> loss: 0.3218  Mult_acc_2: 0.8260  Mult_acc_3: 0.7376  Mult_acc_5: 0.4978  F1_score: 0.8293  MAE: 0.3047  Corr: 0.8023  clm loss: 2.9547 total loss: 4.4864 bn loss: 0.3561 av loss: 0.446 text loss: 0.4077
2026-01-25 12:18:55,853 - MMSA [INFO] - VAL-(msalm) >>  Mult_acc_2: 0.7829  Mult_acc_3: 0.6711  Mult_acc_5: 0.4276  F1_score: 0.7865  MAE: 0.3864  Corr: 0.6597  Loss: 0.4187 
2026-01-25 12:19:04,994 - MMSA [INFO] - TRAIN-(msalm) [2/26/2] >> loss: 0.3075  Mult_acc_2: 0.8450  Mult_acc_3: 0.7551  Mult_acc_5: 0.5197  F1_score: 0.8477  MAE: 0.2912  Corr: 0.8203  clm loss: 2.9117 total loss: 4.4292 bn loss: 0.3508 av loss: 0.448 text loss: 0.4112
2026-01-25 12:19:06,848 - MMSA [INFO] - VAL-(msalm) >>  Mult_acc_2: 0.7829  Mult_acc_3: 0.6732  Mult_acc_5: 0.4232  F1_score: 0.7874  MAE: 0.3859  Corr: 0.6595  Loss: 0.4304 
2026-01-25 12:19:16,038 - MMSA [INFO] - TRAIN-(msalm) [3/27/2] >> loss: 0.3019  Mult_acc_2: 0.8385  Mult_acc_3: 0.7639  Mult_acc_5: 0.5322  F1_score: 0.8410  MAE: 0.2850  Corr: 0.8243  clm loss: 2.8904 total loss: 4.3894 bn loss: 0.3584 av loss: 0.4401 text loss: 0.3984
2026-01-25 12:19:17,799 - MMSA [INFO] - VAL-(msalm) >>  Mult_acc_2: 0.8070  Mult_acc_3: 0.6667  Mult_acc_5: 0.4189  F1_score: 0.8074  MAE: 0.3853  Corr: 0.6703  Loss: 0.3973 
2026-01-25 12:19:28,048 - MMSA [INFO] - TRAIN-(msalm) [1/28/2] >> loss: 0.2993  Mult_acc_2: 0.8501  Mult_acc_3: 0.7537  Mult_acc_5: 0.5066  F1_score: 0.8522  MAE: 0.2902  Corr: 0.8315  clm loss: 2.8928 total loss: 4.3908 bn loss: 0.3484 av loss: 0.4438 text loss: 0.4064
2026-01-25 12:19:29,880 - MMSA [INFO] - VAL-(msalm) >>  Mult_acc_2: 0.8070  Mult_acc_3: 0.6711  Mult_acc_5: 0.4298  F1_score: 0.8088  MAE: 0.3852  Corr: 0.6689  Loss: 0.3995 
2026-01-25 12:19:39,064 - MMSA [INFO] - TRAIN-(msalm) [2/29/2] >> loss: 0.2892  Mult_acc_2: 0.8414  Mult_acc_3: 0.7595  Mult_acc_5: 0.5227  F1_score: 0.8444  MAE: 0.2731  Corr: 0.8393  clm loss: 2.8543 total loss: 4.3255 bn loss: 0.3401 av loss: 0.4486 text loss: 0.3932
2026-01-25 12:19:40,847 - MMSA [INFO] - VAL-(msalm) >>  Mult_acc_2: 0.7873  Mult_acc_3: 0.6820  Mult_acc_5: 0.4386  F1_score: 0.7920  MAE: 0.3795  Corr: 0.6767  Loss: 0.3932 
2026-01-25 12:19:51,111 - MMSA [INFO] - TRAIN-(msalm) [1/30/2] >> loss: 0.2861  Mult_acc_2: 0.8443  Mult_acc_3: 0.7580  Mult_acc_5: 0.5402  F1_score: 0.8475  MAE: 0.2714  Corr: 0.8443  clm loss: 2.8434 total loss: 4.3196 bn loss: 0.3505 av loss: 0.4428 text loss: 0.3968
2026-01-25 12:19:52,937 - MMSA [INFO] - VAL-(msalm) >>  Mult_acc_2: 0.7829  Mult_acc_3: 0.6732  Mult_acc_5: 0.4211  F1_score: 0.7877  MAE: 0.3838  Corr: 0.6746  Loss: 0.4061 
2026-01-25 12:20:02,084 - MMSA [INFO] - TRAIN-(msalm) [2/31/2] >> loss: 0.2736  Mult_acc_2: 0.8458  Mult_acc_3: 0.7741  Mult_acc_5: 0.5548  F1_score: 0.8497  MAE: 0.2575  Corr: 0.8566  clm loss: 2.8103 total loss: 4.2479 bn loss: 0.3224 av loss: 0.4473 text loss: 0.3943
2026-01-25 12:20:03,870 - MMSA [INFO] - VAL-(msalm) >>  Mult_acc_2: 0.7478  Mult_acc_3: 0.6667  Mult_acc_5: 0.4254  F1_score: 0.7568  MAE: 0.3953  Corr: 0.6723  Loss: 0.4158 
2026-01-25 12:20:12,985 - MMSA [INFO] - TRAIN-(msalm) [3/32/2] >> loss: 0.2634  Mult_acc_2: 0.8655  Mult_acc_3: 0.7749  Mult_acc_5: 0.5497  F1_score: 0.8677  MAE: 0.2515  Corr: 0.8680  clm loss: 2.7852 total loss: 4.1888 bn loss: 0.3132 av loss: 0.4454 text loss: 0.3816
2026-01-25 12:20:14,770 - MMSA [INFO] - VAL-(msalm) >>  Mult_acc_2: 0.7763  Mult_acc_3: 0.6579  Mult_acc_5: 0.4079  F1_score: 0.7826  MAE: 0.3891  Corr: 0.6730  Loss: 0.3967 
2026-01-25 12:20:23,936 - MMSA [INFO] - TRAIN-(msalm) [4/33/2] >> loss: 0.2661  Mult_acc_2: 0.8677  Mult_acc_3: 0.7844  Mult_acc_5: 0.5673  F1_score: 0.8701  MAE: 0.2489  Corr: 0.8716  clm loss: 2.7685 total loss: 4.1682 bn loss: 0.3189 av loss: 0.4396 text loss: 0.3752
2026-01-25 12:20:25,994 - MMSA [INFO] - VAL-(msalm) >>  Mult_acc_2: 0.7763  Mult_acc_3: 0.6601  Mult_acc_5: 0.4254  F1_score: 0.7817  MAE: 0.3900  Corr: 0.6682  Loss: 0.3992 
2026-01-25 12:20:35,093 - MMSA [INFO] - TRAIN-(msalm) [5/34/2] >> loss: 0.2522  Mult_acc_2: 0.8472  Mult_acc_3: 0.7887  Mult_acc_5: 0.6023  F1_score: 0.8504  MAE: 0.2373  Corr: 0.8816  clm loss: 2.7393 total loss: 4.0934 bn loss: 0.2982 av loss: 0.4412 text loss: 0.3626
2026-01-25 12:20:36,900 - MMSA [INFO] - VAL-(msalm) >>  Mult_acc_2: 0.7588  Mult_acc_3: 0.6579  Mult_acc_5: 0.4057  F1_score: 0.7660  MAE: 0.3990  Corr: 0.6595  Loss: 0.4244 
2026-01-25 12:20:46,008 - MMSA [INFO] - TRAIN-(msalm) [6/35/2] >> loss: 0.256  Mult_acc_2: 0.8604  Mult_acc_3: 0.7836  Mult_acc_5: 0.5892  F1_score: 0.8636  MAE: 0.2385  Corr: 0.8729  clm loss: 2.7276 total loss: 4.0702 bn loss: 0.2811 av loss: 0.4409 text loss: 0.3646
2026-01-25 12:20:47,800 - MMSA [INFO] - VAL-(msalm) >>  Mult_acc_2: 0.7632  Mult_acc_3: 0.6557  Mult_acc_5: 0.3991  F1_score: 0.7711  MAE: 0.3950  Corr: 0.6649  Loss: 0.4022 
2026-01-25 12:20:56,942 - MMSA [INFO] - TRAIN-(msalm) [7/36/2] >> loss: 0.2398  Mult_acc_2: 0.8604  Mult_acc_3: 0.7975  Mult_acc_5: 0.6257  F1_score: 0.8637  MAE: 0.2228  Corr: 0.8909  clm loss: 2.6823 total loss: 3.991 bn loss: 0.2831 av loss: 0.4344 text loss: 0.3513
2026-01-25 12:20:58,741 - MMSA [INFO] - VAL-(msalm) >>  Mult_acc_2: 0.7895  Mult_acc_3: 0.6776  Mult_acc_5: 0.4211  F1_score: 0.7931  MAE: 0.3884  Corr: 0.6700  Loss: 0.4001 
2026-01-25 12:21:07,845 - MMSA [INFO] - TRAIN-(msalm) [8/37/2] >> loss: 0.2399  Mult_acc_2: 0.8582  Mult_acc_3: 0.7931  Mult_acc_5: 0.6053  F1_score: 0.8612  MAE: 0.2237  Corr: 0.8918  clm loss: 2.666 total loss: 3.9697 bn loss: 0.2802 av loss: 0.4441 text loss: 0.3395
2026-01-25 12:21:09,657 - MMSA [INFO] - VAL-(msalm) >>  Mult_acc_2: 0.7719  Mult_acc_3: 0.6711  Mult_acc_5: 0.4123  F1_score: 0.7752  MAE: 0.3940  Corr: 0.6613  Loss: 0.4055 
2026-01-25 12:21:18,806 - MMSA [INFO] - TRAIN-(msalm) [9/38/2] >> loss: 0.2261  Mult_acc_2: 0.8713  Mult_acc_3: 0.8077  Mult_acc_5: 0.6301  F1_score: 0.8744  MAE: 0.2096  Corr: 0.9038  clm loss: 2.6395 total loss: 3.9133 bn loss: 0.2811 av loss: 0.4414 text loss: 0.3253
2026-01-25 12:21:20,550 - MMSA [INFO] - VAL-(msalm) >>  Mult_acc_2: 0.7632  Mult_acc_3: 0.6513  Mult_acc_5: 0.3838  F1_score: 0.7698  MAE: 0.3980  Corr: 0.6617  Loss: 0.4148 
2026-01-25 12:21:29,694 - MMSA [INFO] - TRAIN-(msalm) [10/39/2] >> loss: 0.2372  Mult_acc_2: 0.8633  Mult_acc_3: 0.8012  Mult_acc_5: 0.6148  F1_score: 0.8667  MAE: 0.2230  Corr: 0.8961  clm loss: 2.6472 total loss: 3.9263 bn loss: 0.2706 av loss: 0.4419 text loss: 0.3295
2026-01-25 12:21:31,516 - MMSA [INFO] - VAL-(msalm) >>  Mult_acc_2: 0.7719  Mult_acc_3: 0.6732  Mult_acc_5: 0.4057  F1_score: 0.7776  MAE: 0.3932  Corr: 0.6636  Loss: 0.4024 
2026-01-25 12:21:33,817 - MMSA [INFO] - TEST-(msalm) >>  Mult_acc_2: 0.8337  Mult_acc_3: 0.6937  Mult_acc_5: 0.4573  F1_score: 0.8360  MAE: 0.3477  Corr: 0.7391  Loss: 0.3711 
2026-01-25 12:21:35,139 - MMSA [INFO] - Result for seed 1991: {'Mult_acc_2': 0.8337, 'Mult_acc_3': 0.6937, 'Mult_acc_5': 0.4573, 'F1_score': 0.836, 'MAE': 0.3477, 'Corr': 0.7391, 'Loss': 0.3711, 'seed': 1991}
2026-01-25 12:21:35,141 - MMSA [INFO] - ------------------------------ Running with seed 1992 [3/5] ------------------------------
2026-01-25 12:22:53,314 - MMSA [INFO] - The model has 173502892 trainable parameters
2026-01-25 12:23:02,493 - MMSA [INFO] - TRAIN-(msalm) [1/1/3] >> loss: 0.7069  Mult_acc_2: 0.4240  Mult_acc_3: 0.3253  Mult_acc_5: 0.1608  F1_score: 0.4007  MAE: 0.7062  Corr: 0.1058  clm loss: 7.5808 total loss: 10.8934 bn loss: 0.9243 av loss: 0.5463 text loss: 1.1351
2026-01-25 12:23:04,311 - MMSA [INFO] - VAL-(msalm) >>  Mult_acc_2: 0.5504  Mult_acc_3: 0.4145  Mult_acc_5: 0.1930  F1_score: 0.5674  MAE: 0.6218  Corr: 0.1764  Loss: 0.6210 
2026-01-25 12:23:14,744 - MMSA [INFO] - TRAIN-(msalm) [1/2/3] >> loss: 0.6434  Mult_acc_2: 0.4825  Mult_acc_3: 0.3830  Mult_acc_5: 0.2025  F1_score: 0.4768  MAE: 0.6427  Corr: 0.3198  clm loss: 6.5675 total loss: 9.4221 bn loss: 0.7245 av loss: 0.51 text loss: 0.9768
2026-01-25 12:23:16,556 - MMSA [INFO] - VAL-(msalm) >>  Mult_acc_2: 0.5789  Mult_acc_3: 0.4496  Mult_acc_5: 0.2018  F1_score: 0.5948  MAE: 0.5699  Corr: 0.4253  Loss: 0.5813 
2026-01-25 12:23:26,814 - MMSA [INFO] - TRAIN-(msalm) [1/3/3] >> loss: 0.5829  Mult_acc_2: 0.5980  Mult_acc_3: 0.5102  Mult_acc_5: 0.2705  F1_score: 0.6089  MAE: 0.5675  Corr: 0.4914  clm loss: 5.434 total loss: 7.9505 bn loss: 0.628 av loss: 0.4958 text loss: 0.8098
2026-01-25 12:23:28,666 - MMSA [INFO] - VAL-(msalm) >>  Mult_acc_2: 0.5987  Mult_acc_3: 0.5066  Mult_acc_5: 0.2588  F1_score: 0.6132  MAE: 0.5473  Corr: 0.4995  Loss: 0.5714 
2026-01-25 12:23:38,944 - MMSA [INFO] - TRAIN-(msalm) [1/4/3] >> loss: 0.5684  Mult_acc_2: 0.6213  Mult_acc_3: 0.5541  Mult_acc_5: 0.3048  F1_score: 0.6335  MAE: 0.5357  Corr: 0.5283  clm loss: 4.7318 total loss: 7.0553 bn loss: 0.5878 av loss: 0.4829 text loss: 0.6844
2026-01-25 12:23:40,835 - MMSA [INFO] - VAL-(msalm) >>  Mult_acc_2: 0.6162  Mult_acc_3: 0.5066  Mult_acc_5: 0.2741  F1_score: 0.6301  MAE: 0.5396  Corr: 0.5125  Loss: 0.5588 
2026-01-25 12:23:51,185 - MMSA [INFO] - TRAIN-(msalm) [1/5/3] >> loss: 0.5489  Mult_acc_2: 0.6440  Mult_acc_3: 0.5556  Mult_acc_5: 0.2880  F1_score: 0.6567  MAE: 0.5249  Corr: 0.5504  clm loss: 4.1946 total loss: 6.419 bn loss: 0.5454 av loss: 0.4748 text loss: 0.6553
2026-01-25 12:23:53,030 - MMSA [INFO] - VAL-(msalm) >>  Mult_acc_2: 0.5833  Mult_acc_3: 0.4912  Mult_acc_5: 0.2675  F1_score: 0.5963  MAE: 0.5441  Corr: 0.5205  Loss: 0.5593 
2026-01-25 12:24:02,266 - MMSA [INFO] - TRAIN-(msalm) [2/6/3] >> loss: 0.5172  Mult_acc_2: 0.6594  Mult_acc_3: 0.5563  Mult_acc_5: 0.3056  F1_score: 0.6714  MAE: 0.5072  Corr: 0.5700  clm loss: 3.9553 total loss: 6.1134 bn loss: 0.5265 av loss: 0.4771 text loss: 0.6373
2026-01-25 12:24:04,169 - MMSA [INFO] - VAL-(msalm) >>  Mult_acc_2: 0.5921  Mult_acc_3: 0.5000  Mult_acc_5: 0.2390  F1_score: 0.6060  MAE: 0.5396  Corr: 0.5201  Loss: 0.5501 
2026-01-25 12:24:14,419 - MMSA [INFO] - TRAIN-(msalm) [1/7/3] >> loss: 0.4958  Mult_acc_2: 0.6718  Mult_acc_3: 0.5526  Mult_acc_5: 0.3026  F1_score: 0.6840  MAE: 0.4863  Corr: 0.5971  clm loss: 3.7706 total loss: 5.8496 bn loss: 0.5036 av loss: 0.4713 text loss: 0.6083
2026-01-25 12:24:16,157 - MMSA [INFO] - VAL-(msalm) >>  Mult_acc_2: 0.6447  Mult_acc_3: 0.5504  Mult_acc_5: 0.2982  F1_score: 0.6588  MAE: 0.5007  Corr: 0.5309  Loss: 0.5076 
2026-01-25 12:24:26,365 - MMSA [INFO] - TRAIN-(msalm) [1/8/3] >> loss: 0.4887  Mult_acc_2: 0.6857  Mult_acc_3: 0.5958  Mult_acc_5: 0.3333  F1_score: 0.6979  MAE: 0.4749  Corr: 0.5901  clm loss: 3.6516 total loss: 5.7036 bn loss: 0.4972 av loss: 0.4692 text loss: 0.5969
2026-01-25 12:24:28,210 - MMSA [INFO] - VAL-(msalm) >>  Mult_acc_2: 0.6645  Mult_acc_3: 0.5548  Mult_acc_5: 0.3289  F1_score: 0.6768  MAE: 0.4811  Corr: 0.5504  Loss: 0.5094 
2026-01-25 12:24:37,381 - MMSA [INFO] - TRAIN-(msalm) [2/9/3] >> loss: 0.4778  Mult_acc_2: 0.7018  Mult_acc_3: 0.6126  Mult_acc_5: 0.3326  F1_score: 0.7134  MAE: 0.4623  Corr: 0.6019  clm loss: 3.5054 total loss: 5.5275 bn loss: 0.4918 av loss: 0.469 text loss: 0.5835
2026-01-25 12:24:39,605 - MMSA [INFO] - VAL-(msalm) >>  Mult_acc_2: 0.6776  Mult_acc_3: 0.5965  Mult_acc_5: 0.3750  F1_score: 0.6880  MAE: 0.4652  Corr: 0.5567  Loss: 0.4937 
2026-01-25 12:24:49,858 - MMSA [INFO] - TRAIN-(msalm) [1/10/3] >> loss: 0.456  Mult_acc_2: 0.7208  Mult_acc_3: 0.6235  Mult_acc_5: 0.3640  F1_score: 0.7314  MAE: 0.4413  Corr: 0.6228  clm loss: 3.3891 total loss: 5.3422 bn loss: 0.4843 av loss: 0.4588 text loss: 0.554
2026-01-25 12:24:51,698 - MMSA [INFO] - VAL-(msalm) >>  Mult_acc_2: 0.6623  Mult_acc_3: 0.5768  Mult_acc_5: 0.3531  F1_score: 0.6751  MAE: 0.4599  Corr: 0.5767  Loss: 0.4725 
2026-01-25 12:25:01,964 - MMSA [INFO] - TRAIN-(msalm) [1/11/3] >> loss: 0.4383  Mult_acc_2: 0.7222  Mult_acc_3: 0.6323  Mult_acc_5: 0.3640  F1_score: 0.7327  MAE: 0.4259  Corr: 0.6506  clm loss: 3.2759 total loss: 5.1747 bn loss: 0.4757 av loss: 0.4539 text loss: 0.5308
2026-01-25 12:25:03,847 - MMSA [INFO] - VAL-(msalm) >>  Mult_acc_2: 0.7215  Mult_acc_3: 0.6053  Mult_acc_5: 0.3750  F1_score: 0.7273  MAE: 0.4401  Corr: 0.5830  Loss: 0.4611 
2026-01-25 12:25:14,065 - MMSA [INFO] - TRAIN-(msalm) [1/12/3] >> loss: 0.4276  Mult_acc_2: 0.7551  Mult_acc_3: 0.6491  Mult_acc_5: 0.3633  F1_score: 0.7637  MAE: 0.4102  Corr: 0.6632  clm loss: 3.2614 total loss: 5.1587 bn loss: 0.4733 av loss: 0.4556 text loss: 0.5407
2026-01-25 12:25:15,906 - MMSA [INFO] - VAL-(msalm) >>  Mult_acc_2: 0.6974  Mult_acc_3: 0.6009  Mult_acc_5: 0.3750  F1_score: 0.7077  MAE: 0.4348  Corr: 0.6047  Loss: 0.4480 
2026-01-25 12:25:26,165 - MMSA [INFO] - TRAIN-(msalm) [1/13/3] >> loss: 0.4095  Mult_acc_2: 0.7697  Mult_acc_3: 0.6762  Mult_acc_5: 0.4115  F1_score: 0.7774  MAE: 0.3936  Corr: 0.6833  clm loss: 3.2391 total loss: 5.0915 bn loss: 0.4647 av loss: 0.4577 text loss: 0.5205
2026-01-25 12:25:27,980 - MMSA [INFO] - VAL-(msalm) >>  Mult_acc_2: 0.7061  Mult_acc_3: 0.6096  Mult_acc_5: 0.3860  F1_score: 0.7162  MAE: 0.4279  Corr: 0.6145  Loss: 0.4453 
2026-01-25 12:25:38,203 - MMSA [INFO] - TRAIN-(msalm) [1/14/3] >> loss: 0.4116  Mult_acc_2: 0.7727  Mult_acc_3: 0.6718  Mult_acc_5: 0.3794  F1_score: 0.7802  MAE: 0.3974  Corr: 0.6968  clm loss: 3.1931 total loss: 5.0603 bn loss: 0.4634 av loss: 0.4576 text loss: 0.5345
2026-01-25 12:25:40,000 - MMSA [INFO] - VAL-(msalm) >>  Mult_acc_2: 0.7325  Mult_acc_3: 0.6535  Mult_acc_5: 0.4013  F1_score: 0.7397  MAE: 0.4131  Corr: 0.6180  Loss: 0.4405 
2026-01-25 12:25:50,211 - MMSA [INFO] - TRAIN-(msalm) [1/15/3] >> loss: 0.4044  Mult_acc_2: 0.7778  Mult_acc_3: 0.6725  Mult_acc_5: 0.3925  F1_score: 0.7832  MAE: 0.3916  Corr: 0.6920  clm loss: 3.1785 total loss: 5.0028 bn loss: 0.4607 av loss: 0.4521 text loss: 0.507
2026-01-25 12:25:52,032 - MMSA [INFO] - VAL-(msalm) >>  Mult_acc_2: 0.7785  Mult_acc_3: 0.6469  Mult_acc_5: 0.3991  F1_score: 0.7800  MAE: 0.4072  Corr: 0.6293  Loss: 0.4328 
2026-01-25 12:26:02,265 - MMSA [INFO] - TRAIN-(msalm) [1/16/3] >> loss: 0.4004  Mult_acc_2: 0.7814  Mult_acc_3: 0.6827  Mult_acc_5: 0.4035  F1_score: 0.7860  MAE: 0.3831  Corr: 0.7001  clm loss: 3.1372 total loss: 4.9286 bn loss: 0.4391 av loss: 0.4553 text loss: 0.4967
2026-01-25 12:26:04,061 - MMSA [INFO] - VAL-(msalm) >>  Mult_acc_2: 0.7654  Mult_acc_3: 0.6601  Mult_acc_5: 0.4101  F1_score: 0.7685  MAE: 0.4040  Corr: 0.6322  Loss: 0.4342 
2026-01-25 12:26:13,288 - MMSA [INFO] - TRAIN-(msalm) [2/17/3] >> loss: 0.379  Mult_acc_2: 0.8012  Mult_acc_3: 0.7061  Mult_acc_5: 0.4276  F1_score: 0.8048  MAE: 0.3659  Corr: 0.7251  clm loss: 3.0948 total loss: 4.8372 bn loss: 0.4209 av loss: 0.4469 text loss: 0.4956
2026-01-25 12:26:15,111 - MMSA [INFO] - VAL-(msalm) >>  Mult_acc_2: 0.7741  Mult_acc_3: 0.6469  Mult_acc_5: 0.3991  F1_score: 0.7748  MAE: 0.4041  Corr: 0.6281  Loss: 0.4267 
2026-01-25 12:26:25,313 - MMSA [INFO] - TRAIN-(msalm) [1/18/3] >> loss: 0.3654  Mult_acc_2: 0.8048  Mult_acc_3: 0.6937  Mult_acc_5: 0.4320  F1_score: 0.8085  MAE: 0.3526  Corr: 0.7432  clm loss: 3.1243 total loss: 4.8314 bn loss: 0.4149 av loss: 0.4542 text loss: 0.4726
2026-01-25 12:26:27,094 - MMSA [INFO] - VAL-(msalm) >>  Mult_acc_2: 0.7719  Mult_acc_3: 0.6557  Mult_acc_5: 0.4035  F1_score: 0.7755  MAE: 0.3976  Corr: 0.6410  Loss: 0.4279 
2026-01-25 12:26:36,214 - MMSA [INFO] - TRAIN-(msalm) [2/19/3] >> loss: 0.362  Mult_acc_2: 0.8129  Mult_acc_3: 0.7054  Mult_acc_5: 0.4364  F1_score: 0.8170  MAE: 0.3503  Corr: 0.7458  clm loss: 3.078 total loss: 4.7895 bn loss: 0.4234 av loss: 0.4581 text loss: 0.468
2026-01-25 12:26:38,021 - MMSA [INFO] - VAL-(msalm) >>  Mult_acc_2: 0.7917  Mult_acc_3: 0.6623  Mult_acc_5: 0.4254  F1_score: 0.7945  MAE: 0.3872  Corr: 0.6520  Loss: 0.4249 
2026-01-25 12:26:48,321 - MMSA [INFO] - TRAIN-(msalm) [1/20/3] >> loss: 0.3584  Mult_acc_2: 0.8231  Mult_acc_3: 0.7091  Mult_acc_5: 0.4408  F1_score: 0.8262  MAE: 0.3466  Corr: 0.7542  clm loss: 3.0397 total loss: 4.7331 bn loss: 0.414 av loss: 0.4595 text loss: 0.4614
2026-01-25 12:26:50,129 - MMSA [INFO] - VAL-(msalm) >>  Mult_acc_2: 0.7982  Mult_acc_3: 0.6754  Mult_acc_5: 0.4320  F1_score: 0.8001  MAE: 0.3839  Corr: 0.6618  Loss: 0.4207 
2026-01-25 12:27:00,328 - MMSA [INFO] - TRAIN-(msalm) [1/21/3] >> loss: 0.3508  Mult_acc_2: 0.8165  Mult_acc_3: 0.7069  Mult_acc_5: 0.4591  F1_score: 0.8194  MAE: 0.3337  Corr: 0.7598  clm loss: 3.0245 total loss: 4.7296 bn loss: 0.4422 av loss: 0.4546 text loss: 0.4576
2026-01-25 12:27:02,294 - MMSA [INFO] - VAL-(msalm) >>  Mult_acc_2: 0.7939  Mult_acc_3: 0.6798  Mult_acc_5: 0.4298  F1_score: 0.7971  MAE: 0.3846  Corr: 0.6597  Loss: 0.4241 
2026-01-25 12:27:11,457 - MMSA [INFO] - TRAIN-(msalm) [2/22/3] >> loss: 0.3401  Mult_acc_2: 0.8275  Mult_acc_3: 0.7281  Mult_acc_5: 0.4737  F1_score: 0.8300  MAE: 0.3249  Corr: 0.7769  clm loss: 3.0055 total loss: 4.65 bn loss: 0.4102 av loss: 0.4495 text loss: 0.4447
2026-01-25 12:27:13,380 - MMSA [INFO] - VAL-(msalm) >>  Mult_acc_2: 0.7610  Mult_acc_3: 0.6645  Mult_acc_5: 0.4342  F1_score: 0.7690  MAE: 0.3901  Corr: 0.6677  Loss: 0.4013 
2026-01-25 12:27:23,647 - MMSA [INFO] - TRAIN-(msalm) [1/23/3] >> loss: 0.3384  Mult_acc_2: 0.8056  Mult_acc_3: 0.7310  Mult_acc_5: 0.4635  F1_score: 0.8098  MAE: 0.3264  Corr: 0.7796  clm loss: 2.9899 total loss: 4.5878 bn loss: 0.3894 av loss: 0.4431 text loss: 0.427
2026-01-25 12:27:25,490 - MMSA [INFO] - VAL-(msalm) >>  Mult_acc_2: 0.7939  Mult_acc_3: 0.6842  Mult_acc_5: 0.4496  F1_score: 0.7983  MAE: 0.3792  Corr: 0.6712  Loss: 0.3979 
2026-01-25 12:27:35,759 - MMSA [INFO] - TRAIN-(msalm) [1/24/3] >> loss: 0.3239  Mult_acc_2: 0.8238  Mult_acc_3: 0.7434  Mult_acc_5: 0.5139  F1_score: 0.8276  MAE: 0.3094  Corr: 0.7891  clm loss: 2.9642 total loss: 4.5235 bn loss: 0.3764 av loss: 0.4432 text loss: 0.4158
2026-01-25 12:27:37,511 - MMSA [INFO] - VAL-(msalm) >>  Mult_acc_2: 0.7895  Mult_acc_3: 0.6776  Mult_acc_5: 0.4364  F1_score: 0.7950  MAE: 0.3827  Corr: 0.6693  Loss: 0.4303 
2026-01-25 12:27:46,965 - MMSA [INFO] - TRAIN-(msalm) [2/25/3] >> loss: 0.3273  Mult_acc_2: 0.8268  Mult_acc_3: 0.7390  Mult_acc_5: 0.4985  F1_score: 0.8307  MAE: 0.3126  Corr: 0.7900  clm loss: 2.9187 total loss: 4.4605 bn loss: 0.3645 av loss: 0.4466 text loss: 0.4035
2026-01-25 12:27:48,839 - MMSA [INFO] - VAL-(msalm) >>  Mult_acc_2: 0.7785  Mult_acc_3: 0.6732  Mult_acc_5: 0.4276  F1_score: 0.7851  MAE: 0.3916  Corr: 0.6659  Loss: 0.3982 
2026-01-25 12:27:57,981 - MMSA [INFO] - TRAIN-(msalm) [3/26/3] >> loss: 0.3085  Mult_acc_2: 0.8326  Mult_acc_3: 0.7456  Mult_acc_5: 0.4985  F1_score: 0.8356  MAE: 0.2999  Corr: 0.8145  clm loss: 2.9127 total loss: 4.4368 bn loss: 0.3511 av loss: 0.4462 text loss: 0.4184
2026-01-25 12:27:59,767 - MMSA [INFO] - VAL-(msalm) >>  Mult_acc_2: 0.7851  Mult_acc_3: 0.6842  Mult_acc_5: 0.4320  F1_score: 0.7912  MAE: 0.3855  Corr: 0.6726  Loss: 0.4040 
2026-01-25 12:28:08,898 - MMSA [INFO] - TRAIN-(msalm) [4/27/3] >> loss: 0.3036  Mult_acc_2: 0.8275  Mult_acc_3: 0.7471  Mult_acc_5: 0.5183  F1_score: 0.8317  MAE: 0.2896  Corr: 0.8193  clm loss: 2.8725 total loss: 4.3531 bn loss: 0.3343 av loss: 0.442 text loss: 0.4007
2026-01-25 12:28:10,677 - MMSA [INFO] - VAL-(msalm) >>  Mult_acc_2: 0.7807  Mult_acc_3: 0.6864  Mult_acc_5: 0.4430  F1_score: 0.7862  MAE: 0.3842  Corr: 0.6702  Loss: 0.4063 
2026-01-25 12:28:19,832 - MMSA [INFO] - TRAIN-(msalm) [5/28/3] >> loss: 0.297  Mult_acc_2: 0.8282  Mult_acc_3: 0.7580  Mult_acc_5: 0.5351  F1_score: 0.8324  MAE: 0.2847  Corr: 0.8205  clm loss: 2.8907 total loss: 4.388 bn loss: 0.3285 av loss: 0.4485 text loss: 0.4232
2026-01-25 12:28:21,648 - MMSA [INFO] - VAL-(msalm) >>  Mult_acc_2: 0.7873  Mult_acc_3: 0.6776  Mult_acc_5: 0.4189  F1_score: 0.7925  MAE: 0.3900  Corr: 0.6679  Loss: 0.4060 
2026-01-25 12:28:30,812 - MMSA [INFO] - TRAIN-(msalm) [6/29/3] >> loss: 0.2979  Mult_acc_2: 0.8341  Mult_acc_3: 0.7471  Mult_acc_5: 0.5344  F1_score: 0.8375  MAE: 0.2846  Corr: 0.8240  clm loss: 2.8531 total loss: 4.3645 bn loss: 0.3458 av loss: 0.455 text loss: 0.4126
2026-01-25 12:28:32,668 - MMSA [INFO] - VAL-(msalm) >>  Mult_acc_2: 0.7807  Mult_acc_3: 0.6732  Mult_acc_5: 0.4101  F1_score: 0.7869  MAE: 0.3899  Corr: 0.6646  Loss: 0.4059 
2026-01-25 12:28:41,845 - MMSA [INFO] - TRAIN-(msalm) [7/30/3] >> loss: 0.2765  Mult_acc_2: 0.8509  Mult_acc_3: 0.7544  Mult_acc_5: 0.5592  F1_score: 0.8538  MAE: 0.2623  Corr: 0.8498  clm loss: 2.8358 total loss: 4.272 bn loss: 0.3193 av loss: 0.44 text loss: 0.4004
2026-01-25 12:28:43,660 - MMSA [INFO] - VAL-(msalm) >>  Mult_acc_2: 0.7917  Mult_acc_3: 0.6732  Mult_acc_5: 0.4123  F1_score: 0.7957  MAE: 0.3872  Corr: 0.6685  Loss: 0.4008 
2026-01-25 12:28:52,762 - MMSA [INFO] - TRAIN-(msalm) [8/31/3] >> loss: 0.2779  Mult_acc_2: 0.8436  Mult_acc_3: 0.7749  Mult_acc_5: 0.5621  F1_score: 0.8468  MAE: 0.2661  Corr: 0.8435  clm loss: 2.8075 total loss: 4.2542 bn loss: 0.3139 av loss: 0.4486 text loss: 0.4063
2026-01-25 12:28:54,546 - MMSA [INFO] - VAL-(msalm) >>  Mult_acc_2: 0.7829  Mult_acc_3: 0.6798  Mult_acc_5: 0.4276  F1_score: 0.7889  MAE: 0.3901  Corr: 0.6736  Loss: 0.3991 
2026-01-25 12:29:03,712 - MMSA [INFO] - TRAIN-(msalm) [9/32/3] >> loss: 0.2744  Mult_acc_2: 0.8385  Mult_acc_3: 0.7661  Mult_acc_5: 0.5702  F1_score: 0.8429  MAE: 0.2586  Corr: 0.8527  clm loss: 2.8038 total loss: 4.246 bn loss: 0.3101 av loss: 0.445 text loss: 0.4127
2026-01-25 12:29:05,489 - MMSA [INFO] - VAL-(msalm) >>  Mult_acc_2: 0.7829  Mult_acc_3: 0.6820  Mult_acc_5: 0.4320  F1_score: 0.7891  MAE: 0.3910  Corr: 0.6743  Loss: 0.4228 
2026-01-25 12:29:14,767 - MMSA [INFO] - TRAIN-(msalm) [10/33/3] >> loss: 0.2731  Mult_acc_2: 0.8618  Mult_acc_3: 0.7778  Mult_acc_5: 0.5570  F1_score: 0.8650  MAE: 0.2588  Corr: 0.8570  clm loss: 2.7615 total loss: 4.1628 bn loss: 0.2984 av loss: 0.4424 text loss: 0.3873
2026-01-25 12:29:16,579 - MMSA [INFO] - VAL-(msalm) >>  Mult_acc_2: 0.7917  Mult_acc_3: 0.6754  Mult_acc_5: 0.4298  F1_score: 0.7972  MAE: 0.3867  Corr: 0.6731  Loss: 0.4072 
2026-01-25 12:29:18,796 - MMSA [INFO] - TEST-(msalm) >>  Mult_acc_2: 0.8425  Mult_acc_3: 0.7002  Mult_acc_5: 0.4398  F1_score: 0.8449  MAE: 0.3650  Corr: 0.7159  Loss: 0.3832 
2026-01-25 12:29:20,090 - MMSA [INFO] - Result for seed 1992: {'Mult_acc_2': 0.8425, 'Mult_acc_3': 0.7002, 'Mult_acc_5': 0.4398, 'F1_score': 0.8449, 'MAE': 0.365, 'Corr': 0.7159, 'Loss': 0.3832, 'seed': 1992}
2026-01-25 12:29:20,091 - MMSA [INFO] - ------------------------------ Running with seed 1993 [4/5] ------------------------------
2026-01-25 12:30:38,605 - MMSA [INFO] - The model has 173502892 trainable parameters
2026-01-25 12:30:47,727 - MMSA [INFO] - TRAIN-(msalm) [1/1/4] >> loss: 0.6624  Mult_acc_2: 0.5219  Mult_acc_3: 0.3706  Mult_acc_5: 0.1893  F1_score: 0.5406  MAE: 0.6616  Corr: 0.0337  clm loss: 7.5804 total loss: 10.9263 bn loss: 0.8888 av loss: 0.8203 text loss: 0.9743
2026-01-25 12:30:49,518 - MMSA [INFO] - VAL-(msalm) >>  Mult_acc_2: 0.5307  Mult_acc_3: 0.3750  Mult_acc_5: 0.1623  F1_score: 0.5477  MAE: 0.6476  Corr: 0.1421  Loss: 0.6438 
2026-01-25 12:30:59,711 - MMSA [INFO] - TRAIN-(msalm) [1/2/4] >> loss: 0.6003  Mult_acc_2: 0.6016  Mult_acc_3: 0.4569  Mult_acc_5: 0.2208  F1_score: 0.6170  MAE: 0.5997  Corr: 0.2575  clm loss: 6.3378 total loss: 9.1751 bn loss: 0.7159 av loss: 0.7068 text loss: 0.8143
2026-01-25 12:31:01,518 - MMSA [INFO] - VAL-(msalm) >>  Mult_acc_2: 0.6513  Mult_acc_3: 0.4605  Mult_acc_5: 0.2061  F1_score: 0.6617  MAE: 0.5802  Corr: 0.2872  Loss: 0.5789 
2026-01-25 12:31:11,719 - MMSA [INFO] - TRAIN-(msalm) [1/3/4] >> loss: 0.5498  Mult_acc_2: 0.6550  Mult_acc_3: 0.5263  Mult_acc_5: 0.2405  F1_score: 0.6683  MAE: 0.5471  Corr: 0.4221  clm loss: 5.1814 total loss: 7.7128 bn loss: 0.6062 av loss: 0.6458 text loss: 0.7296
2026-01-25 12:31:13,496 - MMSA [INFO] - VAL-(msalm) >>  Mult_acc_2: 0.6864  Mult_acc_3: 0.5439  Mult_acc_5: 0.2237  F1_score: 0.6944  MAE: 0.5331  Corr: 0.4253  Loss: 0.5362 
2026-01-25 12:31:23,728 - MMSA [INFO] - TRAIN-(msalm) [1/4/4] >> loss: 0.5104  Mult_acc_2: 0.6915  Mult_acc_3: 0.5811  Mult_acc_5: 0.2961  F1_score: 0.7027  MAE: 0.4956  Corr: 0.5179  clm loss: 4.4461 total loss: 6.7922 bn loss: 0.5609 av loss: 0.613 text loss: 0.6617
2026-01-25 12:31:25,485 - MMSA [INFO] - VAL-(msalm) >>  Mult_acc_2: 0.7171  Mult_acc_3: 0.5965  Mult_acc_5: 0.2895  F1_score: 0.7252  MAE: 0.5036  Corr: 0.5166  Loss: 0.5242 
2026-01-25 12:31:35,770 - MMSA [INFO] - TRAIN-(msalm) [1/5/4] >> loss: 0.4914  Mult_acc_2: 0.7317  Mult_acc_3: 0.6294  Mult_acc_5: 0.3501  F1_score: 0.7404  MAE: 0.4593  Corr: 0.5881  clm loss: 3.9779 total loss: 6.2042 bn loss: 0.5484 av loss: 0.5887 text loss: 0.5977
2026-01-25 12:31:37,599 - MMSA [INFO] - VAL-(msalm) >>  Mult_acc_2: 0.6732  Mult_acc_3: 0.5702  Mult_acc_5: 0.3136  F1_score: 0.6859  MAE: 0.5021  Corr: 0.5419  Loss: 0.5199 
2026-01-25 12:31:47,859 - MMSA [INFO] - TRAIN-(msalm) [1/6/4] >> loss: 0.4757  Mult_acc_2: 0.7303  Mult_acc_3: 0.6177  Mult_acc_5: 0.3487  F1_score: 0.7373  MAE: 0.4554  Corr: 0.5785  clm loss: 3.8007 total loss: 5.9697 bn loss: 0.5217 av loss: 0.573 text loss: 0.5987
2026-01-25 12:31:49,670 - MMSA [INFO] - VAL-(msalm) >>  Mult_acc_2: 0.7193  Mult_acc_3: 0.6206  Mult_acc_5: 0.3333  F1_score: 0.7224  MAE: 0.4696  Corr: 0.5440  Loss: 0.4992 
2026-01-25 12:31:59,821 - MMSA [INFO] - TRAIN-(msalm) [1/7/4] >> loss: 0.4689  Mult_acc_2: 0.7332  Mult_acc_3: 0.6184  Mult_acc_5: 0.3348  F1_score: 0.7390  MAE: 0.4500  Corr: 0.5837  clm loss: 3.6103 total loss: 5.7321 bn loss: 0.5056 av loss: 0.5609 text loss: 0.5864
2026-01-25 12:32:01,618 - MMSA [INFO] - VAL-(msalm) >>  Mult_acc_2: 0.6996  Mult_acc_3: 0.6031  Mult_acc_5: 0.3092  F1_score: 0.7058  MAE: 0.4768  Corr: 0.5372  Loss: 0.4964 
2026-01-25 12:32:11,776 - MMSA [INFO] - TRAIN-(msalm) [1/8/4] >> loss: 0.4608  Mult_acc_2: 0.7376  Mult_acc_3: 0.6184  Mult_acc_5: 0.3414  F1_score: 0.7434  MAE: 0.4485  Corr: 0.5878  clm loss: 3.4792 total loss: 5.5712 bn loss: 0.5082 av loss: 0.5439 text loss: 0.579
2026-01-25 12:32:13,578 - MMSA [INFO] - VAL-(msalm) >>  Mult_acc_2: 0.6711  Mult_acc_3: 0.5855  Mult_acc_5: 0.3289  F1_score: 0.6829  MAE: 0.4688  Corr: 0.5698  Loss: 0.4869 
2026-01-25 12:32:23,916 - MMSA [INFO] - TRAIN-(msalm) [1/9/4] >> loss: 0.4322  Mult_acc_2: 0.7712  Mult_acc_3: 0.6586  Mult_acc_5: 0.3684  F1_score: 0.7766  MAE: 0.4161  Corr: 0.6410  clm loss: 3.3695 total loss: 5.4036 bn loss: 0.5025 av loss: 0.526 text loss: 0.5734
2026-01-25 12:32:25,724 - MMSA [INFO] - VAL-(msalm) >>  Mult_acc_2: 0.6996  Mult_acc_3: 0.6096  Mult_acc_5: 0.3289  F1_score: 0.7090  MAE: 0.4554  Corr: 0.5834  Loss: 0.4831 
2026-01-25 12:32:36,003 - MMSA [INFO] - TRAIN-(msalm) [1/10/4] >> loss: 0.4285  Mult_acc_2: 0.7727  Mult_acc_3: 0.6652  Mult_acc_5: 0.3823  F1_score: 0.7758  MAE: 0.4106  Corr: 0.6504  clm loss: 3.3269 total loss: 5.3209 bn loss: 0.5014 av loss: 0.5088 text loss: 0.5554
2026-01-25 12:32:37,867 - MMSA [INFO] - VAL-(msalm) >>  Mult_acc_2: 0.7325  Mult_acc_3: 0.6162  Mult_acc_5: 0.3421  F1_score: 0.7385  MAE: 0.4425  Corr: 0.5955  Loss: 0.4596 
2026-01-25 12:32:48,248 - MMSA [INFO] - TRAIN-(msalm) [1/11/4] >> loss: 0.4259  Mult_acc_2: 0.7858  Mult_acc_3: 0.6615  Mult_acc_5: 0.3845  F1_score: 0.7895  MAE: 0.4068  Corr: 0.6572  clm loss: 3.2575 total loss: 5.1971 bn loss: 0.49 av loss: 0.4996 text loss: 0.524
2026-01-25 12:32:50,118 - MMSA [INFO] - VAL-(msalm) >>  Mult_acc_2: 0.6601  Mult_acc_3: 0.5811  Mult_acc_5: 0.3333  F1_score: 0.6736  MAE: 0.4694  Corr: 0.6007  Loss: 0.4942 
2026-01-25 12:32:59,289 - MMSA [INFO] - TRAIN-(msalm) [2/12/4] >> loss: 0.4168  Mult_acc_2: 0.7931  Mult_acc_3: 0.6645  Mult_acc_5: 0.3867  F1_score: 0.7956  MAE: 0.4024  Corr: 0.6657  clm loss: 3.2572 total loss: 5.1404 bn loss: 0.459 av loss: 0.4797 text loss: 0.5277
2026-01-25 12:33:01,250 - MMSA [INFO] - VAL-(msalm) >>  Mult_acc_2: 0.7083  Mult_acc_3: 0.6162  Mult_acc_5: 0.3487  F1_score: 0.7189  MAE: 0.4424  Corr: 0.6122  Loss: 0.4662 
2026-01-25 12:33:10,393 - MMSA [INFO] - TRAIN-(msalm) [3/13/4] >> loss: 0.4126  Mult_acc_2: 0.7858  Mult_acc_3: 0.6762  Mult_acc_5: 0.4020  F1_score: 0.7877  MAE: 0.3921  Corr: 0.6699  clm loss: 3.2265 total loss: 5.1088 bn loss: 0.4545 av loss: 0.4753 text loss: 0.54
2026-01-25 12:33:12,191 - MMSA [INFO] - VAL-(msalm) >>  Mult_acc_2: 0.7478  Mult_acc_3: 0.6513  Mult_acc_5: 0.3947  F1_score: 0.7534  MAE: 0.4152  Corr: 0.6270  Loss: 0.4378 
2026-01-25 12:33:22,460 - MMSA [INFO] - TRAIN-(msalm) [1/14/4] >> loss: 0.3883  Mult_acc_2: 0.7982  Mult_acc_3: 0.6849  Mult_acc_5: 0.4137  F1_score: 0.8012  MAE: 0.3688  Corr: 0.7203  clm loss: 3.1577 total loss: 4.9645 bn loss: 0.4379 av loss: 0.4698 text loss: 0.5107
2026-01-25 12:33:24,281 - MMSA [INFO] - VAL-(msalm) >>  Mult_acc_2: 0.7610  Mult_acc_3: 0.6711  Mult_acc_5: 0.4145  F1_score: 0.7607  MAE: 0.4092  Corr: 0.6345  Loss: 0.4314 
2026-01-25 12:33:34,533 - MMSA [INFO] - TRAIN-(msalm) [1/15/4] >> loss: 0.3882  Mult_acc_2: 0.7990  Mult_acc_3: 0.6915  Mult_acc_5: 0.4167  F1_score: 0.8019  MAE: 0.3685  Corr: 0.7184  clm loss: 3.1569 total loss: 4.9414 bn loss: 0.4298 av loss: 0.4641 text loss: 0.5024
2026-01-25 12:33:36,352 - MMSA [INFO] - VAL-(msalm) >>  Mult_acc_2: 0.7368  Mult_acc_3: 0.6513  Mult_acc_5: 0.4035  F1_score: 0.7437  MAE: 0.4035  Corr: 0.6547  Loss: 0.4386 
2026-01-25 12:33:45,489 - MMSA [INFO] - TRAIN-(msalm) [2/16/4] >> loss: 0.3777  Mult_acc_2: 0.8114  Mult_acc_3: 0.6952  Mult_acc_5: 0.4284  F1_score: 0.8138  MAE: 0.3565  Corr: 0.7332  clm loss: 3.1523 total loss: 4.9173 bn loss: 0.428 av loss: 0.4747 text loss: 0.4847
2026-01-25 12:33:47,529 - MMSA [INFO] - VAL-(msalm) >>  Mult_acc_2: 0.7566  Mult_acc_3: 0.6667  Mult_acc_5: 0.3904  F1_score: 0.7586  MAE: 0.4016  Corr: 0.6545  Loss: 0.4153 
2026-01-25 12:33:57,765 - MMSA [INFO] - TRAIN-(msalm) [1/17/4] >> loss: 0.3737  Mult_acc_2: 0.8202  Mult_acc_3: 0.7061  Mult_acc_5: 0.4225  F1_score: 0.8210  MAE: 0.3598  Corr: 0.7291  clm loss: 3.1239 total loss: 4.8625 bn loss: 0.4169 av loss: 0.4658 text loss: 0.4821
2026-01-25 12:33:59,614 - MMSA [INFO] - VAL-(msalm) >>  Mult_acc_2: 0.7719  Mult_acc_3: 0.6667  Mult_acc_5: 0.4123  F1_score: 0.7710  MAE: 0.3951  Corr: 0.6593  Loss: 0.4253 
2026-01-25 12:34:08,866 - MMSA [INFO] - TRAIN-(msalm) [2/18/4] >> loss: 0.3622  Mult_acc_2: 0.8063  Mult_acc_3: 0.7047  Mult_acc_5: 0.4401  F1_score: 0.8099  MAE: 0.3378  Corr: 0.7564  clm loss: 3.0778 total loss: 4.747 bn loss: 0.3976 av loss: 0.4597 text loss: 0.4497
2026-01-25 12:34:10,658 - MMSA [INFO] - VAL-(msalm) >>  Mult_acc_2: 0.7697  Mult_acc_3: 0.6754  Mult_acc_5: 0.4276  F1_score: 0.7690  MAE: 0.3917  Corr: 0.6600  Loss: 0.4356 
2026-01-25 12:34:19,765 - MMSA [INFO] - TRAIN-(msalm) [3/19/4] >> loss: 0.3607  Mult_acc_2: 0.8231  Mult_acc_3: 0.7193  Mult_acc_5: 0.4598  F1_score: 0.8259  MAE: 0.3413  Corr: 0.7549  clm loss: 3.0765 total loss: 4.7661 bn loss: 0.3944 av loss: 0.4669 text loss: 0.4676
2026-01-25 12:34:21,560 - MMSA [INFO] - VAL-(msalm) >>  Mult_acc_2: 0.7566  Mult_acc_3: 0.6469  Mult_acc_5: 0.3772  F1_score: 0.7633  MAE: 0.4042  Corr: 0.6594  Loss: 0.4326 
2026-01-25 12:34:30,717 - MMSA [INFO] - TRAIN-(msalm) [4/20/4] >> loss: 0.3441  Mult_acc_2: 0.8224  Mult_acc_3: 0.7295  Mult_acc_5: 0.4781  F1_score: 0.8243  MAE: 0.3251  Corr: 0.7729  clm loss: 3.0506 total loss: 4.706 bn loss: 0.3767 av loss: 0.4653 text loss: 0.4693
2026-01-25 12:34:32,500 - MMSA [INFO] - VAL-(msalm) >>  Mult_acc_2: 0.7675  Mult_acc_3: 0.6513  Mult_acc_5: 0.3706  F1_score: 0.7743  MAE: 0.3938  Corr: 0.6727  Loss: 0.4237 
2026-01-25 12:34:41,762 - MMSA [INFO] - TRAIN-(msalm) [5/21/4] >> loss: 0.3378  Mult_acc_2: 0.8268  Mult_acc_3: 0.7251  Mult_acc_5: 0.4788  F1_score: 0.8299  MAE: 0.3212  Corr: 0.7842  clm loss: 2.9849 total loss: 4.6167 bn loss: 0.3715 av loss: 0.4618 text loss: 0.4606
2026-01-25 12:34:43,774 - MMSA [INFO] - VAL-(msalm) >>  Mult_acc_2: 0.7303  Mult_acc_3: 0.6623  Mult_acc_5: 0.3816  F1_score: 0.7404  MAE: 0.4071  Corr: 0.6701  Loss: 0.4275 
2026-01-25 12:34:53,149 - MMSA [INFO] - TRAIN-(msalm) [6/22/4] >> loss: 0.3332  Mult_acc_2: 0.8260  Mult_acc_3: 0.7237  Mult_acc_5: 0.4766  F1_score: 0.8293  MAE: 0.3182  Corr: 0.7927  clm loss: 3.0222 total loss: 4.6488 bn loss: 0.3673 av loss: 0.4671 text loss: 0.459
2026-01-25 12:34:54,954 - MMSA [INFO] - VAL-(msalm) >>  Mult_acc_2: 0.7346  Mult_acc_3: 0.6645  Mult_acc_5: 0.3838  F1_score: 0.7446  MAE: 0.4001  Corr: 0.6744  Loss: 0.4242 
2026-01-25 12:35:04,162 - MMSA [INFO] - TRAIN-(msalm) [7/23/4] >> loss: 0.3289  Mult_acc_2: 0.8180  Mult_acc_3: 0.7237  Mult_acc_5: 0.4773  F1_score: 0.8218  MAE: 0.3095  Corr: 0.7971  clm loss: 2.9861 total loss: 4.5659 bn loss: 0.3574 av loss: 0.46 text loss: 0.4336
2026-01-25 12:35:06,003 - MMSA [INFO] - VAL-(msalm) >>  Mult_acc_2: 0.7632  Mult_acc_3: 0.6667  Mult_acc_5: 0.4079  F1_score: 0.7712  MAE: 0.3915  Corr: 0.6779  Loss: 0.4276 
2026-01-25 12:35:15,094 - MMSA [INFO] - TRAIN-(msalm) [8/24/4] >> loss: 0.3174  Mult_acc_2: 0.8443  Mult_acc_3: 0.7558  Mult_acc_5: 0.4934  F1_score: 0.8465  MAE: 0.3040  Corr: 0.8100  clm loss: 2.9537 total loss: 4.4865 bn loss: 0.3465 av loss: 0.4557 text loss: 0.4132
2026-01-25 12:35:17,220 - MMSA [INFO] - VAL-(msalm) >>  Mult_acc_2: 0.7675  Mult_acc_3: 0.6711  Mult_acc_5: 0.4013  F1_score: 0.7743  MAE: 0.3922  Corr: 0.6708  Loss: 0.4023 
2026-01-25 12:35:27,583 - MMSA [INFO] - TRAIN-(msalm) [1/25/4] >> loss: 0.3189  Mult_acc_2: 0.8297  Mult_acc_3: 0.7471  Mult_acc_5: 0.4890  F1_score: 0.8324  MAE: 0.3037  Corr: 0.8065  clm loss: 2.9096 total loss: 4.4273 bn loss: 0.3348 av loss: 0.4552 text loss: 0.4088
2026-01-25 12:35:29,503 - MMSA [INFO] - VAL-(msalm) >>  Mult_acc_2: 0.7610  Mult_acc_3: 0.6930  Mult_acc_5: 0.4298  F1_score: 0.7685  MAE: 0.3913  Corr: 0.6704  Loss: 0.4222 
2026-01-25 12:35:38,795 - MMSA [INFO] - TRAIN-(msalm) [2/26/4] >> loss: 0.3039  Mult_acc_2: 0.8385  Mult_acc_3: 0.7544  Mult_acc_5: 0.5307  F1_score: 0.8420  MAE: 0.2871  Corr: 0.8223  clm loss: 2.9267 total loss: 4.4561 bn loss: 0.3449 av loss: 0.4573 text loss: 0.4234
2026-01-25 12:35:40,634 - MMSA [INFO] - VAL-(msalm) >>  Mult_acc_2: 0.7434  Mult_acc_3: 0.6557  Mult_acc_5: 0.3882  F1_score: 0.7527  MAE: 0.4054  Corr: 0.6695  Loss: 0.4184 
2026-01-25 12:35:49,832 - MMSA [INFO] - TRAIN-(msalm) [3/27/4] >> loss: 0.3053  Mult_acc_2: 0.8567  Mult_acc_3: 0.7566  Mult_acc_5: 0.5088  F1_score: 0.8584  MAE: 0.2915  Corr: 0.8250  clm loss: 2.8688 total loss: 4.3629 bn loss: 0.3205 av loss: 0.4532 text loss: 0.415
2026-01-25 12:35:51,622 - MMSA [INFO] - VAL-(msalm) >>  Mult_acc_2: 0.7544  Mult_acc_3: 0.6732  Mult_acc_5: 0.4167  F1_score: 0.7613  MAE: 0.3928  Corr: 0.6681  Loss: 0.4153 
2026-01-25 12:36:00,766 - MMSA [INFO] - TRAIN-(msalm) [4/28/4] >> loss: 0.2927  Mult_acc_2: 0.8487  Mult_acc_3: 0.7639  Mult_acc_5: 0.5329  F1_score: 0.8516  MAE: 0.2776  Corr: 0.8358  clm loss: 2.8376 total loss: 4.2939 bn loss: 0.3135 av loss: 0.4583 text loss: 0.3918
2026-01-25 12:36:02,512 - MMSA [INFO] - VAL-(msalm) >>  Mult_acc_2: 0.7456  Mult_acc_3: 0.6623  Mult_acc_5: 0.4013  F1_score: 0.7548  MAE: 0.3923  Corr: 0.6761  Loss: 0.4128 
2026-01-25 12:36:11,669 - MMSA [INFO] - TRAIN-(msalm) [5/29/4] >> loss: 0.2891  Mult_acc_2: 0.8567  Mult_acc_3: 0.7668  Mult_acc_5: 0.5431  F1_score: 0.8601  MAE: 0.2712  Corr: 0.8426  clm loss: 2.8387 total loss: 4.2602 bn loss: 0.3017 av loss: 0.4542 text loss: 0.3765
2026-01-25 12:36:13,520 - MMSA [INFO] - VAL-(msalm) >>  Mult_acc_2: 0.7500  Mult_acc_3: 0.6579  Mult_acc_5: 0.4167  F1_score: 0.7543  MAE: 0.3878  Corr: 0.6637  Loss: 0.4152 
2026-01-25 12:36:22,761 - MMSA [INFO] - TRAIN-(msalm) [6/30/4] >> loss: 0.2775  Mult_acc_2: 0.8458  Mult_acc_3: 0.7734  Mult_acc_5: 0.5599  F1_score: 0.8492  MAE: 0.2557  Corr: 0.8570  clm loss: 2.8209 total loss: 4.2238 bn loss: 0.2958 av loss: 0.4512 text loss: 0.3784
2026-01-25 12:36:24,608 - MMSA [INFO] - VAL-(msalm) >>  Mult_acc_2: 0.7675  Mult_acc_3: 0.6623  Mult_acc_5: 0.4342  F1_score: 0.7719  MAE: 0.3866  Corr: 0.6637  Loss: 0.4163 
2026-01-25 12:36:33,818 - MMSA [INFO] - TRAIN-(msalm) [7/31/4] >> loss: 0.2725  Mult_acc_2: 0.8560  Mult_acc_3: 0.7792  Mult_acc_5: 0.5548  F1_score: 0.8589  MAE: 0.2581  Corr: 0.8588  clm loss: 2.8003 total loss: 4.2008 bn loss: 0.2966 av loss: 0.4546 text loss: 0.3769
2026-01-25 12:36:35,709 - MMSA [INFO] - VAL-(msalm) >>  Mult_acc_2: 0.7632  Mult_acc_3: 0.6711  Mult_acc_5: 0.4298  F1_score: 0.7701  MAE: 0.3854  Corr: 0.6660  Loss: 0.3931 
2026-01-25 12:36:46,163 - MMSA [INFO] - TRAIN-(msalm) [1/32/4] >> loss: 0.2651  Mult_acc_2: 0.8626  Mult_acc_3: 0.7822  Mult_acc_5: 0.5753  F1_score: 0.8652  MAE: 0.2455  Corr: 0.8683  clm loss: 2.749 total loss: 4.1073 bn loss: 0.2808 av loss: 0.452 text loss: 0.3603
2026-01-25 12:36:48,022 - MMSA [INFO] - VAL-(msalm) >>  Mult_acc_2: 0.7632  Mult_acc_3: 0.6645  Mult_acc_5: 0.4123  F1_score: 0.7679  MAE: 0.3903  Corr: 0.6586  Loss: 0.4125 
2026-01-25 12:36:57,159 - MMSA [INFO] - TRAIN-(msalm) [2/33/4] >> loss: 0.2469  Mult_acc_2: 0.8662  Mult_acc_3: 0.7887  Mult_acc_5: 0.6118  F1_score: 0.8686  MAE: 0.2287  Corr: 0.8864  clm loss: 2.7125 total loss: 4.0397 bn loss: 0.2727 av loss: 0.454 text loss: 0.3536
2026-01-25 12:36:59,034 - MMSA [INFO] - VAL-(msalm) >>  Mult_acc_2: 0.7588  Mult_acc_3: 0.6557  Mult_acc_5: 0.4057  F1_score: 0.7648  MAE: 0.3933  Corr: 0.6504  Loss: 0.4000 
2026-01-25 12:37:08,178 - MMSA [INFO] - TRAIN-(msalm) [3/34/4] >> loss: 0.2448  Mult_acc_2: 0.8604  Mult_acc_3: 0.7887  Mult_acc_5: 0.5782  F1_score: 0.8640  MAE: 0.2305  Corr: 0.8899  clm loss: 2.7085 total loss: 4.0079 bn loss: 0.2629 av loss: 0.4456 text loss: 0.3462
2026-01-25 12:37:10,051 - MMSA [INFO] - VAL-(msalm) >>  Mult_acc_2: 0.7368  Mult_acc_3: 0.6425  Mult_acc_5: 0.3728  F1_score: 0.7462  MAE: 0.4103  Corr: 0.6424  Loss: 0.4174 
2026-01-25 12:37:19,179 - MMSA [INFO] - TRAIN-(msalm) [4/35/4] >> loss: 0.2359  Mult_acc_2: 0.8655  Mult_acc_3: 0.7902  Mult_acc_5: 0.6067  F1_score: 0.8686  MAE: 0.2174  Corr: 0.8974  clm loss: 2.6539 total loss: 3.9348 bn loss: 0.258 av loss: 0.4488 text loss: 0.3381
2026-01-25 12:37:20,955 - MMSA [INFO] - VAL-(msalm) >>  Mult_acc_2: 0.7368  Mult_acc_3: 0.6557  Mult_acc_5: 0.3925  F1_score: 0.7462  MAE: 0.4029  Corr: 0.6563  Loss: 0.4338 
2026-01-25 12:37:30,099 - MMSA [INFO] - TRAIN-(msalm) [5/36/4] >> loss: 0.2413  Mult_acc_2: 0.8553  Mult_acc_3: 0.7844  Mult_acc_5: 0.6067  F1_score: 0.8588  MAE: 0.2192  Corr: 0.8933  clm loss: 2.6413 total loss: 3.9337 bn loss: 0.2631 av loss: 0.4488 text loss: 0.3391
2026-01-25 12:37:31,951 - MMSA [INFO] - VAL-(msalm) >>  Mult_acc_2: 0.7456  Mult_acc_3: 0.6623  Mult_acc_5: 0.4101  F1_score: 0.7520  MAE: 0.4009  Corr: 0.6388  Loss: 0.4082 
2026-01-25 12:37:41,201 - MMSA [INFO] - TRAIN-(msalm) [6/37/4] >> loss: 0.2384  Mult_acc_2: 0.8560  Mult_acc_3: 0.7961  Mult_acc_5: 0.6038  F1_score: 0.8594  MAE: 0.2242  Corr: 0.8946  clm loss: 2.6502 total loss: 3.9296 bn loss: 0.2493 av loss: 0.4488 text loss: 0.3429
2026-01-25 12:37:43,010 - MMSA [INFO] - VAL-(msalm) >>  Mult_acc_2: 0.7281  Mult_acc_3: 0.6469  Mult_acc_5: 0.3750  F1_score: 0.7384  MAE: 0.4125  Corr: 0.6459  Loss: 0.4316 
2026-01-25 12:37:52,217 - MMSA [INFO] - TRAIN-(msalm) [7/38/4] >> loss: 0.2335  Mult_acc_2: 0.8706  Mult_acc_3: 0.7982  Mult_acc_5: 0.6133  F1_score: 0.8738  MAE: 0.2152  Corr: 0.9018  clm loss: 2.5938 total loss: 3.8536 bn loss: 0.2485 av loss: 0.4539 text loss: 0.324
2026-01-25 12:37:54,011 - MMSA [INFO] - VAL-(msalm) >>  Mult_acc_2: 0.7434  Mult_acc_3: 0.6645  Mult_acc_5: 0.4079  F1_score: 0.7515  MAE: 0.3917  Corr: 0.6631  Loss: 0.4023 
2026-01-25 12:38:03,168 - MMSA [INFO] - TRAIN-(msalm) [8/39/4] >> loss: 0.2178  Mult_acc_2: 0.8830  Mult_acc_3: 0.8194  Mult_acc_5: 0.6462  F1_score: 0.8856  MAE: 0.1963  Corr: 0.9172  clm loss: 2.5826 total loss: 3.7994 bn loss: 0.2391 av loss: 0.4473 text loss: 0.3126
2026-01-25 12:38:04,937 - MMSA [INFO] - VAL-(msalm) >>  Mult_acc_2: 0.7434  Mult_acc_3: 0.6557  Mult_acc_5: 0.4101  F1_score: 0.7505  MAE: 0.4001  Corr: 0.6452  Loss: 0.4069 
2026-01-25 12:38:14,084 - MMSA [INFO] - TRAIN-(msalm) [9/40/4] >> loss: 0.2147  Mult_acc_2: 0.8743  Mult_acc_3: 0.8129  Mult_acc_5: 0.6469  F1_score: 0.8773  MAE: 0.1988  Corr: 0.9129  clm loss: 2.5456 total loss: 3.7413 bn loss: 0.2248 av loss: 0.4513 text loss: 0.305
2026-01-25 12:38:16,232 - MMSA [INFO] - VAL-(msalm) >>  Mult_acc_2: 0.7390  Mult_acc_3: 0.6645  Mult_acc_5: 0.4211  F1_score: 0.7477  MAE: 0.4043  Corr: 0.6486  Loss: 0.4050 
2026-01-25 12:38:25,405 - MMSA [INFO] - TRAIN-(msalm) [10/41/4] >> loss: 0.2103  Mult_acc_2: 0.8867  Mult_acc_3: 0.8143  Mult_acc_5: 0.6484  F1_score: 0.8892  MAE: 0.1957  Corr: 0.9221  clm loss: 2.5484 total loss: 3.7496 bn loss: 0.2296 av loss: 0.4487 text loss: 0.3126
2026-01-25 12:38:27,190 - MMSA [INFO] - VAL-(msalm) >>  Mult_acc_2: 0.7522  Mult_acc_3: 0.6491  Mult_acc_5: 0.4057  F1_score: 0.7596  MAE: 0.3971  Corr: 0.6541  Loss: 0.3974 
2026-01-25 12:38:29,440 - MMSA [INFO] - TEST-(msalm) >>  Mult_acc_2: 0.8249  Mult_acc_3: 0.7199  Mult_acc_5: 0.4989  F1_score: 0.8284  MAE: 0.3480  Corr: 0.7252  Loss: 0.3590 
2026-01-25 12:38:30,739 - MMSA [INFO] - Result for seed 1993: {'Mult_acc_2': 0.8249, 'Mult_acc_3': 0.7199, 'Mult_acc_5': 0.4989, 'F1_score': 0.8284, 'MAE': 0.348, 'Corr': 0.7252, 'Loss': 0.359, 'seed': 1993}
2026-01-25 12:38:30,740 - MMSA [INFO] - ------------------------------ Running with seed 1994 [5/5] ------------------------------
2026-01-25 12:39:49,166 - MMSA [INFO] - The model has 173502892 trainable parameters
2026-01-25 12:39:58,294 - MMSA [INFO] - TRAIN-(msalm) [1/1/5] >> loss: 0.6341  Mult_acc_2: 0.5541  Mult_acc_3: 0.3801  Mult_acc_5: 0.1798  F1_score: 0.5699  MAE: 0.6339  Corr: 0.0739  clm loss: 7.6148 total loss: 10.9191 bn loss: 0.9929 av loss: 0.6569 text loss: 1.0204
2026-01-25 12:40:00,069 - MMSA [INFO] - VAL-(msalm) >>  Mult_acc_2: 0.5746  Mult_acc_3: 0.3882  Mult_acc_5: 0.1776  F1_score: 0.5800  MAE: 0.6274  Corr: 0.0260  Loss: 0.6260 
2026-01-25 12:40:10,436 - MMSA [INFO] - TRAIN-(msalm) [1/2/5] >> loss: 0.5924  Mult_acc_2: 0.5994  Mult_acc_3: 0.4554  Mult_acc_5: 0.2032  F1_score: 0.6124  MAE: 0.5927  Corr: 0.2273  clm loss: 6.4903 total loss: 9.3711 bn loss: 0.789 av loss: 0.6082 text loss: 0.8911
2026-01-25 12:40:12,218 - MMSA [INFO] - VAL-(msalm) >>  Mult_acc_2: 0.6447  Mult_acc_3: 0.4934  Mult_acc_5: 0.2193  F1_score: 0.6514  MAE: 0.5591  Corr: 0.3371  Loss: 0.5632 
2026-01-25 12:40:22,467 - MMSA [INFO] - TRAIN-(msalm) [1/3/5] >> loss: 0.5239  Mult_acc_2: 0.6981  Mult_acc_3: 0.5534  Mult_acc_5: 0.2610  F1_score: 0.7070  MAE: 0.5191  Corr: 0.4548  clm loss: 5.3989 total loss: 7.923 bn loss: 0.652 av loss: 0.5753 text loss: 0.7729
2026-01-25 12:40:24,200 - MMSA [INFO] - VAL-(msalm) >>  Mult_acc_2: 0.6667  Mult_acc_3: 0.5439  Mult_acc_5: 0.2829  F1_score: 0.6790  MAE: 0.5282  Corr: 0.4661  Loss: 0.5539 
2026-01-25 12:40:34,456 - MMSA [INFO] - TRAIN-(msalm) [1/4/5] >> loss: 0.4913  Mult_acc_2: 0.7259  Mult_acc_3: 0.6096  Mult_acc_5: 0.3450  F1_score: 0.7338  MAE: 0.4646  Corr: 0.5605  clm loss: 4.602 total loss: 6.8799 bn loss: 0.5772 av loss: 0.5468 text loss: 0.6626
2026-01-25 12:40:36,267 - MMSA [INFO] - VAL-(msalm) >>  Mult_acc_2: 0.6776  Mult_acc_3: 0.5636  Mult_acc_5: 0.3158  F1_score: 0.6893  MAE: 0.5208  Corr: 0.4939  Loss: 0.5514 
2026-01-25 12:40:46,487 - MMSA [INFO] - TRAIN-(msalm) [1/5/5] >> loss: 0.492  Mult_acc_2: 0.7368  Mult_acc_3: 0.6243  Mult_acc_5: 0.3436  F1_score: 0.7425  MAE: 0.4687  Corr: 0.5480  clm loss: 4.0667 total loss: 6.2454 bn loss: 0.5392 av loss: 0.5321 text loss: 0.6154
2026-01-25 12:40:48,316 - MMSA [INFO] - VAL-(msalm) >>  Mult_acc_2: 0.6886  Mult_acc_3: 0.5855  Mult_acc_5: 0.3289  F1_score: 0.6985  MAE: 0.4884  Corr: 0.5214  Loss: 0.5074 
2026-01-25 12:40:58,533 - MMSA [INFO] - TRAIN-(msalm) [1/6/5] >> loss: 0.4724  Mult_acc_2: 0.7427  Mult_acc_3: 0.6199  Mult_acc_5: 0.3341  F1_score: 0.7473  MAE: 0.4625  Corr: 0.5601  clm loss: 3.8705 total loss: 5.9828 bn loss: 0.5172 av loss: 0.5131 text loss: 0.6095
2026-01-25 12:41:00,345 - MMSA [INFO] - VAL-(msalm) >>  Mult_acc_2: 0.7368  Mult_acc_3: 0.6162  Mult_acc_5: 0.3618  F1_score: 0.7388  MAE: 0.4704  Corr: 0.5407  Loss: 0.5119 
2026-01-25 12:41:09,486 - MMSA [INFO] - TRAIN-(msalm) [2/7/5] >> loss: 0.4757  Mult_acc_2: 0.7303  Mult_acc_3: 0.6170  Mult_acc_5: 0.3355  F1_score: 0.7364  MAE: 0.4610  Corr: 0.5678  clm loss: 3.7129 total loss: 5.787 bn loss: 0.5138 av loss: 0.5045 text loss: 0.58
2026-01-25 12:41:11,303 - MMSA [INFO] - VAL-(msalm) >>  Mult_acc_2: 0.7083  Mult_acc_3: 0.6031  Mult_acc_5: 0.3553  F1_score: 0.7132  MAE: 0.4740  Corr: 0.5366  Loss: 0.5071 
2026-01-25 12:41:21,558 - MMSA [INFO] - TRAIN-(msalm) [1/8/5] >> loss: 0.4504  Mult_acc_2: 0.7654  Mult_acc_3: 0.6396  Mult_acc_5: 0.3458  F1_score: 0.7680  MAE: 0.4408  Corr: 0.5993  clm loss: 3.544 total loss: 5.551 bn loss: 0.4981 av loss: 0.4814 text loss: 0.5771
2026-01-25 12:41:23,383 - MMSA [INFO] - VAL-(msalm) >>  Mult_acc_2: 0.7368  Mult_acc_3: 0.6096  Mult_acc_5: 0.3355  F1_score: 0.7363  MAE: 0.4598  Corr: 0.5670  Loss: 0.4835 
2026-01-25 12:41:33,693 - MMSA [INFO] - TRAIN-(msalm) [1/9/5] >> loss: 0.4467  Mult_acc_2: 0.7705  Mult_acc_3: 0.6506  Mult_acc_5: 0.3648  F1_score: 0.7735  MAE: 0.4372  Corr: 0.5974  clm loss: 3.3782 total loss: 5.3624 bn loss: 0.496 av loss: 0.4793 text loss: 0.5622
2026-01-25 12:41:35,786 - MMSA [INFO] - VAL-(msalm) >>  Mult_acc_2: 0.7237  Mult_acc_3: 0.6140  Mult_acc_5: 0.3399  F1_score: 0.7258  MAE: 0.4566  Corr: 0.5720  Loss: 0.4764 
2026-01-25 12:41:46,148 - MMSA [INFO] - TRAIN-(msalm) [1/10/5] >> loss: 0.4497  Mult_acc_2: 0.7690  Mult_acc_3: 0.6477  Mult_acc_5: 0.3655  F1_score: 0.7730  MAE: 0.4342  Corr: 0.6103  clm loss: 3.3527 total loss: 5.3169 bn loss: 0.4839 av loss: 0.4709 text loss: 0.5598
2026-01-25 12:41:47,979 - MMSA [INFO] - VAL-(msalm) >>  Mult_acc_2: 0.7544  Mult_acc_3: 0.6140  Mult_acc_5: 0.3575  F1_score: 0.7511  MAE: 0.4605  Corr: 0.5584  Loss: 0.5252 
2026-01-25 12:41:57,124 - MMSA [INFO] - TRAIN-(msalm) [2/11/5] >> loss: 0.4396  Mult_acc_2: 0.7507  Mult_acc_3: 0.6433  Mult_acc_5: 0.3743  F1_score: 0.7547  MAE: 0.4162  Corr: 0.6298  clm loss: 3.2838 total loss: 5.231 bn loss: 0.4969 av loss: 0.468 text loss: 0.5427
2026-01-25 12:41:58,923 - MMSA [INFO] - VAL-(msalm) >>  Mult_acc_2: 0.7346  Mult_acc_3: 0.6184  Mult_acc_5: 0.3684  F1_score: 0.7382  MAE: 0.4388  Corr: 0.5846  Loss: 0.4639 
2026-01-25 12:42:09,137 - MMSA [INFO] - TRAIN-(msalm) [1/12/5] >> loss: 0.4194  Mult_acc_2: 0.7683  Mult_acc_3: 0.6484  Mult_acc_5: 0.3801  F1_score: 0.7707  MAE: 0.4053  Corr: 0.6559  clm loss: 3.27 total loss: 5.2062 bn loss: 0.4857 av loss: 0.4645 text loss: 0.5666
2026-01-25 12:42:10,906 - MMSA [INFO] - VAL-(msalm) >>  Mult_acc_2: 0.7171  Mult_acc_3: 0.6162  Mult_acc_5: 0.3706  F1_score: 0.7267  MAE: 0.4421  Corr: 0.6039  Loss: 0.4760 
2026-01-25 12:42:20,098 - MMSA [INFO] - TRAIN-(msalm) [2/13/5] >> loss: 0.418  Mult_acc_2: 0.7712  Mult_acc_3: 0.6652  Mult_acc_5: 0.3882  F1_score: 0.7740  MAE: 0.4062  Corr: 0.6590  clm loss: 3.2048 total loss: 5.1094 bn loss: 0.465 av loss: 0.4634 text loss: 0.5583
2026-01-25 12:42:21,938 - MMSA [INFO] - VAL-(msalm) >>  Mult_acc_2: 0.6996  Mult_acc_3: 0.6272  Mult_acc_5: 0.3640  F1_score: 0.7109  MAE: 0.4434  Corr: 0.6174  Loss: 0.4697 
2026-01-25 12:42:31,097 - MMSA [INFO] - TRAIN-(msalm) [3/14/5] >> loss: 0.4015  Mult_acc_2: 0.7880  Mult_acc_3: 0.6630  Mult_acc_5: 0.3904  F1_score: 0.7884  MAE: 0.3866  Corr: 0.6877  clm loss: 3.2127 total loss: 5.0637 bn loss: 0.4617 av loss: 0.463 text loss: 0.5247
2026-01-25 12:42:32,970 - MMSA [INFO] - VAL-(msalm) >>  Mult_acc_2: 0.7281  Mult_acc_3: 0.6316  Mult_acc_5: 0.3838  F1_score: 0.7363  MAE: 0.4206  Corr: 0.6257  Loss: 0.4489 
2026-01-25 12:42:43,316 - MMSA [INFO] - TRAIN-(msalm) [1/15/5] >> loss: 0.3974  Mult_acc_2: 0.7902  Mult_acc_3: 0.6857  Mult_acc_5: 0.4057  F1_score: 0.7923  MAE: 0.3809  Corr: 0.6988  clm loss: 3.1789 total loss: 5.0101 bn loss: 0.4507 av loss: 0.4619 text loss: 0.5212
2026-01-25 12:42:45,145 - MMSA [INFO] - VAL-(msalm) >>  Mult_acc_2: 0.7566  Mult_acc_3: 0.6425  Mult_acc_5: 0.3772  F1_score: 0.7613  MAE: 0.4210  Corr: 0.6244  Loss: 0.4762 
2026-01-25 12:42:54,323 - MMSA [INFO] - TRAIN-(msalm) [2/16/5] >> loss: 0.3896  Mult_acc_2: 0.7880  Mult_acc_3: 0.6842  Mult_acc_5: 0.4159  F1_score: 0.7909  MAE: 0.3731  Corr: 0.7091  clm loss: 3.1513 total loss: 4.9536 bn loss: 0.4459 av loss: 0.4632 text loss: 0.5036
2026-01-25 12:42:56,119 - MMSA [INFO] - VAL-(msalm) >>  Mult_acc_2: 0.7478  Mult_acc_3: 0.6447  Mult_acc_5: 0.3969  F1_score: 0.7551  MAE: 0.4140  Corr: 0.6339  Loss: 0.4527 
2026-01-25 12:43:05,302 - MMSA [INFO] - TRAIN-(msalm) [3/17/5] >> loss: 0.377  Mult_acc_2: 0.8070  Mult_acc_3: 0.7047  Mult_acc_5: 0.4364  F1_score: 0.8096  MAE: 0.3538  Corr: 0.7351  clm loss: 3.1197 total loss: 4.876 bn loss: 0.4421 av loss: 0.4577 text loss: 0.4795
2026-01-25 12:43:07,384 - MMSA [INFO] - VAL-(msalm) >>  Mult_acc_2: 0.7785  Mult_acc_3: 0.6491  Mult_acc_5: 0.3969  F1_score: 0.7825  MAE: 0.4045  Corr: 0.6474  Loss: 0.4555 
2026-01-25 12:43:16,494 - MMSA [INFO] - TRAIN-(msalm) [4/18/5] >> loss: 0.3589  Mult_acc_2: 0.8231  Mult_acc_3: 0.7178  Mult_acc_5: 0.4371  F1_score: 0.8250  MAE: 0.3382  Corr: 0.7640  clm loss: 3.0789 total loss: 4.7869 bn loss: 0.4214 av loss: 0.4552 text loss: 0.4725
2026-01-25 12:43:18,317 - MMSA [INFO] - VAL-(msalm) >>  Mult_acc_2: 0.7719  Mult_acc_3: 0.6689  Mult_acc_5: 0.3904  F1_score: 0.7765  MAE: 0.3976  Corr: 0.6611  Loss: 0.4368 
2026-01-25 12:43:28,528 - MMSA [INFO] - TRAIN-(msalm) [1/19/5] >> loss: 0.3708  Mult_acc_2: 0.7982  Mult_acc_3: 0.7003  Mult_acc_5: 0.4313  F1_score: 0.8008  MAE: 0.3553  Corr: 0.7375  clm loss: 3.1118 total loss: 4.8291 bn loss: 0.4171 av loss: 0.4606 text loss: 0.4689
2026-01-25 12:43:30,354 - MMSA [INFO] - VAL-(msalm) >>  Mult_acc_2: 0.7807  Mult_acc_3: 0.6579  Mult_acc_5: 0.3925  F1_score: 0.7857  MAE: 0.3933  Corr: 0.6644  Loss: 0.4514 
2026-01-25 12:43:39,434 - MMSA [INFO] - TRAIN-(msalm) [2/20/5] >> loss: 0.3625  Mult_acc_2: 0.8136  Mult_acc_3: 0.7061  Mult_acc_5: 0.4510  F1_score: 0.8166  MAE: 0.3416  Corr: 0.7512  clm loss: 3.0511 total loss: 4.7339 bn loss: 0.4075 av loss: 0.4615 text loss: 0.4514
2026-01-25 12:43:41,212 - MMSA [INFO] - VAL-(msalm) >>  Mult_acc_2: 0.7522  Mult_acc_3: 0.6557  Mult_acc_5: 0.4079  F1_score: 0.7602  MAE: 0.3962  Corr: 0.6661  Loss: 0.4315 
2026-01-25 12:43:51,457 - MMSA [INFO] - TRAIN-(msalm) [1/21/5] >> loss: 0.3473  Mult_acc_2: 0.8158  Mult_acc_3: 0.7200  Mult_acc_5: 0.4642  F1_score: 0.8187  MAE: 0.3288  Corr: 0.7706  clm loss: 3.0353 total loss: 4.682 bn loss: 0.3988 av loss: 0.4532 text loss: 0.4473
2026-01-25 12:43:53,211 - MMSA [INFO] - VAL-(msalm) >>  Mult_acc_2: 0.7829  Mult_acc_3: 0.6776  Mult_acc_5: 0.4298  F1_score: 0.7879  MAE: 0.3927  Corr: 0.6560  Loss: 0.4142 
2026-01-25 12:44:03,477 - MMSA [INFO] - TRAIN-(msalm) [1/22/5] >> loss: 0.3351  Mult_acc_2: 0.8194  Mult_acc_3: 0.7208  Mult_acc_5: 0.4693  F1_score: 0.8226  MAE: 0.3217  Corr: 0.7858  clm loss: 3.0154 total loss: 4.6489 bn loss: 0.3871 av loss: 0.4537 text loss: 0.4576
2026-01-25 12:44:05,588 - MMSA [INFO] - VAL-(msalm) >>  Mult_acc_2: 0.7895  Mult_acc_3: 0.6864  Mult_acc_5: 0.4298  F1_score: 0.7931  MAE: 0.3914  Corr: 0.6619  Loss: 0.4198 
2026-01-25 12:44:14,824 - MMSA [INFO] - TRAIN-(msalm) [2/23/5] >> loss: 0.3272  Mult_acc_2: 0.8282  Mult_acc_3: 0.7332  Mult_acc_5: 0.4883  F1_score: 0.8314  MAE: 0.3116  Corr: 0.7965  clm loss: 2.9742 total loss: 4.574 bn loss: 0.3776 av loss: 0.457 text loss: 0.4381
2026-01-25 12:44:16,674 - MMSA [INFO] - VAL-(msalm) >>  Mult_acc_2: 0.7982  Mult_acc_3: 0.6732  Mult_acc_5: 0.4232  F1_score: 0.8001  MAE: 0.3953  Corr: 0.6561  Loss: 0.4396 
2026-01-25 12:44:25,831 - MMSA [INFO] - TRAIN-(msalm) [3/24/5] >> loss: 0.3293  Mult_acc_2: 0.8319  Mult_acc_3: 0.7317  Mult_acc_5: 0.4773  F1_score: 0.8350  MAE: 0.3134  Corr: 0.7989  clm loss: 2.9602 total loss: 4.5829 bn loss: 0.3881 av loss: 0.4649 text loss: 0.4404
2026-01-25 12:44:27,613 - MMSA [INFO] - VAL-(msalm) >>  Mult_acc_2: 0.7741  Mult_acc_3: 0.6623  Mult_acc_5: 0.4145  F1_score: 0.7796  MAE: 0.3968  Corr: 0.6564  Loss: 0.4417 
2026-01-25 12:44:36,926 - MMSA [INFO] - TRAIN-(msalm) [4/25/5] >> loss: 0.3139  Mult_acc_2: 0.8238  Mult_acc_3: 0.7427  Mult_acc_5: 0.5029  F1_score: 0.8271  MAE: 0.2977  Corr: 0.8080  clm loss: 2.9266 total loss: 4.456 bn loss: 0.3575 av loss: 0.4438 text loss: 0.4143
2026-01-25 12:44:38,725 - MMSA [INFO] - VAL-(msalm) >>  Mult_acc_2: 0.7982  Mult_acc_3: 0.6623  Mult_acc_5: 0.4167  F1_score: 0.8011  MAE: 0.3916  Corr: 0.6628  Loss: 0.4466 
2026-01-25 12:44:48,067 - MMSA [INFO] - TRAIN-(msalm) [5/26/5] >> loss: 0.3133  Mult_acc_2: 0.8355  Mult_acc_3: 0.7449  Mult_acc_5: 0.5044  F1_score: 0.8382  MAE: 0.2965  Corr: 0.8140  clm loss: 2.9102 total loss: 4.4425 bn loss: 0.356 av loss: 0.4541 text loss: 0.409
2026-01-25 12:44:49,990 - MMSA [INFO] - VAL-(msalm) >>  Mult_acc_2: 0.7917  Mult_acc_3: 0.6557  Mult_acc_5: 0.4276  F1_score: 0.7934  MAE: 0.3935  Corr: 0.6611  Loss: 0.4352 
2026-01-25 12:44:59,253 - MMSA [INFO] - TRAIN-(msalm) [6/27/5] >> loss: 0.3012  Mult_acc_2: 0.8436  Mult_acc_3: 0.7675  Mult_acc_5: 0.5365  F1_score: 0.8465  MAE: 0.2841  Corr: 0.8288  clm loss: 2.8856 total loss: 4.3964 bn loss: 0.3533 av loss: 0.4551 text loss: 0.4012
2026-01-25 12:45:01,070 - MMSA [INFO] - VAL-(msalm) >>  Mult_acc_2: 0.7632  Mult_acc_3: 0.6820  Mult_acc_5: 0.4320  F1_score: 0.7703  MAE: 0.3913  Corr: 0.6671  Loss: 0.4245 
2026-01-25 12:45:10,218 - MMSA [INFO] - TRAIN-(msalm) [7/28/5] >> loss: 0.2899  Mult_acc_2: 0.8640  Mult_acc_3: 0.7836  Mult_acc_5: 0.5336  F1_score: 0.8667  MAE: 0.2736  Corr: 0.8487  clm loss: 2.8477 total loss: 4.297 bn loss: 0.3337 av loss: 0.4481 text loss: 0.3776
2026-01-25 12:45:12,183 - MMSA [INFO] - VAL-(msalm) >>  Mult_acc_2: 0.7654  Mult_acc_3: 0.6535  Mult_acc_5: 0.3947  F1_score: 0.7734  MAE: 0.3980  Corr: 0.6700  Loss: 0.4139 
2026-01-25 12:45:22,425 - MMSA [INFO] - TRAIN-(msalm) [1/29/5] >> loss: 0.2938  Mult_acc_2: 0.8538  Mult_acc_3: 0.7580  Mult_acc_5: 0.5168  F1_score: 0.8566  MAE: 0.2781  Corr: 0.8421  clm loss: 2.8432 total loss: 4.3072 bn loss: 0.3282 av loss: 0.4523 text loss: 0.3897
2026-01-25 12:45:24,238 - MMSA [INFO] - VAL-(msalm) >>  Mult_acc_2: 0.7675  Mult_acc_3: 0.6689  Mult_acc_5: 0.4167  F1_score: 0.7750  MAE: 0.3914  Corr: 0.6743  Loss: 0.4154 
2026-01-25 12:45:33,424 - MMSA [INFO] - TRAIN-(msalm) [2/30/5] >> loss: 0.2866  Mult_acc_2: 0.8487  Mult_acc_3: 0.7705  Mult_acc_5: 0.5556  F1_score: 0.8520  MAE: 0.2688  Corr: 0.8426  clm loss: 2.7907 total loss: 4.2642 bn loss: 0.3357 av loss: 0.4532 text loss: 0.398
2026-01-25 12:45:35,462 - MMSA [INFO] - VAL-(msalm) >>  Mult_acc_2: 0.7588  Mult_acc_3: 0.6601  Mult_acc_5: 0.4079  F1_score: 0.7658  MAE: 0.3907  Corr: 0.6718  Loss: 0.4120 
2026-01-25 12:45:45,762 - MMSA [INFO] - TRAIN-(msalm) [1/31/5] >> loss: 0.2749  Mult_acc_2: 0.8516  Mult_acc_3: 0.7792  Mult_acc_5: 0.5607  F1_score: 0.8548  MAE: 0.2583  Corr: 0.8572  clm loss: 2.8296 total loss: 4.2476 bn loss: 0.3221 av loss: 0.4433 text loss: 0.3777
2026-01-25 12:45:47,558 - MMSA [INFO] - VAL-(msalm) >>  Mult_acc_2: 0.7675  Mult_acc_3: 0.6754  Mult_acc_5: 0.4211  F1_score: 0.7746  MAE: 0.3889  Corr: 0.6715  Loss: 0.4195 
2026-01-25 12:45:56,721 - MMSA [INFO] - TRAIN-(msalm) [2/32/5] >> loss: 0.2792  Mult_acc_2: 0.8545  Mult_acc_3: 0.7661  Mult_acc_5: 0.5322  F1_score: 0.8573  MAE: 0.2671  Corr: 0.8494  clm loss: 2.775 total loss: 4.199 bn loss: 0.3168 av loss: 0.4508 text loss: 0.3771
2026-01-25 12:45:58,530 - MMSA [INFO] - VAL-(msalm) >>  Mult_acc_2: 0.7895  Mult_acc_3: 0.6689  Mult_acc_5: 0.4167  F1_score: 0.7928  MAE: 0.3928  Corr: 0.6623  Loss: 0.4085 
2026-01-25 12:46:08,919 - MMSA [INFO] - TRAIN-(msalm) [1/33/5] >> loss: 0.2621  Mult_acc_2: 0.8545  Mult_acc_3: 0.7880  Mult_acc_5: 0.5811  F1_score: 0.8578  MAE: 0.2448  Corr: 0.8704  clm loss: 2.7301 total loss: 4.1028 bn loss: 0.3024 av loss: 0.4452 text loss: 0.363
2026-01-25 12:46:10,674 - MMSA [INFO] - VAL-(msalm) >>  Mult_acc_2: 0.7982  Mult_acc_3: 0.6820  Mult_acc_5: 0.4298  F1_score: 0.8023  MAE: 0.3898  Corr: 0.6625  Loss: 0.4125 
2026-01-25 12:46:19,819 - MMSA [INFO] - TRAIN-(msalm) [2/34/5] >> loss: 0.2601  Mult_acc_2: 0.8487  Mult_acc_3: 0.7829  Mult_acc_5: 0.5643  F1_score: 0.8522  MAE: 0.2443  Corr: 0.8725  clm loss: 2.7157 total loss: 4.0823 bn loss: 0.2966 av loss: 0.4493 text loss: 0.3607
2026-01-25 12:46:21,637 - MMSA [INFO] - VAL-(msalm) >>  Mult_acc_2: 0.7961  Mult_acc_3: 0.6623  Mult_acc_5: 0.4189  F1_score: 0.8000  MAE: 0.3957  Corr: 0.6567  Loss: 0.4058 
2026-01-25 12:46:31,872 - MMSA [INFO] - TRAIN-(msalm) [1/35/5] >> loss: 0.2503  Mult_acc_2: 0.8779  Mult_acc_3: 0.7807  Mult_acc_5: 0.5621  F1_score: 0.8803  MAE: 0.2373  Corr: 0.8819  clm loss: 2.6844 total loss: 4.0036 bn loss: 0.2894 av loss: 0.4441 text loss: 0.3355
2026-01-25 12:46:33,657 - MMSA [INFO] - VAL-(msalm) >>  Mult_acc_2: 0.7763  Mult_acc_3: 0.6820  Mult_acc_5: 0.4276  F1_score: 0.7829  MAE: 0.3934  Corr: 0.6583  Loss: 0.4157 
2026-01-25 12:46:42,804 - MMSA [INFO] - TRAIN-(msalm) [2/36/5] >> loss: 0.2572  Mult_acc_2: 0.8684  Mult_acc_3: 0.7939  Mult_acc_5: 0.5833  F1_score: 0.8713  MAE: 0.2348  Corr: 0.8816  clm loss: 2.6839 total loss: 4.0122 bn loss: 0.2797 av loss: 0.4504 text loss: 0.3409
2026-01-25 12:46:44,660 - MMSA [INFO] - VAL-(msalm) >>  Mult_acc_2: 0.7544  Mult_acc_3: 0.6623  Mult_acc_5: 0.4079  F1_score: 0.7629  MAE: 0.4036  Corr: 0.6527  Loss: 0.4116 
2026-01-25 12:46:53,797 - MMSA [INFO] - TRAIN-(msalm) [3/37/5] >> loss: 0.2304  Mult_acc_2: 0.8772  Mult_acc_3: 0.8121  Mult_acc_5: 0.6126  F1_score: 0.8798  MAE: 0.2134  Corr: 0.9026  clm loss: 2.6418 total loss: 3.9123 bn loss: 0.2695 av loss: 0.4403 text loss: 0.3303
2026-01-25 12:46:55,655 - MMSA [INFO] - VAL-(msalm) >>  Mult_acc_2: 0.7741  Mult_acc_3: 0.6535  Mult_acc_5: 0.4035  F1_score: 0.7804  MAE: 0.4039  Corr: 0.6477  Loss: 0.4160 
2026-01-25 12:47:04,822 - MMSA [INFO] - TRAIN-(msalm) [4/38/5] >> loss: 0.2287  Mult_acc_2: 0.8670  Mult_acc_3: 0.8063  Mult_acc_5: 0.6118  F1_score: 0.8702  MAE: 0.2144  Corr: 0.9024  clm loss: 2.6368 total loss: 3.9119 bn loss: 0.2668 av loss: 0.4514 text loss: 0.3283
2026-01-25 12:47:06,692 - MMSA [INFO] - VAL-(msalm) >>  Mult_acc_2: 0.7566  Mult_acc_3: 0.6557  Mult_acc_5: 0.4035  F1_score: 0.7638  MAE: 0.4027  Corr: 0.6474  Loss: 0.4109 
2026-01-25 12:47:15,827 - MMSA [INFO] - TRAIN-(msalm) [5/39/5] >> loss: 0.2242  Mult_acc_2: 0.8750  Mult_acc_3: 0.8077  Mult_acc_5: 0.6330  F1_score: 0.8782  MAE: 0.2051  Corr: 0.9123  clm loss: 2.5928 total loss: 3.8421 bn loss: 0.263 av loss: 0.4347 text loss: 0.3273
2026-01-25 12:47:17,611 - MMSA [INFO] - VAL-(msalm) >>  Mult_acc_2: 0.7522  Mult_acc_3: 0.6535  Mult_acc_5: 0.3947  F1_score: 0.7607  MAE: 0.4050  Corr: 0.6501  Loss: 0.4185 
2026-01-25 12:47:26,746 - MMSA [INFO] - TRAIN-(msalm) [6/40/5] >> loss: 0.2186  Mult_acc_2: 0.8677  Mult_acc_3: 0.8173  Mult_acc_5: 0.6477  F1_score: 0.8711  MAE: 0.1994  Corr: 0.9123  clm loss: 2.5707 total loss: 3.7982 bn loss: 0.2515 av loss: 0.4403 text loss: 0.3171
2026-01-25 12:47:28,565 - MMSA [INFO] - VAL-(msalm) >>  Mult_acc_2: 0.7500  Mult_acc_3: 0.6579  Mult_acc_5: 0.3882  F1_score: 0.7575  MAE: 0.4069  Corr: 0.6438  Loss: 0.4256 
2026-01-25 12:47:37,862 - MMSA [INFO] - TRAIN-(msalm) [7/41/5] >> loss: 0.2048  Mult_acc_2: 0.8794  Mult_acc_3: 0.8136  Mult_acc_5: 0.6725  F1_score: 0.8820  MAE: 0.1889  Corr: 0.9229  clm loss: 2.5314 total loss: 3.7319 bn loss: 0.2486 av loss: 0.4411 text loss: 0.306
2026-01-25 12:47:39,662 - MMSA [INFO] - VAL-(msalm) >>  Mult_acc_2: 0.7325  Mult_acc_3: 0.6623  Mult_acc_5: 0.3969  F1_score: 0.7419  MAE: 0.4121  Corr: 0.6435  Loss: 0.4238 
2026-01-25 12:47:48,801 - MMSA [INFO] - TRAIN-(msalm) [8/42/5] >> loss: 0.2088  Mult_acc_2: 0.8670  Mult_acc_3: 0.8129  Mult_acc_5: 0.6440  F1_score: 0.8704  MAE: 0.1946  Corr: 0.9195  clm loss: 2.5336 total loss: 3.7644 bn loss: 0.2534 av loss: 0.4474 text loss: 0.3212
2026-01-25 12:47:50,598 - MMSA [INFO] - VAL-(msalm) >>  Mult_acc_2: 0.7456  Mult_acc_3: 0.6557  Mult_acc_5: 0.3816  F1_score: 0.7543  MAE: 0.4107  Corr: 0.6442  Loss: 0.4202 
2026-01-25 12:47:59,710 - MMSA [INFO] - TRAIN-(msalm) [9/43/5] >> loss: 0.2142  Mult_acc_2: 0.8808  Mult_acc_3: 0.8129  Mult_acc_5: 0.6506  F1_score: 0.8837  MAE: 0.1907  Corr: 0.9222  clm loss: 2.5174 total loss: 3.7471 bn loss: 0.2383 av loss: 0.4441 text loss: 0.333
2026-01-25 12:48:01,512 - MMSA [INFO] - VAL-(msalm) >>  Mult_acc_2: 0.7697  Mult_acc_3: 0.6469  Mult_acc_5: 0.3969  F1_score: 0.7739  MAE: 0.3995  Corr: 0.6483  Loss: 0.4137 
2026-01-25 12:48:10,659 - MMSA [INFO] - TRAIN-(msalm) [10/44/5] >> loss: 0.2117  Mult_acc_2: 0.8852  Mult_acc_3: 0.8129  Mult_acc_5: 0.6513  F1_score: 0.8870  MAE: 0.1902  Corr: 0.9207  clm loss: 2.5131 total loss: 3.7178 bn loss: 0.237 av loss: 0.4434 text loss: 0.3126
2026-01-25 12:48:12,552 - MMSA [INFO] - VAL-(msalm) >>  Mult_acc_2: 0.7654  Mult_acc_3: 0.6425  Mult_acc_5: 0.3750  F1_score: 0.7702  MAE: 0.4064  Corr: 0.6442  Loss: 0.4059 
2026-01-25 12:48:14,911 - MMSA [INFO] - TEST-(msalm) >>  Mult_acc_2: 0.8293  Mult_acc_3: 0.6783  Mult_acc_5: 0.4289  F1_score: 0.8312  MAE: 0.3610  Corr: 0.7281  Loss: 0.3747 
2026-01-25 12:48:16,221 - MMSA [INFO] - Result for seed 1994: {'Mult_acc_2': 0.8293, 'Mult_acc_3': 0.6783, 'Mult_acc_5': 0.4289, 'F1_score': 0.8312, 'MAE': 0.361, 'Corr': 0.7281, 'Loss': 0.3747, 'seed': 1994}
2026-01-25 12:48:16,243 - MMSA [INFO] - Results saved to MMSA/results/sims/lrs_0002/sparse-mm-token-lvl-router/k_3/nf_16-with-uni-reprs-in-final-tensor/lr_0002__k_3__nf_16-with-uni-reprs-in-final-tensor/normal/sims_avg.csv.
