2025-12-28 18:34:04,030 - MMSA [INFO] - ======================================== Program Start ========================================
2025-12-28 18:34:04,093 - MMSA [INFO] - Running with args:
2025-12-28 18:34:04,093 - MMSA [INFO] - {'model_name': 'msalm', 'dataset_name': 'sims', 'featurePath': '/leonardo_work/EUHPC_A04_051/alexfil/MSA-Datasets/CH-SIMS/unaligned_39.pkl', 'seq_lens': [39, 400, 55], 'feature_dims': [768, 33, 709], 'train_samples': 1368, 'num_classes': 3, 'language': 'cn', 'KeyEval': 'Loss', 'missing_rate': [0.0, 0.0, 0.0], 'missing_seed': [1111, 1111, 1111], 'need_data_aligned': False, 'need_model_aligned': False, 'early_stop': 10, 'use_bert': False, 'use_bert_finetune': False, 'attn_mask': True, 'excludeZero': True, 'update_epochs': 8, 'use_augmentation': False, 'use_m3xup': False, 'hfPath': False, 'use_ulgm': False, 'update_labels_patience': 1, 'H': 3.0, 'del_model': True, 'max_token_len': 39, 'pad_token': '<|endoftext|>', 'lm': '/leonardo_work/EUHPC_A04_051/alexfil/gpt2-chinese-cluecorpussmall', 'use_bf16': False, 'task_out': 1, 'use_clm': True, 'gamma': 1.0, 'l_bn': 1.0, 'l_av': 1.0, 'l_t': 1.0, 'warmup_epochs': 1, 'max_epochs': 100, 'beta_1': 0.9, 'beta_2': 0.95, 'use_lnorm': True, 'rescale': False, 'rescaler': 'sqrt', 'use_seqaug': True, 'n_bn_fusion': 12, 'modded_loss': True, 'embedding_attr_name': 'transformer.wte', 'decoder_layers_attr_name': 'transformer.h', 'mmgpt': {'type': 'gpt2', 'd_out': 64, 'combine': True, 'dropout': 0.1, 'mm_layer': [5, 6, 7, 8, 9, 10, 11], 'top_k': 3, 'layer_dropout': 0.0, 'dense': True, 'tie_ffn': True, 'n_embd': 768, 'bias': True, 'kv_dim': 30, 'n_head': 16, 'd_mm': 768, 'gating': 'sigmoid', 'init_gate': [0.0, 0.0, 0.0, 0.0, 0.0, 0.0, 0.0, 0.0, 0.0, 0.0], 'use_softperm': True, 'p_perm': 0.3, 'p_apply': 0.25, 'use_lora': False, 'lora': {'lora_alpha': 128, 'r': 64, 'lora_dropout': 0.05}}, 'av_enc': {'finetune': True, 'from_pretrained': True, 'path_to_pretrained': '/leonardo_work/EUHPC_A04_051/alexfil/DeepMLF-Reprod/checkpoints/bienc-sims-1990/bienc-sims-1990.pth', 'feature_dims': [768, 33, 709], 'd_enc': 30, 'n_embd': 30, 'n_head': 6, 'nlevels': 3, 'd_enc_out': 30, 'maxlen': 55, 'p_mask': 0.15, 'enc_attn_dropout': 0.1, 'enc_res_dropout': 0.1, 'enc_dropout': 0.1, 'use_softperm': True, 'p_perm': 0.2, 'mask_perm_ratio': 0.5, 'tf_fusion': False, 'use_bn': True, 'use_ln': False}, 'gpt': {'vocab_size': 50257, 'block_size': 1024, 'bias': True, 'n_embd': 1024, 'n_layer': 24, 'n_head': 16, 'dropout': 0.0}, 'batch_size': 32, 'grad_clip': 5.0, 'patience': 10, 'weight_decay_mmgpt': 0.1, 'weight_decay_av': 0.1, 'learning_rate_av': 0.0001, 'learning_rate_mmgpt': 0.0001, 'device': device(type='cuda', index=0), 'train_mode': 'regression', 'custom_feature': None, 'feature_T': '', 'feature_A': '', 'feature_V': ''}
2025-12-28 18:34:04,094 - MMSA [INFO] - Seeds: [1990, 1991, 1992, 1993, 1994]
2025-12-28 18:34:04,095 - MMSA [INFO] - ------------------------------ Running with seed 1990 [1/5] ------------------------------
2025-12-28 18:35:23,966 - MMSA [INFO] - The model has 177635507 trainable parameters
2025-12-28 18:35:33,647 - MMSA [INFO] - TRAIN-(msalm) [1/1/1] >> loss: 0.6989  Mult_acc_2: 0.4518  Mult_acc_3: 0.3348  Mult_acc_5: 0.1659  F1_score: 0.4623  MAE: 0.6979  Corr: 0.0439  clm loss: 7.5807 total loss: 10.7046 bn loss: 0.9319 av loss: 0.6033 text loss: 0.8899
2025-12-28 18:35:35,535 - MMSA [INFO] - VAL-(msalm) >>  Mult_acc_2: 0.4408  Mult_acc_3: 0.3355  Mult_acc_5: 0.1645  F1_score: 0.4383  MAE: 0.6914  Corr: 0.0887  Loss: 0.6785 
2025-12-28 18:35:44,745 - MMSA [INFO] - TRAIN-(msalm) [1/2/1] >> loss: 0.6481  Mult_acc_2: 0.5132  Mult_acc_3: 0.3852  Mult_acc_5: 0.1879  F1_score: 0.5253  MAE: 0.6465  Corr: 0.1973  clm loss: 6.409 total loss: 9.1559 bn loss: 0.7523 av loss: 0.5695 text loss: 0.7769
2025-12-28 18:35:46,455 - MMSA [INFO] - VAL-(msalm) >>  Mult_acc_2: 0.5307  Mult_acc_3: 0.4342  Mult_acc_5: 0.2149  F1_score: 0.5402  MAE: 0.6124  Corr: 0.3165  Loss: 0.6105 
2025-12-28 18:35:55,557 - MMSA [INFO] - TRAIN-(msalm) [1/3/1] >> loss: 0.5763  Mult_acc_2: 0.6009  Mult_acc_3: 0.4942  Mult_acc_5: 0.2493  F1_score: 0.6134  MAE: 0.5702  Corr: 0.4255  clm loss: 5.2552 total loss: 7.6871 bn loss: 0.6233 av loss: 0.5461 text loss: 0.6861
2025-12-28 18:35:57,308 - MMSA [INFO] - VAL-(msalm) >>  Mult_acc_2: 0.5899  Mult_acc_3: 0.5066  Mult_acc_5: 0.2281  F1_score: 0.6037  MAE: 0.6020  Corr: 0.4167  Loss: 0.6391 
2025-12-28 18:36:05,273 - MMSA [INFO] - TRAIN-(msalm) [2/4/1] >> loss: 0.5615  Mult_acc_2: 0.6484  Mult_acc_3: 0.5519  Mult_acc_5: 0.3041  F1_score: 0.6614  MAE: 0.5381  Corr: 0.4926  clm loss: 4.5228 total loss: 6.8131 bn loss: 0.569 av loss: 0.5178 text loss: 0.6421
2025-12-28 18:36:06,986 - MMSA [INFO] - VAL-(msalm) >>  Mult_acc_2: 0.6316  Mult_acc_3: 0.5197  Mult_acc_5: 0.2829  F1_score: 0.6459  MAE: 0.6009  Corr: 0.4406  Loss: 0.6921 
2025-12-28 18:36:14,948 - MMSA [INFO] - TRAIN-(msalm) [3/5/1] >> loss: 0.5619  Mult_acc_2: 0.6674  Mult_acc_3: 0.5731  Mult_acc_5: 0.3056  F1_score: 0.6800  MAE: 0.5296  Corr: 0.5084  clm loss: 4.1296 total loss: 6.3515 bn loss: 0.5459 av loss: 0.5032 text loss: 0.6109
2025-12-28 18:36:16,652 - MMSA [INFO] - VAL-(msalm) >>  Mult_acc_2: 0.6031  Mult_acc_3: 0.5066  Mult_acc_5: 0.2741  F1_score: 0.6149  MAE: 0.5994  Corr: 0.4604  Loss: 0.6629 
2025-12-28 18:36:24,743 - MMSA [INFO] - TRAIN-(msalm) [4/6/1] >> loss: 0.5289  Mult_acc_2: 0.6784  Mult_acc_3: 0.5716  Mult_acc_5: 0.2961  F1_score: 0.6909  MAE: 0.5138  Corr: 0.5225  clm loss: 3.9287 total loss: 6.0756 bn loss: 0.5325 av loss: 0.4976 text loss: 0.588
2025-12-28 18:36:26,450 - MMSA [INFO] - VAL-(msalm) >>  Mult_acc_2: 0.5439  Mult_acc_3: 0.4868  Mult_acc_5: 0.2763  F1_score: 0.5461  MAE: 0.6077  Corr: 0.4752  Loss: 0.6457 
2025-12-28 18:36:34,403 - MMSA [INFO] - TRAIN-(msalm) [5/7/1] >> loss: 0.5226  Mult_acc_2: 0.6711  Mult_acc_3: 0.5651  Mult_acc_5: 0.2931  F1_score: 0.6839  MAE: 0.5113  Corr: 0.5115  clm loss: 3.8449 total loss: 5.9399 bn loss: 0.5063 av loss: 0.4825 text loss: 0.5835
2025-12-28 18:36:36,099 - MMSA [INFO] - VAL-(msalm) >>  Mult_acc_2: 0.5899  Mult_acc_3: 0.5132  Mult_acc_5: 0.2807  F1_score: 0.6007  MAE: 0.5767  Corr: 0.4925  Loss: 0.6340 
2025-12-28 18:36:44,058 - MMSA [INFO] - TRAIN-(msalm) [6/8/1] >> loss: 0.5137  Mult_acc_2: 0.6952  Mult_acc_3: 0.5863  Mult_acc_5: 0.3151  F1_score: 0.7070  MAE: 0.4963  Corr: 0.5478  clm loss: 3.6989 total loss: 5.764 bn loss: 0.508 av loss: 0.4752 text loss: 0.5683
2025-12-28 18:36:45,759 - MMSA [INFO] - VAL-(msalm) >>  Mult_acc_2: 0.6689  Mult_acc_3: 0.5680  Mult_acc_5: 0.3092  F1_score: 0.6819  MAE: 0.5080  Corr: 0.5290  Loss: 0.5472 
2025-12-28 18:36:54,780 - MMSA [INFO] - TRAIN-(msalm) [1/9/1] >> loss: 0.4931  Mult_acc_2: 0.6952  Mult_acc_3: 0.5972  Mult_acc_5: 0.3121  F1_score: 0.7071  MAE: 0.4754  Corr: 0.5883  clm loss: 3.527 total loss: 5.5636 bn loss: 0.5001 av loss: 0.4814 text loss: 0.562
2025-12-28 18:36:56,477 - MMSA [INFO] - VAL-(msalm) >>  Mult_acc_2: 0.6996  Mult_acc_3: 0.5855  Mult_acc_5: 0.3333  F1_score: 0.7107  MAE: 0.4778  Corr: 0.5484  Loss: 0.5091 
2025-12-28 18:37:05,465 - MMSA [INFO] - TRAIN-(msalm) [1/10/1] >> loss: 0.4875  Mult_acc_2: 0.7186  Mult_acc_3: 0.6104  Mult_acc_5: 0.3414  F1_score: 0.7294  MAE: 0.4652  Corr: 0.5964  clm loss: 3.4457 total loss: 5.467 bn loss: 0.4955 av loss: 0.4796 text loss: 0.5587
2025-12-28 18:37:07,187 - MMSA [INFO] - VAL-(msalm) >>  Mult_acc_2: 0.6469  Mult_acc_3: 0.5768  Mult_acc_5: 0.3289  F1_score: 0.6604  MAE: 0.5017  Corr: 0.5552  Loss: 0.5587 
2025-12-28 18:37:15,135 - MMSA [INFO] - TRAIN-(msalm) [2/11/1] >> loss: 0.4665  Mult_acc_2: 0.7105  Mult_acc_3: 0.6140  Mult_acc_5: 0.3553  F1_score: 0.7213  MAE: 0.4469  Corr: 0.6151  clm loss: 3.3699 total loss: 5.3378 bn loss: 0.4829 av loss: 0.4695 text loss: 0.5491
2025-12-28 18:37:16,837 - MMSA [INFO] - VAL-(msalm) >>  Mult_acc_2: 0.6820  Mult_acc_3: 0.5921  Mult_acc_5: 0.3399  F1_score: 0.6946  MAE: 0.4674  Corr: 0.5793  Loss: 0.5009 
2025-12-28 18:37:25,886 - MMSA [INFO] - TRAIN-(msalm) [1/12/1] >> loss: 0.4566  Mult_acc_2: 0.7273  Mult_acc_3: 0.6382  Mult_acc_5: 0.3545  F1_score: 0.7374  MAE: 0.4375  Corr: 0.6358  clm loss: 3.3726 total loss: 5.3051 bn loss: 0.4887 av loss: 0.473 text loss: 0.5141
2025-12-28 18:37:27,610 - MMSA [INFO] - VAL-(msalm) >>  Mult_acc_2: 0.6864  Mult_acc_3: 0.5768  Mult_acc_5: 0.3355  F1_score: 0.6987  MAE: 0.4561  Corr: 0.6001  Loss: 0.4992 
2025-12-28 18:37:36,634 - MMSA [INFO] - TRAIN-(msalm) [1/13/1] >> loss: 0.4447  Mult_acc_2: 0.7208  Mult_acc_3: 0.6184  Mult_acc_5: 0.3582  F1_score: 0.7312  MAE: 0.4267  Corr: 0.6546  clm loss: 3.2946 total loss: 5.1836 bn loss: 0.4705 av loss: 0.4677 text loss: 0.5061
2025-12-28 18:37:38,347 - MMSA [INFO] - VAL-(msalm) >>  Mult_acc_2: 0.7127  Mult_acc_3: 0.6162  Mult_acc_5: 0.3509  F1_score: 0.7228  MAE: 0.4345  Corr: 0.6162  Loss: 0.4669 
2025-12-28 18:37:47,540 - MMSA [INFO] - TRAIN-(msalm) [1/14/1] >> loss: 0.4376  Mult_acc_2: 0.7376  Mult_acc_3: 0.6455  Mult_acc_5: 0.3787  F1_score: 0.7469  MAE: 0.4206  Corr: 0.6465  clm loss: 3.2863 total loss: 5.1367 bn loss: 0.4673 av loss: 0.4729 text loss: 0.4726
2025-12-28 18:37:49,270 - MMSA [INFO] - VAL-(msalm) >>  Mult_acc_2: 0.7346  Mult_acc_3: 0.6140  Mult_acc_5: 0.3531  F1_score: 0.7432  MAE: 0.4327  Corr: 0.6220  Loss: 0.4756 
2025-12-28 18:37:57,233 - MMSA [INFO] - TRAIN-(msalm) [2/15/1] >> loss: 0.4312  Mult_acc_2: 0.7617  Mult_acc_3: 0.6718  Mult_acc_5: 0.3962  F1_score: 0.7699  MAE: 0.4094  Corr: 0.6610  clm loss: 3.2725 total loss: 5.1043 bn loss: 0.4624 av loss: 0.4675 text loss: 0.4708
2025-12-28 18:37:58,929 - MMSA [INFO] - VAL-(msalm) >>  Mult_acc_2: 0.7018  Mult_acc_3: 0.6118  Mult_acc_5: 0.3640  F1_score: 0.7133  MAE: 0.4401  Corr: 0.6269  Loss: 0.4810 
2025-12-28 18:38:06,872 - MMSA [INFO] - TRAIN-(msalm) [3/16/1] >> loss: 0.4238  Mult_acc_2: 0.7522  Mult_acc_3: 0.6542  Mult_acc_5: 0.3553  F1_score: 0.7605  MAE: 0.4081  Corr: 0.6767  clm loss: 3.2623 total loss: 5.0385 bn loss: 0.446 av loss: 0.4608 text loss: 0.4456
2025-12-28 18:38:08,590 - MMSA [INFO] - VAL-(msalm) >>  Mult_acc_2: 0.6908  Mult_acc_3: 0.6118  Mult_acc_5: 0.3684  F1_score: 0.7030  MAE: 0.4454  Corr: 0.6288  Loss: 0.4804 
2025-12-28 18:38:16,552 - MMSA [INFO] - TRAIN-(msalm) [4/17/1] >> loss: 0.4119  Mult_acc_2: 0.7705  Mult_acc_3: 0.6776  Mult_acc_5: 0.4050  F1_score: 0.7778  MAE: 0.3897  Corr: 0.6880  clm loss: 3.2237 total loss: 4.9776 bn loss: 0.4381 av loss: 0.4574 text loss: 0.4465
2025-12-28 18:38:18,246 - MMSA [INFO] - VAL-(msalm) >>  Mult_acc_2: 0.7193  Mult_acc_3: 0.6250  Mult_acc_5: 0.3882  F1_score: 0.7298  MAE: 0.4347  Corr: 0.6238  Loss: 0.4853 
2025-12-28 18:38:26,179 - MMSA [INFO] - TRAIN-(msalm) [5/18/1] >> loss: 0.3993  Mult_acc_2: 0.7844  Mult_acc_3: 0.6776  Mult_acc_5: 0.3999  F1_score: 0.7909  MAE: 0.3827  Corr: 0.7043  clm loss: 3.237 total loss: 4.9522 bn loss: 0.4262 av loss: 0.4566 text loss: 0.4331
2025-12-28 18:38:27,871 - MMSA [INFO] - VAL-(msalm) >>  Mult_acc_2: 0.6952  Mult_acc_3: 0.6009  Mult_acc_5: 0.3596  F1_score: 0.7071  MAE: 0.4348  Corr: 0.6345  Loss: 0.4644 
2025-12-28 18:38:36,913 - MMSA [INFO] - TRAIN-(msalm) [1/19/1] >> loss: 0.4214  Mult_acc_2: 0.7610  Mult_acc_3: 0.6528  Mult_acc_5: 0.3655  F1_score: 0.7683  MAE: 0.4094  Corr: 0.6688  clm loss: 3.2402 total loss: 4.9974 bn loss: 0.4333 av loss: 0.4673 text loss: 0.4352
2025-12-28 18:38:38,610 - MMSA [INFO] - VAL-(msalm) >>  Mult_acc_2: 0.7105  Mult_acc_3: 0.6250  Mult_acc_5: 0.3794  F1_score: 0.7214  MAE: 0.4293  Corr: 0.6328  Loss: 0.4690 
2025-12-28 18:38:46,563 - MMSA [INFO] - TRAIN-(msalm) [2/20/1] >> loss: 0.388  Mult_acc_2: 0.7763  Mult_acc_3: 0.6806  Mult_acc_5: 0.4254  F1_score: 0.7833  MAE: 0.3710  Corr: 0.7080  clm loss: 3.2067 total loss: 4.9095 bn loss: 0.4208 av loss: 0.4634 text loss: 0.4305
2025-12-28 18:38:48,264 - MMSA [INFO] - VAL-(msalm) >>  Mult_acc_2: 0.7346  Mult_acc_3: 0.6404  Mult_acc_5: 0.4057  F1_score: 0.7438  MAE: 0.4196  Corr: 0.6382  Loss: 0.4680 
2025-12-28 18:38:56,190 - MMSA [INFO] - TRAIN-(msalm) [3/21/1] >> loss: 0.3897  Mult_acc_2: 0.7785  Mult_acc_3: 0.6864  Mult_acc_5: 0.4320  F1_score: 0.7849  MAE: 0.3689  Corr: 0.7159  clm loss: 3.1599 total loss: 4.8563 bn loss: 0.4161 av loss: 0.4569 text loss: 0.4337
2025-12-28 18:38:57,916 - MMSA [INFO] - VAL-(msalm) >>  Mult_acc_2: 0.7215  Mult_acc_3: 0.6250  Mult_acc_5: 0.3947  F1_score: 0.7320  MAE: 0.4304  Corr: 0.6346  Loss: 0.4730 
2025-12-28 18:39:05,996 - MMSA [INFO] - TRAIN-(msalm) [4/22/1] >> loss: 0.3777  Mult_acc_2: 0.7982  Mult_acc_3: 0.7025  Mult_acc_5: 0.4276  F1_score: 0.8037  MAE: 0.3595  Corr: 0.7377  clm loss: 3.1394 total loss: 4.775 bn loss: 0.3975 av loss: 0.4508 text loss: 0.4096
2025-12-28 18:39:07,690 - MMSA [INFO] - VAL-(msalm) >>  Mult_acc_2: 0.7083  Mult_acc_3: 0.6053  Mult_acc_5: 0.3706  F1_score: 0.7198  MAE: 0.4343  Corr: 0.6425  Loss: 0.4783 
2025-12-28 18:39:15,654 - MMSA [INFO] - TRAIN-(msalm) [5/23/1] >> loss: 0.3722  Mult_acc_2: 0.7917  Mult_acc_3: 0.6864  Mult_acc_5: 0.4342  F1_score: 0.7972  MAE: 0.3550  Corr: 0.7372  clm loss: 3.1205 total loss: 4.7398 bn loss: 0.3961 av loss: 0.4525 text loss: 0.3985
2025-12-28 18:39:17,375 - MMSA [INFO] - VAL-(msalm) >>  Mult_acc_2: 0.6974  Mult_acc_3: 0.6140  Mult_acc_5: 0.3772  F1_score: 0.7093  MAE: 0.4451  Corr: 0.6373  Loss: 0.4883 
2025-12-28 18:39:25,313 - MMSA [INFO] - TRAIN-(msalm) [6/24/1] >> loss: 0.3792  Mult_acc_2: 0.8026  Mult_acc_3: 0.6864  Mult_acc_5: 0.4123  F1_score: 0.8074  MAE: 0.3664  Corr: 0.7216  clm loss: 3.1518 total loss: 4.7911 bn loss: 0.4018 av loss: 0.457 text loss: 0.4013
2025-12-28 18:39:27,030 - MMSA [INFO] - VAL-(msalm) >>  Mult_acc_2: 0.7325  Mult_acc_3: 0.6535  Mult_acc_5: 0.3947  F1_score: 0.7419  MAE: 0.4224  Corr: 0.6478  Loss: 0.4372 
2025-12-28 18:39:36,045 - MMSA [INFO] - TRAIN-(msalm) [1/25/1] >> loss: 0.3566  Mult_acc_2: 0.8121  Mult_acc_3: 0.7061  Mult_acc_5: 0.4247  F1_score: 0.8157  MAE: 0.3465  Corr: 0.7565  clm loss: 3.1058 total loss: 4.6986 bn loss: 0.3887 av loss: 0.4531 text loss: 0.3944
2025-12-28 18:39:37,751 - MMSA [INFO] - VAL-(msalm) >>  Mult_acc_2: 0.7478  Mult_acc_3: 0.6667  Mult_acc_5: 0.3947  F1_score: 0.7545  MAE: 0.4098  Corr: 0.6478  Loss: 0.4393 
2025-12-28 18:39:45,706 - MMSA [INFO] - TRAIN-(msalm) [2/26/1] >> loss: 0.3614  Mult_acc_2: 0.8158  Mult_acc_3: 0.7120  Mult_acc_5: 0.4547  F1_score: 0.8192  MAE: 0.3416  Corr: 0.7544  clm loss: 3.0773 total loss: 4.6905 bn loss: 0.3999 av loss: 0.4626 text loss: 0.3893
2025-12-28 18:39:47,400 - MMSA [INFO] - VAL-(msalm) >>  Mult_acc_2: 0.7412  Mult_acc_3: 0.6491  Mult_acc_5: 0.3925  F1_score: 0.7501  MAE: 0.4178  Corr: 0.6484  Loss: 0.4377 
2025-12-28 18:39:55,333 - MMSA [INFO] - TRAIN-(msalm) [3/27/1] >> loss: 0.3502  Mult_acc_2: 0.8070  Mult_acc_3: 0.7281  Mult_acc_5: 0.4459  F1_score: 0.8116  MAE: 0.3345  Corr: 0.7659  clm loss: 3.073 total loss: 4.6363 bn loss: 0.3828 av loss: 0.4558 text loss: 0.3745
2025-12-28 18:39:57,043 - MMSA [INFO] - VAL-(msalm) >>  Mult_acc_2: 0.7566  Mult_acc_3: 0.6645  Mult_acc_5: 0.4101  F1_score: 0.7628  MAE: 0.4001  Corr: 0.6483  Loss: 0.4231 
2025-12-28 18:40:06,075 - MMSA [INFO] - TRAIN-(msalm) [1/28/1] >> loss: 0.3548  Mult_acc_2: 0.8004  Mult_acc_3: 0.7105  Mult_acc_5: 0.4488  F1_score: 0.8049  MAE: 0.3369  Corr: 0.7653  clm loss: 3.054 total loss: 4.614 bn loss: 0.3741 av loss: 0.4553 text loss: 0.3759
2025-12-28 18:40:07,813 - MMSA [INFO] - VAL-(msalm) >>  Mult_acc_2: 0.7500  Mult_acc_3: 0.6535  Mult_acc_5: 0.3969  F1_score: 0.7578  MAE: 0.4071  Corr: 0.6495  Loss: 0.4334 
2025-12-28 18:40:15,768 - MMSA [INFO] - TRAIN-(msalm) [2/29/1] >> loss: 0.3431  Mult_acc_2: 0.8282  Mult_acc_3: 0.7354  Mult_acc_5: 0.4912  F1_score: 0.8317  MAE: 0.3258  Corr: 0.7764  clm loss: 3.051 total loss: 4.5871 bn loss: 0.3659 av loss: 0.4513 text loss: 0.3759
2025-12-28 18:40:17,529 - MMSA [INFO] - VAL-(msalm) >>  Mult_acc_2: 0.7390  Mult_acc_3: 0.6601  Mult_acc_5: 0.4035  F1_score: 0.7478  MAE: 0.4102  Corr: 0.6556  Loss: 0.4285 
2025-12-28 18:40:25,615 - MMSA [INFO] - TRAIN-(msalm) [3/30/1] >> loss: 0.3436  Mult_acc_2: 0.8180  Mult_acc_3: 0.7259  Mult_acc_5: 0.4671  F1_score: 0.8214  MAE: 0.3284  Corr: 0.7711  clm loss: 3.0551 total loss: 4.5806 bn loss: 0.3571 av loss: 0.4539 text loss: 0.371
2025-12-28 18:40:27,310 - MMSA [INFO] - VAL-(msalm) >>  Mult_acc_2: 0.7588  Mult_acc_3: 0.6623  Mult_acc_5: 0.3969  F1_score: 0.7656  MAE: 0.4044  Corr: 0.6565  Loss: 0.4268 
2025-12-28 18:40:35,272 - MMSA [INFO] - TRAIN-(msalm) [4/31/1] >> loss: 0.3226  Mult_acc_2: 0.8399  Mult_acc_3: 0.7449  Mult_acc_5: 0.4781  F1_score: 0.8422  MAE: 0.3112  Corr: 0.8015  clm loss: 3.0297 total loss: 4.5162 bn loss: 0.3574 av loss: 0.4517 text loss: 0.3549
2025-12-28 18:40:37,057 - MMSA [INFO] - VAL-(msalm) >>  Mult_acc_2: 0.7719  Mult_acc_3: 0.6667  Mult_acc_5: 0.4013  F1_score: 0.7774  MAE: 0.3984  Corr: 0.6585  Loss: 0.4181 
2025-12-28 18:40:46,085 - MMSA [INFO] - TRAIN-(msalm) [1/32/1] >> loss: 0.3256  Mult_acc_2: 0.8246  Mult_acc_3: 0.7376  Mult_acc_5: 0.4868  F1_score: 0.8281  MAE: 0.3104  Corr: 0.7990  clm loss: 3.0042 total loss: 4.5025 bn loss: 0.3533 av loss: 0.4521 text loss: 0.3673
2025-12-28 18:40:47,804 - MMSA [INFO] - VAL-(msalm) >>  Mult_acc_2: 0.7741  Mult_acc_3: 0.6667  Mult_acc_5: 0.4057  F1_score: 0.7794  MAE: 0.3962  Corr: 0.6639  Loss: 0.4085 
2025-12-28 18:40:56,835 - MMSA [INFO] - TRAIN-(msalm) [1/33/1] >> loss: 0.3278  Mult_acc_2: 0.8224  Mult_acc_3: 0.7368  Mult_acc_5: 0.4876  F1_score: 0.8265  MAE: 0.3121  Corr: 0.7982  clm loss: 3.0051 total loss: 4.5346 bn loss: 0.3549 av loss: 0.4598 text loss: 0.3869
2025-12-28 18:40:58,545 - MMSA [INFO] - VAL-(msalm) >>  Mult_acc_2: 0.7610  Mult_acc_3: 0.6689  Mult_acc_5: 0.4035  F1_score: 0.7687  MAE: 0.4024  Corr: 0.6627  Loss: 0.4289 
2025-12-28 18:41:06,532 - MMSA [INFO] - TRAIN-(msalm) [2/34/1] >> loss: 0.3061  Mult_acc_2: 0.8341  Mult_acc_3: 0.7471  Mult_acc_5: 0.5037  F1_score: 0.8372  MAE: 0.2882  Corr: 0.8218  clm loss: 2.959 total loss: 4.4102 bn loss: 0.3447 av loss: 0.4548 text loss: 0.3456
2025-12-28 18:41:08,257 - MMSA [INFO] - VAL-(msalm) >>  Mult_acc_2: 0.7478  Mult_acc_3: 0.6623  Mult_acc_5: 0.3904  F1_score: 0.7559  MAE: 0.4075  Corr: 0.6610  Loss: 0.4279 
2025-12-28 18:41:16,226 - MMSA [INFO] - TRAIN-(msalm) [3/35/1] >> loss: 0.3098  Mult_acc_2: 0.8509  Mult_acc_3: 0.7493  Mult_acc_5: 0.5015  F1_score: 0.8538  MAE: 0.2932  Corr: 0.8195  clm loss: 2.957 total loss: 4.4092 bn loss: 0.3409 av loss: 0.4487 text loss: 0.3528
2025-12-28 18:41:18,024 - MMSA [INFO] - VAL-(msalm) >>  Mult_acc_2: 0.7697  Mult_acc_3: 0.6557  Mult_acc_5: 0.3947  F1_score: 0.7739  MAE: 0.3950  Corr: 0.6595  Loss: 0.4213 
2025-12-28 18:41:26,126 - MMSA [INFO] - TRAIN-(msalm) [4/36/1] >> loss: 0.3041  Mult_acc_2: 0.8355  Mult_acc_3: 0.7427  Mult_acc_5: 0.4971  F1_score: 0.8385  MAE: 0.2908  Corr: 0.8271  clm loss: 2.9421 total loss: 4.3971 bn loss: 0.3403 av loss: 0.456 text loss: 0.3545
2025-12-28 18:41:27,965 - MMSA [INFO] - VAL-(msalm) >>  Mult_acc_2: 0.7763  Mult_acc_3: 0.6623  Mult_acc_5: 0.3991  F1_score: 0.7792  MAE: 0.3915  Corr: 0.6559  Loss: 0.4057 
2025-12-28 18:41:36,983 - MMSA [INFO] - TRAIN-(msalm) [1/37/1] >> loss: 0.3019  Mult_acc_2: 0.8385  Mult_acc_3: 0.7500  Mult_acc_5: 0.5037  F1_score: 0.8415  MAE: 0.2895  Corr: 0.8209  clm loss: 2.9543 total loss: 4.4122 bn loss: 0.3333 av loss: 0.4486 text loss: 0.3741
2025-12-28 18:41:38,857 - MMSA [INFO] - VAL-(msalm) >>  Mult_acc_2: 0.7500  Mult_acc_3: 0.6557  Mult_acc_5: 0.4079  F1_score: 0.7584  MAE: 0.4040  Corr: 0.6584  Loss: 0.4179 
