2026-01-16 20:28:39,518 - MMSA [INFO] - ======================================== Program Start ========================================
2026-01-16 20:28:39,584 - MMSA [INFO] - Running with args:
2026-01-16 20:28:39,584 - MMSA [INFO] - {'model_name': 'msalm', 'dataset_name': 'mosei', 'featurePath': '/leonardo_work/EUHPC_A04_051/alexfil/MSA-Datasets/CMU-MOSEI/Processed/unaligned_50.pkl', 'seq_lens': [50, 500, 375], 'feature_dims': [768, 74, 35], 'train_samples': 16326, 'num_classes': 3, 'language': 'en', 'KeyEval': 'Loss', 'missing_rate': [0.0, 0.0, 0.0], 'missing_seed': [1111, 1111, 1111], 'need_data_aligned': False, 'need_model_aligned': False, 'early_stop': 10, 'use_bert': False, 'use_bert_finetune': False, 'attn_mask': True, 'excludeZero': True, 'update_epochs': 8, 'use_augmentation': False, 'use_m3xup': False, 'hfPath': False, 'use_ulgm': False, 'update_labels_patience': 1, 'H': 3.0, 'del_model': True, 'max_token_len': 50, 'pad_token': '<|endoftext|>', 'lm': '/leonardo_work/EUHPC_A04_051/alexfil/gpt2-large', 'use_bf16': False, 'task_out': 1, 'use_clm': True, 'gamma': 1.0, 'l_bn': 1.0, 'l_av': 1.0, 'l_t': 1.0, 'warmup_epochs': 1, 'max_epochs': 20, 'beta_1': 0.9, 'beta_2': 0.95, 'use_lnorm': True, 'rescale': False, 'rescaler': 'sqrt', 'use_seqaug': True, 'n_bn_fusion': 12, 'modded_loss': True, 'embedding_attr_name': 'transformer.wte', 'decoder_layers_attr_name': 'transformer.h', 'mmgpt': {'type': 'gpt2', 'd_out': 64, 'combine': True, 'dropout': 0.1, 'mm_layer': [7, 14, 21, 28, 35], 'top_k': 3, 'layer_dropout': 0.0, 'dense': True, 'tie_ffn': True, 'n_embd': 1280, 'bias': True, 'kv_dim': 30, 'n_head': 16, 'd_mm': 1280, 'gating': 'sigmoid', 'init_gate': [0.0, 0.0, 0.0, 0.0, 0.0, 0.0, 0.0, 0.0, 0.0, 0.0], 'use_softperm': True, 'p_perm': 0.3, 'p_apply': 0.25, 'use_lora': False, 'lora': {'lora_alpha': 128, 'r': 64, 'lora_dropout': 0.05}}, 'av_enc': {'finetune': True, 'from_pretrained': True, 'path_to_pretrained': '/leonardo_work/EUHPC_A04_051/alexfil/DeepMLF-Reprod/checkpoints/bienc-mosei-1990/bienc-mosei-1990.pth', 'feature_dims': [768, 74, 35], 'd_enc': 30, 'n_embd': 30, 'n_head': 6, 'nlevels': 3, 'd_enc_out': 30, 'maxlen': 50, 'p_mask': 0.15, 'enc_attn_dropout': 0.1, 'enc_res_dropout': 0.1, 'enc_dropout': 0.1, 'use_softperm': True, 'p_perm': 0.2, 'mask_perm_ratio': 0.5, 'tf_fusion': False, 'use_bn': False, 'use_ln': False}, 'gpt': {'vocab_size': 50257, 'block_size': 1024, 'bias': True, 'n_embd': 1024, 'n_layer': 24, 'n_head': 16, 'dropout': 0.0}, 'batch_size': 32, 'grad_clip': 5.0, 'patience': 10, 'weight_decay_mmgpt': 0.1, 'weight_decay_av': 0.1, 'learning_rate_av': 0.0001, 'learning_rate_mmgpt': 0.0001, 'device': device(type='cuda', index=0), 'train_mode': 'regression', 'custom_feature': None, 'feature_T': '', 'feature_A': '', 'feature_V': ''}
2026-01-16 20:28:39,584 - MMSA [INFO] - Seeds: [1990, 1991, 1992, 1993, 1994]
2026-01-16 20:28:39,585 - MMSA [INFO] - ------------------------------ Running with seed 1990 [1/5] ------------------------------
2026-01-16 20:40:05,934 - MMSA [INFO] - The model has 914780556 trainable parameters
2026-01-16 20:44:44,058 - MMSA [INFO] - TRAIN-(msalm) [1/1/1] >> loss: 0.7718  Has0_acc_2: 0.6923  Has0_F1_score: 0.6980  Non0_acc_2: 0.7026  Non0_F1_score: 0.6984  Mult_acc_5: 0.4225  Mult_acc_7: 0.4212  MAE: 0.7726  Corr: 0.4283  clm loss: 4.2408 total loss: 7.5956 bn loss: 0.8336 av loss: 0.8647 text loss: 0.8846
2026-01-16 20:44:53,199 - MMSA [INFO] - VAL-(msalm) >>  Has0_acc_2: 0.7819  Has0_F1_score: 0.7841  Non0_acc_2: 0.7893  Non0_F1_score: 0.7852  Mult_acc_5: 0.4842  Mult_acc_7: 0.4789  MAE: 0.6268  Corr: 0.6280  Loss: 0.6267 
2026-01-16 20:49:34,443 - MMSA [INFO] - TRAIN-(msalm) [1/2/1] >> loss: 0.6086  Has0_acc_2: 0.7785  Has0_F1_score: 0.7851  Non0_acc_2: 0.8188  Non0_F1_score: 0.8186  Mult_acc_5: 0.5037  Mult_acc_7: 0.4909  MAE: 0.6085  Corr: 0.7019  clm loss: 3.7499 total loss: 6.4757 bn loss: 0.6331 av loss: 0.8057 text loss: 0.6784
2026-01-16 20:49:43,257 - MMSA [INFO] - VAL-(msalm) >>  Has0_acc_2: 0.8306  Has0_F1_score: 0.8335  Non0_acc_2: 0.8547  Non0_F1_score: 0.8530  Mult_acc_5: 0.5462  Mult_acc_7: 0.5345  MAE: 0.5228  Corr: 0.7450  Loss: 0.5219 
2026-01-16 20:54:25,416 - MMSA [INFO] - TRAIN-(msalm) [1/3/1] >> loss: 0.5319  Has0_acc_2: 0.8125  Has0_F1_score: 0.8177  Non0_acc_2: 0.8568  Non0_F1_score: 0.8565  Mult_acc_5: 0.5604  Mult_acc_7: 0.5406  MAE: 0.5321  Corr: 0.7743  clm loss: 3.6022 total loss: 6.0444 bn loss: 0.5328 av loss: 0.7977 text loss: 0.5797
2026-01-16 20:54:34,254 - MMSA [INFO] - VAL-(msalm) >>  Has0_acc_2: 0.8322  Has0_F1_score: 0.8372  Non0_acc_2: 0.8658  Non0_F1_score: 0.8658  Mult_acc_5: 0.5714  Mult_acc_7: 0.5575  MAE: 0.4992  Corr: 0.7659  Loss: 0.5007 
2026-01-16 20:59:16,362 - MMSA [INFO] - TRAIN-(msalm) [1/4/1] >> loss: 0.5006  Has0_acc_2: 0.8216  Has0_F1_score: 0.8266  Non0_acc_2: 0.8699  Non0_F1_score: 0.8696  Mult_acc_5: 0.5870  Mult_acc_7: 0.5646  MAE: 0.5006  Corr: 0.8017  clm loss: 3.5419 total loss: 5.8725 bn loss: 0.4998 av loss: 0.7955 text loss: 0.5346
2026-01-16 20:59:25,176 - MMSA [INFO] - VAL-(msalm) >>  Has0_acc_2: 0.8429  Has0_F1_score: 0.8461  Non0_acc_2: 0.8693  Non0_F1_score: 0.8683  Mult_acc_5: 0.5863  Mult_acc_7: 0.5697  MAE: 0.4884  Corr: 0.7789  Loss: 0.4871 
2026-01-16 21:04:07,371 - MMSA [INFO] - TRAIN-(msalm) [1/5/1] >> loss: 0.4693  Has0_acc_2: 0.8343  Has0_F1_score: 0.8390  Non0_acc_2: 0.8872  Non0_F1_score: 0.8869  Mult_acc_5: 0.6109  Mult_acc_7: 0.5886  MAE: 0.4695  Corr: 0.8257  clm loss: 3.4744 total loss: 5.7035 bn loss: 0.4738 av loss: 0.7916 text loss: 0.4944
2026-01-16 21:04:16,195 - MMSA [INFO] - VAL-(msalm) >>  Has0_acc_2: 0.8076  Has0_F1_score: 0.8157  Non0_acc_2: 0.8595  Non0_F1_score: 0.8606  Mult_acc_5: 0.5815  Mult_acc_7: 0.5692  MAE: 0.4926  Corr: 0.7812  Loss: 0.4919 
2026-01-16 21:08:53,746 - MMSA [INFO] - TRAIN-(msalm) [2/6/1] >> loss: 0.4471  Has0_acc_2: 0.8364  Has0_F1_score: 0.8414  Non0_acc_2: 0.8944  Non0_F1_score: 0.8944  Mult_acc_5: 0.6276  Mult_acc_7: 0.6029  MAE: 0.4473  Corr: 0.8417  clm loss: 3.4408 total loss: 5.5943 bn loss: 0.4529 av loss: 0.7909 text loss: 0.4627
2026-01-16 21:09:02,580 - MMSA [INFO] - VAL-(msalm) >>  Has0_acc_2: 0.8343  Has0_F1_score: 0.8395  Non0_acc_2: 0.8755  Non0_F1_score: 0.8754  Mult_acc_5: 0.5735  Mult_acc_7: 0.5580  MAE: 0.4893  Corr: 0.7808  Loss: 0.4894 
2026-01-16 21:13:40,128 - MMSA [INFO] - TRAIN-(msalm) [3/7/1] >> loss: 0.4207  Has0_acc_2: 0.8474  Has0_F1_score: 0.8519  Non0_acc_2: 0.9082  Non0_F1_score: 0.9080  Mult_acc_5: 0.6502  Mult_acc_7: 0.6255  MAE: 0.4205  Corr: 0.8607  clm loss: 3.4109 total loss: 5.4838 bn loss: 0.4301 av loss: 0.7896 text loss: 0.4325
2026-01-16 21:13:48,951 - MMSA [INFO] - VAL-(msalm) >>  Has0_acc_2: 0.8210  Has0_F1_score: 0.8276  Non0_acc_2: 0.8637  Non0_F1_score: 0.8643  Mult_acc_5: 0.5778  Mult_acc_7: 0.5580  MAE: 0.4945  Corr: 0.7815  Loss: 0.4948 
2026-01-16 21:18:26,765 - MMSA [INFO] - TRAIN-(msalm) [4/8/1] >> loss: 0.4009  Has0_acc_2: 0.8497  Has0_F1_score: 0.8544  Non0_acc_2: 0.9130  Non0_F1_score: 0.9130  Mult_acc_5: 0.6645  Mult_acc_7: 0.6401  MAE: 0.4007  Corr: 0.8743  clm loss: 3.3831 total loss: 5.3892 bn loss: 0.4108 av loss: 0.7894 text loss: 0.405
2026-01-16 21:18:35,913 - MMSA [INFO] - VAL-(msalm) >>  Has0_acc_2: 0.8316  Has0_F1_score: 0.8357  Non0_acc_2: 0.8630  Non0_F1_score: 0.8621  Mult_acc_5: 0.5660  Mult_acc_7: 0.5500  MAE: 0.4953  Corr: 0.7765  Loss: 0.4961 
2026-01-16 21:23:13,363 - MMSA [INFO] - TRAIN-(msalm) [5/9/1] >> loss: 0.3845  Has0_acc_2: 0.8593  Has0_F1_score: 0.8634  Non0_acc_2: 0.9241  Non0_F1_score: 0.9239  Mult_acc_5: 0.6782  Mult_acc_7: 0.6536  MAE: 0.3841  Corr: 0.8841  clm loss: 3.3574 total loss: 5.3043 bn loss: 0.3919 av loss: 0.7887 text loss: 0.3817
2026-01-16 21:23:22,184 - MMSA [INFO] - VAL-(msalm) >>  Has0_acc_2: 0.8402  Has0_F1_score: 0.8428  Non0_acc_2: 0.8644  Non0_F1_score: 0.8628  Mult_acc_5: 0.5505  Mult_acc_7: 0.5302  MAE: 0.5261  Corr: 0.7722  Loss: 0.5280 
2026-01-16 21:27:59,630 - MMSA [INFO] - TRAIN-(msalm) [6/10/1] >> loss: 0.3657  Has0_acc_2: 0.8595  Has0_F1_score: 0.8638  Non0_acc_2: 0.9266  Non0_F1_score: 0.9266  Mult_acc_5: 0.7026  Mult_acc_7: 0.6778  MAE: 0.3654  Corr: 0.8931  clm loss: 3.3371 total loss: 5.2337 bn loss: 0.3769 av loss: 0.7872 text loss: 0.3668
2026-01-16 21:28:08,708 - MMSA [INFO] - VAL-(msalm) >>  Has0_acc_2: 0.8129  Has0_F1_score: 0.8205  Non0_acc_2: 0.8574  Non0_F1_score: 0.8585  Mult_acc_5: 0.5746  Mult_acc_7: 0.5580  MAE: 0.4962  Corr: 0.7764  Loss: 0.4967 
2026-01-16 21:32:45,811 - MMSA [INFO] - TRAIN-(msalm) [7/11/1] >> loss: 0.3488  Has0_acc_2: 0.8628  Has0_F1_score: 0.8672  Non0_acc_2: 0.9342  Non0_F1_score: 0.9342  Mult_acc_5: 0.7149  Mult_acc_7: 0.6903  MAE: 0.3486  Corr: 0.9014  clm loss: 3.3195 total loss: 5.1607 bn loss: 0.3607 av loss: 0.787 text loss: 0.3447
2026-01-16 21:32:54,988 - MMSA [INFO] - VAL-(msalm) >>  Has0_acc_2: 0.8135  Has0_F1_score: 0.8204  Non0_acc_2: 0.8554  Non0_F1_score: 0.8560  Mult_acc_5: 0.5740  Mult_acc_7: 0.5575  MAE: 0.5016  Corr: 0.7760  Loss: 0.5016 
2026-01-16 21:37:32,399 - MMSA [INFO] - TRAIN-(msalm) [8/12/1] >> loss: 0.3388  Has0_acc_2: 0.8633  Has0_F1_score: 0.8676  Non0_acc_2: 0.9340  Non0_F1_score: 0.9339  Mult_acc_5: 0.7215  Mult_acc_7: 0.6970  MAE: 0.3391  Corr: 0.9089  clm loss: 3.3034 total loss: 5.0984 bn loss: 0.3439 av loss: 0.7863 text loss: 0.326
2026-01-16 21:37:41,315 - MMSA [INFO] - VAL-(msalm) >>  Has0_acc_2: 0.8370  Has0_F1_score: 0.8413  Non0_acc_2: 0.8637  Non0_F1_score: 0.8634  Mult_acc_5: 0.5628  Mult_acc_7: 0.5462  MAE: 0.5039  Corr: 0.7706  Loss: 0.5039 
2026-01-16 21:42:18,793 - MMSA [INFO] - TRAIN-(msalm) [9/13/1] >> loss: 0.322  Has0_acc_2: 0.8630  Has0_F1_score: 0.8676  Non0_acc_2: 0.9421  Non0_F1_score: 0.9421  Mult_acc_5: 0.7363  Mult_acc_7: 0.7098  MAE: 0.3218  Corr: 0.9178  clm loss: 3.2886 total loss: 5.0452 bn loss: 0.3351 av loss: 0.786 text loss: 0.3136
2026-01-16 21:42:27,689 - MMSA [INFO] - VAL-(msalm) >>  Has0_acc_2: 0.8172  Has0_F1_score: 0.8240  Non0_acc_2: 0.8561  Non0_F1_score: 0.8568  Mult_acc_5: 0.5649  Mult_acc_7: 0.5500  MAE: 0.4981  Corr: 0.7739  Loss: 0.4986 
2026-01-16 21:47:05,180 - MMSA [INFO] - TRAIN-(msalm) [10/14/1] >> loss: 0.3166  Has0_acc_2: 0.8696  Has0_F1_score: 0.8739  Non0_acc_2: 0.9467  Non0_F1_score: 0.9466  Mult_acc_5: 0.7481  Mult_acc_7: 0.7217  MAE: 0.3153  Corr: 0.9209  clm loss: 3.2769 total loss: 5.0085 bn loss: 0.3246 av loss: 0.7862 text loss: 0.3043
2026-01-16 21:47:14,050 - MMSA [INFO] - VAL-(msalm) >>  Has0_acc_2: 0.8536  Has0_F1_score: 0.8556  Non0_acc_2: 0.8713  Non0_F1_score: 0.8701  Mult_acc_5: 0.5639  Mult_acc_7: 0.5452  MAE: 0.5172  Corr: 0.7715  Loss: 0.5162 
2026-01-16 21:47:35,432 - MMSA [INFO] - TEST-(msalm) >>  Has0_acc_2: 0.8332  Has0_F1_score: 0.8367  Non0_acc_2: 0.8643  Non0_F1_score: 0.8637  Mult_acc_5: 0.5750  Mult_acc_7: 0.5548  MAE: 0.5054  Corr: 0.8023  Loss: 0.5051 
2026-01-16 21:47:37,593 - MMSA [INFO] - Result for seed 1990: {'Has0_acc_2': 0.8332, 'Has0_F1_score': 0.8367, 'Non0_acc_2': 0.8643, 'Non0_F1_score': 0.8637, 'Mult_acc_5': 0.575, 'Mult_acc_7': 0.5548, 'MAE': 0.5054, 'Corr': 0.8023, 'Loss': 0.5051, 'seed': 1990}
2026-01-16 21:47:37,594 - MMSA [INFO] - ------------------------------ Running with seed 1991 [2/5] ------------------------------
2026-01-16 21:59:08,775 - MMSA [INFO] - The model has 914780556 trainable parameters
2026-01-16 22:03:46,110 - MMSA [INFO] - TRAIN-(msalm) [1/1/2] >> loss: 0.7954  Has0_acc_2: 0.7041  Has0_F1_score: 0.6976  Non0_acc_2: 0.6926  Non0_F1_score: 0.6765  Mult_acc_5: 0.4041  Mult_acc_7: 0.4028  MAE: 0.7952  Corr: 0.3880  clm loss: 4.2594 total loss: 7.6829 bn loss: 0.8695 av loss: 0.8454 text loss: 0.9132
2026-01-16 22:03:55,044 - MMSA [INFO] - VAL-(msalm) >>  Has0_acc_2: 0.7777  Has0_F1_score: 0.7828  Non0_acc_2: 0.7969  Non0_F1_score: 0.7951  Mult_acc_5: 0.4832  Mult_acc_7: 0.4741  MAE: 0.6315  Corr: 0.6220  Loss: 0.6321 
2026-01-16 22:08:37,136 - MMSA [INFO] - TRAIN-(msalm) [1/2/2] >> loss: 0.6097  Has0_acc_2: 0.7892  Has0_F1_score: 0.7941  Non0_acc_2: 0.8200  Non0_F1_score: 0.8190  Mult_acc_5: 0.4993  Mult_acc_7: 0.4866  MAE: 0.6097  Corr: 0.6981  clm loss: 3.7741 total loss: 6.513 bn loss: 0.6426 av loss: 0.8074 text loss: 0.679
2026-01-16 22:08:46,080 - MMSA [INFO] - VAL-(msalm) >>  Has0_acc_2: 0.8038  Has0_F1_score: 0.8113  Non0_acc_2: 0.8533  Non0_F1_score: 0.8536  Mult_acc_5: 0.5500  Mult_acc_7: 0.5361  MAE: 0.5243  Corr: 0.7352  Loss: 0.5251 
2026-01-16 22:13:28,311 - MMSA [INFO] - TRAIN-(msalm) [1/3/2] >> loss: 0.5353  Has0_acc_2: 0.8184  Has0_F1_score: 0.8235  Non0_acc_2: 0.8608  Non0_F1_score: 0.8607  Mult_acc_5: 0.5585  Mult_acc_7: 0.5393  MAE: 0.5355  Corr: 0.7708  clm loss: 3.6159 total loss: 6.0704 bn loss: 0.5383 av loss: 0.7987 text loss: 0.5822
2026-01-16 22:13:37,357 - MMSA [INFO] - VAL-(msalm) >>  Has0_acc_2: 0.8236  Has0_F1_score: 0.8302  Non0_acc_2: 0.8665  Non0_F1_score: 0.8671  Mult_acc_5: 0.5660  Mult_acc_7: 0.5521  MAE: 0.4991  Corr: 0.7680  Loss: 0.4990 
2026-01-16 22:18:19,908 - MMSA [INFO] - TRAIN-(msalm) [1/4/2] >> loss: 0.4982  Has0_acc_2: 0.8265  Has0_F1_score: 0.8314  Non0_acc_2: 0.8744  Non0_F1_score: 0.8742  Mult_acc_5: 0.5861  Mult_acc_7: 0.5643  MAE: 0.4987  Corr: 0.8028  clm loss: 3.5331 total loss: 5.8608 bn loss: 0.5023 av loss: 0.7946 text loss: 0.5326
2026-01-16 22:18:28,839 - MMSA [INFO] - VAL-(msalm) >>  Has0_acc_2: 0.8204  Has0_F1_score: 0.8261  Non0_acc_2: 0.8609  Non0_F1_score: 0.8607  Mult_acc_5: 0.5735  Mult_acc_7: 0.5596  MAE: 0.4904  Corr: 0.7729  Loss: 0.4895 
2026-01-16 22:23:11,502 - MMSA [INFO] - TRAIN-(msalm) [1/5/2] >> loss: 0.4734  Has0_acc_2: 0.8316  Has0_F1_score: 0.8365  Non0_acc_2: 0.8835  Non0_F1_score: 0.8834  Mult_acc_5: 0.6086  Mult_acc_7: 0.5848  MAE: 0.4736  Corr: 0.8232  clm loss: 3.4886 total loss: 5.7261 bn loss: 0.4777 av loss: 0.7931 text loss: 0.4932
2026-01-16 22:23:20,457 - MMSA [INFO] - VAL-(msalm) >>  Has0_acc_2: 0.8423  Has0_F1_score: 0.8466  Non0_acc_2: 0.8734  Non0_F1_score: 0.8732  Mult_acc_5: 0.5783  Mult_acc_7: 0.5617  MAE: 0.4897  Corr: 0.7758  Loss: 0.4891 
2026-01-16 22:28:03,023 - MMSA [INFO] - TRAIN-(msalm) [1/6/2] >> loss: 0.447  Has0_acc_2: 0.8384  Has0_F1_score: 0.8432  Non0_acc_2: 0.8939  Non0_F1_score: 0.8938  Mult_acc_5: 0.6310  Mult_acc_7: 0.6075  MAE: 0.4469  Corr: 0.8410  clm loss: 3.4345 total loss: 5.5864 bn loss: 0.4523 av loss: 0.7913 text loss: 0.4613
2026-01-16 22:28:11,964 - MMSA [INFO] - VAL-(msalm) >>  Has0_acc_2: 0.8258  Has0_F1_score: 0.8311  Non0_acc_2: 0.8616  Non0_F1_score: 0.8615  Mult_acc_5: 0.5826  Mult_acc_7: 0.5681  MAE: 0.4888  Corr: 0.7742  Loss: 0.4896 
2026-01-16 22:32:49,485 - MMSA [INFO] - TRAIN-(msalm) [2/7/2] >> loss: 0.4216  Has0_acc_2: 0.8461  Has0_F1_score: 0.8508  Non0_acc_2: 0.9067  Non0_F1_score: 0.9066  Mult_acc_5: 0.6495  Mult_acc_7: 0.6253  MAE: 0.4213  Corr: 0.8590  clm loss: 3.4089 total loss: 5.481 bn loss: 0.4308 av loss: 0.7897 text loss: 0.43
2026-01-16 22:32:58,412 - MMSA [INFO] - VAL-(msalm) >>  Has0_acc_2: 0.7910  Has0_F1_score: 0.8008  Non0_acc_2: 0.8463  Non0_F1_score: 0.8481  Mult_acc_5: 0.5767  Mult_acc_7: 0.5633  MAE: 0.5012  Corr: 0.7765  Loss: 0.5010 
2026-01-16 22:37:36,349 - MMSA [INFO] - TRAIN-(msalm) [3/8/2] >> loss: 0.4017  Has0_acc_2: 0.8493  Has0_F1_score: 0.8539  Non0_acc_2: 0.9131  Non0_F1_score: 0.9131  Mult_acc_5: 0.6651  Mult_acc_7: 0.6410  MAE: 0.4016  Corr: 0.8712  clm loss: 3.3832 total loss: 5.3871 bn loss: 0.4094 av loss: 0.7881 text loss: 0.4047
2026-01-16 22:37:45,266 - MMSA [INFO] - VAL-(msalm) >>  Has0_acc_2: 0.8386  Has0_F1_score: 0.8423  Non0_acc_2: 0.8665  Non0_F1_score: 0.8657  Mult_acc_5: 0.5756  Mult_acc_7: 0.5612  MAE: 0.4990  Corr: 0.7720  Loss: 0.4983 
2026-01-16 22:42:22,616 - MMSA [INFO] - TRAIN-(msalm) [4/9/2] >> loss: 0.3842  Has0_acc_2: 0.8548  Has0_F1_score: 0.8594  Non0_acc_2: 0.9216  Non0_F1_score: 0.9216  Mult_acc_5: 0.6815  Mult_acc_7: 0.6559  MAE: 0.3841  Corr: 0.8832  clm loss: 3.3592 total loss: 5.3019 bn loss: 0.392 av loss: 0.7878 text loss: 0.3787
2026-01-16 22:42:31,554 - MMSA [INFO] - VAL-(msalm) >>  Has0_acc_2: 0.8145  Has0_F1_score: 0.8217  Non0_acc_2: 0.8574  Non0_F1_score: 0.8582  Mult_acc_5: 0.5767  Mult_acc_7: 0.5607  MAE: 0.5011  Corr: 0.7711  Loss: 0.5018 
2026-01-16 22:47:08,964 - MMSA [INFO] - TRAIN-(msalm) [5/10/2] >> loss: 0.3589  Has0_acc_2: 0.8573  Has0_F1_score: 0.8620  Non0_acc_2: 0.9280  Non0_F1_score: 0.9281  Mult_acc_5: 0.7019  Mult_acc_7: 0.6770  MAE: 0.3590  Corr: 0.8983  clm loss: 3.3362 total loss: 5.2108 bn loss: 0.3721 av loss: 0.7869 text loss: 0.3567
2026-01-16 22:47:17,897 - MMSA [INFO] - VAL-(msalm) >>  Has0_acc_2: 0.7990  Has0_F1_score: 0.8077  Non0_acc_2: 0.8456  Non0_F1_score: 0.8470  Mult_acc_5: 0.5746  Mult_acc_7: 0.5607  MAE: 0.5046  Corr: 0.7678  Loss: 0.5039 
2026-01-16 22:51:55,214 - MMSA [INFO] - TRAIN-(msalm) [6/11/2] >> loss: 0.3457  Has0_acc_2: 0.8611  Has0_F1_score: 0.8656  Non0_acc_2: 0.9335  Non0_F1_score: 0.9335  Mult_acc_5: 0.7126  Mult_acc_7: 0.6882  MAE: 0.3459  Corr: 0.9058  clm loss: 3.3081 total loss: 5.1289 bn loss: 0.3533 av loss: 0.7862 text loss: 0.3355
2026-01-16 22:52:04,139 - MMSA [INFO] - VAL-(msalm) >>  Has0_acc_2: 0.8022  Has0_F1_score: 0.8109  Non0_acc_2: 0.8484  Non0_F1_score: 0.8500  Mult_acc_5: 0.5697  Mult_acc_7: 0.5548  MAE: 0.5094  Corr: 0.7660  Loss: 0.5096 
2026-01-16 22:56:41,571 - MMSA [INFO] - TRAIN-(msalm) [7/12/2] >> loss: 0.3374  Has0_acc_2: 0.8640  Has0_F1_score: 0.8684  Non0_acc_2: 0.9374  Non0_F1_score: 0.9374  Mult_acc_5: 0.7241  Mult_acc_7: 0.6985  MAE: 0.3375  Corr: 0.9104  clm loss: 3.2929 total loss: 5.0857 bn loss: 0.3442 av loss: 0.7862 text loss: 0.325
2026-01-16 22:56:51,105 - MMSA [INFO] - VAL-(msalm) >>  Has0_acc_2: 0.7969  Has0_F1_score: 0.8064  Non0_acc_2: 0.8449  Non0_F1_score: 0.8470  Mult_acc_5: 0.5746  Mult_acc_7: 0.5617  MAE: 0.5080  Corr: 0.7693  Loss: 0.5064 
2026-01-16 23:01:28,609 - MMSA [INFO] - TRAIN-(msalm) [8/13/2] >> loss: 0.3276  Has0_acc_2: 0.8641  Has0_F1_score: 0.8686  Non0_acc_2: 0.9402  Non0_F1_score: 0.9403  Mult_acc_5: 0.7383  Mult_acc_7: 0.7137  MAE: 0.3272  Corr: 0.9137  clm loss: 3.2936 total loss: 5.0565 bn loss: 0.3348 av loss: 0.7853 text loss: 0.3152
2026-01-16 23:01:37,535 - MMSA [INFO] - VAL-(msalm) >>  Has0_acc_2: 0.7798  Has0_F1_score: 0.7906  Non0_acc_2: 0.8359  Non0_F1_score: 0.8381  Mult_acc_5: 0.5703  Mult_acc_7: 0.5575  MAE: 0.5120  Corr: 0.7639  Loss: 0.5128 
2026-01-16 23:06:15,096 - MMSA [INFO] - TRAIN-(msalm) [9/14/2] >> loss: 0.3108  Has0_acc_2: 0.8664  Has0_F1_score: 0.8708  Non0_acc_2: 0.9445  Non0_F1_score: 0.9445  Mult_acc_5: 0.7494  Mult_acc_7: 0.7267  MAE: 0.3107  Corr: 0.9231  clm loss: 3.2815 total loss: 5.0009 bn loss: 0.3233 av loss: 0.7846 text loss: 0.3007
2026-01-16 23:06:24,038 - MMSA [INFO] - VAL-(msalm) >>  Has0_acc_2: 0.8081  Has0_F1_score: 0.8156  Non0_acc_2: 0.8491  Non0_F1_score: 0.8501  Mult_acc_5: 0.5767  Mult_acc_7: 0.5617  MAE: 0.5094  Corr: 0.7666  Loss: 0.5076 
2026-01-16 23:11:01,529 - MMSA [INFO] - TRAIN-(msalm) [10/15/2] >> loss: 0.3116  Has0_acc_2: 0.8673  Has0_F1_score: 0.8717  Non0_acc_2: 0.9480  Non0_F1_score: 0.9480  Mult_acc_5: 0.7462  Mult_acc_7: 0.7200  MAE: 0.3114  Corr: 0.9234  clm loss: 3.2663 total loss: 4.9684 bn loss: 0.3136 av loss: 0.7839 text loss: 0.293
2026-01-16 23:11:11,063 - MMSA [INFO] - VAL-(msalm) >>  Has0_acc_2: 0.8177  Has0_F1_score: 0.8239  Non0_acc_2: 0.8554  Non0_F1_score: 0.8555  Mult_acc_5: 0.5746  Mult_acc_7: 0.5585  MAE: 0.5108  Corr: 0.7665  Loss: 0.5132 
2026-01-16 23:11:32,752 - MMSA [INFO] - TEST-(msalm) >>  Has0_acc_2: 0.8328  Has0_F1_score: 0.8367  Non0_acc_2: 0.8682  Non0_F1_score: 0.8678  Mult_acc_5: 0.5819  Mult_acc_7: 0.5630  MAE: 0.5050  Corr: 0.7995  Loss: 0.5048 
2026-01-16 23:11:35,067 - MMSA [INFO] - Result for seed 1991: {'Has0_acc_2': 0.8328, 'Has0_F1_score': 0.8367, 'Non0_acc_2': 0.8682, 'Non0_F1_score': 0.8678, 'Mult_acc_5': 0.5819, 'Mult_acc_7': 0.563, 'MAE': 0.505, 'Corr': 0.7995, 'Loss': 0.5048, 'seed': 1991}
2026-01-16 23:11:35,069 - MMSA [INFO] - ------------------------------ Running with seed 1992 [3/5] ------------------------------
2026-01-16 23:23:10,042 - MMSA [INFO] - The model has 914780556 trainable parameters
2026-01-16 23:27:47,425 - MMSA [INFO] - TRAIN-(msalm) [1/1/3] >> loss: 0.7745  Has0_acc_2: 0.6746  Has0_F1_score: 0.6862  Non0_acc_2: 0.6949  Non0_F1_score: 0.6963  Mult_acc_5: 0.4168  Mult_acc_7: 0.4145  MAE: 0.7746  Corr: 0.4357  clm loss: 4.2456 total loss: 7.611 bn loss: 0.8514 av loss: 0.8533 text loss: 0.8861
2026-01-16 23:27:56,364 - MMSA [INFO] - VAL-(msalm) >>  Has0_acc_2: 0.7718  Has0_F1_score: 0.7804  Non0_acc_2: 0.8060  Non0_F1_score: 0.8066  Mult_acc_5: 0.4735  Mult_acc_7: 0.4639  MAE: 0.6215  Corr: 0.6358  Loss: 0.6194 
2026-01-16 23:32:38,527 - MMSA [INFO] - TRAIN-(msalm) [1/2/3] >> loss: 0.6003  Has0_acc_2: 0.7898  Has0_F1_score: 0.7962  Non0_acc_2: 0.8304  Non0_F1_score: 0.8305  Mult_acc_5: 0.5075  Mult_acc_7: 0.4919  MAE: 0.6004  Corr: 0.7087  clm loss: 3.7419 total loss: 6.4546 bn loss: 0.6266 av loss: 0.8111 text loss: 0.6746
2026-01-16 23:32:47,486 - MMSA [INFO] - VAL-(msalm) >>  Has0_acc_2: 0.8193  Has0_F1_score: 0.8255  Non0_acc_2: 0.8567  Non0_F1_score: 0.8571  Mult_acc_5: 0.5569  Mult_acc_7: 0.5414  MAE: 0.5209  Corr: 0.7406  Loss: 0.5193 
2026-01-16 23:37:30,173 - MMSA [INFO] - TRAIN-(msalm) [1/3/3] >> loss: 0.5356  Has0_acc_2: 0.8088  Has0_F1_score: 0.8144  Non0_acc_2: 0.8548  Non0_F1_score: 0.8546  Mult_acc_5: 0.5598  Mult_acc_7: 0.5389  MAE: 0.5355  Corr: 0.7722  clm loss: 3.6188 total loss: 6.0717 bn loss: 0.5366 av loss: 0.8012 text loss: 0.5795
2026-01-16 23:37:39,363 - MMSA [INFO] - VAL-(msalm) >>  Has0_acc_2: 0.8135  Has0_F1_score: 0.8215  Non0_acc_2: 0.8630  Non0_F1_score: 0.8643  Mult_acc_5: 0.5756  Mult_acc_7: 0.5596  MAE: 0.5020  Corr: 0.7722  Loss: 0.5017 
2026-01-16 23:42:21,705 - MMSA [INFO] - TRAIN-(msalm) [1/4/3] >> loss: 0.4997  Has0_acc_2: 0.8259  Has0_F1_score: 0.8310  Non0_acc_2: 0.8757  Non0_F1_score: 0.8756  Mult_acc_5: 0.5892  Mult_acc_7: 0.5668  MAE: 0.4994  Corr: 0.8033  clm loss: 3.5323 total loss: 5.8644 bn loss: 0.5 av loss: 0.7987 text loss: 0.5337
2026-01-16 23:42:30,658 - MMSA [INFO] - VAL-(msalm) >>  Has0_acc_2: 0.7857  Has0_F1_score: 0.7965  Non0_acc_2: 0.8533  Non0_F1_score: 0.8554  Mult_acc_5: 0.5746  Mult_acc_7: 0.5612  MAE: 0.5014  Corr: 0.7782  Loss: 0.5017 
2026-01-16 23:47:08,301 - MMSA [INFO] - TRAIN-(msalm) [2/5/3] >> loss: 0.4734  Has0_acc_2: 0.8369  Has0_F1_score: 0.8415  Non0_acc_2: 0.8871  Non0_F1_score: 0.8870  Mult_acc_5: 0.6080  Mult_acc_7: 0.5842  MAE: 0.4733  Corr: 0.8229  clm loss: 3.4768 total loss: 5.7159 bn loss: 0.4758 av loss: 0.7951 text loss: 0.4949
2026-01-16 23:47:17,259 - MMSA [INFO] - VAL-(msalm) >>  Has0_acc_2: 0.8242  Has0_F1_score: 0.8302  Non0_acc_2: 0.8630  Non0_F1_score: 0.8634  Mult_acc_5: 0.5804  Mult_acc_7: 0.5633  MAE: 0.4970  Corr: 0.7739  Loss: 0.4959 
2026-01-16 23:51:59,860 - MMSA [INFO] - TRAIN-(msalm) [1/6/3] >> loss: 0.4449  Has0_acc_2: 0.8431  Has0_F1_score: 0.8477  Non0_acc_2: 0.8996  Non0_F1_score: 0.8994  Mult_acc_5: 0.6346  Mult_acc_7: 0.6114  MAE: 0.4447  Corr: 0.8440  clm loss: 3.4394 total loss: 5.592 bn loss: 0.4506 av loss: 0.7952 text loss: 0.462
2026-01-16 23:52:08,852 - MMSA [INFO] - VAL-(msalm) >>  Has0_acc_2: 0.8391  Has0_F1_score: 0.8435  Non0_acc_2: 0.8700  Non0_F1_score: 0.8697  Mult_acc_5: 0.5703  Mult_acc_7: 0.5548  MAE: 0.4921  Corr: 0.7813  Loss: 0.4926 
2026-01-16 23:56:52,021 - MMSA [INFO] - TRAIN-(msalm) [1/7/3] >> loss: 0.4245  Has0_acc_2: 0.8450  Has0_F1_score: 0.8497  Non0_acc_2: 0.9043  Non0_F1_score: 0.9043  Mult_acc_5: 0.6463  Mult_acc_7: 0.6221  MAE: 0.4244  Corr: 0.8570  clm loss: 3.4105 total loss: 5.488 bn loss: 0.4293 av loss: 0.7922 text loss: 0.4315
2026-01-16 23:57:01,228 - MMSA [INFO] - VAL-(msalm) >>  Has0_acc_2: 0.8311  Has0_F1_score: 0.8367  Non0_acc_2: 0.8713  Non0_F1_score: 0.8715  Mult_acc_5: 0.5735  Mult_acc_7: 0.5559  MAE: 0.5042  Corr: 0.7815  Loss: 0.5040 
2026-01-17 00:01:38,768 - MMSA [INFO] - TRAIN-(msalm) [2/8/3] >> loss: 0.3968  Has0_acc_2: 0.8534  Has0_F1_score: 0.8577  Non0_acc_2: 0.9161  Non0_F1_score: 0.9159  Mult_acc_5: 0.6729  Mult_acc_7: 0.6487  MAE: 0.3965  Corr: 0.8749  clm loss: 3.3812 total loss: 5.3825 bn loss: 0.4092 av loss: 0.7915 text loss: 0.4039
2026-01-17 00:01:47,696 - MMSA [INFO] - VAL-(msalm) >>  Has0_acc_2: 0.8161  Has0_F1_score: 0.8230  Non0_acc_2: 0.8581  Non0_F1_score: 0.8587  Mult_acc_5: 0.5794  Mult_acc_7: 0.5660  MAE: 0.5011  Corr: 0.7767  Loss: 0.5019 
2026-01-17 00:06:25,272 - MMSA [INFO] - TRAIN-(msalm) [3/9/3] >> loss: 0.3796  Has0_acc_2: 0.8552  Has0_F1_score: 0.8598  Non0_acc_2: 0.9229  Non0_F1_score: 0.9228  Mult_acc_5: 0.6880  Mult_acc_7: 0.6644  MAE: 0.3797  Corr: 0.8849  clm loss: 3.3561 total loss: 5.2966 bn loss: 0.3911 av loss: 0.7903 text loss: 0.3795
2026-01-17 00:06:34,176 - MMSA [INFO] - VAL-(msalm) >>  Has0_acc_2: 0.8108  Has0_F1_score: 0.8183  Non0_acc_2: 0.8505  Non0_F1_score: 0.8516  Mult_acc_5: 0.5799  Mult_acc_7: 0.5655  MAE: 0.5046  Corr: 0.7759  Loss: 0.5046 
2026-01-17 00:11:11,731 - MMSA [INFO] - TRAIN-(msalm) [4/10/3] >> loss: 0.3658  Has0_acc_2: 0.8577  Has0_F1_score: 0.8621  Non0_acc_2: 0.9279  Non0_F1_score: 0.9278  Mult_acc_5: 0.6993  Mult_acc_7: 0.6749  MAE: 0.3656  Corr: 0.8937  clm loss: 3.3433 total loss: 5.2343 bn loss: 0.3744 av loss: 0.7903 text loss: 0.3604
2026-01-17 00:11:20,940 - MMSA [INFO] - VAL-(msalm) >>  Has0_acc_2: 0.7921  Has0_F1_score: 0.8017  Non0_acc_2: 0.8435  Non0_F1_score: 0.8454  Mult_acc_5: 0.5708  Mult_acc_7: 0.5569  MAE: 0.5024  Corr: 0.7752  Loss: 0.5042 
2026-01-17 00:15:58,556 - MMSA [INFO] - TRAIN-(msalm) [5/11/3] >> loss: 0.3501  Has0_acc_2: 0.8618  Has0_F1_score: 0.8662  Non0_acc_2: 0.9359  Non0_F1_score: 0.9358  Mult_acc_5: 0.7109  Mult_acc_7: 0.6855  MAE: 0.3502  Corr: 0.9024  clm loss: 3.3164 total loss: 5.1536 bn loss: 0.3589 av loss: 0.7891 text loss: 0.3392
2026-01-17 00:16:07,481 - MMSA [INFO] - VAL-(msalm) >>  Has0_acc_2: 0.8049  Has0_F1_score: 0.8133  Non0_acc_2: 0.8505  Non0_F1_score: 0.8519  Mult_acc_5: 0.5826  Mult_acc_7: 0.5676  MAE: 0.5004  Corr: 0.7745  Loss: 0.5010 
2026-01-17 00:20:45,050 - MMSA [INFO] - TRAIN-(msalm) [6/12/3] >> loss: 0.3375  Has0_acc_2: 0.8643  Has0_F1_score: 0.8686  Non0_acc_2: 0.9379  Non0_F1_score: 0.9379  Mult_acc_5: 0.7249  Mult_acc_7: 0.6995  MAE: 0.3377  Corr: 0.9095  clm loss: 3.3061 total loss: 5.1051 bn loss: 0.3457 av loss: 0.7881 text loss: 0.3278
2026-01-17 00:20:54,007 - MMSA [INFO] - VAL-(msalm) >>  Has0_acc_2: 0.8204  Has0_F1_score: 0.8269  Non0_acc_2: 0.8561  Non0_F1_score: 0.8568  Mult_acc_5: 0.5767  Mult_acc_7: 0.5596  MAE: 0.5061  Corr: 0.7734  Loss: 0.5076 
2026-01-17 00:25:31,751 - MMSA [INFO] - TRAIN-(msalm) [7/13/3] >> loss: 0.3226  Has0_acc_2: 0.8665  Has0_F1_score: 0.8709  Non0_acc_2: 0.9425  Non0_F1_score: 0.9425  Mult_acc_5: 0.7385  Mult_acc_7: 0.7126  MAE: 0.3228  Corr: 0.9168  clm loss: 3.2889 total loss: 5.0472 bn loss: 0.3342 av loss: 0.7883 text loss: 0.3133
2026-01-17 00:25:40,722 - MMSA [INFO] - VAL-(msalm) >>  Has0_acc_2: 0.8204  Has0_F1_score: 0.8267  Non0_acc_2: 0.8554  Non0_F1_score: 0.8559  Mult_acc_5: 0.5740  Mult_acc_7: 0.5596  MAE: 0.5085  Corr: 0.7710  Loss: 0.5078 
2026-01-17 00:30:18,325 - MMSA [INFO] - TRAIN-(msalm) [8/14/3] >> loss: 0.3109  Has0_acc_2: 0.8686  Has0_F1_score: 0.8729  Non0_acc_2: 0.9463  Non0_F1_score: 0.9462  Mult_acc_5: 0.7511  Mult_acc_7: 0.7248  MAE: 0.3108  Corr: 0.9220  clm loss: 3.2755 total loss: 5.0015 bn loss: 0.3258 av loss: 0.7877 text loss: 0.3015
2026-01-17 00:30:27,238 - MMSA [INFO] - VAL-(msalm) >>  Has0_acc_2: 0.8177  Has0_F1_score: 0.8245  Non0_acc_2: 0.8595  Non0_F1_score: 0.8602  Mult_acc_5: 0.5794  Mult_acc_7: 0.5617  MAE: 0.5080  Corr: 0.7724  Loss: 0.5058 
2026-01-17 00:35:04,826 - MMSA [INFO] - TRAIN-(msalm) [9/15/3] >> loss: 0.3074  Has0_acc_2: 0.8694  Has0_F1_score: 0.8737  Non0_acc_2: 0.9503  Non0_F1_score: 0.9502  Mult_acc_5: 0.7525  Mult_acc_7: 0.7278  MAE: 0.3067  Corr: 0.9243  clm loss: 3.2822 total loss: 4.9919 bn loss: 0.3177 av loss: 0.7872 text loss: 0.2973
2026-01-17 00:35:13,783 - MMSA [INFO] - VAL-(msalm) >>  Has0_acc_2: 0.8044  Has0_F1_score: 0.8130  Non0_acc_2: 0.8505  Non0_F1_score: 0.8521  Mult_acc_5: 0.5730  Mult_acc_7: 0.5564  MAE: 0.5056  Corr: 0.7680  Loss: 0.5063 
2026-01-17 00:39:51,500 - MMSA [INFO] - TRAIN-(msalm) [10/16/3] >> loss: 0.3032  Has0_acc_2: 0.8683  Has0_F1_score: 0.8727  Non0_acc_2: 0.9485  Non0_F1_score: 0.9484  Mult_acc_5: 0.7566  Mult_acc_7: 0.7313  MAE: 0.3031  Corr: 0.9266  clm loss: 3.2713 total loss: 4.9649 bn loss: 0.3127 av loss: 0.7869 text loss: 0.2909
2026-01-17 00:40:00,449 - MMSA [INFO] - VAL-(msalm) >>  Has0_acc_2: 0.8135  Has0_F1_score: 0.8211  Non0_acc_2: 0.8547  Non0_F1_score: 0.8559  Mult_acc_5: 0.5681  Mult_acc_7: 0.5526  MAE: 0.5065  Corr: 0.7711  Loss: 0.5097 
2026-01-17 00:40:21,988 - MMSA [INFO] - TEST-(msalm) >>  Has0_acc_2: 0.8315  Has0_F1_score: 0.8357  Non0_acc_2: 0.8707  Non0_F1_score: 0.8703  Mult_acc_5: 0.5750  Mult_acc_7: 0.5548  MAE: 0.5045  Corr: 0.8034  Loss: 0.5040 
2026-01-17 00:40:24,280 - MMSA [INFO] - Result for seed 1992: {'Has0_acc_2': 0.8315, 'Has0_F1_score': 0.8357, 'Non0_acc_2': 0.8707, 'Non0_F1_score': 0.8703, 'Mult_acc_5': 0.575, 'Mult_acc_7': 0.5548, 'MAE': 0.5045, 'Corr': 0.8034, 'Loss': 0.504, 'seed': 1992}
2026-01-17 00:40:24,281 - MMSA [INFO] - ------------------------------ Running with seed 1993 [4/5] ------------------------------
2026-01-17 00:52:00,842 - MMSA [INFO] - The model has 914780556 trainable parameters
2026-01-17 00:56:38,098 - MMSA [INFO] - TRAIN-(msalm) [1/1/4] >> loss: 0.8669  Has0_acc_2: 0.5320  Has0_F1_score: 0.5381  Non0_acc_2: 0.5955  Non0_F1_score: 0.5905  Mult_acc_5: 0.3798  Mult_acc_7: 0.3755  MAE: 0.8668  Corr: 0.4137  clm loss: 4.2175 total loss: 7.7862 bn loss: 0.8403 av loss: 0.9235 text loss: 0.938
2026-01-17 00:56:47,035 - MMSA [INFO] - VAL-(msalm) >>  Has0_acc_2: 0.6601  Has0_F1_score: 0.6770  Non0_acc_2: 0.7420  Non0_F1_score: 0.7470  Mult_acc_5: 0.4479  Mult_acc_7: 0.4319  MAE: 0.7191  Corr: 0.6265  Loss: 0.7193 
2026-01-17 01:01:28,999 - MMSA [INFO] - TRAIN-(msalm) [1/2/4] >> loss: 0.6334  Has0_acc_2: 0.7231  Has0_F1_score: 0.7359  Non0_acc_2: 0.7920  Non0_F1_score: 0.7954  Mult_acc_5: 0.4987  Mult_acc_7: 0.4825  MAE: 0.6336  Corr: 0.7051  clm loss: 3.7386 total loss: 6.4833 bn loss: 0.6158 av loss: 0.8174 text loss: 0.6782
2026-01-17 01:01:37,977 - MMSA [INFO] - VAL-(msalm) >>  Has0_acc_2: 0.7477  Has0_F1_score: 0.7615  Non0_acc_2: 0.8206  Non0_F1_score: 0.8241  Mult_acc_5: 0.5494  Mult_acc_7: 0.5361  MAE: 0.5334  Corr: 0.7538  Loss: 0.5333 
2026-01-17 01:06:20,516 - MMSA [INFO] - TRAIN-(msalm) [1/3/4] >> loss: 0.541  Has0_acc_2: 0.7955  Has0_F1_score: 0.8033  Non0_acc_2: 0.8513  Non0_F1_score: 0.8524  Mult_acc_5: 0.5549  Mult_acc_7: 0.5361  MAE: 0.5407  Corr: 0.7728  clm loss: 3.5933 total loss: 6.045 bn loss: 0.5283 av loss: 0.8008 text loss: 0.5816
2026-01-17 01:06:29,474 - MMSA [INFO] - VAL-(msalm) >>  Has0_acc_2: 0.8306  Has0_F1_score: 0.8346  Non0_acc_2: 0.8644  Non0_F1_score: 0.8634  Mult_acc_5: 0.5772  Mult_acc_7: 0.5612  MAE: 0.4951  Corr: 0.7735  Loss: 0.4949 
2026-01-17 01:11:12,206 - MMSA [INFO] - TRAIN-(msalm) [1/4/4] >> loss: 0.4979  Has0_acc_2: 0.8242  Has0_F1_score: 0.8296  Non0_acc_2: 0.8742  Non0_F1_score: 0.8744  Mult_acc_5: 0.5892  Mult_acc_7: 0.5677  MAE: 0.4976  Corr: 0.8059  clm loss: 3.5196 total loss: 5.843 bn loss: 0.4977 av loss: 0.7964 text loss: 0.5314
2026-01-17 01:11:21,519 - MMSA [INFO] - VAL-(msalm) >>  Has0_acc_2: 0.8167  Has0_F1_score: 0.8234  Non0_acc_2: 0.8588  Non0_F1_score: 0.8593  Mult_acc_5: 0.5772  Mult_acc_7: 0.5623  MAE: 0.4949  Corr: 0.7815  Loss: 0.4960 
2026-01-17 01:15:59,345 - MMSA [INFO] - TRAIN-(msalm) [2/5/4] >> loss: 0.4702  Has0_acc_2: 0.8291  Has0_F1_score: 0.8342  Non0_acc_2: 0.8825  Non0_F1_score: 0.8825  Mult_acc_5: 0.6149  Mult_acc_7: 0.5924  MAE: 0.4702  Corr: 0.8242  clm loss: 3.4849 total loss: 5.7136 bn loss: 0.4714 av loss: 0.7939 text loss: 0.4933
2026-01-17 01:16:08,266 - MMSA [INFO] - VAL-(msalm) >>  Has0_acc_2: 0.8177  Has0_F1_score: 0.8235  Non0_acc_2: 0.8574  Non0_F1_score: 0.8572  Mult_acc_5: 0.5826  Mult_acc_7: 0.5655  MAE: 0.4892  Corr: 0.7819  Loss: 0.4909 
2026-01-17 01:20:50,729 - MMSA [INFO] - TRAIN-(msalm) [1/6/4] >> loss: 0.445  Has0_acc_2: 0.8365  Has0_F1_score: 0.8415  Non0_acc_2: 0.8933  Non0_F1_score: 0.8933  Mult_acc_5: 0.6341  Mult_acc_7: 0.6105  MAE: 0.4446  Corr: 0.8444  clm loss: 3.4385 total loss: 5.5929 bn loss: 0.4536 av loss: 0.7926 text loss: 0.4632
2026-01-17 01:20:59,676 - MMSA [INFO] - VAL-(msalm) >>  Has0_acc_2: 0.8258  Has0_F1_score: 0.8306  Non0_acc_2: 0.8567  Non0_F1_score: 0.8564  Mult_acc_5: 0.5746  Mult_acc_7: 0.5617  MAE: 0.4890  Corr: 0.7845  Loss: 0.4888 
2026-01-17 01:25:41,976 - MMSA [INFO] - TRAIN-(msalm) [1/7/4] >> loss: 0.423  Has0_acc_2: 0.8424  Has0_F1_score: 0.8474  Non0_acc_2: 0.9034  Non0_F1_score: 0.9035  Mult_acc_5: 0.6528  Mult_acc_7: 0.6280  MAE: 0.4229  Corr: 0.8603  clm loss: 3.3979 total loss: 5.4679 bn loss: 0.4246 av loss: 0.7925 text loss: 0.4299
2026-01-17 01:25:50,925 - MMSA [INFO] - VAL-(msalm) >>  Has0_acc_2: 0.8038  Has0_F1_score: 0.8115  Non0_acc_2: 0.8484  Non0_F1_score: 0.8492  Mult_acc_5: 0.5815  Mult_acc_7: 0.5660  MAE: 0.4936  Corr: 0.7773  Loss: 0.4925 
2026-01-17 01:30:28,314 - MMSA [INFO] - TRAIN-(msalm) [2/8/4] >> loss: 0.3994  Has0_acc_2: 0.8537  Has0_F1_score: 0.8582  Non0_acc_2: 0.9180  Non0_F1_score: 0.9179  Mult_acc_5: 0.6676  Mult_acc_7: 0.6415  MAE: 0.3995  Corr: 0.8732  clm loss: 3.3793 total loss: 5.3842 bn loss: 0.4122 av loss: 0.7896 text loss: 0.4037
2026-01-17 01:30:37,223 - MMSA [INFO] - VAL-(msalm) >>  Has0_acc_2: 0.8359  Has0_F1_score: 0.8399  Non0_acc_2: 0.8672  Non0_F1_score: 0.8664  Mult_acc_5: 0.5676  Mult_acc_7: 0.5521  MAE: 0.4999  Corr: 0.7790  Loss: 0.4986 
2026-01-17 01:35:14,861 - MMSA [INFO] - TRAIN-(msalm) [3/9/4] >> loss: 0.3785  Has0_acc_2: 0.8600  Has0_F1_score: 0.8641  Non0_acc_2: 0.9222  Non0_F1_score: 0.9221  Mult_acc_5: 0.6862  Mult_acc_7: 0.6610  MAE: 0.3782  Corr: 0.8859  clm loss: 3.3521 total loss: 5.2921 bn loss: 0.3905 av loss: 0.7896 text loss: 0.3814
2026-01-17 01:35:23,840 - MMSA [INFO] - VAL-(msalm) >>  Has0_acc_2: 0.8124  Has0_F1_score: 0.8193  Non0_acc_2: 0.8533  Non0_F1_score: 0.8538  Mult_acc_5: 0.5815  Mult_acc_7: 0.5655  MAE: 0.4973  Corr: 0.7775  Loss: 0.4976 
2026-01-17 01:40:01,472 - MMSA [INFO] - TRAIN-(msalm) [4/10/4] >> loss: 0.362  Has0_acc_2: 0.8586  Has0_F1_score: 0.8633  Non0_acc_2: 0.9302  Non0_F1_score: 0.9303  Mult_acc_5: 0.7009  Mult_acc_7: 0.6750  MAE: 0.3621  Corr: 0.8970  clm loss: 3.3175 total loss: 5.1935 bn loss: 0.3708 av loss: 0.7892 text loss: 0.354
2026-01-17 01:40:10,392 - MMSA [INFO] - VAL-(msalm) >>  Has0_acc_2: 0.8231  Has0_F1_score: 0.8290  Non0_acc_2: 0.8567  Non0_F1_score: 0.8572  Mult_acc_5: 0.5815  Mult_acc_7: 0.5649  MAE: 0.4974  Corr: 0.7761  Loss: 0.4964 
2026-01-17 01:44:48,034 - MMSA [INFO] - TRAIN-(msalm) [5/11/4] >> loss: 0.3452  Has0_acc_2: 0.8644  Has0_F1_score: 0.8688  Non0_acc_2: 0.9371  Non0_F1_score: 0.9371  Mult_acc_5: 0.7127  Mult_acc_7: 0.6890  MAE: 0.3453  Corr: 0.9055  clm loss: 3.3097 total loss: 5.1385 bn loss: 0.3564 av loss: 0.7873 text loss: 0.34
2026-01-17 01:44:56,942 - MMSA [INFO] - VAL-(msalm) >>  Has0_acc_2: 0.8279  Has0_F1_score: 0.8327  Non0_acc_2: 0.8609  Non0_F1_score: 0.8605  Mult_acc_5: 0.5714  Mult_acc_7: 0.5553  MAE: 0.5054  Corr: 0.7722  Loss: 0.5048 
2026-01-17 01:49:34,652 - MMSA [INFO] - TRAIN-(msalm) [6/12/4] >> loss: 0.3388  Has0_acc_2: 0.8629  Has0_F1_score: 0.8675  Non0_acc_2: 0.9357  Non0_F1_score: 0.9358  Mult_acc_5: 0.7190  Mult_acc_7: 0.6937  MAE: 0.3388  Corr: 0.9098  clm loss: 3.3 total loss: 5.1022 bn loss: 0.3469 av loss: 0.7872 text loss: 0.3292
2026-01-17 01:49:43,577 - MMSA [INFO] - VAL-(msalm) >>  Has0_acc_2: 0.8274  Has0_F1_score: 0.8318  Non0_acc_2: 0.8574  Non0_F1_score: 0.8568  Mult_acc_5: 0.5767  Mult_acc_7: 0.5612  MAE: 0.5040  Corr: 0.7740  Loss: 0.5032 
2026-01-17 01:54:21,267 - MMSA [INFO] - TRAIN-(msalm) [7/13/4] >> loss: 0.3273  Has0_acc_2: 0.8637  Has0_F1_score: 0.8682  Non0_acc_2: 0.9398  Non0_F1_score: 0.9398  Mult_acc_5: 0.7306  Mult_acc_7: 0.7054  MAE: 0.3273  Corr: 0.9148  clm loss: 3.2828 total loss: 5.0394 bn loss: 0.3327 av loss: 0.7865 text loss: 0.3102
2026-01-17 01:54:30,203 - MMSA [INFO] - VAL-(msalm) >>  Has0_acc_2: 0.8161  Has0_F1_score: 0.8225  Non0_acc_2: 0.8533  Non0_F1_score: 0.8536  Mult_acc_5: 0.5762  Mult_acc_7: 0.5596  MAE: 0.5050  Corr: 0.7753  Loss: 0.5045 
2026-01-17 01:59:07,819 - MMSA [INFO] - TRAIN-(msalm) [8/14/4] >> loss: 0.311  Has0_acc_2: 0.8665  Has0_F1_score: 0.8711  Non0_acc_2: 0.9467  Non0_F1_score: 0.9467  Mult_acc_5: 0.7470  Mult_acc_7: 0.7214  MAE: 0.3110  Corr: 0.9232  clm loss: 3.2616 total loss: 4.9752 bn loss: 0.3201 av loss: 0.7861 text loss: 0.2965
2026-01-17 01:59:16,782 - MMSA [INFO] - VAL-(msalm) >>  Has0_acc_2: 0.8065  Has0_F1_score: 0.8144  Non0_acc_2: 0.8463  Non0_F1_score: 0.8476  Mult_acc_5: 0.5708  Mult_acc_7: 0.5575  MAE: 0.4994  Corr: 0.7719  Loss: 0.4993 
2026-01-17 02:03:54,502 - MMSA [INFO] - TRAIN-(msalm) [9/15/4] >> loss: 0.3133  Has0_acc_2: 0.8656  Has0_F1_score: 0.8701  Non0_acc_2: 0.9471  Non0_F1_score: 0.9470  Mult_acc_5: 0.7400  Mult_acc_7: 0.7140  MAE: 0.3130  Corr: 0.9215  clm loss: 3.2711 total loss: 4.982 bn loss: 0.317 av loss: 0.7856 text loss: 0.295
2026-01-17 02:04:03,431 - MMSA [INFO] - VAL-(msalm) >>  Has0_acc_2: 0.8076  Has0_F1_score: 0.8153  Non0_acc_2: 0.8512  Non0_F1_score: 0.8522  Mult_acc_5: 0.5778  Mult_acc_7: 0.5623  MAE: 0.5044  Corr: 0.7746  Loss: 0.5045 
2026-01-17 02:08:40,919 - MMSA [INFO] - TRAIN-(msalm) [10/16/4] >> loss: 0.3016  Has0_acc_2: 0.8711  Has0_F1_score: 0.8754  Non0_acc_2: 0.9503  Non0_F1_score: 0.9504  Mult_acc_5: 0.7564  Mult_acc_7: 0.7304  MAE: 0.3011  Corr: 0.9282  clm loss: 3.2618 total loss: 4.9452 bn loss: 0.3096 av loss: 0.7867 text loss: 0.2854
2026-01-17 02:08:50,122 - MMSA [INFO] - VAL-(msalm) >>  Has0_acc_2: 0.8258  Has0_F1_score: 0.8298  Non0_acc_2: 0.8526  Non0_F1_score: 0.8516  Mult_acc_5: 0.5724  Mult_acc_7: 0.5553  MAE: 0.5062  Corr: 0.7743  Loss: 0.5077 
2026-01-17 02:09:11,793 - MMSA [INFO] - TEST-(msalm) >>  Has0_acc_2: 0.8236  Has0_F1_score: 0.8285  Non0_acc_2: 0.8654  Non0_F1_score: 0.8653  Mult_acc_5: 0.5729  Mult_acc_7: 0.5529  MAE: 0.5086  Corr: 0.7993  Loss: 0.5086 
2026-01-17 02:09:14,088 - MMSA [INFO] - Result for seed 1993: {'Has0_acc_2': 0.8236, 'Has0_F1_score': 0.8285, 'Non0_acc_2': 0.8654, 'Non0_F1_score': 0.8653, 'Mult_acc_5': 0.5729, 'Mult_acc_7': 0.5529, 'MAE': 0.5086, 'Corr': 0.7993, 'Loss': 0.5086, 'seed': 1993}
2026-01-17 02:09:14,089 - MMSA [INFO] - ------------------------------ Running with seed 1994 [5/5] ------------------------------
2026-01-17 02:20:46,528 - MMSA [INFO] - The model has 914780556 trainable parameters
2026-01-17 02:25:23,582 - MMSA [INFO] - TRAIN-(msalm) [1/1/5] >> loss: 0.8128  Has0_acc_2: 0.6178  Has0_F1_score: 0.6352  Non0_acc_2: 0.6405  Non0_F1_score: 0.6463  Mult_acc_5: 0.4083  Mult_acc_7: 0.4068  MAE: 0.8131  Corr: 0.3661  clm loss: 4.2401 total loss: 7.6184 bn loss: 0.8626 av loss: 0.8367 text loss: 0.8661
2026-01-17 02:25:32,492 - MMSA [INFO] - VAL-(msalm) >>  Has0_acc_2: 0.7584  Has0_F1_score: 0.7689  Non0_acc_2: 0.8018  Non0_F1_score: 0.8032  Mult_acc_5: 0.4714  Mult_acc_7: 0.4586  MAE: 0.6376  Corr: 0.6230  Loss: 0.6369 
2026-01-17 02:30:14,582 - MMSA [INFO] - TRAIN-(msalm) [1/2/5] >> loss: 0.6041  Has0_acc_2: 0.7736  Has0_F1_score: 0.7818  Non0_acc_2: 0.8192  Non0_F1_score: 0.8202  Mult_acc_5: 0.5124  Mult_acc_7: 0.4985  MAE: 0.6042  Corr: 0.7030  clm loss: 3.7692 total loss: 6.4922 bn loss: 0.63 av loss: 0.804 text loss: 0.6849
2026-01-17 02:30:23,527 - MMSA [INFO] - VAL-(msalm) >>  Has0_acc_2: 0.8006  Has0_F1_score: 0.8094  Non0_acc_2: 0.8512  Non0_F1_score: 0.8526  Mult_acc_5: 0.5601  Mult_acc_7: 0.5473  MAE: 0.5245  Corr: 0.7442  Loss: 0.5227 
2026-01-17 02:35:06,549 - MMSA [INFO] - TRAIN-(msalm) [1/3/5] >> loss: 0.5361  Has0_acc_2: 0.8147  Has0_F1_score: 0.8199  Non0_acc_2: 0.8584  Non0_F1_score: 0.8582  Mult_acc_5: 0.5557  Mult_acc_7: 0.5362  MAE: 0.5352  Corr: 0.7731  clm loss: 3.6156 total loss: 6.0769 bn loss: 0.5358 av loss: 0.7993 text loss: 0.5902
2026-01-17 02:35:15,781 - MMSA [INFO] - VAL-(msalm) >>  Has0_acc_2: 0.8429  Has0_F1_score: 0.8465  Non0_acc_2: 0.8720  Non0_F1_score: 0.8714  Mult_acc_5: 0.5788  Mult_acc_7: 0.5644  MAE: 0.5000  Corr: 0.7692  Loss: 0.5001 
2026-01-17 02:39:58,557 - MMSA [INFO] - TRAIN-(msalm) [1/4/5] >> loss: 0.5002  Has0_acc_2: 0.8261  Has0_F1_score: 0.8309  Non0_acc_2: 0.8735  Non0_F1_score: 0.8732  Mult_acc_5: 0.5918  Mult_acc_7: 0.5694  MAE: 0.4999  Corr: 0.8020  clm loss: 3.5442 total loss: 5.8872 bn loss: 0.5016 av loss: 0.7958 text loss: 0.5454
2026-01-17 02:40:08,028 - MMSA [INFO] - VAL-(msalm) >>  Has0_acc_2: 0.8381  Has0_F1_score: 0.8418  Non0_acc_2: 0.8665  Non0_F1_score: 0.8657  Mult_acc_5: 0.5724  Mult_acc_7: 0.5585  MAE: 0.4904  Corr: 0.7750  Loss: 0.4893 
2026-01-17 02:44:50,402 - MMSA [INFO] - TRAIN-(msalm) [1/5/5] >> loss: 0.4701  Has0_acc_2: 0.8320  Has0_F1_score: 0.8371  Non0_acc_2: 0.8869  Non0_F1_score: 0.8868  Mult_acc_5: 0.6098  Mult_acc_7: 0.5859  MAE: 0.4704  Corr: 0.8251  clm loss: 3.4836 total loss: 5.7177 bn loss: 0.472 av loss: 0.7931 text loss: 0.4989
2026-01-17 02:44:59,345 - MMSA [INFO] - VAL-(msalm) >>  Has0_acc_2: 0.8466  Has0_F1_score: 0.8502  Non0_acc_2: 0.8762  Non0_F1_score: 0.8756  Mult_acc_5: 0.5810  Mult_acc_7: 0.5649  MAE: 0.4930  Corr: 0.7750  Loss: 0.4935 
2026-01-17 02:49:37,050 - MMSA [INFO] - TRAIN-(msalm) [2/6/5] >> loss: 0.4455  Has0_acc_2: 0.8420  Has0_F1_score: 0.8463  Non0_acc_2: 0.8956  Non0_F1_score: 0.8953  Mult_acc_5: 0.6286  Mult_acc_7: 0.6055  MAE: 0.4452  Corr: 0.8419  clm loss: 3.4443 total loss: 5.6002 bn loss: 0.4521 av loss: 0.7916 text loss: 0.4668
2026-01-17 02:49:46,073 - MMSA [INFO] - VAL-(msalm) >>  Has0_acc_2: 0.8247  Has0_F1_score: 0.8307  Non0_acc_2: 0.8630  Non0_F1_score: 0.8634  Mult_acc_5: 0.5740  Mult_acc_7: 0.5596  MAE: 0.4939  Corr: 0.7769  Loss: 0.4943 
2026-01-17 02:54:23,317 - MMSA [INFO] - TRAIN-(msalm) [3/7/5] >> loss: 0.4237  Has0_acc_2: 0.8418  Has0_F1_score: 0.8467  Non0_acc_2: 0.9027  Non0_F1_score: 0.9027  Mult_acc_5: 0.6537  Mult_acc_7: 0.6292  MAE: 0.4235  Corr: 0.8579  clm loss: 3.4131 total loss: 5.4942 bn loss: 0.4296 av loss: 0.7911 text loss: 0.4368
2026-01-17 02:54:32,875 - MMSA [INFO] - VAL-(msalm) >>  Has0_acc_2: 0.8407  Has0_F1_score: 0.8442  Non0_acc_2: 0.8693  Non0_F1_score: 0.8684  Mult_acc_5: 0.5719  Mult_acc_7: 0.5569  MAE: 0.5014  Corr: 0.7754  Loss: 0.5004 
2026-01-17 02:59:10,336 - MMSA [INFO] - TRAIN-(msalm) [4/8/5] >> loss: 0.3993  Has0_acc_2: 0.8543  Has0_F1_score: 0.8583  Non0_acc_2: 0.9122  Non0_F1_score: 0.9119  Mult_acc_5: 0.6680  Mult_acc_7: 0.6441  MAE: 0.3990  Corr: 0.8738  clm loss: 3.3743 total loss: 5.3722 bn loss: 0.4031 av loss: 0.7899 text loss: 0.4056
2026-01-17 02:59:19,330 - MMSA [INFO] - VAL-(msalm) >>  Has0_acc_2: 0.8509  Has0_F1_score: 0.8508  Non0_acc_2: 0.8623  Non0_F1_score: 0.8591  Mult_acc_5: 0.5762  Mult_acc_7: 0.5596  MAE: 0.5160  Corr: 0.7721  Loss: 0.5163 
2026-01-17 03:03:56,819 - MMSA [INFO] - TRAIN-(msalm) [5/9/5] >> loss: 0.3813  Has0_acc_2: 0.8569  Has0_F1_score: 0.8612  Non0_acc_2: 0.9208  Non0_F1_score: 0.9207  Mult_acc_5: 0.6891  Mult_acc_7: 0.6629  MAE: 0.3814  Corr: 0.8843  clm loss: 3.3633 total loss: 5.313 bn loss: 0.3913 av loss: 0.7895 text loss: 0.3877
2026-01-17 03:04:05,852 - MMSA [INFO] - VAL-(msalm) >>  Has0_acc_2: 0.8295  Has0_F1_score: 0.8345  Non0_acc_2: 0.8665  Non0_F1_score: 0.8661  Mult_acc_5: 0.5703  Mult_acc_7: 0.5521  MAE: 0.5087  Corr: 0.7706  Loss: 0.5084 
2026-01-17 03:08:43,476 - MMSA [INFO] - TRAIN-(msalm) [6/10/5] >> loss: 0.3637  Has0_acc_2: 0.8605  Has0_F1_score: 0.8647  Non0_acc_2: 0.9271  Non0_F1_score: 0.9270  Mult_acc_5: 0.7012  Mult_acc_7: 0.6773  MAE: 0.3634  Corr: 0.8951  clm loss: 3.3417 total loss: 5.2368 bn loss: 0.3753 av loss: 0.7879 text loss: 0.3682
2026-01-17 03:08:52,448 - MMSA [INFO] - VAL-(msalm) >>  Has0_acc_2: 0.7777  Has0_F1_score: 0.7889  Non0_acc_2: 0.8401  Non0_F1_score: 0.8425  Mult_acc_5: 0.5735  Mult_acc_7: 0.5591  MAE: 0.5074  Corr: 0.7751  Loss: 0.5071 
2026-01-17 03:13:29,880 - MMSA [INFO] - TRAIN-(msalm) [7/11/5] >> loss: 0.3434  Has0_acc_2: 0.8629  Has0_F1_score: 0.8673  Non0_acc_2: 0.9363  Non0_F1_score: 0.9363  Mult_acc_5: 0.7186  Mult_acc_7: 0.6957  MAE: 0.3433  Corr: 0.9054  clm loss: 3.3119 total loss: 5.1496 bn loss: 0.3584 av loss: 0.7874 text loss: 0.3486
2026-01-17 03:13:38,929 - MMSA [INFO] - VAL-(msalm) >>  Has0_acc_2: 0.8284  Has0_F1_score: 0.8331  Non0_acc_2: 0.8616  Non0_F1_score: 0.8611  Mult_acc_5: 0.5756  Mult_acc_7: 0.5591  MAE: 0.5038  Corr: 0.7718  Loss: 0.5044 
2026-01-17 03:18:16,206 - MMSA [INFO] - TRAIN-(msalm) [8/12/5] >> loss: 0.3298  Has0_acc_2: 0.8662  Has0_F1_score: 0.8706  Non0_acc_2: 0.9426  Non0_F1_score: 0.9426  Mult_acc_5: 0.7296  Mult_acc_7: 0.7054  MAE: 0.3297  Corr: 0.9116  clm loss: 3.3036 total loss: 5.0964 bn loss: 0.3444 av loss: 0.7876 text loss: 0.3311
2026-01-17 03:18:25,133 - MMSA [INFO] - VAL-(msalm) >>  Has0_acc_2: 0.7958  Has0_F1_score: 0.8055  Non0_acc_2: 0.8484  Non0_F1_score: 0.8504  Mult_acc_5: 0.5649  Mult_acc_7: 0.5500  MAE: 0.5091  Corr: 0.7709  Loss: 0.5097 
2026-01-17 03:23:02,660 - MMSA [INFO] - TRAIN-(msalm) [9/13/5] >> loss: 0.3226  Has0_acc_2: 0.8652  Has0_F1_score: 0.8696  Non0_acc_2: 0.9422  Non0_F1_score: 0.9422  Mult_acc_5: 0.7387  Mult_acc_7: 0.7122  MAE: 0.3223  Corr: 0.9188  clm loss: 3.2925 total loss: 5.0521 bn loss: 0.3326 av loss: 0.7871 text loss: 0.3173
2026-01-17 03:23:11,580 - MMSA [INFO] - VAL-(msalm) >>  Has0_acc_2: 0.8108  Has0_F1_score: 0.8186  Non0_acc_2: 0.8540  Non0_F1_score: 0.8552  Mult_acc_5: 0.5697  Mult_acc_7: 0.5553  MAE: 0.5032  Corr: 0.7708  Loss: 0.5039 
2026-01-17 03:27:49,044 - MMSA [INFO] - TRAIN-(msalm) [10/14/5] >> loss: 0.3135  Has0_acc_2: 0.8711  Has0_F1_score: 0.8753  Non0_acc_2: 0.9498  Non0_F1_score: 0.9498  Mult_acc_5: 0.7456  Mult_acc_7: 0.7204  MAE: 0.3135  Corr: 0.9228  clm loss: 3.2743 total loss: 5.0007 bn loss: 0.3218 av loss: 0.7864 text loss: 0.3047
2026-01-17 03:27:58,484 - MMSA [INFO] - VAL-(msalm) >>  Has0_acc_2: 0.8124  Has0_F1_score: 0.8194  Non0_acc_2: 0.8547  Non0_F1_score: 0.8553  Mult_acc_5: 0.5756  Mult_acc_7: 0.5596  MAE: 0.5020  Corr: 0.7708  Loss: 0.5041 
2026-01-17 03:28:20,034 - MMSA [INFO] - TEST-(msalm) >>  Has0_acc_2: 0.8358  Has0_F1_score: 0.8398  Non0_acc_2: 0.8726  Non0_F1_score: 0.8723  Mult_acc_5: 0.5733  Mult_acc_7: 0.5548  MAE: 0.5042  Corr: 0.7998  Loss: 0.5048 
2026-01-17 03:28:22,334 - MMSA [INFO] - Result for seed 1994: {'Has0_acc_2': 0.8358, 'Has0_F1_score': 0.8398, 'Non0_acc_2': 0.8726, 'Non0_F1_score': 0.8723, 'Mult_acc_5': 0.5733, 'Mult_acc_7': 0.5548, 'MAE': 0.5042, 'Corr': 0.7998, 'Loss': 0.5048, 'seed': 1994}
2026-01-17 03:28:22,402 - MMSA [INFO] - Results saved to MMSA/results/mosei/nf12_k3_0001/thesis-mosei-nf12-k3-01/normal/mosei_avg.csv.
